====== LEDE v17.01.0 Changelog ======

This changelog lists all commits done in LEDE since the creation of the LEDE project, grouped by subsystem.
The changes are chronologically ordered from top to bottom and cover the Git repository history until the tagging of the final 17.01.0 release. 

For a list of changes since the 17.01.0-rc2 release, please refer to the [[releases:17.01:changelog-17.01.0-final|v17.01.0-final changelog]].

==== Build System / Buildroot (309 changes) ====
''[[https://git.lede-project.org/?p=source.git;a=commitdiff;h=343c3be45451e4a11f03109bd6cb1dd9061ec5eb|343c3be]]'' **<nowiki>scripts/getver.sh:</nowiki>** <nowiki>generate revision relative to the reboot tag</nowiki> //<color #ccc>(</color><color #282>+2</color><color #ccc>,</color><color #f00>-10</color><color #ccc>)</color>//\\
''[[https://git.lede-project.org/?p=source.git;a=commitdiff;h=fa69553900516944fc43cf7b377105ea1f6d3db0|fa69553]]'' **<nowiki>branding:</nowiki>** <nowiki>add LEDE branding</nowiki> //<color #ccc>(</color><color #282>+76</color><color #ccc>,</color><color #f00>-85</color><color #ccc>)</color>//\\
''[[https://git.lede-project.org/?p=source.git;a=commitdiff;h=694f060550a90de0903830f210f0388f4171a774|694f060]]'' **<nowiki>download:</nowiki>** <nowiki>add @GITHUB download facility</nowiki> //<color #ccc>(</color><color #282>+2</color><color #ccc>)</color>//\\
''[[https://git.lede-project.org/?p=source.git;a=commitdiff;h=7322cca9fab00163778d5e44615ed05f01097851|7322cca]]'' **<nowiki>scripts:</nowiki>** <nowiki>metadata: add CONFIG_TARGET_SUBTARGET symbol</nowiki> //<color #ccc>(</color><color #282>+12</color><color #ccc>)</color>//\\
''[[https://git.lede-project.org/?p=source.git;a=commitdiff;h=54fbe8afdd28d0619d8ccede9fcf183d745584a4|54fbe8a]]'' **<nowiki>rules.mk:</nowiki>** <nowiki>introduce new variable OUTPUT_DIR</nowiki> //<color #ccc>(</color><color #282>+4</color><color #ccc>,</color><color #f00>-1</color><color #ccc>)</color>//\\
''[[https://git.lede-project.org/?p=source.git;a=commitdiff;h=c47abdea2537894021c7c2c73ab6c1394a2d9d6a|c47abde]]'' **<nowiki>include/target.mk:</nowiki>** <nowiki>default to CPU_TYPE for the package architecture</nowiki> //<color #ccc>(</color><color #282>+2</color><color #ccc>,</color><color #f00>-1</color><color #ccc>)</color>//\\
''[[https://git.lede-project.org/?p=source.git;a=commitdiff;h=aad2b92603d5d317a4acac446ca2ed1e97ae7b02|aad2b92]]'' **<nowiki>include/package-dumpinfo.mk:</nowiki>** <nowiki>introduce Repository values</nowiki> //<color #ccc>(</color><color #282>+2</color><color #ccc>,</color><color #f00>-1</color><color #ccc>)</color>//\\
''[[https://git.lede-project.org/?p=source.git;a=commitdiff;h=9a04a806772919c2ab2b599e134eae0d60e6e0a6|9a04a80]]'' **<nowiki>scripts:</nowiki>** <nowiki>metadata: use the new "Repository" field</nowiki> //<color #ccc>(</color><color #282>+3</color><color #ccc>,</color><color #f00>-2</color><color #ccc>)</color>//\\
''[[https://git.lede-project.org/?p=source.git;a=commitdiff;h=be575fdc9d7c1c62937877f8564638eb7f4f5166|be575fd]]'' **<nowiki>include:</nowiki>** <nowiki>remove now unused PACKAGE_SUBDIR variable</nowiki> //<color #ccc>(</color><color #f00>-3</color><color #ccc>)</color>//\\
''[[https://git.lede-project.org/?p=source.git;a=commitdiff;h=bf4bfd8ccc7c05cb20acee87c4d947e09ec3553b|bf4bfd8]]'' **<nowiki>scripts:</nowiki>** <nowiki>remove "Package-Subdir" metadata handling</nowiki> //<color #ccc>(</color><color #f00>-1</color><color #ccc>)</color>//\\
''[[https://git.lede-project.org/?p=source.git;a=commitdiff;h=941fc5e8c8fd48c31c97c9194d1bed786145f978|941fc5e]]'' **<nowiki>global:</nowiki>** <nowiki>introduce ALL_NONSHARED symbol</nowiki> //<color #ccc>(</color><color #282>+12</color><color #ccc>,</color><color #f00>-3</color><color #ccc>)</color>//\\
''[[https://git.lede-project.org/?p=source.git;a=commitdiff;h=5170393f8cae3c5acac61bd6ac6e127f9727cee4|5170393]]'' **<nowiki>include:</nowiki>** <nowiki>choose package output directory based on repository info</nowiki> //<color #ccc>(</color><color #282>+25</color><color #ccc>,</color><color #f00>-19</color><color #ccc>)</color>//\\
''[[https://git.lede-project.org/?p=source.git;a=commitdiff;h=32a0b8c1045481cd442c82b8b5cbb330f613c7a7|32a0b8c]]'' **<nowiki>include/version.mk:</nowiki>** <nowiki>rework repository url handling</nowiki> //<color #ccc>(</color><color #282>+8</color><color #ccc>,</color><color #f00>-7</color><color #ccc>)</color>//\\
''[[https://git.lede-project.org/?p=source.git;a=commitdiff;h=d87c303b588e89b8c2efcc678d34484bed653e88|d87c303]]'' **<nowiki>include/kernel.mk:</nowiki>** <nowiki>flag kmod packages as nonshared by default</nowiki> //<color #ccc>(</color><color #282>+1</color><color #ccc>)</color>//\\
''[[https://git.lede-project.org/?p=source.git;a=commitdiff;h=349e7b635ea819ad34a571bc0adcce9b205df4e9|349e7b6]]'' **<nowiki>include:</nowiki>** <nowiki>fix nonshared flag handling</nowiki> //<color #ccc>(</color><color #282>+3</color><color #ccc>,</color><color #f00>-2</color><color #ccc>)</color>//\\
''[[https://git.lede-project.org/?p=source.git;a=commitdiff;h=02def718880cc3db377d35c50c50b385056f65e5|02def71]]'' **<nowiki>include/target.mk:</nowiki>** <nowiki>disambiguate package architecture</nowiki> //<color #ccc>(</color><color #282>+1</color><color #ccc>,</color><color #f00>-1</color><color #ccc>)</color>//\\
''[[https://git.lede-project.org/?p=source.git;a=commitdiff;h=1191eeff8ec86850a5a952987816823359f37793|1191eef]]'' **<nowiki>include:</nowiki>** <nowiki>bin/ dir was not created</nowiki> //<color #ccc>(</color><color #282>+2</color><color #ccc>,</color><color #f00>-2</color><color #ccc>)</color>//\\
''[[https://git.lede-project.org/?p=source.git;a=commitdiff;h=d9ad55a6091eb5de77095f6217578396fc7a938b|d9ad55a]]'' **<nowiki>include:</nowiki>** <nowiki>remove unused FeedPackageDir macro arguments</nowiki> //<color #ccc>(</color><color #282>+1</color><color #ccc>,</color><color #f00>-3</color><color #ccc>)</color>//\\
''[[https://git.lede-project.org/?p=source.git;a=commitdiff;h=d9a0a8c78f9ac42f7976aeb4152094213a4d8381|d9a0a8c]]'' **<nowiki>scripts:</nowiki>** <nowiki>avoid hard-coded paths in scripts</nowiki> //<color #ccc>(</color><color #282>+7</color><color #ccc>,</color><color #f00>-7</color><color #ccc>)</color>//\\
''[[https://git.lede-project.org/?p=source.git;a=commitdiff;h=f5c4d963ffa97f99b5b49fc2f401ac04a562adea|f5c4d96]]'' **<nowiki>include:</nowiki>** <nowiki>add lede git server url</nowiki> //<color #ccc>(</color><color #282>+1</color><color #ccc>)</color>//\\
''[[https://git.lede-project.org/?p=source.git;a=commitdiff;h=797fb8a302831a3d310e451bde4c8a262cddf00e|797fb8a]]'' **<nowiki>scripts:</nowiki>** <nowiki>add "r" to revision</nowiki> //<color #ccc>(</color><color #282>+2</color><color #ccc>,</color><color #f00>-1</color><color #ccc>)</color>//\\
''[[https://git.lede-project.org/?p=source.git;a=commitdiff;h=852aaf6b2c836daf39d00e059ec1279aac08f7e9|852aaf6]]'' **<nowiki>build:</nowiki>** <nowiki>add support for specifying extra package dependencies for prepared, co...</nowiki> //<color #ccc>(</color><color #282>+3</color><color #ccc>,</color><color #f00>-3</color><color #ccc>)</color>//\\
''[[https://git.lede-project.org/?p=source.git;a=commitdiff;h=4a3348ef09d7c882ae3c99f7384689a57c2c6074|4a3348e]]'' **<nowiki>metadata.pl:</nowiki>** <nowiki>add support for selecting packages available only via PROVIDES</nowiki> //<color #ccc>(</color><color #282>+30</color><color #ccc>,</color><color #f00>-20</color><color #ccc>)</color>//\\
''[[https://git.lede-project.org/?p=source.git;a=commitdiff;h=cbdfae5c04e90c05dcb247ea5e3d3c49670f3a84|cbdfae5]]'' **<nowiki>ubox:</nowiki>** <nowiki>turn logd into a separate package</nowiki> //<color #ccc>(</color><color #282>+18</color><color #ccc>,</color><color #f00>-4</color><color #ccc>)</color>//\\
''[[https://git.lede-project.org/?p=source.git;a=commitdiff;h=30d955a7a5570114d830c714e562be5427d76937|30d955a]]'' **<nowiki>build:</nowiki>** <nowiki>fix make clean, delete package directories for selected arch</nowiki> //<color #ccc>(</color><color #282>+1</color><color #ccc>,</color><color #f00>-1</color><color #ccc>)</color>//\\
''[[https://git.lede-project.org/?p=source.git;a=commitdiff;h=bcf67b69744d014c72201fa997268b6530ad8039|bcf67b6]]'' **<nowiki>image.mk:</nowiki>** <nowiki>prepare for defining device profile data in the Device section</nowiki> //<color #ccc>(</color><color #282>+24</color><color #ccc>,</color><color #f00>-1</color><color #ccc>)</color>//\\
''[[https://git.lede-project.org/?p=source.git;a=commitdiff;h=60fc6610bef5843e212e759423a49d80b6af40d3|60fc661]]'' **<nowiki>image.mk:</nowiki>** <nowiki>add support for limiting images to specific subtargets</nowiki> //<color #ccc>(</color><color #282>+6</color><color #ccc>,</color><color #f00>-2</color><color #ccc>)</color>//\\
''[[https://git.lede-project.org/?p=source.git;a=commitdiff;h=6ddca3a3615501264db83098f01834cfb4b1aefd|6ddca3a]]'' **<nowiki>target.mk:</nowiki>** <nowiki>remove the unused Target-Path field</nowiki> //<color #ccc>(</color><color #f00>-2</color><color #ccc>)</color>//\\
''[[https://git.lede-project.org/?p=source.git;a=commitdiff;h=87550a0e8784805ade2058c3f320add972062941|87550a0]]'' **<nowiki>target.mk:</nowiki>** <nowiki>dump device profiles defined in include/image.mk</nowiki> //<color #ccc>(</color><color #282>+6</color><color #ccc>)</color>//\\
''[[https://git.lede-project.org/?p=source.git;a=commitdiff;h=1189af85fd35f46fa5239b5de6113d3665b9d9cf|1189af8]]'' **<nowiki>metadata.pl:</nowiki>** <nowiki>add support for forcing sorting of profiles</nowiki> //<color #ccc>(</color><color #282>+12</color><color #ccc>,</color><color #f00>-1</color><color #ccc>)</color>//\\
''[[https://git.lede-project.org/?p=source.git;a=commitdiff;h=471ca4197c73ce8720339492c29f6c8b230a6371|471ca41]]'' **<nowiki>toplevel.mk:</nowiki>** <nowiki>rescan target metadata if the image makefile changes</nowiki> //<color #ccc>(</color><color #282>+1</color><color #ccc>,</color><color #f00>-1</color><color #ccc>)</color>//\\
''[[https://git.lede-project.org/?p=source.git;a=commitdiff;h=91799d5198da67d03d3df4da4f384ace9f6e5bcc|91799d5]]'' **<nowiki>metadata.pl:</nowiki>** <nowiki>fix target profile sorting check</nowiki> //<color #ccc>(</color><color #282>+3</color><color #ccc>,</color><color #f00>-3</color><color #ccc>)</color>//\\
''[[https://git.lede-project.org/?p=source.git;a=commitdiff;h=b0cf769008bc38f386c977f38f80de0fef098355|b0cf769]]'' **<nowiki>image.mk:</nowiki>** <nowiki>include per-device profiles in image build profile check</nowiki> //<color #ccc>(</color><color #282>+2</color><color #ccc>,</color><color #f00>-2</color><color #ccc>)</color>//\\
''[[https://git.lede-project.org/?p=source.git;a=commitdiff;h=4a31037a34167a41705de319cdf989a63519debb|4a31037]]'' **<nowiki>build:</nowiki>** <nowiki>avoid including profiles/*.mk</nowiki> //<color #ccc>(</color><color #282>+15</color><color #ccc>,</color><color #f00>-6</color><color #ccc>)</color>//\\
''[[https://git.lede-project.org/?p=source.git;a=commitdiff;h=42d2eb76285f396c914ee6f17474a1e7788cfb36|42d2eb7]]'' **<nowiki>build:</nowiki>** <nowiki>remove leftover dependenices on TARGET_rdc</nowiki> //<color #ccc>(</color><color #282>+2</color><color #ccc>,</color><color #f00>-2</color><color #ccc>)</color>//\\
''[[https://git.lede-project.org/?p=source.git;a=commitdiff;h=111285e742d075956a149dce5a817fad3de2c850|111285e]]'' **<nowiki>download.pl:</nowiki>** <nowiki>use http://sources.lede-project.org as download mirror</nowiki> //<color #ccc>(</color><color #282>+1</color><color #ccc>)</color>//\\
''[[https://git.lede-project.org/?p=source.git;a=commitdiff;h=0d10ada19c1a1bff98e2e9cc79ea1dca0fdcbe1c|0d10ada]]'' **<nowiki>scripts/metadata.pl:</nowiki>** <nowiki>add support for generating profile make code for the ima...</nowiki> //<color #ccc>(</color><color #282>+22</color><color #ccc>,</color><color #f00>-6</color><color #ccc>)</color>//\\
''[[https://git.lede-project.org/?p=source.git;a=commitdiff;h=e8bc0834e7d85cda7303b4c845ac2014e6cf8a8b|e8bc083]]'' **<nowiki>scripts/ipkg-build:</nowiki>** <nowiki>fix deprecated GZIP environment variable warning</nowiki> //<color #ccc>(</color><color #282>+4</color><color #ccc>,</color><color #f00>-4</color><color #ccc>)</color>//\\
''[[https://git.lede-project.org/?p=source.git;a=commitdiff;h=4d29474e26c8dd4120e65d874acce6c5008a5ddc|4d29474]]'' **<nowiki>target.mk:</nowiki>** <nowiki>add cflags for mips 1004kc cpu type</nowiki> //<color #ccc>(</color><color #282>+1</color><color #ccc>)</color>//\\
''[[https://git.lede-project.org/?p=source.git;a=commitdiff;h=ace946152dd0806b25bcb3812b33ab5df95966b7|ace9461]]'' **<nowiki>image.mk:</nowiki>** <nowiki>fix emitting profiles for targets that have no subtargets</nowiki> //<color #ccc>(</color><color #282>+3</color><color #ccc>,</color><color #f00>-4</color><color #ccc>)</color>//\\
''[[https://git.lede-project.org/?p=source.git;a=commitdiff;h=f4c4d501e4edc579e74e720b0a9e3f22532b0dab|f4c4d50]]'' **<nowiki>build:</nowiki>** <nowiki>remove profile kernel/build system config override support</nowiki> //<color #ccc>(</color><color #f00>-15</color><color #ccc>)</color>//\\
''[[https://git.lede-project.org/?p=source.git;a=commitdiff;h=470442ea0fb78333c92bea8e62a87a0cfaa6ba8c|470442e]]'' **<nowiki>build:</nowiki>** <nowiki>fix make download in the SDK</nowiki> //<color #ccc>(</color><color #282>+7</color><color #ccc>,</color><color #f00>-4</color><color #ccc>)</color>//\\
''[[https://git.lede-project.org/?p=source.git;a=commitdiff;h=2aa818a0bb9cd3ab097132e963cfa4f11b5babee|2aa818a]]'' **<nowiki>kernel:</nowiki>** <nowiki>add missing symbol</nowiki> //<color #ccc>(</color><color #282>+6</color><color #ccc>)</color>//\\
''[[https://git.lede-project.org/?p=source.git;a=commitdiff;h=7bd10f9a2af8f498b003879b61c46750968a6c2c|7bd10f9]]'' **<nowiki>image.mk:</nowiki>** <nowiki>remove obsolete squashfs-lzma code</nowiki> //<color #ccc>(</color><color #f00>-3</color><color #ccc>)</color>//\\
''[[https://git.lede-project.org/?p=source.git;a=commitdiff;h=c19b7aaac5f861a20be9a7ddcce3832f6ba4a899|c19b7aa]]'' **<nowiki>script/symlink-tree.sh:</nowiki>** <nowiki>Fix missing config dir</nowiki> //<color #ccc>(</color><color #282>+7</color><color #ccc>)</color>//\\
''[[https://git.lede-project.org/?p=source.git;a=commitdiff;h=1ea7dba3778562bc85986b21be77af34956e11a0|1ea7dba]]'' **<nowiki>image.mk:</nowiki>** <nowiki>fix building ubifs images</nowiki> //<color #ccc>(</color><color #282>+1</color><color #ccc>)</color>//\\
''[[https://git.lede-project.org/?p=source.git;a=commitdiff;h=c4ae33b0488a37267e6ae24abb5726ee31fc05bd|c4ae33b]]'' **<nowiki>image.mk:</nowiki>** <nowiki>fix evaluation order for image profile check</nowiki> //<color #ccc>(</color><color #282>+1</color><color #ccc>,</color><color #f00>-1</color><color #ccc>)</color>//\\
''[[https://git.lede-project.org/?p=source.git;a=commitdiff;h=d01487e380c9fe1e19efd2548625467ea4233500|d01487e]]'' **<nowiki>image.mk:</nowiki>** <nowiki>simplify device profile check, prepare for supporting selecting mul...</nowiki> //<color #ccc>(</color><color #282>+8</color><color #ccc>,</color><color #f00>-5</color><color #ccc>)</color>//\\
''[[https://git.lede-project.org/?p=source.git;a=commitdiff;h=80bb5adf98134858f6c837f4943c0838dd2cf52b|80bb5ad]]'' **<nowiki>build:</nowiki>** <nowiki>allow whitespace characters in VERSION_DIST</nowiki> //<color #ccc>(</color><color #282>+1</color><color #ccc>,</color><color #f00>-1</color><color #ccc>)</color>//\\
''[[https://git.lede-project.org/?p=source.git;a=commitdiff;h=e00770f093f1a9f216bb2fbf5964549c7cc20c43|e00770f]]'' **<nowiki>image.mk:</nowiki>** <nowiki>fix profile selection in the image builder</nowiki> //<color #ccc>(</color><color #282>+5</color><color #ccc>,</color><color #f00>-1</color><color #ccc>)</color>//\\
''[[https://git.lede-project.org/?p=source.git;a=commitdiff;h=ce63c38ef5f2c049d739fbcc8d9b3f12f3bac206|ce63c38]]'' **<nowiki>image.mk:</nowiki>** <nowiki>remove obsolete SUBTARGETS variable</nowiki> //<color #ccc>(</color><color #f00>-1</color><color #ccc>)</color>//\\
''[[https://git.lede-project.org/?p=source.git;a=commitdiff;h=e0b241bb489b82b42338a7469f5b5bd387f4c100|e0b241b]]'' **<nowiki>scripts/download.pl:</nowiki>** <nowiki>Use CDN for kernel downloads</nowiki> //<color #ccc>(</color><color #282>+2</color><color #ccc>,</color><color #f00>-2</color><color #ccc>)</color>//\\
''[[https://git.lede-project.org/?p=source.git;a=commitdiff;h=3193053df7d27bde82fbcc310e4404cc43f39313|3193053]]'' <nowiki>Centralize setting of all version info to include/version.mk</nowiki> //<color #ccc>(</color><color #282>+3</color><color #ccc>,</color><color #f00>-3</color><color #ccc>)</color>//\\
''[[https://git.lede-project.org/?p=source.git;a=commitdiff;h=8372a7f922592c0a63a60c60879d3a44c52c69d9|8372a7f]]'' **<nowiki>download.pl:</nowiki>** <nowiki>Rework URLs</nowiki> //<color #ccc>(</color><color #282>+32</color><color #ccc>,</color><color #f00>-15</color><color #ccc>)</color>//\\
''[[https://git.lede-project.org/?p=source.git;a=commitdiff;h=7eb1a7e9560161a2e0cffcc3298557c5ec6c4099|7eb1a7e]]'' **<nowiki>include/image.mk:</nowiki>** <nowiki>move build step tplink-safeloader to image.mk</nowiki> //<color #ccc>(</color><color #282>+12</color><color #ccc>,</color><color #f00>-12</color><color #ccc>)</color>//\\
''[[https://git.lede-project.org/?p=source.git;a=commitdiff;h=3a085dcbe3917d762a96df35a8bd99322cf09f5f|3a085dc]]'' **<nowiki>download.mk:</nowiki>** <nowiki>use HTTPS for git.lede-project.org</nowiki> //<color #ccc>(</color><color #282>+1</color><color #ccc>,</color><color #f00>-1</color><color #ccc>)</color>//\\
''[[https://git.lede-project.org/?p=source.git;a=commitdiff;h=38d845b40502627e85759b74631aecbd4459575b|38d845b]]'' **<nowiki>include:</nowiki>** <nowiki>rename DIST_SANITIZED to VERSION_DIST_SANITZED</nowiki> //<color #ccc>(</color><color #282>+2</color><color #ccc>,</color><color #f00>-2</color><color #ccc>)</color>//\\
''[[https://git.lede-project.org/?p=source.git;a=commitdiff;h=a7d13178f430027ae9073e0a7d3edc2f344bcea6|a7d1317]]'' **<nowiki>include:</nowiki>** <nowiki>move VERSION_DIST_SANITIZED to version.mk</nowiki> //<color #ccc>(</color><color #282>+3</color><color #ccc>,</color><color #f00>-3</color><color #ccc>)</color>//\\
''[[https://git.lede-project.org/?p=source.git;a=commitdiff;h=9ae952cf8cf2f0d7df95434c8b16d13bc1b47fca|9ae952c]]'' **<nowiki>build:</nowiki>** <nowiki>split scripts/metadata.pl into target-metadata.pl and package-metadata.pl</nowiki> //<color #ccc>(</color><color #282>+348</color><color #ccc>,</color><color #f00>-329</color><color #ccc>)</color>//\\
''[[https://git.lede-project.org/?p=source.git;a=commitdiff;h=f8ebbbc568c166e59f1302e0abb817060313fd9d|f8ebbbc]]'' **<nowiki>build:</nowiki>** <nowiki>implement support for selecting multiple device profiles</nowiki> //<color #ccc>(</color><color #282>+48</color><color #ccc>,</color><color #f00>-1</color><color #ccc>)</color>//\\
''[[https://git.lede-project.org/?p=source.git;a=commitdiff;h=4c33bbf8f40e74e5bbcca084e397d560e5465a95|4c33bbf]]'' **<nowiki>image.mk:</nowiki>** <nowiki>split off all Build/* commands into image-commands.mk</nowiki> //<color #ccc>(</color><color #282>+151</color><color #ccc>,</color><color #f00>-150</color><color #ccc>)</color>//\\
''[[https://git.lede-project.org/?p=source.git;a=commitdiff;h=b50dfd56221695b7a1b5d9a965a5b447d2c597ea|b50dfd5]]'' **<nowiki>image.mk:</nowiki>** <nowiki>add support for specifying a different suffix for the initramfs kernel</nowiki> //<color #ccc>(</color><color #282>+2</color><color #ccc>,</color><color #f00>-1</color><color #ccc>)</color>//\\
''[[https://git.lede-project.org/?p=source.git;a=commitdiff;h=dafda4b7f8852ba85d0235c180eb7790d5a1a531|dafda4b]]'' **<nowiki>image.mk:</nowiki>** <nowiki>change the default of the kernel suffix</nowiki> //<color #ccc>(</color><color #282>+1</color><color #ccc>,</color><color #f00>-1</color><color #ccc>)</color>//\\
''[[https://git.lede-project.org/?p=source.git;a=commitdiff;h=26c771452cd8d13f3b07eac1e674bd7c56398110|26c7714]]'' **<nowiki>image.mk:</nowiki>** <nowiki>add LegacyDevice wrapper to allow legacy image building code to be ...</nowiki> //<color #ccc>(</color><color #282>+58</color><color #ccc>,</color><color #f00>-5</color><color #ccc>)</color>//\\
''[[https://git.lede-project.org/?p=source.git;a=commitdiff;h=f7fb6e49f214e8a38698bab4d33551addbc04439|f7fb6e4]]'' **<nowiki>build:</nowiki>** <nowiki>allow to build LEDE on latest MacOS X</nowiki> //<color #ccc>(</color><color #282>+32</color><color #ccc>)</color>//\\
''[[https://git.lede-project.org/?p=source.git;a=commitdiff;h=7eeb254cc49c4e9f837c980826ec112b9404f341|7eeb254]]'' **<nowiki>treewide:</nowiki>** <nowiki>replace nbd@openwrt.org with nbd@nbd.name</nowiki> //<color #ccc>(</color><color #282>+299</color><color #ccc>,</color><color #f00>-299</color><color #ccc>)</color>//\\
''[[https://git.lede-project.org/?p=source.git;a=commitdiff;h=160913f9debcc0193b2a481f2c63c489058d243d|160913f]]'' **<nowiki>image.mk:</nowiki>** <nowiki>fix filesystem dependency issue</nowiki> //<color #ccc>(</color><color #282>+1</color><color #ccc>,</color><color #f00>-1</color><color #ccc>)</color>//\\
''[[https://git.lede-project.org/?p=source.git;a=commitdiff;h=24a7ccb0562a867e363a10ebdc64e3aaa6f01cd2|24a7ccb]]'' **<nowiki>treewide:</nowiki>** <nowiki>replace jow@openwrt.org with jo@mein.io</nowiki> //<color #ccc>(</color><color #282>+73</color><color #ccc>,</color><color #f00>-73</color><color #ccc>)</color>//\\
''[[https://git.lede-project.org/?p=source.git;a=commitdiff;h=21ad25f5478a6cfe9078930b3e42ff7af938144d|21ad25f]]'' **<nowiki>image.mk:</nowiki>** <nowiki>fix dependencies for legacy make prepare step</nowiki> //<color #ccc>(</color><color #282>+1</color><color #ccc>,</color><color #f00>-1</color><color #ccc>)</color>//\\
''[[https://git.lede-project.org/?p=source.git;a=commitdiff;h=30acacb0afc6255ae68bc4f3ae4365a8ec46f353|30acacb]]'' **<nowiki>config:</nowiki>** <nowiki>add a small_flash feature</nowiki> //<color #ccc>(</color><color #282>+5</color><color #ccc>,</color><color #f00>-1</color><color #ccc>)</color>//\\
''[[https://git.lede-project.org/?p=source.git;a=commitdiff;h=df18b3756fef6a28d9194368d3156f0cd85fae19|df18b37]]'' **<nowiki>scripts:</nowiki>** <nowiki>feeds: fix version detection for Make >= 4.2.1</nowiki> //<color #ccc>(</color><color #282>+4</color><color #ccc>,</color><color #f00>-1</color><color #ccc>)</color>//\\
''[[https://git.lede-project.org/?p=source.git;a=commitdiff;h=6fb212f2933bbbdf2935124205717c9d0ca72b32|6fb212f]]'' **<nowiki>build:</nowiki>** <nowiki>don't add -j for parallel builds with Make 4.2+</nowiki> //<color #ccc>(</color><color #282>+2</color><color #ccc>,</color><color #f00>-2</color><color #ccc>)</color>//\\
''[[https://git.lede-project.org/?p=source.git;a=commitdiff;h=3ee6c17cd14ec1fed0b0491542c499c03fc6d211|3ee6c17]]'' **<nowiki>package-ipkg.mk:</nowiki>** <nowiki>fix Provides for packages with multiple PROVIDES entries</nowiki> //<color #ccc>(</color><color #282>+1</color><color #ccc>,</color><color #f00>-1</color><color #ccc>)</color>//\\
''[[https://git.lede-project.org/?p=source.git;a=commitdiff;h=4b8ba2b4cefd3e7a6be832d646b01be4ae97f075|4b8ba2b]]'' **<nowiki>include/feeds.mk:</nowiki>** <nowiki>allow installation from feed packages that are installed bu...</nowiki> //<color #ccc>(</color><color #282>+1</color><color #ccc>,</color><color #f00>-1</color><color #ccc>)</color>//\\
''[[https://git.lede-project.org/?p=source.git;a=commitdiff;h=71d533eea9624967ed529a97931523f27e07780c|71d533e]]'' **<nowiki>package-ipkg:</nowiki>** <nowiki>do not include feeds.mk at metadata dump time to speed up scanning</nowiki> //<color #ccc>(</color><color #282>+3</color><color #ccc>,</color><color #f00>-1</color><color #ccc>)</color>//\\
''[[https://git.lede-project.org/?p=source.git;a=commitdiff;h=3004275c176efaaafdb706619b591a580e0bc5d0|3004275]]'' **<nowiki>image.mk:</nowiki>** <nowiki>fix make variable/command context leakage between LegacyDevice temp...</nowiki> //<color #ccc>(</color><color #282>+1</color><color #ccc>)</color>//\\
''[[https://git.lede-project.org/?p=source.git;a=commitdiff;h=425e2c1d960da42e74de7575e7b61ce7fa72e23f|425e2c1]]'' **<nowiki>image.mk:</nowiki>** <nowiki>run LegacyDevice prepare once instead of once per filesystem</nowiki> //<color #ccc>(</color><color #282>+1</color><color #ccc>,</color><color #f00>-3</color><color #ccc>)</color>//\\
''[[https://git.lede-project.org/?p=source.git;a=commitdiff;h=8a156ad1290c112cb300494ab452c6e7bd169645|8a156ad]]'' **<nowiki>image.mk:</nowiki>** <nowiki>add a separate step for building kernel images for LegacyDevice sup...</nowiki> //<color #ccc>(</color><color #282>+1</color><color #ccc>)</color>//\\
''[[https://git.lede-project.org/?p=source.git;a=commitdiff;h=b7baaaf782f40bf6a1d017a1f41480b6229a12c9|b7baaaf]]'' **<nowiki>kernel:</nowiki>** <nowiki>Move append-dtb to common image-commands</nowiki> //<color #ccc>(</color><color #282>+12</color><color #ccc>,</color><color #f00>-29</color><color #ccc>)</color>//\\
''[[https://git.lede-project.org/?p=source.git;a=commitdiff;h=f954f4337b85bd8d8ad6a589bc63edf48f777ee6|f954f43]]'' **<nowiki>base-files:</nowiki>** <nowiki>Add standard os-release file</nowiki> //<color #ccc>(</color><color #282>+48</color><color #ccc>,</color><color #f00>-6</color><color #ccc>)</color>//\\
''[[https://git.lede-project.org/?p=source.git;a=commitdiff;h=e6b93303437cd63d5f30787d5140ced73400e587|e6b9330]]'' **<nowiki>build:</nowiki>** <nowiki>Adds the ability to disable personal initramfs build for target device</nowiki> //<color #ccc>(</color><color #282>+1</color><color #ccc>,</color><color #f00>-1</color><color #ccc>)</color>//\\
''[[https://git.lede-project.org/?p=source.git;a=commitdiff;h=e408abd7fb8e2a8842726345f393236c53496933|e408abd]]'' **<nowiki>kernel:</nowiki>** <nowiki>Add option to make using filesystem ACL support the default</nowiki> //<color #ccc>(</color><color #282>+95</color><color #ccc>,</color><color #f00>-1</color><color #ccc>)</color>//\\
''[[https://git.lede-project.org/?p=source.git;a=commitdiff;h=34527688fcece24641b5ca0bb472c5359df371af|3452768]]'' **<nowiki>scripts/feeds:</nowiki>** <nowiki>Prevent .config autocreation</nowiki> //<color #ccc>(</color><color #282>+5</color><color #ccc>)</color>//\\
''[[https://git.lede-project.org/?p=source.git;a=commitdiff;h=b9952797e63496817d60dda394949a91fbdaddd4|b995279]]'' **<nowiki>kernel:</nowiki>** <nowiki>Move POSIX ACL and attr support options into submenu</nowiki> //<color #ccc>(</color><color #282>+75</color><color #ccc>,</color><color #f00>-72</color><color #ccc>)</color>//\\
''[[https://git.lede-project.org/?p=source.git;a=commitdiff;h=17ee6bb8f344dd1db027186de272badb6ba2020b|17ee6bb]]'' **<nowiki>tools:</nowiki>** <nowiki>add kernel2minor utility for Mikrotik devices</nowiki> //<color #ccc>(</color><color #282>+38</color><color #ccc>,</color><color #f00>-2</color><color #ccc>)</color>//\\
''[[https://git.lede-project.org/?p=source.git;a=commitdiff;h=5b728074160bb1db064737baf95945ae2e972549|5b72807]]'' **<nowiki>include/toplevel.mk:</nowiki>** <nowiki>fix defconfig when ~/.openwrt/defconfig exists</nowiki> //<color #ccc>(</color><color #282>+1</color><color #ccc>,</color><color #f00>-1</color><color #ccc>)</color>//\\
''[[https://git.lede-project.org/?p=source.git;a=commitdiff;h=1b13b3523198230825faf097b2abea0345e0cb35|1b13b35]]'' **<nowiki>include/toplevel.mk:</nowiki>** <nowiki>fix defconfig when ~/.openwrt/defconfig exists - take 2</nowiki> //<color #ccc>(</color><color #282>+1</color><color #ccc>,</color><color #f00>-1</color><color #ccc>)</color>//\\
''[[https://git.lede-project.org/?p=source.git;a=commitdiff;h=2f2d1829bee385cfaa1d8a4fe660aa5fe1684099|2f2d182]]'' **<nowiki>target.mk:</nowiki>** <nowiki>fix ARM architecture feature flag detection</nowiki> //<color #ccc>(</color><color #282>+40</color><color #ccc>,</color><color #f00>-39</color><color #ccc>)</color>//\\
''[[https://git.lede-project.org/?p=source.git;a=commitdiff;h=b80dfe4cdeee58551251cbaefe813c16c3a1040c|b80dfe4]]'' **<nowiki>scripts/diffconfig.sh:</nowiki>** <nowiki>fix handing of CONFIG_TARGET_MULTI_PROFILE</nowiki> //<color #ccc>(</color><color #282>+1</color><color #ccc>)</color>//\\
''[[https://git.lede-project.org/?p=source.git;a=commitdiff;h=d8dbd33eba86324742a6c9c7197fe762cae956af|d8dbd33]]'' **<nowiki>scripts/package-metadata.pl:</nowiki>** <nowiki>fix kmod pakage dependencies within the SDK</nowiki> //<color #ccc>(</color><color #282>+4</color><color #ccc>,</color><color #f00>-3</color><color #ccc>)</color>//\\
''[[https://git.lede-project.org/?p=source.git;a=commitdiff;h=575be9d18259560b40039ee0e4bf6d6ce109fca6|575be9d]]'' **<nowiki>scripts/getver.sh:</nowiki>** <nowiki>simplify revision calculation</nowiki> //<color #ccc>(</color><color #282>+1</color><color #ccc>,</color><color #f00>-1</color><color #ccc>)</color>//\\
''[[https://git.lede-project.org/?p=source.git;a=commitdiff;h=1001b5d77c5dd7adc7bb2fcce8778364b88e5ea0|1001b5d]]'' **<nowiki>scripts/getver.sh:</nowiki>** <nowiki>allow conversion between git hash and revision</nowiki> //<color #ccc>(</color><color #282>+18</color><color #ccc>,</color><color #f00>-2</color><color #ccc>)</color>//\\
''[[https://git.lede-project.org/?p=source.git;a=commitdiff;h=15b88df87f28faf4b37c8490c8e3af3fe1e4c0cb|15b88df]]'' **<nowiki>scripts/getver.sh:</nowiki>** <nowiki>improve revision output</nowiki> //<color #ccc>(</color><color #282>+7</color><color #ccc>,</color><color #f00>-2</color><color #ccc>)</color>//\\
''[[https://git.lede-project.org/?p=source.git;a=commitdiff;h=f1765277bacbea47a45ed913ca8fa043e9f71393|f176527]]'' **<nowiki>scripts/getver.sh:</nowiki>** <nowiki>avoid use of git rev-list --count</nowiki> //<color #ccc>(</color><color #282>+3</color><color #ccc>,</color><color #f00>-3</color><color #ccc>)</color>//\\
''[[https://git.lede-project.org/?p=source.git;a=commitdiff;h=c19381dfca92a2eb80d35f294515a777da2cb7be|c19381d]]'' **<nowiki>scripts/getver.sh:</nowiki>** <nowiki>fix revision number on BSD/MacOS</nowiki> //<color #ccc>(</color><color #282>+2</color><color #ccc>,</color><color #f00>-2</color><color #ccc>)</color>//\\
''[[https://git.lede-project.org/?p=source.git;a=commitdiff;h=4eb5aad667bc838b8ebb80c9b970d6bb2f6c013d|4eb5aad]]'' **<nowiki>scripts/getver.sh:</nowiki>** <nowiki>try to get branch/upstream automatically</nowiki> //<color #ccc>(</color><color #282>+14</color><color #ccc>,</color><color #f00>-5</color><color #ccc>)</color>//\\
''[[https://git.lede-project.org/?p=source.git;a=commitdiff;h=6f86d2e2ab25f7fb8e915556d025f007f41cece6|6f86d2e]]'' **<nowiki>scripts/getver.sh:</nowiki>** <nowiki>fix one more wc -l call</nowiki> //<color #ccc>(</color><color #282>+1</color><color #ccc>,</color><color #f00>-1</color><color #ccc>)</color>//\\
''[[https://git.lede-project.org/?p=source.git;a=commitdiff;h=e0ed6ec667c74ae48694808626d3bf00bea12b2b|e0ed6ec]]'' **<nowiki>image:</nowiki>** <nowiki>clean up UBI related device variable definitions</nowiki> //<color #ccc>(</color><color #282>+17</color><color #ccc>,</color><color #f00>-7</color><color #ccc>)</color>//\\
''[[https://git.lede-project.org/?p=source.git;a=commitdiff;h=b8fddb8912dfe1d2405b685680f7bb1a0b10937a|b8fddb8]]'' **<nowiki>image:</nowiki>** <nowiki>allow devices to override the -E 5 ubinize option</nowiki> //<color #ccc>(</color><color #282>+6</color><color #ccc>,</color><color #f00>-3</color><color #ccc>)</color>//\\
''[[https://git.lede-project.org/?p=source.git;a=commitdiff;h=7ed215437c784eb466302a5c01a4ee2fff9eac2d|7ed2154]]'' **<nowiki>scripts/getver.sh:</nowiki>** <nowiki>stop relying on the reboot tag</nowiki> //<color #ccc>(</color><color #282>+4</color><color #ccc>,</color><color #f00>-3</color><color #ccc>)</color>//\\
''[[https://git.lede-project.org/?p=source.git;a=commitdiff;h=8e2764ce9bb6716acb955a0c27d8db291d68650c|8e2764c]]'' **<nowiki>image.mk:</nowiki>** <nowiki>clean up redundant code related to DEVICE_DTS</nowiki> //<color #ccc>(</color><color #282>+10</color><color #ccc>,</color><color #f00>-20</color><color #ccc>)</color>//\\
''[[https://git.lede-project.org/?p=source.git;a=commitdiff;h=11d496d1562084d4cdd5822d5ef8fc8c176233ea|11d496d]]'' **<nowiki>target.mk:</nowiki>** <nowiki>rework arm architecture level detection</nowiki> //<color #ccc>(</color><color #282>+1</color><color #ccc>,</color><color #f00>-7</color><color #ccc>)</color>//\\
''[[https://git.lede-project.org/?p=source.git;a=commitdiff;h=f021ea47d322eec759d2f0ee5c15e289939819fd|f021ea4]]'' **<nowiki>target.mk:</nowiki>** <nowiki>change CPU_CFLAGS to better suit target CPUs</nowiki> //<color #ccc>(</color><color #282>+13</color><color #ccc>,</color><color #f00>-13</color><color #ccc>)</color>//\\
''[[https://git.lede-project.org/?p=source.git;a=commitdiff;h=a4e90e2cac9d0afb41842b8a197b3acee903b9ad|a4e90e2]]'' **<nowiki>toolchain:</nowiki>** <nowiki>get rid of GCC_VERSION_5 config symbol</nowiki> //<color #ccc>(</color><color #282>+2</color><color #ccc>,</color><color #f00>-7</color><color #ccc>)</color>//\\
''[[https://git.lede-project.org/?p=source.git;a=commitdiff;h=7bdc21de7241f779146be2dd7c77bb3a8067a672|7bdc21d]]'' **<nowiki>image.mk:</nowiki>** <nowiki>fix append-dtb race when multiple devices use the same .dts</nowiki> //<color #ccc>(</color><color #282>+2</color><color #ccc>,</color><color #f00>-2</color><color #ccc>)</color>//\\
''[[https://git.lede-project.org/?p=source.git;a=commitdiff;h=efdd3bf5fbab94b3f84e8a285e83ef36e39b3e8b|efdd3bf]]'' **<nowiki>scripts/getver.sh:</nowiki>** <nowiki>fix older git versions from printing stuff to stdout</nowiki> //<color #ccc>(</color><color #282>+2</color><color #ccc>,</color><color #f00>-2</color><color #ccc>)</color>//\\
''[[https://git.lede-project.org/?p=source.git;a=commitdiff;h=efdf7f6499de015f6443d5347b1aa771c189bbd1|efdf7f6]]'' **<nowiki>image.mk:</nowiki>** <nowiki>remove obsolete Build/mkfs overrides</nowiki> //<color #ccc>(</color><color #f00>-2</color><color #ccc>)</color>//\\
''[[https://git.lede-project.org/?p=source.git;a=commitdiff;h=1c1244193a7224e8e6430d3571a0a85c44ff0e61|1c12441]]'' **<nowiki>image.mk:</nowiki>** <nowiki>replace some template abstraction with make pattern rules</nowiki> //<color #ccc>(</color><color #282>+7</color><color #ccc>,</color><color #f00>-14</color><color #ccc>)</color>//\\
''[[https://git.lede-project.org/?p=source.git;a=commitdiff;h=d7b185128d8506d4844931094c9bc2d011ec006f|d7b1851]]'' **<nowiki>build:</nowiki>** <nowiki>make TARGET_ROOTFS_JFFS2 depend on USES_JFFS2</nowiki> //<color #ccc>(</color><color #282>+1</color><color #ccc>,</color><color #f00>-1</color><color #ccc>)</color>//\\
''[[https://git.lede-project.org/?p=source.git;a=commitdiff;h=ebd0b2d0b10a36b35a245c6217f372d0fa886686|ebd0b2d]]'' **<nowiki>build:</nowiki>** <nowiki>split legacy image building code out of image.mk</nowiki> //<color #ccc>(</color><color #282>+40</color><color #ccc>,</color><color #f00>-37</color><color #ccc>)</color>//\\
''[[https://git.lede-project.org/?p=source.git;a=commitdiff;h=4added669214e2b5e38d3c0cd580f870942e1cd9|4added6]]'' **<nowiki>build:</nowiki>** <nowiki>split legacy image mkfs.ubifs command from the one used for the new im...</nowiki> //<color #ccc>(</color><color #282>+54</color><color #ccc>,</color><color #f00>-42</color><color #ccc>)</color>//\\
''[[https://git.lede-project.org/?p=source.git;a=commitdiff;h=9497a23ecbfb6e57d4697d7711bb2a5893208d1e|9497a23]]'' **<nowiki>build:</nowiki>** <nowiki>add support for parameter passing to mkfs from devices</nowiki> //<color #ccc>(</color><color #282>+10</color><color #ccc>,</color><color #f00>-3</color><color #ccc>)</color>//\\
''[[https://git.lede-project.org/?p=source.git;a=commitdiff;h=673004f9bc127a54935ffb4ca05bfb788fba345c|673004f]]'' **<nowiki>config:</nowiki>** <nowiki>remove options for including kernel/dtb in rootfs</nowiki> //<color #ccc>(</color><color #f00>-41</color><color #ccc>)</color>//\\
''[[https://git.lede-project.org/?p=source.git;a=commitdiff;h=9a50a213d225263985eef5a4ab7870ff2c0925cf|9a50a21]]'' **<nowiki>image.mk:</nowiki>** <nowiki>add support for specifying the VID header offset for UBI</nowiki> //<color #ccc>(</color><color #282>+3</color><color #ccc>,</color><color #f00>-1</color><color #ccc>)</color>//\\
''[[https://git.lede-project.org/?p=source.git;a=commitdiff;h=b5b2425cba8b9ec18c4ffa5c03d29a0fc83f530a|b5b2425]]'' **<nowiki>image.mk:</nowiki>** <nowiki>initialize BOARD_NAME and IMAGES, add it to DEVICE_VARS</nowiki> //<color #ccc>(</color><color #282>+4</color><color #ccc>,</color><color #f00>-1</color><color #ccc>)</color>//\\
''[[https://git.lede-project.org/?p=source.git;a=commitdiff;h=ed90d50bc4cbbcf615f880c1799814ccf743de8c|ed90d50]]'' **<nowiki>build:</nowiki>** <nowiki>fix image builder profile override (FS#55)</nowiki> //<color #ccc>(</color><color #282>+1</color><color #ccc>,</color><color #f00>-1</color><color #ccc>)</color>//\\
''[[https://git.lede-project.org/?p=source.git;a=commitdiff;h=8265fdcc4dda2554d4f7774e53020136079639b2|8265fdc]]'' **<nowiki>imagebuilder:</nowiki>** <nowiki>strip DEVICE_ prefix from profiles (FS#55)</nowiki> //<color #ccc>(</color><color #282>+6</color><color #ccc>,</color><color #f00>-4</color><color #ccc>)</color>//\\
''[[https://git.lede-project.org/?p=source.git;a=commitdiff;h=3827ce2c3dc1849033d6de52e58fcbccc7ed74a2|3827ce2]]'' **<nowiki>apm821xx:</nowiki>** <nowiki>add support for the apm821xx device target</nowiki> //<color #ccc>(</color><color #282>+1.2K</color><color #ccc>)</color>//\\
''[[https://git.lede-project.org/?p=source.git;a=commitdiff;h=11fc0cd1b1f80a9452863612f63f42863f02429b|11fc0cd]]'' **<nowiki>image.mk:</nowiki>** <nowiki>create default ubifs before calling legacy image build code</nowiki> //<color #ccc>(</color><color #282>+1</color><color #ccc>,</color><color #f00>-1</color><color #ccc>)</color>//\\
''[[https://git.lede-project.org/?p=source.git;a=commitdiff;h=08257a40530df36528fb2916fe8cf4ecddc526eb|08257a4]]'' **<nowiki>apm821xx:</nowiki>** <nowiki>use lzma compression for the initramfs images</nowiki> //<color #ccc>(</color><color #282>+2</color><color #ccc>,</color><color #f00>-1</color><color #ccc>)</color>//\\
''[[https://git.lede-project.org/?p=source.git;a=commitdiff;h=33c8d35375706457768d32155f10e7df196e9a65|33c8d35]]'' **<nowiki>image:</nowiki>** <nowiki>remove shell calls from legacy ubi/ubifs image code</nowiki> //<color #ccc>(</color><color #282>+5</color><color #ccc>,</color><color #f00>-11</color><color #ccc>)</color>//\\
''[[https://git.lede-project.org/?p=source.git;a=commitdiff;h=9945a1dca5bb6bc522393f7583baf3a64df6ce11|9945a1d]]'' **<nowiki>build:</nowiki>** <nowiki>remove cpio.gz and tar.gz from regular filesystem types</nowiki> //<color #ccc>(</color><color #282>+16</color><color #ccc>,</color><color #f00>-15</color><color #ccc>)</color>//\\
''[[https://git.lede-project.org/?p=source.git;a=commitdiff;h=b47f438d98cd4b731d7f4431448dde973eae4739|b47f438]]'' **<nowiki>build:</nowiki>** <nowiki>remove image prefix from kernel files in KDIR</nowiki> //<color #ccc>(</color><color #282>+7</color><color #ccc>,</color><color #f00>-6</color><color #ccc>)</color>//\\
''[[https://git.lede-project.org/?p=source.git;a=commitdiff;h=973e6e1d71c161f1df336d9eaed019b013a7927f|973e6e1]]'' **<nowiki>build:</nowiki>** <nowiki>move rootfs processing code to include/rootfs.mk so it can be reused l...</nowiki> //<color #ccc>(</color><color #282>+80</color><color #ccc>,</color><color #f00>-74</color><color #ccc>)</color>//\\
''[[https://git.lede-project.org/?p=source.git;a=commitdiff;h=4fed7a60f9eb0dce38c64bed4be8e89279fc4e00|4fed7a6]]'' **<nowiki>image:</nowiki>** <nowiki>make mkfs template output to $@</nowiki> //<color #ccc>(</color><color #282>+18</color><color #ccc>,</color><color #f00>-10</color><color #ccc>)</color>//\\
''[[https://git.lede-project.org/?p=source.git;a=commitdiff;h=c5ca181d12a18ecaff5d89e56a79226bec31f2c0|c5ca181]]'' **<nowiki>image:</nowiki>** <nowiki>add wrapper variable to get the target dir for mkfs commands</nowiki> //<color #ccc>(</color><color #282>+10</color><color #ccc>,</color><color #f00>-8</color><color #ccc>)</color>//\\
''[[https://git.lede-project.org/?p=source.git;a=commitdiff;h=7dffc32ffa11069bb5c5e38e6f891c5052a3d488|7dffc32]]'' **<nowiki>build:</nowiki>** <nowiki>rework prepare_rootfs to pass target dir via parameter</nowiki> //<color #ccc>(</color><color #282>+16</color><color #ccc>,</color><color #f00>-16</color><color #ccc>)</color>//\\
''[[https://git.lede-project.org/?p=source.git;a=commitdiff;h=37e82e4e42155901756a67ad14f3d5c1335f3b0a|37e82e4]]'' **<nowiki>build:</nowiki>** <nowiki>remove obsolete variables from opkg command</nowiki> //<color #ccc>(</color><color #f00>-6</color><color #ccc>)</color>//\\
''[[https://git.lede-project.org/?p=source.git;a=commitdiff;h=5d30bf83039aa1089e70d8c80b6ad03ba92bfc2a|5d30bf8]]'' **<nowiki>build:</nowiki>** <nowiki>rework opkg command invocation</nowiki> //<color #ccc>(</color><color #282>+11</color><color #ccc>,</color><color #f00>-6</color><color #ccc>)</color>//\\
''[[https://git.lede-project.org/?p=source.git;a=commitdiff;h=731b166528658e0b89f6bd0e589f029eb665f7a6|731b166]]'' **<nowiki>build:</nowiki>** <nowiki>add template for getting opkg package files from package names</nowiki> //<color #ccc>(</color><color #282>+4</color><color #ccc>,</color><color #f00>-5</color><color #ccc>)</color>//\\
''[[https://git.lede-project.org/?p=source.git;a=commitdiff;h=c792c7512c8e7cfd4e76155369eb8f437977f3e9|c792c75]]'' **<nowiki>build:</nowiki>** <nowiki>add target_params variable for getting root filesystem image parameters</nowiki> //<color #ccc>(</color><color #282>+2</color><color #ccc>,</color><color #f00>-1</color><color #ccc>)</color>//\\
''[[https://git.lede-project.org/?p=source.git;a=commitdiff;h=653cb2594d34439f292cf973747ee84bb266ca9e|653cb25]]'' **<nowiki>build:</nowiki>** <nowiki>set TMPDIR for opkg calls</nowiki> //<color #ccc>(</color><color #282>+1</color><color #ccc>)</color>//\\
''[[https://git.lede-project.org/?p=source.git;a=commitdiff;h=c0dceae4bbb3aab0c4fcaf229925e8916d286797|c0dceae]]'' **<nowiki>build:</nowiki>** <nowiki>minor cleanup of redundant code</nowiki> //<color #ccc>(</color><color #282>+6</color><color #ccc>,</color><color #f00>-2</color><color #ccc>)</color>//\\
''[[https://git.lede-project.org/?p=source.git;a=commitdiff;h=76341cfc5f71fb3658535bc21b001399a84f8816|76341cf]]'' **<nowiki>build:</nowiki>** <nowiki>add support for per-device rootfs based on device profile packges</nowiki> //<color #ccc>(</color><color #282>+101</color><color #ccc>,</color><color #f00>-13</color><color #ccc>)</color>//\\
''[[https://git.lede-project.org/?p=source.git;a=commitdiff;h=f4ce133ccf3ac4d4f520399feba75aaee08317af|f4ce133]]'' **<nowiki>build:</nowiki>** <nowiki>add option to enable all profiles</nowiki> //<color #ccc>(</color><color #282>+4</color><color #ccc>)</color>//\\
''[[https://git.lede-project.org/?p=source.git;a=commitdiff;h=db49dd894e7485020445043fb4eef58eebece7d8|db49dd8]]'' **<nowiki>build:</nowiki>** <nowiki>rename sysupgrade-nand to sysupgrade-tar</nowiki> //<color #ccc>(</color><color #282>+13</color><color #ccc>,</color><color #f00>-13</color><color #ccc>)</color>//\\
''[[https://git.lede-project.org/?p=source.git;a=commitdiff;h=c5a9a08f1ed6d151039a3fac769ca0a333974446|c5a9a08]]'' **<nowiki>image.mk:</nowiki>** <nowiki>remove leftover variable from a previous rework</nowiki> //<color #ccc>(</color><color #f00>-1</color><color #ccc>)</color>//\\
''[[https://git.lede-project.org/?p=source.git;a=commitdiff;h=eadf5fb7f8313d78fa503665e96457d080e6e3f9|eadf5fb]]'' **<nowiki>cmake:</nowiki>** <nowiki>include/cmake.mk add CMAKE_BINARY_SUBDIR to allow out of source tree b...</nowiki> //<color #ccc>(</color><color #282>+6</color><color #ccc>,</color><color #f00>-3</color><color #ccc>)</color>//\\
''[[https://git.lede-project.org/?p=source.git;a=commitdiff;h=50e7c1f79d0e72c6f6b63611c5b93fc8be2f70cf|50e7c1f]]'' **<nowiki>include/cmake.mk:</nowiki>** <nowiki>fix host builds</nowiki> //<color #ccc>(</color><color #282>+2</color><color #ccc>,</color><color #f00>-1</color><color #ccc>)</color>//\\
''[[https://git.lede-project.org/?p=source.git;a=commitdiff;h=84718d8736b3e8282e7a4db6cb3aee73663a3b40|84718d8]]'' **<nowiki>image:</nowiki>** <nowiki>add support for overriding kernel/rootfs images in sysupgrade-tar temp...</nowiki> //<color #ccc>(</color><color #282>+3</color><color #ccc>,</color><color #f00>-2</color><color #ccc>)</color>//\\
''[[https://git.lede-project.org/?p=source.git;a=commitdiff;h=baeda5d31d3bffe9234776484dee666cf0f265b2|baeda5d]]'' **<nowiki>image.mk:</nowiki>** <nowiki>add CMDLINE to DEVICE_VARS</nowiki> //<color #ccc>(</color><color #282>+1</color><color #ccc>,</color><color #f00>-1</color><color #ccc>)</color>//\\
''[[https://git.lede-project.org/?p=source.git;a=commitdiff;h=63b525dd6b209af5554a2d053efd4b3ce6f60c9c|63b525d]]'' **<nowiki>image:</nowiki>** <nowiki>add a helper variable for getting kernel/rootfs from within image Buil...</nowiki> //<color #ccc>(</color><color #282>+54</color><color #ccc>,</color><color #f00>-51</color><color #ccc>)</color>//\\
''[[https://git.lede-project.org/?p=source.git;a=commitdiff;h=14488469d5aae0406b623426fac14f18e33e5d5c|1448846]]'' **<nowiki>image:</nowiki>** <nowiki>fix build issue with per-device rootfs and legacy devices</nowiki> //<color #ccc>(</color><color #282>+1</color><color #ccc>,</color><color #f00>-1</color><color #ccc>)</color>//\\
''[[https://git.lede-project.org/?p=source.git;a=commitdiff;h=1448501558812742e16b21bc5a297ba9f1003232|1448501]]'' **<nowiki>build:</nowiki>** <nowiki>do not depend on svn any more</nowiki> //<color #ccc>(</color><color #f00>-3</color><color #ccc>)</color>//\\
''[[https://git.lede-project.org/?p=source.git;a=commitdiff;h=94dec60d75af4bfe87d51f6b7b05074bc69e40cd|94dec60]]'' **<nowiki>build:</nowiki>** <nowiki>add template for installing device .dtb files</nowiki> //<color #ccc>(</color><color #282>+8</color><color #ccc>)</color>//\\
''[[https://git.lede-project.org/?p=source.git;a=commitdiff;h=e351f7c695760b50ef9ab8a08907d443dc5ea585|e351f7c]]'' **<nowiki>build:</nowiki>** <nowiki>fix tabs vs whitespace issue</nowiki> //<color #ccc>(</color><color #282>+6</color><color #ccc>,</color><color #f00>-6</color><color #ccc>)</color>//\\
''[[https://git.lede-project.org/?p=source.git;a=commitdiff;h=180465c38f1599f7339a00f80b383620c7c3818d|180465c]]'' **<nowiki>build:</nowiki>** <nowiki>create a package feed directory containing all packages</nowiki> //<color #ccc>(</color><color #282>+11</color><color #ccc>,</color><color #f00>-1</color><color #ccc>)</color>//\\
''[[https://git.lede-project.org/?p=source.git;a=commitdiff;h=905e50d2fb4b3a46a6bb5155727300b1d110c847|905e50d]]'' **<nowiki>image:</nowiki>** <nowiki>use the merged package directory to resolve dependencies for per-devic...</nowiki> //<color #ccc>(</color><color #282>+14</color><color #ccc>,</color><color #f00>-2</color><color #ccc>)</color>//\\
''[[https://git.lede-project.org/?p=source.git;a=commitdiff;h=27854a0a84cd2db9539b662a1f1fc95ef7409962|27854a0]]'' **<nowiki>build:</nowiki>** <nowiki>add checksum target</nowiki> //<color #ccc>(</color><color #282>+17</color><color #ccc>)</color>//\\
''[[https://git.lede-project.org/?p=source.git;a=commitdiff;h=83175687c81bee594885d0738cfd488673f5a3fb|8317568]]'' **<nowiki>build:</nowiki>** <nowiki>remove image specific checksum code</nowiki> //<color #ccc>(</color><color #f00>-8</color><color #ccc>)</color>//\\
''[[https://git.lede-project.org/?p=source.git;a=commitdiff;h=34bffe580675e38010cf2ac23101b63168faa69b|34bffe5]]'' **<nowiki>scripts:</nowiki>** <nowiki>fix remote-gdb with CONFIG_BUILD_SUFFIX</nowiki> //<color #ccc>(</color><color #282>+2</color><color #ccc>,</color><color #f00>-2</color><color #ccc>)</color>//\\
''[[https://git.lede-project.org/?p=source.git;a=commitdiff;h=f2de33b2c94b633194b802570d87502988c22c6e|f2de33b]]'' **<nowiki>build:</nowiki>** <nowiki>move merged package directory from bin/ to staging_dir</nowiki> //<color #ccc>(</color><color #282>+2</color><color #ccc>,</color><color #f00>-2</color><color #ccc>)</color>//\\
''[[https://git.lede-project.org/?p=source.git;a=commitdiff;h=9abbaa9539b7f34422e3233369e4bdc867ced915|9abbaa9]]'' **<nowiki>build:</nowiki>** <nowiki>remove MIPS dsp/dsp2 CPU_SUBTYPE</nowiki> //<color #ccc>(</color><color #f00>-12</color><color #ccc>)</color>//\\
''[[https://git.lede-project.org/?p=source.git;a=commitdiff;h=4df20117943dcc5dab6705e8dad7a6cfbc30dfb0|4df2011]]'' **<nowiki>include/image.mk:</nowiki>** <nowiki>allow image code to override uImage name</nowiki> //<color #ccc>(</color><color #282>+3</color><color #ccc>,</color><color #f00>-2</color><color #ccc>)</color>//\\
''[[https://git.lede-project.org/?p=source.git;a=commitdiff;h=2d7e602381f3c473d6c8214e8e56bcf80ccf9fa5|2d7e602]]'' **<nowiki>scripts/config:</nowiki>** <nowiki>sync with latest linux upstream</nowiki> //<color #ccc>(</color><color #282>+1.4K</color><color #ccc>,</color><color #f00>-1.4K</color><color #ccc>)</color>//\\
''[[https://git.lede-project.org/?p=source.git;a=commitdiff;h=9bfa6971aeaa663ae5cc845f589ebbd1459a1fc9|9bfa697]]'' **<nowiki>scripts/config:</nowiki>** <nowiki>properly handle select on symbols with unmet direct dependencies</nowiki> //<color #ccc>(</color><color #282>+3</color><color #ccc>,</color><color #f00>-11</color><color #ccc>)</color>//\\
''[[https://git.lede-project.org/?p=source.git;a=commitdiff;h=2180b715c1dcef30cb8e734c42b7e24f5f6555e5|2180b71]]'' **<nowiki>image:</nowiki>** <nowiki>fix per-device rootfs build error when not all opkg package files are ...</nowiki> //<color #ccc>(</color><color #282>+1</color><color #ccc>,</color><color #f00>-1</color><color #ccc>)</color>//\\
''[[https://git.lede-project.org/?p=source.git;a=commitdiff;h=22ef1c83b35cd5633b0c58c9c38a43494a906a6a|22ef1c8]]'' **<nowiki>kernel:</nowiki>** <nowiki>make the kernel build auto-clean the build dir like package builds</nowiki> //<color #ccc>(</color><color #282>+18</color><color #ccc>,</color><color #f00>-7</color><color #ccc>)</color>//\\
''[[https://git.lede-project.org/?p=source.git;a=commitdiff;h=bebcb81da5dacb82f6876ae777bc13f5465d0eaa|bebcb81]]'' **<nowiki>ramips:</nowiki>** <nowiki>switch from 24kec to 24kc</nowiki> //<color #ccc>(</color><color #282>+4</color><color #ccc>,</color><color #f00>-5</color><color #ccc>)</color>//\\
''[[https://git.lede-project.org/?p=source.git;a=commitdiff;h=1645abffea2785653de27d92ba0e977d1f32a538|1645abf]]'' **<nowiki>kernel:</nowiki>** <nowiki>add plan 9 fs package</nowiki> //<color #ccc>(</color><color #282>+46</color><color #ccc>)</color>//\\
''[[https://git.lede-project.org/?p=source.git;a=commitdiff;h=5fe923b15d94e27fa6db863a6d994bfb4355e4cb|5fe923b]]'' **<nowiki>kernel:</nowiki>** <nowiki>allow reproducable builds</nowiki> //<color #ccc>(</color><color #282>+2</color><color #ccc>)</color>//\\
''[[https://git.lede-project.org/?p=source.git;a=commitdiff;h=86ec4104181992400363e5602c11079e79524d9c|86ec410]]'' **<nowiki>kernel:</nowiki>** <nowiki>check SOURCE_DATE_EPOCH before setting KBUILD_BUILD_TIMESTAMP</nowiki> //<color #ccc>(</color><color #282>+1</color><color #ccc>,</color><color #f00>-1</color><color #ccc>)</color>//\\
''[[https://git.lede-project.org/?p=source.git;a=commitdiff;h=3a3424981c27e3c3ca35e076bcc0f399f86649c3|3a34249]]'' **<nowiki>scripts:</nowiki>** <nowiki>ipkg-build: do not require git or svn</nowiki> //<color #ccc>(</color><color #282>+2</color><color #ccc>,</color><color #f00>-2</color><color #ccc>)</color>//\\
''[[https://git.lede-project.org/?p=source.git;a=commitdiff;h=0df2c6563a3537ed21b28a9fb6874bf2718afd05|0df2c65]]'' **<nowiki>kernel:</nowiki>** <nowiki>prevent addition of scm marker to localversion</nowiki> //<color #ccc>(</color><color #282>+4</color><color #ccc>)</color>//\\
''[[https://git.lede-project.org/?p=source.git;a=commitdiff;h=57ef81d78f590c86aaebeb41c14528b33b73db94|57ef81d]]'' **<nowiki>kernel:</nowiki>** <nowiki>prevent adding custom string to localversion</nowiki> //<color #ccc>(</color><color #282>+1</color><color #ccc>)</color>//\\
''[[https://git.lede-project.org/?p=source.git;a=commitdiff;h=f3923dab7b79e436292ce51c2cdc358dac2c81f3|f3923da]]'' **<nowiki>kernel:</nowiki>** <nowiki>check the right directories for rebuild</nowiki> //<color #ccc>(</color><color #282>+1</color><color #ccc>,</color><color #f00>-1</color><color #ccc>)</color>//\\
''[[https://git.lede-project.org/?p=source.git;a=commitdiff;h=a11843b62ebe75b552fa428556e3820657df3239|a11843b]]'' **<nowiki>include:</nowiki>** <nowiki>remove 34k distinction</nowiki> //<color #ccc>(</color><color #f00>-1</color><color #ccc>)</color>//\\
''[[https://git.lede-project.org/?p=source.git;a=commitdiff;h=b962da4d929307a834850b72e42a44c2a00ed39e|b962da4]]'' **<nowiki>ramips:</nowiki>** <nowiki>mt7621: switch to 24kc</nowiki> //<color #ccc>(</color><color #282>+1</color><color #ccc>,</color><color #f00>-2</color><color #ccc>)</color>//\\
''[[https://git.lede-project.org/?p=source.git;a=commitdiff;h=4170267f5a794eb3fa6bb1718a665e3395077434|4170267]]'' **<nowiki>build:</nowiki>** <nowiki>pass $(STAGING_DIR_HOST) to Host/Install</nowiki> //<color #ccc>(</color><color #282>+2</color><color #ccc>,</color><color #f00>-2</color><color #ccc>)</color>//\\
''[[https://git.lede-project.org/?p=source.git;a=commitdiff;h=f5860f898a155c6e1f33813a8be7420135cb3481|f5860f8]]'' **<nowiki>build:</nowiki>** <nowiki>use perl instead of GNU date for KBUILD_BUILD_TIMESTAMP</nowiki> //<color #ccc>(</color><color #282>+7</color><color #ccc>,</color><color #f00>-1</color><color #ccc>)</color>//\\
''[[https://git.lede-project.org/?p=source.git;a=commitdiff;h=223c124db84e25dc83afc918807b1f9970ecd104|223c124]]'' **<nowiki>ubox:</nowiki>** <nowiki>move logd into ubox package</nowiki> //<color #ccc>(</color><color #282>+2</color><color #ccc>,</color><color #f00>-14</color><color #ccc>)</color>//\\
''[[https://git.lede-project.org/?p=source.git;a=commitdiff;h=a84a74f618b0d3eadea622a45f62c9401c4f82ba|a84a74f]]'' **<nowiki>scripts/ubinize-image.sh:</nowiki>** <nowiki>add support for adding custom partitions</nowiki> //<color #ccc>(</color><color #282>+29</color><color #ccc>,</color><color #f00>-2</color><color #ccc>)</color>//\\
''[[https://git.lede-project.org/?p=source.git;a=commitdiff;h=39d817cf38cac58d4383012adc13dc2e3606f4f7|39d817c]]'' <nowiki>Add config symbols for kernel keyring support</nowiki> //<color #ccc>(</color><color #282>+19</color><color #ccc>)</color>//\\
''[[https://git.lede-project.org/?p=source.git;a=commitdiff;h=3242c076492a46ddf5da92fb4bd3de813cab56f4|3242c07]]'' **<nowiki>mvebu:</nowiki>** <nowiki>add sdcard image creation script</nowiki> //<color #ccc>(</color><color #282>+154</color><color #ccc>,</color><color #f00>-3</color><color #ccc>)</color>//\\
''[[https://git.lede-project.org/?p=source.git;a=commitdiff;h=4fd043b95b4f1817b00a431f7c1c0836c39d8559|4fd043b]]'' **<nowiki>image.mk:</nowiki>** <nowiki>Create a manifest file of installed packages as a build artifact</nowiki> //<color #ccc>(</color><color #282>+8</color><color #ccc>)</color>//\\
''[[https://git.lede-project.org/?p=source.git;a=commitdiff;h=a1f83bad606411a561e8e60110c71232b1a28aa2|a1f83ba]]'' **<nowiki>images:</nowiki>** <nowiki>bump default rootfs size to 256 MB</nowiki> //<color #ccc>(</color><color #282>+1</color><color #ccc>,</color><color #f00>-1</color><color #ccc>)</color>//\\
''[[https://git.lede-project.org/?p=source.git;a=commitdiff;h=b99a93ebaf0dc34ab0de452e3034b28f21085988|b99a93e]]'' **<nowiki>image:</nowiki>** <nowiki>add support for k unit suffix to pad-offset</nowiki> //<color #ccc>(</color><color #282>+2</color><color #ccc>,</color><color #f00>-2</color><color #ccc>)</color>//\\
''[[https://git.lede-project.org/?p=source.git;a=commitdiff;h=3e7524c184d147de6b0c8154c5c4f4019993922f|3e7524c]]'' **<nowiki>image:</nowiki>** <nowiki>add support for k unit suffix to append-ubi</nowiki> //<color #ccc>(</color><color #282>+1</color><color #ccc>,</color><color #f00>-1</color><color #ccc>)</color>//\\
''[[https://git.lede-project.org/?p=source.git;a=commitdiff;h=ddd259b0d5d0d4ec0084cb7cb30992b63780e962|ddd259b]]'' **<nowiki>image:</nowiki>** <nowiki>pass device blocksize to padjffs2</nowiki> //<color #ccc>(</color><color #282>+2</color><color #ccc>,</color><color #f00>-1</color><color #ccc>)</color>//\\
''[[https://git.lede-project.org/?p=source.git;a=commitdiff;h=d2a7df0792020c430477abed244f5b76bb990b7f|d2a7df0]]'' **<nowiki>octeon:</nowiki>** <nowiki>use new ext4/f2fs overlay support</nowiki> //<color #ccc>(</color><color #282>+7</color><color #ccc>,</color><color #f00>-4</color><color #ccc>)</color>//\\
''[[https://git.lede-project.org/?p=source.git;a=commitdiff;h=d27bce8d28eb129af0abd9c80a7756301b7d588a|d27bce8]]'' **<nowiki>build:</nowiki>** <nowiki>drop UBI EOF marker from images by default</nowiki> //<color #ccc>(</color><color #282>+4</color><color #ccc>,</color><color #f00>-3</color><color #ccc>)</color>//\\
''[[https://git.lede-project.org/?p=source.git;a=commitdiff;h=1cd0a4c688f02918cb96ff7f5f21cddc281d4f2c|1cd0a4c]]'' **<nowiki>image:</nowiki>** <nowiki>add KERNEL_SIZE to the default device vars</nowiki> //<color #ccc>(</color><color #282>+6</color><color #ccc>,</color><color #f00>-10</color><color #ccc>)</color>//\\
''[[https://git.lede-project.org/?p=source.git;a=commitdiff;h=14b40d61e13ce0408d5ed9dff2ad3a18ab0c2471|14b40d6]]'' **<nowiki>image:</nowiki>** <nowiki>use check-size from new image build code</nowiki> //<color #ccc>(</color><color #282>+1</color><color #ccc>,</color><color #f00>-8</color><color #ccc>)</color>//\\
''[[https://git.lede-project.org/?p=source.git;a=commitdiff;h=61c2a7339a70b34cc357f9f190921365c39073f9|61c2a73]]'' **<nowiki>image:</nowiki>** <nowiki>remove padding parameter from append-kernel/append-rootfs</nowiki> //<color #ccc>(</color><color #282>+15</color><color #ccc>,</color><color #f00>-15</color><color #ccc>)</color>//\\
''[[https://git.lede-project.org/?p=source.git;a=commitdiff;h=6177b649ca8cd11545fe945245b449236ac4bd50|6177b64]]'' **<nowiki>scripts/package-metadata.pl:</nowiki>** <nowiki>fix generation of dependencies on virtual packages</nowiki> //<color #ccc>(</color><color #282>+4</color><color #ccc>,</color><color #f00>-1</color><color #ccc>)</color>//\\
''[[https://git.lede-project.org/?p=source.git;a=commitdiff;h=c15d70c6d6a00529a119a41b97953eac9c41a8fc|c15d70c]]'' **<nowiki>image:</nowiki>** <nowiki>don't override opkg list directory in per-device rootfs mode</nowiki> //<color #ccc>(</color><color #282>+3</color><color #ccc>,</color><color #f00>-5</color><color #ccc>)</color>//\\
''[[https://git.lede-project.org/?p=source.git;a=commitdiff;h=e9165793409ceccaeef6674c691b875a83fcb97f|e916579]]'' **<nowiki>image:</nowiki>** <nowiki>allow specifying additional packages for device-specific rootfs</nowiki> //<color #ccc>(</color><color #282>+24</color><color #ccc>,</color><color #f00>-3</color><color #ccc>)</color>//\\
''[[https://git.lede-project.org/?p=source.git;a=commitdiff;h=3675e657ed2746776a031766c7c121fc1936235b|3675e65]]'' **<nowiki>image:</nowiki>** <nowiki>per-device rootfs: don't fail without opkg</nowiki> //<color #ccc>(</color><color #282>+2</color><color #ccc>,</color><color #f00>-2</color><color #ccc>)</color>//\\
''[[https://git.lede-project.org/?p=source.git;a=commitdiff;h=663145e419410876f6a962e7f3461ed73eb50831|663145e]]'' **<nowiki>image:</nowiki>** <nowiki>fix CONFIG_CLEAN_IPKG with CONFIG_TARGET_PER_DEVICE_ROOTFS</nowiki> //<color #ccc>(</color><color #282>+7</color><color #ccc>,</color><color #f00>-2</color><color #ccc>)</color>//\\
''[[https://git.lede-project.org/?p=source.git;a=commitdiff;h=77f54eae453db4220547c4c17d29ff91351b06e0|77f54ea]]'' **<nowiki>config:</nowiki>** <nowiki>enable shadow passwords unconditionally</nowiki> //<color #ccc>(</color><color #f00>-5</color><color #ccc>)</color>//\\
''[[https://git.lede-project.org/?p=source.git;a=commitdiff;h=a16a8814ead80984ce4ef7bed756434119b3aafa|a16a881]]'' **<nowiki>image:</nowiki>** <nowiki>don't modify file permissions before rootfs generation</nowiki> //<color #ccc>(</color><color #282>+3</color><color #ccc>,</color><color #f00>-22</color><color #ccc>)</color>//\\
''[[https://git.lede-project.org/?p=source.git;a=commitdiff;h=593dfac90938d62558de1fa13ac027c319284fe3|593dfac]]'' **<nowiki>image:</nowiki>** <nowiki>per-device rootfs: first remove, then install packages</nowiki> //<color #ccc>(</color><color #282>+3</color><color #ccc>,</color><color #f00>-3</color><color #ccc>)</color>//\\
''[[https://git.lede-project.org/?p=source.git;a=commitdiff;h=021b96d7c5c668fbcb5375c65cee90832bb2854f|021b96d]]'' **<nowiki>rootfs:</nowiki>** <nowiki>remove unnecessary and potentially harmful force flags from opkg call</nowiki> //<color #ccc>(</color><color #282>+1</color><color #ccc>,</color><color #f00>-4</color><color #ccc>)</color>//\\
''[[https://git.lede-project.org/?p=source.git;a=commitdiff;h=5b99693832d0307744ac16d29fb359b730fd86a3|5b99693]]'' **<nowiki>rootfs:</nowiki>** <nowiki>fail on errors in postinst scripts</nowiki> //<color #ccc>(</color><color #282>+5</color><color #ccc>)</color>//\\
''[[https://git.lede-project.org/?p=source.git;a=commitdiff;h=685ed1e0722245c9eca97bbb7e840009c113bcb5|685ed1e]]'' **<nowiki>kernel:</nowiki>** <nowiki>add STAGING_DIR_HOST/lib to host library search path</nowiki> //<color #ccc>(</color><color #282>+1</color><color #ccc>)</color>//\\
''[[https://git.lede-project.org/?p=source.git;a=commitdiff;h=cea09329e50f5766b6b44149aa17e4a681546bbb|cea0932]]'' **<nowiki>netfilter:</nowiki>** <nowiki>fix file conflicts between kmod-ipt- and kmod-nft- packages</nowiki> //<color #ccc>(</color><color #282>+10</color><color #ccc>,</color><color #f00>-10</color><color #ccc>)</color>//\\
''[[https://git.lede-project.org/?p=source.git;a=commitdiff;h=5f80315634c66a647aed9673e10582acd8462d69|5f80315]]'' **<nowiki>include:</nowiki>** <nowiki>add umask prereq check</nowiki> //<color #ccc>(</color><color #282>+4</color><color #ccc>)</color>//\\
''[[https://git.lede-project.org/?p=source.git;a=commitdiff;h=be6f836841300fc6e9c401946ad4e5384e178f89|be6f836]]'' **<nowiki>include:</nowiki>** <nowiki>relax umask check</nowiki> //<color #ccc>(</color><color #282>+1</color><color #ccc>,</color><color #f00>-1</color><color #ccc>)</color>//\\
''[[https://git.lede-project.org/?p=source.git;a=commitdiff;h=934901fb3e544e3c3ef66f6695bcf41293843bf3|934901f]]'' **<nowiki>build:</nowiki>** <nowiki>leaving behind incomplete metadata files on cancelled builds</nowiki> //<color #ccc>(</color><color #282>+4</color><color #ccc>,</color><color #f00>-2</color><color #ccc>)</color>//\\
''[[https://git.lede-project.org/?p=source.git;a=commitdiff;h=86c966a8ae9c4e74b912a16a760aaed17c68eb32|86c966a]]'' **<nowiki>build:</nowiki>** <nowiki>fix regression on running make kernel_menuconfig</nowiki> //<color #ccc>(</color><color #282>+1</color><color #ccc>,</color><color #f00>-1</color><color #ccc>)</color>//\\
''[[https://git.lede-project.org/?p=source.git;a=commitdiff;h=5d86dc791ef17b4a5733f836cbf82bb6647cd54a|5d86dc7]]'' **<nowiki>include/download.mk:</nowiki>** <nowiki>generate reproducable SCM tarballs</nowiki> //<color #ccc>(</color><color #282>+9</color><color #ccc>,</color><color #f00>-4</color><color #ccc>)</color>//\\
''[[https://git.lede-project.org/?p=source.git;a=commitdiff;h=ed768ae4b2f744883765cae4d7e5f7f62249de01|ed768ae]]'' **<nowiki>include/prereq-build.mk:</nowiki>** <nowiki>Add xz-utils to make prereq</nowiki> //<color #ccc>(</color><color #282>+3</color><color #ccc>)</color>//\\
''[[https://git.lede-project.org/?p=source.git;a=commitdiff;h=cbc80805bd5f957cd5fad83c18adfa66f80a7d5e|cbc8080]]'' **<nowiki>include/download.mk:</nowiki>** <nowiki>Use -7e compression instead of -6 by default</nowiki> //<color #ccc>(</color><color #282>+1</color><color #ccc>,</color><color #f00>-1</color><color #ccc>)</color>//\\
''[[https://git.lede-project.org/?p=source.git;a=commitdiff;h=7064a849ce3342428c8e120e225b6b45c58e95cd|7064a84]]'' **<nowiki>include/host-build.mk:</nowiki>** <nowiki>pass HOST_BUILD_PREFIX to Host/install</nowiki> //<color #ccc>(</color><color #282>+2</color><color #ccc>,</color><color #f00>-2</color><color #ccc>)</color>//\\
''[[https://git.lede-project.org/?p=source.git;a=commitdiff;h=4ada2fd2768cba671c3289ce9eb8f5c9c728da1f|4ada2fd]]'' **<nowiki>include/host-build.mk:</nowiki>** <nowiki>fix ACLOCAL_INCLUDE</nowiki> //<color #ccc>(</color><color #282>+1</color><color #ccc>,</color><color #f00>-1</color><color #ccc>)</color>//\\
''[[https://git.lede-project.org/?p=source.git;a=commitdiff;h=cb718eb34bc392bac8d91047d5bebf839fa6a2f5|cb718eb]]'' **<nowiki>include/host-build.mk:</nowiki>** <nowiki>set Host/Exports for Host/Install step</nowiki> //<color #ccc>(</color><color #282>+1</color><color #ccc>)</color>//\\
''[[https://git.lede-project.org/?p=source.git;a=commitdiff;h=ec041920b7132062a0e459692daf298932c63bdd|ec04192]]'' **<nowiki>include/package-ipkg.mk:</nowiki>** <nowiki>use TARGET_PATH_PKG in Package/*/install steps</nowiki> //<color #ccc>(</color><color #282>+2</color><color #ccc>)</color>//\\
''[[https://git.lede-project.org/?p=source.git;a=commitdiff;h=7694c5cf0edc51e7a9cea188143c6fef2f38f442|7694c5c]]'' **<nowiki>include:</nowiki>** <nowiki>remove XZ host prereq</nowiki> //<color #ccc>(</color><color #f00>-3</color><color #ccc>)</color>//\\
''[[https://git.lede-project.org/?p=source.git;a=commitdiff;h=82b8eaa89fb90a796552b1c54aa48bccad5adb30|82b8eaa]]'' **<nowiki>scripts/diffconfig.sh:</nowiki>** <nowiki>fix output if TARGET_PER_DEVICE_ROOTFS is set</nowiki> //<color #ccc>(</color><color #282>+1</color><color #ccc>)</color>//\\
''[[https://git.lede-project.org/?p=source.git;a=commitdiff;h=b81fc29123f777f61d99c59c214a69e253cb2cc0|b81fc29]]'' **<nowiki>include:</nowiki>** <nowiki>prereq-build.mk: improve gcp check</nowiki> //<color #ccc>(</color><color #282>+2</color><color #ccc>,</color><color #f00>-2</color><color #ccc>)</color>//\\
''[[https://git.lede-project.org/?p=source.git;a=commitdiff;h=559fb537d83bc30fc2dfa783292b9f86712966d6|559fb53]]'' **<nowiki>build:</nowiki>** <nowiki>use CXXFLAGS if defined</nowiki> //<color #ccc>(</color><color #282>+3</color><color #ccc>,</color><color #f00>-3</color><color #ccc>)</color>//\\
''[[https://git.lede-project.org/?p=source.git;a=commitdiff;h=336e277e8b46394d4b5a6747d3d5e93be383a923|336e277]]'' **<nowiki>autotools:</nowiki>** <nowiki>use correct version for gettext FIXUP</nowiki> //<color #ccc>(</color><color #282>+1</color><color #ccc>,</color><color #f00>-1</color><color #ccc>)</color>//\\
''[[https://git.lede-project.org/?p=source.git;a=commitdiff;h=cf458de382fc6f6a8715fadb3edf152d0196a26a|cf458de]]'' **<nowiki>scripts:</nowiki>** <nowiki>fix build warning when overriding packages</nowiki> //<color #ccc>(</color><color #282>+1</color><color #ccc>,</color><color #f00>-1</color><color #ccc>)</color>//\\
''[[https://git.lede-project.org/?p=source.git;a=commitdiff;h=5dc56b4123098dbea5e62053fc8c6c154be526b1|5dc56b4]]'' **<nowiki>scripts:</nowiki>** <nowiki>add help text for some generated KConfigs</nowiki> //<color #ccc>(</color><color #282>+17</color><color #ccc>)</color>//\\
''[[https://git.lede-project.org/?p=source.git;a=commitdiff;h=c511795f47ddbe7413e07a499f7ff59715ed088a|c511795]]'' **<nowiki>scripts:</nowiki>** <nowiki>case insensitive sort device names</nowiki> //<color #ccc>(</color><color #282>+6</color><color #ccc>,</color><color #f00>-2</color><color #ccc>)</color>//\\
''[[https://git.lede-project.org/?p=source.git;a=commitdiff;h=4eb371e363587e4fd1f685c99f654895e198c517|4eb371e]]'' **<nowiki>build:</nowiki>** <nowiki>fix cleaning configured stamp file</nowiki> //<color #ccc>(</color><color #282>+1</color><color #ccc>,</color><color #f00>-1</color><color #ccc>)</color>//\\
''[[https://git.lede-project.org/?p=source.git;a=commitdiff;h=7c8c3226dc8ecd2b77d1d1e8215e0fbb52819cd7|7c8c322]]'' **<nowiki>build:</nowiki>** <nowiki>copy contents of 'src' folder to build dirs (if present)</nowiki> //<color #ccc>(</color><color #282>+2</color><color #ccc>)</color>//\\
''[[https://git.lede-project.org/?p=source.git;a=commitdiff;h=6f5f328003128c95af2ffb3876eeadb473c463a0|6f5f328]]'' **<nowiki>scripts/freebsd.sh:</nowiki>** <nowiki>Remove script</nowiki> //<color #ccc>(</color><color #f00>-1</color><color #ccc>)</color>//\\
''[[https://git.lede-project.org/?p=source.git;a=commitdiff;h=8cc922411561dfa6f65fbb492a7bdb6fb9bbb6d5|8cc9224]]'' **<nowiki>sdk:</nowiki>** <nowiki>predefine SOURCE_DATE_EPOCH</nowiki> //<color #ccc>(</color><color #282>+4</color><color #ccc>,</color><color #f00>-1</color><color #ccc>)</color>//\\
''[[https://git.lede-project.org/?p=source.git;a=commitdiff;h=244955de166b14282e4d2b7ddcdcb72a653b5434|244955d]]'' **<nowiki>include:</nowiki>** <nowiki>image.mk: make ext4 reserved blocks percentage optional</nowiki> //<color #ccc>(</color><color #282>+1</color><color #ccc>,</color><color #f00>-1</color><color #ccc>)</color>//\\
''[[https://git.lede-project.org/?p=source.git;a=commitdiff;h=d1ae4c4958e6394a0f00be334bc045bce9f0614d|d1ae4c4]]'' **<nowiki>config:</nowiki>** <nowiki>ext4: drop option to set maximum number of inodes</nowiki> //<color #ccc>(</color><color #f00>-8</color><color #ccc>)</color>//\\
''[[https://git.lede-project.org/?p=source.git;a=commitdiff;h=dc6cc040169a3f29d0126c24d65d5e7b6c479ab8|dc6cc04]]'' **<nowiki>config:</nowiki>** <nowiki>ext4: increase x86 rootfs size to 2GB to support online resize2fs</nowiki> //<color #ccc>(</color><color #282>+2</color><color #ccc>,</color><color #f00>-1</color><color #ccc>)</color>//\\
''[[https://git.lede-project.org/?p=source.git;a=commitdiff;h=d7bec5609c6e7408726f455c97d82b2b99d9ef19|d7bec56]]'' **<nowiki>rules.mk:</nowiki>** <nowiki>add STAGING_DIR_HOSTPKG variable</nowiki> //<color #ccc>(</color><color #282>+1</color><color #ccc>)</color>//\\
''[[https://git.lede-project.org/?p=source.git;a=commitdiff;h=b7f7e9fe424bc80bf89d3ebb18adcac412e4047f|b7f7e9f]]'' **<nowiki>include/host-build.mk:</nowiki>** <nowiki>use STAGING_DIR_HOSTPKG</nowiki> //<color #ccc>(</color><color #282>+1</color><color #ccc>,</color><color #f00>-1</color><color #ccc>)</color>//\\
''[[https://git.lede-project.org/?p=source.git;a=commitdiff;h=f64360c7ca8b09e73840b4e633531b372f02bdaf|f64360c]]'' **<nowiki>scripts/package-metadata.pl:</nowiki>** <nowiki>fix handling of virtual (PROVIDES) depends</nowiki> //<color #ccc>(</color><color #282>+2</color><color #ccc>,</color><color #f00>-2</color><color #ccc>)</color>//\\
''[[https://git.lede-project.org/?p=source.git;a=commitdiff;h=317b3556a494b2c6f02ef3e965ac42e77342ee4e|317b355]]'' **<nowiki>include:</nowiki>** <nowiki>properly update .install stamp files</nowiki> //<color #ccc>(</color><color #282>+8</color><color #ccc>,</color><color #f00>-8</color><color #ccc>)</color>//\\
''[[https://git.lede-project.org/?p=source.git;a=commitdiff;h=12d15fa8a5096913927d75958d0ed3af9d963e73|12d15fa]]'' **<nowiki>scripts/package-metadata.pl:</nowiki>** <nowiki>honour DEFAULT_VARIANT</nowiki> //<color #ccc>(</color><color #282>+15</color><color #ccc>,</color><color #f00>-2</color><color #ccc>)</color>//\\
''[[https://git.lede-project.org/?p=source.git;a=commitdiff;h=a2944a0c09b8486878482590b3409a3c0c710591|a2944a0]]'' **<nowiki>scripts/feeds:</nowiki>** <nowiki>use 10 chars for feed name column width</nowiki> //<color #ccc>(</color><color #282>+1</color><color #ccc>,</color><color #f00>-1</color><color #ccc>)</color>//\\
''[[https://git.lede-project.org/?p=source.git;a=commitdiff;h=57fb5c08f53b3ff02d1c84c23275f5eeef30ef7b|57fb5c0]]'' **<nowiki>include:</nowiki>** <nowiki>Cortex-A53 is also an AArch64 CPU</nowiki> //<color #ccc>(</color><color #282>+1</color><color #ccc>)</color>//\\
''[[https://git.lede-project.org/?p=source.git;a=commitdiff;h=5a37d0601a5431e5c6c721d1ed39a80568b54679|5a37d06]]'' **<nowiki>sdk:</nowiki>** <nowiki>depend on linux/install</nowiki> //<color #ccc>(</color><color #282>+1</color><color #ccc>)</color>//\\
''[[https://git.lede-project.org/?p=source.git;a=commitdiff;h=64c386c5662e923d284b1c5b742cb72d7ad24671|64c386c]]'' **<nowiki>build:</nowiki>** <nowiki>remove stale .ipk files if package dir changes</nowiki> //<color #ccc>(</color><color #282>+6</color><color #ccc>,</color><color #f00>-6</color><color #ccc>)</color>//\\
''[[https://git.lede-project.org/?p=source.git;a=commitdiff;h=4f7947dab82b3e3728cfc362e24eeaf55f3ba245|4f7947d]]'' **<nowiki>scripts/feeds:</nowiki>** <nowiki>display "X" as revision of uninitialized feeds</nowiki> //<color #ccc>(</color><color #282>+1</color><color #ccc>,</color><color #f00>-1</color><color #ccc>)</color>//\\
''[[https://git.lede-project.org/?p=source.git;a=commitdiff;h=0a6439154a384d2782b2da80116a589b67a95f5a|0a64391]]'' **<nowiki>scripts/feeds:</nowiki>** <nowiki>use git rev-parse for getting revision</nowiki> //<color #ccc>(</color><color #282>+3</color><color #ccc>,</color><color #f00>-3</color><color #ccc>)</color>//\\
''[[https://git.lede-project.org/?p=source.git;a=commitdiff;h=12a6e3cd0546764f972df636ac86ae4bdf4f6978|12a6e3c]]'' **<nowiki>x86:</nowiki>** <nowiki>bump default kernel partition size to 16M</nowiki> //<color #ccc>(</color><color #282>+1</color><color #ccc>,</color><color #f00>-1</color><color #ccc>)</color>//\\
''[[https://git.lede-project.org/?p=source.git;a=commitdiff;h=77265e00c70a7f6c01d2bc68c3a41de34b18deb3|77265e0]]'' **<nowiki>build:</nowiki>** <nowiki>add support code for appending metadata to images</nowiki> //<color #ccc>(</color><color #282>+22</color><color #ccc>,</color><color #f00>-1</color><color #ccc>)</color>//\\
''[[https://git.lede-project.org/?p=source.git;a=commitdiff;h=bf3d92f0cdcea5cd9ec30f54d6e4d350cda1bb41|bf3d92f]]'' **<nowiki>scripts/getver.sh:</nowiki>** <nowiki>treat all commits as local if can't find upstream</nowiki> //<color #ccc>(</color><color #282>+1</color><color #ccc>,</color><color #f00>-1</color><color #ccc>)</color>//\\
''[[https://git.lede-project.org/?p=source.git;a=commitdiff;h=426e4d93bb2a36022f505d7dddeb7571dcd0b524|426e4d9]]'' **<nowiki>uml:</nowiki>** <nowiki>clean up the kernel config and add squashfs+ext4/f2fs support</nowiki> //<color #ccc>(</color><color #282>+23</color><color #ccc>,</color><color #f00>-20</color><color #ccc>)</color>//\\
''[[https://git.lede-project.org/?p=source.git;a=commitdiff;h=62da60b22032b59a52b0671a40c59105bdee8c55|62da60b]]'' **<nowiki>build:</nowiki>** <nowiki>scan.mk: remove not used variable SCAN_STAMP</nowiki> //<color #ccc>(</color><color #282>+2</color><color #ccc>,</color><color #f00>-2</color><color #ccc>)</color>//\\
''[[https://git.lede-project.org/?p=source.git;a=commitdiff;h=f66cb6f810e55016167086bd96310fc14c1e6362|f66cb6f]]'' **<nowiki>build:</nowiki>** <nowiki>find_md5: ignore non-existent files or directories</nowiki> //<color #ccc>(</color><color #282>+1</color><color #ccc>,</color><color #f00>-1</color><color #ccc>)</color>//\\
''[[https://git.lede-project.org/?p=source.git;a=commitdiff;h=59261cbf38001b121f94642a4f225fbe082b1b7d|59261cb]]'' **<nowiki>docs:</nowiki>** <nowiki>remove all refrences in Makefiles/scripts</nowiki> //<color #ccc>(</color><color #282>+2</color><color #ccc>,</color><color #f00>-9</color><color #ccc>)</color>//\\
''[[https://git.lede-project.org/?p=source.git;a=commitdiff;h=5f3c96c28503b8a0aad1514ef144b15e670d338b|5f3c96c]]'' **<nowiki>build:</nowiki>** <nowiki>adjust version number handling</nowiki> //<color #ccc>(</color><color #282>+28</color><color #ccc>,</color><color #f00>-18</color><color #ccc>)</color>//\\
''[[https://git.lede-project.org/?p=source.git;a=commitdiff;h=a642a11faca87e2a7bddc1fadb54253e2fc26e84|a642a11]]'' **<nowiki>scripts:</nowiki>** <nowiki>getver.sh: append Git short hash to revision</nowiki> //<color #ccc>(</color><color #282>+1</color><color #ccc>,</color><color #f00>-1</color><color #ccc>)</color>//\\
''[[https://git.lede-project.org/?p=source.git;a=commitdiff;h=b9aab34eb4ddf935ee6296f587857e5a495cae0e|b9aab34]]'' **<nowiki>include/download.mk:</nowiki>** <nowiki>Allow specify DownloadMethod specific options</nowiki> //<color #ccc>(</color><color #282>+2</color><color #ccc>,</color><color #f00>-1</color><color #ccc>)</color>//\\
''[[https://git.lede-project.org/?p=source.git;a=commitdiff;h=9a08c0ba807b7e362de5afe78140f3bb4188746c|9a08c0b]]'' **<nowiki>include/kernel:</nowiki>** <nowiki>Switch to git download method</nowiki> //<color #ccc>(</color><color #282>+20</color><color #ccc>,</color><color #f00>-10</color><color #ccc>)</color>//\\
''[[https://git.lede-project.org/?p=source.git;a=commitdiff;h=9791fb2ac25fca2fb64a2d1ccbb5e7721a9165ec|9791fb2]]'' **<nowiki>build:</nowiki>** <nowiki>support adding version code to file names (FS#323)</nowiki> //<color #ccc>(</color><color #282>+13</color><color #ccc>,</color><color #f00>-2</color><color #ccc>)</color>//\\
''[[https://git.lede-project.org/?p=source.git;a=commitdiff;h=c058f4f22d1ae4dc14115be6894db245e82fe60b|c058f4f]]'' **<nowiki>kernel:</nowiki>** <nowiki>add KERNEL_DEBUG_PINCTRL and KERNEL_DEBUG_GPIO</nowiki> //<color #ccc>(</color><color #282>+8</color><color #ccc>)</color>//\\
''[[https://git.lede-project.org/?p=source.git;a=commitdiff;h=dbbfd4111891c831a9df6b7a0df600b3f76c52be|dbbfd41]]'' **<nowiki>download.mk:</nowiki>** <nowiki>use $(error) instead of a regular shell error</nowiki> //<color #ccc>(</color><color #282>+1</color><color #ccc>,</color><color #f00>-1</color><color #ccc>)</color>//\\
''[[https://git.lede-project.org/?p=source.git;a=commitdiff;h=19d3b78304794bc5c87dc74df4c3735715579b5c|19d3b78]]'' **<nowiki>download.mk:</nowiki>** <nowiki>remove code duplication in $(TAR) call</nowiki> //<color #ccc>(</color><color #282>+12</color><color #ccc>,</color><color #f00>-9</color><color #ccc>)</color>//\\
''[[https://git.lede-project.org/?p=source.git;a=commitdiff;h=1b9a39c528bcad4f66821e15f8c2162075a40191|1b9a39c]]'' **<nowiki>download.mk:</nowiki>** <nowiki>improve download tarball reproducibility</nowiki> //<color #ccc>(</color><color #282>+1</color><color #ccc>,</color><color #f00>-1</color><color #ccc>)</color>//\\
''[[https://git.lede-project.org/?p=source.git;a=commitdiff;h=e2f8d200f598c67534c6292d732f7927b3609473|e2f8d20]]'' **<nowiki>netfilter:</nowiki>** <nowiki>drop proprietary xt_id match</nowiki> //<color #ccc>(</color><color #282>+1</color><color #ccc>,</color><color #f00>-356</color><color #ccc>)</color>//\\
''[[https://git.lede-project.org/?p=source.git;a=commitdiff;h=970dd4dd58c1f1c1b4cde69a732483aacdc0236a|970dd4d]]'' **<nowiki>kernel:</nowiki>** <nowiki>netfilter: split out iptable_raw into a separate package</nowiki> //<color #ccc>(</color><color #282>+22</color><color #ccc>,</color><color #f00>-2</color><color #ccc>)</color>//\\
''[[https://git.lede-project.org/?p=source.git;a=commitdiff;h=34c2b3de6602205c625e9d16e40ef826fcf693d2|34c2b3d]]'' **<nowiki>ipkg-make-index.sh:</nowiki>** <nowiki>drop md5sum from package index</nowiki> //<color #ccc>(</color><color #f00>-3</color><color #ccc>)</color>//\\
''[[https://git.lede-project.org/?p=source.git;a=commitdiff;h=b4aa3c899cbf1f81cd8a1ea197481ac84a9d646e|b4aa3c8]]'' **<nowiki>ipkg-make-index.sh:</nowiki>** <nowiki>drop a few non-essential fields</nowiki> //<color #ccc>(</color><color #282>+1</color><color #ccc>,</color><color #f00>-1</color><color #ccc>)</color>//\\
''[[https://git.lede-project.org/?p=source.git;a=commitdiff;h=a4232cd4bfa9d244a0b763742564f22d15264839|a4232cd]]'' **<nowiki>build:</nowiki>** <nowiki>use SNAPSHOT instead of CURRENT to designate untagged branch builds</nowiki> //<color #ccc>(</color><color #282>+5</color><color #ccc>,</color><color #f00>-5</color><color #ccc>)</color>//\\
''[[https://git.lede-project.org/?p=source.git;a=commitdiff;h=4cc1f1ac1cb7fe5216792f346a85c2c119b33a04|4cc1f1a]]'' **<nowiki>x86:</nowiki>** <nowiki>revert default root size back to 256 MB</nowiki> //<color #ccc>(</color><color #282>+1</color><color #ccc>,</color><color #f00>-2</color><color #ccc>)</color>//\\
''[[https://git.lede-project.org/?p=source.git;a=commitdiff;h=7416d2e046b87b262b407f8af70b8dd9b2927c70|7416d2e]]'' **<nowiki>build:</nowiki>** <nowiki>replace MD5SUM variables with HASH</nowiki> //<color #ccc>(</color><color #282>+7</color><color #ccc>,</color><color #f00>-3</color><color #ccc>)</color>//\\
''[[https://git.lede-project.org/?p=source.git;a=commitdiff;h=651bc94df424faae586f0ad8ca0f0a4ef95e5090|651bc94]]'' **<nowiki>download.pl:</nowiki>** <nowiki>check for existing file before the first download attempt</nowiki> //<color #ccc>(</color><color #282>+1</color><color #ccc>,</color><color #f00>-2</color><color #ccc>)</color>//\\
''[[https://git.lede-project.org/?p=source.git;a=commitdiff;h=881c5b47ece3702ee9ea6fe450cded8635da5056|881c5b4]]'' **<nowiki>build:</nowiki>** <nowiki>remove duplicate Download/default definition from include/host-build.mk</nowiki> //<color #ccc>(</color><color #282>+13</color><color #ccc>,</color><color #f00>-23</color><color #ccc>)</color>//\\
''[[https://git.lede-project.org/?p=source.git;a=commitdiff;h=6a5cc2d08593ba63dddaa452e69b14c3edb08254|6a5cc2d]]'' **<nowiki>include/package.mk:</nowiki>** <nowiki>sync default value for hash fallback with mirror hash</nowiki> //<color #ccc>(</color><color #282>+1</color><color #ccc>,</color><color #f00>-2</color><color #ccc>)</color>//\\
''[[https://git.lede-project.org/?p=source.git;a=commitdiff;h=720b99215da295a2e7b4acdef30b58bec6acedc2|720b992]]'' **<nowiki>treewide:</nowiki>** <nowiki>clean up download hashes</nowiki> //<color #ccc>(</color><color #282>+300</color><color #ccc>,</color><color #f00>-283</color><color #ccc>)</color>//\\
''[[https://git.lede-project.org/?p=source.git;a=commitdiff;h=7a315b0b5d6aa91695853a8647383876e4b49a7a|7a315b0]]'' **<nowiki>build:</nowiki>** <nowiki>implement make check and make package/X/check</nowiki> //<color #ccc>(</color><color #282>+103</color><color #ccc>,</color><color #f00>-22</color><color #ccc>)</color>//\\
''[[https://git.lede-project.org/?p=source.git;a=commitdiff;h=d49059693b752f6bca398073c1f0d0908e3d9b80|d490596]]'' **<nowiki>build:</nowiki>** <nowiki>add FIXUP option for make check</nowiki> //<color #ccc>(</color><color #282>+153</color><color #ccc>,</color><color #f00>-1</color><color #ccc>)</color>//\\
''[[https://git.lede-project.org/?p=source.git;a=commitdiff;h=78a1b6e8801d86358c0ae6e5ffce2159a57095d0|78a1b6e]]'' **<nowiki>scripts/update-package-md5sum:</nowiki>** <nowiki>remove file, it is obsoleted by make check FIX...</nowiki> //<color #ccc>(</color><color #f00>-38</color><color #ccc>)</color>//\\
''[[https://git.lede-project.org/?p=source.git;a=commitdiff;h=b5222924059f5146007a02e33d317f2c04d7dd0b|b522292]]'' **<nowiki>base-files:</nowiki>** <nowiki>add support for overlaying rootfs content</nowiki> //<color #ccc>(</color><color #282>+14</color><color #ccc>)</color>//\\
''[[https://git.lede-project.org/?p=source.git;a=commitdiff;h=ffb0181a8731847ea0d02d6e158adf3d7d95c382|ffb0181]]'' **<nowiki>build:</nowiki>** <nowiki>add defaults for PKG_SOURCE, PKG_SOURCE_SUBDIR, PKG_VERSION</nowiki> //<color #ccc>(</color><color #282>+12</color><color #ccc>,</color><color #f00>-2</color><color #ccc>)</color>//\\
''[[https://git.lede-project.org/?p=source.git;a=commitdiff;h=6e7fdf07b7134fddff0e0c9e24bd39d1ed4b4954|6e7fdf0]]'' **<nowiki>kernel:</nowiki>** <nowiki>add KERNEL_DEVMEM and KERNEL_DEVKMEM</nowiki> //<color #ccc>(</color><color #282>+14</color><color #ccc>)</color>//\\
''[[https://git.lede-project.org/?p=source.git;a=commitdiff;h=c24172cad1e66412b287cf49809d363e10acb1c5|c24172c]]'' <nowiki>package/Makefile & ipkg-make-index.sh: add full package data list</nowiki> //<color #ccc>(</color><color #282>+3</color><color #ccc>,</color><color #f00>-2</color><color #ccc>)</color>//\\
''[[https://git.lede-project.org/?p=source.git;a=commitdiff;h=fc6b6f45831e1a2afc95ac241416acbd103fd442|fc6b6f4]]'' **<nowiki>download.pl:</nowiki>** <nowiki>use curl in preference to wget</nowiki> //<color #ccc>(</color><color #282>+22</color><color #ccc>,</color><color #f00>-4</color><color #ccc>)</color>//\\
''[[https://git.lede-project.org/?p=source.git;a=commitdiff;h=15d8d9c271507cd272b264e0bf9deb20030723a2|15d8d9c]]'' **<nowiki>build:</nowiki>** <nowiki>drop `trapret` function from non-Linux HOST_TAR variant</nowiki> //<color #ccc>(</color><color #282>+1</color><color #ccc>,</color><color #f00>-21</color><color #ccc>)</color>//\\
''[[https://git.lede-project.org/?p=source.git;a=commitdiff;h=2a72a916ab24b7c844886444d741fcb5d6191596|2a72a91]]'' **<nowiki>build:</nowiki>** <nowiki>add diffconfig target</nowiki> //<color #ccc>(</color><color #282>+4</color><color #ccc>)</color>//\\
''[[https://git.lede-project.org/?p=source.git;a=commitdiff;h=a93accd73dba6d56247a1076e62c612b31e4ebc3|a93accd]]'' **<nowiki>kernel:</nowiki>** <nowiki>allow subtarget specific KernelPackage</nowiki> //<color #ccc>(</color><color #282>+2</color><color #ccc>)</color>//\\
''[[https://git.lede-project.org/?p=source.git;a=commitdiff;h=f6e6341d896adb78f9b496f71aab8f45e1742d5a|f6e6341]]'' **<nowiki>tools:</nowiki>** <nowiki>build libressl on all systems</nowiki> //<color #ccc>(</color><color #282>+2</color><color #ccc>,</color><color #f00>-18</color><color #ccc>)</color>//\\
''[[https://git.lede-project.org/?p=source.git;a=commitdiff;h=bdaa138c0d1020c12c586b5f6efded1e6e1c8902|bdaa138]]'' **<nowiki>host-build:</nowiki>** <nowiki>remove openssl include path from host cflags</nowiki> //<color #ccc>(</color><color #f00>-5</color><color #ccc>)</color>//\\
''[[https://git.lede-project.org/?p=source.git;a=commitdiff;h=dad48c6438f0a4c42ad34842a88e82280d971d90|dad48c6]]'' **<nowiki>build:</nowiki>** <nowiki>add a small standalone utility for calculating md5/sha256 hash</nowiki> //<color #ccc>(</color><color #282>+833</color><color #ccc>)</color>//\\
''[[https://git.lede-project.org/?p=source.git;a=commitdiff;h=84bd74057f0d2543ddbc7de2351b0a310df329c6|84bd740]]'' **<nowiki>build:</nowiki>** <nowiki>use mkhash to replace various quirky md5sum/openssl calls</nowiki> //<color #ccc>(</color><color #282>+28</color><color #ccc>,</color><color #f00>-45</color><color #ccc>)</color>//\\
''[[https://git.lede-project.org/?p=source.git;a=commitdiff;h=4ebb13a0ef66ba5435a0173954238498f3ce7a53|4ebb13a]]'' **<nowiki>build:</nowiki>** <nowiki>unzip: perform operations quietly</nowiki> //<color #ccc>(</color><color #282>+1</color><color #ccc>,</color><color #f00>-1</color><color #ccc>)</color>//\\
''[[https://git.lede-project.org/?p=source.git;a=commitdiff;h=d2ddda691eeac92c6854658fb7389b7f9485d6c8|d2ddda6]]'' **<nowiki>build:</nowiki>** <nowiki>ensure that prereq-build is run before metadata scan from feeds (FS#367)</nowiki> //<color #ccc>(</color><color #282>+1</color><color #ccc>,</color><color #f00>-1</color><color #ccc>)</color>//\\
''[[https://git.lede-project.org/?p=source.git;a=commitdiff;h=28f9df62f513c073b790b2d4c78a72649adce6ef|28f9df6]]'' **<nowiki>build:</nowiki>** <nowiki>fix HOST_CONFIGURE_VARS placement</nowiki> //<color #ccc>(</color><color #282>+1</color><color #ccc>,</color><color #f00>-1</color><color #ccc>)</color>//\\
''[[https://git.lede-project.org/?p=source.git;a=commitdiff;h=c2e6ca26e52d1675ed1d9c7edbde257817806176|c2e6ca2]]'' **<nowiki>build:</nowiki>** <nowiki>add image command for calling kernel2minor</nowiki> //<color #ccc>(</color><color #282>+5</color><color #ccc>)</color>//\\
''[[https://git.lede-project.org/?p=source.git;a=commitdiff;h=c1b12aa838587952b269a75ad278e8805aa9a65f|c1b12aa]]'' **<nowiki>Makefile:</nowiki>** <nowiki>ensure that BIN_DIR exists for diffconfig</nowiki> //<color #ccc>(</color><color #282>+1</color><color #ccc>)</color>//\\
''[[https://git.lede-project.org/?p=source.git;a=commitdiff;h=5903c46ef8b1126a2a977496c918f23d09e1c361|5903c46]]'' **<nowiki>build:</nowiki>** <nowiki>fix build of ubifs images</nowiki> //<color #ccc>(</color><color #282>+6</color><color #ccc>,</color><color #f00>-6</color><color #ccc>)</color>//\\
''[[https://git.lede-project.org/?p=source.git;a=commitdiff;h=1e1d735e5213dac7c582304f58da674714f6aade|1e1d735]]'' **<nowiki>build:</nowiki>** <nowiki>remove obsolete parallel build related options</nowiki> //<color #ccc>(</color><color #282>+5</color><color #ccc>,</color><color #f00>-68</color><color #ccc>)</color>//\\
''[[https://git.lede-project.org/?p=source.git;a=commitdiff;h=72d751cba9cda9ce3ae46d5e6ab962d2f675e970|72d751c]]'' **<nowiki>build:</nowiki>** <nowiki>rework library bundling</nowiki> //<color #ccc>(</color><color #282>+87</color><color #ccc>,</color><color #f00>-31</color><color #ccc>)</color>//\\
''[[https://git.lede-project.org/?p=source.git;a=commitdiff;h=83b6bfc2357458f219872f97ed9c4894106131a1|83b6bfc]]'' **<nowiki>build:</nowiki>** <nowiki>fix HOST_CONFIGURE_VARS placement</nowiki> //<color #ccc>(</color><color #282>+2</color><color #ccc>,</color><color #f00>-2</color><color #ccc>)</color>//\\
''[[https://git.lede-project.org/?p=source.git;a=commitdiff;h=a891e5e14f34d79005de0606eebf32b292f86023|a891e5e]]'' **<nowiki>build:</nowiki>** <nowiki>scan.mk: remove overlay broad grep pattern</nowiki> //<color #ccc>(</color><color #282>+1</color><color #ccc>,</color><color #f00>-1</color><color #ccc>)</color>//\\
''[[https://git.lede-project.org/?p=source.git;a=commitdiff;h=90ed0aa859426d71fb71cf5df3646208d5f48e6e|90ed0aa]]'' **<nowiki>build:</nowiki>** <nowiki>scan.mk: consider KernelPackage pattern as well</nowiki> //<color #ccc>(</color><color #282>+1</color><color #ccc>,</color><color #f00>-1</color><color #ccc>)</color>//\\
''[[https://git.lede-project.org/?p=source.git;a=commitdiff;h=5919cc2dc4a76026eb88379c38bab61aff1b5b77|5919cc2]]'' **<nowiki>build:</nowiki>** <nowiki>let make check warn about use of legacy PKG_MD5SUM variable in feeds</nowiki> //<color #ccc>(</color><color #f00>-3</color><color #ccc>)</color>//\\
''[[https://git.lede-project.org/?p=source.git;a=commitdiff;h=859693509f33a90c3eae29190b6f7b7533a5fff0|8596935]]'' **<nowiki>image.mk:</nowiki>** <nowiki>use LINUX_KARCH rather than ARCH for mkits</nowiki> //<color #ccc>(</color><color #282>+2</color><color #ccc>,</color><color #f00>-2</color><color #ccc>)</color>//\\
''[[https://git.lede-project.org/?p=source.git;a=commitdiff;h=749918911d35613f8bf7852d2a91f78ff625739e|7499189]]'' **<nowiki>x86:</nowiki>** <nowiki>disable crashlog</nowiki> //<color #ccc>(</color><color #282>+2</color><color #ccc>,</color><color #f00>-1</color><color #ccc>)</color>//\\
''[[https://git.lede-project.org/?p=source.git;a=commitdiff;h=87b668765e1e987aebef8cf0aae657569b631477|87b6687]]'' **<nowiki>image:</nowiki>** <nowiki>when using the new image build code, gzip ext4 images by default</nowiki> //<color #ccc>(</color><color #282>+6</color><color #ccc>,</color><color #f00>-2</color><color #ccc>)</color>//\\
''[[https://git.lede-project.org/?p=source.git;a=commitdiff;h=8af5e5751d230fda28a0921f1e312b5090a5ac97|8af5e57]]'' **<nowiki>image.mk:</nowiki>** <nowiki>add generic function for gzipping images if enabled</nowiki> //<color #ccc>(</color><color #282>+7</color><color #ccc>)</color>//\\
''[[https://git.lede-project.org/?p=source.git;a=commitdiff;h=12d0a6694205b014f2c59e55fdb4b06b98c0b613|12d0a66]]'' **<nowiki>include/autotools.mk:</nowiki>** <nowiki>use STAGING_DIR_HOSTPKG where appropriate</nowiki> //<color #ccc>(</color><color #282>+2</color><color #ccc>,</color><color #f00>-2</color><color #ccc>)</color>//\\
''[[https://git.lede-project.org/?p=source.git;a=commitdiff;h=9c55dede26aa488a9010eae4aa2b9d9b29b3fb2f|9c55ded]]'' **<nowiki>include/feeds.mk:</nowiki>** <nowiki>base list of enabled feeds on available instead of installe...</nowiki> //<color #ccc>(</color><color #282>+1</color><color #ccc>,</color><color #f00>-1</color><color #ccc>)</color>//\\
''[[https://git.lede-project.org/?p=source.git;a=commitdiff;h=5c20a4fec923c33175e737e2f956cb748ed5e1d5|5c20a4f]]'' **<nowiki>ubox:</nowiki>** <nowiki>turn logd into a separate package</nowiki> //<color #ccc>(</color><color #282>+15</color><color #ccc>,</color><color #f00>-3</color><color #ccc>)</color>//\\
''[[https://git.lede-project.org/?p=source.git;a=commitdiff;h=1e1e3ef2fb5d482a56975b0b974046064e548b03|1e1e3ef]]'' <nowiki>LEDE v17.01: set branch defaults</nowiki> //<color #ccc>(</color><color #282>+7</color><color #ccc>,</color><color #f00>-11</color><color #ccc>)</color>//\\
''[[https://git.lede-project.org/?p=source.git;a=commitdiff;h=c76da7757323d268b394cbda2e4748eedbb2496a|c76da77]]'' **<nowiki>git-kernel:</nowiki>** <nowiki>$(SUBDIR) should always be $(LINUX_VERSION)</nowiki> //<color #ccc>(</color><color #282>+1</color><color #ccc>,</color><color #f00>-1</color><color #ccc>)</color>//\\
''[[https://git.lede-project.org/?p=source.git;a=commitdiff;h=e775adead80869135598b54b5e35e59af67ba6b7|e775ade]]'' **<nowiki>build:</nowiki>** <nowiki>remove obsolete mips32r2 CPU_TYPE</nowiki> //<color #ccc>(</color><color #f00>-1</color><color #ccc>)</color>//\\
''[[https://git.lede-project.org/?p=source.git;a=commitdiff;h=392cccb7f4189cb8f2f62df467af980b593ce073|392cccb]]'' **<nowiki>build:</nowiki>** <nowiki>remove mips16 feature flag from target makefiles</nowiki> //<color #ccc>(</color><color #282>+11</color><color #ccc>,</color><color #f00>-9</color><color #ccc>)</color>//\\
''[[https://git.lede-project.org/?p=source.git;a=commitdiff;h=b630d525c88e824d250f5c565356ed870c16330e|b630d52]]'' **<nowiki>x86:</nowiki>** <nowiki>unify CPU_TYPE for legacy and geode</nowiki> //<color #ccc>(</color><color #282>+2</color><color #ccc>,</color><color #f00>-5</color><color #ccc>)</color>//\\
''[[https://git.lede-project.org/?p=source.git;a=commitdiff;h=04a508512790017c768acf887cf0ac52daaba234|04a5085]]'' **<nowiki>include/rootfs.mk:</nowiki>** <nowiki>keep Require-User lines with CONFIG_CLEAN_IPKG</nowiki> //<color #ccc>(</color><color #282>+9</color><color #ccc>,</color><color #f00>-1</color><color #ccc>)</color>//\\
''[[https://git.lede-project.org/?p=source.git;a=commitdiff;h=76f1b9457d88b9ae2f0f578c10c4155c23c03c24|76f1b94]]'' **<nowiki>download.pl:</nowiki>** <nowiki>fix detecting download errors with curl</nowiki> //<color #ccc>(</color><color #282>+1</color><color #ccc>,</color><color #f00>-1</color><color #ccc>)</color>//\\
''[[https://git.lede-project.org/?p=source.git;a=commitdiff;h=83c9bfad1e8a76e04efe8b540b404a2148374333|83c9bfa]]'' **<nowiki>build:</nowiki>** <nowiki>introduce default HOST_MAKE_VARS for host-builds</nowiki> //<color #ccc>(</color><color #282>+7</color><color #ccc>,</color><color #f00>-1</color><color #ccc>)</color>//\\
''[[https://git.lede-project.org/?p=source.git;a=commitdiff;h=e5bc7bff85ba436f8ad4a1012b15d06d396f0b01|e5bc7bf]]'' **<nowiki>build:</nowiki>** <nowiki>properly pass CPP and CXX flags in HOST_MAKE_VARS</nowiki> //<color #ccc>(</color><color #282>+2</color><color #ccc>,</color><color #f00>-1</color><color #ccc>)</color>//\\
''[[https://git.lede-project.org/?p=source.git;a=commitdiff;h=4d561b3a30c2bba4d525df2c13c4a938cef92b3e|4d561b3]]'' **<nowiki>package-ipkg:</nowiki>** <nowiki>Do not fail build without base-files</nowiki> //<color #ccc>(</color><color #282>+2</color><color #ccc>)</color>//\\
''[[https://git.lede-project.org/?p=source.git;a=commitdiff;h=1b51a49a9dd0314ec44f6a8d69a3f1d35ec743fa|1b51a49]]'' <nowiki>ccache, samba36: fix samba.org addresses to use https</nowiki> //<color #ccc>(</color><color #282>+8</color><color #ccc>,</color><color #f00>-7</color><color #ccc>)</color>//\\
''[[https://git.lede-project.org/?p=source.git;a=commitdiff;h=72c65c6213bce272ca7ef08f45885c33fbb8e23f|72c65c6]]'' **<nowiki>scripts/om-fwupgradecfg-gen.sh:</nowiki>** <nowiki>add support for the A60</nowiki> //<color #ccc>(</color><color #282>+2</color><color #ccc>,</color><color #f00>-2</color><color #ccc>)</color>//\\
''[[https://git.lede-project.org/?p=source.git;a=commitdiff;h=b8c9ded999bd740c6a7c5e2816f047f957f795ee|b8c9ded]]'' **<nowiki>build:</nowiki>** <nowiki>add buildbot specific config option for setting defaults</nowiki> //<color #ccc>(</color><color #282>+20</color><color #ccc>,</color><color #f00>-5</color><color #ccc>)</color>//\\
''[[https://git.lede-project.org/?p=source.git;a=commitdiff;h=828a024c81bfee065aecfc88d7fe0f2409ef77d7|828a024]]'' **<nowiki>x86:</nowiki>** <nowiki>Set default baud rate on Geode images to 115200</nowiki> //<color #ccc>(</color><color #f00>-1</color><color #ccc>)</color>//\\
''[[https://git.lede-project.org/?p=source.git;a=commitdiff;h=ac733df99c78f54b4cf9a8710f70a506f73e66fc|ac733df]]'' <nowiki>LEDE v17.01.0: adjust config defaults</nowiki> //<color #ccc>(</color><color #282>+10</color><color #ccc>,</color><color #f00>-8</color><color #ccc>)</color>//\\

==== Build System / Feeds (5 changes) ====
''[[https://git.lede-project.org/?p=source.git;a=commitdiff;h=3bb5f795d116b2b2ead1eda5fb8d63b9d42b2497|3bb5f79]]'' **<nowiki>feeds.conf.default:</nowiki>** <nowiki>disable management feed</nowiki> //<color #ccc>(</color><color #282>+1</color><color #ccc>,</color><color #f00>-1</color><color #ccc>)</color>//\\
''[[https://git.lede-project.org/?p=source.git;a=commitdiff;h=4e5a8c4c6d8be7faca5a1adfe8c3838645532b7d|4e5a8c4]]'' **<nowiki>feeds.conf:</nowiki>** <nowiki>disable the targets feed by default</nowiki> //<color #ccc>(</color><color #282>+1</color><color #ccc>,</color><color #f00>-1</color><color #ccc>)</color>//\\
''[[https://git.lede-project.org/?p=source.git;a=commitdiff;h=1e0f650d7d550992296fa61ef94d4abbd5da9555|1e0f650]]'' **<nowiki>feeds:</nowiki>** <nowiki>switch from github to lede-project.org mirrors</nowiki> //<color #ccc>(</color><color #282>+4</color><color #ccc>,</color><color #f00>-4</color><color #ccc>)</color>//\\
''[[https://git.lede-project.org/?p=source.git;a=commitdiff;h=1e1e3ef2fb5d482a56975b0b974046064e548b03|1e1e3ef]]'' <nowiki>LEDE v17.01: set branch defaults</nowiki> //<color #ccc>(</color><color #282>+7</color><color #ccc>,</color><color #f00>-11</color><color #ccc>)</color>//\\
''[[https://git.lede-project.org/?p=source.git;a=commitdiff;h=ac733df99c78f54b4cf9a8710f70a506f73e66fc|ac733df]]'' <nowiki>LEDE v17.01.0: adjust config defaults</nowiki> //<color #ccc>(</color><color #282>+10</color><color #ccc>,</color><color #f00>-8</color><color #ccc>)</color>//\\

==== Build System / Host Utilities (128 changes) ====
''[[https://git.lede-project.org/?p=source.git;a=commitdiff;h=49ad0c565acd16a66d96c4b8d19333eae7855735|49ad0c5]]'' **<nowiki>tools:</nowiki>** <nowiki>fix make_ext4fs build with recent glibc</nowiki> //<color #ccc>(</color><color #282>+5</color><color #ccc>,</color><color #f00>-3</color><color #ccc>)</color>//\\
 => ''[[https://git.openwrt.org/?p=project/make_ext4fs.git;a=commitdiff;h=bf98b86a5df5fcfb658d77fd5e0897ca87a35e8e|bf98b86]]'' <nowiki>Include sys/sysmacros.h explicitely.</nowiki> //<color #ccc>(</color><color #282>+1</color><color #ccc>,</color><color #f00>-2</color><color #ccc>)</color>//\\
''[[https://git.lede-project.org/?p=source.git;a=commitdiff;h=9ec4ca525cdca7f2b0331be7a124dfb9a8b40330|9ec4ca5]]'' **<nowiki>tools:</nowiki>** <nowiki>make-ext4fs: fix build regression on mac os x</nowiki> //<color #ccc>(</color><color #282>+2</color><color #ccc>,</color><color #f00>-2</color><color #ccc>)</color>//\\
''[[https://git.lede-project.org/?p=source.git;a=commitdiff;h=741aa2a81684a89abc246431bef56198aece1693|741aa2a]]'' **<nowiki>tools:</nowiki>** <nowiki>pkg-config: fix build with GCC 6</nowiki> //<color #ccc>(</color><color #282>+18</color><color #ccc>)</color>//\\
''[[https://git.lede-project.org/?p=source.git;a=commitdiff;h=c7e2a89a4d784b744c908ae2bb635d93c1622870|c7e2a89]]'' **<nowiki>tools:</nowiki>** <nowiki>mkimage: sync include/linux/compiler*.h with u-boot master</nowiki> //<color #ccc>(</color><color #282>+702</color><color #ccc>,</color><color #f00>-87</color><color #ccc>)</color>//\\
''[[https://git.lede-project.org/?p=source.git;a=commitdiff;h=ac780e3ac8bd842ebf407ab16f64fbfeec3384e7|ac780e3]]'' **<nowiki>tools/firmware-utils:</nowiki>** <nowiki>remove obsolete firmware utility for airlink 525w</nowiki> //<color #ccc>(</color><color #f00>-333</color><color #ccc>)</color>//\\
''[[https://git.lede-project.org/?p=source.git;a=commitdiff;h=f8abb68e3a1b78ff5a8d616994daa9721fe8fc83|f8abb68]]'' **<nowiki>tools/cmake:</nowiki>** <nowiki>bump to 3.5.2</nowiki> //<color #ccc>(</color><color #282>+2</color><color #ccc>,</color><color #f00>-2</color><color #ccc>)</color>//\\
''[[https://git.lede-project.org/?p=source.git;a=commitdiff;h=955c341d3bec0eb4971a03924e99156367255d7b|955c341]]'' **<nowiki>fw-utils/tplink-safeloader.c:</nowiki>** <nowiki>Add support for Archer C2600</nowiki> //<color #ccc>(</color><color #282>+111</color><color #ccc>,</color><color #f00>-3</color><color #ccc>)</color>//\\
''[[https://git.lede-project.org/?p=source.git;a=commitdiff;h=824147960569f2c1cd22140c9074c62c3df911a5|8241479]]'' **<nowiki>tools/tplink-safeloader:</nowiki>** <nowiki>split CPE210 from CPE510 profile</nowiki> //<color #ccc>(</color><color #282>+24</color><color #ccc>,</color><color #f00>-10</color><color #ccc>)</color>//\\
''[[https://git.lede-project.org/?p=source.git;a=commitdiff;h=f7fb6e49f214e8a38698bab4d33551addbc04439|f7fb6e4]]'' **<nowiki>build:</nowiki>** <nowiki>allow to build LEDE on latest MacOS X</nowiki> //<color #ccc>(</color><color #282>+32</color><color #ccc>)</color>//\\
''[[https://git.lede-project.org/?p=source.git;a=commitdiff;h=7eeb254cc49c4e9f837c980826ec112b9404f341|7eeb254]]'' **<nowiki>treewide:</nowiki>** <nowiki>replace nbd@openwrt.org with nbd@nbd.name</nowiki> //<color #ccc>(</color><color #282>+299</color><color #ccc>,</color><color #f00>-299</color><color #ccc>)</color>//\\
''[[https://git.lede-project.org/?p=source.git;a=commitdiff;h=5610afe20316831c002fbc3079c02a7f8508b994|5610afe]]'' **<nowiki>sparse:</nowiki>** <nowiki>update to support llvm 3.5.0</nowiki> //<color #ccc>(</color><color #282>+6</color><color #ccc>,</color><color #f00>-3</color><color #ccc>)</color>//\\
''[[https://git.lede-project.org/?p=source.git;a=commitdiff;h=6e0eccc5aa81b28f99a8528c72215613e2e9624e|6e0eccc]]'' **<nowiki>tools/firmware-utils:</nowiki>** <nowiki>Add Archer C50 to mktplinkfw2</nowiki> //<color #ccc>(</color><color #282>+7</color><color #ccc>)</color>//\\
''[[https://git.lede-project.org/?p=source.git;a=commitdiff;h=5a5934f0c2ca51b5354370e97bb8662e75041756|5a5934f]]'' **<nowiki>tools/mkfwimage2:</nowiki>** <nowiki>remove 256 length limit for partition images</nowiki> //<color #ccc>(</color><color #282>+5</color><color #ccc>,</color><color #f00>-1</color><color #ccc>)</color>//\\
''[[https://git.lede-project.org/?p=source.git;a=commitdiff;h=719fd09d91682c00c18bb29c7785638a1a83b622|719fd09]]'' **<nowiki>tools:</nowiki>** <nowiki>build msdostools for omap</nowiki> //<color #ccc>(</color><color #282>+1</color><color #ccc>,</color><color #f00>-1</color><color #ccc>)</color>//\\
''[[https://git.lede-project.org/?p=source.git;a=commitdiff;h=f966ea2f49ffdf13d5049bad70f7bb4f7c4c9f4a|f966ea2]]'' **<nowiki>firmware-utils:</nowiki>** <nowiki>oseama: support extracting entity</nowiki> //<color #ccc>(</color><color #282>+134</color><color #ccc>)</color>//\\
''[[https://git.lede-project.org/?p=source.git;a=commitdiff;h=96db10752483cb07f822686482b44be6c21fbb5f|96db107]]'' **<nowiki>tools/cmake:</nowiki>** <nowiki>fix parallel build with Make 4.2+</nowiki> //<color #ccc>(</color><color #282>+3</color><color #ccc>,</color><color #f00>-2</color><color #ccc>)</color>//\\
''[[https://git.lede-project.org/?p=source.git;a=commitdiff;h=ee613097bee89eec370c2118614ac39f65ea1f21|ee61309]]'' **<nowiki>tools:</nowiki>** <nowiki>patch-image: Added optional size option</nowiki> //<color #ccc>(</color><color #282>+24</color><color #ccc>,</color><color #f00>-12</color><color #ccc>)</color>//\\
''[[https://git.lede-project.org/?p=source.git;a=commitdiff;h=f97ad870e11ebe5f3dcf833dda6c83b9165b37cb|f97ad87]]'' **<nowiki>squashfs4:</nowiki>** <nowiki>use upstream xz compression header format</nowiki> //<color #ccc>(</color><color #282>+1</color><color #ccc>,</color><color #f00>-76</color><color #ccc>)</color>//\\
''[[https://git.lede-project.org/?p=source.git;a=commitdiff;h=819cf75c408e1f03f95d516d87361d0047079d5b|819cf75]]'' **<nowiki>tools:</nowiki>** <nowiki>e2fsprogs: bump to 1.43.1</nowiki> //<color #ccc>(</color><color #282>+6</color><color #ccc>,</color><color #f00>-16</color><color #ccc>)</color>//\\
''[[https://git.lede-project.org/?p=source.git;a=commitdiff;h=d635ef50c5cb9aaca718b6418feea378b450c3a8|d635ef5]]'' **<nowiki>e2fsprogs:</nowiki>** <nowiki>fix build problem with very old libmagic</nowiki> //<color #ccc>(</color><color #282>+25</color><color #ccc>)</color>//\\
''[[https://git.lede-project.org/?p=source.git;a=commitdiff;h=a1b52e2b53f20e39894e5e80e7fc08c1950d9224|a1b52e2]]'' **<nowiki>dosfstools:</nowiki>** <nowiki>update to v4.0</nowiki> //<color #ccc>(</color><color #282>+43</color><color #ccc>,</color><color #f00>-2.5K</color><color #ccc>)</color>//\\
''[[https://git.lede-project.org/?p=source.git;a=commitdiff;h=17ee6bb8f344dd1db027186de272badb6ba2020b|17ee6bb]]'' **<nowiki>tools:</nowiki>** <nowiki>add kernel2minor utility for Mikrotik devices</nowiki> //<color #ccc>(</color><color #282>+38</color><color #ccc>,</color><color #f00>-2</color><color #ccc>)</color>//\\
''[[https://git.lede-project.org/?p=source.git;a=commitdiff;h=01fc738b46c0df35b41806c99f32d132743dbe59|01fc738]]'' **<nowiki>tools:</nowiki>** <nowiki>build b43 tools if the SDK was enabled</nowiki> //<color #ccc>(</color><color #282>+1</color><color #ccc>,</color><color #f00>-1</color><color #ccc>)</color>//\\
''[[https://git.lede-project.org/?p=source.git;a=commitdiff;h=d06b68fe83ebb969baa64335779045d80bc41f89|d06b68f]]'' **<nowiki>tools:</nowiki>** <nowiki>padjffs2: add option to output padding data to stdout</nowiki> //<color #ccc>(</color><color #282>+16</color><color #ccc>,</color><color #f00>-4</color><color #ccc>)</color>//\\
''[[https://git.lede-project.org/?p=source.git;a=commitdiff;h=57530dbec64c4dbbec78b00bac818403447b3318|57530db]]'' **<nowiki>dosfstools:</nowiki>** <nowiki>fix build on OS X</nowiki> //<color #ccc>(</color><color #282>+2</color><color #ccc>,</color><color #f00>-10</color><color #ccc>)</color>//\\
''[[https://git.lede-project.org/?p=source.git;a=commitdiff;h=dc8da205cb41de5a734103606ed40b990905cf86|dc8da20]]'' **<nowiki>tools/isl:</nowiki>** <nowiki>bump to 0.17.1</nowiki> //<color #ccc>(</color><color #282>+2</color><color #ccc>,</color><color #f00>-2</color><color #ccc>)</color>//\\
''[[https://git.lede-project.org/?p=source.git;a=commitdiff;h=a57d6e2d47688cfa392d6ea7f36ae6f9d84affc5|a57d6e2]]'' **<nowiki>apm821xx:</nowiki>** <nowiki>add support for the Cisco Meraki MR24</nowiki> //<color #ccc>(</color><color #282>+732</color><color #ccc>,</color><color #f00>-10</color><color #ccc>)</color>//\\
''[[https://git.lede-project.org/?p=source.git;a=commitdiff;h=07577c5ebe1a49b5c05659559c2fd220647b33f6|07577c5]]'' **<nowiki>tools:</nowiki>** <nowiki>bring back genext2fs for apm821xx</nowiki> //<color #ccc>(</color><color #282>+688</color><color #ccc>,</color><color #f00>-4</color><color #ccc>)</color>//\\
''[[https://git.lede-project.org/?p=source.git;a=commitdiff;h=188517144e779086355d2ac287944e23af54d024|1885171]]'' **<nowiki>tools:</nowiki>** <nowiki>lzma: reduce copyright noise</nowiki> //<color #ccc>(</color><color #282>+20</color><color #ccc>)</color>//\\
''[[https://git.lede-project.org/?p=source.git;a=commitdiff;h=5d0b180f798ca53cc04be4cec82c7c56b6c25d97|5d0b180]]'' **<nowiki>tools:</nowiki>** <nowiki>flock: add NFSv4 compatibility</nowiki> //<color #ccc>(</color><color #282>+16</color><color #ccc>)</color>//\\
''[[https://git.lede-project.org/?p=source.git;a=commitdiff;h=98b960c218e2cceb0117aa344f4775bebd30655d|98b960c]]'' **<nowiki>tools:</nowiki>** <nowiki>make_ext4fs: support creating empty filesystem images</nowiki> //<color #ccc>(</color><color #282>+3</color><color #ccc>,</color><color #f00>-3</color><color #ccc>)</color>//\\
''[[https://git.lede-project.org/?p=source.git;a=commitdiff;h=95bad62f2a905e8d7e7a935361e8f3664eb3e177|95bad62]]'' **<nowiki>tools:</nowiki>** <nowiki>make_ext4fs: switch to LEDE git mirror</nowiki> //<color #ccc>(</color><color #282>+1</color><color #ccc>,</color><color #f00>-1</color><color #ccc>)</color>//\\
''[[https://git.lede-project.org/?p=source.git;a=commitdiff;h=a247e26a7e3f7562e875c01df02b68cb61920d7d|a247e26]]'' **<nowiki>tools/cmake:</nowiki>** <nowiki>update to 3.6.1</nowiki> //<color #ccc>(</color><color #282>+7</color><color #ccc>,</color><color #f00>-7</color><color #ccc>)</color>//\\
''[[https://git.lede-project.org/?p=source.git;a=commitdiff;h=5216af7b058f1c175e9c9883f17c21e811b45b93|5216af7]]'' **<nowiki>tools/scons:</nowiki>** <nowiki>update to 2.5.0</nowiki> //<color #ccc>(</color><color #282>+2</color><color #ccc>,</color><color #f00>-2</color><color #ccc>)</color>//\\
''[[https://git.lede-project.org/?p=source.git;a=commitdiff;h=3d20f56c1334b648cac8eff6037c4488168660a3|3d20f56]]'' **<nowiki>tools/gmp:</nowiki>** <nowiki>update to 6.1.1</nowiki> //<color #ccc>(</color><color #282>+2</color><color #ccc>,</color><color #f00>-2</color><color #ccc>)</color>//\\
''[[https://git.lede-project.org/?p=source.git;a=commitdiff;h=c41506625a87dae1596c0b74fe74dec14005fd82|c415066]]'' **<nowiki>tools/tar:</nowiki>** <nowiki>Bump to 1.29</nowiki> //<color #ccc>(</color><color #282>+2</color><color #ccc>,</color><color #f00>-19</color><color #ccc>)</color>//\\
''[[https://git.lede-project.org/?p=source.git;a=commitdiff;h=c1f4040f709272bfd38db87fabb27637580e6e68|c1f4040]]'' **<nowiki>tools:</nowiki>** <nowiki>Select dosfstools for archs38</nowiki> //<color #ccc>(</color><color #282>+1</color><color #ccc>,</color><color #f00>-1</color><color #ccc>)</color>//\\
''[[https://git.lede-project.org/?p=source.git;a=commitdiff;h=88b16da8c48231058682b5c0348c8e8eb0468c0c|88b16da]]'' **<nowiki>tools:</nowiki>** <nowiki>build GNU date from coreutils on non-Linux systems</nowiki> //<color #ccc>(</color><color #282>+39</color><color #ccc>)</color>//\\
''[[https://git.lede-project.org/?p=source.git;a=commitdiff;h=a4fc62bc0ea4010ddbfbd738453c9db70988a57c|a4fc62b]]'' **<nowiki>firmware-utils:</nowiki>** <nowiki>mktplinkfw: add support for TP-Link's new region codes</nowiki> //<color #ccc>(</color><color #282>+37</color><color #ccc>,</color><color #f00>-32</color><color #ccc>)</color>//\\
''[[https://git.lede-project.org/?p=source.git;a=commitdiff;h=cf76b90a5f32bfadbd2c8d2eaad095fd96ff7961|cf76b90]]'' **<nowiki>tools:</nowiki>** <nowiki>make mtools/dosfstools unconditional</nowiki> //<color #ccc>(</color><color #282>+1</color><color #ccc>,</color><color #f00>-1</color><color #ccc>)</color>//\\
''[[https://git.lede-project.org/?p=source.git;a=commitdiff;h=0ac50a661b4c717f095d11caf51f6e3e610a608d|0ac50a6]]'' **<nowiki>firmware-utils:</nowiki>** <nowiki>mksenaofw: rework option validation</nowiki> //<color #ccc>(</color><color #282>+22</color><color #ccc>,</color><color #f00>-19</color><color #ccc>)</color>//\\
''[[https://git.lede-project.org/?p=source.git;a=commitdiff;h=7219c30da49ae35a5f9dff8f11cd39e667b6b09e|7219c30]]'' <nowiki>firmware-utils mkmerakifw-old: firmware generator for Z1</nowiki> //<color #ccc>(</color><color #282>+370</color><color #ccc>)</color>//\\
''[[https://git.lede-project.org/?p=source.git;a=commitdiff;h=64568cac91cf37edab7211f43263f49799906063|64568ca]]'' **<nowiki>tools/firmware-utils:</nowiki>** <nowiki>fix portability issue in mkmerakifw-old</nowiki> //<color #ccc>(</color><color #282>+1</color><color #ccc>,</color><color #f00>-1</color><color #ccc>)</color>//\\
''[[https://git.lede-project.org/?p=source.git;a=commitdiff;h=997fed94e328315c6055331dbd8d6d4b56d1b454|997fed9]]'' **<nowiki>ptgen:</nowiki>** <nowiki>work around gcc miscompilation</nowiki> //<color #ccc>(</color><color #282>+3</color><color #ccc>,</color><color #f00>-1</color><color #ccc>)</color>//\\
''[[https://git.lede-project.org/?p=source.git;a=commitdiff;h=792e8bc8bb99c688f43bb4cdab56b354c02fd18b|792e8bc]]'' **<nowiki>tools/ccache:</nowiki>** <nowiki>Update ccache 3.3.2 and refresh patch</nowiki> //<color #ccc>(</color><color #282>+6</color><color #ccc>,</color><color #f00>-27</color><color #ccc>)</color>//\\
''[[https://git.lede-project.org/?p=source.git;a=commitdiff;h=b8b807b1a9759e1474bf5d619240c163149bf269|b8b807b]]'' **<nowiki>tools/e2fsprogs:</nowiki>** <nowiki>Update to 1.43.3</nowiki> //<color #ccc>(</color><color #282>+2</color><color #ccc>,</color><color #f00>-2</color><color #ccc>)</color>//\\
''[[https://git.lede-project.org/?p=source.git;a=commitdiff;h=bf567363cd98dd36ffef7312afc066b14bb9237f|bf56736]]'' **<nowiki>tools/expat:</nowiki>** <nowiki>Update to 2.2.0</nowiki> //<color #ccc>(</color><color #282>+3</color><color #ccc>,</color><color #f00>-3</color><color #ccc>)</color>//\\
''[[https://git.lede-project.org/?p=source.git;a=commitdiff;h=d88d55e0dbeb81b3781c31df5d53d27e2a4422ac|d88d55e]]'' **<nowiki>tools/mpfr:</nowiki>** <nowiki>Update to 3.1.5 and change to xz tarball</nowiki> //<color #ccc>(</color><color #282>+3</color><color #ccc>,</color><color #f00>-3</color><color #ccc>)</color>//\\
''[[https://git.lede-project.org/?p=source.git;a=commitdiff;h=fdf200c8935985abae422b7b8f15f5d714b6d6b2|fdf200c]]'' **<nowiki>tools/ppl:</nowiki>** <nowiki>Update to 1.2</nowiki> //<color #ccc>(</color><color #282>+2</color><color #ccc>,</color><color #f00>-2</color><color #ccc>)</color>//\\
''[[https://git.lede-project.org/?p=source.git;a=commitdiff;h=6f1d6fdbaa6da1266b551c37b71a37618e547318|6f1d6fd]]'' **<nowiki>tools/upx:</nowiki>** <nowiki>Update to 3.91 and use new tarball url</nowiki> //<color #ccc>(</color><color #282>+3</color><color #ccc>,</color><color #f00>-3</color><color #ccc>)</color>//\\
''[[https://git.lede-project.org/?p=source.git;a=commitdiff;h=ea91dda3278a68c48cd5566afc87b4a2c77a5fb7|ea91dda]]'' **<nowiki>tools/patchelf:</nowiki>** <nowiki>Update to 0.9 and remove patch</nowiki> //<color #ccc>(</color><color #282>+2</color><color #ccc>,</color><color #f00>-10</color><color #ccc>)</color>//\\
''[[https://git.lede-project.org/?p=source.git;a=commitdiff;h=720f8eb18ec1201998734d59bd12e97105bed604|720f8eb]]'' **<nowiki>ccache:</nowiki>** <nowiki>disable assembler support, it breaks kernel initramfs images</nowiki> //<color #ccc>(</color><color #282>+32</color><color #ccc>)</color>//\\
''[[https://git.lede-project.org/?p=source.git;a=commitdiff;h=9edfe7dd13d973b2d0c754d79dabdeebaeb13d49|9edfe7d]]'' **<nowiki>source:</nowiki>** <nowiki>Switch to xz for packages and tools where possible</nowiki> //<color #ccc>(</color><color #282>+96</color><color #ccc>,</color><color #f00>-71</color><color #ccc>)</color>//\\
''[[https://git.lede-project.org/?p=source.git;a=commitdiff;h=e68c0a1325f86a757d33d252e687ee7c9f74a8b7|e68c0a1]]'' **<nowiki>tools:</nowiki>** <nowiki>xz: use .bz2 archive</nowiki> //<color #ccc>(</color><color #282>+10</color><color #ccc>,</color><color #f00>-13</color><color #ccc>)</color>//\\
''[[https://git.lede-project.org/?p=source.git;a=commitdiff;h=adb156600966ed7629471688c81f18cf893ef452|adb1566]]'' **<nowiki>tools:</nowiki>** <nowiki>tar: use .bz2 archive</nowiki> //<color #ccc>(</color><color #282>+2</color><color #ccc>,</color><color #f00>-2</color><color #ccc>)</color>//\\
''[[https://git.lede-project.org/?p=source.git;a=commitdiff;h=575d3865908bf46568e6ee039ca47cf517abd9ee|575d386]]'' **<nowiki>tools:</nowiki>** <nowiki>make all tools depend on xz</nowiki> //<color #ccc>(</color><color #282>+3</color><color #ccc>)</color>//\\
''[[https://git.lede-project.org/?p=source.git;a=commitdiff;h=27950ddc0e6069b64e40a8caf203b595a58f741b|27950dd]]'' **<nowiki>tools:</nowiki>** <nowiki>xz: force building without ccache</nowiki> //<color #ccc>(</color><color #282>+3</color><color #ccc>)</color>//\\
''[[https://git.lede-project.org/?p=source.git;a=commitdiff;h=66a62b896624939f8e33bcbd5c5639f53a29c289|66a62b8]]'' **<nowiki>tools:</nowiki>** <nowiki>do not apply ccache dependency to xz</nowiki> //<color #ccc>(</color><color #282>+1</color><color #ccc>,</color><color #f00>-1</color><color #ccc>)</color>//\\
''[[https://git.lede-project.org/?p=source.git;a=commitdiff;h=87b2b89959e0cfed7946a3712355642395750ca9|87b2b89]]'' **<nowiki>tools:</nowiki>** <nowiki>remove old mkdosfs symlink from dosfstools</nowiki> //<color #ccc>(</color><color #282>+4</color><color #ccc>,</color><color #f00>-5</color><color #ccc>)</color>//\\
''[[https://git.lede-project.org/?p=source.git;a=commitdiff;h=4bbc6fb7b7e78496bf08f0d3a80c0e8f15bfe244|4bbc6fb]]'' **<nowiki>tools:</nowiki>** <nowiki>improve and simplify dosfstools</nowiki> //<color #ccc>(</color><color #282>+27</color><color #ccc>,</color><color #f00>-11</color><color #ccc>)</color>//\\
''[[https://git.lede-project.org/?p=source.git;a=commitdiff;h=5f0965f8d26a83df8c8bac192798ff86753557d6|5f0965f]]'' **<nowiki>dosfstools:</nowiki>** <nowiki>fix autotools dependency</nowiki> //<color #ccc>(</color><color #282>+2</color><color #ccc>)</color>//\\
''[[https://git.lede-project.org/?p=source.git;a=commitdiff;h=b306f8254f5c03d0d73bacb20255c96752fc7748|b306f82]]'' **<nowiki>tools:</nowiki>** <nowiki>add missing dependency for dosfstools</nowiki> //<color #ccc>(</color><color #282>+1</color><color #ccc>)</color>//\\
''[[https://git.lede-project.org/?p=source.git;a=commitdiff;h=ee7ef227f08946db03569a5e382927877d1a1952|ee7ef22]]'' **<nowiki>tools/libressl:</nowiki>** <nowiki>Update to 2.5.0 and use mirrors</nowiki> //<color #ccc>(</color><color #282>+5</color><color #ccc>,</color><color #f00>-3</color><color #ccc>)</color>//\\
''[[https://git.lede-project.org/?p=source.git;a=commitdiff;h=f5aa4590433638e6b2c191412fa802ae5a64cdc9|f5aa459]]'' **<nowiki>ar71xx:</nowiki>** <nowiki>Add support to TP-Link EAP120</nowiki> //<color #ccc>(</color><color #282>+269</color><color #ccc>,</color><color #f00>-1</color><color #ccc>)</color>//\\
''[[https://git.lede-project.org/?p=source.git;a=commitdiff;h=55eb6ed0615683eb2d407794db8629e12920f58c|55eb6ed]]'' **<nowiki>firmware-utils:</nowiki>** <nowiki>mkwrggimg: new tool for D-Link DAP-2695</nowiki> //<color #ccc>(</color><color #282>+283</color><color #ccc>)</color>//\\
''[[https://git.lede-project.org/?p=source.git;a=commitdiff;h=00d1e6c75e0a3317331e2e8a9d3e426f0cdc8584|00d1e6c]]'' **<nowiki>firmware-utils:</nowiki>** <nowiki>fix compilation on MacOS X</nowiki> //<color #ccc>(</color><color #282>+1</color><color #ccc>)</color>//\\
''[[https://git.lede-project.org/?p=source.git;a=commitdiff;h=016520330440cb0aca4367150911721b748f75e8|0165203]]'' **<nowiki>ar71xx:</nowiki>** <nowiki>add support for Buffalo BHR-4GRV2</nowiki> //<color #ccc>(</color><color #282>+442</color><color #ccc>,</color><color #f00>-4</color><color #ccc>)</color>//\\
''[[https://git.lede-project.org/?p=source.git;a=commitdiff;h=a4814c744ce4aae6fbf62621d9c62476ca5ce28d|a4814c7]]'' **<nowiki>firmware-utils:</nowiki>** <nowiki>add tool to create zyxel images</nowiki> //<color #ccc>(</color><color #282>+149</color><color #ccc>)</color>//\\
''[[https://git.lede-project.org/?p=source.git;a=commitdiff;h=ea249f01b17f453700da533ce6f045c7a8c75856|ea249f0]]'' **<nowiki>firmware-utils:</nowiki>** <nowiki>tplink-safeloader: add struct device_info</nowiki> //<color #ccc>(</color><color #282>+19</color><color #ccc>,</color><color #f00>-6</color><color #ccc>)</color>//\\
''[[https://git.lede-project.org/?p=source.git;a=commitdiff;h=fd924d2068f27e7622534990a6c90348597cd214|fd924d2]]'' **<nowiki>firmware-utils:</nowiki>** <nowiki>tplink-safeloader: use one function for generating images</nowiki> //<color #ccc>(</color><color #282>+29</color><color #ccc>,</color><color #f00>-79</color><color #ccc>)</color>//\\
''[[https://git.lede-project.org/?p=source.git;a=commitdiff;h=222783c65c49a3cb7d50ff9cb98e6672aede6700|222783c]]'' **<nowiki>firmware-utils:</nowiki>** <nowiki>tplink-safeloader: add Archer C9 support</nowiki> //<color #ccc>(</color><color #282>+33</color><color #ccc>)</color>//\\
''[[https://git.lede-project.org/?p=source.git;a=commitdiff;h=0d3be662ce722011f000dfd4ddee2e8f45067980|0d3be66]]'' **<nowiki>firmware-utils:</nowiki>** <nowiki>tplink-safeloader: keep per-device info on trailing char</nowiki> //<color #ccc>(</color><color #282>+11</color><color #ccc>,</color><color #f00>-5</color><color #ccc>)</color>//\\
''[[https://git.lede-project.org/?p=source.git;a=commitdiff;h=a72e1692b8b35d61587d75cf1800eef934203cd2|a72e169]]'' **<nowiki>firmware-utils:</nowiki>** <nowiki>Add support for the Cisco Meraki MX60/MX60W</nowiki> //<color #ccc>(</color><color #282>+58</color><color #ccc>,</color><color #f00>-11</color><color #ccc>)</color>//\\
''[[https://git.lede-project.org/?p=source.git;a=commitdiff;h=a6e790b20253aa53f9a82a3331cc59fe40ff7ff7|a6e790b]]'' **<nowiki>tools/scons:</nowiki>** <nowiki>update to 2.5.1</nowiki> //<color #ccc>(</color><color #282>+2</color><color #ccc>,</color><color #f00>-2</color><color #ccc>)</color>//\\
''[[https://git.lede-project.org/?p=source.git;a=commitdiff;h=a22464b92f2eedb7951237e0d8d505188d32ddc0|a22464b]]'' **<nowiki>tools/quilt:</nowiki>** <nowiki>update to 0.65</nowiki> //<color #ccc>(</color><color #282>+3</color><color #ccc>,</color><color #f00>-3</color><color #ccc>)</color>//\\
''[[https://git.lede-project.org/?p=source.git;a=commitdiff;h=2c05fd7ef429cd4f10f44adf604bbc814b189c6b|2c05fd7]]'' **<nowiki>tools/cmake:</nowiki>** <nowiki>update to 3.7.0</nowiki> //<color #ccc>(</color><color #282>+6</color><color #ccc>,</color><color #f00>-6</color><color #ccc>)</color>//\\
''[[https://git.lede-project.org/?p=source.git;a=commitdiff;h=97eff5cba52076da476f028b02bae34fd1f3a9f6|97eff5c]]'' **<nowiki>firmware-utils:</nowiki>** <nowiki>Fix build failure in mkmerakifw.c FS#298</nowiki> //<color #ccc>(</color><color #282>+9</color><color #ccc>,</color><color #f00>-9</color><color #ccc>)</color>//\\
''[[https://git.lede-project.org/?p=source.git;a=commitdiff;h=cb7ab730c76c47bbcb1f8ba4cd8df8d4b1071e55|cb7ab73]]'' **<nowiki>firmware-utils:</nowiki>** <nowiki>replace md5 code with Alexander Peslyak's implementation</nowiki> //<color #ccc>(</color><color #282>+306</color><color #ccc>,</color><color #f00>-337</color><color #ccc>)</color>//\\
''[[https://git.lede-project.org/?p=source.git;a=commitdiff;h=70b104f98c0657323b28fce140b73a94bf3eb756|70b104f]]'' **<nowiki>tools:</nowiki>** <nowiki>mkimage: fix build with OpenSSL 1.1.x (FS#182)</nowiki> //<color #ccc>(</color><color #282>+97</color><color #ccc>)</color>//\\
''[[https://git.lede-project.org/?p=source.git;a=commitdiff;h=e678c9f764c37f963e6667777b6a05bddcf05ea5|e678c9f]]'' **<nowiki>mkimage:</nowiki>** <nowiki>fix openssl 1.1.x compat fix with libressl</nowiki> //<color #ccc>(</color><color #282>+1</color><color #ccc>,</color><color #f00>-1</color><color #ccc>)</color>//\\
''[[https://git.lede-project.org/?p=source.git;a=commitdiff;h=7abd011b0a33d6fe490a1ce68805103348375f51|7abd011]]'' **<nowiki>tools:</nowiki>** <nowiki>cmake: import upstream patch for OpenSSL 1.1.x compatibility</nowiki> //<color #ccc>(</color><color #282>+379</color><color #ccc>)</color>//\\
''[[https://git.lede-project.org/?p=source.git;a=commitdiff;h=83697ec389ceaae3e93413c9309e93e816f5c6c6|83697ec]]'' **<nowiki>tools:</nowiki>** <nowiki>cmake: import another upstream commit for OpenSSL backwards compatibility</nowiki> //<color #ccc>(</color><color #282>+191</color><color #ccc>,</color><color #f00>-1</color><color #ccc>)</color>//\\
''[[https://git.lede-project.org/?p=source.git;a=commitdiff;h=0b3b8c83c047137ed83f5697ed44c04dbed5bbeb|0b3b8c8]]'' **<nowiki>tools:</nowiki>** <nowiki>cmake: fix compatibility with LibreSSL as well</nowiki> //<color #ccc>(</color><color #282>+22</color><color #ccc>)</color>//\\
''[[https://git.lede-project.org/?p=source.git;a=commitdiff;h=a2457722918f602c4d9573c3d617ecc6af616bec|a245772]]'' **<nowiki>tools/upslug2:</nowiki>** <nowiki>add SHA256 hash to use mirror tarball</nowiki> //<color #ccc>(</color><color #282>+1</color><color #ccc>)</color>//\\
''[[https://git.lede-project.org/?p=source.git;a=commitdiff;h=d1a2c3f9b1f79baca2d16b8bf8bd6c409ee56e2e|d1a2c3f]]'' **<nowiki>firmware-utils:</nowiki>** <nowiki>tplink-safeloader: update support lists for CPE210/510/...</nowiki> //<color #ccc>(</color><color #282>+14</color><color #ccc>,</color><color #f00>-4</color><color #ccc>)</color>//\\
''[[https://git.lede-project.org/?p=source.git;a=commitdiff;h=38ebd1d133e247d80106a71af64587af8dc198c2|38ebd1d]]'' **<nowiki>firmware-utils:</nowiki>** <nowiki>add E2100L support to addpattern.c</nowiki> //<color #ccc>(</color><color #282>+7</color><color #ccc>)</color>//\\
''[[https://git.lede-project.org/?p=source.git;a=commitdiff;h=720b99215da295a2e7b4acdef30b58bec6acedc2|720b992]]'' **<nowiki>treewide:</nowiki>** <nowiki>clean up download hashes</nowiki> //<color #ccc>(</color><color #282>+300</color><color #ccc>,</color><color #f00>-283</color><color #ccc>)</color>//\\
''[[https://git.lede-project.org/?p=source.git;a=commitdiff;h=7a315b0b5d6aa91695853a8647383876e4b49a7a|7a315b0]]'' **<nowiki>build:</nowiki>** <nowiki>implement make check and make package/X/check</nowiki> //<color #ccc>(</color><color #282>+103</color><color #ccc>,</color><color #f00>-22</color><color #ccc>)</color>//\\
''[[https://git.lede-project.org/?p=source.git;a=commitdiff;h=180e93ba8b1b72a80d05c59497f63f28728f17ce|180e93b]]'' **<nowiki>build:</nowiki>** <nowiki>add CHECK_ALL variable to allow make download/check to include not sel...</nowiki> //<color #ccc>(</color><color #282>+9</color><color #ccc>)</color>//\\
''[[https://git.lede-project.org/?p=source.git;a=commitdiff;h=2b510d97ba9f66ef1e5b40778ed85b47e3b7cbe3|2b510d9]]'' **<nowiki>tar:</nowiki>** <nowiki>fix reproducibility issue</nowiki> //<color #ccc>(</color><color #282>+22</color><color #ccc>)</color>//\\
''[[https://git.lede-project.org/?p=source.git;a=commitdiff;h=d58e8a90769e2f65e26960555c972237a18068f5|d58e8a9]]'' **<nowiki>firmware-utils/tplink-safeloader:</nowiki>** <nowiki>make vendor data optional</nowiki> //<color #ccc>(</color><color #282>+6</color><color #ccc>,</color><color #f00>-8</color><color #ccc>)</color>//\\
''[[https://git.lede-project.org/?p=source.git;a=commitdiff;h=fff6443b5bf62f70b44ce5270129e8ecd7b9a25c|fff6443]]'' **<nowiki>firmware-utils/tplink-safeloader:</nowiki>** <nowiki>refactor code for further board support</nowiki> //<color #ccc>(</color><color #282>+265</color><color #ccc>,</color><color #f00>-301</color><color #ccc>)</color>//\\
''[[https://git.lede-project.org/?p=source.git;a=commitdiff;h=51740990cd1d5375a566454e692b479986cba958|5174099]]'' **<nowiki>firmware-utils:</nowiki>** <nowiki>add support for TL-WR1043ND v4 to mktplinkfw and tplink-safel...</nowiki> //<color #ccc>(</color><color #282>+50</color><color #ccc>)</color>//\\
''[[https://git.lede-project.org/?p=source.git;a=commitdiff;h=0d9d980ecd6fce5708003ed16c3238a680b1b16e|0d9d980]]'' **<nowiki>firmware-utils:</nowiki>** <nowiki>kernel image generator for TP-Link RE450</nowiki> //<color #ccc>(</color><color #282>+363</color><color #ccc>)</color>//\\
''[[https://git.lede-project.org/?p=source.git;a=commitdiff;h=5515edae9f24be2a8c065bca7eb0de264ee4ed22|5515eda]]'' **<nowiki>firmware-utils/tplink-safeloader:</nowiki>** <nowiki>add support for TP-Link RE450</nowiki> //<color #ccc>(</color><color #282>+42</color><color #ccc>)</color>//\\
''[[https://git.lede-project.org/?p=source.git;a=commitdiff;h=c8043137bbd323b1490ae8613eab915ba9c138ee|c804313]]'' **<nowiki>ramips:</nowiki>** <nowiki>Add support to TP-Link Archer MR200</nowiki> //<color #ccc>(</color><color #282>+253</color><color #ccc>,</color><color #f00>-1</color><color #ccc>)</color>//\\
''[[https://git.lede-project.org/?p=source.git;a=commitdiff;h=c7c1cf5618b6ca983c20510814b762eeab4937e5|c7c1cf5]]'' **<nowiki>treewide:</nowiki>** <nowiki>clean up and unify PKG_VERSION for git based downloads</nowiki> //<color #ccc>(</color><color #282>+140</color><color #ccc>,</color><color #f00>-284</color><color #ccc>)</color>//\\
''[[https://git.lede-project.org/?p=source.git;a=commitdiff;h=18300db77a70665c193b188fbd53a6d9e4dbcc1d|18300db]]'' **<nowiki>b43-tools:</nowiki>** <nowiki>fix tarball hash</nowiki> //<color #ccc>(</color><color #282>+1</color><color #ccc>,</color><color #f00>-1</color><color #ccc>)</color>//\\
''[[https://git.lede-project.org/?p=source.git;a=commitdiff;h=3f55e5aeb5ef269db8e64eea1b113cb6daf20327|3f55e5a]]'' **<nowiki>toolchain:</nowiki>** <nowiki>remove ppl/cloog, disable graphite for gcc 4.8</nowiki> //<color #ccc>(</color><color #282>+3</color><color #ccc>,</color><color #f00>-144</color><color #ccc>)</color>//\\
''[[https://git.lede-project.org/?p=source.git;a=commitdiff;h=2fd5ce9488d11c7e6eee7dc30f128bd12be889f5|2fd5ce9]]'' **<nowiki>libressl:</nowiki>** <nowiki>disable shared libraries, fixes build issues</nowiki> //<color #ccc>(</color><color #282>+2</color><color #ccc>)</color>//\\
''[[https://git.lede-project.org/?p=source.git;a=commitdiff;h=54ff3b1defdb8ed34854cc30b7b31b471e5b57c8|54ff3b1]]'' **<nowiki>xz:</nowiki>** <nowiki>Update to 5.2.3</nowiki> //<color #ccc>(</color><color #282>+2</color><color #ccc>,</color><color #f00>-2</color><color #ccc>)</color>//\\
''[[https://git.lede-project.org/?p=source.git;a=commitdiff;h=cd18ff9ed6e14019455b9f48fa663ee829f311a7|cd18ff9]]'' **<nowiki>tools:</nowiki>** <nowiki>gmp: Update to 6.1.2</nowiki> //<color #ccc>(</color><color #282>+2</color><color #ccc>,</color><color #f00>-2</color><color #ccc>)</color>//\\
''[[https://git.lede-project.org/?p=source.git;a=commitdiff;h=f6e6341d896adb78f9b496f71aab8f45e1742d5a|f6e6341]]'' **<nowiki>tools:</nowiki>** <nowiki>build libressl on all systems</nowiki> //<color #ccc>(</color><color #282>+2</color><color #ccc>,</color><color #f00>-18</color><color #ccc>)</color>//\\
''[[https://git.lede-project.org/?p=source.git;a=commitdiff;h=a0993dda5f4c7f69748d527e255522c0e5afeb81|a0993dd]]'' **<nowiki>tools:</nowiki>** <nowiki>make cmake depend on libressl, one of its utilities uses it</nowiki> //<color #ccc>(</color><color #282>+1</color><color #ccc>)</color>//\\
''[[https://git.lede-project.org/?p=source.git;a=commitdiff;h=8160beb014baf55cd917cec50c416b69519c6a4d|8160beb]]'' **<nowiki>cmake:</nowiki>** <nowiki>update to version 3.7.1</nowiki> //<color #ccc>(</color><color #282>+2</color><color #ccc>,</color><color #f00>-571</color><color #ccc>)</color>//\\
''[[https://git.lede-project.org/?p=source.git;a=commitdiff;h=bfb2512a4e3e6b70ed62c73274d6f72317b1c86d|bfb2512]]'' **<nowiki>tools:</nowiki>** <nowiki>make libressl build depend on pkg-config</nowiki> //<color #ccc>(</color><color #282>+1</color><color #ccc>)</color>//\\
''[[https://git.lede-project.org/?p=source.git;a=commitdiff;h=0c03650160d388f5dd83ba3e30da5d8223acf283|0c03650]]'' **<nowiki>tools:</nowiki>** <nowiki>mkimage: use pkg-config to discover libcrypto linker flags</nowiki> //<color #ccc>(</color><color #282>+2</color><color #ccc>,</color><color #f00>-2</color><color #ccc>)</color>//\\
''[[https://git.lede-project.org/?p=source.git;a=commitdiff;h=f9b253147a27d4fbe2558624fc68323ff9de2f22|f9b2531]]'' **<nowiki>tools:</nowiki>** <nowiki>cmake: use pkg-config to discover libcrypto linker flags</nowiki> //<color #ccc>(</color><color #282>+2</color><color #ccc>,</color><color #f00>-1</color><color #ccc>)</color>//\\
''[[https://git.lede-project.org/?p=source.git;a=commitdiff;h=08d73bfdce36e4cbb6e2d3c2ef9073925ac8e7c8|08d73bf]]'' **<nowiki>tools:</nowiki>** <nowiki>cmake: use different approach for passing LDFLAGS</nowiki> //<color #ccc>(</color><color #282>+5</color><color #ccc>,</color><color #f00>-3</color><color #ccc>)</color>//\\
''[[https://git.lede-project.org/?p=source.git;a=commitdiff;h=2ee3e8dd42272f4109830cd26a7fd6f1231ddae8|2ee3e8d]]'' **<nowiki>firmware-utils:</nowiki>** <nowiki>tplink-safeloader: add support for TP-Link WBS210/510 1.2</nowiki> //<color #ccc>(</color><color #282>+62</color><color #ccc>)</color>//\\
''[[https://git.lede-project.org/?p=source.git;a=commitdiff;h=8782672b9019a52806d2824b451a78ceba107847|8782672]]'' **<nowiki>tools/kernel2minor:</nowiki>** <nowiki>fix portability issue</nowiki> //<color #ccc>(</color><color #282>+13</color><color #ccc>)</color>//\\
''[[https://git.lede-project.org/?p=source.git;a=commitdiff;h=476e77c3b7aa055fa5424a2f7ef843d307c4d20d|476e77c]]'' **<nowiki>tools/kernel2minor:</nowiki>** <nowiki>fix endian conversion issues, allow creating little-endia...</nowiki> //<color #ccc>(</color><color #282>+33</color><color #ccc>)</color>//\\
''[[https://git.lede-project.org/?p=source.git;a=commitdiff;h=b9857b21c27c3ba98a400cd797c540baa9f40be1|b9857b2]]'' **<nowiki>tools/kernel2minor:</nowiki>** <nowiki>fix permissions of created files</nowiki> //<color #ccc>(</color><color #282>+11</color><color #ccc>)</color>//\\
''[[https://git.lede-project.org/?p=source.git;a=commitdiff;h=018d80007e6d9469077d938872e605f826010767|018d800]]'' **<nowiki>kernel:</nowiki>** <nowiki>remove ubifs xz decompression support</nowiki> //<color #ccc>(</color><color #282>+5</color><color #ccc>,</color><color #f00>-1.1K</color><color #ccc>)</color>//\\
''[[https://git.lede-project.org/?p=source.git;a=commitdiff;h=a9232ba1ed461adf8ac610edf95ea6ba9963ea34|a9232ba]]'' **<nowiki>tools:</nowiki>** <nowiki>reorganize dependencies, fix build after deleting staging dir</nowiki> //<color #ccc>(</color><color #282>+18</color><color #ccc>,</color><color #f00>-12</color><color #ccc>)</color>//\\
''[[https://git.lede-project.org/?p=source.git;a=commitdiff;h=828a471e8dccf23d8da3ff0719e83b69a1237b51|828a471]]'' **<nowiki>tools:</nowiki>** <nowiki>remove obsolete yaffs tool</nowiki> //<color #ccc>(</color><color #282>+1</color><color #ccc>,</color><color #f00>-176</color><color #ccc>)</color>//\\
''[[https://git.lede-project.org/?p=source.git;a=commitdiff;h=96a940308bc787fe24447ccb8d0aca0befc74736|96a9403]]'' **<nowiki>tools:</nowiki>** <nowiki>libressl: always build as PIC</nowiki> //<color #ccc>(</color><color #282>+1</color><color #ccc>)</color>//\\
''[[https://git.lede-project.org/?p=source.git;a=commitdiff;h=69be65b594c4fafbc4e58dd3cd235547f02a33ca|69be65b]]'' **<nowiki>tools:</nowiki>** <nowiki>mkimage: pass crypto libraries through HOST_LOADLIBES (FS#381)</nowiki> //<color #ccc>(</color><color #282>+2</color><color #ccc>,</color><color #f00>-2</color><color #ccc>)</color>//\\
''[[https://git.lede-project.org/?p=source.git;a=commitdiff;h=43d53399406b08bdfeb78727cd122578aee4894a|43d5339]]'' **<nowiki>tools:</nowiki>** <nowiki>cmake: link librt if needed (FS#381)</nowiki> //<color #ccc>(</color><color #282>+33</color><color #ccc>,</color><color #f00>-3</color><color #ccc>)</color>//\\
''[[https://git.lede-project.org/?p=source.git;a=commitdiff;h=d6de31310cc1924ff077f4f143efa6496e3323aa|d6de313]]'' **<nowiki>cmake:</nowiki>** <nowiki>restore parallel build support for bootstrap</nowiki> //<color #ccc>(</color><color #282>+17</color><color #ccc>,</color><color #f00>-1</color><color #ccc>)</color>//\\
''[[https://git.lede-project.org/?p=source.git;a=commitdiff;h=796977010078c3ed4c2c1ff00e36d815b8c45aa0|7969770]]'' **<nowiki>cmake:</nowiki>** <nowiki>support verbose build that shows compiler commands</nowiki> //<color #ccc>(</color><color #282>+4</color><color #ccc>)</color>//\\
''[[https://git.lede-project.org/?p=source.git;a=commitdiff;h=6f9011f089981776970ca3fb397c483e257f9dde|6f9011f]]'' **<nowiki>cmake:</nowiki>** <nowiki>properly pass host cflags/ldflags to the build</nowiki> //<color #ccc>(</color><color #282>+2</color><color #ccc>,</color><color #f00>-1</color><color #ccc>)</color>//\\
''[[https://git.lede-project.org/?p=source.git;a=commitdiff;h=4fa8f2a7a1493ebb918a687c4ef587f43084bbf1|4fa8f2a]]'' **<nowiki>tools/qemu:</nowiki>** <nowiki>use default host configure rule ; set appropriate vars & args</nowiki> //<color #ccc>(</color><color #282>+7</color><color #ccc>,</color><color #f00>-9</color><color #ccc>)</color>//\\
''[[https://git.lede-project.org/?p=source.git;a=commitdiff;h=e038c600496109593449613bdf2f0580998b39bf|e038c60]]'' **<nowiki>qemu:</nowiki>** <nowiki>rename internal crypto/aes symbols</nowiki> //<color #ccc>(</color><color #282>+7</color><color #ccc>,</color><color #f00>-1</color><color #ccc>)</color>//\\
''[[https://git.lede-project.org/?p=source.git;a=commitdiff;h=47fa00a3d4b41cfa47061814cbd61d4a761bb8a7|47fa00a]]'' **<nowiki>tools:</nowiki>** <nowiki>update kernel2minor to 0.24 version</nowiki> //<color #ccc>(</color><color #282>+4</color><color #ccc>,</color><color #f00>-61</color><color #ccc>)</color>//\\
''[[https://git.lede-project.org/?p=source.git;a=commitdiff;h=82009d4e30556d6e8f68c3634376e778814c4c87|82009d4]]'' **<nowiki>tools/cmake:</nowiki>** <nowiki>remove HOST_CONFIGURE_CMD and re-distribute the args & vars</nowiki> //<color #ccc>(</color><color #282>+2</color><color #ccc>,</color><color #f00>-5</color><color #ccc>)</color>//\\
''[[https://git.lede-project.org/?p=source.git;a=commitdiff;h=1b51a49a9dd0314ec44f6a8d69a3f1d35ec743fa|1b51a49]]'' <nowiki>ccache, samba36: fix samba.org addresses to use https</nowiki> //<color #ccc>(</color><color #282>+8</color><color #ccc>,</color><color #f00>-7</color><color #ccc>)</color>//\\
''[[https://git.lede-project.org/?p=source.git;a=commitdiff;h=eea6df8255bdf7d64124140bd1f138af3c9ed2ee|eea6df8]]'' **<nowiki>tools:</nowiki>** <nowiki>patch-image: fix file descriptor leak.</nowiki> //<color #ccc>(</color><color #f00>-4</color><color #ccc>)</color>//\\

==== Build System / Image Builder (19 changes) ====
''[[https://git.lede-project.org/?p=source.git;a=commitdiff;h=da46d2b228f67bf0ef89d7c4905c548918763f51|da46d2b]]'' **<nowiki>imagebuilder:</nowiki>** <nowiki>fix standalone operation</nowiki> //<color #ccc>(</color><color #282>+2</color><color #ccc>,</color><color #f00>-1</color><color #ccc>)</color>//\\
''[[https://git.lede-project.org/?p=source.git;a=commitdiff;h=b9466382b54892c186dea356e701b5ecec86d8aa|b946638]]'' **<nowiki>imagebuilder:</nowiki>** <nowiki>use correct package directory when bundling kmods and libc</nowiki> //<color #ccc>(</color><color #282>+2</color><color #ccc>,</color><color #f00>-2</color><color #ccc>)</color>//\\
''[[https://git.lede-project.org/?p=source.git;a=commitdiff;h=009a069ec0134a42eb88b610aeb5cfbbb9d36292|009a069]]'' **<nowiki>imagebuilder:</nowiki>** <nowiki>rename OpenWrt into LEDE</nowiki> //<color #ccc>(</color><color #282>+2</color><color #ccc>,</color><color #f00>-2</color><color #ccc>)</color>//\\
''[[https://git.lede-project.org/?p=source.git;a=commitdiff;h=80f4988da31f7ccc01ad24aa1a4a68af2f6f5563|80f4988]]'' **<nowiki>target/imagebuilder:</nowiki>** <nowiki>fix using new device profiles</nowiki> //<color #ccc>(</color><color #282>+9</color><color #ccc>,</color><color #f00>-13</color><color #ccc>)</color>//\\
''[[https://git.lede-project.org/?p=source.git;a=commitdiff;h=f4c4d501e4edc579e74e720b0a9e3f22532b0dab|f4c4d50]]'' **<nowiki>build:</nowiki>** <nowiki>remove profile kernel/build system config override support</nowiki> //<color #ccc>(</color><color #f00>-15</color><color #ccc>)</color>//\\
''[[https://git.lede-project.org/?p=source.git;a=commitdiff;h=9fd8e55132ecfea717062c4f9ee91c79dbe4a427|9fd8e55]]'' **<nowiki>imagebuilder:</nowiki>** <nowiki>Fix sorting package list breaks opkg dependency handling for pr...</nowiki> //<color #ccc>(</color><color #282>+1</color><color #ccc>,</color><color #f00>-1</color><color #ccc>)</color>//\\
''[[https://git.lede-project.org/?p=source.git;a=commitdiff;h=4a7c65340088ed28334854013370c17ce4c4b95f|4a7c653]]'' **<nowiki>IB/SDK/toolchain:</nowiki>** <nowiki>use VERSION_DIST_SANITIZED instead of VERSION_DIST</nowiki> //<color #ccc>(</color><color #282>+3</color><color #ccc>,</color><color #f00>-3</color><color #ccc>)</color>//\\
''[[https://git.lede-project.org/?p=source.git;a=commitdiff;h=2e980479c1eab08dd27d7ec72ecba37e2e17f1d0|2e98047]]'' **<nowiki>IB/SDK/toolchain:</nowiki>** <nowiki>use lower cases filenames</nowiki> //<color #ccc>(</color><color #282>+3</color><color #ccc>,</color><color #f00>-3</color><color #ccc>)</color>//\\
''[[https://git.lede-project.org/?p=source.git;a=commitdiff;h=9ae952cf8cf2f0d7df95434c8b16d13bc1b47fca|9ae952c]]'' **<nowiki>build:</nowiki>** <nowiki>split scripts/metadata.pl into target-metadata.pl and package-metadata.pl</nowiki> //<color #ccc>(</color><color #282>+348</color><color #ccc>,</color><color #f00>-329</color><color #ccc>)</color>//\\
''[[https://git.lede-project.org/?p=source.git;a=commitdiff;h=8265fdcc4dda2554d4f7774e53020136079639b2|8265fdc]]'' **<nowiki>imagebuilder:</nowiki>** <nowiki>strip DEVICE_ prefix from profiles (FS#55)</nowiki> //<color #ccc>(</color><color #282>+6</color><color #ccc>,</color><color #f00>-4</color><color #ccc>)</color>//\\
''[[https://git.lede-project.org/?p=source.git;a=commitdiff;h=37e82e4e42155901756a67ad14f3d5c1335f3b0a|37e82e4]]'' **<nowiki>build:</nowiki>** <nowiki>remove obsolete variables from opkg command</nowiki> //<color #ccc>(</color><color #f00>-6</color><color #ccc>)</color>//\\
''[[https://git.lede-project.org/?p=source.git;a=commitdiff;h=27854a0a84cd2db9539b662a1f1fc95ef7409962|27854a0]]'' **<nowiki>build:</nowiki>** <nowiki>add checksum target</nowiki> //<color #ccc>(</color><color #282>+17</color><color #ccc>)</color>//\\
''[[https://git.lede-project.org/?p=source.git;a=commitdiff;h=71370d2c5543b3073653b601aba26078fdbab682|71370d2]]'' **<nowiki>target/{sdk,imagebuild}:</nowiki>** <nowiki>Fix for symlink-tree</nowiki> //<color #ccc>(</color><color #282>+2</color><color #ccc>,</color><color #f00>-2</color><color #ccc>)</color>//\\
''[[https://git.lede-project.org/?p=source.git;a=commitdiff;h=636a069c42b4c98e52fea949961cceccb8273b1f|636a069]]'' **<nowiki>target/imagebuilder:</nowiki>** <nowiki>Switch to xz compression instead of bz2</nowiki> //<color #ccc>(</color><color #282>+4</color><color #ccc>,</color><color #f00>-4</color><color #ccc>)</color>//\\
''[[https://git.lede-project.org/?p=source.git;a=commitdiff;h=72d751cba9cda9ce3ae46d5e6ab962d2f675e970|72d751c]]'' **<nowiki>build:</nowiki>** <nowiki>rework library bundling</nowiki> //<color #ccc>(</color><color #282>+87</color><color #ccc>,</color><color #f00>-31</color><color #ccc>)</color>//\\
''[[https://git.lede-project.org/?p=source.git;a=commitdiff;h=d1514e8f846ae629614abea7dc4611437698adfe|d1514e8]]'' **<nowiki>imagebuilder:</nowiki>** <nowiki>remove existing root filesystem images</nowiki> //<color #ccc>(</color><color #282>+1</color><color #ccc>)</color>//\\
''[[https://git.lede-project.org/?p=source.git;a=commitdiff;h=619c8fa92209fb1a30d6e68a59a13aaa102a764c|619c8fa]]'' **<nowiki>imagebuilder:</nowiki>** <nowiki>remove existing debug kernel image</nowiki> //<color #ccc>(</color><color #282>+1</color><color #ccc>)</color>//\\
''[[https://git.lede-project.org/?p=source.git;a=commitdiff;h=dfe77be01fb16178efc43350c431f998a3b65ff1|dfe77be]]'' **<nowiki>imagebuilder:</nowiki>** <nowiki>properly escape single quotes in device titles</nowiki> //<color #ccc>(</color><color #282>+1</color><color #ccc>,</color><color #f00>-1</color><color #ccc>)</color>//\\
''[[https://git.lede-project.org/?p=source.git;a=commitdiff;h=b8c9ded999bd740c6a7c5e2816f047f957f795ee|b8c9ded]]'' **<nowiki>build:</nowiki>** <nowiki>add buildbot specific config option for setting defaults</nowiki> //<color #ccc>(</color><color #282>+20</color><color #ccc>,</color><color #f00>-5</color><color #ccc>)</color>//\\

==== Build System / SDK (27 changes) ====
''[[https://git.lede-project.org/?p=source.git;a=commitdiff;h=0f6f518e7aff35e2aad140755f49962c9266820a|0f6f518]]'' **<nowiki>sdk:</nowiki>** <nowiki>fix generation of base feed url</nowiki> //<color #ccc>(</color><color #282>+1</color><color #ccc>,</color><color #f00>-1</color><color #ccc>)</color>//\\
''[[https://git.lede-project.org/?p=source.git;a=commitdiff;h=f8ce7e028d99e3b781961d728ae9e3a4a24e3814|f8ce7e0]]'' **<nowiki>sdk:</nowiki>** <nowiki>do not exclude ccache executable</nowiki> //<color #ccc>(</color><color #282>+2</color><color #ccc>,</color><color #f00>-1</color><color #ccc>)</color>//\\
''[[https://git.lede-project.org/?p=source.git;a=commitdiff;h=484cb91ad597c1a1019355b773a588d6e7f45a8d|484cb91]]'' **<nowiki>sdk:</nowiki>** <nowiki>bundle required firmware files</nowiki> //<color #ccc>(</color><color #282>+2</color><color #ccc>)</color>//\\
''[[https://git.lede-project.org/?p=source.git;a=commitdiff;h=173ac3b7cb2cd0a81c679ca4548a736852b32a13|173ac3b]]'' **<nowiki>sdk:</nowiki>** <nowiki>rename OpenWrt into LEDE</nowiki> //<color #ccc>(</color><color #282>+4</color><color #ccc>,</color><color #f00>-4</color><color #ccc>)</color>//\\
''[[https://git.lede-project.org/?p=source.git;a=commitdiff;h=d79f8909c1bde8376c82537798ce363797033cf9|d79f890]]'' **<nowiki>sdk:</nowiki>** <nowiki>Allow to change ALL* package settings in SDK</nowiki> //<color #ccc>(</color><color #282>+16</color><color #ccc>)</color>//\\
''[[https://git.lede-project.org/?p=source.git;a=commitdiff;h=9eeb267c066819c104a0648620a13f5635702b0b|9eeb267]]'' **<nowiki>sdk:</nowiki>** <nowiki>stop shipping a .config</nowiki> //<color #ccc>(</color><color #f00>-1</color><color #ccc>)</color>//\\
''[[https://git.lede-project.org/?p=source.git;a=commitdiff;h=4ed8e57fd9556b02c0de0caf5b33137110b82d86|4ed8e57]]'' **<nowiki>sdk:</nowiki>** <nowiki>remove redundant symbol declaration</nowiki> //<color #ccc>(</color><color #f00>-7</color><color #ccc>)</color>//\\
''[[https://git.lede-project.org/?p=source.git;a=commitdiff;h=4a7c65340088ed28334854013370c17ce4c4b95f|4a7c653]]'' **<nowiki>IB/SDK/toolchain:</nowiki>** <nowiki>use VERSION_DIST_SANITIZED instead of VERSION_DIST</nowiki> //<color #ccc>(</color><color #282>+3</color><color #ccc>,</color><color #f00>-3</color><color #ccc>)</color>//\\
''[[https://git.lede-project.org/?p=source.git;a=commitdiff;h=2e980479c1eab08dd27d7ec72ecba37e2e17f1d0|2e98047]]'' **<nowiki>IB/SDK/toolchain:</nowiki>** <nowiki>use lower cases filenames</nowiki> //<color #ccc>(</color><color #282>+3</color><color #ccc>,</color><color #f00>-3</color><color #ccc>)</color>//\\
''[[https://git.lede-project.org/?p=source.git;a=commitdiff;h=9da1bf58b68d841e8f0ebb9350c8202500bb03a7|9da1bf5]]'' **<nowiki>sdk:</nowiki>** <nowiki>Fix keeping unset as unset</nowiki> //<color #ccc>(</color><color #282>+40</color><color #ccc>,</color><color #f00>-15</color><color #ccc>)</color>//\\
''[[https://git.lede-project.org/?p=source.git;a=commitdiff;h=3c6b091b65da47286ba4fc81d409023bdcf42629|3c6b091]]'' **<nowiki>sdk:</nowiki>** <nowiki>Allow to configure signed pacakge lists</nowiki> //<color #ccc>(</color><color #282>+4</color><color #ccc>)</color>//\\
''[[https://git.lede-project.org/?p=source.git;a=commitdiff;h=12703d5b294a00fd6a443dae82a0d05f7954b320|12703d5]]'' **<nowiki>sdk:</nowiki>** <nowiki>provide a config symbol for detecting builds within the SDK</nowiki> //<color #ccc>(</color><color #282>+4</color><color #ccc>)</color>//\\
''[[https://git.lede-project.org/?p=source.git;a=commitdiff;h=847cb10f47e3a18768a36435b1c5342cf71617a1|847cb10]]'' **<nowiki>target/sdk:</nowiki>** <nowiki>ship toolchain and kernel module package</nowiki> //<color #ccc>(</color><color #282>+2</color><color #ccc>)</color>//\\
''[[https://git.lede-project.org/?p=source.git;a=commitdiff;h=d4abe72cce2abd39e0f0f013a98d8b40025b58f6|d4abe72]]'' **<nowiki>target/sdk:</nowiki>** <nowiki>update README.SDK to explain dependency handling</nowiki> //<color #ccc>(</color><color #282>+5</color><color #ccc>,</color><color #f00>-1</color><color #ccc>)</color>//\\
''[[https://git.lede-project.org/?p=source.git;a=commitdiff;h=71370d2c5543b3073653b601aba26078fdbab682|71370d2]]'' **<nowiki>target/{sdk,imagebuild}:</nowiki>** <nowiki>Fix for symlink-tree</nowiki> //<color #ccc>(</color><color #282>+2</color><color #ccc>,</color><color #f00>-2</color><color #ccc>)</color>//\\
''[[https://git.lede-project.org/?p=source.git;a=commitdiff;h=8cc922411561dfa6f65fbb492a7bdb6fb9bbb6d5|8cc9224]]'' **<nowiki>sdk:</nowiki>** <nowiki>predefine SOURCE_DATE_EPOCH</nowiki> //<color #ccc>(</color><color #282>+4</color><color #ccc>,</color><color #f00>-1</color><color #ccc>)</color>//\\
''[[https://git.lede-project.org/?p=source.git;a=commitdiff;h=9f61ccd9e34fab1a1b90b846c1144e885401e70a|9f61ccd]]'' **<nowiki>target/sdk:</nowiki>** <nowiki>Switch to xz compression instead of bz2</nowiki> //<color #ccc>(</color><color #282>+4</color><color #ccc>,</color><color #f00>-4</color><color #ccc>)</color>//\\
''[[https://git.lede-project.org/?p=source.git;a=commitdiff;h=59261cbf38001b121f94642a4f225fbe082b1b7d|59261cb]]'' **<nowiki>docs:</nowiki>** <nowiki>remove all refrences in Makefiles/scripts</nowiki> //<color #ccc>(</color><color #282>+2</color><color #ccc>,</color><color #f00>-9</color><color #ccc>)</color>//\\
''[[https://git.lede-project.org/?p=source.git;a=commitdiff;h=72d751cba9cda9ce3ae46d5e6ab962d2f675e970|72d751c]]'' **<nowiki>build:</nowiki>** <nowiki>rework library bundling</nowiki> //<color #ccc>(</color><color #282>+87</color><color #ccc>,</color><color #f00>-31</color><color #ccc>)</color>//\\
''[[https://git.lede-project.org/?p=source.git;a=commitdiff;h=3e521fa11227b54d25c93aad335a9c4bd696c09a|3e521fa]]'' **<nowiki>sdk:</nowiki>** <nowiki>exclude locale files to save some space</nowiki> //<color #ccc>(</color><color #282>+2</color><color #ccc>,</color><color #f00>-1</color><color #ccc>)</color>//\\
''[[https://git.lede-project.org/?p=source.git;a=commitdiff;h=29a4a17f55e1c6ef8c50370766160a92233813b5|29a4a17]]'' **<nowiki>sdk:</nowiki>** <nowiki>do not strip static libraries</nowiki> //<color #ccc>(</color><color #282>+1</color><color #ccc>,</color><color #f00>-1</color><color #ccc>)</color>//\\
''[[https://git.lede-project.org/?p=source.git;a=commitdiff;h=cf5f7aa0b6a8ea220ec31c01324ad715ebaa6392|cf5f7aa]]'' **<nowiki>sdk:</nowiki>** <nowiki>avoid using private repository clone urls as base repo entry</nowiki> //<color #ccc>(</color><color #282>+1</color><color #ccc>,</color><color #f00>-1</color><color #ccc>)</color>//\\
''[[https://git.lede-project.org/?p=source.git;a=commitdiff;h=2c4d158d8089c3cf79f7a8279f641d7272a4250a|2c4d158]]'' **<nowiki>sdk:</nowiki>** <nowiki>fix Git URL detection</nowiki> //<color #ccc>(</color><color #282>+5</color><color #ccc>,</color><color #f00>-2</color><color #ccc>)</color>//\\
''[[https://git.lede-project.org/?p=source.git;a=commitdiff;h=f6de4a5025c758e05e53eb12f477a6dd27e4c42e|f6de4a5]]'' **<nowiki>sdk:</nowiki>** <nowiki>explicitely remove ccache directories when packing SDK</nowiki> //<color #ccc>(</color><color #282>+6</color><color #ccc>)</color>//\\
''[[https://git.lede-project.org/?p=source.git;a=commitdiff;h=034a80009cbcd6251a7aed78a4603e4e27cb725b|034a800]]'' **<nowiki>sdk:</nowiki>** <nowiki>clean scripts/config before packing tarball (FS#504)</nowiki> //<color #ccc>(</color><color #282>+1</color><color #ccc>)</color>//\\
''[[https://git.lede-project.org/?p=source.git;a=commitdiff;h=b8c9ded999bd740c6a7c5e2816f047f957f795ee|b8c9ded]]'' **<nowiki>build:</nowiki>** <nowiki>add buildbot specific config option for setting defaults</nowiki> //<color #ccc>(</color><color #282>+20</color><color #ccc>,</color><color #f00>-5</color><color #ccc>)</color>//\\
''[[https://git.lede-project.org/?p=source.git;a=commitdiff;h=f79926cb947f90d8fcbd9bec5804234566eee6b6|f79926c]]'' **<nowiki>sdk:</nowiki>** <nowiki>emit proper tag references for base URLs</nowiki> //<color #ccc>(</color><color #282>+5</color><color #ccc>,</color><color #f00>-3</color><color #ccc>)</color>//\\

==== Build System / Toolchain (49 changes) ====
''[[https://git.lede-project.org/?p=source.git;a=commitdiff;h=fa69553900516944fc43cf7b377105ea1f6d3db0|fa69553]]'' **<nowiki>branding:</nowiki>** <nowiki>add LEDE branding</nowiki> //<color #ccc>(</color><color #282>+76</color><color #ccc>,</color><color #f00>-85</color><color #ccc>)</color>//\\
''[[https://git.lede-project.org/?p=source.git;a=commitdiff;h=4e84c6cbd2f19c91ab4c1319ff8020b38d1f05a7|4e84c6c]]'' **<nowiki>toolchain:</nowiki>** <nowiki>rename OpenWrt into LEDE</nowiki> //<color #ccc>(</color><color #282>+4</color><color #ccc>,</color><color #f00>-4</color><color #ccc>)</color>//\\
''[[https://git.lede-project.org/?p=source.git;a=commitdiff;h=3339f14e84b3857cbd1fc2882908eb6a64e3ad2f|3339f14]]'' **<nowiki>toolchain:</nowiki>** <nowiki>gcc: fix build with GCC 6</nowiki> //<color #ccc>(</color><color #282>+117</color><color #ccc>)</color>//\\
''[[https://git.lede-project.org/?p=source.git;a=commitdiff;h=d354bfde174514973309e788e11c286f1667c2f5|d354bfd]]'' **<nowiki>toolchain:</nowiki>** <nowiki>Bump ARC tools to arc-2016.03</nowiki> //<color #ccc>(</color><color #282>+49</color><color #ccc>,</color><color #f00>-23</color><color #ccc>)</color>//\\
''[[https://git.lede-project.org/?p=source.git;a=commitdiff;h=0c920e3281b281ee3395cbb890121894391aa1d2|0c920e3]]'' **<nowiki>toolchain:</nowiki>** <nowiki>uClibc: Bump to the most recent version 1.0.14</nowiki> //<color #ccc>(</color><color #282>+2</color><color #ccc>,</color><color #f00>-2</color><color #ccc>)</color>//\\
''[[https://git.lede-project.org/?p=source.git;a=commitdiff;h=4a7c65340088ed28334854013370c17ce4c4b95f|4a7c653]]'' **<nowiki>IB/SDK/toolchain:</nowiki>** <nowiki>use VERSION_DIST_SANITIZED instead of VERSION_DIST</nowiki> //<color #ccc>(</color><color #282>+3</color><color #ccc>,</color><color #f00>-3</color><color #ccc>)</color>//\\
''[[https://git.lede-project.org/?p=source.git;a=commitdiff;h=2e980479c1eab08dd27d7ec72ecba37e2e17f1d0|2e98047]]'' **<nowiki>IB/SDK/toolchain:</nowiki>** <nowiki>use lower cases filenames</nowiki> //<color #ccc>(</color><color #282>+3</color><color #ccc>,</color><color #f00>-3</color><color #ccc>)</color>//\\
''[[https://git.lede-project.org/?p=source.git;a=commitdiff;h=7eeb254cc49c4e9f837c980826ec112b9404f341|7eeb254]]'' **<nowiki>treewide:</nowiki>** <nowiki>replace nbd@openwrt.org with nbd@nbd.name</nowiki> //<color #ccc>(</color><color #282>+299</color><color #ccc>,</color><color #f00>-299</color><color #ccc>)</color>//\\
''[[https://git.lede-project.org/?p=source.git;a=commitdiff;h=c5bbb55bab4c3886d143b900be65ee8aba47c9d4|c5bbb55]]'' **<nowiki>toolchain/gdb:</nowiki>** <nowiki>Use correct folder name for ARC patches</nowiki> //<color #ccc>(</color><color #f00>-13</color><color #ccc>)</color>//\\
''[[https://git.lede-project.org/?p=source.git;a=commitdiff;h=74c9b9cfeb0e7cd045b969474a9bcd9ab38bd7d2|74c9b9c]]'' **<nowiki>toolchain:</nowiki>** <nowiki>skip gcc/minimal for musl</nowiki> //<color #ccc>(</color><color #282>+46</color><color #ccc>,</color><color #f00>-48</color><color #ccc>)</color>//\\
''[[https://git.lede-project.org/?p=source.git;a=commitdiff;h=2d3917d5b58281a6f440d57c7ededd43fb82f166|2d3917d]]'' **<nowiki>gcc:</nowiki>** <nowiki>update gcc to version 5.4.0</nowiki> //<color #ccc>(</color><color #282>+15</color><color #ccc>,</color><color #f00>-153</color><color #ccc>)</color>//\\
''[[https://git.lede-project.org/?p=source.git;a=commitdiff;h=9816d2f5f52ef54958a207c83840224749c0c4cb|9816d2f]]'' **<nowiki>musl:</nowiki>** <nowiki>update musl to version 1.1.15</nowiki> //<color #ccc>(</color><color #282>+72</color><color #ccc>,</color><color #f00>-3.7K</color><color #ccc>)</color>//\\
''[[https://git.lede-project.org/?p=source.git;a=commitdiff;h=3e5b50a8a74a6f32e9eb4490529ac9c74b5e3670|3e5b50a]]'' **<nowiki>musl:</nowiki>** <nowiki>remove sh3 workaround</nowiki> //<color #ccc>(</color><color #f00>-6</color><color #ccc>)</color>//\\
''[[https://git.lede-project.org/?p=source.git;a=commitdiff;h=0f4a337b31f2d3bc6baf995fad0a5b05b96adeb2|0f4a337]]'' **<nowiki>toolchain/binutils:</nowiki>** <nowiki>add 2.26.1</nowiki> //<color #ccc>(</color><color #282>+110</color><color #ccc>)</color>//\\
''[[https://git.lede-project.org/?p=source.git;a=commitdiff;h=0aa64508403d3f32c531d769cb78826597305059|0aa6450]]'' **<nowiki>toolchain/gdb:</nowiki>** <nowiki>reorganize patch layout</nowiki> //<color #ccc>(</color><color #282>+1</color><color #ccc>,</color><color #f00>-2</color><color #ccc>)</color>//\\
''[[https://git.lede-project.org/?p=source.git;a=commitdiff;h=d4916359c0e59dc21a4e29eaa1fa807cdac34e7d|d491635]]'' **<nowiki>toolchain/gdb:</nowiki>** <nowiki>update to version 7.11.1</nowiki> //<color #ccc>(</color><color #282>+2</color><color #ccc>,</color><color #f00>-2</color><color #ccc>)</color>//\\
''[[https://git.lede-project.org/?p=source.git;a=commitdiff;h=e031940570e9f0cf0eadd8a17232e3bb487e97db|e031940]]'' **<nowiki>toolchain/gcc:</nowiki>** <nowiki>clean up remaining references to the old linaro version</nowiki> //<color #ccc>(</color><color #282>+2</color><color #ccc>,</color><color #f00>-7</color><color #ccc>)</color>//\\
''[[https://git.lede-project.org/?p=source.git;a=commitdiff;h=a4e90e2cac9d0afb41842b8a197b3acee903b9ad|a4e90e2]]'' **<nowiki>toolchain:</nowiki>** <nowiki>get rid of GCC_VERSION_5 config symbol</nowiki> //<color #ccc>(</color><color #282>+2</color><color #ccc>,</color><color #f00>-7</color><color #ccc>)</color>//\\
''[[https://git.lede-project.org/?p=source.git;a=commitdiff;h=445604a915e8ed4669b3ef3c622259c7ca0081c1|445604a]]'' **<nowiki>toolchain/gcc:</nowiki>** <nowiki>add 6.1.0</nowiki> //<color #ccc>(</color><color #282>+892</color><color #ccc>)</color>//\\
''[[https://git.lede-project.org/?p=source.git;a=commitdiff;h=ab3bf82e016eb0c1d7fa253555e9ce8e95c9ff1d|ab3bf82]]'' **<nowiki>toolchain/gcc:</nowiki>** <nowiki>disable libmpx to fix build errors on x86 with gcc 6.1</nowiki> //<color #ccc>(</color><color #282>+1</color><color #ccc>)</color>//\\
''[[https://git.lede-project.org/?p=source.git;a=commitdiff;h=d0619fb02ce1464ccc0aa75ebf28c3b2e1c5e11e|d0619fb]]'' <nowiki>Remove existing old link before creating a new one</nowiki> //<color #ccc>(</color><color #282>+2</color><color #ccc>,</color><color #f00>-1</color><color #ccc>)</color>//\\
''[[https://git.lede-project.org/?p=source.git;a=commitdiff;h=7cc31b52e11ff19a7e7d467be4c3dc0e5755e7a9|7cc31b5]]'' **<nowiki>toolchain/gcc/arc-2016.03:</nowiki>** <nowiki>Fix building on hosts with gcc 6.x</nowiki> //<color #ccc>(</color><color #282>+153</color><color #ccc>)</color>//\\
''[[https://git.lede-project.org/?p=source.git;a=commitdiff;h=ecf7671b769fe96f7b5134be442089f8bdba55d2|ecf7671]]'' **<nowiki>gcc:</nowiki>** <nowiki>add a patch to generate better code with Os on mips</nowiki> //<color #ccc>(</color><color #282>+25</color><color #ccc>)</color>//\\
''[[https://git.lede-project.org/?p=source.git;a=commitdiff;h=360fd10ac9cb92425709c76ded0cd418662e121e|360fd10]]'' **<nowiki>gcc:</nowiki>** <nowiki>optionally build gccgo compiler</nowiki> //<color #ccc>(</color><color #282>+49</color><color #ccc>,</color><color #f00>-2</color><color #ccc>)</color>//\\
''[[https://git.lede-project.org/?p=source.git;a=commitdiff;h=c14485d41af8607ffe1563a52dd209e2e4177acc|c14485d]]'' **<nowiki>toolchain/uClibc:</nowiki>** <nowiki>add missing config symbol</nowiki> //<color #ccc>(</color><color #282>+1</color><color #ccc>)</color>//\\
''[[https://git.lede-project.org/?p=source.git;a=commitdiff;h=c08651226f5645204f91f79d247801033f6015d1|c086512]]'' **<nowiki>toolchain:</nowiki>** <nowiki>include yasm in x86 toolchain</nowiki> //<color #ccc>(</color><color #282>+72</color><color #ccc>,</color><color #f00>-1</color><color #ccc>)</color>//\\
''[[https://git.lede-project.org/?p=source.git;a=commitdiff;h=bf604f35035ae49a3db8a1e1ff67f512a0de86bd|bf604f3]]'' **<nowiki>glibc:</nowiki>** <nowiki>add 2.24</nowiki> //<color #ccc>(</color><color #282>+85</color><color #ccc>,</color><color #f00>-3</color><color #ccc>)</color>//\\
''[[https://git.lede-project.org/?p=source.git;a=commitdiff;h=4badb8a023bf187c235f1e558ab96c41729edbcb|4badb8a]]'' **<nowiki>glibc:</nowiki>** <nowiki>switch to 2.24 by default and remove old versions, fixes security issues</nowiki> //<color #ccc>(</color><color #282>+2</color><color #ccc>,</color><color #f00>-85</color><color #ccc>)</color>//\\
''[[https://git.lede-project.org/?p=source.git;a=commitdiff;h=f29774bee35928d5efc09910568775bd2cecf423|f29774b]]'' **<nowiki>glibc:</nowiki>** <nowiki>re-enable parallel builds</nowiki> //<color #ccc>(</color><color #282>+2</color><color #ccc>,</color><color #f00>-2</color><color #ccc>)</color>//\\
''[[https://git.lede-project.org/?p=source.git;a=commitdiff;h=f8c7e935ef8060b8ab2f5ca52832ef8dfea361bc|f8c7e93]]'' **<nowiki>toolchain/gcc:</nowiki>** <nowiki>bump GCC 6.1.0 to 6.2.0</nowiki> //<color #ccc>(</color><color #282>+8</color><color #ccc>,</color><color #f00>-8</color><color #ccc>)</color>//\\
''[[https://git.lede-project.org/?p=source.git;a=commitdiff;h=81dfbfb069c3c8f3e5499f55b02b1f320208707d|81dfbfb]]'' **<nowiki>target/toolchain:</nowiki>** <nowiki>Fix toolchain packaging without package build</nowiki> //<color #ccc>(</color><color #282>+1</color><color #ccc>)</color>//\\
''[[https://git.lede-project.org/?p=source.git;a=commitdiff;h=77f54eae453db4220547c4c17d29ff91351b06e0|77f54ea]]'' **<nowiki>config:</nowiki>** <nowiki>enable shadow passwords unconditionally</nowiki> //<color #ccc>(</color><color #f00>-5</color><color #ccc>)</color>//\\
''[[https://git.lede-project.org/?p=source.git;a=commitdiff;h=1bc68e13792c793fc8c0f5bb214532552aa0c5e1|1bc68e1]]'' **<nowiki>fortify-headers:</nowiki>** <nowiki>update to 0.8</nowiki> //<color #ccc>(</color><color #282>+2</color><color #ccc>,</color><color #f00>-2</color><color #ccc>)</color>//\\
''[[https://git.lede-project.org/?p=source.git;a=commitdiff;h=c8e68150bfe2578ce7b0681465d08c5f01823db4|c8e6815]]'' **<nowiki>toolchain:</nowiki>** <nowiki>Rework external toolchain libc selection</nowiki> //<color #ccc>(</color><color #282>+26</color><color #ccc>,</color><color #f00>-5</color><color #ccc>)</color>//\\
''[[https://git.lede-project.org/?p=source.git;a=commitdiff;h=95a2e2c8fef1047cac3823f7c549c1031ab731c1|95a2e2c]]'' **<nowiki>toolchain/binutils:</nowiki>** <nowiki>Add binutils 2.27</nowiki> //<color #ccc>(</color><color #282>+110</color><color #ccc>)</color>//\\
''[[https://git.lede-project.org/?p=source.git;a=commitdiff;h=ecc091b0f69af349efe507052fcf826826e12d75|ecc091b]]'' **<nowiki>binutils:</nowiki>** <nowiki>remove old unused versions</nowiki> //<color #ccc>(</color><color #f00>-212</color><color #ccc>)</color>//\\
''[[https://git.lede-project.org/?p=source.git;a=commitdiff;h=0ec2738b21330a3128ce83564bc13a6d44679f0b|0ec2738]]'' **<nowiki>toolchain/gdb:</nowiki>** <nowiki>update to version 7.12</nowiki> //<color #ccc>(</color><color #282>+5</color><color #ccc>,</color><color #f00>-5</color><color #ccc>)</color>//\\
''[[https://git.lede-project.org/?p=source.git;a=commitdiff;h=671cb35880308404a17c430c4b3b13dd506a5671|671cb35]]'' **<nowiki>musl:</nowiki>** <nowiki>fix parsing of quoted time zone names</nowiki> //<color #ccc>(</color><color #282>+11</color><color #ccc>)</color>//\\
''[[https://git.lede-project.org/?p=source.git;a=commitdiff;h=0fe34d27e22599d624b16db85c059c8570853217|0fe34d2]]'' **<nowiki>toolchain:</nowiki>** <nowiki>fix MIPS softfloat build issue for gcc-5.4.0</nowiki> //<color #ccc>(</color><color #282>+174</color><color #ccc>)</color>//\\
''[[https://git.lede-project.org/?p=source.git;a=commitdiff;h=49703b589ba8a5bfad63762e7fad649ab0097fa9|49703b5]]'' **<nowiki>toolchain:</nowiki>** <nowiki>gcc: disable ifunc on *-musl by default</nowiki> //<color #ccc>(</color><color #282>+76</color><color #ccc>)</color>//\\
''[[https://git.lede-project.org/?p=source.git;a=commitdiff;h=565988ab47bd9b96b50608564aee2104aeb4b7ae|565988a]]'' **<nowiki>gcc:</nowiki>** <nowiki>rip out transactional memory related bloat from crtbegin</nowiki> //<color #ccc>(</color><color #282>+22</color><color #ccc>)</color>//\\
''[[https://git.lede-project.org/?p=source.git;a=commitdiff;h=720b99215da295a2e7b4acdef30b58bec6acedc2|720b992]]'' **<nowiki>treewide:</nowiki>** <nowiki>clean up download hashes</nowiki> //<color #ccc>(</color><color #282>+300</color><color #ccc>,</color><color #f00>-283</color><color #ccc>)</color>//\\
''[[https://git.lede-project.org/?p=source.git;a=commitdiff;h=7a315b0b5d6aa91695853a8647383876e4b49a7a|7a315b0]]'' **<nowiki>build:</nowiki>** <nowiki>implement make check and make package/X/check</nowiki> //<color #ccc>(</color><color #282>+103</color><color #ccc>,</color><color #f00>-22</color><color #ccc>)</color>//\\
''[[https://git.lede-project.org/?p=source.git;a=commitdiff;h=3f55e5aeb5ef269db8e64eea1b113cb6daf20327|3f55e5a]]'' **<nowiki>toolchain:</nowiki>** <nowiki>remove ppl/cloog, disable graphite for gcc 4.8</nowiki> //<color #ccc>(</color><color #282>+3</color><color #ccc>,</color><color #f00>-144</color><color #ccc>)</color>//\\
''[[https://git.lede-project.org/?p=source.git;a=commitdiff;h=0a5ccfbadda79f4626202b78326c4d3ffccf9bd1|0a5ccfb]]'' **<nowiki>toolchain/gcc:</nowiki>** <nowiki>update 6.x to 6.3.0</nowiki> //<color #ccc>(</color><color #282>+7</color><color #ccc>,</color><color #f00>-9</color><color #ccc>)</color>//\\
''[[https://git.lede-project.org/?p=source.git;a=commitdiff;h=b97c933ffb5aae338351a1db12a3f7cf5234f5c7|b97c933]]'' **<nowiki>musl:</nowiki>** <nowiki>rename a custom backport patch</nowiki> //<color #ccc>(</color><color #ccc>)</color>//\\
''[[https://git.lede-project.org/?p=source.git;a=commitdiff;h=2912f9f2a2e5997df069d38e20d85ff4cc51acef|2912f9f]]'' **<nowiki>musl:</nowiki>** <nowiki>backport various post-1.1.15 fixes</nowiki> //<color #ccc>(</color><color #282>+1.5K</color><color #ccc>)</color>//\\
''[[https://git.lede-project.org/?p=source.git;a=commitdiff;h=4c4047ec19edcaf39ec83728904d1081bf848894|4c4047e]]'' **<nowiki>musl:</nowiki>** <nowiki>refresh patches</nowiki> //<color #ccc>(</color><color #282>+1</color><color #ccc>,</color><color #f00>-1</color><color #ccc>)</color>//\\
''[[https://git.lede-project.org/?p=source.git;a=commitdiff;h=bce140ebb905617295eff5f2b79152d42d217b32|bce140e]]'' **<nowiki>musl:</nowiki>** <nowiki>update musl to 1.1.16+ and switch to download from git</nowiki> //<color #ccc>(</color><color #282>+7</color><color #ccc>,</color><color #f00>-1.6K</color><color #ccc>)</color>//\\

==== Kernel (340 changes) ====
''[[https://git.lede-project.org/?p=source.git;a=commitdiff;h=9e0401902468a84b701b6361546b9d4a5ff71215|9e04019]]'' **<nowiki>package:</nowiki>** <nowiki>flag essential components as nonshared</nowiki> //<color #ccc>(</color><color #282>+6</color><color #ccc>,</color><color #f00>-1</color><color #ccc>)</color>//\\
''[[https://git.lede-project.org/?p=source.git;a=commitdiff;h=37de17c379a7272dcfb5d4d2a411687207b5c78d|37de17c]]'' **<nowiki>linux:</nowiki>** <nowiki>kmod-e100: use preconverted firmware files</nowiki> //<color #ccc>(</color><color #282>+3</color><color #ccc>,</color><color #f00>-3</color><color #ccc>)</color>//\\
''[[https://git.lede-project.org/?p=source.git;a=commitdiff;h=3faf65e92857aa5466791da3ec623c23af1f8130|3faf65e]]'' **<nowiki>kernel:</nowiki>** <nowiki>update kernel 4.4 to version 4.4.8</nowiki> //<color #ccc>(</color><color #282>+37</color><color #ccc>,</color><color #f00>-236</color><color #ccc>)</color>//\\
''[[https://git.lede-project.org/?p=source.git;a=commitdiff;h=a90ee92337d60fd14b6431adcda9929b955f3408|a90ee92]]'' **<nowiki>kernel:</nowiki>** <nowiki>fix ip6_tunnel compilation</nowiki> //<color #ccc>(</color><color #282>+2</color><color #ccc>,</color><color #f00>-2</color><color #ccc>)</color>//\\
''[[https://git.lede-project.org/?p=source.git;a=commitdiff;h=9eb155353a5f5137ec85a5b5b0287af63c544710|9eb1553]]'' **<nowiki>kernel:</nowiki>** <nowiki>add a workaround to rebuild vdso.so.dbg after genvdso</nowiki> //<color #ccc>(</color><color #282>+11</color><color #ccc>)</color>//\\
''[[https://git.lede-project.org/?p=source.git;a=commitdiff;h=91f205acaf2a44ae75418d2f2cb156149f0df8ae|91f205a]]'' **<nowiki>kernel:</nowiki>** <nowiki>add workaround to rebuild vdso-o32.so.dbg</nowiki> //<color #ccc>(</color><color #282>+13</color><color #ccc>,</color><color #f00>-2</color><color #ccc>)</color>//\\
''[[https://git.lede-project.org/?p=source.git;a=commitdiff;h=23596ca527d2d7a0b197d3f9e8afdb9acd76273a|23596ca]]'' **<nowiki>mediatek:</nowiki>** <nowiki>sync patches and add more ethernet stability fixes</nowiki> //<color #ccc>(</color><color #282>+436</color><color #ccc>,</color><color #f00>-608</color><color #ccc>)</color>//\\
''[[https://git.lede-project.org/?p=source.git;a=commitdiff;h=b062266ad650f5dac98f1e1779f371274c9b2237|b062266]]'' **<nowiki>kernel:</nowiki>** <nowiki>update kernel 4.4 to version 4.4.9</nowiki> //<color #ccc>(</color><color #282>+248</color><color #ccc>,</color><color #f00>-922</color><color #ccc>)</color>//\\
''[[https://git.lede-project.org/?p=source.git;a=commitdiff;h=e042e0d50f1ba7cb35add87954522b5be4d2af30|e042e0d]]'' **<nowiki>kernel:</nowiki>** <nowiki>remove linux 4.3 config</nowiki> //<color #ccc>(</color><color #f00>-4.9K</color><color #ccc>)</color>//\\
''[[https://git.lede-project.org/?p=source.git;a=commitdiff;h=e32b2f92b1912e875cf4a0feedcbe65d7d41e641|e32b2f9]]'' **<nowiki>kernel:</nowiki>** <nowiki>update kernel 4.4 to version 4.4.10</nowiki> //<color #ccc>(</color><color #282>+10</color><color #ccc>,</color><color #f00>-36</color><color #ccc>)</color>//\\
''[[https://git.lede-project.org/?p=source.git;a=commitdiff;h=33d9d6c375373db3dd4b682ab80db62179e35ea5|33d9d6c]]'' **<nowiki>kernel:</nowiki>** <nowiki>add workaround to rebuild vdso-n32.so.dbg too</nowiki> //<color #ccc>(</color><color #282>+9</color><color #ccc>)</color>//\\
''[[https://git.lede-project.org/?p=source.git;a=commitdiff;h=d02f109ee40f534ad8358d89563965f903aa5168|d02f109]]'' **<nowiki>kernel:</nowiki>** <nowiki>remove leftover kernel version for 4.3</nowiki> //<color #ccc>(</color><color #f00>-2</color><color #ccc>)</color>//\\
''[[https://git.lede-project.org/?p=source.git;a=commitdiff;h=7d7fb75df5735a089d183ca3d24c06d4b5178dc8|7d7fb75]]'' **<nowiki>x86:</nowiki>** <nowiki>remove the kvm_guest subtarget</nowiki> //<color #ccc>(</color><color #282>+1</color><color #ccc>,</color><color #f00>-204</color><color #ccc>)</color>//\\
''[[https://git.lede-project.org/?p=source.git;a=commitdiff;h=018807ded328ac5df3ccff74872ca2576733dced|018807d]]'' **<nowiki>x86/xen_domu:</nowiki>** <nowiki>enable xen drivers in the kernel config instead of packaging th...</nowiki> //<color #ccc>(</color><color #282>+17</color><color #ccc>,</color><color #f00>-131</color><color #ccc>)</color>//\\
''[[https://git.lede-project.org/?p=source.git;a=commitdiff;h=42d2eb76285f396c914ee6f17474a1e7788cfb36|42d2eb7]]'' **<nowiki>build:</nowiki>** <nowiki>remove leftover dependenices on TARGET_rdc</nowiki> //<color #ccc>(</color><color #282>+2</color><color #ccc>,</color><color #f00>-2</color><color #ccc>)</color>//\\
''[[https://git.lede-project.org/?p=source.git;a=commitdiff;h=05459a004a7e96c54123f5816fc15408df9b9f53|05459a0]]'' **<nowiki>kernel:</nowiki>** <nowiki>move the old gpio watchdog driver from generic to brcm47xx</nowiki> //<color #ccc>(</color><color #f00>-2</color><color #ccc>)</color>//\\
''[[https://git.lede-project.org/?p=source.git;a=commitdiff;h=e288e1bd3210c2025f6fc0dd9c338ea9dbf04bca|e288e1b]]'' **<nowiki>kernel:</nowiki>** <nowiki>fq_codel match flows_cnt to limit sizing</nowiki> //<color #ccc>(</color><color #282>+12</color><color #ccc>,</color><color #f00>-6</color><color #ccc>)</color>//\\
''[[https://git.lede-project.org/?p=source.git;a=commitdiff;h=98010ab4898685ac32e8a27bb010c0872c401610|98010ab]]'' **<nowiki>kernel:</nowiki>** <nowiki>remove ocf support, cryptodev-linux should be used instead</nowiki> //<color #ccc>(</color><color #282>+4</color><color #ccc>,</color><color #f00>-94.7K</color><color #ccc>)</color>//\\
''[[https://git.lede-project.org/?p=source.git;a=commitdiff;h=75b069f505233807c44072c3773ab8ad57f6fa2a|75b069f]]'' **<nowiki>kernel:</nowiki>** <nowiki>fold codel default fix into main patch</nowiki> //<color #ccc>(</color><color #282>+20</color><color #ccc>,</color><color #f00>-22</color><color #ccc>)</color>//\\
''[[https://git.lede-project.org/?p=source.git;a=commitdiff;h=26c137621f2262e445905969c414f70d0466793b|26c1376]]'' **<nowiki>kernel:</nowiki>** <nowiki>remove out-of-tree patches for reducing qdisc truesize</nowiki> //<color #ccc>(</color><color #282>+7</color><color #ccc>,</color><color #f00>-111</color><color #ccc>)</color>//\\
''[[https://git.lede-project.org/?p=source.git;a=commitdiff;h=fad8bdfa40df8636a52d770bbab010086c1976ec|fad8bdf]]'' **<nowiki>kernel:</nowiki>** <nowiki>backport patches improving fq_codel drop behavior</nowiki> //<color #ccc>(</color><color #282>+1.1K</color><color #ccc>,</color><color #f00>-32</color><color #ccc>)</color>//\\
''[[https://git.lede-project.org/?p=source.git;a=commitdiff;h=bceafad7c23d6e0fb5df3b1a62772d25bb3c2b62|bceafad]]'' **<nowiki>kernel:</nowiki>** <nowiki>add missing config symbol</nowiki> //<color #ccc>(</color><color #282>+1</color><color #ccc>)</color>//\\
''[[https://git.lede-project.org/?p=source.git;a=commitdiff;h=ce21e18d57a75831d094b79c73ca2153e40afb17|ce21e18]]'' **<nowiki>kernel:</nowiki>** <nowiki>fix a compiler warning on 64 bit systems</nowiki> //<color #ccc>(</color><color #282>+1</color><color #ccc>,</color><color #f00>-1</color><color #ccc>)</color>//\\
''[[https://git.lede-project.org/?p=source.git;a=commitdiff;h=df93d53a4b7a5ce284dc0c6509057979f233cb92|df93d53]]'' **<nowiki>mac80211:</nowiki>** <nowiki>update to wireless-testing 2016-05-12</nowiki> //<color #ccc>(</color><color #282>+1.2K</color><color #ccc>,</color><color #f00>-9.9K</color><color #ccc>)</color>//\\
 => ''[[https://github.com/openwrt/mt76/commit/13c29223ef3b0b3f266c409f3f7d770dbd5c7f64|13c2922]]'' <nowiki>Use NL80211_BAND_2GHZ instead of IEEE80211_BAND_2GHZ</nowiki> //<color #ccc>(</color><color #282>+25</color><color #ccc>,</color><color #f00>-25</color><color #ccc>)</color>//\\
 => ''[[https://github.com/openwrt/mt76/commit/e4c05ba1624d440c2b7efde2971eb360e37a7b23|e4c05ba]]'' <nowiki>use nl80211_band instead of ieee80211_band</nowiki> //<color #ccc>(</color><color #282>+7</color><color #ccc>,</color><color #f00>-7</color><color #ccc>)</color>//\\
 => ''[[https://github.com/openwrt/mt76/commit/810eef8383cf2669cd4354135fc560ccfe71786c|810eef8]]'' <nowiki>sync with mac80211 ieee80211_rx_napi API change</nowiki> //<color #ccc>(</color><color #282>+1</color><color #ccc>,</color><color #f00>-1</color><color #ccc>)</color>//\\
''[[https://git.lede-project.org/?p=source.git;a=commitdiff;h=2ecf3af576946fe53995e1bc1489d136fb72c3a5|2ecf3af]]'' **<nowiki>kernel:</nowiki>** <nowiki>set CONFIG_PANIC_TIMEOUT by default</nowiki> //<color #ccc>(</color><color #282>+3</color><color #ccc>,</color><color #f00>-3</color><color #ccc>)</color>//\\
''[[https://git.lede-project.org/?p=source.git;a=commitdiff;h=acd7a34494b239b16902b9121649f1b5466238b8|acd7a34]]'' **<nowiki>kernel:</nowiki>** <nowiki>enable CONFIG_PANIC_ON_OOPS by default</nowiki> //<color #ccc>(</color><color #282>+6</color><color #ccc>,</color><color #f00>-6</color><color #ccc>)</color>//\\
''[[https://git.lede-project.org/?p=source.git;a=commitdiff;h=d4e552ba1619df50317fd75031741f0508b7384a|d4e552b]]'' **<nowiki>kernel:</nowiki>** <nowiki>fix yaffs2 build with kernel 4.4</nowiki> //<color #ccc>(</color><color #282>+47</color><color #ccc>)</color>//\\
''[[https://git.lede-project.org/?p=source.git;a=commitdiff;h=910d9ba454c40b6d7c229a0bd48462f1c86c5419|910d9ba]]'' **<nowiki>modules:</nowiki>** <nowiki>hwmon: package driver for LTC4151 current sensor</nowiki> //<color #ccc>(</color><color #282>+14</color><color #ccc>)</color>//\\
''[[https://git.lede-project.org/?p=source.git;a=commitdiff;h=449aba4fe849ce51c54c32689546e8d99da7f756|449aba4]]'' **<nowiki>modules:</nowiki>** <nowiki>hwmon: package driver for INA209 power monitor</nowiki> //<color #ccc>(</color><color #282>+15</color><color #ccc>)</color>//\\
''[[https://git.lede-project.org/?p=source.git;a=commitdiff;h=17de501daabda6f5a1cb9c539bc3c3f885aeca10|17de501]]'' **<nowiki>kernel:</nowiki>** <nowiki>backport patches for fq_codel queue memory limit support</nowiki> //<color #ccc>(</color><color #282>+232</color><color #ccc>,</color><color #f00>-12</color><color #ccc>)</color>//\\
''[[https://git.lede-project.org/?p=source.git;a=commitdiff;h=055d8d9c61de5dc3342755384cd6f0f62553ebdc|055d8d9]]'' **<nowiki>oxnas:</nowiki>** <nowiki>move target-specific modules into target's modules.mk</nowiki> //<color #ccc>(</color><color #282>+41</color><color #ccc>,</color><color #f00>-33</color><color #ccc>)</color>//\\
''[[https://git.lede-project.org/?p=source.git;a=commitdiff;h=b8a129638ed46be7103e1043e2753ddbcb554baa|b8a1296]]'' **<nowiki>kernel:</nowiki>** <nowiki>add back the macronix software protection disable patch</nowiki> //<color #ccc>(</color><color #282>+14</color><color #ccc>)</color>//\\
''[[https://git.lede-project.org/?p=source.git;a=commitdiff;h=83049ed944f19bddeb9bc012b2a18e5df080d317|83049ed]]'' **<nowiki>kernel:</nowiki>** <nowiki>Build it87 hardware monitor module</nowiki> //<color #ccc>(</color><color #282>+14</color><color #ccc>)</color>//\\
''[[https://git.lede-project.org/?p=source.git;a=commitdiff;h=2c83003143485ae7cccc8776222afe2d9848c24d|2c83003]]'' **<nowiki>kernel:</nowiki>** <nowiki>fix unaligned access issue in the bridge multicast-to-unicast patch</nowiki> //<color #ccc>(</color><color #282>+4</color><color #ccc>,</color><color #f00>-4</color><color #ccc>)</color>//\\
''[[https://git.lede-project.org/?p=source.git;a=commitdiff;h=c4664b0f911614a2d19eddcb9b52e2937581ca5b|c4664b0]]'' **<nowiki>kernel:</nowiki>** <nowiki>update kernel 4.4 to version 4.4.11</nowiki> //<color #ccc>(</color><color #282>+114</color><color #ccc>,</color><color #f00>-991</color><color #ccc>)</color>//\\
''[[https://git.lede-project.org/?p=source.git;a=commitdiff;h=647e6379affb39a1ab0f2d94bf734099cc64bfa3|647e637]]'' **<nowiki>kernel:</nowiki>** <nowiki>add missing config symbols for 4.4</nowiki> //<color #ccc>(</color><color #282>+2</color><color #ccc>)</color>//\\
''[[https://git.lede-project.org/?p=source.git;a=commitdiff;h=0d476971f2828229ba372c8e288b67b700133dcc|0d47697]]'' **<nowiki>kernel:</nowiki>** <nowiki>define CONFIG_CPU_THERMAL in kmod-thermal</nowiki> //<color #ccc>(</color><color #282>+1</color><color #ccc>,</color><color #f00>-1</color><color #ccc>)</color>//\\
''[[https://git.lede-project.org/?p=source.git;a=commitdiff;h=f849c2c83247340d623fdb549e2b75f4c1feea62|f849c2c]]'' **<nowiki>mvebu:</nowiki>** <nowiki>enable core drivers in the kernel config instead of packaging them</nowiki> //<color #ccc>(</color><color #282>+72</color><color #ccc>,</color><color #f00>-165</color><color #ccc>)</color>//\\
''[[https://git.lede-project.org/?p=source.git;a=commitdiff;h=0cc58a0f98be555b101d9dffe4082b132741e40a|0cc58a0]]'' **<nowiki>conntrack:</nowiki>** <nowiki>enable support for netfilter conntrack zones</nowiki> //<color #ccc>(</color><color #282>+1</color><color #ccc>)</color>//\\
''[[https://git.lede-project.org/?p=source.git;a=commitdiff;h=c4879556feca47fb2d5380c7aeb186a629e244cb|c487955]]'' **<nowiki>kernel:</nowiki>** <nowiki>fix dependency chain of kmod-igb</nowiki> //<color #ccc>(</color><color #282>+1</color><color #ccc>,</color><color #f00>-1</color><color #ccc>)</color>//\\
''[[https://git.lede-project.org/?p=source.git;a=commitdiff;h=d517d8691a5a442049b16d23e14c093323a30929|d517d86]]'' **<nowiki>kernel/mtd:</nowiki>** <nowiki>Add support for Macronix mx25u25635f, used in C2600 v1.1</nowiki> //<color #ccc>(</color><color #282>+10</color><color #ccc>)</color>//\\
''[[https://git.lede-project.org/?p=source.git;a=commitdiff;h=2b4e5d478b90960e35719a0262e93b35e0338b3f|2b4e5d4]]'' **<nowiki>kernel:</nowiki>** <nowiki>remove a hack that was obsoleted upstream</nowiki> //<color #ccc>(</color><color #282>+1</color><color #ccc>,</color><color #f00>-25</color><color #ccc>)</color>//\\
''[[https://git.lede-project.org/?p=source.git;a=commitdiff;h=9128ed33b5d476eecbc0d5ec37c9002a8b103b81|9128ed3]]'' <nowiki>add usb gadget ehci debug driver</nowiki> //<color #ccc>(</color><color #282>+17</color><color #ccc>)</color>//\\
''[[https://git.lede-project.org/?p=source.git;a=commitdiff;h=a105eac4dd424fafdea3a72c270ef9cf9cdc1433|a105eac]]'' **<nowiki>kernel:</nowiki>** <nowiki>update kernel 4.4 to version 4.4.12</nowiki> //<color #ccc>(</color><color #282>+569</color><color #ccc>,</color><color #f00>-1.4K</color><color #ccc>)</color>//\\
''[[https://git.lede-project.org/?p=source.git;a=commitdiff;h=21208f5d43be7c05286b34f5faf1d0d639e50219|21208f5]]'' **<nowiki>linux/generic:</nowiki>** <nowiki>add missing config symbols</nowiki> //<color #ccc>(</color><color #282>+7</color><color #ccc>)</color>//\\
''[[https://git.lede-project.org/?p=source.git;a=commitdiff;h=49cf35671053758d8075a9d6f8bfe93d9112a0fa|49cf356]]'' **<nowiki>kernel:</nowiki>** <nowiki>add random-omap rng for omap</nowiki> //<color #ccc>(</color><color #282>+15</color><color #ccc>)</color>//\\
''[[https://git.lede-project.org/?p=source.git;a=commitdiff;h=297142464ac8257da28414de7aa3e7e5fbd85423|2971424]]'' **<nowiki>kernel/spi:</nowiki>** <nowiki>add kernel package for spi-omap-24xx</nowiki> //<color #ccc>(</color><color #282>+17</color><color #ccc>)</color>//\\
''[[https://git.lede-project.org/?p=source.git;a=commitdiff;h=35c0328119d0d6cb2d710f998ca214dc4d7eeb59|35c0328]]'' **<nowiki>kernel/mtd:</nowiki>** <nowiki>Add support for Macronix mx25u25635f, used in Archer C2600 v1.1</nowiki> //<color #ccc>(</color><color #282>+10</color><color #ccc>)</color>//\\
''[[https://git.lede-project.org/?p=source.git;a=commitdiff;h=34a3ec9c633f739d9f1d6d8756aae2b2493879f7|34a3ec9]]'' **<nowiki>modules:</nowiki>** <nowiki>add missing module to ipsec description</nowiki> //<color #ccc>(</color><color #282>+1</color><color #ccc>)</color>//\\
''[[https://git.lede-project.org/?p=source.git;a=commitdiff;h=7eeb254cc49c4e9f837c980826ec112b9404f341|7eeb254]]'' **<nowiki>treewide:</nowiki>** <nowiki>replace nbd@openwrt.org with nbd@nbd.name</nowiki> //<color #ccc>(</color><color #282>+299</color><color #ccc>,</color><color #f00>-299</color><color #ccc>)</color>//\\
''[[https://git.lede-project.org/?p=source.git;a=commitdiff;h=24a7ccb0562a867e363a10ebdc64e3aaa6f01cd2|24a7ccb]]'' **<nowiki>treewide:</nowiki>** <nowiki>replace jow@openwrt.org with jo@mein.io</nowiki> //<color #ccc>(</color><color #282>+73</color><color #ccc>,</color><color #f00>-73</color><color #ccc>)</color>//\\
''[[https://git.lede-project.org/?p=source.git;a=commitdiff;h=7509658220970988e0529c5c33fc08de26de21ee|7509658]]'' **<nowiki>generic:</nowiki>** <nowiki>remove brcmfmac-sdio.h</nowiki> //<color #ccc>(</color><color #f00>-124</color><color #ccc>)</color>//\\
''[[https://git.lede-project.org/?p=source.git;a=commitdiff;h=67f0c93e28ff3ae399d010d6ac07766935ca15b1|67f0c93]]'' **<nowiki>kernel:</nowiki>** <nowiki>add missing config symbols for 4.4</nowiki> //<color #ccc>(</color><color #282>+3</color><color #ccc>)</color>//\\
''[[https://git.lede-project.org/?p=source.git;a=commitdiff;h=442db0d6d8614c354c1c1ce705dd57d020680bac|442db0d]]'' **<nowiki>kernel:</nowiki>** <nowiki>deny swconfig set requests for unprivileged users</nowiki> //<color #ccc>(</color><color #282>+3</color><color #ccc>)</color>//\\
''[[https://git.lede-project.org/?p=source.git;a=commitdiff;h=eed2f24c0d1138e9c46befd464548de538f0bb60|eed2f24]]'' **<nowiki>kernel:</nowiki>** <nowiki>fix mips MT_SMP kernel crash on cache flush</nowiki> //<color #ccc>(</color><color #282>+17</color><color #ccc>)</color>//\\
''[[https://git.lede-project.org/?p=source.git;a=commitdiff;h=fecd715ef820d36e262c04ffba5d0d8968ce1ddb|fecd715]]'' **<nowiki>kernel:</nowiki>** <nowiki>merge pending fq_codel backlog accounting fix</nowiki> //<color #ccc>(</color><color #282>+74</color><color #ccc>,</color><color #f00>-4</color><color #ccc>)</color>//\\
''[[https://git.lede-project.org/?p=source.git;a=commitdiff;h=37cfc23cb7bcfd90da137c0495303b19ddcf4b42|37cfc23]]'' **<nowiki>kernel:</nowiki>** <nowiki>require admin permissions for swconfig set operations</nowiki> //<color #ccc>(</color><color #282>+3</color><color #ccc>)</color>//\\
''[[https://git.lede-project.org/?p=source.git;a=commitdiff;h=0aa6c7df60d0d4a4fa01dc1b185df31ffb2c53f6|0aa6c7d]]'' **<nowiki>kernel:</nowiki>** <nowiki>update kernel 4.4 to version 4.4.13</nowiki> //<color #ccc>(</color><color #282>+56</color><color #ccc>,</color><color #f00>-312</color><color #ccc>)</color>//\\
''[[https://git.lede-project.org/?p=source.git;a=commitdiff;h=af1791964d86c2e9388ffedeb55712483ce85ea6|af17919]]'' **<nowiki>kernel:</nowiki>** <nowiki>add common config symbols</nowiki> //<color #ccc>(</color><color #282>+6</color><color #ccc>)</color>//\\
''[[https://git.lede-project.org/?p=source.git;a=commitdiff;h=e6d3899ddc5289eb238d0ca3d16ece13a67f36d9|e6d3899]]'' **<nowiki>kernel:</nowiki>** <nowiki>add support for uncompressed zImage on ARM</nowiki> //<color #ccc>(</color><color #282>+137</color><color #ccc>,</color><color #f00>-2</color><color #ccc>)</color>//\\
''[[https://git.lede-project.org/?p=source.git;a=commitdiff;h=be7415810281b9ababe5fcec34236a0536af5939|be74158]]'' **<nowiki>kernel:</nowiki>** <nowiki>replace SMP cacheflush fix with some patches from linux-mti.git</nowiki> //<color #ccc>(</color><color #282>+354</color><color #ccc>,</color><color #f00>-17</color><color #ccc>)</color>//\\
''[[https://git.lede-project.org/?p=source.git;a=commitdiff;h=ad76366d7ddfe83a0ca2f28d4104697e81c3c3cd|ad76366]]'' **<nowiki>kernel:</nowiki>** <nowiki>refresh patches</nowiki> //<color #ccc>(</color><color #282>+24</color><color #ccc>,</color><color #f00>-28</color><color #ccc>)</color>//\\
''[[https://git.lede-project.org/?p=source.git;a=commitdiff;h=67475b0e319359f6a3d0a925568665923e46b14d|67475b0]]'' **<nowiki>kernel:</nowiki>** <nowiki>backport cosmetic ubifs patch</nowiki> //<color #ccc>(</color><color #282>+42</color><color #ccc>)</color>//\\
''[[https://git.lede-project.org/?p=source.git;a=commitdiff;h=1aca2912145f0a4539698580e5e6195b4fc3d5c5|1aca291]]'' **<nowiki>kernel:</nowiki>** <nowiki>mtdsplit: calculate kernel partition precisely for Seama</nowiki> //<color #ccc>(</color><color #282>+2</color><color #ccc>,</color><color #f00>-2</color><color #ccc>)</color>//\\
''[[https://git.lede-project.org/?p=source.git;a=commitdiff;h=cf6d9d97fbaa7d85b0f972bdc7ad710e96125fd2|cf6d9d9]]'' **<nowiki>kernel:</nowiki>** <nowiki>rename B53 symbols to avoid upstream kernel conflict</nowiki> //<color #ccc>(</color><color #282>+52</color><color #ccc>,</color><color #f00>-52</color><color #ccc>)</color>//\\
''[[https://git.lede-project.org/?p=source.git;a=commitdiff;h=4bd0edba1ea545954901d4f9e01db60a7d97a7bb|4bd0edb]]'' **<nowiki>kernel:</nowiki>** <nowiki>rename bgmac patches that went into the same kernel</nowiki> //<color #ccc>(</color><color #ccc>)</color>//\\
''[[https://git.lede-project.org/?p=source.git;a=commitdiff;h=65a22d84ad1a921751ac9e5a1a5b52dad6967e16|65a22d8]]'' **<nowiki>kernel:</nowiki>** <nowiki>backport bgmac changes from net-next</nowiki> //<color #ccc>(</color><color #282>+329</color><color #ccc>,</color><color #f00>-11</color><color #ccc>)</color>//\\
''[[https://git.lede-project.org/?p=source.git;a=commitdiff;h=f97ad870e11ebe5f3dcf833dda6c83b9165b37cb|f97ad87]]'' **<nowiki>squashfs4:</nowiki>** <nowiki>use upstream xz compression header format</nowiki> //<color #ccc>(</color><color #282>+1</color><color #ccc>,</color><color #f00>-76</color><color #ccc>)</color>//\\
''[[https://git.lede-project.org/?p=source.git;a=commitdiff;h=2ca4fa5febe988e51156442146c48c568efe9895|2ca4fa5]]'' **<nowiki>rtl8192su-firmware:</nowiki>** <nowiki>move firmware to own package</nowiki> //<color #ccc>(</color><color #282>+8</color><color #ccc>,</color><color #f00>-17</color><color #ccc>)</color>//\\
''[[https://git.lede-project.org/?p=source.git;a=commitdiff;h=84d489f64f3b382d5544e342f66d8806e94e85d3|84d489f]]'' **<nowiki>kernel:</nowiki>** <nowiki>update to version 4.4.14</nowiki> //<color #ccc>(</color><color #282>+567</color><color #ccc>,</color><color #f00>-1.1K</color><color #ccc>)</color>//\\
''[[https://git.lede-project.org/?p=source.git;a=commitdiff;h=2abb02419d3c79d3ee8e732bccfd96a7fc959347|2abb024]]'' **<nowiki>kernel:</nowiki>** <nowiki>remove one of two patches deactivating broken vdso support on mips</nowiki> //<color #ccc>(</color><color #f00>-9</color><color #ccc>)</color>//\\
''[[https://git.lede-project.org/?p=source.git;a=commitdiff;h=bf32177a1df123aa9b33c105d8895c81be81167a|bf32177]]'' **<nowiki>kernel:</nowiki>** <nowiki>remove full cache flush in fuse_copy_do() for MIPS</nowiki> //<color #ccc>(</color><color #282>+1</color><color #ccc>,</color><color #f00>-97</color><color #ccc>)</color>//\\
''[[https://git.lede-project.org/?p=source.git;a=commitdiff;h=459a8afff1d5448f399ab9f6844ec79f67d6f102|459a8af]]'' **<nowiki>kernel:</nowiki>** <nowiki>remove igb: Fix Null-pointer dereference patch</nowiki> //<color #ccc>(</color><color #f00>-120</color><color #ccc>)</color>//\\
''[[https://git.lede-project.org/?p=source.git;a=commitdiff;h=dc140e00a93d54370021f819fd986290e8237cbe|dc140e0]]'' **<nowiki>kernel:</nowiki>** <nowiki>fix missing break in ubi auto-mounting patch</nowiki> //<color #ccc>(</color><color #282>+7</color><color #ccc>,</color><color #f00>-4</color><color #ccc>)</color>//\\
''[[https://git.lede-project.org/?p=source.git;a=commitdiff;h=93d5629a2785576a99100783ea3d99f77109ea3c|93d5629]]'' **<nowiki>modules:</nowiki>** <nowiki>add BMP085 pressure sensor</nowiki> //<color #ccc>(</color><color #282>+48</color><color #ccc>)</color>//\\
''[[https://git.lede-project.org/?p=source.git;a=commitdiff;h=19aae09f5ff35e53343c2b4b7898c38ab22a3774|19aae09]]'' **<nowiki>kmod-bmp085:</nowiki>** <nowiki>add dependency on !LINUX_3_18 !LINUX_4_1</nowiki> //<color #ccc>(</color><color #282>+1</color><color #ccc>,</color><color #f00>-1</color><color #ccc>)</color>//\\
''[[https://git.lede-project.org/?p=source.git;a=commitdiff;h=37fa64a6c54634df8d81066277e614d68efeaca7|37fa64a]]'' **<nowiki>firmware:</nowiki>** <nowiki>extract prism54-firmware into own package</nowiki> //<color #ccc>(</color><color #282>+40</color><color #ccc>,</color><color #f00>-16</color><color #ccc>)</color>//\\
''[[https://git.lede-project.org/?p=source.git;a=commitdiff;h=3ee278c5c937d9983559adc56692144890950a77|3ee278c]]'' **<nowiki>package/kernel:</nowiki>** <nowiki>Enable XATTR by default</nowiki> //<color #ccc>(</color><color #282>+3</color><color #ccc>,</color><color #f00>-1</color><color #ccc>)</color>//\\
''[[https://git.lede-project.org/?p=source.git;a=commitdiff;h=e408abd7fb8e2a8842726345f393236c53496933|e408abd]]'' **<nowiki>kernel:</nowiki>** <nowiki>Add option to make using filesystem ACL support the default</nowiki> //<color #ccc>(</color><color #282>+95</color><color #ccc>,</color><color #f00>-1</color><color #ccc>)</color>//\\
''[[https://git.lede-project.org/?p=source.git;a=commitdiff;h=66b67b743ffa2a55b64aeda4fe5e54da33227f43|66b67b7]]'' **<nowiki>kernel:</nowiki>** <nowiki>other.mk: add pps-ldisc support</nowiki> //<color #ccc>(</color><color #282>+17</color><color #ccc>)</color>//\\
''[[https://git.lede-project.org/?p=source.git;a=commitdiff;h=f576ff05a1523a0c61a3399087454034d4739f2c|f576ff0]]'' **<nowiki>kernel:</nowiki>** <nowiki>Fix ipv6 mc snooping if bridge has no ipv6 address</nowiki> //<color #ccc>(</color><color #282>+113</color><color #ccc>)</color>//\\
''[[https://git.lede-project.org/?p=source.git;a=commitdiff;h=1d15a96b29dcd0947690951a7c36aead79a27129|1d15a96]]'' **<nowiki>kernel:</nowiki>** <nowiki>fix build of kmod-udptunnel4 and kmod-udptunnel6</nowiki> //<color #ccc>(</color><color #282>+33</color><color #ccc>)</color>//\\
''[[https://git.lede-project.org/?p=source.git;a=commitdiff;h=f5088dc13f5aaaf3eade8cc78f3904eafdca9440|f5088dc]]'' **<nowiki>kernel:</nowiki>** <nowiki>fix duplicate drivers for the PC speaker in one package</nowiki> //<color #ccc>(</color><color #282>+1</color><color #ccc>,</color><color #f00>-3</color><color #ccc>)</color>//\\
''[[https://git.lede-project.org/?p=source.git;a=commitdiff;h=df2889c709c45cb5529159089464b1e1a78553bf|df2889c]]'' **<nowiki>packages:</nowiki>** <nowiki>fix bmp085-spi typo</nowiki> //<color #ccc>(</color><color #282>+1</color><color #ccc>,</color><color #f00>-1</color><color #ccc>)</color>//\\
''[[https://git.lede-project.org/?p=source.git;a=commitdiff;h=aba6de38d273c68ba5c060c53e971f5fd592af76|aba6de3]]'' **<nowiki>usb:</nowiki>** <nowiki>Remove annoying warning about bogus URB</nowiki> //<color #ccc>(</color><color #282>+73</color><color #ccc>)</color>//\\
''[[https://git.lede-project.org/?p=source.git;a=commitdiff;h=4ebb1950befc7a53cea0c499f3e94ef60cef4c4d|4ebb195]]'' **<nowiki>kernel:</nowiki>** <nowiki>Add upstream fix for module loading</nowiki> //<color #ccc>(</color><color #282>+46</color><color #ccc>)</color>//\\
''[[https://git.lede-project.org/?p=source.git;a=commitdiff;h=efa1960abb390d696704d029507dff671cc271fd|efa1960]]'' **<nowiki>kernel:</nowiki>** <nowiki>update kernel 4.4 to version 4.4.15</nowiki> //<color #ccc>(</color><color #282>+64</color><color #ccc>,</color><color #f00>-210</color><color #ccc>)</color>//\\
''[[https://git.lede-project.org/?p=source.git;a=commitdiff;h=2923b334e5a0476f126beaefafd97ed1dc4a550e|2923b33]]'' **<nowiki>kernel/mtd:</nowiki>** <nowiki>add support for EON EN25Q128</nowiki> //<color #ccc>(</color><color #282>+10</color><color #ccc>)</color>//\\
''[[https://git.lede-project.org/?p=source.git;a=commitdiff;h=fc90851df0810bf49283ed238a58641a819402bd|fc90851]]'' **<nowiki>kernel:</nowiki>** <nowiki>backport yet another cosmetic ubifs patch</nowiki> //<color #ccc>(</color><color #282>+65</color><color #ccc>)</color>//\\
''[[https://git.lede-project.org/?p=source.git;a=commitdiff;h=022698c6c9c77ee7e9dd15679d85cdcf1a5dc75d|022698c]]'' **<nowiki>kernel:</nowiki>** <nowiki>backport cosmetic UBIFS patches to kernel 4.1</nowiki> //<color #ccc>(</color><color #282>+102</color><color #ccc>)</color>//\\
''[[https://git.lede-project.org/?p=source.git;a=commitdiff;h=5ea8756766a5ba148e47075265743f727ef1d6dc|5ea8756]]'' **<nowiki>ledtrig-usbdev:</nowiki>** <nowiki>use upstream function for iterating USB devices</nowiki> //<color #ccc>(</color><color #282>+27</color><color #ccc>,</color><color #f00>-5</color><color #ccc>)</color>//\\
''[[https://git.lede-project.org/?p=source.git;a=commitdiff;h=5a92e049d5452df12d2577f1da3bc13e498d0b23|5a92e04]]'' **<nowiki>kernel:</nowiki>** <nowiki>remove obsolete patch adding usb_find_device_by_name</nowiki> //<color #ccc>(</color><color #f00>-252</color><color #ccc>)</color>//\\
''[[https://git.lede-project.org/?p=source.git;a=commitdiff;h=d12e276cb04717013ab243bbb37360ed6f456e70|d12e276]]'' **<nowiki>kernel:</nowiki>** <nowiki>backport patch for MTD_BCM47XXSFLASH dependency</nowiki> //<color #ccc>(</color><color #282>+41</color><color #ccc>)</color>//\\
''[[https://git.lede-project.org/?p=source.git;a=commitdiff;h=60d26202537d95aeda2d9903ab8668ce9cc7326b|60d2620]]'' **<nowiki>kernel:</nowiki>** <nowiki>update bcma backporting changes up to 4.8</nowiki> //<color #ccc>(</color><color #282>+101</color><color #ccc>,</color><color #f00>-3</color><color #ccc>)</color>//\\
''[[https://git.lede-project.org/?p=source.git;a=commitdiff;h=d22fc1973c952133b9db96b2d99355e2eeb44c25|d22fc19]]'' **<nowiki>kernel:</nowiki>** <nowiki>enable CONFIG_SND_PROC_FS by default (FS#54)</nowiki> //<color #ccc>(</color><color #282>+2</color><color #ccc>,</color><color #f00>-2</color><color #ccc>)</color>//\\
''[[https://git.lede-project.org/?p=source.git;a=commitdiff;h=39f3408732df53e8671426c207f178ae0cf42d01|39f3408]]'' **<nowiki>ppc4xx:</nowiki>** <nowiki>remove booke-wdt watchdog package</nowiki> //<color #ccc>(</color><color #282>+4</color><color #ccc>,</color><color #f00>-18</color><color #ccc>)</color>//\\
''[[https://git.lede-project.org/?p=source.git;a=commitdiff;h=8fb89f7e73f29fb8bc94430ef024c19807a0c1d3|8fb89f7]]'' **<nowiki>ledtrig-usbdev:</nowiki>** <nowiki>fix duplicate match detection</nowiki> //<color #ccc>(</color><color #282>+5</color><color #ccc>,</color><color #f00>-4</color><color #ccc>)</color>//\\
''[[https://git.lede-project.org/?p=source.git;a=commitdiff;h=18f368fa35269aba4ad444d3a4bae06d4608a2c8|18f368f]]'' **<nowiki>linux:</nowiki>** <nowiki>Get rid of 000-keep_initrafs_the_default.patch</nowiki> //<color #ccc>(</color><color #f00>-75</color><color #ccc>)</color>//\\
''[[https://git.lede-project.org/?p=source.git;a=commitdiff;h=846eca673f818300a3c1729158b4c110cf316e38|846eca6]]'' **<nowiki>b53:</nowiki>** <nowiki>allow ports with higher numbers than CPU port</nowiki> //<color #ccc>(</color><color #282>+1</color><color #ccc>,</color><color #f00>-2</color><color #ccc>)</color>//\\
''[[https://git.lede-project.org/?p=source.git;a=commitdiff;h=6b5a4185122b8c9edfb16e0ac70802733191ffe7|6b5a418]]'' **<nowiki>kernel:</nowiki>** <nowiki>fix crashlog issues on various architectures</nowiki> //<color #ccc>(</color><color #282>+25</color><color #ccc>,</color><color #f00>-13</color><color #ccc>)</color>//\\
''[[https://git.lede-project.org/?p=source.git;a=commitdiff;h=9a3852bf8c4b71d19109a1e4c2c490ecf96c283c|9a3852b]]'' **<nowiki>kernel:</nowiki>** <nowiki>fix crashlog regression on x86</nowiki> //<color #ccc>(</color><color #282>+32</color><color #ccc>,</color><color #f00>-20</color><color #ccc>)</color>//\\
''[[https://git.lede-project.org/?p=source.git;a=commitdiff;h=9201e88f518dbe5246aa2f77342175805ef10cdd|9201e88]]'' **<nowiki>kernel:</nowiki>** <nowiki>remove hostap driver</nowiki> //<color #ccc>(</color><color #282>+6</color><color #ccc>,</color><color #f00>-1.1K</color><color #ccc>)</color>//\\
''[[https://git.lede-project.org/?p=source.git;a=commitdiff;h=ea6a3be62eb980313f009acdc6f4dafddf48a3b7|ea6a3be]]'' **<nowiki>kernel:</nowiki>** <nowiki>silence a false positive uninitialized variable warning</nowiki> //<color #ccc>(</color><color #282>+1</color><color #ccc>,</color><color #f00>-1</color><color #ccc>)</color>//\\
''[[https://git.lede-project.org/?p=source.git;a=commitdiff;h=df3a2ca1a9154361167e0e30745ca7954bf13b6f|df3a2ca]]'' **<nowiki>kernel:</nowiki>** <nowiki>re-enable CONFIG_SND_VERBOSE_PROCFS (FS#66)</nowiki> //<color #ccc>(</color><color #282>+1</color><color #ccc>,</color><color #f00>-1</color><color #ccc>)</color>//\\
''[[https://git.lede-project.org/?p=source.git;a=commitdiff;h=0a9fdeca6edb2fe7e0af14f94a6a59a0334c9102|0a9fdec]]'' **<nowiki>kernel:</nowiki>** <nowiki>add missing config symbol</nowiki> //<color #ccc>(</color><color #282>+1</color><color #ccc>)</color>//\\
''[[https://git.lede-project.org/?p=source.git;a=commitdiff;h=6e68a5dd11bc68981377042f49c0e0d3c978a84d|6e68a5d]]'' **<nowiki>linux/modules:</nowiki>** <nowiki>Add SCH5627 Super I/O chips</nowiki> //<color #ccc>(</color><color #282>+16</color><color #ccc>)</color>//\\
''[[https://git.lede-project.org/?p=source.git;a=commitdiff;h=a5c32a1f1996f4f75504c4a9abd1c99eaa598df1|a5c32a1]]'' **<nowiki>kernel:</nowiki>** <nowiki>remove switch driver kmod packages</nowiki> //<color #ccc>(</color><color #f00>-140</color><color #ccc>)</color>//\\
''[[https://git.lede-project.org/?p=source.git;a=commitdiff;h=fa85ee1d4ef6bbbc75c8159c4bc1c3b52e2b889b|fa85ee1]]'' **<nowiki>kernel:</nowiki>** <nowiki>modularize bridge netfilter support a bit further to get rid of some ...</nowiki> //<color #ccc>(</color><color #282>+19</color><color #ccc>,</color><color #f00>-4</color><color #ccc>)</color>//\\
''[[https://git.lede-project.org/?p=source.git;a=commitdiff;h=7bf3695b0230d4cc4b6348f7c87b3c164314db8d|7bf3695]]'' **<nowiki>kernel:</nowiki>** <nowiki>clean up 260-crypto_test_dependencies.patch to get rid of some more k...</nowiki> //<color #ccc>(</color><color #282>+15</color><color #ccc>,</color><color #f00>-10</color><color #ccc>)</color>//\\
''[[https://git.lede-project.org/?p=source.git;a=commitdiff;h=56cf1adc506a1b981a8ad8dd318c6bd9cf95f43f|56cf1ad]]'' **<nowiki>kernel:</nowiki>** <nowiki>remove esfq qdisc</nowiki> //<color #ccc>(</color><color #282>+3</color><color #ccc>,</color><color #f00>-2.6K</color><color #ccc>)</color>//\\
''[[https://git.lede-project.org/?p=source.git;a=commitdiff;h=08fe1c6dbc1a0bd1c5135cad3c924b3a03e815a2|08fe1c6]]'' **<nowiki>kernel:</nowiki>** <nowiki>remove obsolete slab tuning patch</nowiki> //<color #ccc>(</color><color #f00>-39</color><color #ccc>)</color>//\\
''[[https://git.lede-project.org/?p=source.git;a=commitdiff;h=99dd163bc303ff76462e0c59db7fbe724cbf1f28|99dd163]]'' **<nowiki>kernel:</nowiki>** <nowiki>remove a long obsolete unlzo decompressor fix</nowiki> //<color #ccc>(</color><color #f00>-69</color><color #ccc>)</color>//\\
''[[https://git.lede-project.org/?p=source.git;a=commitdiff;h=577f873dafdf3914c79ee21869288f20d419a39f|577f873]]'' **<nowiki>kernel:</nowiki>** <nowiki>remove unused morse led trigger driver</nowiki> //<color #ccc>(</color><color #282>+26</color><color #ccc>,</color><color #f00>-510</color><color #ccc>)</color>//\\
''[[https://git.lede-project.org/?p=source.git;a=commitdiff;h=93fb6ce05b1e161a8a5485e006e5fe05fc060fd3|93fb6ce]]'' **<nowiki>kernel:</nowiki>** <nowiki>mark kmod-udptunnel as hiddden to replace the NET_UDP_TUNNEL kconfig ...</nowiki> //<color #ccc>(</color><color #282>+2</color><color #ccc>,</color><color #f00>-33</color><color #ccc>)</color>//\\
''[[https://git.lede-project.org/?p=source.git;a=commitdiff;h=7c874d18f51cb952babd8241fae5a8286dc68878|7c874d1]]'' **<nowiki>kernel:</nowiki>** <nowiki>mark compression modules as hiddden to obsolete the compressor kconfi...</nowiki> //<color #ccc>(</color><color #282>+3</color><color #ccc>,</color><color #f00>-106</color><color #ccc>)</color>//\\
''[[https://git.lede-project.org/?p=source.git;a=commitdiff;h=002b45368792a04e480db3ca3f23a4aefb787670|002b453]]'' **<nowiki>kernel:</nowiki>** <nowiki>add -mtune=34kc to MIPS CFLAGS when building for mips32r2</nowiki> //<color #ccc>(</color><color #282>+17</color><color #ccc>)</color>//\\
''[[https://git.lede-project.org/?p=source.git;a=commitdiff;h=7f2258007893ec02e6c520242bcfb7381787014a|7f22580]]'' **<nowiki>kernel:</nowiki>** <nowiki>adm6996: set carrier status</nowiki> //<color #ccc>(</color><color #282>+5</color><color #ccc>)</color>//\\
''[[https://git.lede-project.org/?p=source.git;a=commitdiff;h=1645abffea2785653de27d92ba0e977d1f32a538|1645abf]]'' **<nowiki>kernel:</nowiki>** <nowiki>add plan 9 fs package</nowiki> //<color #ccc>(</color><color #282>+46</color><color #ccc>)</color>//\\
''[[https://git.lede-project.org/?p=source.git;a=commitdiff;h=9d56ec6244e516fd80f8500aaa081c39ffeccf86|9d56ec6]]'' **<nowiki>kernel:</nowiki>** <nowiki>fix crashlog issues on highmem systems</nowiki> //<color #ccc>(</color><color #282>+32</color><color #ccc>,</color><color #f00>-19</color><color #ccc>)</color>//\\
''[[https://git.lede-project.org/?p=source.git;a=commitdiff;h=08a27b99a2a4306c69c55238bd4fa8c4eef497bd|08a27b9]]'' **<nowiki>kernel:</nowiki>** <nowiki>add missing config symbol</nowiki> //<color #ccc>(</color><color #282>+2</color><color #ccc>,</color><color #f00>-1</color><color #ccc>)</color>//\\
''[[https://git.lede-project.org/?p=source.git;a=commitdiff;h=3c2c31bb66e5b247ffbb3cafac2a21d441daef39|3c2c31b]]'' **<nowiki>kernel:</nowiki>** <nowiki>backport upstream challenge ACK fix (CVE-2016-5696)</nowiki> //<color #ccc>(</color><color #282>+218</color><color #ccc>)</color>//\\
''[[https://git.lede-project.org/?p=source.git;a=commitdiff;h=d9345bc5bf8063ce433c0152893f93000fb0ddfb|d9345bc]]'' **<nowiki>kernel:</nowiki>** <nowiki>fix crashlog on x86/64</nowiki> //<color #ccc>(</color><color #282>+6</color><color #ccc>,</color><color #f00>-2</color><color #ccc>)</color>//\\
''[[https://git.lede-project.org/?p=source.git;a=commitdiff;h=675407baa44a8700de20b6b2857009a552a807ba|675407b]]'' **<nowiki>kernel/swconfig:</nowiki>** <nowiki>remove obsolete portmapping feature from swconfig</nowiki> //<color #ccc>(</color><color #282>+1</color><color #ccc>,</color><color #f00>-124</color><color #ccc>)</color>//\\
''[[https://git.lede-project.org/?p=source.git;a=commitdiff;h=2ebb4733e176560084809fb83d45366d929e1fc8|2ebb473]]'' **<nowiki>kernel:</nowiki>** <nowiki>add kmod-squashfs</nowiki> //<color #ccc>(</color><color #282>+16</color><color #ccc>)</color>//\\
''[[https://git.lede-project.org/?p=source.git;a=commitdiff;h=09b9dd730c51c85326469b7a4d8b8b35bde93ac8|09b9dd7]]'' **<nowiki>kernel:</nowiki>** <nowiki>support watchdog (and so reboot) on BCM53573</nowiki> //<color #ccc>(</color><color #282>+104</color><color #ccc>)</color>//\\
''[[https://git.lede-project.org/?p=source.git;a=commitdiff;h=99a188828713d6ff9c541590b08d4e63ef52f6d7|99a1888]]'' **<nowiki>swconfig:</nowiki>** <nowiki>revert the portmapping patches, they seem to cause a segfault</nowiki> //<color #ccc>(</color><color #282>+228</color><color #ccc>,</color><color #f00>-1</color><color #ccc>)</color>//\\
''[[https://git.lede-project.org/?p=source.git;a=commitdiff;h=13e20e6956320bd642314a4e364d5eea584a5849|13e20e6]]'' **<nowiki>kernel:</nowiki>** <nowiki>update bgmac by adding Florian's upstream changes</nowiki> //<color #ccc>(</color><color #282>+202</color><color #ccc>,</color><color #f00>-4</color><color #ccc>)</color>//\\
''[[https://git.lede-project.org/?p=source.git;a=commitdiff;h=2803527237c27bc18a0b9260e1dcbce9dfbbaae5|2803527]]'' **<nowiki>kernel:</nowiki>** <nowiki>add BCM53573 flash fix sent upstream</nowiki> //<color #ccc>(</color><color #282>+57</color><color #ccc>)</color>//\\
''[[https://git.lede-project.org/?p=source.git;a=commitdiff;h=6d3fbf28185624506e4b128d2939414309d2a993|6d3fbf2]]'' **<nowiki>kernel:</nowiki>** <nowiki>backport simple bgmac cleanup & fix from Jon</nowiki> //<color #ccc>(</color><color #282>+524</color><color #ccc>,</color><color #f00>-5</color><color #ccc>)</color>//\\
''[[https://git.lede-project.org/?p=source.git;a=commitdiff;h=f2103c50abb602fcc75b9cb25d57f5f39683e423|f2103c5]]'' **<nowiki>kernel:</nowiki>** <nowiki>backport bgmac patch moving MDIO code into separated file</nowiki> //<color #ccc>(</color><color #282>+685</color><color #ccc>,</color><color #f00>-9</color><color #ccc>)</color>//\\
''[[https://git.lede-project.org/?p=source.git;a=commitdiff;h=a3cde14f5a9ef0bca820341cbbd6d5cfb80451fc|a3cde14]]'' **<nowiki>arc:</nowiki>** <nowiki>use patched .dts from sources</nowiki> //<color #ccc>(</color><color #282>+194</color><color #ccc>,</color><color #f00>-943</color><color #ccc>)</color>//\\
''[[https://git.lede-project.org/?p=source.git;a=commitdiff;h=533d16822c84bf33ff5d18b775dafd3ab4810b17|533d168]]'' **<nowiki>kernel:</nowiki>** <nowiki>bgmac: backport patch switching to feature_flags</nowiki> //<color #ccc>(</color><color #282>+451</color><color #ccc>,</color><color #f00>-5</color><color #ccc>)</color>//\\
''[[https://git.lede-project.org/?p=source.git;a=commitdiff;h=93f2aa44f7833bd8d762ae4ef62c9f681ed58eef|93f2aa4]]'' **<nowiki>kernel:</nowiki>** <nowiki>bgmac: backport patch adding platform support</nowiki> //<color #ccc>(</color><color #282>+1.3K</color><color #ccc>,</color><color #f00>-25</color><color #ccc>)</color>//\\
''[[https://git.lede-project.org/?p=source.git;a=commitdiff;h=7264df388616d2fa21d4cb97336e7e2afe3759ad|7264df3]]'' **<nowiki>kernel:</nowiki>** <nowiki>bgmac: backport 3 remaining small fixes</nowiki> //<color #ccc>(</color><color #282>+95</color><color #ccc>)</color>//\\
''[[https://git.lede-project.org/?p=source.git;a=commitdiff;h=83f6cf649a38874ade09fc05cb6dd8680075c3ab|83f6cf6]]'' **<nowiki>kernel:</nowiki>** <nowiki>bgmac: fix regression in MII registration</nowiki> //<color #ccc>(</color><color #282>+29</color><color #ccc>)</color>//\\
''[[https://git.lede-project.org/?p=source.git;a=commitdiff;h=27f47f6ad493636229c7117e1239f8aea36e5133|27f47f6]]'' **<nowiki>kernel:</nowiki>** <nowiki>bgmac: add support for BCM53573</nowiki> //<color #ccc>(</color><color #282>+171</color><color #ccc>,</color><color #f00>-11</color><color #ccc>)</color>//\\
''[[https://git.lede-project.org/?p=source.git;a=commitdiff;h=ef4e511a81fbc5cc0f2dde28c809721d4e6f9d45|ef4e511]]'' **<nowiki>kernel:</nowiki>** <nowiki>replace cosmetic UBIFS patches with what went upstream</nowiki> //<color #ccc>(</color><color #282>+26</color><color #ccc>,</color><color #f00>-53</color><color #ccc>)</color>//\\
''[[https://git.lede-project.org/?p=source.git;a=commitdiff;h=4eb376586c5785025af07d439f58cb31337bb6b6|4eb3765]]'' **<nowiki>kernel:</nowiki>** <nowiki>bgmac: use upstream accepted patches</nowiki> //<color #ccc>(</color><color #282>+42</color><color #ccc>,</color><color #f00>-11</color><color #ccc>)</color>//\\
''[[https://git.lede-project.org/?p=source.git;a=commitdiff;h=d7e040f8bccec06b64c82963be6435101423dbf1|d7e040f]]'' **<nowiki>kernel:</nowiki>** <nowiki>add fake users for udptunnel and iptunnel modules</nowiki> //<color #ccc>(</color><color #282>+8</color><color #ccc>,</color><color #f00>-3</color><color #ccc>)</color>//\\
''[[https://git.lede-project.org/?p=source.git;a=commitdiff;h=8072264b96785184b76aa46bcd08b4f9cdfada42|8072264]]'' **<nowiki>kernel:</nowiki>** <nowiki>update kernel 4.4 to version 4.4.19</nowiki> //<color #ccc>(</color><color #282>+400</color><color #ccc>,</color><color #f00>-939</color><color #ccc>)</color>//\\
''[[https://git.lede-project.org/?p=source.git;a=commitdiff;h=8765c1060655d899b2cf3297cd69cf0993491a0e|8765c10]]'' **<nowiki>kernel:</nowiki>** <nowiki>backport patch for specifying USB ports/devices in DT</nowiki> //<color #ccc>(</color><color #282>+287</color><color #ccc>)</color>//\\
''[[https://git.lede-project.org/?p=source.git;a=commitdiff;h=8965cf90f13767c1cbf716ceaf02e249a041fe13|8965cf9]]'' **<nowiki>kernel:</nowiki>** <nowiki>backport clk *_hw_* API for registering struct clk_hw</nowiki> //<color #ccc>(</color><color #282>+416</color><color #ccc>)</color>//\\
''[[https://git.lede-project.org/?p=source.git;a=commitdiff;h=4530ca3c1120d710499ecd3d197a7569fd451dbd|4530ca3]]'' **<nowiki>kernel:</nowiki>** <nowiki>remove obsolete legacy ide kernel module packages</nowiki> //<color #ccc>(</color><color #f00>-109</color><color #ccc>)</color>//\\
''[[https://git.lede-project.org/?p=source.git;a=commitdiff;h=e9c517772cee8af63b4ef173a28152645a4e1b05|e9c5177]]'' **<nowiki>kernel:</nowiki>** <nowiki>make serial port sysrq-disable patch more generic (FS#112)</nowiki> //<color #ccc>(</color><color #282>+26</color><color #ccc>,</color><color #f00>-25</color><color #ccc>)</color>//\\
''[[https://git.lede-project.org/?p=source.git;a=commitdiff;h=8b9707379f5fd88e7f2d83e9eb7d958bb870ba3e|8b97073]]'' **<nowiki>kernel:</nowiki>** <nowiki>spi-nor: add support for ESMT_f25l32qa and ESMT_f25l64qa</nowiki> //<color #ccc>(</color><color #282>+23</color><color #ccc>,</color><color #f00>-2</color><color #ccc>)</color>//\\
''[[https://git.lede-project.org/?p=source.git;a=commitdiff;h=232893037a9c77bf7e880bd2f2c33b7df620d6e4|2328930]]'' **<nowiki>generic:</nowiki>** <nowiki>add NET3380 UDC support</nowiki> //<color #ccc>(</color><color #282>+279</color><color #ccc>)</color>//\\
''[[https://git.lede-project.org/?p=source.git;a=commitdiff;h=42f559ed70897a7b74dd3e6293b42e6d2e511eaa|42f559e]]'' **<nowiki>kernel:</nowiki>** <nowiki>backport upstream overlayfs fixes</nowiki> //<color #ccc>(</color><color #282>+749</color><color #ccc>)</color>//\\
''[[https://git.lede-project.org/?p=source.git;a=commitdiff;h=b6cd42a54e901f21d47f52a6e7a61bab83a50f3b|b6cd42a]]'' **<nowiki>kernel:</nowiki>** <nowiki>merge a softirq performance improvement patch</nowiki> //<color #ccc>(</color><color #282>+83</color><color #ccc>)</color>//\\
''[[https://git.lede-project.org/?p=source.git;a=commitdiff;h=29be50104e1071e2d1461a419218da61c16101da|29be501]]'' **<nowiki>kernel:</nowiki>** <nowiki>move bcma BCM53573 patch to bcma 4.9 backports</nowiki> //<color #ccc>(</color><color #f00>-22</color><color #ccc>)</color>//\\
''[[https://git.lede-project.org/?p=source.git;a=commitdiff;h=80722233476224eb695b186c0add6e9b5cf43d11|8072223]]'' **<nowiki>kernel:</nowiki>** <nowiki>b53: force BCM531x5 port 5 link state if enabled</nowiki> //<color #ccc>(</color><color #282>+13</color><color #ccc>)</color>//\\
''[[https://git.lede-project.org/?p=source.git;a=commitdiff;h=85fefcdb61e9362abbb16eb2a9d3e6dda19a175b|85fefcd]]'' **<nowiki>kernel:</nowiki>** <nowiki>mtd: backport Macronix sector size fix</nowiki> //<color #ccc>(</color><color #282>+44</color><color #ccc>,</color><color #f00>-29</color><color #ccc>)</color>//\\
''[[https://git.lede-project.org/?p=source.git;a=commitdiff;h=993ad293597ac3e46574e2ccd074432824305a91|993ad29]]'' **<nowiki>kernel:</nowiki>** <nowiki>Backport pending appended DTB handling patches</nowiki> //<color #ccc>(</color><color #282>+341</color><color #ccc>,</color><color #f00>-37</color><color #ccc>)</color>//\\
''[[https://git.lede-project.org/?p=source.git;a=commitdiff;h=d14c28fc80d98cc712074c869cbd1659398e8829|d14c28f]]'' **<nowiki>kernel:</nowiki>** <nowiki>update kernel 4.4 to version 4.4.20</nowiki> //<color #ccc>(</color><color #282>+41</color><color #ccc>,</color><color #f00>-70</color><color #ccc>)</color>//\\
''[[https://git.lede-project.org/?p=source.git;a=commitdiff;h=dc17fde99436fd7912914c0e4d3f106820ffe9e8|dc17fde]]'' **<nowiki>kernel:</nowiki>** <nowiki>clean up usb gadget support</nowiki> //<color #ccc>(</color><color #282>+16</color><color #ccc>,</color><color #f00>-14</color><color #ccc>)</color>//\\
''[[https://git.lede-project.org/?p=source.git;a=commitdiff;h=fa05f1d41b213c42f5a79066ffb419f2f5e9cf33|fa05f1d]]'' **<nowiki>kernel:</nowiki>** <nowiki>fix missing rename on usb gadget kmod cleanup</nowiki> //<color #ccc>(</color><color #282>+1</color><color #ccc>,</color><color #f00>-1</color><color #ccc>)</color>//\\
''[[https://git.lede-project.org/?p=source.git;a=commitdiff;h=41eab9048b5c1cd58ed1397d25e691d66d8e215b|41eab90]]'' **<nowiki>kernel:</nowiki>** <nowiki>update kernel 4.4 to version 4.4.21</nowiki> //<color #ccc>(</color><color #282>+20</color><color #ccc>,</color><color #f00>-230</color><color #ccc>)</color>//\\
''[[https://git.lede-project.org/?p=source.git;a=commitdiff;h=0109ed87d9a7875d21766cf410a218adfa61a8e4|0109ed8]]'' **<nowiki>kernel:</nowiki>** <nowiki>add nlmon kernel module</nowiki> //<color #ccc>(</color><color #282>+15</color><color #ccc>)</color>//\\
''[[https://git.lede-project.org/?p=source.git;a=commitdiff;h=413eb04e1eeff0ea140b0dd5365ae04fb0dabd46|413eb04]]'' **<nowiki>ubifs:</nowiki>** <nowiki>add full overlayfs support</nowiki> //<color #ccc>(</color><color #282>+738</color><color #ccc>)</color>//\\
''[[https://git.lede-project.org/?p=source.git;a=commitdiff;h=e9401a2335cc442bd06209ff7becdd60e940c3de|e9401a2]]'' **<nowiki>kernel:</nowiki>** <nowiki>owl-loader for delayed Atheros ath9k fixup</nowiki> //<color #ccc>(</color><color #282>+298</color><color #ccc>)</color>//\\
''[[https://git.lede-project.org/?p=source.git;a=commitdiff;h=175237e7dfa45a92a26bfabd70c71313e5c9dc64|175237e]]'' **<nowiki>kernel:</nowiki>** <nowiki>fix broken dependency of kmod-owl-loader on kmod-ath9k</nowiki> //<color #ccc>(</color><color #282>+1</color><color #ccc>,</color><color #f00>-1</color><color #ccc>)</color>//\\
''[[https://git.lede-project.org/?p=source.git;a=commitdiff;h=ce89535bce052c9463e32ad83b950d00c988c21f|ce89535]]'' **<nowiki>kernel:</nowiki>** <nowiki>remove duplicate br-netfilter file and Kconfig symbol from kmod-ebtables</nowiki> //<color #ccc>(</color><color #282>+2</color><color #ccc>,</color><color #f00>-5</color><color #ccc>)</color>//\\
''[[https://git.lede-project.org/?p=source.git;a=commitdiff;h=92dcaecee3ee1d05aa2c174fe7b159fcb4d97726|92dcaec]]'' **<nowiki>mvsw61xx:</nowiki>** <nowiki>reset phys on probe to enable switch ports on clearfog pro</nowiki> //<color #ccc>(</color><color #282>+54</color><color #ccc>,</color><color #f00>-1</color><color #ccc>)</color>//\\
''[[https://git.lede-project.org/?p=source.git;a=commitdiff;h=167763837bc4df4d6561e3d1cda86978f0882fc7|1677638]]'' **<nowiki>mvsw61xx:</nowiki>** <nowiki>enable SerDes on 6176 if required</nowiki> //<color #ccc>(</color><color #282>+59</color><color #ccc>)</color>//\\
''[[https://git.lede-project.org/?p=source.git;a=commitdiff;h=82aa061251f9efa68bea8fd4f3bcfb28d3654d5a|82aa061]]'' **<nowiki>kernel:</nowiki>** <nowiki>remove echainiv.ko from kmod-crypto-iv</nowiki> //<color #ccc>(</color><color #282>+3</color><color #ccc>,</color><color #f00>-4</color><color #ccc>)</color>//\\
''[[https://git.lede-project.org/?p=source.git;a=commitdiff;h=986ec565074ace44385c0c100cedacf8bd42c0e2|986ec56]]'' **<nowiki>rfkill:</nowiki>** <nowiki>add fake rfkill support</nowiki> //<color #ccc>(</color><color #282>+88</color><color #ccc>,</color><color #f00>-1</color><color #ccc>)</color>//\\
''[[https://git.lede-project.org/?p=source.git;a=commitdiff;h=96b59dc383115d9ac54de8031b2c2faa7f4ed757|96b59dc]]'' **<nowiki>kernel:</nowiki>** <nowiki>add missing config symbol after rfkill change</nowiki> //<color #ccc>(</color><color #282>+1</color><color #ccc>)</color>//\\
''[[https://git.lede-project.org/?p=source.git;a=commitdiff;h=71144844e109bbf0ef62984eeadabbf5702a1cee|7114484]]'' **<nowiki>kernel:</nowiki>** <nowiki>add missing config symbols</nowiki> //<color #ccc>(</color><color #282>+3</color><color #ccc>,</color><color #f00>-1</color><color #ccc>)</color>//\\
''[[https://git.lede-project.org/?p=source.git;a=commitdiff;h=9f6d8532c78bf5f7a0dad3f976f7402f0d10be21|9f6d853]]'' **<nowiki>kernel:</nowiki>** <nowiki>add missing config symbols</nowiki> //<color #ccc>(</color><color #282>+7</color><color #ccc>)</color>//\\
''[[https://git.lede-project.org/?p=source.git;a=commitdiff;h=2b3b63aea301412b2c42e7bfe3c59e566ac4eaa9|2b3b63a]]'' **<nowiki>kernel:</nowiki>** <nowiki>fix build error in sign-file.c with libressl</nowiki> //<color #ccc>(</color><color #282>+16</color><color #ccc>)</color>//\\
''[[https://git.lede-project.org/?p=source.git;a=commitdiff;h=0b828e32497cc5ee437601c1a0d144c1b5cad60c|0b828e3]]'' **<nowiki>kernel:</nowiki>** <nowiki>add missing config symbols</nowiki> //<color #ccc>(</color><color #282>+2</color><color #ccc>)</color>//\\
''[[https://git.lede-project.org/?p=source.git;a=commitdiff;h=31e0f0aec06e2dc2677cdcfea6f5284d8cbc04c1|31e0f0a]]'' **<nowiki>kernel:</nowiki>** <nowiki>do not enable the unpackaged rfkill-gpio driver</nowiki> //<color #ccc>(</color><color #282>+1</color><color #ccc>,</color><color #f00>-2</color><color #ccc>)</color>//\\
''[[https://git.lede-project.org/?p=source.git;a=commitdiff;h=949cfbb24374be151e2c01db09dd98bc8537a989|949cfbb]]'' **<nowiki>kernel:</nowiki>** <nowiki>update kernel 4.4 to version 4.4.22</nowiki> //<color #ccc>(</color><color #282>+30</color><color #ccc>,</color><color #f00>-29</color><color #ccc>)</color>//\\
''[[https://git.lede-project.org/?p=source.git;a=commitdiff;h=7d559169c527424c4743d82cd6edc926ef2fcde9|7d55916]]'' **<nowiki>kernel:</nowiki>** <nowiki>update to v4.4.23</nowiki> //<color #ccc>(</color><color #282>+53</color><color #ccc>,</color><color #f00>-57</color><color #ccc>)</color>//\\
''[[https://git.lede-project.org/?p=source.git;a=commitdiff;h=c50ba61cafa616becf43e6a0148abea42935e03b|c50ba61]]'' **<nowiki>kernel:</nowiki>** <nowiki>fix module dependency checking</nowiki> //<color #ccc>(</color><color #282>+1</color><color #ccc>)</color>//\\
''[[https://git.lede-project.org/?p=source.git;a=commitdiff;h=cea09329e50f5766b6b44149aa17e4a681546bbb|cea0932]]'' **<nowiki>netfilter:</nowiki>** <nowiki>fix file conflicts between kmod-ipt- and kmod-nft- packages</nowiki> //<color #ccc>(</color><color #282>+10</color><color #ccc>,</color><color #f00>-10</color><color #ccc>)</color>//\\
''[[https://git.lede-project.org/?p=source.git;a=commitdiff;h=8a542b8516b4f25a83652f0b1ae20f2aeabfa5b0|8a542b8]]'' **<nowiki>kernel/sound:</nowiki>** <nowiki>Add support for PCI HD Audio devices</nowiki> //<color #ccc>(</color><color #282>+230</color><color #ccc>)</color>//\\
''[[https://git.lede-project.org/?p=source.git;a=commitdiff;h=d0f17fe68240f0f517267741fa76f64eb32f2195|d0f17fe]]'' **<nowiki>linux/modules/fs:</nowiki>** <nowiki>Fix missing vfat dependencies</nowiki> //<color #ccc>(</color><color #282>+1</color><color #ccc>,</color><color #f00>-1</color><color #ccc>)</color>//\\
''[[https://git.lede-project.org/?p=source.git;a=commitdiff;h=a69e19d18ac0ebb3a715def18fed37026cae15af|a69e19d]]'' **<nowiki>kernel:</nowiki>** <nowiki>backport usbport LED trigger from 4.9</nowiki> //<color #ccc>(</color><color #282>+931</color><color #ccc>)</color>//\\
''[[https://git.lede-project.org/?p=source.git;a=commitdiff;h=d2f4479870030d2ca25baeb93bbd8881d6296547|d2f4479]]'' **<nowiki>kernel:</nowiki>** <nowiki>add missing symbols for Linux 4.1</nowiki> //<color #ccc>(</color><color #282>+3</color><color #ccc>)</color>//\\
''[[https://git.lede-project.org/?p=source.git;a=commitdiff;h=4a5bab78a246189f080976d4c39fa500b02a505c|4a5bab7]]'' **<nowiki>kernel:</nowiki>** <nowiki>fix sound-hda-core dependency</nowiki> //<color #ccc>(</color><color #282>+1</color><color #ccc>,</color><color #f00>-1</color><color #ccc>)</color>//\\
''[[https://git.lede-project.org/?p=source.git;a=commitdiff;h=46f2ca9a8f36527746d59802434cf09c221ac905|46f2ca9]]'' **<nowiki>kernel:</nowiki>** <nowiki>move kmod-owl-loader to the right .mk file</nowiki> //<color #ccc>(</color><color #282>+21</color><color #ccc>,</color><color #f00>-21</color><color #ccc>)</color>//\\
''[[https://git.lede-project.org/?p=source.git;a=commitdiff;h=8a7a1b0029f200d4912fc2b5f940e1834cc22646|8a7a1b0]]'' **<nowiki>kernel:</nowiki>** <nowiki>add missing symbols for Linux 3.18 (like d2f4479870)</nowiki> //<color #ccc>(</color><color #282>+3</color><color #ccc>)</color>//\\
''[[https://git.lede-project.org/?p=source.git;a=commitdiff;h=c34676f4d4fc493a166e0ae7055d259bb925e695|c34676f]]'' **<nowiki>kernel:</nowiki>** <nowiki>add missing config symbol (partial forward port of d2f4479870)</nowiki> //<color #ccc>(</color><color #282>+1</color><color #ccc>)</color>//\\
''[[https://git.lede-project.org/?p=source.git;a=commitdiff;h=8462ec31345fdf9adde0faeb5096cb56d3165905|8462ec3]]'' **<nowiki>kernel:</nowiki>** <nowiki>add missing snd-hda-intel module for Linux 3.18 and 4.1</nowiki> //<color #ccc>(</color><color #282>+3</color><color #ccc>,</color><color #f00>-2</color><color #ccc>)</color>//\\
''[[https://git.lede-project.org/?p=source.git;a=commitdiff;h=4855fa35e37726b90466ed032cae46e4bb8cf83c|4855fa3]]'' **<nowiki>kernel:</nowiki>** <nowiki>fix kmod-sound-hda-core on Linux 3.18</nowiki> //<color #ccc>(</color><color #282>+3</color><color #ccc>,</color><color #f00>-3</color><color #ccc>)</color>//\\
''[[https://git.lede-project.org/?p=source.git;a=commitdiff;h=7cc89af93781b72090c7603a8a5210a6d54d5163|7cc89af]]'' **<nowiki>kernel:</nowiki>** <nowiki>update kernel 4.4 to version 4.4.24</nowiki> //<color #ccc>(</color><color #282>+2</color><color #ccc>,</color><color #f00>-2</color><color #ccc>)</color>//\\
''[[https://git.lede-project.org/?p=source.git;a=commitdiff;h=e6b28802761b8e60b18baa6da7a10c94f8209c3e|e6b2880]]'' **<nowiki>netfilter:</nowiki>** <nowiki>remove nf_tproxy_core references</nowiki> //<color #ccc>(</color><color #282>+1</color><color #ccc>,</color><color #f00>-2</color><color #ccc>)</color>//\\
''[[https://git.lede-project.org/?p=source.git;a=commitdiff;h=4104613fae1ebf958cd5957aa336e1b3e53497bb|4104613]]'' **<nowiki>kernel:</nowiki>** <nowiki>ext4: Add missing kmod-crypto-crc32c dependency</nowiki> //<color #ccc>(</color><color #282>+2</color><color #ccc>,</color><color #f00>-1</color><color #ccc>)</color>//\\
''[[https://git.lede-project.org/?p=source.git;a=commitdiff;h=35073d47bb91fc0066a08c85c9206a6338a19b7e|35073d4]]'' **<nowiki>kernel:</nowiki>** <nowiki>mtdsplit_uimage: fix rootfs offset</nowiki> //<color #ccc>(</color><color #282>+1</color><color #ccc>,</color><color #f00>-1</color><color #ccc>)</color>//\\
''[[https://git.lede-project.org/?p=source.git;a=commitdiff;h=634d690d740ad2e586701a393d60cc9753808193|634d690]]'' **<nowiki>kernel:</nowiki>** <nowiki>mtdsplit_uimage: fix Edimax parser</nowiki> //<color #ccc>(</color><color #282>+7</color><color #ccc>,</color><color #f00>-13</color><color #ccc>)</color>//\\
''[[https://git.lede-project.org/?p=source.git;a=commitdiff;h=e9455c561d4af68840421e3d442e4ad5ebfbedc6|e9455c5]]'' **<nowiki>generic:</nowiki>** <nowiki>ar8216: improve ar8xxx_is_possible check</nowiki> //<color #ccc>(</color><color #282>+6</color><color #ccc>,</color><color #f00>-6</color><color #ccc>)</color>//\\
''[[https://git.lede-project.org/?p=source.git;a=commitdiff;h=7f87f82753156922ad47762b461244ffb31c9bc0|7f87f82]]'' **<nowiki>kernel:</nowiki>** <nowiki>update kernel 4.4 to version 4.4.25</nowiki> //<color #ccc>(</color><color #282>+2</color><color #ccc>,</color><color #f00>-2</color><color #ccc>)</color>//\\
''[[https://git.lede-project.org/?p=source.git;a=commitdiff;h=81fd64df81afbc049f07deeddc05f7b9f83cbe62|81fd64d]]'' **<nowiki>kernel:</nowiki>** <nowiki>add package for usbport LED trigger</nowiki> //<color #ccc>(</color><color #282>+19</color><color #ccc>)</color>//\\
''[[https://git.lede-project.org/?p=source.git;a=commitdiff;h=d0b50c2770a0e2d54b37153f2801e2e7dc865fa6|d0b50c2]]'' **<nowiki>kernel:</nowiki>** <nowiki>drop usbdev LED trigger</nowiki> //<color #ccc>(</color><color #282>+5</color><color #ccc>,</color><color #f00>-488</color><color #ccc>)</color>//\\
''[[https://git.lede-project.org/?p=source.git;a=commitdiff;h=32c28a78f798dffb983a7f00342b471e5e4ac177|32c28a7]]'' **<nowiki>kernel:</nowiki>** <nowiki>update kernel 4.4 to version 4.4.26</nowiki> //<color #ccc>(</color><color #282>+2</color><color #ccc>,</color><color #f00>-2</color><color #ccc>)</color>//\\
''[[https://git.lede-project.org/?p=source.git;a=commitdiff;h=920f92265207c8bfb24136c7245e1558cc8337ec|920f922]]'' **<nowiki>kernel:</nowiki>** <nowiki>update kernel 4.4 to version 4.4.27</nowiki> //<color #ccc>(</color><color #282>+4</color><color #ccc>,</color><color #f00>-4</color><color #ccc>)</color>//\\
''[[https://git.lede-project.org/?p=source.git;a=commitdiff;h=2fc3680dd066419576cb0129d0c1bd7618b90f1a|2fc3680]]'' **<nowiki>kernel:</nowiki>** <nowiki>update kernel 4.1 to version 4.1.34</nowiki> //<color #ccc>(</color><color #282>+120</color><color #ccc>,</color><color #f00>-220</color><color #ccc>)</color>//\\
''[[https://git.lede-project.org/?p=source.git;a=commitdiff;h=75e63c249411773613f3f201bea9245623d9f57a|75e63c2]]'' **<nowiki>kernel:</nowiki>** <nowiki>update kernel 3.18 to version 3.18.43</nowiki> //<color #ccc>(</color><color #282>+107</color><color #ccc>,</color><color #f00>-181</color><color #ccc>)</color>//\\
''[[https://git.lede-project.org/?p=source.git;a=commitdiff;h=839b657a61657b8172349a303f2baee7aca66273|839b657]]'' **<nowiki>kernel:</nowiki>** <nowiki>add fix for CVE-2016-5195</nowiki> //<color #ccc>(</color><color #282>+180</color><color #ccc>)</color>//\\
''[[https://git.lede-project.org/?p=source.git;a=commitdiff;h=93f9a9c71ce0aef64aa9bc27e3725eddf5c67f0a|93f9a9c]]'' **<nowiki>kernel:</nowiki>** <nowiki>backport MIPS's ioremap_cache from 4.5</nowiki> //<color #ccc>(</color><color #282>+29</color><color #ccc>)</color>//\\
''[[https://git.lede-project.org/?p=source.git;a=commitdiff;h=d8059e3a306ab74b7b6eadace8566a69798bf787|d8059e3]]'' **<nowiki>linux/mtd:</nowiki>** <nowiki>add id for mx25u3235f needed by ZyXEL NBG6817</nowiki> //<color #ccc>(</color><color #282>+10</color><color #ccc>)</color>//\\
''[[https://git.lede-project.org/?p=source.git;a=commitdiff;h=136319e72d14ed4f77e03db54c0c46dc85d685c3|136319e]]'' **<nowiki>kernel:</nowiki>** <nowiki>mtdsplit: add support for WRGG images</nowiki> //<color #ccc>(</color><color #282>+119</color><color #ccc>)</color>//\\
''[[https://git.lede-project.org/?p=source.git;a=commitdiff;h=168adaefc29ca33f043a5f65bd560cf81daf0611|168adae]]'' **<nowiki>linux/modules:</nowiki>** <nowiki>drop ledtrig-netfilter</nowiki> //<color #ccc>(</color><color #f00>-21</color><color #ccc>)</color>//\\
''[[https://git.lede-project.org/?p=source.git;a=commitdiff;h=76847c7fc90e53d540aa7946fbbb774c670346f3|76847c7]]'' **<nowiki>kernel:</nowiki>** <nowiki>deactivate CONFIG_QCOM_SPMI_TEMP_ALARM</nowiki> //<color #ccc>(</color><color #282>+1</color><color #ccc>)</color>//\\
''[[https://git.lede-project.org/?p=source.git;a=commitdiff;h=a569354481e583e65330c8cd11bb269ef192e70c|a569354]]'' **<nowiki>kernel:</nowiki>** <nowiki>update kernel 4.4 to version 4.4.28</nowiki> //<color #ccc>(</color><color #282>+19</color><color #ccc>,</color><color #f00>-19</color><color #ccc>)</color>//\\
''[[https://git.lede-project.org/?p=source.git;a=commitdiff;h=2f2ea7b44c6affb24426759b93d45d0aa26a74d5|2f2ea7b]]'' **<nowiki>kernel:</nowiki>** <nowiki>update kernel 4.4 to version 4.4.30</nowiki> //<color #ccc>(</color><color #282>+72</color><color #ccc>,</color><color #f00>-73</color><color #ccc>)</color>//\\
''[[https://git.lede-project.org/?p=source.git;a=commitdiff;h=2ab6aaca4dfe1265006dae3f3cd0fd838f9bf2af|2ab6aac]]'' **<nowiki>kernel:</nowiki>** <nowiki>add SND_PCM_TIMER to kmod-sound-core</nowiki> //<color #ccc>(</color><color #282>+1</color><color #ccc>)</color>//\\
''[[https://git.lede-project.org/?p=source.git;a=commitdiff;h=578f7b9c597b0ea9bcf0726cc681713c0672edfe|578f7b9]]'' **<nowiki>kernel:</nowiki>** <nowiki>fix kmod-sound-core build error</nowiki> //<color #ccc>(</color><color #282>+1</color><color #ccc>,</color><color #f00>-1</color><color #ccc>)</color>//\\
''[[https://git.lede-project.org/?p=source.git;a=commitdiff;h=4fae9db765f8af24c5b9d62801864ca0f386b0b5|4fae9db]]'' **<nowiki>kernel:</nowiki>** <nowiki>fix bgmac regression causing BCM47186B0 SoC hangs</nowiki> //<color #ccc>(</color><color #282>+65</color><color #ccc>)</color>//\\
''[[https://git.lede-project.org/?p=source.git;a=commitdiff;h=e2a65f4aa550d59e8ddda2d84e73c200f76ce543|e2a65f4]]'' **<nowiki>bgmac:</nowiki>** <nowiki>backport small DMA fix</nowiki> //<color #ccc>(</color><color #282>+88</color><color #ccc>,</color><color #f00>-4</color><color #ccc>)</color>//\\
''[[https://git.lede-project.org/?p=source.git;a=commitdiff;h=51b1d76f16c2a18b791d95bec556d07b1b6c8a3d|51b1d76]]'' **<nowiki>kernel:</nowiki>** <nowiki>package module for the W83793 hwmon chips</nowiki> //<color #ccc>(</color><color #282>+15</color><color #ccc>)</color>//\\
''[[https://git.lede-project.org/?p=source.git;a=commitdiff;h=dfc14bd145c18787262680b6f08496a66d08405a|dfc14bd]]'' **<nowiki>kernel:</nowiki>** <nowiki>add kernel module package for the DS1374 RTC</nowiki> //<color #ccc>(</color><color #282>+18</color><color #ccc>)</color>//\\
''[[https://git.lede-project.org/?p=source.git;a=commitdiff;h=28955d9707345d9a684ec81c711c6914c2135c42|28955d9]]'' **<nowiki>kernel:</nowiki>** <nowiki>use upstreamed patch for BCM53573 support in bcm47xxsflash</nowiki> //<color #ccc>(</color><color #282>+4</color><color #ccc>,</color><color #f00>-2</color><color #ccc>)</color>//\\
''[[https://git.lede-project.org/?p=source.git;a=commitdiff;h=36cccbb283092ef0c62b22d77abe3c0b0e0aea96|36cccbb]]'' **<nowiki>kernel:</nowiki>** <nowiki>select kmod-phy-bcm-ns-usb* from kmod-usb* for bcm53xx</nowiki> //<color #ccc>(</color><color #282>+2</color><color #ccc>)</color>//\\
''[[https://git.lede-project.org/?p=source.git;a=commitdiff;h=e7c019c24d2c7b367b2c8e58b424d2b7c6c27724|e7c019c]]'' **<nowiki>mac80211:</nowiki>** <nowiki>rt2x00: fold patches</nowiki> //<color #ccc>(</color><color #282>+17</color><color #ccc>,</color><color #f00>-48</color><color #ccc>)</color>//\\
''[[https://git.lede-project.org/?p=source.git;a=commitdiff;h=fa845e9978ed49538d8c9c501792a0505c79b7d9|fa845e9]]'' **<nowiki>ath9k:</nowiki>** <nowiki>add support for the HSR tuner of the Ubiquiti UAP Outdoor+</nowiki> //<color #ccc>(</color><color #282>+426</color><color #ccc>)</color>//\\
''[[https://git.lede-project.org/?p=source.git;a=commitdiff;h=3bbc3bd1bd009c9ede25c9cbccf2da06ac355e0f|3bbc3bd]]'' **<nowiki>kernel:</nowiki>** <nowiki>update kernel 4.4 to version 4.4.31</nowiki> //<color #ccc>(</color><color #282>+20</color><color #ccc>,</color><color #f00>-25</color><color #ccc>)</color>//\\
''[[https://git.lede-project.org/?p=source.git;a=commitdiff;h=8e47655d4e979d65c7e488faea4e1fcca8e4cddc|8e47655]]'' **<nowiki>kernel:</nowiki>** <nowiki>update kernel 4.4 to version 4.4.32</nowiki> //<color #ccc>(</color><color #282>+70</color><color #ccc>,</color><color #f00>-84</color><color #ccc>)</color>//\\
''[[https://git.lede-project.org/?p=source.git;a=commitdiff;h=9db46da8d744dd8587ba7e0f1d2856e5a04cde33|9db46da]]'' **<nowiki>kernel:</nowiki>** <nowiki>enable pcrypt</nowiki> //<color #ccc>(</color><color #282>+3</color><color #ccc>,</color><color #f00>-3</color><color #ccc>)</color>//\\
''[[https://git.lede-project.org/?p=source.git;a=commitdiff;h=4545a60edb63ad61baf9903de7cf69f4d4f0b152|4545a60]]'' **<nowiki>kernel/modules:</nowiki>** <nowiki>add kmod-switch-rtl8367b</nowiki> //<color #ccc>(</color><color #282>+16</color><color #ccc>)</color>//\\
''[[https://git.lede-project.org/?p=source.git;a=commitdiff;h=369317ce4873e3831cfed6aaf244025f41b569fc|369317c]]'' **<nowiki>kernel:</nowiki>** <nowiki>rtl8367(b): fix build error</nowiki> //<color #ccc>(</color><color #282>+2</color><color #ccc>,</color><color #f00>-2</color><color #ccc>)</color>//\\
''[[https://git.lede-project.org/?p=source.git;a=commitdiff;h=746e63201bef8fcbe8a333a8834976b2d7f3d82d|746e632]]'' **<nowiki>kernel:</nowiki>** <nowiki>add bcm47xxpart patch fixing parsing with some TRX formats</nowiki> //<color #ccc>(</color><color #282>+37</color><color #ccc>)</color>//\\
''[[https://git.lede-project.org/?p=source.git;a=commitdiff;h=23e0b08a77791b205419ff481c0b813ee030c71e|23e0b08]]'' **<nowiki>kernel:</nowiki>** <nowiki>remove pipetypes unused var warning</nowiki> //<color #ccc>(</color><color #282>+11</color><color #ccc>,</color><color #f00>-1</color><color #ccc>)</color>//\\
''[[https://git.lede-project.org/?p=source.git;a=commitdiff;h=d206dfdf35a8ce51163579a5be01f17eb4ccb0c6|d206dfd]]'' **<nowiki>package:</nowiki>** <nowiki>add kernel packages for kvm virtualization</nowiki> //<color #ccc>(</color><color #282>+105</color><color #ccc>)</color>//\\
''[[https://git.lede-project.org/?p=source.git;a=commitdiff;h=28cd4880a567b34e3624f7fa22c36f2f3f49eff8|28cd488]]'' **<nowiki>kernel:</nowiki>** <nowiki>add missing config symbols</nowiki> //<color #ccc>(</color><color #282>+6</color><color #ccc>)</color>//\\
''[[https://git.lede-project.org/?p=source.git;a=commitdiff;h=e57bed5bc3ddb5b6c23e66757c4ce419df0e2add|e57bed5]]'' **<nowiki>kernel:</nowiki>** <nowiki>remove kmod-vhost_net, fixes build breakage</nowiki> //<color #ccc>(</color><color #f00>-18</color><color #ccc>)</color>//\\
''[[https://git.lede-project.org/?p=source.git;a=commitdiff;h=d5c3a7b1abfbfbd89406fbc4cf14edc49ce61c69|d5c3a7b]]'' **<nowiki>kernel:</nowiki>** <nowiki>fix virtualization kmod dependencies and kconfig symbols</nowiki> //<color #ccc>(</color><color #282>+6</color><color #ccc>,</color><color #f00>-18</color><color #ccc>)</color>//\\
''[[https://git.lede-project.org/?p=source.git;a=commitdiff;h=23a55102df98ea1b3c567b2cadd84449812583dc|23a5510]]'' **<nowiki>kernel:</nowiki>** <nowiki>remove another redundant KCONFIG entry in virt.mk</nowiki> //<color #ccc>(</color><color #282>+1</color><color #ccc>,</color><color #f00>-3</color><color #ccc>)</color>//\\
''[[https://git.lede-project.org/?p=source.git;a=commitdiff;h=bbdb20f6499c76c4e1f46ee83a4e80e46a5000d0|bbdb20f]]'' **<nowiki>kernel:</nowiki>** <nowiki>fix typo in input-gpio-encoder package title</nowiki> //<color #ccc>(</color><color #282>+1</color><color #ccc>,</color><color #f00>-1</color><color #ccc>)</color>//\\
''[[https://git.lede-project.org/?p=source.git;a=commitdiff;h=480473337d48c72c30422e2ef0059fe91875c324|4804733]]'' **<nowiki>kernel:</nowiki>** <nowiki>use upstream accepted bcm47xxpart parsing fix</nowiki> //<color #ccc>(</color><color #282>+3</color><color #ccc>)</color>//\\
''[[https://git.lede-project.org/?p=source.git;a=commitdiff;h=9f109876eaa0cfb7d6e72439ff93b9803c012415|9f10987]]'' **<nowiki>kernel:</nowiki>** <nowiki>have kmod-ipsec depend on kmod-crypto-echainiv</nowiki> //<color #ccc>(</color><color #282>+4</color><color #ccc>,</color><color #f00>-1</color><color #ccc>)</color>//\\
''[[https://git.lede-project.org/?p=source.git;a=commitdiff;h=102cb4742c14f78bf86b7d77c568c205f0d99d85|102cb47]]'' **<nowiki>kernel:</nowiki>** <nowiki>bump to 4.4.35</nowiki> //<color #ccc>(</color><color #282>+191</color><color #ccc>,</color><color #f00>-308</color><color #ccc>)</color>//\\
''[[https://git.lede-project.org/?p=source.git;a=commitdiff;h=b2443838e6818942501a92acec94b88df85b5c1f|b244383]]'' **<nowiki>kernel:</nowiki>** <nowiki>add missing config symbols</nowiki> //<color #ccc>(</color><color #282>+2</color><color #ccc>)</color>//\\
''[[https://git.lede-project.org/?p=source.git;a=commitdiff;h=7de8d5322e8a90cf073a92e2c9c479d4667c94b9|7de8d53]]'' **<nowiki>net:</nowiki>** <nowiki>ar8216: sync mib_work cancellation</nowiki> //<color #ccc>(</color><color #282>+1</color><color #ccc>,</color><color #f00>-1</color><color #ccc>)</color>//\\
''[[https://git.lede-project.org/?p=source.git;a=commitdiff;h=9aa734f8f5f3a2804a562f14091b684614941249|9aa734f]]'' **<nowiki>net:</nowiki>** <nowiki>ar8327: remove unnecessary spinlocks</nowiki> //<color #ccc>(</color><color #f00>-4</color><color #ccc>)</color>//\\
''[[https://git.lede-project.org/?p=source.git;a=commitdiff;h=65b20d8b64bb5c6d8b9375d3952899b6aaaa302e|65b20d8]]'' **<nowiki>net:</nowiki>** <nowiki>ar8327: replace sprintf() by scnprintf()</nowiki> //<color #ccc>(</color><color #282>+1</color><color #ccc>,</color><color #f00>-2</color><color #ccc>)</color>//\\
''[[https://git.lede-project.org/?p=source.git;a=commitdiff;h=eb049d3777ce6e50ae830a41f9308c270cb26858|eb049d3]]'' **<nowiki>net:</nowiki>** <nowiki>ar8216: hold ar8xxx_dev_list_lock during use_count--</nowiki> //<color #ccc>(</color><color #282>+6</color><color #ccc>,</color><color #f00>-3</color><color #ccc>)</color>//\\
''[[https://git.lede-project.org/?p=source.git;a=commitdiff;h=a3454d1929abb452102ad7639ade192caf98719e|a3454d1]]'' **<nowiki>net:</nowiki>** <nowiki>ar8216: prevent device duplication in ar8xxx_dev_list</nowiki> //<color #ccc>(</color><color #282>+2</color><color #ccc>,</color><color #f00>-2</color><color #ccc>)</color>//\\
''[[https://git.lede-project.org/?p=source.git;a=commitdiff;h=5a69f596027ff45d9daf7c6584a8a9d4f7ea0770|5a69f59]]'' **<nowiki>net:</nowiki>** <nowiki>ar8216: address security vulnerabilities in swconfig & ar8216</nowiki> //<color #ccc>(</color><color #282>+32</color><color #ccc>,</color><color #f00>-13</color><color #ccc>)</color>//\\
''[[https://git.lede-project.org/?p=source.git;a=commitdiff;h=94e4ee5395b437e9ddaec8cdea47c1a4a9ba0c01|94e4ee5]]'' **<nowiki>net:</nowiki>** <nowiki>ar8327: modify some configuration of switch</nowiki> //<color #ccc>(</color><color #282>+13</color><color #ccc>,</color><color #f00>-4</color><color #ccc>)</color>//\\
''[[https://git.lede-project.org/?p=source.git;a=commitdiff;h=06a21e12ee94f43eebaabad5bad60c1120d723f9|06a21e1]]'' **<nowiki>kernel:</nowiki>** <nowiki>backport some upstream at803x fixes</nowiki> //<color #ccc>(</color><color #282>+162</color><color #ccc>)</color>//\\
''[[https://git.lede-project.org/?p=source.git;a=commitdiff;h=feb25f1a5bb46b5b82dee078d3039d3f488ae767|feb25f1]]'' **<nowiki>kernel:</nowiki>** <nowiki>add support for the AT8032 PHY</nowiki> //<color #ccc>(</color><color #282>+65</color><color #ccc>)</color>//\\
''[[https://git.lede-project.org/?p=source.git;a=commitdiff;h=b3c5db79eb72fb068809052a9b53ce7282583c0b|b3c5db7]]'' **<nowiki>kernel:</nowiki>** <nowiki>Fix alloc_node_mem_map with ARCH_PFN_OFFSET</nowiki> //<color #ccc>(</color><color #282>+86</color><color #ccc>)</color>//\\
''[[https://git.lede-project.org/?p=source.git;a=commitdiff;h=832fb99da24ffe527e1ebd8363ea0d5a459dd594|832fb99]]'' **<nowiki>kernel:</nowiki>** <nowiki>Add check to of_scan_flat_dt() before accessing initial_boot_params</nowiki> //<color #ccc>(</color><color #282>+30</color><color #ccc>)</color>//\\
''[[https://git.lede-project.org/?p=source.git;a=commitdiff;h=5763e438f672c50c8ef6b46ca0a9cc7f02309b00|5763e43]]'' **<nowiki>kernel:</nowiki>** <nowiki>add kernel package for the rs5c372a rtc module</nowiki> //<color #ccc>(</color><color #282>+16</color><color #ccc>)</color>//\\
''[[https://git.lede-project.org/?p=source.git;a=commitdiff;h=7e38cd7a8dc3172dbb3b31b0976241afe4765ed7|7e38cd7]]'' **<nowiki>kernel:</nowiki>** <nowiki>Add missing kernel config symbol</nowiki> //<color #ccc>(</color><color #282>+1</color><color #ccc>)</color>//\\
''[[https://git.lede-project.org/?p=source.git;a=commitdiff;h=758ef7aa992492ecb29a0cd5a30f5255ccdc9ea7|758ef7a]]'' **<nowiki>kernel:</nowiki>** <nowiki>bump to 4.4.36</nowiki> //<color #ccc>(</color><color #282>+28</color><color #ccc>,</color><color #f00>-23</color><color #ccc>)</color>//\\
''[[https://git.lede-project.org/?p=source.git;a=commitdiff;h=4b3f9bc28d73594ca12125204ce31c39ab2b6e41|4b3f9bc]]'' **<nowiki>kernel:</nowiki>** <nowiki>fix potential crash in usbport LED trigger driver</nowiki> //<color #ccc>(</color><color #282>+70</color><color #ccc>)</color>//\\
''[[https://git.lede-project.org/?p=source.git;a=commitdiff;h=0422f8bcec579ef38d86bc2d327f6895b5ed1a1f|0422f8b]]'' **<nowiki>kernel:</nowiki>** <nowiki>backport LED patch which will allow better DT integration</nowiki> //<color #ccc>(</color><color #282>+53</color><color #ccc>)</color>//\\
''[[https://git.lede-project.org/?p=source.git;a=commitdiff;h=4dbdba36f83669f3fbbdc21616957be8791d8133|4dbdba3]]'' **<nowiki>kernel:</nowiki>** <nowiki>add TI tmp102 and tmp103 temperature sensors</nowiki> //<color #ccc>(</color><color #282>+30</color><color #ccc>)</color>//\\
''[[https://git.lede-project.org/?p=source.git;a=commitdiff;h=f5b833b8fe9b182d24117139081d7e286092b721|f5b833b]]'' **<nowiki>kernel:</nowiki>** <nowiki>bump to 4.4.38</nowiki> //<color #ccc>(</color><color #282>+19</color><color #ccc>,</color><color #f00>-19</color><color #ccc>)</color>//\\
''[[https://git.lede-project.org/?p=source.git;a=commitdiff;h=d6ef917bdb8890c3392dae2a9ef3dce47118c798|d6ef917]]'' **<nowiki>kernel:</nowiki>** <nowiki>backport ubifs support for dirty_writeback_interval</nowiki> //<color #ccc>(</color><color #282>+148</color><color #ccc>)</color>//\\
''[[https://git.lede-project.org/?p=source.git;a=commitdiff;h=a6781ef4c12a95fb29394a8b7f6f7906e5f0d6e3|a6781ef]]'' **<nowiki>kernel:</nowiki>** <nowiki>kmod-hwmon-tmp102: add dependency to kmod-thermal</nowiki> //<color #ccc>(</color><color #282>+1</color><color #ccc>,</color><color #f00>-1</color><color #ccc>)</color>//\\
''[[https://git.lede-project.org/?p=source.git;a=commitdiff;h=e2f8d200f598c67534c6292d732f7927b3609473|e2f8d20]]'' **<nowiki>netfilter:</nowiki>** <nowiki>drop proprietary xt_id match</nowiki> //<color #ccc>(</color><color #282>+1</color><color #ccc>,</color><color #f00>-356</color><color #ccc>)</color>//\\
''[[https://git.lede-project.org/?p=source.git;a=commitdiff;h=fd62fa752bbff9ae5277098152e7960a14d241e1|fd62fa7]]'' **<nowiki>ar71xx:</nowiki>** <nowiki>Add support for Netgear WNR2000v1</nowiki> //<color #ccc>(</color><color #282>+14</color><color #ccc>,</color><color #f00>-44</color><color #ccc>)</color>//\\
''[[https://git.lede-project.org/?p=source.git;a=commitdiff;h=1e15d92de1266b299fb0475a804a8e1c99da5740|1e15d92]]'' **<nowiki>kernel:</nowiki>** <nowiki>add a missing submenu</nowiki> //<color #ccc>(</color><color #282>+1</color><color #ccc>)</color>//\\
''[[https://git.lede-project.org/?p=source.git;a=commitdiff;h=970dd4dd58c1f1c1b4cde69a732483aacdc0236a|970dd4d]]'' **<nowiki>kernel:</nowiki>** <nowiki>netfilter: split out iptable_raw into a separate package</nowiki> //<color #ccc>(</color><color #282>+22</color><color #ccc>,</color><color #f00>-2</color><color #ccc>)</color>//\\
''[[https://git.lede-project.org/?p=source.git;a=commitdiff;h=3494ca66c5aa800f28577cb3849d48a710de8cd0|3494ca6]]'' **<nowiki>linux:</nowiki>** <nowiki>do not autoload sdhci.ko as sdhci-pltfm.ko already depends on it</nowiki> //<color #ccc>(</color><color #282>+1</color><color #ccc>,</color><color #f00>-1</color><color #ccc>)</color>//\\
''[[https://git.lede-project.org/?p=source.git;a=commitdiff;h=3a1e3b4e0d3828abc04cc4422b16486f561a4a15|3a1e3b4]]'' **<nowiki>package/kernel/linux:</nowiki>** <nowiki>only access kernel config if DUMP is unset</nowiki> //<color #ccc>(</color><color #282>+1</color><color #ccc>,</color><color #f00>-2</color><color #ccc>)</color>//\\
''[[https://git.lede-project.org/?p=source.git;a=commitdiff;h=720b99215da295a2e7b4acdef30b58bec6acedc2|720b992]]'' **<nowiki>treewide:</nowiki>** <nowiki>clean up download hashes</nowiki> //<color #ccc>(</color><color #282>+300</color><color #ccc>,</color><color #f00>-283</color><color #ccc>)</color>//\\
''[[https://git.lede-project.org/?p=source.git;a=commitdiff;h=a7cacc97357460a51d83abf589a80f6ab1a4d95a|a7cacc9]]'' **<nowiki>kernel:</nowiki>** <nowiki>don't load pcmcia_rsrc in kmod-pcmcia-yenta</nowiki> //<color #ccc>(</color><color #282>+1</color><color #ccc>,</color><color #f00>-1</color><color #ccc>)</color>//\\
''[[https://git.lede-project.org/?p=source.git;a=commitdiff;h=87bc410f7c574e5142dd20044de4a914fc3bcaa2|87bc410]]'' **<nowiki>kernel:</nowiki>** <nowiki>declare AddDepends in pcmcia.mk</nowiki> //<color #ccc>(</color><color #282>+13</color><color #ccc>,</color><color #f00>-7</color><color #ccc>)</color>//\\
''[[https://git.lede-project.org/?p=source.git;a=commitdiff;h=676a11d71010723729eb9ef483bc1888fccc8546|676a11d]]'' **<nowiki>kernel:</nowiki>** <nowiki>enable CONFIG_PCMCIA_LOAD_CIS</nowiki> //<color #ccc>(</color><color #282>+1</color><color #ccc>)</color>//\\
''[[https://git.lede-project.org/?p=source.git;a=commitdiff;h=d2da2c2cb31102f0d7cdca2222d39caf92028083|d2da2c2]]'' **<nowiki>kernel:</nowiki>** <nowiki>add support for PD6729 PCMCIA bridge</nowiki> //<color #ccc>(</color><color #282>+16</color><color #ccc>)</color>//\\
''[[https://git.lede-project.org/?p=source.git;a=commitdiff;h=6b08a472632f0918c6ddbbe93c60e13068c7a82f|6b08a47]]'' **<nowiki>kernel:</nowiki>** <nowiki>add support for Option Fusion+ PCMCIA card</nowiki> //<color #ccc>(</color><color #282>+16</color><color #ccc>)</color>//\\
''[[https://git.lede-project.org/?p=source.git;a=commitdiff;h=79abb8f140c0081145acc832cbbd65afcdd0176b|79abb8f]]'' **<nowiki>kernel:</nowiki>** <nowiki>bump to 4.4.39</nowiki> //<color #ccc>(</color><color #282>+24</color><color #ccc>,</color><color #f00>-34</color><color #ccc>)</color>//\\
''[[https://git.lede-project.org/?p=source.git;a=commitdiff;h=96a7ee3c80dec5cd86a25f6c72852928370e57b4|96a7ee3]]'' **<nowiki>ramips:</nowiki>** <nowiki>adding registration for si3210</nowiki> //<color #ccc>(</color><color #282>+28</color><color #ccc>)</color>//\\
''[[https://git.lede-project.org/?p=source.git;a=commitdiff;h=f7319244cbe2b3b32d3bbd837f16235712403523|f731924]]'' **<nowiki>linux:</nowiki>** <nowiki>drop HSO support patch</nowiki> //<color #ccc>(</color><color #f00>-25</color><color #ccc>)</color>//\\
''[[https://git.lede-project.org/?p=source.git;a=commitdiff;h=87522a7bf2414a2c3c63297ff8dc9d22d3cb5e2b|87522a7]]'' **<nowiki>linux:</nowiki>** <nowiki>drop deprected hifn795x patch</nowiki> //<color #ccc>(</color><color #f00>-17</color><color #ccc>)</color>//\\
''[[https://git.lede-project.org/?p=source.git;a=commitdiff;h=29cc927ef5a6d2f1e8de0d3d9fc67877aa4b6af7|29cc927]]'' **<nowiki>generic:</nowiki>** <nowiki>ar8216: fix invalid bounds check imported from ChromeOS (FS#347)</nowiki> //<color #ccc>(</color><color #282>+1</color><color #ccc>,</color><color #f00>-1</color><color #ccc>)</color>//\\
''[[https://git.lede-project.org/?p=source.git;a=commitdiff;h=8bf69ee78cfefc0ee87d4a6820a907713e3bc1c3|8bf69ee]]'' **<nowiki>kernel:</nowiki>** <nowiki>Add kmod-ethoc</nowiki> //<color #ccc>(</color><color #282>+16</color><color #ccc>)</color>//\\
''[[https://git.lede-project.org/?p=source.git;a=commitdiff;h=9a1f441ac81c0c2b96ec813a645bae4fc8792bf5|9a1f441]]'' **<nowiki>kirkwood:</nowiki>** <nowiki>enable SoC drivers in the kernel config</nowiki> //<color #ccc>(</color><color #282>+22</color><color #ccc>,</color><color #f00>-28</color><color #ccc>)</color>//\\
''[[https://git.lede-project.org/?p=source.git;a=commitdiff;h=0d5ba94088efab1701c07c9ab65cdee38e16fcd3|0d5ba94]]'' **<nowiki>orion:</nowiki>** <nowiki>enable SoC drivers in the kernel config</nowiki> //<color #ccc>(</color><color #282>+37</color><color #ccc>,</color><color #f00>-294</color><color #ccc>)</color>//\\
''[[https://git.lede-project.org/?p=source.git;a=commitdiff;h=d109d03198b4ff31d2e4259228a49fa1b3f10390|d109d03]]'' **<nowiki>kernel:</nowiki>** <nowiki>split kmod-lib-zlib into two packages to keep it in sync with kernel ...</nowiki> //<color #ccc>(</color><color #282>+21</color><color #ccc>,</color><color #f00>-13</color><color #ccc>)</color>//\\
''[[https://git.lede-project.org/?p=source.git;a=commitdiff;h=5639e45614ece107b99c2989fd002a1e69547fd5|5639e45]]'' **<nowiki>generic:</nowiki>** <nowiki>package Broadcom BNX2 driver</nowiki> //<color #ccc>(</color><color #282>+25</color><color #ccc>)</color>//\\
''[[https://git.lede-project.org/?p=source.git;a=commitdiff;h=b35a41c139ec995e1d3096ce962f020053f3056e|b35a41c]]'' **<nowiki>generic:</nowiki>** <nowiki>backport dwc2 kernel panic fix</nowiki> //<color #ccc>(</color><color #282>+24</color><color #ccc>)</color>//\\
''[[https://git.lede-project.org/?p=source.git;a=commitdiff;h=d6c831e0e5a0ef97eb054dd3eb382d66b1bffc40|d6c831e]]'' **<nowiki>generic:</nowiki>** <nowiki>mtd: backport SPI_NOR_HAS_LOCK</nowiki> //<color #ccc>(</color><color #282>+178</color><color #ccc>,</color><color #f00>-183</color><color #ccc>)</color>//\\
''[[https://git.lede-project.org/?p=source.git;a=commitdiff;h=e2f866d63ac75b00dc90ec1925138c5d655ed3aa|e2f866d]]'' **<nowiki>generic:</nowiki>** <nowiki>mtd: add lock/unlock support for f25l32pa</nowiki> //<color #ccc>(</color><color #282>+24</color><color #ccc>)</color>//\\
''[[https://git.lede-project.org/?p=source.git;a=commitdiff;h=159e82d0db0f6621fda887ef3938c4d3acde8f96|159e82d]]'' **<nowiki>kernel/modules:</nowiki>** <nowiki>add SSSE3 SHA1 module</nowiki> //<color #ccc>(</color><color #282>+7</color><color #ccc>,</color><color #f00>-1</color><color #ccc>)</color>//\\
''[[https://git.lede-project.org/?p=source.git;a=commitdiff;h=86de53203e31293204fe98602051083583af12f5|86de532]]'' **<nowiki>kernel/modules:</nowiki>** <nowiki>add SSSE3 SHA256 module</nowiki> //<color #ccc>(</color><color #282>+7</color><color #ccc>,</color><color #f00>-1</color><color #ccc>)</color>//\\
''[[https://git.lede-project.org/?p=source.git;a=commitdiff;h=ed69e932627e94c97a7f45f8a37c4c37532600b8|ed69e93]]'' **<nowiki>kernel/modules:</nowiki>** <nowiki>add SSSE3 SHA512 module</nowiki> //<color #ccc>(</color><color #282>+7</color><color #ccc>,</color><color #f00>-1</color><color #ccc>)</color>//\\
''[[https://git.lede-project.org/?p=source.git;a=commitdiff;h=84bd74057f0d2543ddbc7de2351b0a310df329c6|84bd740]]'' **<nowiki>build:</nowiki>** <nowiki>use mkhash to replace various quirky md5sum/openssl calls</nowiki> //<color #ccc>(</color><color #282>+28</color><color #ccc>,</color><color #f00>-45</color><color #ccc>)</color>//\\
''[[https://git.lede-project.org/?p=source.git;a=commitdiff;h=5f9e36712799e7737695384e3c82278af3ddf368|5f9e367]]'' **<nowiki>kernel:</nowiki>** <nowiki>spi: allow setting chipselect gpio to sleep</nowiki> //<color #ccc>(</color><color #282>+21</color><color #ccc>)</color>//\\
''[[https://git.lede-project.org/?p=source.git;a=commitdiff;h=f277f45bd682f82aa7ac69f68abd1835730289af|f277f45]]'' **<nowiki>yaffs:</nowiki>** <nowiki>fix to detect MLC/TLC NAND flash</nowiki> //<color #ccc>(</color><color #282>+2</color><color #ccc>,</color><color #f00>-2</color><color #ccc>)</color>//\\
''[[https://git.lede-project.org/?p=source.git;a=commitdiff;h=88ca6390eab24efda3f6333453cd645b5e20e400|88ca639]]'' **<nowiki>kernel:</nowiki>** <nowiki>bump to 4.4.40</nowiki> //<color #ccc>(</color><color #282>+48</color><color #ccc>,</color><color #f00>-153</color><color #ccc>)</color>//\\
''[[https://git.lede-project.org/?p=source.git;a=commitdiff;h=018d80007e6d9469077d938872e605f826010767|018d800]]'' **<nowiki>kernel:</nowiki>** <nowiki>remove ubifs xz decompression support</nowiki> //<color #ccc>(</color><color #282>+5</color><color #ccc>,</color><color #f00>-1.1K</color><color #ccc>)</color>//\\
''[[https://git.lede-project.org/?p=source.git;a=commitdiff;h=c524d1b256efd765491aa9b58d1ee947a954db96|c524d1b]]'' **<nowiki>imx6:</nowiki>** <nowiki>enable the Freescale SNVS RTC driver in the kernel config instead of pa...</nowiki> //<color #ccc>(</color><color #282>+2</color><color #ccc>,</color><color #f00>-17</color><color #ccc>)</color>//\\
''[[https://git.lede-project.org/?p=source.git;a=commitdiff;h=348fedc1a621117de10cc1f611ab96b19c777e53|348fedc]]'' **<nowiki>imx6:</nowiki>** <nowiki>build support for the ventana ethernet expansion board into the kernel ...</nowiki> //<color #ccc>(</color><color #282>+2</color><color #ccc>,</color><color #f00>-19</color><color #ccc>)</color>//\\
''[[https://git.lede-project.org/?p=source.git;a=commitdiff;h=7f0796d874f8cbcc1bd7705ff4edf8c30223d2bd|7f0796d]]'' **<nowiki>imx6:</nowiki>** <nowiki>remove kmod-thermal-imx, it is already enabled in the kernel config</nowiki> //<color #ccc>(</color><color #282>+3</color><color #ccc>,</color><color #f00>-23</color><color #ccc>)</color>//\\
''[[https://git.lede-project.org/?p=source.git;a=commitdiff;h=745069895775d1fbd8988a0825f24f6b503517b3|7450698]]'' **<nowiki>imx6:</nowiki>** <nowiki>enable the chipidea usb driver in the kernel config instead of packagin...</nowiki> //<color #ccc>(</color><color #282>+28</color><color #ccc>,</color><color #f00>-8</color><color #ccc>)</color>//\\
''[[https://git.lede-project.org/?p=source.git;a=commitdiff;h=64be6fe9ca0b91456b60ca126446d03b26c6ab8d|64be6fe]]'' **<nowiki>mxs:</nowiki>** <nowiki>enable the chipidea usb driver in the kernel config instead of packaging it</nowiki> //<color #ccc>(</color><color #282>+9</color><color #ccc>,</color><color #f00>-46</color><color #ccc>)</color>//\\
''[[https://git.lede-project.org/?p=source.git;a=commitdiff;h=78de59f15aa4468c2c0c6e39627310895fe250aa|78de59f]]'' **<nowiki>kernel:</nowiki>** <nowiki>fix dwc2 gadget dependency</nowiki> //<color #ccc>(</color><color #282>+1</color><color #ccc>,</color><color #f00>-1</color><color #ccc>)</color>//\\
''[[https://git.lede-project.org/?p=source.git;a=commitdiff;h=93cbdde43ae4acd6d85b043b8f97a70e896487f4|93cbdde]]'' **<nowiki>kernel:</nowiki>** <nowiki>fix kmod-w1-master-mxc dependency</nowiki> //<color #ccc>(</color><color #282>+1</color><color #ccc>,</color><color #f00>-1</color><color #ccc>)</color>//\\
''[[https://git.lede-project.org/?p=source.git;a=commitdiff;h=a2f6b56c8f70d7eed674d911556b9e0f36a6753b|a2f6b56]]'' **<nowiki>imx6:</nowiki>** <nowiki>enable the crypto acceleration driver in the kernel config instead of p...</nowiki> //<color #ccc>(</color><color #282>+17</color><color #ccc>,</color><color #f00>-1</color><color #ccc>)</color>//\\
''[[https://git.lede-project.org/?p=source.git;a=commitdiff;h=c00e5a4f09115ec976fac7dc380f576ef6a24fab|c00e5a4]]'' **<nowiki>mpc85xx:</nowiki>** <nowiki>enable the crypto acceleration driver in the kernel config instead o...</nowiki> //<color #ccc>(</color><color #282>+23</color><color #ccc>,</color><color #f00>-27</color><color #ccc>)</color>//\\
''[[https://git.lede-project.org/?p=source.git;a=commitdiff;h=acd0c8c178cc709fe6ce0bf3c4a77ee249c730e4|acd0c8c]]'' **<nowiki>kernel:</nowiki>** <nowiki>move the gateworks system controller driver to an out-of-tree package</nowiki> //<color #ccc>(</color><color #282>+339</color><color #ccc>,</color><color #f00>-1.0K</color><color #ccc>)</color>//\\
''[[https://git.lede-project.org/?p=source.git;a=commitdiff;h=43a528eb968985d4d76f6ab7a5639de3b1795f87|43a528e]]'' **<nowiki>kernel:</nowiki>** <nowiki>add missing config symbol</nowiki> //<color #ccc>(</color><color #282>+3</color><color #ccc>)</color>//\\
''[[https://git.lede-project.org/?p=source.git;a=commitdiff;h=c472ed29b4de611803438402d688f3bb1a650573|c472ed2]]'' **<nowiki>kernel:</nowiki>** <nowiki>remove kmod-ata-imx, it is already built into the kernel</nowiki> //<color #ccc>(</color><color #f00>-19</color><color #ccc>)</color>//\\
''[[https://git.lede-project.org/?p=source.git;a=commitdiff;h=0b2b162db977cccb1d70b9a2625132120fe2e244|0b2b162]]'' **<nowiki>kernel:</nowiki>** <nowiki>remove kmod-gianfar, it is already built into the kernel</nowiki> //<color #ccc>(</color><color #282>+1</color><color #ccc>,</color><color #f00>-33</color><color #ccc>)</color>//\\
''[[https://git.lede-project.org/?p=source.git;a=commitdiff;h=96ade7adae9fc3a6c7940bce9152bee074348cec|96ade7a]]'' **<nowiki>mpc85xx:</nowiki>** <nowiki>build usb support into the kernel instead of packaging it separately</nowiki> //<color #ccc>(</color><color #282>+18</color><color #ccc>,</color><color #f00>-27</color><color #ccc>)</color>//\\
''[[https://git.lede-project.org/?p=source.git;a=commitdiff;h=f5c649d7c61844d80b78d9fc945aec54bfbd7e44|f5c649d]]'' **<nowiki>mpc85xx:</nowiki>** <nowiki>build i2c support into the kernel instead of packaging it separately</nowiki> //<color #ccc>(</color><color #282>+3</color><color #ccc>,</color><color #f00>-15</color><color #ccc>)</color>//\\
''[[https://git.lede-project.org/?p=source.git;a=commitdiff;h=5b92dca09fb0414775c75f51b3ce8c99ad63292f|5b92dca]]'' **<nowiki>kernel:</nowiki>** <nowiki>drop crypto-hw-ppc4xx</nowiki> //<color #ccc>(</color><color #f00>-18</color><color #ccc>)</color>//\\
''[[https://git.lede-project.org/?p=source.git;a=commitdiff;h=f630342af2e46fc4851f6d72cfb777fd4d0f2423|f630342]]'' **<nowiki>kernel:</nowiki>** <nowiki>simplify dependencies for kmod-via-velocity</nowiki> //<color #ccc>(</color><color #282>+1</color><color #ccc>,</color><color #f00>-1</color><color #ccc>)</color>//\\
''[[https://git.lede-project.org/?p=source.git;a=commitdiff;h=10f7a8d6482e4f8b7704a1a6f313bf30aa8d510e|10f7a8d]]'' **<nowiki>kernel:</nowiki>** <nowiki>add missing config symbol</nowiki> //<color #ccc>(</color><color #282>+1</color><color #ccc>)</color>//\\
''[[https://git.lede-project.org/?p=source.git;a=commitdiff;h=7ff7be96dd3491a4762a33c5b5062e5680a99849|7ff7be9]]'' **<nowiki>omap:</nowiki>** <nowiki>build various core drivers into the kernel instead of packaging them</nowiki> //<color #ccc>(</color><color #282>+54</color><color #ccc>,</color><color #f00>-175</color><color #ccc>)</color>//\\
''[[https://git.lede-project.org/?p=source.git;a=commitdiff;h=96815fe0a2c1a7395d0e5aceba4a58e85ec32b41|96815fe]]'' **<nowiki>kernel:</nowiki>** <nowiki>remove omap24xx specific kernel module packages</nowiki> //<color #ccc>(</color><color #f00>-88</color><color #ccc>)</color>//\\
''[[https://git.lede-project.org/?p=source.git;a=commitdiff;h=4ee4c24092b18c7374b32057bbf098484f8ce9d4|4ee4c24]]'' **<nowiki>kernel:</nowiki>** <nowiki>drop kmod-i2c-ibm-iic</nowiki> //<color #ccc>(</color><color #f00>-15</color><color #ccc>)</color>//\\
''[[https://git.lede-project.org/?p=source.git;a=commitdiff;h=b4d2575add47c8cf7ab69d640493c9dde730b214|b4d2575]]'' **<nowiki>kernel:</nowiki>** <nowiki>rename bcm47xxpart patches to fit more of them</nowiki> //<color #ccc>(</color><color #ccc>)</color>//\\
''[[https://git.lede-project.org/?p=source.git;a=commitdiff;h=ef9208c51eff93c58de02691a87749fb184a2889|ef9208c]]'' **<nowiki>kernel:</nowiki>** <nowiki>update spi-nor.h include fix with upstream accepted version</nowiki> //<color #ccc>(</color><color #282>+3</color><color #ccc>,</color><color #f00>-2</color><color #ccc>)</color>//\\
''[[https://git.lede-project.org/?p=source.git;a=commitdiff;h=1a5cb4ac1bd0f1a7047e2a6825950654c44ca01f|1a5cb4a]]'' **<nowiki>kernel:</nowiki>** <nowiki>add pending bcm47xxpart support for failsafe TRX partition</nowiki> //<color #ccc>(</color><color #282>+316</color><color #ccc>,</color><color #f00>-52</color><color #ccc>)</color>//\\
''[[https://git.lede-project.org/?p=source.git;a=commitdiff;h=c9dd40f628efd4751d642b5ff84823005152b1e7|c9dd40f]]'' **<nowiki>kernel:</nowiki>** <nowiki>remove gpiommc patches / driver</nowiki> //<color #ccc>(</color><color #f00>-2.9K</color><color #ccc>)</color>//\\
''[[https://git.lede-project.org/?p=source.git;a=commitdiff;h=e9b49a41e291100352d8392f69ced2f31f4206d5|e9b49a4]]'' **<nowiki>kernel:</nowiki>** <nowiki>add missing config symbol</nowiki> //<color #ccc>(</color><color #282>+1</color><color #ccc>)</color>//\\
''[[https://git.lede-project.org/?p=source.git;a=commitdiff;h=7480d3309cbe40378da48c3b6decc4ba2b1fc3d5|7480d33]]'' **<nowiki>kernel:</nowiki>** <nowiki>add missing config symbols</nowiki> //<color #ccc>(</color><color #282>+2</color><color #ccc>)</color>//\\
''[[https://git.lede-project.org/?p=source.git;a=commitdiff;h=7c8a36340c3a5f0443329731ada1be43489d3050|7c8a363]]'' **<nowiki>kernel:</nowiki>** <nowiki>update bcm47xxpart failsafe partition patches</nowiki> //<color #ccc>(</color><color #282>+49</color><color #ccc>,</color><color #f00>-37</color><color #ccc>)</color>//\\
''[[https://git.lede-project.org/?p=source.git;a=commitdiff;h=80dbaa4ef39306f0c6b8c379488a26158340c112|80dbaa4]]'' **<nowiki>kernel:</nowiki>** <nowiki>backport a MIPS SMP icache flush fix</nowiki> //<color #ccc>(</color><color #282>+38</color><color #ccc>)</color>//\\
''[[https://git.lede-project.org/?p=source.git;a=commitdiff;h=b7bee2858b582164d55c32be44df3fcb42cafc78|b7bee28]]'' **<nowiki>kernel:</nowiki>** <nowiki>remove linux 4.1 support</nowiki> //<color #ccc>(</color><color #f00>-31.6K</color><color #ccc>)</color>//\\
''[[https://git.lede-project.org/?p=source.git;a=commitdiff;h=f24ffb901e0408917748773b883841eca52eea05|f24ffb9]]'' **<nowiki>mvsw61xx:</nowiki>** <nowiki>add support for MV88E6352</nowiki> //<color #ccc>(</color><color #282>+7</color><color #ccc>)</color>//\\
''[[https://git.lede-project.org/?p=source.git;a=commitdiff;h=5b089e45a649b936d5ce71930adef4fdea8a7875|5b089e4]]'' **<nowiki>kernel:</nowiki>** <nowiki>update 4.4 kernel to 4.4.42</nowiki> //<color #ccc>(</color><color #282>+108</color><color #ccc>,</color><color #f00>-98</color><color #ccc>)</color>//\\
''[[https://git.lede-project.org/?p=source.git;a=commitdiff;h=1708644f1915eb7587a904d81da0ef0b559d1567|1708644]]'' **<nowiki>kernel:</nowiki>** <nowiki>backport MIPS changes introducing a separate IRQ stack</nowiki> //<color #ccc>(</color><color #282>+312</color><color #ccc>,</color><color #f00>-15</color><color #ccc>)</color>//\\
''[[https://git.lede-project.org/?p=source.git;a=commitdiff;h=dea191914c1c331f517fcc202b24d86ccc84061e|dea1919]]'' **<nowiki>kernel:</nowiki>** <nowiki>can: Add missing regmap dependency for kernel 4.4</nowiki> //<color #ccc>(</color><color #282>+1</color><color #ccc>,</color><color #f00>-1</color><color #ccc>)</color>//\\
''[[https://git.lede-project.org/?p=source.git;a=commitdiff;h=ee6cce6b31324d865a2e94d370a87d4d730e1d04|ee6cce6]]'' **<nowiki>kernel:</nowiki>** <nowiki>fix bcma serial console regression</nowiki> //<color #ccc>(</color><color #282>+92</color><color #ccc>)</color>//\\
''[[https://git.lede-project.org/?p=source.git;a=commitdiff;h=0b2991a8ed32b5d9ba0a7c3441a72e1c1a1c4fde|0b2991a]]'' **<nowiki>kernel:</nowiki>** <nowiki>make ledtrig-netdev use a work queue for updates</nowiki> //<color #ccc>(</color><color #282>+16</color><color #ccc>,</color><color #f00>-16</color><color #ccc>)</color>//\\
''[[https://git.lede-project.org/?p=source.git;a=commitdiff;h=2ee7bc0a5e14981a7f753bce1d5ea61e2c223799|2ee7bc0]]'' **<nowiki>kernel:</nowiki>** <nowiki>backport support for BCM54612E PHY</nowiki> //<color #ccc>(</color><color #282>+103</color><color #ccc>)</color>//\\
''[[https://git.lede-project.org/?p=source.git;a=commitdiff;h=c170848254972aea37bd6cc21276099eff822429|c170848]]'' **<nowiki>kernel:</nowiki>** <nowiki>backport support for BCM54810 PHY</nowiki> //<color #ccc>(</color><color #282>+164</color><color #ccc>,</color><color #f00>-12</color><color #ccc>)</color>//\\
''[[https://git.lede-project.org/?p=source.git;a=commitdiff;h=d46ce9498cf562cc9f0212152dcc8eebb20753ce|d46ce94]]'' **<nowiki>kernel:</nowiki>** <nowiki>backport support for BCM54210E PHY</nowiki> //<color #ccc>(</color><color #282>+126</color><color #ccc>,</color><color #f00>-27</color><color #ccc>)</color>//\\
''[[https://git.lede-project.org/?p=source.git;a=commitdiff;h=b8fcbbf31dd0005628d0dd738eab57de70d0de6e|b8fcbbf]]'' **<nowiki>kmod-sched-core:</nowiki>** <nowiki>Add HTB and TBF traffic shapers</nowiki> //<color #ccc>(</color><color #282>+3</color><color #ccc>,</color><color #f00>-3</color><color #ccc>)</color>//\\
''[[https://git.lede-project.org/?p=source.git;a=commitdiff;h=ec095b5bf3bf0e6c570232522004c17084ba909d|ec095b5]]'' **<nowiki>ledtrig-netdev:</nowiki>** <nowiki>don't cancel work on events for different interfaces</nowiki> //<color #ccc>(</color><color #282>+3</color><color #ccc>,</color><color #f00>-3</color><color #ccc>)</color>//\\
''[[https://git.lede-project.org/?p=source.git;a=commitdiff;h=e3849823e046a3c5f16d3f31e2b0b6d62351f8c2|e384982]]'' **<nowiki>kernel:</nowiki>** <nowiki>update bcma to fix devm memory leaks</nowiki> //<color #ccc>(</color><color #282>+133</color><color #ccc>,</color><color #f00>-2</color><color #ccc>)</color>//\\
''[[https://git.lede-project.org/?p=source.git;a=commitdiff;h=ea43d60c180c0096f581e0b27c7f75ea08b0f36c|ea43d60]]'' **<nowiki>kernel:</nowiki>** <nowiki>ar8327/ar8337: disable ARL access code to avoid lockups (FS#384)</nowiki> //<color #ccc>(</color><color #282>+6</color><color #ccc>)</color>//\\
''[[https://git.lede-project.org/?p=source.git;a=commitdiff;h=0224e32cd0b1ac400f4d52b66d4839d90a328277|0224e32]]'' **<nowiki>kernel:</nowiki>** <nowiki>fix BCM54612E PHY support</nowiki> //<color #ccc>(</color><color #282>+87</color><color #ccc>,</color><color #f00>-4</color><color #ccc>)</color>//\\
''[[https://git.lede-project.org/?p=source.git;a=commitdiff;h=f61044a9b0f37cfee8b2ce0d205403115b7e0107|f61044a]]'' **<nowiki>kernel:</nowiki>** <nowiki>rename bgmac patches to squeeze them</nowiki> //<color #ccc>(</color><color #ccc>)</color>//\\
''[[https://git.lede-project.org/?p=source.git;a=commitdiff;h=aec04e1deb945b72b479ec7fb19381ae16efcebe|aec04e1]]'' **<nowiki>kernel:</nowiki>** <nowiki>use upstream accepted bgmac fix for BCM47186B0</nowiki> //<color #ccc>(</color><color #282>+4</color><color #ccc>,</color><color #f00>-1</color><color #ccc>)</color>//\\
''[[https://git.lede-project.org/?p=source.git;a=commitdiff;h=41dc50fc279c6e372d456b4195d0974f26927464|41dc50f]]'' **<nowiki>kernel:</nowiki>** <nowiki>backport bgmac support for external PHYs</nowiki> //<color #ccc>(</color><color #282>+540</color><color #ccc>,</color><color #f00>-4</color><color #ccc>)</color>//\\
''[[https://git.lede-project.org/?p=source.git;a=commitdiff;h=ee3067c588139ef60a72f5fecac979580d3651e3|ee3067c]]'' **<nowiki>Kernel:</nowiki>** <nowiki>bump to 4.4.44</nowiki> //<color #ccc>(</color><color #282>+41</color><color #ccc>,</color><color #f00>-76</color><color #ccc>)</color>//\\
''[[https://git.lede-project.org/?p=source.git;a=commitdiff;h=c656cbc56bba7ab0b2cfd8d850707bc60b7f6efe|c656cbc]]'' **<nowiki>kernel:</nowiki>** <nowiki>bump to 4.4.45</nowiki> //<color #ccc>(</color><color #282>+5</color><color #ccc>,</color><color #f00>-5</color><color #ccc>)</color>//\\
''[[https://git.lede-project.org/?p=source.git;a=commitdiff;h=b786a5ffc39539d55cf74ebd43edde9051b4682d|b786a5f]]'' **<nowiki>kernel:</nowiki>** <nowiki>bump to 4.4.46</nowiki> //<color #ccc>(</color><color #282>+3</color><color #ccc>,</color><color #f00>-3</color><color #ccc>)</color>//\\
''[[https://git.lede-project.org/?p=source.git;a=commitdiff;h=054ce1624c16d3668902a5a58c0e4e278af4e123|054ce16]]'' **<nowiki>kernel:</nowiki>** <nowiki>update kernel 4.4 to version 4.4.47</nowiki> //<color #ccc>(</color><color #282>+9</color><color #ccc>,</color><color #f00>-9</color><color #ccc>)</color>//\\
''[[https://git.lede-project.org/?p=source.git;a=commitdiff;h=eac4851bfdccf8f2660a3b0b9050d404fabef15e|eac4851]]'' **<nowiki>kernel:</nowiki>** <nowiki>MIPS: IRQ Stack: Fix erroneous jal to plat_irq_dispatch</nowiki> //<color #ccc>(</color><color #282>+35</color><color #ccc>)</color>//\\
''[[https://git.lede-project.org/?p=source.git;a=commitdiff;h=853bad5af293c6291894892237ddecbd24e370c8|853bad5]]'' **<nowiki>kernel:</nowiki>** <nowiki>fix crashes on MIPS when loading kernel modules under memory pressure</nowiki> //<color #ccc>(</color><color #282>+8</color><color #ccc>,</color><color #f00>-2</color><color #ccc>)</color>//\\
''[[https://git.lede-project.org/?p=source.git;a=commitdiff;h=06f3b919021f3cf55cc4e1aa22650089dc2ab903|06f3b91]]'' **<nowiki>kernel:</nowiki>** <nowiki>update kernel 4.4 to version 4.4.50</nowiki> //<color #ccc>(</color><color #282>+47</color><color #ccc>,</color><color #f00>-90</color><color #ccc>)</color>//\\

==== Packages / Boot Loaders (88 changes) ====
''[[https://git.lede-project.org/?p=source.git;a=commitdiff;h=374cae9e6fcaf4cf4de4f2095f3fec558da51df6|374cae9]]'' **<nowiki>ramips:</nowiki>** <nowiki>add initial support for SamKnows SK-WB8</nowiki> //<color #ccc>(</color><color #282>+171</color><color #ccc>,</color><color #f00>-1</color><color #ccc>)</color>//\\
''[[https://git.lede-project.org/?p=source.git;a=commitdiff;h=74b1687be31f3682c411e7f0ea6c7de6cff57cb3|74b1687]]'' **<nowiki>uboot-lantiq:</nowiki>** <nowiki>drop unused board patches</nowiki> //<color #ccc>(</color><color #282>+6</color><color #ccc>,</color><color #f00>-1.4K</color><color #ccc>)</color>//\\
''[[https://git.lede-project.org/?p=source.git;a=commitdiff;h=b3795d0c93d309de9be670e3d2c86b3df479ad2c|b3795d0]]'' **<nowiki>uboot-lantiq:</nowiki>** <nowiki>reorder and rework patches</nowiki> //<color #ccc>(</color><color #282>+706</color><color #ccc>,</color><color #f00>-814</color><color #ccc>)</color>//\\
''[[https://git.lede-project.org/?p=source.git;a=commitdiff;h=9e8edcff990d989215cc0bda7ee99ba9ebec4133|9e8edcf]]'' **<nowiki>uboot-lantiq:</nowiki>** <nowiki>VGV7510KW22 - cleanup board config</nowiki> //<color #ccc>(</color><color #282>+3</color><color #ccc>,</color><color #f00>-60</color><color #ccc>)</color>//\\
''[[https://git.lede-project.org/?p=source.git;a=commitdiff;h=382282eca922e106f5b01597e4676bab8c7176db|382282e]]'' **<nowiki>uboot-lantiq:</nowiki>** <nowiki>VGV7510KW22 - use leds to indicate boot status</nowiki> //<color #ccc>(</color><color #282>+23</color><color #ccc>,</color><color #f00>-1</color><color #ccc>)</color>//\\
''[[https://git.lede-project.org/?p=source.git;a=commitdiff;h=a22feb4c78f51716772738af84180d58bd877c45|a22feb4]]'' **<nowiki>uboot-lantiq:</nowiki>** <nowiki>VGV7510KW22 - use ddr ram params from brnboot</nowiki> //<color #ccc>(</color><color #282>+5</color><color #ccc>,</color><color #f00>-5</color><color #ccc>)</color>//\\
''[[https://git.lede-project.org/?p=source.git;a=commitdiff;h=e81acacaa3c968067ae269316531818bbe2dbde7|e81acac]]'' **<nowiki>uboot-lantiq:</nowiki>** <nowiki>ARV752DPW - use correct switch driver</nowiki> //<color #ccc>(</color><color #282>+1</color><color #ccc>,</color><color #f00>-1</color><color #ccc>)</color>//\\
''[[https://git.lede-project.org/?p=source.git;a=commitdiff;h=00943e0931732d63a8b9313a40a157101ce37e08|00943e0]]'' **<nowiki>package/uboot-envtools:</nowiki>** <nowiki>add OpenMesh OM2P-HSv3 support</nowiki> //<color #ccc>(</color><color #282>+1</color><color #ccc>)</color>//\\
''[[https://git.lede-project.org/?p=source.git;a=commitdiff;h=3f508fce77fb686576142e927a6a65040f15c2f2|3f508fc]]'' **<nowiki>package/uboot-envtools:</nowiki>** <nowiki>add OpenMesh MR1750v2 support</nowiki> //<color #ccc>(</color><color #282>+1</color><color #ccc>)</color>//\\
''[[https://git.lede-project.org/?p=source.git;a=commitdiff;h=8df4eb0b9badba4039d17e1918168069b6c0f41a|8df4eb0]]'' **<nowiki>uboot-lantiq:</nowiki>** <nowiki>vrx200 - add support for dual nor flash</nowiki> //<color #ccc>(</color><color #282>+30</color><color #ccc>,</color><color #f00>-12</color><color #ccc>)</color>//\\
''[[https://git.lede-project.org/?p=source.git;a=commitdiff;h=ecf10d37969c9a765ac645fa516f04464c350981|ecf10d3]]'' **<nowiki>uboot-lantiq:</nowiki>** <nowiki>vrx200 - lzma compress gphy firmware</nowiki> //<color #ccc>(</color><color #282>+29</color><color #ccc>,</color><color #f00>-18</color><color #ccc>)</color>//\\
''[[https://git.lede-project.org/?p=source.git;a=commitdiff;h=b0a202ebdc4e523c66d593c9933beda69ce274c6|b0a202e]]'' **<nowiki>uboot-lantiq:</nowiki>** <nowiki>Add Arcadyan VGV7519 support</nowiki> //<color #ccc>(</color><color #282>+309</color><color #ccc>,</color><color #f00>-1</color><color #ccc>)</color>//\\
''[[https://git.lede-project.org/?p=source.git;a=commitdiff;h=c065cb08dbd84568397295bb45868fd0afaa2825|c065cb0]]'' **<nowiki>uboot-lantiq:</nowiki>** <nowiki>VGV7510KW22 - remove NOR SPL leftovers</nowiki> //<color #ccc>(</color><color #282>+2</color><color #ccc>,</color><color #f00>-6</color><color #ccc>)</color>//\\
''[[https://git.lede-project.org/?p=source.git;a=commitdiff;h=7eeb254cc49c4e9f837c980826ec112b9404f341|7eeb254]]'' **<nowiki>treewide:</nowiki>** <nowiki>replace nbd@openwrt.org with nbd@nbd.name</nowiki> //<color #ccc>(</color><color #282>+299</color><color #ccc>,</color><color #f00>-299</color><color #ccc>)</color>//\\
''[[https://git.lede-project.org/?p=source.git;a=commitdiff;h=57343b210ae83475b529c10e167257f8970e68ed|57343b2]]'' **<nowiki>uboot-lantiq:</nowiki>** <nowiki>get rid of bogus profile dependencies</nowiki> //<color #ccc>(</color><color #282>+43</color><color #ccc>,</color><color #f00>-43</color><color #ccc>)</color>//\\
''[[https://git.lede-project.org/?p=source.git;a=commitdiff;h=704965d93f2e23a363fd4252d1d80e1f5b9dda13|704965d]]'' **<nowiki>uboot-envtools:</nowiki>** <nowiki>add config for WBMR300 (lantiq)</nowiki> //<color #ccc>(</color><color #282>+5</color><color #ccc>)</color>//\\
''[[https://git.lede-project.org/?p=source.git;a=commitdiff;h=928163bad2bc200b5d88d5f5694686b82651adf5|928163b]]'' **<nowiki>uboot-envtools:</nowiki>** <nowiki>add ipq806x support</nowiki> //<color #ccc>(</color><color #282>+32</color><color #ccc>,</color><color #f00>-1</color><color #ccc>)</color>//\\
''[[https://git.lede-project.org/?p=source.git;a=commitdiff;h=fac7ba1abcb781237ba0d5d9683d5738cdb50307|fac7ba1]]'' **<nowiki>uboot-envtools:</nowiki>** <nowiki>add support for ZBT-WG2626</nowiki> //<color #ccc>(</color><color #282>+2</color><color #ccc>,</color><color #f00>-1</color><color #ccc>)</color>//\\
''[[https://git.lede-project.org/?p=source.git;a=commitdiff;h=b32eb40210f878a69d2eead06a7df6ee4d011bff|b32eb40]]'' **<nowiki>uboot-lantiq:</nowiki>** <nowiki>Add Arcadyan ARV7506PW11 support</nowiki> //<color #ccc>(</color><color #282>+295</color><color #ccc>)</color>//\\
''[[https://git.lede-project.org/?p=source.git;a=commitdiff;h=3f38356893879ae2b0d89f5eb2facddafbc9fd7d|3f38356]]'' **<nowiki>packages:</nowiki>** <nowiki>prefer http over git for git protocol</nowiki> //<color #ccc>(</color><color #282>+9</color><color #ccc>,</color><color #f00>-9</color><color #ccc>)</color>//\\
''[[https://git.lede-project.org/?p=source.git;a=commitdiff;h=c30fd5e87d27399d7db6d54b80d3a911045e0d6a|c30fd5e]]'' **<nowiki>uboot-envtools:</nowiki>** <nowiki>add support for Wallys DR531</nowiki> //<color #ccc>(</color><color #282>+3</color><color #ccc>)</color>//\\
''[[https://git.lede-project.org/?p=source.git;a=commitdiff;h=14ee2b06429fef0f083dede3926619d98bf2eeeb|14ee2b0]]'' **<nowiki>uboot-envtools:</nowiki>** <nowiki>add support for jjPlus JWAP230</nowiki> //<color #ccc>(</color><color #282>+1</color><color #ccc>)</color>//\\
''[[https://git.lede-project.org/?p=source.git;a=commitdiff;h=6b654ab741297d6b871e1b3d6a6203c774831e4c|6b654ab]]'' **<nowiki>uboot-oxnas:</nowiki>** <nowiki>fix build error on non-linux systems</nowiki> //<color #ccc>(</color><color #282>+52</color><color #ccc>)</color>//\\
''[[https://git.lede-project.org/?p=source.git;a=commitdiff;h=d963ddf0424a551e5fadd561c934bfdb5d198764|d963ddf]]'' **<nowiki>ar71xx:</nowiki>** <nowiki>add support for gl-ar300m</nowiki> //<color #ccc>(</color><color #282>+218</color><color #ccc>)</color>//\\
''[[https://git.lede-project.org/?p=source.git;a=commitdiff;h=cc7029f8a9de72eac0eb7c0f174287b6a6ae5bf5|cc7029f]]'' **<nowiki>uboot-ar71xx:</nowiki>** <nowiki>fix default selection for NBG460N/550N/550NH</nowiki> //<color #ccc>(</color><color #282>+1</color><color #ccc>,</color><color #f00>-1</color><color #ccc>)</color>//\\
''[[https://git.lede-project.org/?p=source.git;a=commitdiff;h=10f9ea0bc6a9e8f606bf539d07c54e74ce4f4ae8|10f9ea0]]'' **<nowiki>uboot-lantiq:</nowiki>** <nowiki>package does not build inside the SDK</nowiki> //<color #ccc>(</color><color #282>+1</color><color #ccc>,</color><color #f00>-1</color><color #ccc>)</color>//\\
''[[https://git.lede-project.org/?p=source.git;a=commitdiff;h=c8580f51ba8c9eef787bef7b3e259860858c0f62|c8580f5]]'' **<nowiki>u-boot-envtools:</nowiki>** <nowiki>fix building with glibc</nowiki> //<color #ccc>(</color><color #282>+13</color><color #ccc>)</color>//\\
''[[https://git.lede-project.org/?p=source.git;a=commitdiff;h=7130833a27929de8c66c4d65bc4b520ecfaf6ea8|7130833]]'' **<nowiki>mvebu:</nowiki>** <nowiki>fix boot script for booting from mmc</nowiki> //<color #ccc>(</color><color #282>+44</color><color #ccc>,</color><color #f00>-1</color><color #ccc>)</color>//\\
''[[https://git.lede-project.org/?p=source.git;a=commitdiff;h=a4b86b292a0bce95b9874d6c757a709c5a5269b4|a4b86b2]]'' **<nowiki>boot:</nowiki>** <nowiki>kobs-ng: update kobs-ng for newer kernels</nowiki> //<color #ccc>(</color><color #282>+90</color><color #ccc>,</color><color #f00>-97</color><color #ccc>)</color>//\\
''[[https://git.lede-project.org/?p=source.git;a=commitdiff;h=bc1f006b4eea84d9f3fb2e9b9c5571557042f697|bc1f006]]'' **<nowiki>uboot-mvebu:</nowiki>** <nowiki>also install into KDIR to ensure it packaged in IB</nowiki> //<color #ccc>(</color><color #282>+4</color><color #ccc>,</color><color #f00>-1</color><color #ccc>)</color>//\\
''[[https://git.lede-project.org/?p=source.git;a=commitdiff;h=d8075b15d09acdd02cd874f8969eeab0ecbe3f23|d8075b1]]'' **<nowiki>uboot-mvebu:</nowiki>** <nowiki>make hidden and be m for clearfog to fix IB failing to add it</nowiki> //<color #ccc>(</color><color #282>+6</color><color #ccc>,</color><color #f00>-4</color><color #ccc>)</color>//\\
''[[https://git.lede-project.org/?p=source.git;a=commitdiff;h=c4823622d8499c860cd9a38e858e0c44f2851c14|c482362]]'' **<nowiki>uboot-mvebu:</nowiki>** <nowiki>reset the 88E1512 PHY to make the wan port work</nowiki> //<color #ccc>(</color><color #282>+32</color><color #ccc>)</color>//\\
''[[https://git.lede-project.org/?p=source.git;a=commitdiff;h=6b31c4cb380553d1b20a0e7b4ef8963927651529|6b31c4c]]'' **<nowiki>package:</nowiki>** <nowiki>Add U-Boot for at91</nowiki> //<color #ccc>(</color><color #282>+102</color><color #ccc>)</color>//\\
''[[https://git.lede-project.org/?p=source.git;a=commitdiff;h=9edfe7dd13d973b2d0c754d79dabdeebaeb13d49|9edfe7d]]'' **<nowiki>source:</nowiki>** <nowiki>Switch to xz for packages and tools where possible</nowiki> //<color #ccc>(</color><color #282>+96</color><color #ccc>,</color><color #f00>-71</color><color #ccc>)</color>//\\
''[[https://git.lede-project.org/?p=source.git;a=commitdiff;h=054f3fd57bf11213fd9c5840bcc3b1a4742a3239|054f3fd]]'' **<nowiki>uboot-ar71xx:</nowiki>** <nowiki>make reproducible</nowiki> //<color #ccc>(</color><color #282>+119</color><color #ccc>,</color><color #f00>-8</color><color #ccc>)</color>//\\
''[[https://git.lede-project.org/?p=source.git;a=commitdiff;h=5b607bd8d84a53d4c2f4ea240bd61ee3915d1f9d|5b607bd]]'' **<nowiki>boot/rbcfg:</nowiki>** <nowiki>drop Build/Prepare rule in favor of default one</nowiki> //<color #ccc>(</color><color #f00>-5</color><color #ccc>)</color>//\\
''[[https://git.lede-project.org/?p=source.git;a=commitdiff;h=3764caa93478e3472df3128b79b6d0f6b0fb999c|3764caa]]'' **<nowiki>mvebu:</nowiki>** <nowiki>add support for the Linksys WRT3200ACM (Rango)</nowiki> //<color #ccc>(</color><color #282>+496</color><color #ccc>,</color><color #f00>-17</color><color #ccc>)</color>//\\
''[[https://git.lede-project.org/?p=source.git;a=commitdiff;h=762928a13ea172a91f1b183d447bc73ef58221c4|762928a]]'' **<nowiki>rbcfg:</nowiki>** <nowiki>move to Boot Loaders submenu of Utilities</nowiki> //<color #ccc>(</color><color #282>+1</color><color #ccc>)</color>//\\
''[[https://git.lede-project.org/?p=source.git;a=commitdiff;h=f9ed2bc92f880ee5a368b20ae61b3bc2ee3b72a9|f9ed2bc]]'' **<nowiki>fconfig:</nowiki>** <nowiki>move to Boot Loaders submenu of Utilities</nowiki> //<color #ccc>(</color><color #282>+1</color><color #ccc>)</color>//\\
''[[https://git.lede-project.org/?p=source.git;a=commitdiff;h=d140648622639c4508f715dbd2d72088bdb49c81|d140648]]'' **<nowiki>grub2:</nowiki>** <nowiki>move to Boot Loaders category</nowiki> //<color #ccc>(</color><color #282>+2</color><color #ccc>,</color><color #f00>-3</color><color #ccc>)</color>//\\
''[[https://git.lede-project.org/?p=source.git;a=commitdiff;h=e7dc511e640b00f4ec381248c317cb6370bd798e|e7dc511]]'' **<nowiki>uboot-zynq:</nowiki>** <nowiki>fix compile error for be short of dtc</nowiki> //<color #ccc>(</color><color #282>+2</color><color #ccc>,</color><color #f00>-1</color><color #ccc>)</color>//\\
''[[https://git.lede-project.org/?p=source.git;a=commitdiff;h=ebd7e565c7726329515dee8f1bc1c5929cc6e245|ebd7e56]]'' **<nowiki>package/uboot-envtools:</nowiki>** <nowiki>Add support for ZyXEL NBG6817</nowiki> //<color #ccc>(</color><color #282>+3</color><color #ccc>)</color>//\\
''[[https://git.lede-project.org/?p=source.git;a=commitdiff;h=f2752f4735d0bbaa6e5787e8913b5863c7002261|f2752f4]]'' **<nowiki>grub2:</nowiki>** <nowiki>add missing SECTION variable and remove non breaking space</nowiki> //<color #ccc>(</color><color #282>+2</color><color #ccc>,</color><color #f00>-1</color><color #ccc>)</color>//\\
''[[https://git.lede-project.org/?p=source.git;a=commitdiff;h=e3875350f3e4185020b64e0588bba521cd1d6e64|e387535]]'' **<nowiki>ar71xx:</nowiki>** <nowiki>add support for D-Link DAP-2695 rev. A1</nowiki> //<color #ccc>(</color><color #282>+270</color><color #ccc>)</color>//\\
''[[https://git.lede-project.org/?p=source.git;a=commitdiff;h=705240eeb55dda0e30a7f66809628ff316cb0e3d|705240e]]'' **<nowiki>uboot-kirkwood:</nowiki>** <nowiki>bump to upstream 2016.09.01</nowiki> //<color #ccc>(</color><color #282>+52</color><color #ccc>,</color><color #f00>-385</color><color #ccc>)</color>//\\
''[[https://git.lede-project.org/?p=source.git;a=commitdiff;h=776aa91b0f3ee812adec1cdd3463ec9fa3fe5a59|776aa91]]'' **<nowiki>uboot-kirkwood:</nowiki>** <nowiki>fix default bootcmd for Seagate Dockstar</nowiki> //<color #ccc>(</color><color #282>+1</color><color #ccc>,</color><color #f00>-1</color><color #ccc>)</color>//\\
''[[https://git.lede-project.org/?p=source.git;a=commitdiff;h=c6c731fe311f7da42777ffd31804a4f6aa3f8e19|c6c731f]]'' **<nowiki>layerscape:</nowiki>** <nowiki>add 64b/32b target for ls1043ardb device</nowiki> //<color #ccc>(</color><color #282>+171.2K</color><color #ccc>)</color>//\\
''[[https://git.lede-project.org/?p=source.git;a=commitdiff;h=15a14cf1665ef3d8b5c77cce69b52d131340e3b3|15a14cf]]'' **<nowiki>layerscape:</nowiki>** <nowiki>add 64b/32b target for ls1012ardb device</nowiki> //<color #ccc>(</color><color #282>+37.9K</color><color #ccc>,</color><color #f00>-6</color><color #ccc>)</color>//\\
''[[https://git.lede-project.org/?p=source.git;a=commitdiff;h=7a5897268008a85c3843ae522b2b274911a9eec0|7a58972]]'' **<nowiki>uboot-sunxi:</nowiki>** <nowiki>fix default config for OLIMEX A13 SOM (FS#239)</nowiki> //<color #ccc>(</color><color #282>+58</color><color #ccc>,</color><color #f00>-277</color><color #ccc>)</color>//\\
''[[https://git.lede-project.org/?p=source.git;a=commitdiff;h=08279810ed87b97a3fa15e1a90b883b4f1fc4cb6|0827981]]'' **<nowiki>uboot-envtools:</nowiki>** <nowiki>move to Boot Loaders submenu</nowiki> //<color #ccc>(</color><color #282>+1</color><color #ccc>)</color>//\\
''[[https://git.lede-project.org/?p=source.git;a=commitdiff;h=decf6b33149f56bd5e844e27b68e91b200daab55|decf6b3]]'' **<nowiki>yamonenv:</nowiki>** <nowiki>move to Boot Loaders submenu</nowiki> //<color #ccc>(</color><color #282>+1</color><color #ccc>)</color>//\\
''[[https://git.lede-project.org/?p=source.git;a=commitdiff;h=4a6f9fc6333d5043d4ddfd25d87be3ae17f9e794|4a6f9fc]]'' **<nowiki>layerscape:</nowiki>** <nowiki>uboot: using perl script:byte_swap.pl to replace tcl script:byte_...</nowiki> //<color #ccc>(</color><color #282>+72</color><color #ccc>)</color>//\\
''[[https://git.lede-project.org/?p=source.git;a=commitdiff;h=9ee8257cc7ed45cde07558a3b9e5310d16ad078d|9ee8257]]'' **<nowiki>uboot-envtools:</nowiki>** <nowiki>add support for YunCore AP90Q</nowiki> //<color #ccc>(</color><color #282>+1</color><color #ccc>)</color>//\\
''[[https://git.lede-project.org/?p=source.git;a=commitdiff;h=dcceea4fd3ac40db872a4feec23f656fa60fd0b3|dcceea4]]'' **<nowiki>uboot-envtools:</nowiki>** <nowiki>add support for YunCore CPE870</nowiki> //<color #ccc>(</color><color #282>+1</color><color #ccc>)</color>//\\
''[[https://git.lede-project.org/?p=source.git;a=commitdiff;h=d86f08cc94c058656d9998958ee2879682bb080b|d86f08c]]'' **<nowiki>uboot-envtools:</nowiki>** <nowiki>add support for YunCore CPE830</nowiki> //<color #ccc>(</color><color #282>+1</color><color #ccc>)</color>//\\
''[[https://git.lede-project.org/?p=source.git;a=commitdiff;h=d6e8b1f841fe55ad51d22210981e0ffca5241886|d6e8b1f]]'' **<nowiki>uboot-envtools:</nowiki>** <nowiki>add 'dockstar' for kirkwood</nowiki> //<color #ccc>(</color><color #282>+1</color><color #ccc>)</color>//\\
''[[https://git.lede-project.org/?p=source.git;a=commitdiff;h=ea12a80276c0aca680d67515e7f651e2cef3f3ee|ea12a80]]'' **<nowiki>uboot-lantiq:</nowiki>** <nowiki>vgv7519 fix tftp loading of big kernel/image size</nowiki> //<color #ccc>(</color><color #282>+3</color><color #ccc>,</color><color #f00>-1</color><color #ccc>)</color>//\\
''[[https://git.lede-project.org/?p=source.git;a=commitdiff;h=972018582090aee14b6f5d9d3e2e1270db8aedc5|9720185]]'' **<nowiki>uboot-envtools:</nowiki>** <nowiki>make it not shared</nowiki> //<color #ccc>(</color><color #282>+2</color><color #ccc>)</color>//\\
''[[https://git.lede-project.org/?p=source.git;a=commitdiff;h=36148d923b72688f825f3c2c540942c91039f7d2|36148d9]]'' **<nowiki>uboot-lantiq:</nowiki>** <nowiki>Add BT Home Hub 5A support</nowiki> //<color #ccc>(</color><color #282>+352</color><color #ccc>)</color>//\\
''[[https://git.lede-project.org/?p=source.git;a=commitdiff;h=d5fc7430ca293213dd4f1de7f52446c17d4def6a|d5fc743]]'' **<nowiki>layerscape:</nowiki>** <nowiki>uboot-layerscape: prefer github over git.freescale.com</nowiki> //<color #ccc>(</color><color #282>+9</color><color #ccc>,</color><color #f00>-18.5K</color><color #ccc>)</color>//\\
''[[https://git.lede-project.org/?p=source.git;a=commitdiff;h=ad907e1c03a3a1a236f4836cee085d085f280c8d|ad907e1]]'' **<nowiki>layerscape:</nowiki>** <nowiki>add 64b/32b target for ls1046ardb device</nowiki> //<color #ccc>(</color><color #282>+2.6K</color><color #ccc>,</color><color #f00>-3</color><color #ccc>)</color>//\\
''[[https://git.lede-project.org/?p=source.git;a=commitdiff;h=c40477519edc39130211e5e116fb2b7dad1eae02|c404775]]'' **<nowiki>uboot-envtools:</nowiki>** <nowiki>add support for YunCore SR3200 and XD3200</nowiki> //<color #ccc>(</color><color #282>+3</color><color #ccc>,</color><color #f00>-1</color><color #ccc>)</color>//\\
''[[https://git.lede-project.org/?p=source.git;a=commitdiff;h=720b99215da295a2e7b4acdef30b58bec6acedc2|720b992]]'' **<nowiki>treewide:</nowiki>** <nowiki>clean up download hashes</nowiki> //<color #ccc>(</color><color #282>+300</color><color #ccc>,</color><color #f00>-283</color><color #ccc>)</color>//\\
''[[https://git.lede-project.org/?p=source.git;a=commitdiff;h=f70a2adca1ea942e86037a2b5d18d53c4d565311|f70a2ad]]'' **<nowiki>uboot-envtools:</nowiki>** <nowiki>keep boards in alphabetical order</nowiki> //<color #ccc>(</color><color #282>+15</color><color #ccc>,</color><color #f00>-15</color><color #ccc>)</color>//\\
''[[https://git.lede-project.org/?p=source.git;a=commitdiff;h=35ed3be59fb3fb0c0501fa70e79251b71d963784|35ed3be]]'' **<nowiki>uboot-envtools:</nowiki>** <nowiki>fix code formatting style in uci-defaults files</nowiki> //<color #ccc>(</color><color #282>+62</color><color #ccc>,</color><color #f00>-61</color><color #ccc>)</color>//\\
''[[https://git.lede-project.org/?p=source.git;a=commitdiff;h=a9ce2ba31c5651e0822c98f269695847b4d479c0|a9ce2ba]]'' **<nowiki>uboot-envtools:</nowiki>** <nowiki>fix Edimax BR-6425 board name</nowiki> //<color #ccc>(</color><color #282>+1</color><color #ccc>,</color><color #f00>-1</color><color #ccc>)</color>//\\
''[[https://git.lede-project.org/?p=source.git;a=commitdiff;h=1599a14b32195994a83e287005ff2cea5c1f34b3|1599a14]]'' **<nowiki>uboot-envtools:</nowiki>** <nowiki>drop executable file attribute from files/ipq</nowiki> //<color #ccc>(</color><color #ccc>)</color>//\\
''[[https://git.lede-project.org/?p=source.git;a=commitdiff;h=b33845b2da7a02393f0814f161befa6cc2d5da7c|b33845b]]'' **<nowiki>grub2:</nowiki>** <nowiki>add PKG_FIXUP:=autoreconf</nowiki> //<color #ccc>(</color><color #282>+1</color><color #ccc>)</color>//\\
''[[https://git.lede-project.org/?p=source.git;a=commitdiff;h=2b54fa4dff4ec3d428063a46859923a7cc387e0a|2b54fa4]]'' **<nowiki>grub2:</nowiki>** <nowiki>do not generate mkfonts at build time</nowiki> //<color #ccc>(</color><color #282>+7</color><color #ccc>)</color>//\\
''[[https://git.lede-project.org/?p=source.git;a=commitdiff;h=77812cdfec6258c3a4db9256419e9dbdcaf8d7ec|77812cd]]'' **<nowiki>grub2:</nowiki>** <nowiki>disable 'check-macro-version' build rule in 'po' build</nowiki> //<color #ccc>(</color><color #282>+13</color><color #ccc>)</color>//\\
''[[https://git.lede-project.org/?p=source.git;a=commitdiff;h=65c8f2890ca4f41f5b933b5bc1e43de86cc1bd54|65c8f28]]'' **<nowiki>grub2:</nowiki>** <nowiki>upgrade to 2.02-beta3 (3 years newer than previous)</nowiki> //<color #ccc>(</color><color #282>+10</color><color #ccc>,</color><color #f00>-50</color><color #ccc>)</color>//\\
''[[https://git.lede-project.org/?p=source.git;a=commitdiff;h=364ec6e0e0e651cbc5e6192d23e48ba86a5547a0|364ec6e]]'' **<nowiki>kexec-tools:</nowiki>** <nowiki>fix compile error</nowiki> //<color #ccc>(</color><color #282>+11</color><color #ccc>)</color>//\\
''[[https://git.lede-project.org/?p=source.git;a=commitdiff;h=1a071115d670a701332ff90c4324991728ccd6f4|1a07111]]'' **<nowiki>kexec-tools:</nowiki>** <nowiki>update to 2.0.14-rc1, fix build errors</nowiki> //<color #ccc>(</color><color #282>+24</color><color #ccc>,</color><color #f00>-321</color><color #ccc>)</color>//\\
''[[https://git.lede-project.org/?p=source.git;a=commitdiff;h=ff47fb0dd94c5c56cfa1402f59ed38224b8ab935|ff47fb0]]'' **<nowiki>kexec-tools:</nowiki>** <nowiki>enable support for x86_64</nowiki> //<color #ccc>(</color><color #282>+1</color><color #ccc>,</color><color #f00>-1</color><color #ccc>)</color>//\\
''[[https://git.lede-project.org/?p=source.git;a=commitdiff;h=fe4fe3edf21cb90371415577c52920c0eac25d19|fe4fe3e]]'' **<nowiki>kexec-tools:</nowiki>** <nowiki>build by default, even if CONFIG_KERNEL_KEXEC is unset</nowiki> //<color #ccc>(</color><color #282>+1</color><color #ccc>,</color><color #f00>-1</color><color #ccc>)</color>//\\
''[[https://git.lede-project.org/?p=source.git;a=commitdiff;h=842ed8448deccebf2a0d9a24076e421de87a6959|842ed84]]'' **<nowiki>kexec-tools:</nowiki>** <nowiki>remove useless CONFIG_KEXEC_TOOLS_TARGET_NAME indirection</nowiki> //<color #ccc>(</color><color #282>+1</color><color #ccc>,</color><color #f00>-11</color><color #ccc>)</color>//\\
''[[https://git.lede-project.org/?p=source.git;a=commitdiff;h=c7c1cf5618b6ca983c20510814b762eeab4937e5|c7c1cf5]]'' **<nowiki>treewide:</nowiki>** <nowiki>clean up and unify PKG_VERSION for git based downloads</nowiki> //<color #ccc>(</color><color #282>+140</color><color #ccc>,</color><color #f00>-284</color><color #ccc>)</color>//\\
''[[https://git.lede-project.org/?p=source.git;a=commitdiff;h=c9e4cf229923cf6fa79729a764f651827086e3f1|c9e4cf2]]'' **<nowiki>kirkwood:</nowiki>** <nowiki>convert iconnect, ib62x0 and pogoplug_e02 to the new image build code</nowiki> //<color #ccc>(</color><color #282>+58</color><color #ccc>,</color><color #f00>-38</color><color #ccc>)</color>//\\
''[[https://git.lede-project.org/?p=source.git;a=commitdiff;h=cfe1c6debe8247ce9239b92aa1213fde396b1405|cfe1c6d]]'' **<nowiki>uboot-lantiq:</nowiki>** <nowiki>fix build with gcc6</nowiki> //<color #ccc>(</color><color #282>+852</color><color #ccc>,</color><color #f00>-87</color><color #ccc>)</color>//\\
''[[https://git.lede-project.org/?p=source.git;a=commitdiff;h=8c822ec4ca7557563370aa568c034edda81e6b6e|8c822ec]]'' **<nowiki>uboot-lantiq:</nowiki>** <nowiki>fix boot of images larger than 8MB</nowiki> //<color #ccc>(</color><color #282>+36</color><color #ccc>,</color><color #f00>-12</color><color #ccc>)</color>//\\
''[[https://git.lede-project.org/?p=source.git;a=commitdiff;h=6268d496a4fea91a475dbbea24281622293d122a|6268d49]]'' **<nowiki>uboot-sunxi:</nowiki>** <nowiki>add uboot-sunxi-all for selecting all other variants</nowiki> //<color #ccc>(</color><color #282>+50</color><color #ccc>,</color><color #f00>-142</color><color #ccc>)</color>//\\
''[[https://git.lede-project.org/?p=source.git;a=commitdiff;h=fbe3e22507cc6e32e31f0bfbd60f4e5b0718fb1b|fbe3e22]]'' **<nowiki>uboot-sunxi:</nowiki>** <nowiki>enable parallel build</nowiki> //<color #ccc>(</color><color #282>+2</color><color #ccc>)</color>//\\
''[[https://git.lede-project.org/?p=source.git;a=commitdiff;h=d4ce3e86924957d7c9ecfd51e8800618648b9b90|d4ce3e8]]'' **<nowiki>uboot-mvebu:</nowiki>** <nowiki>enable loader with the default profile</nowiki> //<color #ccc>(</color><color #282>+1</color><color #ccc>,</color><color #f00>-1</color><color #ccc>)</color>//\\
''[[https://git.lede-project.org/?p=source.git;a=commitdiff;h=806d3cc2c30f5c206e4b9c3976c0bb8761da42b4|806d3cc]]'' **<nowiki>packages:</nowiki>** <nowiki>mark packages depending on a target as nonshared</nowiki> //<color #ccc>(</color><color #282>+16</color><color #ccc>)</color>//\\
''[[https://git.lede-project.org/?p=source.git;a=commitdiff;h=a3061e57e8b729c491c8aded5d142b0722fe1fbd|a3061e5]]'' **<nowiki>package/uboot-envtools:</nowiki>** <nowiki>add OpenMesh OM2Pv4/-HSv4 support</nowiki> //<color #ccc>(</color><color #282>+3</color><color #ccc>,</color><color #f00>-1</color><color #ccc>)</color>//\\
''[[https://git.lede-project.org/?p=source.git;a=commitdiff;h=8785ebc471e85b39ecd6aa33698b57578375882b|8785ebc]]'' **<nowiki>package/uboot-envtools:</nowiki>** <nowiki>add OpenMesh a60 support</nowiki> //<color #ccc>(</color><color #282>+1</color><color #ccc>)</color>//\\
''[[https://git.lede-project.org/?p=source.git;a=commitdiff;h=d6d9f256ff27c1d1631d23683454ecde68e6e249|d6d9f25]]'' **<nowiki>package/uboot-envtools:</nowiki>** <nowiki>add OpenMesh A40 support</nowiki> //<color #ccc>(</color><color #282>+1</color><color #ccc>)</color>//\\
''[[https://git.lede-project.org/?p=source.git;a=commitdiff;h=4d1ab84f1e3b69575eb1c52dfe0defb5375ddb4f|4d1ab84]]'' **<nowiki>uboot-kirkwood:</nowiki>** <nowiki>fix goflexhome/net bootcommand</nowiki> //<color #ccc>(</color><color #282>+1</color><color #ccc>,</color><color #f00>-1</color><color #ccc>)</color>//\\

==== Packages / Common (507 changes) ====
''[[https://git.lede-project.org/?p=source.git;a=commitdiff;h=fa69553900516944fc43cf7b377105ea1f6d3db0|fa69553]]'' **<nowiki>branding:</nowiki>** <nowiki>add LEDE branding</nowiki> //<color #ccc>(</color><color #282>+76</color><color #ccc>,</color><color #f00>-85</color><color #ccc>)</color>//\\
''[[https://git.lede-project.org/?p=source.git;a=commitdiff;h=5a7c064bdbb71bfbcded073c7c0a8723be306009|5a7c064]]'' **<nowiki>busybox:</nowiki>** <nowiki>fix setting the kernel timezone</nowiki> //<color #ccc>(</color><color #282>+14</color><color #ccc>,</color><color #f00>-10</color><color #ccc>)</color>//\\
''[[https://git.lede-project.org/?p=source.git;a=commitdiff;h=f233664faa41ca5a3df1702f4eada771096af67c|f233664]]'' **<nowiki>brcm2708-gpu-fw:</nowiki>** <nowiki>update to latest version</nowiki> //<color #ccc>(</color><color #282>+66</color><color #ccc>,</color><color #f00>-8</color><color #ccc>)</color>//\\
''[[https://git.lede-project.org/?p=source.git;a=commitdiff;h=59e0e88c22007fd77ee9c6c8e02a689889a5f597|59e0e88]]'' **<nowiki>brcm2708-gpu-fw:</nowiki>** <nowiki>update to latest version</nowiki> //<color #ccc>(</color><color #282>+6</color><color #ccc>,</color><color #f00>-6</color><color #ccc>)</color>//\\
''[[https://git.lede-project.org/?p=source.git;a=commitdiff;h=9e0401902468a84b701b6361546b9d4a5ff71215|9e04019]]'' **<nowiki>package:</nowiki>** <nowiki>flag essential components as nonshared</nowiki> //<color #ccc>(</color><color #282>+6</color><color #ccc>,</color><color #f00>-1</color><color #ccc>)</color>//\\
''[[https://git.lede-project.org/?p=source.git;a=commitdiff;h=addfc0efdd1077d1d8019b73448b4aa1f08442ba|addfc0e]]'' **<nowiki>uclibc++:</nowiki>** <nowiki>add hack to fix failing patch</nowiki> //<color #ccc>(</color><color #282>+8</color><color #ccc>,</color><color #f00>-1</color><color #ccc>)</color>//\\
''[[https://git.lede-project.org/?p=source.git;a=commitdiff;h=abc828b0854b934064b5fe3f6272c3d2158b30c0|abc828b]]'' **<nowiki>openssl:</nowiki>** <nowiki>fix wrong build target strings</nowiki> //<color #ccc>(</color><color #282>+3</color><color #ccc>,</color><color #f00>-3</color><color #ccc>)</color>//\\
''[[https://git.lede-project.org/?p=source.git;a=commitdiff;h=9dee77795d52e38500d5e7de92b339c8f702f008|9dee777]]'' **<nowiki>brcm2708-gpu-fw:</nowiki>** <nowiki>improve package version and release</nowiki> //<color #ccc>(</color><color #282>+5</color><color #ccc>,</color><color #f00>-5</color><color #ccc>)</color>//\\
''[[https://git.lede-project.org/?p=source.git;a=commitdiff;h=dc929174095a00150de6a3e48d46355d24f223b9|dc92917]]'' <nowiki>image / basefiles: make console password configurable</nowiki> //<color #ccc>(</color><color #282>+48</color><color #ccc>,</color><color #f00>-42</color><color #ccc>)</color>//\\
''[[https://git.lede-project.org/?p=source.git;a=commitdiff;h=9531e0fce5766f412b8aefb97ee7d94f36fa9507|9531e0f]]'' **<nowiki>package:</nowiki>** <nowiki>fix toolchain ipk flags</nowiki> //<color #ccc>(</color><color #282>+2</color><color #ccc>,</color><color #f00>-1</color><color #ccc>)</color>//\\
''[[https://git.lede-project.org/?p=source.git;a=commitdiff;h=4c60a6f803759105d59b3e1fc52a9e37eecd08cd|4c60a6f]]'' **<nowiki>opkg:</nowiki>** <nowiki>fix use-after-free with duplicate packages on the command line</nowiki> //<color #ccc>(</color><color #282>+13</color><color #ccc>,</color><color #f00>-1</color><color #ccc>)</color>//\\
''[[https://git.lede-project.org/?p=source.git;a=commitdiff;h=0ab31bfced9666f3fb58acdb5833a93e4f4f5f7e|0ab31bf]]'' **<nowiki>brcm2708-gpu-fw:</nowiki>** <nowiki>update to latest version</nowiki> //<color #ccc>(</color><color #282>+7</color><color #ccc>,</color><color #f00>-7</color><color #ccc>)</color>//\\
''[[https://git.lede-project.org/?p=source.git;a=commitdiff;h=69ccef03f9c61cfbe38cc9dbee19d331f890591a|69ccef0]]'' **<nowiki>package:</nowiki>** <nowiki>mark nvram and otrx nonshared as they're target specific</nowiki> //<color #ccc>(</color><color #282>+2</color><color #ccc>)</color>//\\
''[[https://git.lede-project.org/?p=source.git;a=commitdiff;h=b04a25491f707acf7100b453b77b267acddceae6|b04a254]]'' **<nowiki>package:</nowiki>** <nowiki>flag further target specific packages as nonshared</nowiki> //<color #ccc>(</color><color #282>+26</color><color #ccc>)</color>//\\
''[[https://git.lede-project.org/?p=source.git;a=commitdiff;h=07bdd309067e794da2725a13b0ef003c4b4c13e0|07bdd30]]'' **<nowiki>package:</nowiki>** <nowiki>remove duplicate lines from otrx and nvram makefiles</nowiki> //<color #ccc>(</color><color #f00>-2</color><color #ccc>)</color>//\\
''[[https://git.lede-project.org/?p=source.git;a=commitdiff;h=312cb987f9612f1a649e51c1474b5c71b85e2666|312cb98]]'' **<nowiki>xtables-addons:</nowiki>** <nowiki>Fix Lua packet script implementation</nowiki> //<color #ccc>(</color><color #282>+15</color><color #ccc>)</color>//\\
''[[https://git.lede-project.org/?p=source.git;a=commitdiff;h=7545c1d96b9791d285b71cf8f142326160faa940|7545c1d]]'' **<nowiki>dropbear:</nowiki>** <nowiki>Make utmp and putuline support configurable via seperate config opt...</nowiki> //<color #ccc>(</color><color #282>+17</color><color #ccc>,</color><color #f00>-3</color><color #ccc>)</color>//\\
''[[https://git.lede-project.org/?p=source.git;a=commitdiff;h=b3f6c4b3acf169beb907b1eede4084ea69f24770|b3f6c4b]]'' **<nowiki>iproute2:</nowiki>** <nowiki>Add package for nstat utility</nowiki> //<color #ccc>(</color><color #282>+11</color><color #ccc>)</color>//\\
''[[https://git.lede-project.org/?p=source.git;a=commitdiff;h=16122117a5fb376bd5d5ed905a5eea9076d54b04|1612211]]'' **<nowiki>dropbear:</nowiki>** <nowiki>Add procd interface triggers when interface config is specified</nowiki> //<color #ccc>(</color><color #282>+22</color><color #ccc>,</color><color #f00>-2</color><color #ccc>)</color>//\\
''[[https://git.lede-project.org/?p=source.git;a=commitdiff;h=ce9e5e16ff325a349cd8efd86b9380f7da415fd3|ce9e5e1]]'' **<nowiki>dnsmasq:</nowiki>** <nowiki>Add conntrack support in the full variant</nowiki> //<color #ccc>(</color><color #282>+12</color><color #ccc>,</color><color #f00>-6</color><color #ccc>)</color>//\\
''[[https://git.lede-project.org/?p=source.git;a=commitdiff;h=ec9f6fe04daff20c1d79a22861c88cdad5c8f697|ec9f6fe]]'' **<nowiki>ppp:</nowiki>** <nowiki>Add ppp-mod-passwordfd subpackage to ppp</nowiki> //<color #ccc>(</color><color #282>+19</color><color #ccc>,</color><color #f00>-1</color><color #ccc>)</color>//\\
''[[https://git.lede-project.org/?p=source.git;a=commitdiff;h=d2e4caf34332ff7668593c6815fb38f89170076d|d2e4caf]]'' **<nowiki>lede-keyring:</nowiki>** <nowiki>add the developer public keyring</nowiki> //<color #ccc>(</color><color #282>+40</color><color #ccc>)</color>//\\
''[[https://git.lede-project.org/?p=source.git;a=commitdiff;h=a6f76bffd89add05a545faf95bcef63dad02f8bc|a6f76bf]]'' **<nowiki>signing:</nowiki>** <nowiki>remove unatteded build key and use current keyring instead</nowiki> //<color #ccc>(</color><color #282>+3</color><color #ccc>,</color><color #f00>-6</color><color #ccc>)</color>//\\
''[[https://git.lede-project.org/?p=source.git;a=commitdiff;h=6a06cd833187f09fdb4dd9b5ee169791fbde6047|6a06cd8]]'' **<nowiki>xtables-addons:</nowiki>** <nowiki>Avoid redefinition of SHRT_MAX in lua packet script</nowiki> //<color #ccc>(</color><color #282>+6</color><color #ccc>,</color><color #f00>-3</color><color #ccc>)</color>//\\
''[[https://git.lede-project.org/?p=source.git;a=commitdiff;h=a2b555189b2cc051bf706eae3ba2b08d094f63c0|a2b5551]]'' **<nowiki>libiconv:</nowiki>** <nowiki>add all ASCII aliases</nowiki> //<color #ccc>(</color><color #282>+10</color><color #ccc>,</color><color #f00>-1</color><color #ccc>)</color>//\\
''[[https://git.lede-project.org/?p=source.git;a=commitdiff;h=f6adbdf3cdb8ce0d5a730575cab797ced956a59e|f6adbdf]]'' **<nowiki>openssl:</nowiki>** <nowiki>Update to version 1.0.2h</nowiki> //<color #ccc>(</color><color #282>+2</color><color #ccc>,</color><color #f00>-2</color><color #ccc>)</color>//\\
''[[https://git.lede-project.org/?p=source.git;a=commitdiff;h=5071fb27b9899370797a73af2e518517a13bfdcf|5071fb2]]'' **<nowiki>ncurses:</nowiki>** <nowiki>remove libncurses, provide it via libncursesw</nowiki> //<color #ccc>(</color><color #282>+8</color><color #ccc>,</color><color #f00>-45</color><color #ccc>)</color>//\\
''[[https://git.lede-project.org/?p=source.git;a=commitdiff;h=8a60a419512db35f4d3583589e0e623a1a2f00c9|8a60a41]]'' **<nowiki>mtd:</nowiki>** <nowiki>use tabs for indents</nowiki> //<color #ccc>(</color><color #282>+7</color><color #ccc>,</color><color #f00>-7</color><color #ccc>)</color>//\\
''[[https://git.lede-project.org/?p=source.git;a=commitdiff;h=320641585be3f87f286c58ef7eb7bdb9cc8f35a3|3206415]]'' **<nowiki>mtd:</nowiki>** <nowiki>add missing breaks in a switch</nowiki> //<color #ccc>(</color><color #282>+2</color><color #ccc>)</color>//\\
''[[https://git.lede-project.org/?p=source.git;a=commitdiff;h=8632d89fa0d22e192c16c0bb6a50f02486dd73a6|8632d89]]'' **<nowiki>mtd:</nowiki>** <nowiki>check for Seama magic early when fixing MD5</nowiki> //<color #ccc>(</color><color #282>+21</color><color #ccc>,</color><color #f00>-7</color><color #ccc>)</color>//\\
''[[https://git.lede-project.org/?p=source.git;a=commitdiff;h=bcccb03200487112552531066ce4e3befd84bf8f|bcccb03]]'' **<nowiki>mtd:</nowiki>** <nowiki>seama: add md5 to header struct</nowiki> //<color #ccc>(</color><color #282>+11</color><color #ccc>,</color><color #f00>-12</color><color #ccc>)</color>//\\
''[[https://git.lede-project.org/?p=source.git;a=commitdiff;h=1d628f0cbe7e4ccc2eccb7b52597548f76fe302e|1d628f0]]'' **<nowiki>mtd:</nowiki>** <nowiki>seama: update MD5 using header in the first block buffer</nowiki> //<color #ccc>(</color><color #282>+3</color><color #ccc>,</color><color #f00>-4</color><color #ccc>)</color>//\\
''[[https://git.lede-project.org/?p=source.git;a=commitdiff;h=30edc32888829b4c7a4b0e2ce17512bd8778671c|30edc32]]'' **<nowiki>mtd:</nowiki>** <nowiki>seama: move buf allocation to the MD5 function</nowiki> //<color #ccc>(</color><color #282>+22</color><color #ccc>,</color><color #f00>-16</color><color #ccc>)</color>//\\
''[[https://git.lede-project.org/?p=source.git;a=commitdiff;h=06a3241c27c6550e3cba39c69035da8e984bf41a|06a3241]]'' **<nowiki>mtd:</nowiki>** <nowiki>seama: fix image data handling</nowiki> //<color #ccc>(</color><color #282>+18</color><color #ccc>,</color><color #f00>-28</color><color #ccc>)</color>//\\
''[[https://git.lede-project.org/?p=source.git;a=commitdiff;h=6de401b1f8a1d094ae59baf65197fe9dad624195|6de401b]]'' **<nowiki>mtd:</nowiki>** <nowiki>seama: exit with error if Seama header wasn't found</nowiki> //<color #ccc>(</color><color #282>+1</color><color #ccc>,</color><color #f00>-1</color><color #ccc>)</color>//\\
''[[https://git.lede-project.org/?p=source.git;a=commitdiff;h=2dd125048dedbae3fbad6ae4b89f4b9b6e44b9b1|2dd1250]]'' **<nowiki>mtd:</nowiki>** <nowiki>trx: use separated buffer for TRX header</nowiki> //<color #ccc>(</color><color #282>+18</color><color #ccc>,</color><color #f00>-5</color><color #ccc>)</color>//\\
''[[https://git.lede-project.org/?p=source.git;a=commitdiff;h=df8ca9a5c4d87903ddca15d1a6c60f43b15656fe|df8ca9a]]'' **<nowiki>mtd:</nowiki>** <nowiki>add -c option for specifying amount of data to be used for checksum</nowiki> //<color #ccc>(</color><color #282>+31</color><color #ccc>,</color><color #f00>-12</color><color #ccc>)</color>//\\
''[[https://git.lede-project.org/?p=source.git;a=commitdiff;h=dd16b7748d58f1f75c07bbe5986361a47cb84c32|dd16b77]]'' **<nowiki>ncurses:</nowiki>** <nowiki>install pkg-config files to fix util-linux build breakage</nowiki> //<color #ccc>(</color><color #282>+4</color><color #ccc>,</color><color #f00>-7</color><color #ccc>)</color>//\\
''[[https://git.lede-project.org/?p=source.git;a=commitdiff;h=b01f296f4f4e66ca6b15cb84d1c4bf4fbc259c3e|b01f296]]'' **<nowiki>ncurses:</nowiki>** <nowiki>provide libncurses compatibility symlinks in libncursesw</nowiki> //<color #ccc>(</color><color #282>+7</color><color #ccc>,</color><color #f00>-1</color><color #ccc>)</color>//\\
''[[https://git.lede-project.org/?p=source.git;a=commitdiff;h=fda951c4437fe46db00da2e0aa80dfe4972e3a27|fda951c]]'' **<nowiki>iftop:</nowiki>** <nowiki>Update to latest version, and drop patch</nowiki> //<color #ccc>(</color><color #282>+2</color><color #ccc>,</color><color #f00>-14</color><color #ccc>)</color>//\\
''[[https://git.lede-project.org/?p=source.git;a=commitdiff;h=86777a40e9f0d6c0cf5fe7170cbd586d5379bec6|86777a4]]'' **<nowiki>gettext-full:</nowiki>** <nowiki>avoid spurious dependencies on ncurses</nowiki> //<color #ccc>(</color><color #282>+1</color><color #ccc>)</color>//\\
''[[https://git.lede-project.org/?p=source.git;a=commitdiff;h=b9afc86b5c2af0034614f3c28c502459c635d7f6|b9afc86]]'' **<nowiki>mtd:</nowiki>** <nowiki>imagetag: fix compilation with changed mtd_fixtrx call</nowiki> //<color #ccc>(</color><color #282>+4</color><color #ccc>,</color><color #f00>-1</color><color #ccc>)</color>//\\
''[[https://git.lede-project.org/?p=source.git;a=commitdiff;h=ef6d6661e2c2584c5798b2783e6cfe2384215d3a|ef6d666]]'' **<nowiki>ncurses:</nowiki>** <nowiki>install a dummy libtinfo.a for packages that try to link it</nowiki> //<color #ccc>(</color><color #282>+1</color><color #ccc>)</color>//\\
''[[https://git.lede-project.org/?p=source.git;a=commitdiff;h=15f88192bf7bf51ec325492315cfa16358ed3d72|15f8819]]'' **<nowiki>ncurses:</nowiki>** <nowiki>add a compatibility symlink for packages searching for ncursesw/ncur...</nowiki> //<color #ccc>(</color><color #282>+1</color><color #ccc>)</color>//\\
''[[https://git.lede-project.org/?p=source.git;a=commitdiff;h=46b79085b6763ade84fae3ba73730ff68d8a595e|46b7908]]'' **<nowiki>busybox:</nowiki>** <nowiki>fix issues with the ip command on mips64</nowiki> //<color #ccc>(</color><color #282>+75</color><color #ccc>)</color>//\\
''[[https://git.lede-project.org/?p=source.git;a=commitdiff;h=6a5471231b21779fe136094f58f056aef30ec5d3|6a54712]]'' **<nowiki>libusb:</nowiki>** <nowiki>remove stale patch</nowiki> //<color #ccc>(</color><color #f00>-33</color><color #ccc>)</color>//\\
''[[https://git.lede-project.org/?p=source.git;a=commitdiff;h=861266c9ec0d5a48af044a08a01ccb9fc62b1ac8|861266c]]'' **<nowiki>dropbear:</nowiki>** <nowiki>Add --disable-utmpx again</nowiki> //<color #ccc>(</color><color #282>+1</color><color #ccc>)</color>//\\
''[[https://git.lede-project.org/?p=source.git;a=commitdiff;h=b8ab6af1a9b8cf1ac76e7008661fd3e775e9ae2b|b8ab6af]]'' **<nowiki>global:</nowiki>** <nowiki>change my email address</nowiki> //<color #ccc>(</color><color #282>+28</color><color #ccc>,</color><color #f00>-28</color><color #ccc>)</color>//\\
''[[https://git.lede-project.org/?p=source.git;a=commitdiff;h=b4a23f83f92a42a4969a7c37d9985783234fd74f|b4a23f8]]'' **<nowiki>iperf:</nowiki>** <nowiki>Upgrade to version 2.0.8</nowiki> //<color #ccc>(</color><color #282>+5</color><color #ccc>,</color><color #f00>-104</color><color #ccc>)</color>//\\
''[[https://git.lede-project.org/?p=source.git;a=commitdiff;h=34b6c8b0759f2ae68afb2953280e27f23b9d7e5e|34b6c8b]]'' **<nowiki>iperf:</nowiki>** <nowiki>Drop single-threaded variant</nowiki> //<color #ccc>(</color><color #282>+4</color><color #ccc>,</color><color #f00>-50</color><color #ccc>)</color>//\\
''[[https://git.lede-project.org/?p=source.git;a=commitdiff;h=3d6d5ccf593a1e2c537756002f82e96760daf4ac|3d6d5cc]]'' **<nowiki>openssl:</nowiki>** <nowiki>replace ocf-crypto-headers with a header file from cryptodev-linux</nowiki> //<color #ccc>(</color><color #282>+293</color><color #ccc>,</color><color #f00>-521</color><color #ccc>)</color>//\\
''[[https://git.lede-project.org/?p=source.git;a=commitdiff;h=1c61b214899355fc05627f0bbcb555e2da7a374f|1c61b21]]'' **<nowiki>dropbear:</nowiki>** <nowiki>update to 2016.73</nowiki> //<color #ccc>(</color><color #282>+18</color><color #ccc>,</color><color #f00>-28</color><color #ccc>)</color>//\\
''[[https://git.lede-project.org/?p=source.git;a=commitdiff;h=da0226fa7eece0b87bcc04d79bd1a9b198d09fd0|da0226f]]'' **<nowiki>lua:</nowiki>** <nowiki>Fixed broken __lt/__le operators caused by lnum patch.</nowiki> //<color #ccc>(</color><color #282>+44</color><color #ccc>)</color>//\\
''[[https://git.lede-project.org/?p=source.git;a=commitdiff;h=b40c22630fd7958417b6fdea1b71732fede7c605|b40c226]]'' **<nowiki>e2fsprogs:</nowiki>** <nowiki>update to 1.42.13</nowiki> //<color #ccc>(</color><color #282>+2</color><color #ccc>,</color><color #f00>-2</color><color #ccc>)</color>//\\
''[[https://git.lede-project.org/?p=source.git;a=commitdiff;h=b4c286fa89719d2aee8830dcad7dcaa20b86c15f|b4c286f]]'' **<nowiki>nettle:</nowiki>** <nowiki>update to 3.2</nowiki> //<color #ccc>(</color><color #282>+2</color><color #ccc>,</color><color #f00>-2</color><color #ccc>)</color>//\\
''[[https://git.lede-project.org/?p=source.git;a=commitdiff;h=df93d53a4b7a5ce284dc0c6509057979f233cb92|df93d53]]'' **<nowiki>mac80211:</nowiki>** <nowiki>update to wireless-testing 2016-05-12</nowiki> //<color #ccc>(</color><color #282>+1.2K</color><color #ccc>,</color><color #f00>-9.9K</color><color #ccc>)</color>//\\
 => ''[[https://github.com/openwrt/mt76/commit/13c29223ef3b0b3f266c409f3f7d770dbd5c7f64|13c2922]]'' <nowiki>Use NL80211_BAND_2GHZ instead of IEEE80211_BAND_2GHZ</nowiki> //<color #ccc>(</color><color #282>+25</color><color #ccc>,</color><color #f00>-25</color><color #ccc>)</color>//\\
 => ''[[https://github.com/openwrt/mt76/commit/e4c05ba1624d440c2b7efde2971eb360e37a7b23|e4c05ba]]'' <nowiki>use nl80211_band instead of ieee80211_band</nowiki> //<color #ccc>(</color><color #282>+7</color><color #ccc>,</color><color #f00>-7</color><color #ccc>)</color>//\\
 => ''[[https://github.com/openwrt/mt76/commit/810eef8383cf2669cd4354135fc560ccfe71786c|810eef8]]'' <nowiki>sync with mac80211 ieee80211_rx_napi API change</nowiki> //<color #ccc>(</color><color #282>+1</color><color #ccc>,</color><color #f00>-1</color><color #ccc>)</color>//\\
''[[https://git.lede-project.org/?p=source.git;a=commitdiff;h=e30608b736f44e70da6bd29fbcfdc9dd5ec42f02|e30608b]]'' **<nowiki>iw:</nowiki>** <nowiki>refresh patches</nowiki> //<color #ccc>(</color><color #282>+11</color><color #ccc>,</color><color #f00>-25</color><color #ccc>)</color>//\\
''[[https://git.lede-project.org/?p=source.git;a=commitdiff;h=23a1fa07db3a9e136cceb1800616cf502d19f1c9|23a1fa0]]'' **<nowiki>libusb:</nowiki>** <nowiki>disable parallel building</nowiki> //<color #ccc>(</color><color #282>+1</color><color #ccc>,</color><color #f00>-1</color><color #ccc>)</color>//\\
''[[https://git.lede-project.org/?p=source.git;a=commitdiff;h=3015af96475ad135ecb55b7c1f794191e3d4a587|3015af9]]'' **<nowiki>ca-certificates:</nowiki>** <nowiki>Add certificate bundle package</nowiki> //<color #ccc>(</color><color #282>+12</color><color #ccc>)</color>//\\
''[[https://git.lede-project.org/?p=source.git;a=commitdiff;h=3e08637e878c32a40cdcb84c6030fcdd0cb88196|3e08637]]'' **<nowiki>mdadm:</nowiki>** <nowiki>Fix missing conffile and add initscript</nowiki> //<color #ccc>(</color><color #282>+46</color><color #ccc>)</color>//\\
''[[https://git.lede-project.org/?p=source.git;a=commitdiff;h=7938e8d60aa39bc54ff371dca4219fa5805a977e|7938e8d]]'' **<nowiki>dnsmasq:</nowiki>** <nowiki>sysupgrade hook to conditionally preserve dnsmasq.time</nowiki> //<color #ccc>(</color><color #282>+18</color><color #ccc>)</color>//\\
''[[https://git.lede-project.org/?p=source.git;a=commitdiff;h=f2220bc1fec3653031cc91f5f4204e4ef44be6ee|f2220bc]]'' **<nowiki>perf:</nowiki>** <nowiki>disable libcrypto dependency</nowiki> //<color #ccc>(</color><color #282>+1</color><color #ccc>)</color>//\\
''[[https://git.lede-project.org/?p=source.git;a=commitdiff;h=6aebc6b16b3e2e7058b8b5ab1ffa7f65920541ff|6aebc6b]]'' **<nowiki>curl:</nowiki>** <nowiki>update to 7.49</nowiki> //<color #ccc>(</color><color #282>+14</color><color #ccc>,</color><color #f00>-40</color><color #ccc>)</color>//\\
''[[https://git.lede-project.org/?p=source.git;a=commitdiff;h=1d0d5ddb0771deba3e321fbe388e1e3587d4629f|1d0d5dd]]'' **<nowiki>curl:</nowiki>** <nowiki>remove axtls config option, the library does not exist in our tree</nowiki> //<color #ccc>(</color><color #282>+1</color><color #ccc>,</color><color #f00>-6</color><color #ccc>)</color>//\\
''[[https://git.lede-project.org/?p=source.git;a=commitdiff;h=1050a609cfcce8e9fbc1b2d2b38093b464d314b4|1050a60]]'' **<nowiki>nvram:</nowiki>** <nowiki>install init.d quirks script on brcm47xx only</nowiki> //<color #ccc>(</color><color #282>+5</color><color #ccc>,</color><color #f00>-3</color><color #ccc>)</color>//\\
''[[https://git.lede-project.org/?p=source.git;a=commitdiff;h=de27a1adaea1bcf57e28fa33c705da51364ef92b|de27a1a]]'' **<nowiki>cyassl/wolfssl:</nowiki>** <nowiki>update to 3.9.0</nowiki> //<color #ccc>(</color><color #282>+8</color><color #ccc>,</color><color #f00>-10</color><color #ccc>)</color>//\\
''[[https://git.lede-project.org/?p=source.git;a=commitdiff;h=ab5e07f73107834192c4dc5826b7d8775d2aae1b|ab5e07f]]'' **<nowiki>mwlwifi:</nowiki>** <nowiki>update to 10.3.0.17-20160520-1</nowiki> //<color #ccc>(</color><color #282>+7</color><color #ccc>,</color><color #f00>-7</color><color #ccc>)</color>//\\
 => ''[[https://github.com/kaloz/mwlwifi/commit/c074b732a73cfdfa6f2f5928ba5b55e54fecc85a|c074b73]]'' <nowiki>Commit mwlwifi driver 10.3.0.17-20160520.</nowiki> //<color #ccc>(</color><color #282>+46</color><color #ccc>,</color><color #f00>-18</color><color #ccc>)</color>//\\
 => ''[[https://github.com/kaloz/mwlwifi/commit/7d49296d12b44025278a52c5a26fb1b4236f320f|7d49296]]'' <nowiki>Commit mwlwifi driver 10.3.0.17-20160520-1</nowiki> //<color #ccc>(</color><color #282>+7</color><color #ccc>,</color><color #f00>-3</color><color #ccc>)</color>//\\
''[[https://git.lede-project.org/?p=source.git;a=commitdiff;h=29ad4d2a0cadbefea1e7d882b44aa2bbfb711aef|29ad4d2]]'' **<nowiki>mwlwifi:</nowiki>** <nowiki>fix excessive use of busy-waiting that was tripping up the flash driver</nowiki> //<color #ccc>(</color><color #282>+73</color><color #ccc>)</color>//\\
''[[https://git.lede-project.org/?p=source.git;a=commitdiff;h=4926e4b1aeaaeac21bddc6b7fe95ffd221aee499|4926e4b]]'' **<nowiki>mwlwifi:</nowiki>** <nowiki>fix excessive logspam if starting a BA session fails</nowiki> //<color #ccc>(</color><color #282>+24</color><color #ccc>)</color>//\\
''[[https://git.lede-project.org/?p=source.git;a=commitdiff;h=7ae6b912ae8dd43f86d43e97e873f6cd967b2fac|7ae6b91]]'' **<nowiki>libpcap:</nowiki>** <nowiki>set a static default for PCAP_HAS_USB</nowiki> //<color #ccc>(</color><color #282>+1</color><color #ccc>,</color><color #f00>-1</color><color #ccc>)</color>//\\
''[[https://git.lede-project.org/?p=source.git;a=commitdiff;h=2c9c998b4a9f6aac24ae8b0690319ad1d704a7ae|2c9c998]]'' **<nowiki>mwlwifi:</nowiki>** <nowiki>remove the a-mpdu failure messages entirely instead of hiding them i...</nowiki> //<color #ccc>(</color><color #282>+4</color><color #ccc>,</color><color #f00>-6</color><color #ccc>)</color>//\\
''[[https://git.lede-project.org/?p=source.git;a=commitdiff;h=f3ac61850d3bab19bb6870f11013fbfd770ab740|f3ac618]]'' **<nowiki>package/om-watchdog:</nowiki>** <nowiki>add OpenMesh OM2P-HSv3 support</nowiki> //<color #ccc>(</color><color #282>+1</color><color #ccc>)</color>//\\
''[[https://git.lede-project.org/?p=source.git;a=commitdiff;h=e1357c09d4dc125a53a0b08d13ae23738ce80254|e1357c0]]'' **<nowiki>package/om-watchdog:</nowiki>** <nowiki>add OpenMesh MR1750v2 support</nowiki> //<color #ccc>(</color><color #282>+2</color><color #ccc>,</color><color #f00>-1</color><color #ccc>)</color>//\\
''[[https://git.lede-project.org/?p=source.git;a=commitdiff;h=4c4497ec0de19eb93dc695cc2762c1a33ff16b9a|4c4497e]]'' **<nowiki>package:</nowiki>** <nowiki>spidev_test: update location for >Kernel 4.5</nowiki> //<color #ccc>(</color><color #282>+9</color><color #ccc>)</color>//\\
''[[https://git.lede-project.org/?p=source.git;a=commitdiff;h=a6e96998fb54d1eea1f0e86940a4daf3708f796d|a6e9699]]'' **<nowiki>dnsmasq:</nowiki>** <nowiki>update to dnsmasq v2.76</nowiki> //<color #ccc>(</color><color #282>+28</color><color #ccc>,</color><color #f00>-10</color><color #ccc>)</color>//\\
''[[https://git.lede-project.org/?p=source.git;a=commitdiff;h=76d8f6c41f4b092ad890333b4bfcfdcdbcd27da3|76d8f6c]]'' **<nowiki>usbutils:</nowiki>** <nowiki>Use github alias</nowiki> //<color #ccc>(</color><color #282>+1</color><color #ccc>,</color><color #f00>-1</color><color #ccc>)</color>//\\
''[[https://git.lede-project.org/?p=source.git;a=commitdiff;h=2ac21bd793946a214295b760cd652b4150d3dc07|2ac21bd]]'' **<nowiki>dnsmasq:</nowiki>** <nowiki>Set the default dhcp lease file and resolv file</nowiki> //<color #ccc>(</color><color #282>+12</color><color #ccc>,</color><color #f00>-4</color><color #ccc>)</color>//\\
''[[https://git.lede-project.org/?p=source.git;a=commitdiff;h=6707d9750aa37df75fc1d5c9e64ab599f608c3a2|6707d97]]'' **<nowiki>busybox:</nowiki>** <nowiki>sysntpd - Support for NTP servers received via DHCP(v6)</nowiki> //<color #ccc>(</color><color #282>+54</color><color #ccc>,</color><color #f00>-7</color><color #ccc>)</color>//\\
''[[https://git.lede-project.org/?p=source.git;a=commitdiff;h=4d1c75c601b3675f802ff3e7658e46be9aeabd6b|4d1c75c]]'' **<nowiki>dropbear:</nowiki>** <nowiki>Fix incorrect CONFIG_TARGET_INIT_PATH.</nowiki> //<color #ccc>(</color><color #282>+2</color><color #ccc>,</color><color #f00>-2</color><color #ccc>)</color>//\\
''[[https://git.lede-project.org/?p=source.git;a=commitdiff;h=6e7403e1e6aa724ff9ff3bf7cef6688a07528818|6e7403e]]'' **<nowiki>iw:</nowiki>** <nowiki>Use URL alias</nowiki> //<color #ccc>(</color><color #282>+1</color><color #ccc>,</color><color #f00>-1</color><color #ccc>)</color>//\\
''[[https://git.lede-project.org/?p=source.git;a=commitdiff;h=32ae0da2b766256bd77b5fa93fd24fe406cceb09|32ae0da]]'' **<nowiki>iproute2:</nowiki>** <nowiki>Use URL alias</nowiki> //<color #ccc>(</color><color #282>+1</color><color #ccc>,</color><color #f00>-1</color><color #ccc>)</color>//\\
''[[https://git.lede-project.org/?p=source.git;a=commitdiff;h=749d4b77bdbf0b31b9e15c42207ae448ac45c7d9|749d4b7]]'' **<nowiki>util-linux:</nowiki>** <nowiki>fix sfdisk</nowiki> //<color #ccc>(</color><color #282>+85</color><color #ccc>,</color><color #f00>-86</color><color #ccc>)</color>//\\
''[[https://git.lede-project.org/?p=source.git;a=commitdiff;h=6c1eb4441eb4ec6b85785ba4f5c8bc0c9397c7d9|6c1eb44]]'' **<nowiki>util-linux:</nowiki>** <nowiki>fix breakage</nowiki> //<color #ccc>(</color><color #282>+25</color><color #ccc>,</color><color #f00>-7</color><color #ccc>)</color>//\\
''[[https://git.lede-project.org/?p=source.git;a=commitdiff;h=8333a6d0bab913285770449f5100597b691b544f|8333a6d]]'' **<nowiki>lantiq:</nowiki>** <nowiki>Reduce ugliness of ugly hack</nowiki> //<color #ccc>(</color><color #282>+4</color><color #ccc>,</color><color #f00>-14</color><color #ccc>)</color>//\\
''[[https://git.lede-project.org/?p=source.git;a=commitdiff;h=96ad827e17dca3351ecac40a2bc15f0fcaf39edd|96ad827]]'' **<nowiki>lantiq:</nowiki>** <nowiki>fix segfault inside ltq-adsl-app</nowiki> //<color #ccc>(</color><color #282>+65</color><color #ccc>)</color>//\\
''[[https://git.lede-project.org/?p=source.git;a=commitdiff;h=442ff3b34da80ba62d539c1998351600d5e8ae0b|442ff3b]]'' **<nowiki>busybox:</nowiki>** <nowiki>run sysntpd at higher priority</nowiki> //<color #ccc>(</color><color #282>+1</color><color #ccc>,</color><color #f00>-1</color><color #ccc>)</color>//\\
''[[https://git.lede-project.org/?p=source.git;a=commitdiff;h=927ab9a2623f4e8e414d77bb2744b0c192e62238|927ab9a]]'' **<nowiki>gettext-full:</nowiki>** <nowiki>prevent using emacs</nowiki> //<color #ccc>(</color><color #282>+5</color><color #ccc>,</color><color #f00>-2</color><color #ccc>)</color>//\\
''[[https://git.lede-project.org/?p=source.git;a=commitdiff;h=c7d6a924acc1e5d6c0fe69216764aad0b3846b2c|c7d6a92]]'' **<nowiki>usbutils:</nowiki>** <nowiki>add license tag</nowiki> //<color #ccc>(</color><color #282>+3</color><color #ccc>,</color><color #f00>-1</color><color #ccc>)</color>//\\
''[[https://git.lede-project.org/?p=source.git;a=commitdiff;h=5ac43d6ec2d7eaf35e78accff3ac6b36d62f3ef9|5ac43d6]]'' **<nowiki>px5g:</nowiki>** <nowiki>add license tag</nowiki> //<color #ccc>(</color><color #282>+2</color><color #ccc>,</color><color #f00>-1</color><color #ccc>)</color>//\\
''[[https://git.lede-project.org/?p=source.git;a=commitdiff;h=44b82ab77a996a3d25a63f849378c44250056a5b|44b82ab]]'' **<nowiki>libiconv-full:</nowiki>** <nowiki>add license tag</nowiki> //<color #ccc>(</color><color #282>+3</color><color #ccc>,</color><color #f00>-1</color><color #ccc>)</color>//\\
''[[https://git.lede-project.org/?p=source.git;a=commitdiff;h=04cb722e9fe65a64e3001986c0ce1b649b6621aa|04cb722]]'' **<nowiki>openvpn:</nowiki>** <nowiki>remove unrecognized option</nowiki> //<color #ccc>(</color><color #f00>-1</color><color #ccc>)</color>//\\
''[[https://git.lede-project.org/?p=source.git;a=commitdiff;h=75dc12dac1a04afee97625835ebdfe1356399cad|75dc12d]]'' **<nowiki>libpcap:</nowiki>** <nowiki>remove unrecognized configure options</nowiki> //<color #ccc>(</color><color #f00>-2</color><color #ccc>)</color>//\\
''[[https://git.lede-project.org/?p=source.git;a=commitdiff;h=872075c761a7081caca2a283bd22cecf013e34ee|872075c]]'' **<nowiki>elfutils:</nowiki>** <nowiki>remove unrecognized config option</nowiki> //<color #ccc>(</color><color #f00>-1</color><color #ccc>)</color>//\\
''[[https://git.lede-project.org/?p=source.git;a=commitdiff;h=5d8ece87a4105e655da1526baa3753379a56f83d|5d8ece8]]'' **<nowiki>util-linux:</nowiki>** <nowiki>fix scanf fallback detection for uClibc-ng</nowiki> //<color #ccc>(</color><color #282>+35</color><color #ccc>,</color><color #f00>-1</color><color #ccc>)</color>//\\
''[[https://git.lede-project.org/?p=source.git;a=commitdiff;h=23147dd43ac0835cc9077819c32a101dee42461d|23147dd]]'' **<nowiki>iproute2:</nowiki>** <nowiki>Add support for cake qdisc</nowiki> //<color #ccc>(</color><color #282>+670</color><color #ccc>,</color><color #f00>-1</color><color #ccc>)</color>//\\
''[[https://git.lede-project.org/?p=source.git;a=commitdiff;h=1a3c56f8322d27f4652d23eb7dc14a45e1631e1c|1a3c56f]]'' **<nowiki>kmod-sched-cake:</nowiki>** <nowiki>Add support for cake qdisc</nowiki> //<color #ccc>(</color><color #282>+44</color><color #ccc>)</color>//\\
''[[https://git.lede-project.org/?p=source.git;a=commitdiff;h=7eeb254cc49c4e9f837c980826ec112b9404f341|7eeb254]]'' **<nowiki>treewide:</nowiki>** <nowiki>replace nbd@openwrt.org with nbd@nbd.name</nowiki> //<color #ccc>(</color><color #282>+299</color><color #ccc>,</color><color #f00>-299</color><color #ccc>)</color>//\\
''[[https://git.lede-project.org/?p=source.git;a=commitdiff;h=9b118cde898e2f10b1316a51b113366cb223f853|9b118cd]]'' **<nowiki>wolfssl:</nowiki>** <nowiki>enable openssl 1.0.1 compatibility</nowiki> //<color #ccc>(</color><color #282>+1</color><color #ccc>,</color><color #f00>-19</color><color #ccc>)</color>//\\
''[[https://git.lede-project.org/?p=source.git;a=commitdiff;h=24a7ccb0562a867e363a10ebdc64e3aaa6f01cd2|24a7ccb]]'' **<nowiki>treewide:</nowiki>** <nowiki>replace jow@openwrt.org with jo@mein.io</nowiki> //<color #ccc>(</color><color #282>+73</color><color #ccc>,</color><color #f00>-73</color><color #ccc>)</color>//\\
''[[https://git.lede-project.org/?p=source.git;a=commitdiff;h=20c608db0aa756b5a218990c80edda56486f4527|20c608d]]'' **<nowiki>openvpn:</nowiki>** <nowiki>add support for tls-version-min</nowiki> //<color #ccc>(</color><color #282>+2</color><color #ccc>,</color><color #f00>-2</color><color #ccc>)</color>//\\
''[[https://git.lede-project.org/?p=source.git;a=commitdiff;h=652ac2c6fd43efda4456820858189c6d246221c4|652ac2c]]'' **<nowiki>xtables-addons:</nowiki>** <nowiki>update to 2.11</nowiki> //<color #ccc>(</color><color #282>+8</color><color #ccc>,</color><color #f00>-60</color><color #ccc>)</color>//\\
''[[https://git.lede-project.org/?p=source.git;a=commitdiff;h=c17f02d2f272c6d74b20c2df050437f761d013a6|c17f02d]]'' **<nowiki>brcm2708-gpu-fw:</nowiki>** <nowiki>update to latest version</nowiki> //<color #ccc>(</color><color #282>+7</color><color #ccc>,</color><color #f00>-7</color><color #ccc>)</color>//\\
''[[https://git.lede-project.org/?p=source.git;a=commitdiff;h=a88fc0db9d1a573cb832d61d2ce523b34ebf3bb7|a88fc0d]]'' **<nowiki>xtables-addons:</nowiki>** <nowiki>add missing dependency</nowiki> //<color #ccc>(</color><color #282>+1</color><color #ccc>,</color><color #f00>-1</color><color #ccc>)</color>//\\
''[[https://git.lede-project.org/?p=source.git;a=commitdiff;h=7eaacd4d233678132914dc67f25f8b8d51100400|7eaacd4]]'' **<nowiki>dnsmasq:</nowiki>** <nowiki>Add option --max-port</nowiki> //<color #ccc>(</color><color #282>+1</color><color #ccc>)</color>//\\
''[[https://git.lede-project.org/?p=source.git;a=commitdiff;h=96db69bd45e459def044645ad759245581a6a5b2|96db69b]]'' **<nowiki>busybox:</nowiki>** <nowiki>Call ntpd hotplug script for every action</nowiki> //<color #ccc>(</color><color #282>+1</color><color #ccc>,</color><color #f00>-2</color><color #ccc>)</color>//\\
''[[https://git.lede-project.org/?p=source.git;a=commitdiff;h=e8150364608e38e6b30ea0859ffa17ccb1fcc890|e815036]]'' **<nowiki>dnsmasq:</nowiki>** <nowiki>support hostid ipv6 address suffix option</nowiki> //<color #ccc>(</color><color #282>+29</color><color #ccc>,</color><color #f00>-1</color><color #ccc>)</color>//\\
''[[https://git.lede-project.org/?p=source.git;a=commitdiff;h=4b03e4ac3bb68b6be5508de4ada07ca443f36a9d|4b03e4a]]'' **<nowiki>mtd:</nowiki>** <nowiki>fix typo in error message for 'c' option</nowiki> //<color #ccc>(</color><color #282>+1</color><color #ccc>,</color><color #f00>-1</color><color #ccc>)</color>//\\
''[[https://git.lede-project.org/?p=source.git;a=commitdiff;h=9e45f9d63c797baab2b3bd2574990ee94d3f80cb|9e45f9d]]'' **<nowiki>polarssl:</nowiki>** <nowiki>enable AES-GCM and CAMELLIA-GCM ciphersuites</nowiki> //<color #ccc>(</color><color #282>+1</color><color #ccc>,</color><color #f00>-11</color><color #ccc>)</color>//\\
''[[https://git.lede-project.org/?p=source.git;a=commitdiff;h=399d214d05442fcf97702c531d610e4b806df37e|399d214]]'' **<nowiki>oseama:</nowiki>** <nowiki>support extracting entity</nowiki> //<color #ccc>(</color><color #282>+134</color><color #ccc>)</color>//\\
''[[https://git.lede-project.org/?p=source.git;a=commitdiff;h=62dc9831d34a3ce45f68c1749b136286457b5265|62dc983]]'' **<nowiki>package/*:</nowiki>** <nowiki>update git urls for project repos</nowiki> //<color #ccc>(</color><color #282>+23</color><color #ccc>,</color><color #f00>-23</color><color #ccc>)</color>//\\
''[[https://git.lede-project.org/?p=source.git;a=commitdiff;h=2177a2a8cb4c785bd5cda6b4a378070667862f49|2177a2a]]'' **<nowiki>mtd:</nowiki>** <nowiki>add linksys_bootcount for ipq806x</nowiki> //<color #ccc>(</color><color #282>+1</color><color #ccc>)</color>//\\
''[[https://git.lede-project.org/?p=source.git;a=commitdiff;h=1f0a9715d229df883ae05dd326cff5ce0b424b6a|1f0a971]]'' **<nowiki>package/devel/gdb-arc:</nowiki>** <nowiki>Add target GDB for ARC</nowiki> //<color #ccc>(</color><color #282>+159</color><color #ccc>,</color><color #f00>-1</color><color #ccc>)</color>//\\
''[[https://git.lede-project.org/?p=source.git;a=commitdiff;h=987f14ab2343ae32bbeaa02fbdc34dfb235f8f7c|987f14a]]'' **<nowiki>libunwind:</nowiki>** <nowiki>initial version 1.1</nowiki> //<color #ccc>(</color><color #282>+141</color><color #ccc>)</color>//\\
''[[https://git.lede-project.org/?p=source.git;a=commitdiff;h=8bd02b1381f1f660ad6621f908dbf3fca556a24c|8bd02b1]]'' **<nowiki>strace:</nowiki>** <nowiki>add option for enabling stack trace support</nowiki> //<color #ccc>(</color><color #282>+10</color><color #ccc>,</color><color #f00>-1</color><color #ccc>)</color>//\\
''[[https://git.lede-project.org/?p=source.git;a=commitdiff;h=4260d11e8b47a8a7aac0927abe2c9e89931b4467|4260d11]]'' **<nowiki>openvpn:</nowiki>** <nowiki>update to 2.3.11</nowiki> //<color #ccc>(</color><color #282>+25</color><color #ccc>,</color><color #f00>-4</color><color #ccc>)</color>//\\
''[[https://git.lede-project.org/?p=source.git;a=commitdiff;h=abc346db0e191ebeeb122ce26d1831469fadee1c|abc346d]]'' **<nowiki>package/lantiq:</nowiki>** <nowiki>make lantiq kernel modules work with xway_legacy</nowiki> //<color #ccc>(</color><color #282>+26</color><color #ccc>,</color><color #f00>-25</color><color #ccc>)</color>//\\
''[[https://git.lede-project.org/?p=source.git;a=commitdiff;h=b67af71181daac3b502fd58d04c021615a23ea39|b67af71]]'' **<nowiki>hostapd:</nowiki>** <nowiki>Update to version 2016-05-05</nowiki> //<color #ccc>(</color><color #282>+180</color><color #ccc>,</color><color #f00>-103</color><color #ccc>)</color>//\\
 => ''[[https://w1.fi/cgit/hostap/commit/?id=03a72eacda5d9a1837a74387081596a0d5466ec1|03a72ea]]'' **<nowiki>VHT:</nowiki>** <nowiki>Add an interoperability workaround for 80+80 and 160 MHz channels</nowiki> //<color #ccc>(</color><color #282>+20</color><color #ccc>)</color>//\\
 => ''[[https://w1.fi/cgit/hostap/commit/?id=504108dbdf48bd38ab3ce7d5b66f91ca41c49f42|504108d]]'' **<nowiki>tests:</nowiki>** <nowiki>Generate new certificates for Suite B test cases</nowiki> //<color #ccc>(</color><color #282>+139</color><color #ccc>,</color><color #f00>-139</color><color #ccc>)</color>//\\
 => ''[[https://w1.fi/cgit/hostap/commit/?id=d4af4d275af5506956ac77dc8ae26a8141289172|d4af4d2]]'' **<nowiki>tests:</nowiki>** <nowiki>EAP-TLS protocol tests</nowiki> //<color #ccc>(</color><color #282>+189</color><color #ccc>)</color>//\\
 => ''[[https://w1.fi/cgit/hostap/commit/?id=a89faedc2255b2e0d1eae5093cd6e859bb39e1a2|a89faed]]'' **<nowiki>tests:</nowiki>** <nowiki>EAP-TLS error cases</nowiki> //<color #ccc>(</color><color #282>+93</color><color #ccc>,</color><color #f00>-1</color><color #ccc>)</color>//\\
 => ''[[https://w1.fi/cgit/hostap/commit/?id=d4c2860b6be214eecb842ceb4830587b61c7cf4e|d4c2860]]'' **<nowiki>tests:</nowiki>** <nowiki>P2P persistent group re-invocation with peer having dropped info</nowiki> //<color #ccc>(</color><color #282>+40</color><color #ccc>)</color>//\\
 => ''[[https://w1.fi/cgit/hostap/commit/?id=0b905c8a87b53e0942506a8aeaae47869af91727|0b905c8]]'' <nowiki>Add the selector suite into wpa_parse_wpa_ie_rsn() "invalid group cipher"</nowiki> //<color #ccc>(</color><color #282>+4</color><color #ccc>,</color><color #f00>-2</color><color #ccc>)</color>//\\
 => ''[[https://w1.fi/cgit/hostap/commit/?id=2088ecb9707f33f31accadead473dc1fb1eaf834|2088ecb]]'' **<nowiki>OSU:</nowiki>** <nowiki>Add debug printing of more LogotypeExtn fields</nowiki> //<color #ccc>(</color><color #282>+14</color><color #ccc>,</color><color #f00>-2</color><color #ccc>)</color>//\\
 => ''[[https://w1.fi/cgit/hostap/commit/?id=5f17b2c60edf7963abf2cef72f3b0346e847bcb4|5f17b2c]]'' **<nowiki>BSD:</nowiki>** <nowiki>__FUNCTION__ -> __func__</nowiki> //<color #ccc>(</color><color #282>+2</color><color #ccc>,</color><color #f00>-2</color><color #ccc>)</color>//\\
 => ''[[https://w1.fi/cgit/hostap/commit/?id=dc0ad60314ad85f1983870095fa19128a0457a2e|dc0ad60]]'' **<nowiki>BSD:</nowiki>** <nowiki>Use correct ifindex from route messages</nowiki> //<color #ccc>(</color><color #282>+25</color><color #ccc>,</color><color #f00>-16</color><color #ccc>)</color>//\\
 => ''[[https://w1.fi/cgit/hostap/commit/?id=af060932deada3e0822f2a53a9ef6337b16af83b|af06093]]'' **<nowiki>BSD:</nowiki>** <nowiki>Disable interface on down</nowiki> //<color #ccc>(</color><color #282>+15</color><color #ccc>,</color><color #f00>-7</color><color #ccc>)</color>//\\
 => ''[[https://w1.fi/cgit/hostap/commit/?id=80ce804e88247bb0409d131c5882808a0ce9bba4|80ce804]]'' **<nowiki>WNM:</nowiki>** <nowiki>Workaround for broken AP operating class behavior</nowiki> //<color #ccc>(</color><color #282>+16</color><color #ccc>,</color><color #f00>-1</color><color #ccc>)</color>//\\
 => ''[[https://w1.fi/cgit/hostap/commit/?id=561536205adfb7a364177eb6bac0e46e67b62c1c|5615362]]'' **<nowiki>tests:</nowiki>** <nowiki>WNM BSS Transition Management with invalid operating class</nowiki> //<color #ccc>(</color><color #282>+11</color><color #ccc>)</color>//\\
 => ''[[https://w1.fi/cgit/hostap/commit/?id=a8ef133f1d739fdb74d8cb23b44bd3977ffbf67b|a8ef133]]'' **<nowiki>Android:</nowiki>** <nowiki>Support multiple CA certs when connecting to EAP network</nowiki> //<color #ccc>(</color><color #282>+89</color><color #ccc>,</color><color #f00>-19</color><color #ccc>)</color>//\\
 => ''[[https://w1.fi/cgit/hostap/commit/?id=cb22e3b25041d1ac605dceda53e3932565e87f47|cb22e3b]]'' **<nowiki>BSD:</nowiki>** <nowiki>Zero ifindex on interface removal</nowiki> //<color #ccc>(</color><color #282>+19</color><color #ccc>,</color><color #f00>-8</color><color #ccc>)</color>//\\
 => ''[[https://w1.fi/cgit/hostap/commit/?id=c599ddd1246f56dd5bb05cf4eb62237b74cca9a7|c599ddd]]'' **<nowiki>tests:</nowiki>** <nowiki>Allow fallback to 20 MHz in ap_ht40_5ghz_invalid_pair</nowiki> //<color #ccc>(</color><color #282>+5</color><color #ccc>,</color><color #f00>-1</color><color #ccc>)</color>//\\
 => ''[[https://w1.fi/cgit/hostap/commit/?id=236053e532d10c29947269d23830bb794951cb23|236053e]]'' <nowiki>Make fallback from HT40 to HT20 work</nowiki> //<color #ccc>(</color><color #282>+1</color><color #ccc>)</color>//\\
 => + //448 more...//\\
''[[https://git.lede-project.org/?p=source.git;a=commitdiff;h=13b44abcffa9e3534491d413855fd0fc46e756ed|13b44ab]]'' **<nowiki>hostapd:</nowiki>** <nowiki>update to version 2016-06-15</nowiki> //<color #ccc>(</color><color #282>+115</color><color #ccc>,</color><color #f00>-115</color><color #ccc>)</color>//\\
 => ''[[https://w1.fi/cgit/hostap/commit/?id=e4471338c6556f4e60f4aca1313df2f6c52497c6|e447133]]'' **<nowiki>OpenSSL:</nowiki>** <nowiki>BoringSSL has SSL_get_client_random(), etc.</nowiki> //<color #ccc>(</color><color #282>+6</color><color #ccc>,</color><color #f00>-2</color><color #ccc>)</color>//\\
 => ''[[https://w1.fi/cgit/hostap/commit/?id=46bac6520de66f6e22fad7ee8b7f4b5d80176758|46bac65]]'' **<nowiki>WPS:</nowiki>** <nowiki>Fix segmentation fault in new DH key derivation</nowiki> //<color #ccc>(</color><color #282>+1</color><color #ccc>,</color><color #f00>-1</color><color #ccc>)</color>//\\
 => ''[[https://w1.fi/cgit/hostap/commit/?id=6a9681e90c08461c3bee4549985bb550ddf6c275|6a9681e]]'' **<nowiki>OpenSSL:</nowiki>** <nowiki>Make dh5_init() match the generic implementation</nowiki> //<color #ccc>(</color><color #282>+2</color><color #ccc>)</color>//\\
 => ''[[https://w1.fi/cgit/hostap/commit/?id=d58b60da87a741d35de74fa4eed34d7fc7085017|d58b60d]]'' **<nowiki>drivers:</nowiki>** <nowiki>Add NEED_RADIOTAP</nowiki> //<color #ccc>(</color><color #282>+10</color><color #ccc>,</color><color #f00>-2</color><color #ccc>)</color>//\\
 => ''[[https://w1.fi/cgit/hostap/commit/?id=3dd0e9e4e46cc72b4abe6dd106184c153ec77efb|3dd0e9e]]'' **<nowiki>wpa_supplicant:</nowiki>** <nowiki>Fix CONFIG_AP build without CTRL_IFACE</nowiki> //<color #ccc>(</color><color #282>+1</color><color #ccc>,</color><color #f00>-1</color><color #ccc>)</color>//\\
 => ''[[https://w1.fi/cgit/hostap/commit/?id=7a1887faece4377f13e39bec0346ae2ffd573b79|7a1887f]]'' **<nowiki>wpa_cli:</nowiki>** <nowiki>Add backspace key process for some terminal</nowiki> //<color #ccc>(</color><color #282>+6</color><color #ccc>)</color>//\\
 => ''[[https://w1.fi/cgit/hostap/commit/?id=e8a1b6b8e9022f33b1b1f431758fd05b9be4fb8e|e8a1b6b]]'' **<nowiki>D-Bus:</nowiki>** <nowiki>Check driver capability for IBSS in Modes property of Capabilities</nowiki> //<color #ccc>(</color><color #282>+3</color><color #ccc>,</color><color #f00>-2</color><color #ccc>)</color>//\\
 => ''[[https://w1.fi/cgit/hostap/commit/?id=baa12136495ac72a9e34d9053c3f21efd87876b9|baa1213]]'' **<nowiki>mesh:</nowiki>** <nowiki>Add missing action to cancel timer</nowiki> //<color #ccc>(</color><color #282>+1</color><color #ccc>)</color>//\\
 => ''[[https://w1.fi/cgit/hostap/commit/?id=f42c3ceb949691cd906c0aa67f23a548cee70d62|f42c3ce]]'' **<nowiki>mesh:</nowiki>** <nowiki>Calculate MTK before sending it to MAC in case Open is dropped</nowiki> //<color #ccc>(</color><color #282>+2</color><color #ccc>)</color>//\\
 => ''[[https://w1.fi/cgit/hostap/commit/?id=4de70e2330c54c32f42a5fc93517d65c0a2c3be9|4de70e2]]'' <nowiki>Add MGMT_RX_PROCESS test command for wpa_supplicant</nowiki> //<color #ccc>(</color><color #282>+73</color><color #ccc>)</color>//\\
 => ''[[https://w1.fi/cgit/hostap/commit/?id=df49b90e35ec4dbb6c6ec3fa00965ab3f4477c63|df49b90]]'' **<nowiki>tests:</nowiki>** <nowiki>Secure mesh and the first plink Open dropped</nowiki> //<color #ccc>(</color><color #282>+53</color><color #ccc>)</color>//\\
 => ''[[https://w1.fi/cgit/hostap/commit/?id=3b11ad34ebac7616255577729d731e6a363e8e75|3b11ad3]]'' <nowiki>Send CTRL-EVENT-REGDOM-CHANGE event on the parent interface</nowiki> //<color #ccc>(</color><color #282>+10</color><color #ccc>,</color><color #f00>-1</color><color #ccc>)</color>//\\
 => ''[[https://w1.fi/cgit/hostap/commit/?id=6a003eb2a6d5a33eba3e141679abb55052542097|6a003eb]]'' **<nowiki>tests:</nowiki>** <nowiki>remotehost.py use join</nowiki> //<color #ccc>(</color><color #282>+4</color><color #ccc>,</color><color #f00>-9</color><color #ccc>)</color>//\\
 => ''[[https://w1.fi/cgit/hostap/commit/?id=5865186e311b626ad155123f40f837b562ea14ef|5865186]]'' **<nowiki>tests:</nowiki>** <nowiki>Add remote directory to tests</nowiki> //<color #ccc>(</color><color #282>+512</color><color #ccc>)</color>//\\
 => ''[[https://w1.fi/cgit/hostap/commit/?id=ede471971890df67d1a26fb81e1c69407d13a1b0|ede4719]]'' **<nowiki>tests/remote:</nowiki>** <nowiki>Add monitor.py</nowiki> //<color #ccc>(</color><color #282>+189</color><color #ccc>)</color>//\\
 => ''[[https://w1.fi/cgit/hostap/commit/?id=a73fa13be2ee076f5096fb1bcfa646b0e1a407e3|a73fa13]]'' **<nowiki>tests/remote:</nowiki>** <nowiki>Add utils file</nowiki> //<color #ccc>(</color><color #282>+551</color><color #ccc>,</color><color #f00>-7</color><color #ccc>)</color>//\\
 => + //99 more...//\\
''[[https://git.lede-project.org/?p=source.git;a=commitdiff;h=ef74d5cbf8f51cab94b039a66fcc57fefda3b5a3|ef74d5c]]'' **<nowiki>hostapd:</nowiki>** <nowiki>implement fallback for incomplete survey data</nowiki> //<color #ccc>(</color><color #282>+45</color><color #ccc>)</color>//\\
''[[https://git.lede-project.org/?p=source.git;a=commitdiff;h=70bb22037a16b369b68eff3780c9f2905fd61e17|70bb220]]'' **<nowiki>hostap-driver:</nowiki>** <nowiki>mark as broken, it causes extra bloat in hostapd and is probab...</nowiki> //<color #ccc>(</color><color #282>+1</color><color #ccc>,</color><color #f00>-1</color><color #ccc>)</color>//\\
''[[https://git.lede-project.org/?p=source.git;a=commitdiff;h=e2a9c638e7f8c108ada98a4b200581090349b03d|e2a9c63]]'' **<nowiki>hostapd:</nowiki>** <nowiki>fix compilation error in wext backend</nowiki> //<color #ccc>(</color><color #282>+10</color><color #ccc>)</color>//\\
''[[https://git.lede-project.org/?p=source.git;a=commitdiff;h=4e0a533f6052fa82ae61434fdefda22679b170f7|4e0a533]]'' **<nowiki>hostapd:</nowiki>** <nowiki>fix breakage with non-nl80211 drivers</nowiki> //<color #ccc>(</color><color #282>+18</color><color #ccc>,</color><color #f00>-15</color><color #ccc>)</color>//\\
''[[https://git.lede-project.org/?p=source.git;a=commitdiff;h=7e08f2ccbdb717c502810085457b824d0f2d067b|7e08f2c]]'' **<nowiki>mtd:</nowiki>** <nowiki>support -c (datasize) option for fixseama command</nowiki> //<color #ccc>(</color><color #282>+9</color><color #ccc>,</color><color #f00>-7</color><color #ccc>)</color>//\\
''[[https://git.lede-project.org/?p=source.git;a=commitdiff;h=ac1cc30cdfc3011cfdd0143c240ec48a2e2df64e|ac1cc30]]'' **<nowiki>lantiq:</nowiki>** <nowiki>ltq-atm: fix xrx200 depends</nowiki> //<color #ccc>(</color><color #282>+1</color><color #ccc>,</color><color #f00>-1</color><color #ccc>)</color>//\\
''[[https://git.lede-project.org/?p=source.git;a=commitdiff;h=e2d2b136b34e907e9258911537ce002b70e49133|e2d2b13]]'' **<nowiki>e2fsprogs:</nowiki>** <nowiki>Bump to v1.43.1</nowiki> //<color #ccc>(</color><color #282>+2</color><color #ccc>,</color><color #f00>-2</color><color #ccc>)</color>//\\
''[[https://git.lede-project.org/?p=source.git;a=commitdiff;h=7385f754b1a1562869ddf6a561f70623d626ed6b|7385f75]]'' **<nowiki>lantiq:</nowiki>** <nowiki>Correct ADSL race condition</nowiki> //<color #ccc>(</color><color #282>+1</color><color #ccc>,</color><color #f00>-1</color><color #ccc>)</color>//\\
''[[https://git.lede-project.org/?p=source.git;a=commitdiff;h=3f38356893879ae2b0d89f5eb2facddafbc9fd7d|3f38356]]'' **<nowiki>packages:</nowiki>** <nowiki>prefer http over git for git protocol</nowiki> //<color #ccc>(</color><color #282>+9</color><color #ccc>,</color><color #f00>-9</color><color #ccc>)</color>//\\
''[[https://git.lede-project.org/?p=source.git;a=commitdiff;h=5acfe55d7139a5294192bddf10fe3a1de3180e8d|5acfe55]]'' **<nowiki>dnsmasq:</nowiki>** <nowiki>dnssec time handling uses ntpd hotplug</nowiki> //<color #ccc>(</color><color #282>+26</color><color #ccc>,</color><color #f00>-25</color><color #ccc>)</color>//\\
''[[https://git.lede-project.org/?p=source.git;a=commitdiff;h=cb7aa4b1fee688342950d02195b927962295514e|cb7aa4b]]'' **<nowiki>ebtables:</nowiki>** <nowiki>fix segmentation fault due to uninitialized extension data</nowiki> //<color #ccc>(</color><color #282>+250</color><color #ccc>,</color><color #f00>-1</color><color #ccc>)</color>//\\
''[[https://git.lede-project.org/?p=source.git;a=commitdiff;h=86a2702a00c119d8fd1470784772754bede6888a|86a2702]]'' **<nowiki>libnetfilter_queue:</nowiki>** <nowiki>fix checksum computation</nowiki> //<color #ccc>(</color><color #282>+113</color><color #ccc>)</color>//\\
''[[https://git.lede-project.org/?p=source.git;a=commitdiff;h=4a3b8e05966e9883227eb0b6780c1bd9fe008d95|4a3b8e0]]'' **<nowiki>lldpd:</nowiki>** <nowiki>Use /etc/os-release instead of /etc/openwrt_*</nowiki> //<color #ccc>(</color><color #282>+4</color><color #ccc>,</color><color #f00>-43</color><color #ccc>)</color>//\\
''[[https://git.lede-project.org/?p=source.git;a=commitdiff;h=f98f4601de762251c4644047786affd34d5fb10c|f98f460]]'' **<nowiki>openvpn:</nowiki>** <nowiki>fix missing cipher list for polarssl in v2.3.11</nowiki> //<color #ccc>(</color><color #282>+43</color><color #ccc>,</color><color #f00>-1</color><color #ccc>)</color>//\\
''[[https://git.lede-project.org/?p=source.git;a=commitdiff;h=c2bd4695211e78da3a7899f8ee386ff06c3501e8|c2bd469]]'' **<nowiki>dnsmasq:</nowiki>** <nowiki>Add broken realtime clock build switch in full variant</nowiki> //<color #ccc>(</color><color #282>+8</color><color #ccc>,</color><color #f00>-3</color><color #ccc>)</color>//\\
''[[https://git.lede-project.org/?p=source.git;a=commitdiff;h=6d7f54ccdb4a497a969c02657adae9664ae88737|6d7f54c]]'' **<nowiki>iproute2:</nowiki>** <nowiki>cake AQM prepare tc for COBALT algorithm</nowiki> //<color #ccc>(</color><color #282>+14</color><color #ccc>,</color><color #f00>-11</color><color #ccc>)</color>//\\
''[[https://git.lede-project.org/?p=source.git;a=commitdiff;h=0b208a7de16040f6c719d0c5767b41725e7a42da|0b208a7]]'' **<nowiki>kmod-sched-cake:</nowiki>** <nowiki>Switch to COBALT algorithm</nowiki> //<color #ccc>(</color><color #282>+5</color><color #ccc>,</color><color #f00>-7</color><color #ccc>)</color>//\\
''[[https://git.lede-project.org/?p=source.git;a=commitdiff;h=97c90557a9f5a6edf9cb0e9b51e7e6d0830ce34d|97c9055]]'' **<nowiki>spidev_test:</nowiki>** <nowiki>copy the source code into the package folder</nowiki> //<color #ccc>(</color><color #282>+320</color><color #ccc>,</color><color #f00>-10</color><color #ccc>)</color>//\\
''[[https://git.lede-project.org/?p=source.git;a=commitdiff;h=f28502a4857027490f0a5d7cc879457dd2b1cc6a|f28502a]]'' **<nowiki>libnl-tiny:</nowiki>** <nowiki>Generic Netlink multicast groups support</nowiki> //<color #ccc>(</color><color #282>+136</color><color #ccc>,</color><color #f00>-1</color><color #ccc>)</color>//\\
''[[https://git.lede-project.org/?p=source.git;a=commitdiff;h=3fbadd624a02c96081d874207a3e225c5647e306|3fbadd6]]'' **<nowiki>nand-utile:</nowiki>** <nowiki>add package</nowiki> //<color #ccc>(</color><color #282>+53</color><color #ccc>)</color>//\\
''[[https://git.lede-project.org/?p=source.git;a=commitdiff;h=70b4e4680461b08e58e1b6d54ebf6980fbb2c61a|70b4e46]]'' **<nowiki>e2fsprogs:</nowiki>** <nowiki>fix build on OS X systems</nowiki> //<color #ccc>(</color><color #282>+11</color><color #ccc>,</color><color #f00>-1</color><color #ccc>)</color>//\\
''[[https://git.lede-project.org/?p=source.git;a=commitdiff;h=a7f6dc9f8b9602441a1b56bbe73d80711e2c640f|a7f6dc9]]'' **<nowiki>px5g:</nowiki>** <nowiki>Create mbedtls variant</nowiki> //<color #ccc>(</color><color #282>+69</color><color #ccc>,</color><color #f00>-36</color><color #ccc>)</color>//\\
''[[https://git.lede-project.org/?p=source.git;a=commitdiff;h=a3e7d5e7ae25ffb6fbae30fa6dc65fbc73d1297f|a3e7d5e]]'' **<nowiki>samba:</nowiki>** <nowiki>Update smb.conf.template</nowiki> //<color #ccc>(</color><color #282>+2</color><color #ccc>,</color><color #f00>-8</color><color #ccc>)</color>//\\
''[[https://git.lede-project.org/?p=source.git;a=commitdiff;h=ad430c1080fa2096d02b054115bd806af4906aea|ad430c1]]'' **<nowiki>hostapd:</nowiki>** <nowiki>add a WDS AP fix for reconnecting clients</nowiki> //<color #ccc>(</color><color #282>+25</color><color #ccc>)</color>//\\
''[[https://git.lede-project.org/?p=source.git;a=commitdiff;h=bcb1d9399f8ee1028f6573ec4c8c5b9c1940ae0e|bcb1d93]]'' **<nowiki>valgrind:</nowiki>** <nowiki>update to the latest version, fix build issues on ARM</nowiki> //<color #ccc>(</color><color #282>+38</color><color #ccc>,</color><color #f00>-62</color><color #ccc>)</color>//\\
''[[https://git.lede-project.org/?p=source.git;a=commitdiff;h=07e8cfed8a992e285eb23ea6ea2b1b80317096bf|07e8cfe]]'' **<nowiki>mwlwifi:</nowiki>** <nowiki>Update to latest version</nowiki> //<color #ccc>(</color><color #282>+2</color><color #ccc>,</color><color #f00>-456</color><color #ccc>)</color>//\\
 => ''[[https://github.com/kaloz/mwlwifi/commit/267c5144165ad7bd8da0e0f897a487b82460e95c|267c514]]'' <nowiki>Commit mwlwifi driver 10.3.0.17-20160523</nowiki> //<color #ccc>(</color><color #282>+9</color><color #ccc>,</color><color #f00>-5</color><color #ccc>)</color>//\\
 => ''[[https://github.com/kaloz/mwlwifi/commit/608f4eb0d2ca67f9bae686b8de25e4f627e3af7c|608f4eb]]'' <nowiki>Commit mwlwifi driver 10.3.0.17-20160530</nowiki> //<color #ccc>(</color><color #282>+47</color><color #ccc>,</color><color #f00>-9</color><color #ccc>)</color>//\\
 => ''[[https://github.com/kaloz/mwlwifi/commit/41b7076b70abe7567e715c300a7d8e15b302a71a|41b7076]]'' <nowiki>Commit mwlwifi driver 10.3.0.17-20160531</nowiki> //<color #ccc>(</color><color #282>+51</color><color #ccc>,</color><color #f00>-4</color><color #ccc>)</color>//\\
 => ''[[https://github.com/kaloz/mwlwifi/commit/5220b8684e34097635697003b0ea78ef081974fe|5220b86]]'' <nowiki>Commit mwlwifi driver 10.3.0.17-20160531-1</nowiki> //<color #ccc>(</color><color #282>+9</color><color #ccc>,</color><color #f00>-3</color><color #ccc>)</color>//\\
 => ''[[https://github.com/kaloz/mwlwifi/commit/265d3143319ccd598ea89ca71c745e5badadfd3d|265d314]]'' <nowiki>Modified the code to be compiled directly.</nowiki> //<color #ccc>(</color><color #f00>-114</color><color #ccc>)</color>//\\
 => ''[[https://github.com/kaloz/mwlwifi/commit/6bacc5aa695a1f890a8842f58762a5e5e249ccea|6bacc5a]]'' <nowiki>Removed code related to MESH.</nowiki> //<color #ccc>(</color><color #282>+2</color><color #ccc>,</color><color #f00>-178</color><color #ccc>)</color>//\\
 => ''[[https://github.com/kaloz/mwlwifi/commit/af93c39bdce22b3bd1a12e6fb2a1097f9a448ecf|af93c39]]'' <nowiki>Removed code related to MFG.</nowiki> //<color #ccc>(</color><color #282>+14</color><color #ccc>,</color><color #f00>-87</color><color #ccc>)</color>//\\
 => ''[[https://github.com/kaloz/mwlwifi/commit/8759b558071b111a7404182cf95e9f8b0ba8cca6|8759b55]]'' <nowiki>Modified ampdu/amsdu related code.</nowiki> //<color #ccc>(</color><color #282>+8</color><color #ccc>,</color><color #f00>-52</color><color #ccc>)</color>//\\
 => ''[[https://github.com/kaloz/mwlwifi/commit/03046745b6695b1be935ee698e94e01a0be100f4|0304674]]'' <nowiki>Fixed excessive delays.</nowiki> //<color #ccc>(</color><color #282>+7</color><color #ccc>,</color><color #f00>-5</color><color #ccc>)</color>//\\
 => ''[[https://github.com/kaloz/mwlwifi/commit/4bb95ba1aeccce506a95499b49b9b844ecfae8a1|4bb95ba]]'' <nowiki>Change driver version to 10.3.0.17-20160601.</nowiki> //<color #ccc>(</color><color #282>+1</color><color #ccc>,</color><color #f00>-1</color><color #ccc>)</color>//\\
 => ''[[https://github.com/kaloz/mwlwifi/commit/3bec7c33742a16c4086e664f6dc7cd85fb364914|3bec7c3]]'' <nowiki>Create README.md</nowiki> //<color #ccc>(</color><color #282>+19</color><color #ccc>)</color>//\\
 => ''[[https://github.com/kaloz/mwlwifi/commit/ca554376126c8665221babf7b7fb2d27872cd1db|ca55437]]'' <nowiki>Restored files Kconfig and Makefile.kernel.</nowiki> //<color #ccc>(</color><color #282>+36</color><color #ccc>)</color>//\\
 => ''[[https://github.com/kaloz/mwlwifi/commit/3cbf5674587d6cdb9771e5d5e6114a098aae8708|3cbf567]]'' <nowiki>Added the code to support TDLS.</nowiki> //<color #ccc>(</color><color #282>+4</color><color #ccc>)</color>//\\
 => ''[[https://github.com/kaloz/mwlwifi/commit/e6e1bb8ff2ec13481d3f97d834151b48c2486455|e6e1bb8]]'' <nowiki>Changed length of max vht mpdu from 7991 to 3895.</nowiki> //<color #ccc>(</color><color #282>+212</color><color #ccc>,</color><color #f00>-7</color><color #ccc>)</color>//\\
 => ''[[https://github.com/kaloz/mwlwifi/commit/eeb3c19c6c921d190006c32192d6d8299bbb8cac|eeb3c19]]'' <nowiki>Change driver version to 10.3.0.17-20160603.</nowiki> //<color #ccc>(</color><color #282>+1</color><color #ccc>,</color><color #f00>-1</color><color #ccc>)</color>//\\
 => ''[[https://github.com/kaloz/mwlwifi/commit/5fb830e6f9064a278db1bb7efa0cfbce37cfda6c|5fb830e]]'' <nowiki>Update README.md</nowiki> //<color #ccc>(</color><color #282>+4</color><color #ccc>,</color><color #f00>-1</color><color #ccc>)</color>//\\
 => + //14 more...//\\
''[[https://git.lede-project.org/?p=source.git;a=commitdiff;h=f4293e476d45b02359d5f0b24ca1483e001e95eb|f4293e4]]'' **<nowiki>brcm2708-gpu-fw:</nowiki>** <nowiki>update to latest version</nowiki> //<color #ccc>(</color><color #282>+6</color><color #ccc>,</color><color #f00>-6</color><color #ccc>)</color>//\\
''[[https://git.lede-project.org/?p=source.git;a=commitdiff;h=527696674a336731b6bd029748a7b5f0a17803cb|5276966]]'' **<nowiki>igmpproxy:</nowiki>** <nowiki>logging options - make work & improve</nowiki> //<color #ccc>(</color><color #282>+9</color><color #ccc>,</color><color #f00>-18</color><color #ccc>)</color>//\\
''[[https://git.lede-project.org/?p=source.git;a=commitdiff;h=3dded42f05d1875fc3fa261dda06aab027b38622|3dded42]]'' **<nowiki>iftop:</nowiki>** <nowiki>fix mac address display</nowiki> //<color #ccc>(</color><color #282>+68</color><color #ccc>,</color><color #f00>-1</color><color #ccc>)</color>//\\
''[[https://git.lede-project.org/?p=source.git;a=commitdiff;h=17f4d3967eec59db147d2f5b1c45dc9cf30a883e|17f4d39]]'' **<nowiki>samba:</nowiki>** <nowiki>update smb template socket options defaults</nowiki> //<color #ccc>(</color><color #f00>-1</color><color #ccc>)</color>//\\
''[[https://git.lede-project.org/?p=source.git;a=commitdiff;h=9352603fff591a2412fb825aa2f5ef386990c99a|9352603]]'' **<nowiki>mtd-utils:</nowiki>** <nowiki>merge ubi/nand-utils into one package</nowiki> //<color #ccc>(</color><color #282>+35</color><color #ccc>,</color><color #f00>-131</color><color #ccc>)</color>//\\
''[[https://git.lede-project.org/?p=source.git;a=commitdiff;h=bd20cb272e5a9d6812c4ec905049753943ad513b|bd20cb2]]'' **<nowiki>polarssl:</nowiki>** <nowiki>update to version 1.3.17</nowiki> //<color #ccc>(</color><color #282>+4</color><color #ccc>,</color><color #f00>-16</color><color #ccc>)</color>//\\
''[[https://git.lede-project.org/?p=source.git;a=commitdiff;h=05cc72944c29300f7af29ea364063b0f24c42e18|05cc729]]'' **<nowiki>mbedtls:</nowiki>** <nowiki>update to version 2.3.0</nowiki> //<color #ccc>(</color><color #282>+24</color><color #ccc>,</color><color #f00>-33</color><color #ccc>)</color>//\\
''[[https://git.lede-project.org/?p=source.git;a=commitdiff;h=d43075710b57df9e9b1befda64fcc32f31e2935e|d430757]]'' **<nowiki>mbedtls:</nowiki>** <nowiki>fix missing mbedtls_time_t bug in mbedtls 2.3.0</nowiki> //<color #ccc>(</color><color #282>+22</color><color #ccc>,</color><color #f00>-1</color><color #ccc>)</color>//\\
''[[https://git.lede-project.org/?p=source.git;a=commitdiff;h=b948c9371b2bce7b5c3ca5812cc4b9d9a02b49b9|b948c93]]'' **<nowiki>uclibc++:</nowiki>** <nowiki>fix build with gcc 6.1.0, which defaults to using C++14 ABI</nowiki> //<color #ccc>(</color><color #282>+21</color><color #ccc>)</color>//\\
''[[https://git.lede-project.org/?p=source.git;a=commitdiff;h=75329fc1618c74d3b52e1ecc52c571babbb6b611|75329fc]]'' **<nowiki>hostapd:</nowiki>** <nowiki>fix VLAN support in full wpad builds</nowiki> //<color #ccc>(</color><color #282>+16</color><color #ccc>,</color><color #f00>-6</color><color #ccc>)</color>//\\
''[[https://git.lede-project.org/?p=source.git;a=commitdiff;h=56f686b7107b17341e6357e31435237e6fb1bb0c|56f686b]]'' **<nowiki>samba36:</nowiki>** <nowiki>disable local browse master by default</nowiki> //<color #ccc>(</color><color #282>+1</color><color #ccc>)</color>//\\
''[[https://git.lede-project.org/?p=source.git;a=commitdiff;h=9b05d3aa8eb2779db4b32844a8bcba2db29f6bdc|9b05d3a]]'' **<nowiki>strace:</nowiki>** <nowiki>update to version 1.12</nowiki> //<color #ccc>(</color><color #282>+3</color><color #ccc>,</color><color #f00>-3</color><color #ccc>)</color>//\\
''[[https://git.lede-project.org/?p=source.git;a=commitdiff;h=ca6375ac515291e8ba71a5b4e378d1ebf4cebf2f|ca6375a]]'' **<nowiki>hostapd:</nowiki>** <nowiki>fix an error on parsing radius_das_client</nowiki> //<color #ccc>(</color><color #282>+11</color><color #ccc>,</color><color #f00>-1</color><color #ccc>)</color>//\\
''[[https://git.lede-project.org/?p=source.git;a=commitdiff;h=c7a5bb5a7ee730e6696b36114e0ce004bf74c842|c7a5bb5]]'' **<nowiki>samba36:</nowiki>** <nowiki>avoid picking up a dependency on libunwind (fixes GH #212)</nowiki> //<color #ccc>(</color><color #282>+1</color><color #ccc>)</color>//\\
''[[https://git.lede-project.org/?p=source.git;a=commitdiff;h=b82c8ddf8c15e91d6eecfd6d237606a4ce1f756f|b82c8dd]]'' **<nowiki>libpcap:</nowiki>** <nowiki>fix dependency of install-shared-so make target</nowiki> //<color #ccc>(</color><color #282>+20</color><color #ccc>,</color><color #f00>-16</color><color #ccc>)</color>//\\
''[[https://git.lede-project.org/?p=source.git;a=commitdiff;h=db11695aa66ac49b8a52f97059697f52b6a3a893|db11695]]'' **<nowiki>openssl:</nowiki>** <nowiki>add option to omit deprecated APIs</nowiki> //<color #ccc>(</color><color #282>+11</color><color #ccc>,</color><color #f00>-1</color><color #ccc>)</color>//\\
''[[https://git.lede-project.org/?p=source.git;a=commitdiff;h=eb4fc91a81f01a0ea3dd7f3bd0230f1c5eca67c6|eb4fc91]]'' **<nowiki>openssl:</nowiki>** <nowiki>add option to disable compression support</nowiki> //<color #ccc>(</color><color #282>+15</color><color #ccc>,</color><color #f00>-3</color><color #ccc>)</color>//\\
''[[https://git.lede-project.org/?p=source.git;a=commitdiff;h=0099748fd623cdeed24511d5b2b89556303befe5|0099748]]'' **<nowiki>openssl:</nowiki>** <nowiki>add option for NPN support</nowiki> //<color #ccc>(</color><color #282>+23</color><color #ccc>,</color><color #f00>-1</color><color #ccc>)</color>//\\
''[[https://git.lede-project.org/?p=source.git;a=commitdiff;h=f16fc21675d3335061d7afeaff9c252f0fc7fd1e|f16fc21]]'' **<nowiki>openssl:</nowiki>** <nowiki>add option to disable PSK support</nowiki> //<color #ccc>(</color><color #282>+11</color><color #ccc>,</color><color #f00>-1</color><color #ccc>)</color>//\\
''[[https://git.lede-project.org/?p=source.git;a=commitdiff;h=41da31ac2ca2306e9cff070f650f6012af753517|41da31a]]'' **<nowiki>openssl:</nowiki>** <nowiki>remove some unneeded functionality and algorithms</nowiki> //<color #ccc>(</color><color #282>+28</color><color #ccc>,</color><color #f00>-3</color><color #ccc>)</color>//\\
''[[https://git.lede-project.org/?p=source.git;a=commitdiff;h=057b116e092aa7386f610dc6682cb400e4276314|057b116]]'' **<nowiki>openssl:</nowiki>** <nowiki>add --gc-sections</nowiki> //<color #ccc>(</color><color #282>+2</color><color #ccc>,</color><color #f00>-1</color><color #ccc>)</color>//\\
''[[https://git.lede-project.org/?p=source.git;a=commitdiff;h=3ad8bc4366f8147b116addf37bac458e7b1648af|3ad8bc4]]'' **<nowiki>openssl:</nowiki>** <nowiki>add option to disable SRP support</nowiki> //<color #ccc>(</color><color #282>+11</color><color #ccc>,</color><color #f00>-1</color><color #ccc>)</color>//\\
''[[https://git.lede-project.org/?p=source.git;a=commitdiff;h=600fd467d8e884a9d2d36e996f9680f215bdd0dd|600fd46]]'' **<nowiki>openssl:</nowiki>** <nowiki>revert the no-ripemd change, openssh needs that cipher</nowiki> //<color #ccc>(</color><color #282>+1</color><color #ccc>,</color><color #f00>-1</color><color #ccc>)</color>//\\
''[[https://git.lede-project.org/?p=source.git;a=commitdiff;h=cb8f322d93cf1b33a8e6c3dae2b9ea03e9532a0d|cb8f322]]'' **<nowiki>openssl:</nowiki>** <nowiki>add back the CAST cipher by default</nowiki> //<color #ccc>(</color><color #282>+1</color><color #ccc>,</color><color #f00>-1</color><color #ccc>)</color>//\\
''[[https://git.lede-project.org/?p=source.git;a=commitdiff;h=cd91f384ac0d210612b7766c46fda73169ecf26d|cd91f38]]'' **<nowiki>openssl:</nowiki>** <nowiki>re-enable NPN by default</nowiki> //<color #ccc>(</color><color #282>+1</color><color #ccc>,</color><color #f00>-1</color><color #ccc>)</color>//\\
''[[https://git.lede-project.org/?p=source.git;a=commitdiff;h=7d38128f6a58ab7b6612fe31cbbea9e0a10b0d5e|7d38128]]'' **<nowiki>curl:</nowiki>** <nowiki>update to version 7.50.0</nowiki> //<color #ccc>(</color><color #282>+4</color><color #ccc>,</color><color #f00>-4</color><color #ccc>)</color>//\\
''[[https://git.lede-project.org/?p=source.git;a=commitdiff;h=bdf9243c1b7d0fcd0d1806dc5b68b17d20dd4958|bdf9243]]'' **<nowiki>cyassl:</nowiki>** <nowiki>update to wolfssl version 3.9.6</nowiki> //<color #ccc>(</color><color #282>+2</color><color #ccc>,</color><color #f00>-2</color><color #ccc>)</color>//\\
''[[https://git.lede-project.org/?p=source.git;a=commitdiff;h=9cbb51ff8c2c0588f47d1aedf0b43257e3a1238e|9cbb51f]]'' **<nowiki>iperf:</nowiki>** <nowiki>update to version 2.0.9</nowiki> //<color #ccc>(</color><color #282>+2</color><color #ccc>,</color><color #f00>-2</color><color #ccc>)</color>//\\
''[[https://git.lede-project.org/?p=source.git;a=commitdiff;h=bafeb907455264ca3d718a3485eb1990c7807934|bafeb90]]'' **<nowiki>iperf3:</nowiki>** <nowiki>update to version 3.1.3</nowiki> //<color #ccc>(</color><color #282>+2</color><color #ccc>,</color><color #f00>-2</color><color #ccc>)</color>//\\
''[[https://git.lede-project.org/?p=source.git;a=commitdiff;h=da328f28659512419dd295a2c14419923734fa3e|da328f2]]'' **<nowiki>hostapd:</nowiki>** <nowiki>backport mesh/ibss HT20/HT40 related fix</nowiki> //<color #ccc>(</color><color #282>+69</color><color #ccc>,</color><color #f00>-8</color><color #ccc>)</color>//\\
''[[https://git.lede-project.org/?p=source.git;a=commitdiff;h=88304ea6e516d0f2b34fc53ba4de0f61ccaa0229|88304ea]]'' **<nowiki>sysntpd:</nowiki>** <nowiki>remove procd_open_trigger/procd_close_trigger calls</nowiki> //<color #ccc>(</color><color #f00>-3</color><color #ccc>)</color>//\\
''[[https://git.lede-project.org/?p=source.git;a=commitdiff;h=82997374280841917bbabb1602a66491e183a272|8299737]]'' **<nowiki>dropbear:</nowiki>** <nowiki>remove procd_open_trigger/procd_close_trigger calls</nowiki> //<color #ccc>(</color><color #f00>-2</color><color #ccc>)</color>//\\
''[[https://git.lede-project.org/?p=source.git;a=commitdiff;h=c02f41c1d2f2626de551da01c800938066e564c6|c02f41c]]'' **<nowiki>igmpproxy:</nowiki>** <nowiki>remove procd_open_trigger/procd_close_trigger calls</nowiki> //<color #ccc>(</color><color #282>+1</color><color #ccc>,</color><color #f00>-3</color><color #ccc>)</color>//\\
''[[https://git.lede-project.org/?p=source.git;a=commitdiff;h=712b6fdc5c1d56287e1f4eae5724590b241b5674|712b6fd]]'' **<nowiki>dnsmasq:</nowiki>** <nowiki>write atomic config file</nowiki> //<color #ccc>(</color><color #282>+10</color><color #ccc>,</color><color #f00>-8</color><color #ccc>)</color>//\\
''[[https://git.lede-project.org/?p=source.git;a=commitdiff;h=6916ca8d33db0ab11434a8fb45f72abd70065c5e|6916ca8]]'' **<nowiki>dnsmasq:</nowiki>** <nowiki>make the check for existing DHCP servers more reliable</nowiki> //<color #ccc>(</color><color #282>+6</color><color #ccc>)</color>//\\
''[[https://git.lede-project.org/?p=source.git;a=commitdiff;h=a1681ce39bbbab20c46150ee28b63351396662c2|a1681ce]]'' **<nowiki>dnsmasq:</nowiki>** <nowiki>replace the iface hotplug script with a procd trigger</nowiki> //<color #ccc>(</color><color #282>+8</color><color #ccc>,</color><color #f00>-11</color><color #ccc>)</color>//\\
''[[https://git.lede-project.org/?p=source.git;a=commitdiff;h=5cd88f481202dab197e6d7d231b97ecd720d4ded|5cd88f4]]'' **<nowiki>dnsmasq:</nowiki>** <nowiki>remove use of uci state for getting network ifname</nowiki> //<color #ccc>(</color><color #282>+2</color><color #ccc>,</color><color #f00>-2</color><color #ccc>)</color>//\\
''[[https://git.lede-project.org/?p=source.git;a=commitdiff;h=b2ddfbc1c7b935cf931b4c336969b65947270ce9|b2ddfbc]]'' **<nowiki>dnsmasq:</nowiki>** <nowiki>drop --interface and --except-interface options when the interface c...</nowiki> //<color #ccc>(</color><color #282>+2</color><color #ccc>,</color><color #f00>-2</color><color #ccc>)</color>//\\
''[[https://git.lede-project.org/?p=source.git;a=commitdiff;h=9201e88f518dbe5246aa2f77342175805ef10cdd|9201e88]]'' **<nowiki>kernel:</nowiki>** <nowiki>remove hostap driver</nowiki> //<color #ccc>(</color><color #282>+6</color><color #ccc>,</color><color #f00>-1.1K</color><color #ccc>)</color>//\\
''[[https://git.lede-project.org/?p=source.git;a=commitdiff;h=5e41c1d447ec4e064b3151d9b88f5a4aaeecbfd2|5e41c1d]]'' **<nowiki>perf:</nowiki>** <nowiki>prevent build from within the sdk and mark as nonshared</nowiki> //<color #ccc>(</color><color #282>+2</color><color #ccc>,</color><color #f00>-1</color><color #ccc>)</color>//\\
''[[https://git.lede-project.org/?p=source.git;a=commitdiff;h=2f8c35585065bdbacbc615d00e4b2bf0b04bca38|2f8c355]]'' **<nowiki>mkelfimage:</nowiki>** <nowiki>remove package, it is a host tool that has been unused for years</nowiki> //<color #ccc>(</color><color #f00>-46</color><color #ccc>)</color>//\\
''[[https://git.lede-project.org/?p=source.git;a=commitdiff;h=2feb9433e237e8e38c9a52c232e6a1c7deb95333|2feb943]]'' **<nowiki>rtc-rv5c386a:</nowiki>** <nowiki>package does not build inside the SDK</nowiki> //<color #ccc>(</color><color #282>+1</color><color #ccc>,</color><color #f00>-1</color><color #ccc>)</color>//\\
''[[https://git.lede-project.org/?p=source.git;a=commitdiff;h=56cf1adc506a1b981a8ad8dd318c6bd9cf95f43f|56cf1ad]]'' **<nowiki>kernel:</nowiki>** <nowiki>remove esfq qdisc</nowiki> //<color #ccc>(</color><color #282>+3</color><color #ccc>,</color><color #f00>-2.6K</color><color #ccc>)</color>//\\
''[[https://git.lede-project.org/?p=source.git;a=commitdiff;h=51e70267bd7ba886314f87317f31342f8e39f602|51e7026]]'' **<nowiki>hostapd:</nowiki>** <nowiki>remove unused hostapd-common-old package</nowiki> //<color #ccc>(</color><color #f00>-606</color><color #ccc>)</color>//\\
''[[https://git.lede-project.org/?p=source.git;a=commitdiff;h=7ee92227700c324f4c7c9b587bca1d8267c29112|7ee9222]]'' **<nowiki>openssl:</nowiki>** <nowiki>re-enable CMAC support</nowiki> //<color #ccc>(</color><color #282>+1</color><color #ccc>,</color><color #f00>-1</color><color #ccc>)</color>//\\
''[[https://git.lede-project.org/?p=source.git;a=commitdiff;h=14e0f057c8629ca658eb0e007c4f0e3f76b06f44|14e0f05]]'' **<nowiki>ltq-hcd:</nowiki>** <nowiki>fix xway dependency</nowiki> //<color #ccc>(</color><color #282>+1</color><color #ccc>,</color><color #f00>-1</color><color #ccc>)</color>//\\
''[[https://git.lede-project.org/?p=source.git;a=commitdiff;h=dff6df962556b2f2fed0797a4d0d115dc68e90cb|dff6df9]]'' **<nowiki>hostapd:</nowiki>** <nowiki>Allow RADIUS accounting without 802.1x</nowiki> //<color #ccc>(</color><color #282>+9</color><color #ccc>,</color><color #f00>-10</color><color #ccc>)</color>//\\
''[[https://git.lede-project.org/?p=source.git;a=commitdiff;h=f76f83de7117a1a5b3732b97fc8cbe7d73680e9e|f76f83d]]'' **<nowiki>mwlwifi:</nowiki>** <nowiki>upgrade to 10.3.0.18-20160804</nowiki> //<color #ccc>(</color><color #282>+2</color><color #ccc>,</color><color #f00>-2</color><color #ccc>)</color>//\\
''[[https://git.lede-project.org/?p=source.git;a=commitdiff;h=4e8c6f340751c66a602b98b727af28b2a9004313|4e8c6f3]]'' **<nowiki>dropbear:</nowiki>** <nowiki>security update to 2016.74</nowiki> //<color #ccc>(</color><color #282>+2</color><color #ccc>,</color><color #f00>-2</color><color #ccc>)</color>//\\
''[[https://git.lede-project.org/?p=source.git;a=commitdiff;h=d36c5152ef30b6182d1c661ffb538e9e974e1a03|d36c515]]'' **<nowiki>ncurses:</nowiki>** <nowiki>change handling of PKG_CONFIG_LIBDIR</nowiki> //<color #ccc>(</color><color #282>+92</color><color #ccc>,</color><color #f00>-9</color><color #ccc>)</color>//\\
''[[https://git.lede-project.org/?p=source.git;a=commitdiff;h=63f6fc5c16996cc47369bb0d6ef28ccd39845e7b|63f6fc5]]'' **<nowiki>samba:</nowiki>** <nowiki>add file/interface reload triggers & filter interfaces</nowiki> //<color #ccc>(</color><color #282>+10</color><color #ccc>,</color><color #f00>-9</color><color #ccc>)</color>//\\
''[[https://git.lede-project.org/?p=source.git;a=commitdiff;h=785cdc3cf24fbde6be47d609e1b363c313affca1|785cdc3]]'' **<nowiki>package/devel/gdb:</nowiki>** <nowiki>Update to 7.11.1</nowiki> //<color #ccc>(</color><color #282>+2</color><color #ccc>,</color><color #f00>-2</color><color #ccc>)</color>//\\
''[[https://git.lede-project.org/?p=source.git;a=commitdiff;h=a77ce8ba966e634e9bce0af6528d654b31b092c9|a77ce8b]]'' **<nowiki>libs/gmp:</nowiki>** <nowiki>update to 6.1.1</nowiki> //<color #ccc>(</color><color #282>+2</color><color #ccc>,</color><color #f00>-2</color><color #ccc>)</color>//\\
''[[https://git.lede-project.org/?p=source.git;a=commitdiff;h=1e71fca7777eeee39a941bdc05535b3e93eb01e9|1e71fca]]'' **<nowiki>mtd:</nowiki>** <nowiki>fix building with glibc</nowiki> //<color #ccc>(</color><color #282>+1</color><color #ccc>)</color>//\\
''[[https://git.lede-project.org/?p=source.git;a=commitdiff;h=d7c249fa1c8d64315264850fce2cbfbfb1fd186c|d7c249f]]'' **<nowiki>ppp:</nowiki>** <nowiki>Extend uci datamodel with persistency sypport</nowiki> //<color #ccc>(</color><color #282>+13</color><color #ccc>,</color><color #f00>-3</color><color #ccc>)</color>//\\
''[[https://git.lede-project.org/?p=source.git;a=commitdiff;h=b91e58e606cc64539e637adc17127f81eccc9cbd|b91e58e]]'' **<nowiki>busybox:</nowiki>** <nowiki>enable sha256sum by default</nowiki> //<color #ccc>(</color><color #282>+2</color><color #ccc>,</color><color #f00>-2</color><color #ccc>)</color>//\\
''[[https://git.lede-project.org/?p=source.git;a=commitdiff;h=8dba24cfc2de8303da436a6ec19d3eb0314d1ca1|8dba24c]]'' **<nowiki>ltq-deu:</nowiki>** <nowiki>fix aes initialization vector handling</nowiki> //<color #ccc>(</color><color #282>+4</color><color #ccc>,</color><color #f00>-4</color><color #ccc>)</color>//\\
''[[https://git.lede-project.org/?p=source.git;a=commitdiff;h=93916613943ae095027f01acc521b4fcf174dea2|9391661]]'' **<nowiki>ltq-deu:</nowiki>** <nowiki>fix handling of data blocks with sizes != AES/DES block size</nowiki> //<color #ccc>(</color><color #282>+108</color><color #ccc>,</color><color #f00>-44</color><color #ccc>)</color>//\\
''[[https://git.lede-project.org/?p=source.git;a=commitdiff;h=070edfd92f8f83a93312a7df5f59048d74286584|070edfd]]'' **<nowiki>ltq-deu:</nowiki>** <nowiki>fix cra_priority</nowiki> //<color #ccc>(</color><color #282>+25</color><color #ccc>,</color><color #f00>-8</color><color #ccc>)</color>//\\
''[[https://git.lede-project.org/?p=source.git;a=commitdiff;h=277f85c21ae0ede4e15e66cbd801b9fb502531df|277f85c]]'' **<nowiki>cyassl:</nowiki>** <nowiki>make CyaSSL/WolfSSL more configurable</nowiki> //<color #ccc>(</color><color #282>+117</color><color #ccc>,</color><color #f00>-2</color><color #ccc>)</color>//\\
''[[https://git.lede-project.org/?p=source.git;a=commitdiff;h=798cd261ab8898152f6c8091609671118325d464|798cd26]]'' **<nowiki>hostapd:</nowiki>** <nowiki>use printf to improve portability.</nowiki> //<color #ccc>(</color><color #282>+4</color><color #ccc>,</color><color #f00>-4</color><color #ccc>)</color>//\\
''[[https://git.lede-project.org/?p=source.git;a=commitdiff;h=91362e7aa4ea612325502da30c1f076adad1093e|91362e7]]'' **<nowiki>strace:</nowiki>** <nowiki>bump to 4.13</nowiki> //<color #ccc>(</color><color #282>+3</color><color #ccc>,</color><color #f00>-3</color><color #ccc>)</color>//\\
''[[https://git.lede-project.org/?p=source.git;a=commitdiff;h=012873074f372ea01d861eccce008b57b1453008|0128730]]'' **<nowiki>perf:</nowiki>** <nowiki>drop sched_getcpu wrapper</nowiki> //<color #ccc>(</color><color #f00>-17</color><color #ccc>)</color>//\\
''[[https://git.lede-project.org/?p=source.git;a=commitdiff;h=2653a12c4d5d9c0f600a9d06667aaa3bc55c8756|2653a12]]'' **<nowiki>openvpn:</nowiki>** <nowiki>update to 2.3.12</nowiki> //<color #ccc>(</color><color #282>+37</color><color #ccc>,</color><color #f00>-67</color><color #ccc>)</color>//\\
''[[https://git.lede-project.org/?p=source.git;a=commitdiff;h=545d86490ca2709d87e6e5ec0658316424b5b739|545d864]]'' **<nowiki>ct-bugcheck:</nowiki>** <nowiki>Add tools to poll for and report ath10k firmware crashes.</nowiki> //<color #ccc>(</color><color #282>+212</color><color #ccc>)</color>//\\
''[[https://git.lede-project.org/?p=source.git;a=commitdiff;h=b0dcb6bfed97cf8e63ad03ca76b49cad45dbffea|b0dcb6b]]'' **<nowiki>iperf:</nowiki>** <nowiki>drop PKG_BUILD_DIR override</nowiki> //<color #ccc>(</color><color #f00>-1</color><color #ccc>)</color>//\\
''[[https://git.lede-project.org/?p=source.git;a=commitdiff;h=98206cb9c62a86f3e72b74a71e9ed836bac1fc71|98206cb]]'' **<nowiki>iperf:</nowiki>** <nowiki>add -lm to fix build with newer glibc</nowiki> //<color #ccc>(</color><color #282>+1</color><color #ccc>,</color><color #f00>-1</color><color #ccc>)</color>//\\
''[[https://git.lede-project.org/?p=source.git;a=commitdiff;h=18c7d1c62672f33a206c9abd98c73c0d1d4af564|18c7d1c]]'' **<nowiki>dante:</nowiki>** <nowiki>remove -D_GNU_SOURCE to fix build errors with current glibc</nowiki> //<color #ccc>(</color><color #f00>-2</color><color #ccc>)</color>//\\
''[[https://git.lede-project.org/?p=source.git;a=commitdiff;h=8e0cb8f58233a1c1953f92f66a2f2b01567f7b16|8e0cb8f]]'' **<nowiki>ebtables:</nowiki>** <nowiki>fix build with glibc</nowiki> //<color #ccc>(</color><color #282>+3</color><color #ccc>,</color><color #f00>-2</color><color #ccc>)</color>//\\
''[[https://git.lede-project.org/?p=source.git;a=commitdiff;h=00a1056c3f366ee27cb86da8e521a827ad5d5b8f|00a1056]]'' **<nowiki>openssl:</nowiki>** <nowiki>re-enable ARM assembly</nowiki> //<color #ccc>(</color><color #282>+2</color><color #ccc>,</color><color #f00>-2</color><color #ccc>)</color>//\\
''[[https://git.lede-project.org/?p=source.git;a=commitdiff;h=2d418381bbae3853a6b1c44ce33b10a6aca3423f|2d41838]]'' **<nowiki>mwlwifi:</nowiki>** <nowiki>Updated to latest source</nowiki> //<color #ccc>(</color><color #282>+2</color><color #ccc>,</color><color #f00>-2</color><color #ccc>)</color>//\\
''[[https://git.lede-project.org/?p=source.git;a=commitdiff;h=f362dc154d776630fd0c02062b50e9f02d57476f|f362dc1]]'' **<nowiki>zram-swap:</nowiki>** <nowiki>CONFIG_PROCD_ZRAM_TMPFS compatibility</nowiki> //<color #ccc>(</color><color #282>+11</color><color #ccc>,</color><color #f00>-2</color><color #ccc>)</color>//\\
''[[https://git.lede-project.org/?p=source.git;a=commitdiff;h=a4dc9ff934ce8ed11b6517deb0b93ae0fd6da93f|a4dc9ff]]'' **<nowiki>dropbear:</nowiki>** <nowiki>mdns flag is a bool, not integer</nowiki> //<color #ccc>(</color><color #282>+1</color><color #ccc>,</color><color #f00>-1</color><color #ccc>)</color>//\\
''[[https://git.lede-project.org/?p=source.git;a=commitdiff;h=e8cb7d30e9a7fa08909b25b04e20971cdece0874|e8cb7d3]]'' **<nowiki>hostapd:</nowiki>** <nowiki>fix typo and indentation in ap_sta_support.patch</nowiki> //<color #ccc>(</color><color #282>+2</color><color #ccc>,</color><color #f00>-2</color><color #ccc>)</color>//\\
''[[https://git.lede-project.org/?p=source.git;a=commitdiff;h=c5913264e7eb9f2bee782b41ab688d002f00d196|c591326]]'' **<nowiki>mwlwifi:</nowiki>** <nowiki>Expose the IEEE 802.11w support to hostapd</nowiki> //<color #ccc>(</color><color #282>+1</color><color #ccc>,</color><color #f00>-1</color><color #ccc>)</color>//\\
''[[https://git.lede-project.org/?p=source.git;a=commitdiff;h=9209f4304b0dd5e5a5337abd69a6dbf6a9cb782e|9209f43]]'' **<nowiki>dnsmasq:</nowiki>** <nowiki>fix remove pidfile on shutdown regression</nowiki> //<color #ccc>(</color><color #282>+1</color><color #ccc>)</color>//\\
''[[https://git.lede-project.org/?p=source.git;a=commitdiff;h=9a2f2f32cfd6f3230957a93d88ae48bb0ef2cb4a|9a2f2f3]]'' **<nowiki>e2fsprogs:</nowiki>** <nowiki>Honor the global verbose flag</nowiki> //<color #ccc>(</color><color #282>+2</color><color #ccc>)</color>//\\
''[[https://git.lede-project.org/?p=source.git;a=commitdiff;h=2728512e1553301f2b13aba8497302f577a1f0eb|2728512]]'' **<nowiki>e2fsprogs:</nowiki>** <nowiki>List all libraries explicitly</nowiki> //<color #ccc>(</color><color #282>+3</color><color #ccc>)</color>//\\
''[[https://git.lede-project.org/?p=source.git;a=commitdiff;h=859d940c79e8cb1c66a3d0cccc18e9eac499415b|859d940]]'' **<nowiki>hostapd:</nowiki>** <nowiki>update to version 2016-09-05</nowiki> //<color #ccc>(</color><color #282>+98</color><color #ccc>,</color><color #f00>-198</color><color #ccc>)</color>//\\
 => ''[[https://w1.fi/cgit/hostap/commit/?id=52a6c9c9e81f0fa7c3d9f3cb8a970d5b63690ffc|52a6c9c]]'' <nowiki>Add a QCA vendor command to configure AP parameters</nowiki> //<color #ccc>(</color><color #282>+21</color><color #ccc>,</color><color #f00>-1</color><color #ccc>)</color>//\\
 => ''[[https://w1.fi/cgit/hostap/commit/?id=fae7b3726035b57a78aa552378fc5d15402b9ec1|fae7b37]]'' **<nowiki>WPS:</nowiki>** <nowiki>Do not expire probable BSSes for WPS connection</nowiki> //<color #ccc>(</color><color #282>+43</color><color #ccc>,</color><color #f00>-1</color><color #ccc>)</color>//\\
 => ''[[https://w1.fi/cgit/hostap/commit/?id=d1296da64343085017015cccc0562dd702bb10c7|d1296da]]'' <nowiki>Reserve QCA vendor specific nl80211 command 121</nowiki> //<color #ccc>(</color><color #282>+1</color><color #ccc>)</color>//\\
 => ''[[https://w1.fi/cgit/hostap/commit/?id=7309e804cf0b35b95be3f8cd13c2ae66691eb572|7309e80]]'' **<nowiki>tests:</nowiki>** <nowiki>Make mesh_missing_mic more robust</nowiki> //<color #ccc>(</color><color #282>+3</color><color #ccc>)</color>//\\
 => ''[[https://w1.fi/cgit/hostap/commit/?id=00ec535060abd5c4aee59e35e92085d4c3f67902|00ec535]]'' **<nowiki>WPS:</nowiki>** <nowiki>Fix memory leak with wps_ie in wpa_bss_is_wps_candidate()</nowiki> //<color #ccc>(</color><color #282>+1</color><color #ccc>)</color>//\\
 => ''[[https://w1.fi/cgit/hostap/commit/?id=4425b1ed714d70e74985b40c07695f1f9c9e084a|4425b1e]]'' **<nowiki>tests:</nowiki>** <nowiki>WPS and wpa_supplicant BSS entry limit</nowiki> //<color #ccc>(</color><color #282>+73</color><color #ccc>)</color>//\\
 => ''[[https://w1.fi/cgit/hostap/commit/?id=20c7d26f80b42554cf1eac636b336495084b86cf|20c7d26]]'' **<nowiki>tests:</nowiki>** <nowiki>More wpa_supplicant/bss.c OOM coverage</nowiki> //<color #ccc>(</color><color #282>+71</color><color #ccc>,</color><color #f00>-2</color><color #ccc>)</color>//\\
 => ''[[https://w1.fi/cgit/hostap/commit/?id=bb4e19e3f4c9d1973279b3b768bc0539ee7cb962|bb4e19e]]'' **<nowiki>hostapd:</nowiki>** <nowiki>Skip hostapd ACL check for drivers supporting ACL offload</nowiki> //<color #ccc>(</color><color #282>+9</color><color #ccc>,</color><color #f00>-2</color><color #ccc>)</color>//\\
 => ''[[https://w1.fi/cgit/hostap/commit/?id=074f72849f17a1dafaa4eecd3c1d959b84fb21df|074f728]]'' **<nowiki>tests:</nowiki>** <nowiki>Secure mesh network connectivity with PMF enabled</nowiki> //<color #ccc>(</color><color #282>+25</color><color #ccc>,</color><color #f00>-1</color><color #ccc>)</color>//\\
 => ''[[https://w1.fi/cgit/hostap/commit/?id=b8b499e4a47ef16c0e6e97e2994b0ef4ed931daa|b8b499e]]'' **<nowiki>mesh:</nowiki>** <nowiki>Use WPA_NONCE_LEN macro</nowiki> //<color #ccc>(</color><color #282>+14</color><color #ccc>,</color><color #f00>-14</color><color #ccc>)</color>//\\
 => ''[[https://w1.fi/cgit/hostap/commit/?id=18aca1a07dfae1ea5c7661166dfba6e6dd0111aa|18aca1a]]'' **<nowiki>mesh:</nowiki>** <nowiki>Use ieee80211w profile parameter</nowiki> //<color #ccc>(</color><color #282>+20</color><color #ccc>,</color><color #f00>-4</color><color #ccc>)</color>//\\
 => ''[[https://w1.fi/cgit/hostap/commit/?id=a59c5e9235f1f5c9b786fde80b0355e1ef74a61a|a59c5e9]]'' **<nowiki>mesh:</nowiki>** <nowiki>Fix AEK derivation to use AKM suite selector</nowiki> //<color #ccc>(</color><color #282>+2</color><color #ccc>,</color><color #f00>-2</color><color #ccc>)</color>//\\
 => ''[[https://w1.fi/cgit/hostap/commit/?id=f5ba6923d05e394e434883f90522fd76d7ea9b63|f5ba692]]'' **<nowiki>mesh:</nowiki>** <nowiki>Coding style cleanup for AEK derivation</nowiki> //<color #ccc>(</color><color #282>+14</color><color #ccc>,</color><color #f00>-5</color><color #ccc>)</color>//\\
 => ''[[https://w1.fi/cgit/hostap/commit/?id=0f76d8249c17da6b5166091697496aac9ef8ef85|0f76d82]]'' **<nowiki>mesh:</nowiki>** <nowiki>Fix MTK derivation to use AKM suite selector</nowiki> //<color #ccc>(</color><color #282>+2</color><color #ccc>,</color><color #f00>-2</color><color #ccc>)</color>//\\
 => ''[[https://w1.fi/cgit/hostap/commit/?id=846201dff7611d69be48ec37722b60242a8edace|846201d]]'' **<nowiki>mesh:</nowiki>** <nowiki>Coding style cleanup for MTK derivation</nowiki> //<color #ccc>(</color><color #282>+22</color><color #ccc>,</color><color #f00>-16</color><color #ccc>)</color>//\\
 => ''[[https://w1.fi/cgit/hostap/commit/?id=b02f4d058cbf113646d5fcd22d9a23c113f0319a|b02f4d0]]'' **<nowiki>mesh:</nowiki>** <nowiki>Add variable length MTK support</nowiki> //<color #ccc>(</color><color #282>+7</color><color #ccc>,</color><color #f00>-4</color><color #ccc>)</color>//\\
 => + //315 more...//\\
''[[https://git.lede-project.org/?p=source.git;a=commitdiff;h=03cd41679597364ca0b382646b35cb5d06465d1b|03cd416]]'' **<nowiki>dnsmasq:</nowiki>** <nowiki>Don't expose *.bind data incl version</nowiki> //<color #ccc>(</color><color #282>+150</color><color #ccc>,</color><color #f00>-1</color><color #ccc>)</color>//\\
''[[https://git.lede-project.org/?p=source.git;a=commitdiff;h=dbbd5eef58fb5617b45802f98b5a73981fc4f4f2|dbbd5ee]]'' **<nowiki>f2fs-tools:</nowiki>** <nowiki>import from packages, clean up, and update to latest</nowiki> //<color #ccc>(</color><color #282>+174</color><color #ccc>)</color>//\\
''[[https://git.lede-project.org/?p=source.git;a=commitdiff;h=96f0bbe91d2176284324c4d9b4839b6878148602|96f0bbe]]'' **<nowiki>dropbear:</nowiki>** <nowiki>hide dropbear version</nowiki> //<color #ccc>(</color><color #282>+4</color><color #ccc>)</color>//\\
''[[https://git.lede-project.org/?p=source.git;a=commitdiff;h=591755ad1afe587afaaaf45f06ebcec7ab16cd2a|591755a]]'' **<nowiki>dnsmasq:</nowiki>** <nowiki>make NO_ID optional in full variant</nowiki> //<color #ccc>(</color><color #282>+10</color><color #ccc>,</color><color #f00>-5</color><color #ccc>)</color>//\\
''[[https://git.lede-project.org/?p=source.git;a=commitdiff;h=ac08cb06f6734ebf73ed855cbc836c566f80eaca|ac08cb0]]'' **<nowiki>brcm2708-gpu-fw:</nowiki>** <nowiki>update to latest version</nowiki> //<color #ccc>(</color><color #282>+6</color><color #ccc>,</color><color #f00>-6</color><color #ccc>)</color>//\\
''[[https://git.lede-project.org/?p=source.git;a=commitdiff;h=e70e3c544ae4649b1eae0d13ac09aa6b2e734bf4|e70e3c5]]'' **<nowiki>hostapd:</nowiki>** <nowiki>fix regression breaking brcmfmac</nowiki> //<color #ccc>(</color><color #282>+46</color><color #ccc>,</color><color #f00>-7</color><color #ccc>)</color>//\\
''[[https://git.lede-project.org/?p=source.git;a=commitdiff;h=8b5e1282509290e890b4189e7fc5fc8459b4c0d0|8b5e128]]'' **<nowiki>busybox:</nowiki>** <nowiki>libnetlink: fix alignment of netlink messages</nowiki> //<color #ccc>(</color><color #282>+100</color><color #ccc>)</color>//\\
''[[https://git.lede-project.org/?p=source.git;a=commitdiff;h=32f4777530bc814cb878c0436bc26cded53a3a8b|32f4777]]'' **<nowiki>dnsmasq:</nowiki>** <nowiki>Add match section support</nowiki> //<color #ccc>(</color><color #282>+17</color><color #ccc>)</color>//\\
''[[https://git.lede-project.org/?p=source.git;a=commitdiff;h=b9e3e38e79aff2d7e1606719678ee1e5488f7179|b9e3e38]]'' **<nowiki>cyassl:</nowiki>** <nowiki>make CyaSSL/WolfSSL more configurable</nowiki> //<color #ccc>(</color><color #282>+5</color><color #ccc>,</color><color #f00>-4</color><color #ccc>)</color>//\\
''[[https://git.lede-project.org/?p=source.git;a=commitdiff;h=edf5b2955edbd5499beafd4d660c9a5f6a3e2cf2|edf5b29]]'' **<nowiki>cyassl:</nowiki>** <nowiki>remove duplicate submenu level</nowiki> //<color #ccc>(</color><color #282>+2</color><color #ccc>,</color><color #f00>-3</color><color #ccc>)</color>//\\
''[[https://git.lede-project.org/?p=source.git;a=commitdiff;h=06fa1c46fc32644a54393a7a0125eba5dd9dbb3f|06fa1c4]]'' **<nowiki>busybox:</nowiki>** <nowiki>update to version 1.25.0</nowiki> //<color #ccc>(</color><color #282>+482</color><color #ccc>,</color><color #f00>-570</color><color #ccc>)</color>//\\
''[[https://git.lede-project.org/?p=source.git;a=commitdiff;h=3a4db8548fe56e934e02d131d9a4ef2081fddb71|3a4db85]]'' **<nowiki>ltq-vdsl-mei:</nowiki>** <nowiki>update mei driver to version 1.5.17.6</nowiki> //<color #ccc>(</color><color #282>+87</color><color #ccc>,</color><color #f00>-51</color><color #ccc>)</color>//\\
''[[https://git.lede-project.org/?p=source.git;a=commitdiff;h=7ecbc279513128a0b3873c912a85aa005166940c|7ecbc27]]'' **<nowiki>ltq-vdsl:</nowiki>** <nowiki>update to version 4.17.18.6</nowiki> //<color #ccc>(</color><color #282>+38</color><color #ccc>,</color><color #f00>-12</color><color #ccc>)</color>//\\
''[[https://git.lede-project.org/?p=source.git;a=commitdiff;h=e59bbb6fe24f5962eaf3f3322dbc1719e79073cb|e59bbb6]]'' **<nowiki>ltq-vdsl-app:</nowiki>** <nowiki>update to version 4.17.18.6</nowiki> //<color #ccc>(</color><color #282>+5</color><color #ccc>,</color><color #f00>-28</color><color #ccc>)</color>//\\
''[[https://git.lede-project.org/?p=source.git;a=commitdiff;h=7b472f7c2129ffc0b17eba30e65c9253bb5be4bf|7b472f7]]'' **<nowiki>busybox:</nowiki>** <nowiki>fix md5sum</nowiki> //<color #ccc>(</color><color #282>+1</color><color #ccc>,</color><color #f00>-1</color><color #ccc>)</color>//\\
''[[https://git.lede-project.org/?p=source.git;a=commitdiff;h=6926325829a2f58059ca8e614c892062fbbae393|6926325]]'' **<nowiki>openssl:</nowiki>** <nowiki>update to 1.0.2i</nowiki> //<color #ccc>(</color><color #282>+19</color><color #ccc>,</color><color #f00>-43</color><color #ccc>)</color>//\\
''[[https://git.lede-project.org/?p=source.git;a=commitdiff;h=df9efc94970ccc1e43915839ec3f49d54729cc3d|df9efc9]]'' **<nowiki>curl:</nowiki>** <nowiki>update to version 7.50.3</nowiki> //<color #ccc>(</color><color #282>+3</color><color #ccc>,</color><color #f00>-3</color><color #ccc>)</color>//\\
''[[https://git.lede-project.org/?p=source.git;a=commitdiff;h=ea288126dbcf11ecf990b858e1c563b24b198327|ea28812]]'' **<nowiki>openssl:</nowiki>** <nowiki>backport build fix when hardware support is used</nowiki> //<color #ccc>(</color><color #282>+35</color><color #ccc>)</color>//\\
''[[https://git.lede-project.org/?p=source.git;a=commitdiff;h=77f54eae453db4220547c4c17d29ff91351b06e0|77f54ea]]'' **<nowiki>config:</nowiki>** <nowiki>enable shadow passwords unconditionally</nowiki> //<color #ccc>(</color><color #f00>-5</color><color #ccc>)</color>//\\
''[[https://git.lede-project.org/?p=source.git;a=commitdiff;h=8badcba229b0ba3d469934f4315b736b0c712fbd|8badcba]]'' **<nowiki>iproute:</nowiki>** <nowiki>properly support high routing table IDs</nowiki> //<color #ccc>(</color><color #282>+487</color><color #ccc>,</color><color #f00>-24</color><color #ccc>)</color>//\\
''[[https://git.lede-project.org/?p=source.git;a=commitdiff;h=509708889ca28643cf0d7d9c75a2a72ef386e4e1|5097088]]'' **<nowiki>libunwind:</nowiki>** <nowiki>use url alias</nowiki> //<color #ccc>(</color><color #282>+1</color><color #ccc>,</color><color #f00>-1</color><color #ccc>)</color>//\\
''[[https://git.lede-project.org/?p=source.git;a=commitdiff;h=edbc8fec8a9747a746fc321e97d9b96f7e95fa7e|edbc8fe]]'' **<nowiki>libjson-c:</nowiki>** <nowiki>Update to 0.12.1</nowiki> //<color #ccc>(</color><color #282>+5</color><color #ccc>,</color><color #f00>-26</color><color #ccc>)</color>//\\
''[[https://git.lede-project.org/?p=source.git;a=commitdiff;h=78ae7d8efda344075c7991c731afdbd47ae1cee9|78ae7d8]]'' **<nowiki>busybox:</nowiki>** <nowiki>v1.25.0 upstream patches</nowiki> //<color #ccc>(</color><color #282>+75</color><color #ccc>)</color>//\\
''[[https://git.lede-project.org/?p=source.git;a=commitdiff;h=aaa067ab0b3cfd6d26f976e2e5e43ac15a8f0ee6|aaa067a]]'' **<nowiki>openssl:</nowiki>** <nowiki>Remove J-PAKE. Nothing uses it.</nowiki> //<color #ccc>(</color><color #282>+2</color><color #ccc>,</color><color #f00>-1</color><color #ccc>)</color>//\\
''[[https://git.lede-project.org/?p=source.git;a=commitdiff;h=c0b15b307201ddeeaf01aa4d6c85cdefbade035f|c0b15b3]]'' **<nowiki>openssl:</nowiki>** <nowiki>Make DTLS configurable.</nowiki> //<color #ccc>(</color><color #282>+10</color><color #ccc>)</color>//\\
''[[https://git.lede-project.org/?p=source.git;a=commitdiff;h=b1f39d3d7ee7ba0714e45af64a935b01877a5175|b1f39d3]]'' **<nowiki>openssl:</nowiki>** <nowiki>update to 1.0.2j</nowiki> //<color #ccc>(</color><color #282>+2</color><color #ccc>,</color><color #f00>-49</color><color #ccc>)</color>//\\
''[[https://git.lede-project.org/?p=source.git;a=commitdiff;h=376944c0abe4c073faab17c450c3df1b0acda626|376944c]]'' **<nowiki>perf:</nowiki>** <nowiki>fix build with musl on PowerPC</nowiki> //<color #ccc>(</color><color #282>+8</color><color #ccc>)</color>//\\
''[[https://git.lede-project.org/?p=source.git;a=commitdiff;h=493b0f3f575520b35b6b01341b28147c67e90884|493b0f3]]'' **<nowiki>toolchain:</nowiki>** <nowiki>Force installation into /lib</nowiki> //<color #ccc>(</color><color #282>+16</color><color #ccc>,</color><color #f00>-24</color><color #ccc>)</color>//\\
''[[https://git.lede-project.org/?p=source.git;a=commitdiff;h=34c2726ca7631202f916215c32abce663dda5e88|34c2726]]'' **<nowiki>iproute2:</nowiki>** <nowiki>fix no fortify build failure</nowiki> //<color #ccc>(</color><color #282>+10</color><color #ccc>)</color>//\\
''[[https://git.lede-project.org/?p=source.git;a=commitdiff;h=90a4f2ec6d3b2103b58644dedaef97bc87b580d3|90a4f2e]]'' **<nowiki>valgrind:</nowiki>** <nowiki>remove 110-add_a_out_h.patch</nowiki> //<color #ccc>(</color><color #f00>-157</color><color #ccc>)</color>//\\
''[[https://git.lede-project.org/?p=source.git;a=commitdiff;h=b8d802fe9f6ddf02d67e7d847904e7389715561e|b8d802f]]'' **<nowiki>valgrind:</nowiki>** <nowiki>improve mips support</nowiki> //<color #ccc>(</color><color #282>+56</color><color #ccc>)</color>//\\
''[[https://git.lede-project.org/?p=source.git;a=commitdiff;h=1fff7f2dbce978bd95156c69ff3fa1db8578e535|1fff7f2]]'' **<nowiki>package/devel/trace-cmd:</nowiki>** <nowiki>Update to 2.6</nowiki> //<color #ccc>(</color><color #282>+2</color><color #ccc>,</color><color #f00>-2</color><color #ccc>)</color>//\\
 => ''[[https://git.kernel.org/cgit/linux/kernel/git/rostedt/trace-cmd.git/commit/?id=43fb50d404dc12626c4e1e25ead7fbcbd717f81d|43fb50d]]'' **<nowiki>trace-cmd:</nowiki>** <nowiki>link trace-record in ctracecmd.so</nowiki> //<color #ccc>(</color><color #282>+3</color><color #ccc>,</color><color #f00>-2</color><color #ccc>)</color>//\\
 => ''[[https://git.kernel.org/cgit/linux/kernel/git/rostedt/trace-cmd.git/commit/?id=4aadcfefcafaa20a40e3b8871c01d5bf2e6134ed|4aadcfe]]'' **<nowiki>trace-cmd:</nowiki>** <nowiki>Add new stat feature to show what is currently active</nowiki> //<color #ccc>(</color><color #282>+1.0K</color><color #ccc>,</color><color #f00>-3</color><color #ccc>)</color>//\\
 => ''[[https://git.kernel.org/cgit/linux/kernel/git/rostedt/trace-cmd.git/commit/?id=68ddd0f598fe9e6abf701a4de17dce252be8e1c6|68ddd0f]]'' **<nowiki>kernelshark:</nowiki>** <nowiki>Rename trace-hash.[ch] to trace-filter-hash.[ch]</nowiki> //<color #ccc>(</color><color #282>+5</color><color #ccc>,</color><color #f00>-5</color><color #ccc>)</color>//\\
 => ''[[https://git.kernel.org/cgit/linux/kernel/git/rostedt/trace-cmd.git/commit/?id=a4972ff009b9df99d1dbb138fccefa6b1ff8dc16|a4972ff]]'' **<nowiki>trace-cmd:</nowiki>** <nowiki>Add generic trace-hash.[ch] functions</nowiki> //<color #ccc>(</color><color #282>+159</color><color #ccc>,</color><color #f00>-4</color><color #ccc>)</color>//\\
 => ''[[https://git.kernel.org/cgit/linux/kernel/git/rostedt/trace-cmd.git/commit/?id=00fb08526e91f0204465511dcd59219d025e407e|00fb085]]'' **<nowiki>trace-cmd:</nowiki>** <nowiki>Convert wakeup hash in report to generic hash</nowiki> //<color #ccc>(</color><color #282>+27</color><color #ccc>,</color><color #f00>-45</color><color #ccc>)</color>//\\
 => ''[[https://git.kernel.org/cgit/linux/kernel/git/rostedt/trace-cmd.git/commit/?id=320fba9399cbeff201b39acee01a3007e2682ac7|320fba9]]'' **<nowiki>trace-cmd:</nowiki>** <nowiki>Clear triggers before writing to them</nowiki> //<color #ccc>(</color><color #282>+60</color><color #ccc>)</color>//\\
 => ''[[https://git.kernel.org/cgit/linux/kernel/git/rostedt/trace-cmd.git/commit/?id=52437837e36850ca471d2dc31bc6599fafd7ecfa|5243783]]'' **<nowiki>trace-cmd:</nowiki>** <nowiki>Have trace-cmd reset disable filters and triggers</nowiki> //<color #ccc>(</color><color #282>+205</color><color #ccc>,</color><color #f00>-39</color><color #ccc>)</color>//\\
 => ''[[https://git.kernel.org/cgit/linux/kernel/git/rostedt/trace-cmd.git/commit/?id=fd13259b049bcf3e4c2923e86bc2f9d2ad482532|fd13259]]'' **<nowiki>trace-cmd:</nowiki>** <nowiki>Have record put back options filters and triggers</nowiki> //<color #ccc>(</color><color #282>+234</color><color #ccc>,</color><color #f00>-7</color><color #ccc>)</color>//\\
 => ''[[https://git.kernel.org/cgit/linux/kernel/git/rostedt/trace-cmd.git/commit/?id=35b74018a2a3c489adac576963e0a77a8afd56f3|35b7401]]'' **<nowiki>trace-cmd:</nowiki>** <nowiki>Remove dead code "filter_record()" from trace-cmd read</nowiki> //<color #ccc>(</color><color #f00>-9</color><color #ccc>)</color>//\\
 => ''[[https://git.kernel.org/cgit/linux/kernel/git/rostedt/trace-cmd.git/commit/?id=7e1a936f5f2592f2cb988a7be1433e461b090363|7e1a936]]'' **<nowiki>trace-cmd:</nowiki>** <nowiki>Have report show stack traces for filtered pid wakeups</nowiki> //<color #ccc>(</color><color #282>+105</color><color #ccc>)</color>//\\
 => ''[[https://git.kernel.org/cgit/linux/kernel/git/rostedt/trace-cmd.git/commit/?id=8ee2852aa60ca67a1dff7b8469758a2d176f0ef9|8ee2852]]'' **<nowiki>trace-cmd:</nowiki>** <nowiki>Add --profile option to record</nowiki> //<color #ccc>(</color><color #282>+206</color><color #ccc>,</color><color #f00>-33</color><color #ccc>)</color>//\\
 => ''[[https://git.kernel.org/cgit/linux/kernel/git/rostedt/trace-cmd.git/commit/?id=95167468538f80a8829c71c814184337106d33b1|9516746]]'' **<nowiki>trace-cmd:</nowiki>** <nowiki>Add --profile to report</nowiki> //<color #ccc>(</color><color #282>+1.1K</color><color #ccc>,</color><color #f00>-2</color><color #ccc>)</color>//\\
 => ''[[https://git.kernel.org/cgit/linux/kernel/git/rostedt/trace-cmd.git/commit/?id=48f4e10dbf504f830f117d6b5733eb535b7c4086|48f4e10]]'' **<nowiki>trace-cmd:</nowiki>** <nowiki>Update the man pages for the --profile options</nowiki> //<color #ccc>(</color><color #282>+90</color><color #ccc>)</color>//\\
 => ''[[https://git.kernel.org/cgit/linux/kernel/git/rostedt/trace-cmd.git/commit/?id=4f28279c3e2f2cd3dc1fb836ace0ff245498fe0e|4f28279]]'' **<nowiki>trace-cmd:</nowiki>** <nowiki>Add trace-cmd stream</nowiki> //<color #ccc>(</color><color #282>+541</color><color #ccc>,</color><color #f00>-73</color><color #ccc>)</color>//\\
 => ''[[https://git.kernel.org/cgit/linux/kernel/git/rostedt/trace-cmd.git/commit/?id=4d7237668ba4cc4a06f65db08fcb16c2a7144715|4d72376]]'' **<nowiki>trace-cmd:</nowiki>** <nowiki>Add trace-cmd profile</nowiki> //<color #ccc>(</color><color #282>+168</color><color #ccc>,</color><color #f00>-27</color><color #ccc>)</color>//\\
 => ''[[https://git.kernel.org/cgit/linux/kernel/git/rostedt/trace-cmd.git/commit/?id=ccba2fa362eb43e072ddfd282da127c84bbabd66|ccba2fa]]'' **<nowiki>trace-cmd:</nowiki>** <nowiki>Remove lost profile start items when events are lost</nowiki> //<color #ccc>(</color><color #282>+54</color><color #ccc>,</color><color #f00>-7</color><color #ccc>)</color>//\\
 => + //98 more...//\\
''[[https://git.lede-project.org/?p=source.git;a=commitdiff;h=de8e032385a1cb4d8aa7ff1a72af9c2a2c6a1391|de8e032]]'' **<nowiki>kmod-sched-cake:</nowiki>** <nowiki>update to 161002 version</nowiki> //<color #ccc>(</color><color #282>+3</color><color #ccc>,</color><color #f00>-2</color><color #ccc>)</color>//\\
''[[https://git.lede-project.org/?p=source.git;a=commitdiff;h=4ef1144958eefbfe8e74f571b3e8188a174e6a24|4ef1144]]'' **<nowiki>iproute2:</nowiki>** <nowiki>tc cake qdisc add nat, docsis & ptm modes</nowiki> //<color #ccc>(</color><color #282>+57</color><color #ccc>,</color><color #f00>-13</color><color #ccc>)</color>//\\
''[[https://git.lede-project.org/?p=source.git;a=commitdiff;h=73c87a3cad3c77d581e46ef9707d175a0651351f|73c87a3]]'' **<nowiki>hostapd:</nowiki>** <nowiki>make -mesh and -p2p variants depend on the cfg80211 symbol</nowiki> //<color #ccc>(</color><color #282>+3</color><color #ccc>,</color><color #f00>-3</color><color #ccc>)</color>//\\
''[[https://git.lede-project.org/?p=source.git;a=commitdiff;h=9edfe7dd13d973b2d0c754d79dabdeebaeb13d49|9edfe7d]]'' **<nowiki>source:</nowiki>** <nowiki>Switch to xz for packages and tools where possible</nowiki> //<color #ccc>(</color><color #282>+96</color><color #ccc>,</color><color #f00>-71</color><color #ccc>)</color>//\\
''[[https://git.lede-project.org/?p=source.git;a=commitdiff;h=4379bcb1b4b73fb8487a14bec9554a17d4726e35|4379bcb]]'' **<nowiki>package/devel/binutils:</nowiki>** <nowiki>Update to 2.27</nowiki> //<color #ccc>(</color><color #282>+2</color><color #ccc>,</color><color #f00>-2</color><color #ccc>)</color>//\\
''[[https://git.lede-project.org/?p=source.git;a=commitdiff;h=d42521fa07a83b386bf95e06d69d5206bcde6878|d42521f]]'' **<nowiki>gettext:</nowiki>** <nowiki>fix whitespace</nowiki> //<color #ccc>(</color><color #282>+1</color><color #ccc>,</color><color #f00>-1</color><color #ccc>)</color>//\\
''[[https://git.lede-project.org/?p=source.git;a=commitdiff;h=f14b3705deca7f9f2ed1e3f7dbb5d5d7ff0ba9d1|f14b370]]'' **<nowiki>gettext-full:</nowiki>** <nowiki>update to 0.19.8.1</nowiki> //<color #ccc>(</color><color #282>+20</color><color #ccc>,</color><color #f00>-10</color><color #ccc>)</color>//\\
''[[https://git.lede-project.org/?p=source.git;a=commitdiff;h=c5e48abcc6c09d5f2d55c63985a769c74d245a08|c5e48ab]]'' **<nowiki>mbedtls:</nowiki>** <nowiki>enable NIST curves optimisation.</nowiki> //<color #ccc>(</color><color #f00>-9</color><color #ccc>)</color>//\\
''[[https://git.lede-project.org/?p=source.git;a=commitdiff;h=c66658441b78736e5537c10ed2b380b8aa568d24|c666584]]'' **<nowiki>mtd:</nowiki>** <nowiki>fix up error messages</nowiki> //<color #ccc>(</color><color #282>+2</color><color #ccc>,</color><color #f00>-2</color><color #ccc>)</color>//\\
''[[https://git.lede-project.org/?p=source.git;a=commitdiff;h=eb16168dc71565601c447db36777d2d8fc344e12|eb16168]]'' **<nowiki>usbutils:</nowiki>** <nowiki>Switch to xz tarball, update db to 2016-07-21</nowiki> //<color #ccc>(</color><color #282>+6</color><color #ccc>,</color><color #f00>-6</color><color #ccc>)</color>//\\
''[[https://git.lede-project.org/?p=source.git;a=commitdiff;h=87002c0646a0cb594228962408537b9c51969a09|87002c0]]'' **<nowiki>package/network/utils/ipset:</nowiki>** <nowiki>Update to 6.29</nowiki> //<color #ccc>(</color><color #282>+2</color><color #ccc>,</color><color #f00>-2</color><color #ccc>)</color>//\\
''[[https://git.lede-project.org/?p=source.git;a=commitdiff;h=3a136f5c56ffad0c9fac0f85f3bf2dcd54b6edc8|3a136f5]]'' **<nowiki>packages/network/utils/wpan-tools:</nowiki>** <nowiki>Update to 0.7</nowiki> //<color #ccc>(</color><color #282>+3</color><color #ccc>,</color><color #f00>-3</color><color #ccc>)</color>//\\
''[[https://git.lede-project.org/?p=source.git;a=commitdiff;h=d41e54fb02d20435c77b0b682e7aee26ed16d10e|d41e54f]]'' **<nowiki>package/libs/libmnl:</nowiki>** <nowiki>Update to 1.0.4</nowiki> //<color #ccc>(</color><color #282>+3</color><color #ccc>,</color><color #f00>-419</color><color #ccc>)</color>//\\
''[[https://git.lede-project.org/?p=source.git;a=commitdiff;h=913609a9b1209054086477e86e9b548b8a42365f|913609a]]'' **<nowiki>package/libs/libnl:</nowiki>** <nowiki>Update to 3.2.28</nowiki> //<color #ccc>(</color><color #282>+3</color><color #ccc>,</color><color #f00>-16</color><color #ccc>)</color>//\\
''[[https://git.lede-project.org/?p=source.git;a=commitdiff;h=f23a44173e7115856bf4bce9a9f44d195b6dac5d|f23a441]]'' **<nowiki>package/libs/nettle:</nowiki>** <nowiki>Update to 3.3</nowiki> //<color #ccc>(</color><color #282>+2</color><color #ccc>,</color><color #f00>-2</color><color #ccc>)</color>//\\
''[[https://git.lede-project.org/?p=source.git;a=commitdiff;h=1d7af1a296b56552320746117c334a050abc4fcd|1d7af1a]]'' **<nowiki>package/libs/libtool:</nowiki>** <nowiki>Switch to xz tarball</nowiki> //<color #ccc>(</color><color #282>+2</color><color #ccc>,</color><color #f00>-2</color><color #ccc>)</color>//\\
''[[https://git.lede-project.org/?p=source.git;a=commitdiff;h=49ee771e6b82ba1f7fdf661d1e7b358e35493054|49ee771]]'' **<nowiki>package/network/services/lldpd:</nowiki>** <nowiki>Update to 0.9.5</nowiki> //<color #ccc>(</color><color #282>+2</color><color #ccc>,</color><color #f00>-2</color><color #ccc>)</color>//\\
''[[https://git.lede-project.org/?p=source.git;a=commitdiff;h=6e5de6e07b21e73294f6a745ae63f51f96baf595|6e5de6e]]'' **<nowiki>package/libs/libnftnl:</nowiki>** <nowiki>Update to 1.0.6</nowiki> //<color #ccc>(</color><color #282>+3</color><color #ccc>,</color><color #f00>-3</color><color #ccc>)</color>//\\
''[[https://git.lede-project.org/?p=source.git;a=commitdiff;h=192bf087d4c87b6d550290bff6841d1975e0c71b|192bf08]]'' **<nowiki>package/utils/e2fsprogs:</nowiki>** <nowiki>Update to 1.43.3</nowiki> //<color #ccc>(</color><color #282>+3</color><color #ccc>,</color><color #f00>-3</color><color #ccc>)</color>//\\
''[[https://git.lede-project.org/?p=source.git;a=commitdiff;h=9e87d6bdc88f3e5250014ba68971f3f4c54bc446|9e87d6b]]'' **<nowiki>package/libs/libconfig:</nowiki>** <nowiki>Update to 1.5</nowiki> //<color #ccc>(</color><color #282>+2</color><color #ccc>,</color><color #f00>-2</color><color #ccc>)</color>//\\
''[[https://git.lede-project.org/?p=source.git;a=commitdiff;h=195d2de867a65218ee49cc1049f4391f6b968b70|195d2de]]'' **<nowiki>package/libs/libreadline:</nowiki>** <nowiki>Update to 7.0</nowiki> //<color #ccc>(</color><color #282>+4</color><color #ccc>,</color><color #f00>-4</color><color #ccc>)</color>//\\
''[[https://git.lede-project.org/?p=source.git;a=commitdiff;h=8a2a20e71e2909f84dab47e51dfda9e292a6c1ae|8a2a20e]]'' **<nowiki>ltq-ptm:</nowiki>** <nowiki>Support 1508-byte MTU for RFC4638</nowiki> //<color #ccc>(</color><color #282>+22</color><color #ccc>,</color><color #f00>-2</color><color #ccc>)</color>//\\
''[[https://git.lede-project.org/?p=source.git;a=commitdiff;h=02d5f9477be31d2ca27d4e9f4d2d19f964c40c7c|02d5f94]]'' **<nowiki>busybox:</nowiki>** <nowiki>prevent globbing, word splitting</nowiki> //<color #ccc>(</color><color #282>+2</color><color #ccc>,</color><color #f00>-2</color><color #ccc>)</color>//\\
''[[https://git.lede-project.org/?p=source.git;a=commitdiff;h=58cf9a2476e75b40e7e300d5f833e65f82875409|58cf9a2]]'' **<nowiki>network/services/hostapd:</nowiki>** <nowiki>move whole files outside of patches and drop Build/...</nowiki> //<color #ccc>(</color><color #282>+631</color><color #ccc>,</color><color #f00>-640</color><color #ccc>)</color>//\\
''[[https://git.lede-project.org/?p=source.git;a=commitdiff;h=ab20b679f603877ecd4a8f99a9a7aa809cdea14e|ab20b67]]'' **<nowiki>libs/libnl-tiny:</nowiki>** <nowiki>drop Build/Prepare rule in favor of default one</nowiki> //<color #ccc>(</color><color #f00>-5</color><color #ccc>)</color>//\\
''[[https://git.lede-project.org/?p=source.git;a=commitdiff;h=832cd7ceb5aa49a2d729b3824285c2f02cc93a1a|832cd7c]]'' **<nowiki>libs/libiconv:</nowiki>** <nowiki>drop Build/Prepare rule in favor of default one</nowiki> //<color #ccc>(</color><color #f00>-5</color><color #ccc>)</color>//\\
''[[https://git.lede-project.org/?p=source.git;a=commitdiff;h=9270ef06c61cec9305529b6fe6c71e0d77c731d6|9270ef0]]'' **<nowiki>utils/fbtest:</nowiki>** <nowiki>drop Build/Prepare rule in favor of default one</nowiki> //<color #ccc>(</color><color #f00>-5</color><color #ccc>)</color>//\\
''[[https://git.lede-project.org/?p=source.git;a=commitdiff;h=4786484afd3359357bf3ff95de67f1331be1a82f|4786484]]'' **<nowiki>utils/nvram:</nowiki>** <nowiki>drop Build/Prepare rule in favor of default one</nowiki> //<color #ccc>(</color><color #f00>-5</color><color #ccc>)</color>//\\
''[[https://git.lede-project.org/?p=source.git;a=commitdiff;h=8df2122cdd9fd9a1cf9859d023957c3115bd492a|8df2122]]'' **<nowiki>utils/oseama:</nowiki>** <nowiki>drop Build/Prepare rule in favor of default one</nowiki> //<color #ccc>(</color><color #f00>-5</color><color #ccc>)</color>//\\
''[[https://git.lede-project.org/?p=source.git;a=commitdiff;h=d679afa37da2115aaea2cc1fbcd3a785872d9ed1|d679afa]]'' **<nowiki>utils/px5g-standalone:</nowiki>** <nowiki>drop Build/Prepare rule in favor of default one</nowiki> //<color #ccc>(</color><color #f00>-5</color><color #ccc>)</color>//\\
''[[https://git.lede-project.org/?p=source.git;a=commitdiff;h=2b0b5824ef40f3cffd07ee557914b70fc353c3cc|2b0b582]]'' **<nowiki>utils/usbreset:</nowiki>** <nowiki>drop Build/Prepare rule in favor of default one</nowiki> //<color #ccc>(</color><color #f00>-5</color><color #ccc>)</color>//\\
''[[https://git.lede-project.org/?p=source.git;a=commitdiff;h=ce2c6e5d24af3a238e45289099f5b5c70b15f7d1|ce2c6e5]]'' **<nowiki>utils/otrx:</nowiki>** <nowiki>drop Build/Prepare rule in favor of default one</nowiki> //<color #ccc>(</color><color #f00>-5</color><color #ccc>)</color>//\\
''[[https://git.lede-project.org/?p=source.git;a=commitdiff;h=9f2ce12fffb24e066f7409e62289a62b0a313f63|9f2ce12]]'' **<nowiki>utils/spidev_test:</nowiki>** <nowiki>drop Build/Prepare rule in favor of default one</nowiki> //<color #ccc>(</color><color #f00>-4</color><color #ccc>)</color>//\\
''[[https://git.lede-project.org/?p=source.git;a=commitdiff;h=fb789c4821cfbfee6e09657679eed4ac69225caf|fb789c4]]'' **<nowiki>libs/gettext:</nowiki>** <nowiki>drop Build/Prepare rule in favor of default one</nowiki> //<color #ccc>(</color><color #f00>-5</color><color #ccc>)</color>//\\
''[[https://git.lede-project.org/?p=source.git;a=commitdiff;h=8ecf7443a42d96234bf1241ae3a8315057c8fa9e|8ecf744]]'' **<nowiki>system/mtd:</nowiki>** <nowiki>drop Build/Prepare rule in favor of default one</nowiki> //<color #ccc>(</color><color #f00>-5</color><color #ccc>)</color>//\\
''[[https://git.lede-project.org/?p=source.git;a=commitdiff;h=598722956b74a4d9039a1e99c5d51533400cd275|5987229]]'' **<nowiki>network/services/ead:</nowiki>** <nowiki>drop Build/Prepare rule in favor of default one</nowiki> //<color #ccc>(</color><color #f00>-5</color><color #ccc>)</color>//\\
''[[https://git.lede-project.org/?p=source.git;a=commitdiff;h=3f8598feaffda79477912f663639f7f4e20ca431|3f8598f]]'' **<nowiki>network/utils/iwcap:</nowiki>** <nowiki>drop Build/Prepare rule in favor of default one</nowiki> //<color #ccc>(</color><color #f00>-5</color><color #ccc>)</color>//\\
''[[https://git.lede-project.org/?p=source.git;a=commitdiff;h=964f8bc4e53830d849f37ee01bf48040d8bf280f|964f8bc]]'' **<nowiki>network/utils/owipcalc:</nowiki>** <nowiki>drop Build/Prepare rule in favor of default one</nowiki> //<color #ccc>(</color><color #f00>-6</color><color #ccc>)</color>//\\
''[[https://git.lede-project.org/?p=source.git;a=commitdiff;h=808a618bc49f932ed1e59e5ac55d9c1371b1746c|808a618]]'' **<nowiki>network/utils/resolveip:</nowiki>** <nowiki>drop Build/Prepare rule in favor of default one</nowiki> //<color #ccc>(</color><color #f00>-5</color><color #ccc>)</color>//\\
''[[https://git.lede-project.org/?p=source.git;a=commitdiff;h=0af93f8f30b35129389d90bb6669dab8d4ef8b6f|0af93f8]]'' **<nowiki>network/utils/rssileds:</nowiki>** <nowiki>drop Build/Prepare rule in favor of default one</nowiki> //<color #ccc>(</color><color #f00>-5</color><color #ccc>)</color>//\\
''[[https://git.lede-project.org/?p=source.git;a=commitdiff;h=a24442c4f3cf3477abf2ef0962972631409b89ac|a24442c]]'' **<nowiki>network/utils/maccalc:</nowiki>** <nowiki>drop Build/Prepare rule in favor of default one</nowiki> //<color #ccc>(</color><color #f00>-5</color><color #ccc>)</color>//\\
''[[https://git.lede-project.org/?p=source.git;a=commitdiff;h=9f5770b81f0c8a35d39ec47c856fc011ee5c50d3|9f5770b]]'' **<nowiki>kernel/avila-wdt:</nowiki>** <nowiki>drop Build/Prepare rule in favor of default one</nowiki> //<color #ccc>(</color><color #f00>-5</color><color #ccc>)</color>//\\
''[[https://git.lede-project.org/?p=source.git;a=commitdiff;h=4f9c6c52350e38bbe87e9c7f303fbbb5b8a6c4c6|4f9c6c5]]'' **<nowiki>kernel/button-hotplug:</nowiki>** <nowiki>drop Build/Prepare rule in favor of default one</nowiki> //<color #ccc>(</color><color #f00>-5</color><color #ccc>)</color>//\\
''[[https://git.lede-project.org/?p=source.git;a=commitdiff;h=a1236a30a05b0eeaf3b52ad73b21ec2b8e0fedc1|a1236a3]]'' **<nowiki>kernel/gpio-button-hotplug:</nowiki>** <nowiki>drop Build/Prepare rule in favor of default one</nowiki> //<color #ccc>(</color><color #f00>-5</color><color #ccc>)</color>//\\
''[[https://git.lede-project.org/?p=source.git;a=commitdiff;h=f56f749d304442103f4c81f9463f9a5cd33f73d3|f56f749]]'' **<nowiki>kernel/i2c-gpio-custom:</nowiki>** <nowiki>drop Build/Prepare rule in favor of default one</nowiki> //<color #ccc>(</color><color #f00>-5</color><color #ccc>)</color>//\\
''[[https://git.lede-project.org/?p=source.git;a=commitdiff;h=28502a928c63cd94928877132c547df087eb2b75|28502a9]]'' **<nowiki>kernel/lantiq/ltq-*:</nowiki>** <nowiki>drop Build/Prepare rule in favor of default one</nowiki> //<color #ccc>(</color><color #f00>-25</color><color #ccc>)</color>//\\
''[[https://git.lede-project.org/?p=source.git;a=commitdiff;h=ca599bb2a780766f1c09d1b158fd88191925e673|ca599bb]]'' **<nowiki>kernel/rotary-gpio-custom:</nowiki>** <nowiki>drop Build/Prepare rule in favor of default one</nowiki> //<color #ccc>(</color><color #f00>-5</color><color #ccc>)</color>//\\
''[[https://git.lede-project.org/?p=source.git;a=commitdiff;h=7b3ba5a3a94c10ee31e179065e31ae4374401230|7b3ba5a]]'' **<nowiki>kernel/rtc-rv5c386a:</nowiki>** <nowiki>drop Build/Prepare rule in favor of default one</nowiki> //<color #ccc>(</color><color #f00>-5</color><color #ccc>)</color>//\\
''[[https://git.lede-project.org/?p=source.git;a=commitdiff;h=9168abe8b5f43d2afa16e9c45f768a9165dfbd0d|9168abe]]'' **<nowiki>kernel/spi-gpio-custom:</nowiki>** <nowiki>drop Build/Prepare rule in favor of default one</nowiki> //<color #ccc>(</color><color #f00>-5</color><color #ccc>)</color>//\\
''[[https://git.lede-project.org/?p=source.git;a=commitdiff;h=e09ff19752f1fd96b03088072394e5103c9b6707|e09ff19]]'' **<nowiki>kernel/trelay:</nowiki>** <nowiki>drop Build/Prepare rule in favor of default one</nowiki> //<color #ccc>(</color><color #f00>-5</color><color #ccc>)</color>//\\
''[[https://git.lede-project.org/?p=source.git;a=commitdiff;h=8fe09409dac5764d37c3d9f9832c95bff810abe4|8fe0940]]'' **<nowiki>kernel/w1-gpio-custom:</nowiki>** <nowiki>drop Build/Prepare rule in favor of default one</nowiki> //<color #ccc>(</color><color #f00>-5</color><color #ccc>)</color>//\\
''[[https://git.lede-project.org/?p=source.git;a=commitdiff;h=ba7cba95f253081af45c59015a5dd6f11f94af5c|ba7cba9]]'' **<nowiki>kernel/wrt55agv2-spidevs:</nowiki>** <nowiki>drop Build/Prepare rule in favor of default one</nowiki> //<color #ccc>(</color><color #f00>-5</color><color #ccc>)</color>//\\
''[[https://git.lede-project.org/?p=source.git;a=commitdiff;h=18bb1c939115b9a8c5cf71d86feb1acc839afca8|18bb1c9]]'' **<nowiki>ltq-adsl-mei:</nowiki>** <nowiki>fix build error</nowiki> //<color #ccc>(</color><color #f00>-13</color><color #ccc>)</color>//\\
''[[https://git.lede-project.org/?p=source.git;a=commitdiff;h=859d30d5211be15666ebf2f0dc780f89409fa28f|859d30d]]'' **<nowiki>busybox:</nowiki>** <nowiki>update to version 1.25.1</nowiki> //<color #ccc>(</color><color #282>+5</color><color #ccc>,</color><color #f00>-80</color><color #ccc>)</color>//\\
''[[https://git.lede-project.org/?p=source.git;a=commitdiff;h=39f8e46bb40df9c7074132b7132ed3f01bd1b815|39f8e46]]'' **<nowiki>busybox:</nowiki>** <nowiki>add upstream patch to fix send_to_from</nowiki> //<color #ccc>(</color><color #282>+38</color><color #ccc>,</color><color #f00>-1</color><color #ccc>)</color>//\\
''[[https://git.lede-project.org/?p=source.git;a=commitdiff;h=be7f2abb60db79a7430576d45e20339c56e88c05|be7f2ab]]'' **<nowiki>iperf:</nowiki>** <nowiki>used an updated renamed tarball instead of main upstream URL</nowiki> //<color #ccc>(</color><color #282>+8</color><color #ccc>,</color><color #f00>-3</color><color #ccc>)</color>//\\
''[[https://git.lede-project.org/?p=source.git;a=commitdiff;h=5c96200dabe9190bc69ee0380ebbf0de4e0810f5|5c96200]]'' **<nowiki>xfsprogs:</nowiki>** <nowiki>install path consistent with fs tools</nowiki> //<color #ccc>(</color><color #282>+7</color><color #ccc>,</color><color #f00>-7</color><color #ccc>)</color>//\\
''[[https://git.lede-project.org/?p=source.git;a=commitdiff;h=70af3bfd57a67805c1f34a584492e5754fee8497|70af3bf]]'' **<nowiki>libreadline:</nowiki>** <nowiki>set ABI_VERSION to force rebuild of dependent packages</nowiki> //<color #ccc>(</color><color #282>+1</color><color #ccc>)</color>//\\
''[[https://git.lede-project.org/?p=source.git;a=commitdiff;h=66d604d4a8941c41abda818dcd2942ff4ee8461a|66d604d]]'' **<nowiki>busybox:</nowiki>** <nowiki>adjust download mirror</nowiki> //<color #ccc>(</color><color #282>+2</color><color #ccc>,</color><color #f00>-2</color><color #ccc>)</color>//\\
''[[https://git.lede-project.org/?p=source.git;a=commitdiff;h=5da412bf802f902bfa227157c457e41daa4558f8|5da412b]]'' **<nowiki>mwlwifi:</nowiki>** <nowiki>upgrade to 10.3.2.0-20161013</nowiki> //<color #ccc>(</color><color #282>+3</color><color #ccc>,</color><color #f00>-2</color><color #ccc>)</color>//\\
''[[https://git.lede-project.org/?p=source.git;a=commitdiff;h=da1b33fc4dcab8453b70b4ee87e7b46a34c99acb|da1b33f]]'' **<nowiki>package/system/mtd:</nowiki>** <nowiki>fix usage message</nowiki> //<color #ccc>(</color><color #282>+1</color><color #ccc>,</color><color #f00>-1</color><color #ccc>)</color>//\\
''[[https://git.lede-project.org/?p=source.git;a=commitdiff;h=c560d25d19bd5a9412a4672cacf2a9f2ed601897|c560d25]]'' **<nowiki>comgt:</nowiki>** <nowiki>add metric, defaultroute and peerdns options for ncm protocol</nowiki> //<color #ccc>(</color><color #282>+5</color><color #ccc>,</color><color #f00>-2</color><color #ccc>)</color>//\\
''[[https://git.lede-project.org/?p=source.git;a=commitdiff;h=72eb2b8e22b92839b2e5bb0db86eb8be27790a72|72eb2b8]]'' **<nowiki>comgt:</nowiki>** <nowiki>add metric, defaultroute and peerdns options for directip protocol</nowiki> //<color #ccc>(</color><color #282>+5</color><color #ccc>,</color><color #f00>-2</color><color #ccc>)</color>//\\
''[[https://git.lede-project.org/?p=source.git;a=commitdiff;h=91b518512d197257b2e1a4d482e8bfe8ffbbc20c|91b5185]]'' **<nowiki>strace:</nowiki>** <nowiki>Update to 4.14</nowiki> //<color #ccc>(</color><color #282>+2</color><color #ccc>,</color><color #f00>-2</color><color #ccc>)</color>//\\
''[[https://git.lede-project.org/?p=source.git;a=commitdiff;h=7fa89d7f3c9f1d620c01e769b86bc19177881938|7fa89d7]]'' **<nowiki>px5g:</nowiki>** <nowiki>move to Encryption submenu</nowiki> //<color #ccc>(</color><color #282>+1</color><color #ccc>)</color>//\\
''[[https://git.lede-project.org/?p=source.git;a=commitdiff;h=9275964e1d5978756e8df699eb2b505ebfc859f6|9275964]]'' **<nowiki>px5g-standalone:</nowiki>** <nowiki>move to Encryption submenu and fix Title</nowiki> //<color #ccc>(</color><color #282>+2</color><color #ccc>,</color><color #f00>-1</color><color #ccc>)</color>//\\
''[[https://git.lede-project.org/?p=source.git;a=commitdiff;h=86c6b07e15b25d1f6dbb7c0b1ef428c5c4c05395|86c6b07]]'' **<nowiki>wwan:</nowiki>** <nowiki>rename data files</nowiki> //<color #ccc>(</color><color #282>+10</color><color #ccc>)</color>//\\
''[[https://git.lede-project.org/?p=source.git;a=commitdiff;h=a35f9bbc43c3da06eed042f80dc09e8c1da681b4|a35f9bb]]'' **<nowiki>dnsmasq:</nowiki>** <nowiki>Multiple dnsmasq instances support</nowiki> //<color #ccc>(</color><color #282>+270</color><color #ccc>,</color><color #f00>-185</color><color #ccc>)</color>//\\
''[[https://git.lede-project.org/?p=source.git;a=commitdiff;h=dec29082e0d3d9aed4815e969641bd155b799b42|dec2908]]'' **<nowiki>mtd:</nowiki>** <nowiki>fix endianness detection on musl</nowiki> //<color #ccc>(</color><color #282>+2</color><color #ccc>)</color>//\\
''[[https://git.lede-project.org/?p=source.git;a=commitdiff;h=9dfed03c35ca06afd7aa38b8584c74e06d12c516|9dfed03]]'' **<nowiki>mtd:</nowiki>** <nowiki>add fixwrgg command</nowiki> //<color #ccc>(</color><color #282>+239</color><color #ccc>,</color><color #f00>-3</color><color #ccc>)</color>//\\
''[[https://git.lede-project.org/?p=source.git;a=commitdiff;h=a8b9fbee243e10b5a20aba3121d05510bc558ded|a8b9fbe]]'' **<nowiki>util-linux:</nowiki>** <nowiki>disc -> Disc and moved some packages</nowiki> //<color #ccc>(</color><color #282>+11</color><color #ccc>,</color><color #f00>-11</color><color #ccc>)</color>//\\
''[[https://git.lede-project.org/?p=source.git;a=commitdiff;h=dc8605b7f7d81d663dc57af591b6e81efcb70386|dc8605b]]'' **<nowiki>package/network/utils/ipset:</nowiki>** <nowiki>Update to 6.30</nowiki> //<color #ccc>(</color><color #282>+2</color><color #ccc>,</color><color #f00>-2</color><color #ccc>)</color>//\\
''[[https://git.lede-project.org/?p=source.git;a=commitdiff;h=0ec48b883c5a0e9f8df5dbcbc63d1b1a0fa9eb18|0ec48b8]]'' **<nowiki>openvpn:</nowiki>** <nowiki>add handling for capath and cafile</nowiki> //<color #ccc>(</color><color #282>+1</color><color #ccc>,</color><color #f00>-1</color><color #ccc>)</color>//\\
''[[https://git.lede-project.org/?p=source.git;a=commitdiff;h=1e3c4f763c5fd3c70ff3b5c511b1774d3ac3d67d|1e3c4f7]]'' **<nowiki>openvpn:</nowiki>** <nowiki>cacert does not exist</nowiki> //<color #ccc>(</color><color #282>+2</color><color #ccc>,</color><color #f00>-2</color><color #ccc>)</color>//\\
''[[https://git.lede-project.org/?p=source.git;a=commitdiff;h=909f0630663d7ae1471c76154516e3299992a150|909f063]]'' **<nowiki>lldpd:</nowiki>** <nowiki>fix reload function for when interfaces change</nowiki> //<color #ccc>(</color><color #282>+44</color><color #ccc>,</color><color #f00>-20</color><color #ccc>)</color>//\\
''[[https://git.lede-project.org/?p=source.git;a=commitdiff;h=b7fadb12b76a471d66dfd3266ad0af2177914057|b7fadb1]]'' **<nowiki>lldpd:</nowiki>** <nowiki>freeze execution of lldpd during reload</nowiki> //<color #ccc>(</color><color #282>+5</color><color #ccc>,</color><color #f00>-1</color><color #ccc>)</color>//\\
''[[https://git.lede-project.org/?p=source.git;a=commitdiff;h=6797a10fa198727022fe5b9581b416ebfe97ea1f|6797a10]]'' <nowiki>hostapd support for VLANs through a file in addition to Radius.</nowiki> //<color #ccc>(</color><color #282>+25</color><color #ccc>,</color><color #f00>-18</color><color #ccc>)</color>//\\
''[[https://git.lede-project.org/?p=source.git;a=commitdiff;h=12f0d5402c69b991f00a956ee084aa087a90fadb|12f0d54]]'' **<nowiki>hostapd:</nowiki>** <nowiki>properly package wpa-supplicant-mesh</nowiki> //<color #ccc>(</color><color #282>+2</color><color #ccc>,</color><color #f00>-1</color><color #ccc>)</color>//\\
''[[https://git.lede-project.org/?p=source.git;a=commitdiff;h=29367aac42d6e6d2863d9186cce776c18a0cad63|29367aa]]'' **<nowiki>lantiq:</nowiki>** <nowiki>ltq-vmmc add support for ar9-vr9</nowiki> //<color #ccc>(</color><color #282>+247</color><color #ccc>)</color>//\\
''[[https://git.lede-project.org/?p=source.git;a=commitdiff;h=04cf9443c542fe202fb3a04fb0d46c582d5102c2|04cf944]]'' **<nowiki>lantiq:</nowiki>** <nowiki>fix vmmc build</nowiki> //<color #ccc>(</color><color #282>+18</color><color #ccc>,</color><color #f00>-5</color><color #ccc>)</color>//\\
''[[https://git.lede-project.org/?p=source.git;a=commitdiff;h=8c08ccc93769730412a85ab7bc4d7096fbcc981b|8c08ccc]]'' **<nowiki>lantiq:</nowiki>** <nowiki>added xrx200 as plattform for ltqtapi</nowiki> //<color #ccc>(</color><color #282>+1</color><color #ccc>,</color><color #f00>-1</color><color #ccc>)</color>//\\
''[[https://git.lede-project.org/?p=source.git;a=commitdiff;h=a7672fa5b462361fb194a5d51d98142683719598|a7672fa]]'' **<nowiki>lantiq:</nowiki>** <nowiki>added xrx200 as plattform for ltqvmmc</nowiki> //<color #ccc>(</color><color #282>+1</color><color #ccc>,</color><color #f00>-1</color><color #ccc>)</color>//\\
''[[https://git.lede-project.org/?p=source.git;a=commitdiff;h=eb10b13f16bfebdbda5c473c55c0520b8992b6da|eb10b13]]'' **<nowiki>iproute2:</nowiki>** <nowiki>rename ip to ip-tiny and let both ip-tiny and ip-full provide "ip"</nowiki> //<color #ccc>(</color><color #282>+7</color><color #ccc>,</color><color #f00>-6</color><color #ccc>)</color>//\\
''[[https://git.lede-project.org/?p=source.git;a=commitdiff;h=df1804b75cd81743dd9e1bd9fa0c9df37a1afbee|df1804b]]'' **<nowiki>dnsmasq:</nowiki>** <nowiki>support log-dhcp option</nowiki> //<color #ccc>(</color><color #282>+1</color><color #ccc>)</color>//\\
''[[https://git.lede-project.org/?p=source.git;a=commitdiff;h=5e35b4562fb73aaa1c75a3404fed2efb6afe03f8|5e35b45]]'' <nowiki>base-files, mac80211, broadcom-wl: use uci to populate wireless config</nowiki> //<color #ccc>(</color><color #282>+37</color><color #ccc>,</color><color #f00>-42</color><color #ccc>)</color>//\\
''[[https://git.lede-project.org/?p=source.git;a=commitdiff;h=5f8f8a366136a07df661e31decce2458357c167a|5f8f8a3]]'' <nowiki>base-files, mac80211, broadcom-wl: wifi detection and configuration</nowiki> //<color #ccc>(</color><color #282>+19</color><color #ccc>,</color><color #f00>-6</color><color #ccc>)</color>//\\
''[[https://git.lede-project.org/?p=source.git;a=commitdiff;h=e2fd98793e60306a06427a9374e893d380373ef1|e2fd987]]'' **<nowiki>elfutils:</nowiki>** <nowiki>bump to 0.167</nowiki> //<color #ccc>(</color><color #282>+16</color><color #ccc>,</color><color #f00>-134</color><color #ccc>)</color>//\\
''[[https://git.lede-project.org/?p=source.git;a=commitdiff;h=862e7fb7b31fa0fffeeecd51dd852fce91db2b47|862e7fb]]'' **<nowiki>gcom:</nowiki>** <nowiki>Fix  'mode' option for ncm</nowiki> //<color #ccc>(</color><color #282>+1</color><color #ccc>,</color><color #f00>-1</color><color #ccc>)</color>//\\
''[[https://git.lede-project.org/?p=source.git;a=commitdiff;h=7ee661def6da779917ef405e04eb7eb4230ebb0a|7ee661d]]'' **<nowiki>ca-certificates:</nowiki>** <nowiki>update to version 20161102</nowiki> //<color #ccc>(</color><color #282>+2</color><color #ccc>,</color><color #f00>-2</color><color #ccc>)</color>//\\
''[[https://git.lede-project.org/?p=source.git;a=commitdiff;h=e4fef72244cfd63b813d44652c09e79d43938b81|e4fef72]]'' **<nowiki>comgt:</nowiki>** <nowiki>move to WWAN submenu, fixed link</nowiki> //<color #ccc>(</color><color #282>+4</color><color #ccc>,</color><color #f00>-3</color><color #ccc>)</color>//\\
''[[https://git.lede-project.org/?p=source.git;a=commitdiff;h=2cb4b267bd4f2dfcdee34dda1a1e4f71ee0ddd7e|2cb4b26]]'' **<nowiki>mdadm:</nowiki>** <nowiki>move to Disc submenu</nowiki> //<color #ccc>(</color><color #282>+1</color><color #ccc>)</color>//\\
''[[https://git.lede-project.org/?p=source.git;a=commitdiff;h=a50243ea1f1fe28239a57283ef3a5ec6e8577dfb|a50243e]]'' **<nowiki>dnsmasq:</nowiki>** <nowiki>Support add-mac option</nowiki> //<color #ccc>(</color><color #282>+7</color><color #ccc>,</color><color #f00>-1</color><color #ccc>)</color>//\\
''[[https://git.lede-project.org/?p=source.git;a=commitdiff;h=9c91335dc7ff39847d5ae949edf77cdb29cd6176|9c91335]]'' **<nowiki>iperf3:</nowiki>** <nowiki>update to version 3.1.4</nowiki> //<color #ccc>(</color><color #282>+2</color><color #ccc>,</color><color #f00>-2</color><color #ccc>)</color>//\\
''[[https://git.lede-project.org/?p=source.git;a=commitdiff;h=7305b55588d698fa1496828a6cccfe729700eb59|7305b55]]'' **<nowiki>iw:</nowiki>** <nowiki>update to version 4.7</nowiki> //<color #ccc>(</color><color #282>+48</color><color #ccc>,</color><color #f00>-634</color><color #ccc>)</color>//\\
''[[https://git.lede-project.org/?p=source.git;a=commitdiff;h=7aff00ab199de8cf60e47994e0e6b4bbba321470|7aff00a]]'' **<nowiki>iw:</nowiki>** <nowiki>update to version 4.9</nowiki> //<color #ccc>(</color><color #282>+24</color><color #ccc>,</color><color #f00>-88</color><color #ccc>)</color>//\\
''[[https://git.lede-project.org/?p=source.git;a=commitdiff;h=fc93494066c43d7cf77219a633c805cc9e984b67|fc93494]]'' **<nowiki>iw:</nowiki>** <nowiki>fix build error caused by redeclaration of NL80211_ATTR_PAD</nowiki> //<color #ccc>(</color><color #282>+2</color><color #ccc>,</color><color #f00>-6</color><color #ccc>)</color>//\\
''[[https://git.lede-project.org/?p=source.git;a=commitdiff;h=00e0a7d6009b615c395ee103085f4a6fec106f8e|00e0a7d]]'' **<nowiki>nettle:</nowiki>** <nowiki>enable fat build</nowiki> //<color #ccc>(</color><color #282>+1</color><color #ccc>)</color>//\\
''[[https://git.lede-project.org/?p=source.git;a=commitdiff;h=32f8b36d590bfb5dc32dc95b0c080e40c92d1d9f|32f8b36]]'' **<nowiki>libnetfilter-conntrack:</nowiki>** <nowiki>update to v1.0.6</nowiki> //<color #ccc>(</color><color #282>+2</color><color #ccc>,</color><color #f00>-2</color><color #ccc>)</color>//\\
''[[https://git.lede-project.org/?p=source.git;a=commitdiff;h=dc7c9f590a6295fad83b43e00f9b3301f5f06611|dc7c9f5]]'' **<nowiki>conntrack-tools:</nowiki>** <nowiki>update to v1.4.4</nowiki> //<color #ccc>(</color><color #282>+2</color><color #ccc>,</color><color #f00>-6</color><color #ccc>)</color>//\\
''[[https://git.lede-project.org/?p=source.git;a=commitdiff;h=32cfd3bd50bda0a8cf5cc322e0a34cc172abda7c|32cfd3b]]'' **<nowiki>arptables:</nowiki>** <nowiki>bump to 2015-05-20</nowiki> //<color #ccc>(</color><color #282>+13</color><color #ccc>,</color><color #f00>-64</color><color #ccc>)</color>//\\
''[[https://git.lede-project.org/?p=source.git;a=commitdiff;h=1531c9d3404a787b8a8babd5776bd7acf887ea11|1531c9d]]'' **<nowiki>package/devel/trace-cmd:</nowiki>** <nowiki>Add mirror</nowiki> //<color #ccc>(</color><color #282>+3</color><color #ccc>,</color><color #f00>-1</color><color #ccc>)</color>//\\
''[[https://git.lede-project.org/?p=source.git;a=commitdiff;h=4649a929019ca67a290448523afa8d793d92b68a|4649a92]]'' **<nowiki>lantiq:</nowiki>** <nowiki>disable VMMC_COEF for non FALCON device</nowiki> //<color #ccc>(</color><color #282>+1</color><color #ccc>,</color><color #f00>-1</color><color #ccc>)</color>//\\
''[[https://git.lede-project.org/?p=source.git;a=commitdiff;h=c437a671525d4fa01f69e57effee76da09d6761f|c437a67]]'' **<nowiki>devel/strace:</nowiki>** <nowiki>fix build only on powerpc arch</nowiki> //<color #ccc>(</color><color #282>+19</color><color #ccc>)</color>//\\
''[[https://git.lede-project.org/?p=source.git;a=commitdiff;h=c18bf14dab89d31f92350e7f1b63b7b8cce6d909|c18bf14]]'' **<nowiki>hostapd:</nowiki>** <nowiki>fix PKG_CONFIG_DEPENDS for CONFIG_WPA_SUPPLICANT_*</nowiki> //<color #ccc>(</color><color #282>+1</color><color #ccc>,</color><color #f00>-1</color><color #ccc>)</color>//\\
''[[https://git.lede-project.org/?p=source.git;a=commitdiff;h=d723f2573af3a575c7a1c579bfdd4700d43ee798|d723f25]]'' **<nowiki>libnl-tiny:</nowiki>** <nowiki>remove include/linux overrides to fix various build issues</nowiki> //<color #ccc>(</color><color #f00>-506</color><color #ccc>)</color>//\\
''[[https://git.lede-project.org/?p=source.git;a=commitdiff;h=1c6fd8c1ee9d07bee558ccaa0703bfab6d8c125f|1c6fd8c]]'' **<nowiki>osafeloader:</nowiki>** <nowiki>new util for extracting partitions from SafeLoader</nowiki> //<color #ccc>(</color><color #282>+649</color><color #ccc>)</color>//\\
''[[https://git.lede-project.org/?p=source.git;a=commitdiff;h=929641fa1fb23942581f64e6fa75ba87ba6111af|929641f]]'' **<nowiki>fwtool:</nowiki>** <nowiki>add utility for appending and extracting firmware metadata/signatures</nowiki> //<color #ccc>(</color><color #282>+693</color><color #ccc>)</color>//\\
''[[https://git.lede-project.org/?p=source.git;a=commitdiff;h=a74394be00f5b3f9d71f4d04c9e2ce6ea47a46b4|a74394b]]'' **<nowiki>openvpn:</nowiki>** <nowiki>update to 2.3.13</nowiki> //<color #ccc>(</color><color #282>+2</color><color #ccc>,</color><color #f00>-2</color><color #ccc>)</color>//\\
''[[https://git.lede-project.org/?p=source.git;a=commitdiff;h=a58f176ef2367f000a60a5ce477beb3cbdedf82e|a58f176]]'' **<nowiki>opkg:</nowiki>** <nowiki>set PKG_UPGRADE also when running scripts for the old package</nowiki> //<color #ccc>(</color><color #282>+16</color><color #ccc>,</color><color #f00>-15</color><color #ccc>)</color>//\\
''[[https://git.lede-project.org/?p=source.git;a=commitdiff;h=88a14bfd1da55bbddf5a86b3c452f1d8b1c46a60|88a14bf]]'' **<nowiki>opkg:</nowiki>** <nowiki>run prerm scripts for the old version also on upgrade</nowiki> //<color #ccc>(</color><color #282>+74</color><color #ccc>,</color><color #f00>-1</color><color #ccc>)</color>//\\
''[[https://git.lede-project.org/?p=source.git;a=commitdiff;h=4081333084a4e52a125f678e905dbbcccb9e4bd0|4081333]]'' **<nowiki>package/utils/fuse:</nowiki>** <nowiki>update to 2.9.7</nowiki> //<color #ccc>(</color><color #282>+5</color><color #ccc>,</color><color #f00>-74</color><color #ccc>)</color>//\\
''[[https://git.lede-project.org/?p=source.git;a=commitdiff;h=a9dce48b22171c4764dbf6a0006df4efb4aa2d86|a9dce48]]'' **<nowiki>libnl-tiny:</nowiki>** <nowiki>Remove GENL_ID_GENERATE</nowiki> //<color #ccc>(</color><color #282>+1</color><color #ccc>,</color><color #f00>-1</color><color #ccc>)</color>//\\
''[[https://git.lede-project.org/?p=source.git;a=commitdiff;h=04a76da1aea059c638b166e5433a13d0951fb2bd|04a76da]]'' **<nowiki>ipset:</nowiki>** <nowiki>Add InstallDev to provide libipset as library</nowiki> //<color #ccc>(</color><color #282>+8</color><color #ccc>,</color><color #f00>-1</color><color #ccc>)</color>//\\
''[[https://git.lede-project.org/?p=source.git;a=commitdiff;h=d561b2f5ce2e5f8d388103804ecfa8586bcbcf0e|d561b2f]]'' **<nowiki>gpio-button-hotplug:</nowiki>** <nowiki>add more buttons</nowiki> //<color #ccc>(</color><color #282>+24</color><color #ccc>,</color><color #f00>-15</color><color #ccc>)</color>//\\
''[[https://git.lede-project.org/?p=source.git;a=commitdiff;h=57d36e5bdd23ab405ab12a69c7ea3617b675f66c|57d36e5]]'' **<nowiki>ltq-hcd:</nowiki>** <nowiki>drop package</nowiki> //<color #ccc>(</color><color #f00>-21.4K</color><color #ccc>)</color>//\\
''[[https://git.lede-project.org/?p=source.git;a=commitdiff;h=e8fe83e1be80c7877a898495e6fc5bbbf0dcce74|e8fe83e]]'' **<nowiki>iw:</nowiki>** <nowiki>drop TX power patch that is part of upstream version now</nowiki> //<color #ccc>(</color><color #f00>-30</color><color #ccc>)</color>//\\
''[[https://git.lede-project.org/?p=source.git;a=commitdiff;h=f2010b0929f09a83f54c260ba7006325118ad95a|f2010b0]]'' **<nowiki>rtc-rv5c386a:</nowiki>** <nowiki>fix include path for bcm47xx_nvram.h</nowiki> //<color #ccc>(</color><color #282>+1</color><color #ccc>,</color><color #f00>-1</color><color #ccc>)</color>//\\
''[[https://git.lede-project.org/?p=source.git;a=commitdiff;h=4596f9b5ac4278d544040b2b3fc9ec5fce3d2b10|4596f9b]]'' **<nowiki>e2fsprogs:</nowiki>** <nowiki>avoid picking up incompatible libcom_err.so</nowiki> //<color #ccc>(</color><color #282>+2</color><color #ccc>,</color><color #f00>-2</color><color #ccc>)</color>//\\
''[[https://git.lede-project.org/?p=source.git;a=commitdiff;h=4d448cf7203ffdd0762086adf36b99f603917f41|4d448cf]]'' **<nowiki>xtables-addons:</nowiki>** <nowiki>add CONFIG_NF_CONNTRACK_MARK=y to all kmod-* packages</nowiki> //<color #ccc>(</color><color #282>+2</color><color #ccc>,</color><color #f00>-2</color><color #ccc>)</color>//\\
''[[https://git.lede-project.org/?p=source.git;a=commitdiff;h=280fdac18fc1a4e0aa88698a5f7b055bf3f76934|280fdac]]'' **<nowiki>polarssl:</nowiki>** <nowiki>update to version 1.3.18</nowiki> //<color #ccc>(</color><color #282>+17</color><color #ccc>,</color><color #f00>-17</color><color #ccc>)</color>//\\
''[[https://git.lede-project.org/?p=source.git;a=commitdiff;h=99ea26883bfc011a50902ec567fdb8d9f8b2f1ae|99ea268]]'' **<nowiki>mbedtls:</nowiki>** <nowiki>update to version 2.4.0</nowiki> //<color #ccc>(</color><color #282>+25</color><color #ccc>,</color><color #f00>-46</color><color #ccc>)</color>//\\
''[[https://git.lede-project.org/?p=source.git;a=commitdiff;h=4e07167eff3992150c6c2f414a0f3a88d5c42013|4e07167]]'' **<nowiki>curl:</nowiki>** <nowiki>update to version 7.51.0</nowiki> //<color #ccc>(</color><color #282>+6</color><color #ccc>,</color><color #f00>-6</color><color #ccc>)</color>//\\
''[[https://git.lede-project.org/?p=source.git;a=commitdiff;h=7e6c53dac985d39737107edc187d7b7039a42ad0|7e6c53d]]'' **<nowiki>valgrind:</nowiki>** <nowiki>update to 3.12.0</nowiki> //<color #ccc>(</color><color #282>+8</color><color #ccc>,</color><color #f00>-101</color><color #ccc>)</color>//\\
''[[https://git.lede-project.org/?p=source.git;a=commitdiff;h=abedd718aa99193d17f37b281ca3f2452c1bcc23|abedd71]]'' **<nowiki>cyassl:</nowiki>** <nowiki>update to wolfssl version 3.9.10</nowiki> //<color #ccc>(</color><color #282>+2</color><color #ccc>,</color><color #f00>-2</color><color #ccc>)</color>//\\
''[[https://git.lede-project.org/?p=source.git;a=commitdiff;h=898857f77af3815a7fb64eb35be1898c52b2e32d|898857f]]'' **<nowiki>ppp:</nowiki>** <nowiki>Split the ppp-up for the IPv6 part</nowiki> //<color #ccc>(</color><color #282>+29</color><color #ccc>,</color><color #f00>-12</color><color #ccc>)</color>//\\
''[[https://git.lede-project.org/?p=source.git;a=commitdiff;h=8cb476c8531f7bae1bcaa96124cc5fb66bab71f6|8cb476c]]'' **<nowiki>libs:</nowiki>** <nowiki>libnetfilter-queue: update to a newer version in git repo</nowiki> //<color #ccc>(</color><color #282>+36</color><color #ccc>,</color><color #f00>-34</color><color #ccc>)</color>//\\
''[[https://git.lede-project.org/?p=source.git;a=commitdiff;h=4257f6548b9480cdb436115b63d5c134c5e91303|4257f65]]'' **<nowiki>brcm2708-gpu-fw:</nowiki>** <nowiki>update to latest version</nowiki> //<color #ccc>(</color><color #282>+8</color><color #ccc>,</color><color #f00>-8</color><color #ccc>)</color>//\\
''[[https://git.lede-project.org/?p=source.git;a=commitdiff;h=854459a2f923376e0e509ebc0fb8ff90e9f13c02|854459a]]'' **<nowiki>dnsmasq:</nowiki>** <nowiki>reload config if host name is modified</nowiki> //<color #ccc>(</color><color #282>+2</color><color #ccc>,</color><color #f00>-1</color><color #ccc>)</color>//\\
''[[https://git.lede-project.org/?p=source.git;a=commitdiff;h=4fbd3aa278903bfc74341aafaeef86ff98e82e09|4fbd3aa]]'' **<nowiki>dnsmasq:</nowiki>** <nowiki>Fix splitting hostid for DHCPv6 static leases</nowiki> //<color #ccc>(</color><color #282>+1</color><color #ccc>,</color><color #f00>-1</color><color #ccc>)</color>//\\
''[[https://git.lede-project.org/?p=source.git;a=commitdiff;h=6ae71708c9ced26961f73286d794e1aafedd6c52|6ae7170]]'' **<nowiki>ca-certificates:</nowiki>** <nowiki>update to version 20161130</nowiki> //<color #ccc>(</color><color #282>+2</color><color #ccc>,</color><color #f00>-2</color><color #ccc>)</color>//\\
''[[https://git.lede-project.org/?p=source.git;a=commitdiff;h=4b8c69258e5ff10178638f0503e59175e452a3df|4b8c692]]'' **<nowiki>mbedtls:</nowiki>** <nowiki>enable MBEDTLS_DHM_C</nowiki> //<color #ccc>(</color><color #282>+1</color><color #ccc>,</color><color #f00>-10</color><color #ccc>)</color>//\\
''[[https://git.lede-project.org/?p=source.git;a=commitdiff;h=a456dd96e7d2131cac1e7c2cca5e124d43d50f13|a456dd9]]'' **<nowiki>openvpn:</nowiki>** <nowiki>quote parameters to --push in openvpn config file</nowiki> //<color #ccc>(</color><color #282>+2</color><color #ccc>,</color><color #f00>-1</color><color #ccc>)</color>//\\
''[[https://git.lede-project.org/?p=source.git;a=commitdiff;h=732c24a0cac4293b058c99ff7867fd13a2670eca|732c24a]]'' **<nowiki>mbedtls:</nowiki>** <nowiki>sync with polarssl config</nowiki> //<color #ccc>(</color><color #282>+80</color><color #ccc>,</color><color #f00>-9</color><color #ccc>)</color>//\\
''[[https://git.lede-project.org/?p=source.git;a=commitdiff;h=64590f3c7ec8873ab976c795841571217b79a67c|64590f3]]'' **<nowiki>mbedtls:</nowiki>** <nowiki>tune config to reduce size and improve performance</nowiki> //<color #ccc>(</color><color #282>+43</color><color #ccc>,</color><color #f00>-5</color><color #ccc>)</color>//\\
''[[https://git.lede-project.org/?p=source.git;a=commitdiff;h=a4a00d794fe4cab37ad4da1421fcb5f9e8a6af4e|a4a00d7]]'' **<nowiki>net/utils/tcpdump:</nowiki>** <nowiki>update to 4.8.1</nowiki> //<color #ccc>(</color><color #282>+700</color><color #ccc>,</color><color #f00>-576</color><color #ccc>)</color>//\\
''[[https://git.lede-project.org/?p=source.git;a=commitdiff;h=b9ddf3098baf8a569af2d3255f03f0dc415cbfe1|b9ddf30]]'' **<nowiki>tcpdump:</nowiki>** <nowiki>reduce size of -mini by removing more infrequently used protocols</nowiki> //<color #ccc>(</color><color #282>+25</color><color #ccc>,</color><color #f00>-23</color><color #ccc>)</color>//\\
''[[https://git.lede-project.org/?p=source.git;a=commitdiff;h=1f0ff783f032660ca4f5993a24ff64306f41fd3a|1f0ff78]]'' **<nowiki>kmod-sched-cake:</nowiki>** <nowiki>update & restore DSCP washing</nowiki> //<color #ccc>(</color><color #282>+4</color><color #ccc>,</color><color #f00>-4</color><color #ccc>)</color>//\\
''[[https://git.lede-project.org/?p=source.git;a=commitdiff;h=88f8c8d7eb0fa4a45126f8a5631979cd91453c41|88f8c8d]]'' **<nowiki>iproute2:</nowiki>** <nowiki>support latest cake & restore DSCP washing</nowiki> //<color #ccc>(</color><color #282>+75</color><color #ccc>,</color><color #f00>-55</color><color #ccc>)</color>//\\
''[[https://git.lede-project.org/?p=source.git;a=commitdiff;h=942904f7b9363f231a9623d7d5501ae0cc7184d2|942904f]]'' **<nowiki>dnsmasq:</nowiki>** <nowiki>Specify directory /tmp/hosts as argument for --addn-hosts</nowiki> //<color #ccc>(</color><color #282>+2</color><color #ccc>,</color><color #f00>-2</color><color #ccc>)</color>//\\
''[[https://git.lede-project.org/?p=source.git;a=commitdiff;h=e2f8d200f598c67534c6292d732f7927b3609473|e2f8d20]]'' **<nowiki>netfilter:</nowiki>** <nowiki>drop proprietary xt_id match</nowiki> //<color #ccc>(</color><color #282>+1</color><color #ccc>,</color><color #f00>-356</color><color #ccc>)</color>//\\
''[[https://git.lede-project.org/?p=source.git;a=commitdiff;h=866b7bad00833ed2be9bf571b68c6d5e8034bc12|866b7ba]]'' **<nowiki>dropbear:</nowiki>** <nowiki>clean up default PATH handling in makefile</nowiki> //<color #ccc>(</color><color #282>+2</color><color #ccc>,</color><color #f00>-14</color><color #ccc>)</color>//\\
''[[https://git.lede-project.org/?p=source.git;a=commitdiff;h=5bd3b9dfc04cce9a630539a0db090f65775996f5|5bd3b9d]]'' **<nowiki>comgt-ncm:</nowiki>** <nowiki>Add support for specifying profile index</nowiki> //<color #ccc>(</color><color #282>+51</color><color #ccc>,</color><color #f00>-56</color><color #ccc>)</color>//\\
''[[https://git.lede-project.org/?p=source.git;a=commitdiff;h=4297f4f9014f8b2596cdfc38fe086e8c0653ffba|4297f4f]]'' **<nowiki>libs/libpcap:</nowiki>** <nowiki>update to 1.8.1</nowiki> //<color #ccc>(</color><color #282>+81</color><color #ccc>,</color><color #f00>-202</color><color #ccc>)</color>//\\
''[[https://git.lede-project.org/?p=source.git;a=commitdiff;h=e175a4d4f1b4dde21ae953d7a32e2b6882831417|e175a4d]]'' **<nowiki>ppp:</nowiki>** <nowiki>use --gc-sections to save a tiny bit of space</nowiki> //<color #ccc>(</color><color #282>+3</color><color #ccc>)</color>//\\
''[[https://git.lede-project.org/?p=source.git;a=commitdiff;h=93227e4d3fb81332f1dcb6eaa158ddf914ca67a6|93227e4]]'' **<nowiki>dnsmasq:</nowiki>** <nowiki>fix service reload</nowiki> //<color #ccc>(</color><color #282>+1</color><color #ccc>,</color><color #f00>-2</color><color #ccc>)</color>//\\
''[[https://git.lede-project.org/?p=source.git;a=commitdiff;h=720b99215da295a2e7b4acdef30b58bec6acedc2|720b992]]'' **<nowiki>treewide:</nowiki>** <nowiki>clean up download hashes</nowiki> //<color #ccc>(</color><color #282>+300</color><color #ccc>,</color><color #f00>-283</color><color #ccc>)</color>//\\
''[[https://git.lede-project.org/?p=source.git;a=commitdiff;h=dea6baf8fa193f494acb1811b573e52886213a0d|dea6baf]]'' **<nowiki>usbutils:</nowiki>** <nowiki>fix download filename</nowiki> //<color #ccc>(</color><color #282>+6</color><color #ccc>,</color><color #f00>-7</color><color #ccc>)</color>//\\
''[[https://git.lede-project.org/?p=source.git;a=commitdiff;h=cf62a177103293b651482fb20447384f3c478d23|cf62a17]]'' **<nowiki>hostapd:</nowiki>** <nowiki>remove never-used Package/<name>/Description</nowiki> //<color #ccc>(</color><color #282>+1</color><color #ccc>,</color><color #f00>-21</color><color #ccc>)</color>//\\
''[[https://git.lede-project.org/?p=source.git;a=commitdiff;h=13ab314b0b4a8106c8325f5bdf1232b6896f637f|13ab314]]'' **<nowiki>comgt:</nowiki>** <nowiki>add support of using device symlinks.</nowiki> //<color #ccc>(</color><color #282>+5</color><color #ccc>)</color>//\\
''[[https://git.lede-project.org/?p=source.git;a=commitdiff;h=6a902108a8da710f5359db82bd8295eed571f0de|6a90210]]'' **<nowiki>libs/ncurses:</nowiki>** <nowiki>update to 6.0</nowiki> //<color #ccc>(</color><color #282>+32</color><color #ccc>,</color><color #f00>-116</color><color #ccc>)</color>//\\
''[[https://git.lede-project.org/?p=source.git;a=commitdiff;h=15734b023b7e04d12d258ea28bfb5e6e735f10b7|15734b0]]'' **<nowiki>libs/cyassl:</nowiki>** <nowiki>Enable multithreading, drop stunnel</nowiki> //<color #ccc>(</color><color #282>+1</color><color #ccc>,</color><color #f00>-3</color><color #ccc>)</color>//\\
''[[https://git.lede-project.org/?p=source.git;a=commitdiff;h=197b11f325971fa883c1f69880d188cc3e8d9605|197b11f]]'' **<nowiki>iproute2:</nowiki>** <nowiki>tc - update cake support</nowiki> //<color #ccc>(</color><color #282>+13</color><color #ccc>,</color><color #f00>-11</color><color #ccc>)</color>//\\
''[[https://git.lede-project.org/?p=source.git;a=commitdiff;h=4e1f7ad56e280da6ddd2c5a98c79b0d679f260fc|4e1f7ad]]'' **<nowiki>kmod-sched-cake:</nowiki>** <nowiki>diffserv3 & change defaults</nowiki> //<color #ccc>(</color><color #282>+3</color><color #ccc>,</color><color #f00>-3</color><color #ccc>)</color>//\\
''[[https://git.lede-project.org/?p=source.git;a=commitdiff;h=3c1f20d0bb390f911c3da3334c6d94c19609c8c4|3c1f20d]]'' **<nowiki>libnl-tiny:</nowiki>** <nowiki>define _GNU_SOURCE if not defined</nowiki> //<color #ccc>(</color><color #282>+2</color><color #ccc>)</color>//\\
''[[https://git.lede-project.org/?p=source.git;a=commitdiff;h=cbca3ae92e28432cc311ef11b3b94b894f7e60de|cbca3ae]]'' **<nowiki>libs/cyassl:</nowiki>** <nowiki>re-enable the stunnel flag</nowiki> //<color #ccc>(</color><color #282>+3</color><color #ccc>,</color><color #f00>-1</color><color #ccc>)</color>//\\
''[[https://git.lede-project.org/?p=source.git;a=commitdiff;h=f628d0e0e9adc5cf86a7d611e0d7c63cf6818188|f628d0e]]'' **<nowiki>hostapd:</nowiki>** <nowiki>update to version 2016-12-15</nowiki> //<color #ccc>(</color><color #282>+110</color><color #ccc>,</color><color #f00>-169</color><color #ccc>)</color>//\\
 => ''[[https://w1.fi/cgit/hostap/commit/?id=711e3cab0756623335af83599253971c468f0545|711e3ca]]'' <nowiki>Handle NULL return from os_zalloc() in sta_track_add()</nowiki> //<color #ccc>(</color><color #282>+2</color><color #ccc>)</color>//\\
 => ''[[https://w1.fi/cgit/hostap/commit/?id=a62dea4156910d85ebe42767f68eb2bc97d43245|a62dea4]]'' <nowiki>Fix mistakes in definition of QCA vendor commands for indoor location</nowiki> //<color #ccc>(</color><color #282>+3</color><color #ccc>,</color><color #f00>-2</color><color #ccc>)</color>//\\
 => ''[[https://w1.fi/cgit/hostap/commit/?id=c7f9d4482552118b391f6d9e5d6969f8b9d1fe2f|c7f9d44]]'' **<nowiki>FST:</nowiki>** <nowiki>Fix search for peer's "other" connection</nowiki> //<color #ccc>(</color><color #282>+175</color><color #ccc>,</color><color #f00>-115</color><color #ccc>)</color>//\\
 => ''[[https://w1.fi/cgit/hostap/commit/?id=4ef3325fb64de4792179034b0e05d2171f5eff23|4ef3325]]'' **<nowiki>tests:</nowiki>** <nowiki>Dynamic Interworking element update</nowiki> //<color #ccc>(</color><color #282>+30</color><color #ccc>)</color>//\\
 => ''[[https://w1.fi/cgit/hostap/commit/?id=660103eca9321af45c54f973c99714d583979f9e|660103e]]'' **<nowiki>nl80211:</nowiki>** <nowiki>Use the monitor interface only without device_ap_sme support</nowiki> //<color #ccc>(</color><color #282>+2</color><color #ccc>,</color><color #f00>-19</color><color #ccc>)</color>//\\
 => ''[[https://w1.fi/cgit/hostap/commit/?id=205d2d1ff5f224e21634e25fe2decc911fb1be45|205d2d1]]'' <nowiki>Fix typos in wpa_supplicant configuration parameter documentation</nowiki> //<color #ccc>(</color><color #282>+12</color><color #ccc>,</color><color #f00>-12</color><color #ccc>)</color>//\\
 => ''[[https://w1.fi/cgit/hostap/commit/?id=ea19b39f60b60494e17171aae5556cca2addff47|ea19b39]]'' <nowiki>Revert "nl80211: Remove duplicated check in nl80211_setup_ap()"</nowiki> //<color #ccc>(</color><color #282>+2</color><color #ccc>,</color><color #f00>-1</color><color #ccc>)</color>//\\
 => ''[[https://w1.fi/cgit/hostap/commit/?id=67a0d4f94ecebbf72ed20310684192f7aa51f13a|67a0d4f]]'' **<nowiki>tests:</nowiki>** <nowiki>Increase connection timeouts for remote tests</nowiki> //<color #ccc>(</color><color #282>+6</color><color #ccc>,</color><color #f00>-2</color><color #ccc>)</color>//\\
 => ''[[https://w1.fi/cgit/hostap/commit/?id=c7ca843d05e36f9780b62afa6b45f02af8263534|c7ca843]]'' **<nowiki>tests:</nowiki>** <nowiki>Increase timeout for remote tests</nowiki> //<color #ccc>(</color><color #282>+4</color><color #ccc>,</color><color #f00>-2</color><color #ccc>)</color>//\\
 => ''[[https://w1.fi/cgit/hostap/commit/?id=44a4c52c86bed6ee69b132b1edbd4a619c1efe0e|44a4c52]]'' **<nowiki>tests:</nowiki>** <nowiki>Setup wlantest once for qosmap tests</nowiki> //<color #ccc>(</color><color #282>+3</color><color #ccc>,</color><color #f00>-1</color><color #ccc>)</color>//\\
 => ''[[https://w1.fi/cgit/hostap/commit/?id=81258efacb57940a2a902504aec440dc59664c34|81258ef]]'' <nowiki>Remove unused generation of Request Authenticator in Account-Request</nowiki> //<color #ccc>(</color><color #f00>-5</color><color #ccc>)</color>//\\
 => ''[[https://w1.fi/cgit/hostap/commit/?id=4424aa5d7d1a1624b2a2e0241430da7ee3e80a54|4424aa5]]'' **<nowiki>P2P:</nowiki>** <nowiki>Fix D-Bus persistent parameter in group started event on GO</nowiki> //<color #ccc>(</color><color #282>+1</color><color #ccc>,</color><color #f00>-1</color><color #ccc>)</color>//\\
 => ''[[https://w1.fi/cgit/hostap/commit/?id=5e993390f6ce34b169bf37becb2e5561262ec68f|5e99339]]'' <nowiki>Initialize iface->sta_seen on allocation</nowiki> //<color #ccc>(</color><color #282>+18</color><color #ccc>,</color><color #f00>-4</color><color #ccc>)</color>//\\
 => ''[[https://w1.fi/cgit/hostap/commit/?id=04059ab84458f43dda9130e4fff745b268424b99|04059ab]]'' <nowiki>Passive Client Taxonomy</nowiki> //<color #ccc>(</color><color #282>+391</color><color #ccc>)</color>//\\
 => ''[[https://w1.fi/cgit/hostap/commit/?id=442819406c9ebf9a10a771053af83e855a6efa3d|4428194]]'' **<nowiki>taxonomy:</nowiki>** <nowiki>Store Probe Request frames in hostapd_sta_info</nowiki> //<color #ccc>(</color><color #282>+61</color><color #ccc>,</color><color #f00>-4</color><color #ccc>)</color>//\\
 => ''[[https://w1.fi/cgit/hostap/commit/?id=425cb9533727116b41c1eda3f2e46eab7ee5d86e|425cb95]]'' **<nowiki>tests:</nowiki>** <nowiki>AP tracking STA taxonomy</nowiki> //<color #ccc>(</color><color #282>+105</color><color #ccc>)</color>//\\
 => + //324 more...//\\
''[[https://git.lede-project.org/?p=source.git;a=commitdiff;h=77ece30eb9ff8e580394532f5daea18d26b11d2f|77ece30]]'' **<nowiki>hostapd:</nowiki>** <nowiki>Add ability to specify that that wireless driver supports 802.11ac</nowiki> //<color #ccc>(</color><color #282>+11</color><color #ccc>,</color><color #f00>-1</color><color #ccc>)</color>//\\
''[[https://git.lede-project.org/?p=source.git;a=commitdiff;h=4344eb62bfdbd4579cfadbee887dde051ad10a3a|4344eb6]]'' **<nowiki>mwlwifi:</nowiki>** <nowiki>select 802.11ac support</nowiki> //<color #ccc>(</color><color #282>+1</color><color #ccc>,</color><color #f00>-1</color><color #ccc>)</color>//\\
''[[https://git.lede-project.org/?p=source.git;a=commitdiff;h=e5e98d58f794506b0193eea9dbcdd1ca08b7b873|e5e98d5]]'' **<nowiki>ncurses:</nowiki>** <nowiki>set ABI_VERSION to avoid running into rebuild issues</nowiki> //<color #ccc>(</color><color #282>+1</color><color #ccc>)</color>//\\
''[[https://git.lede-project.org/?p=source.git;a=commitdiff;h=05abcf518d5e2b7d6526fd7a87a88a268030694a|05abcf5]]'' **<nowiki>hostapd:</nowiki>** <nowiki>update to version 2016-12-19</nowiki> //<color #ccc>(</color><color #282>+16</color><color #ccc>,</color><color #f00>-16</color><color #ccc>)</color>//\\
 => ''[[https://w1.fi/cgit/hostap/commit/?id=670d5eba05fb72e2cc8a8415233697cd4dd3fba7|670d5eb]]'' **<nowiki>tests:</nowiki>** <nowiki>Fix FST scanning for non-FST APs</nowiki> //<color #ccc>(</color><color #282>+13</color><color #ccc>,</color><color #f00>-21</color><color #ccc>)</color>//\\
 => ''[[https://w1.fi/cgit/hostap/commit/?id=29062f29322a219f9ff56c073635a83fb149612c|29062f2]]'' <nowiki>Update various definitions based on IEEE Std 802.11-2016</nowiki> //<color #ccc>(</color><color #282>+227</color><color #ccc>,</color><color #f00>-26</color><color #ccc>)</color>//\\
 => ''[[https://w1.fi/cgit/hostap/commit/?id=42b847ac1ed656383f13646db84568fb23cd45c4|42b847a]]'' **<nowiki>FILS:</nowiki>** <nowiki>Fix hashed realm name derivation</nowiki> //<color #ccc>(</color><color #282>+10</color><color #ccc>,</color><color #f00>-10</color><color #ccc>)</color>//\\
 => ''[[https://w1.fi/cgit/hostap/commit/?id=26bf70e3d2af681e1761b0cee00b9ef4c6f37347|26bf70e]]'' **<nowiki>FILS:</nowiki>** <nowiki>Separate FILS realm configuration from ERP domain</nowiki> //<color #ccc>(</color><color #282>+74</color><color #ccc>,</color><color #f00>-4</color><color #ccc>)</color>//\\
 => ''[[https://w1.fi/cgit/hostap/commit/?id=f82bc83264e496cc8eac6f792e4099ed29f199d3|f82bc83]]'' **<nowiki>tests:</nowiki>** <nowiki>Add fils_realm for existing FILS test cases</nowiki> //<color #ccc>(</color><color #282>+4</color><color #ccc>)</color>//\\
 => ''[[https://w1.fi/cgit/hostap/commit/?id=9cad61867983fe1cac26ede43a987d620e8e3fa4|9cad618]]'' **<nowiki>FILS:</nowiki>** <nowiki>Add Realm Information ANQP-element in BSS data</nowiki> //<color #ccc>(</color><color #282>+17</color><color #ccc>)</color>//\\
 => ''[[https://w1.fi/cgit/hostap/commit/?id=8183aee6cceb4781a22a58a0537eb362ddd6ce6e|8183aee]]'' **<nowiki>FILS:</nowiki>** <nowiki>Add support for building FILS Realm Information ANQP-element</nowiki> //<color #ccc>(</color><color #282>+56</color><color #ccc>,</color><color #f00>-6</color><color #ccc>)</color>//\\
 => ''[[https://w1.fi/cgit/hostap/commit/?id=b54f43390e3bfa1ca734b9050dbe79e39f34f407|b54f433]]'' **<nowiki>FILS:</nowiki>** <nowiki>Make FILS Indication element information available in BSS output</nowiki> //<color #ccc>(</color><color #282>+82</color><color #ccc>)</color>//\\
 => ''[[https://w1.fi/cgit/hostap/commit/?id=1a73f53a65cd52d92dc4d0ee8890ed9a6d457505|1a73f53]]'' **<nowiki>tests:</nowiki>** <nowiki>FILS SK and multiple realms</nowiki> //<color #ccc>(</color><color #282>+90</color><color #ccc>)</color>//\\
 => ''[[https://w1.fi/cgit/hostap/commit/?id=1a4b4c84661a4cb1f6f41396bddfa1299f4da911|1a4b4c8]]'' **<nowiki>tests:</nowiki>** <nowiki>Update gas_anqp_capab_list and gas_anqp_extra_elements</nowiki> //<color #ccc>(</color><color #282>+7</color><color #ccc>,</color><color #f00>-5</color><color #ccc>)</color>//\\
 => ''[[https://w1.fi/cgit/hostap/commit/?id=0851a180b9c7c4d0e3d63bdcead6714eea28f121|0851a18]]'' **<nowiki>tests:</nowiki>** <nowiki>Verify hostapd mgmt_tx() success</nowiki> //<color #ccc>(</color><color #282>+2</color><color #ccc>,</color><color #f00>-1</color><color #ccc>)</color>//\\
 => ''[[https://w1.fi/cgit/hostap/commit/?id=bae93012cd52e872323edb0211b23d9cda4ba858|bae9301]]'' **<nowiki>tests:</nowiki>** <nowiki>mac80211 and unknown Action frame rejection in STA mode</nowiki> //<color #ccc>(</color><color #282>+72</color><color #ccc>,</color><color #f00>-1</color><color #ccc>)</color>//\\
 => ''[[https://w1.fi/cgit/hostap/commit/?id=7508c2ad99cef6d0691190063ec7735b7759f836|7508c2a]]'' **<nowiki>PAE:</nowiki>** <nowiki>Make KaY specific details available via control interface</nowiki> //<color #ccc>(</color><color #282>+58</color><color #ccc>)</color>//\\
 => ''[[https://w1.fi/cgit/hostap/commit/?id=dfc7731729be0d0a8e6bf5368d4c77048f6ead1b|dfc7731]]'' **<nowiki>Android:</nowiki>** <nowiki>Add p2p_add_cli_chan=1 option</nowiki> //<color #ccc>(</color><color #282>+1</color><color #ccc>)</color>//\\
 => ''[[https://w1.fi/cgit/hostap/commit/?id=28fb9bb195761303345945d95b3f23716c3c70af|28fb9bb]]'' **<nowiki>PeerKey:</nowiki>** <nowiki>Fix EAPOL-Key processing</nowiki> //<color #ccc>(</color><color #282>+30</color><color #ccc>,</color><color #f00>-23</color><color #ccc>)</color>//\\
 => ''[[https://w1.fi/cgit/hostap/commit/?id=e414f4f021bf8ece07178266c3da7965fbf66c74|e414f4f]]'' **<nowiki>PeerKey:</nowiki>** <nowiki>Fix STK 4-way handshake regression</nowiki> //<color #ccc>(</color><color #282>+5</color><color #ccc>,</color><color #f00>-2</color><color #ccc>)</color>//\\
 => + //7 more...//\\
''[[https://git.lede-project.org/?p=source.git;a=commitdiff;h=83eca5d8b7a316cad264e46b53aca591d6f8ea40|83eca5d]]'' **<nowiki>comgt-ncm:</nowiki>** <nowiki>fix typo Fix typo in ncm.sh. Resolves:</nowiki> //<color #ccc>(</color><color #282>+1</color><color #ccc>,</color><color #f00>-1</color><color #ccc>)</color>//\\
''[[https://git.lede-project.org/?p=source.git;a=commitdiff;h=363c3e68acec79f25deae49d2a8ecc45ec752d78|363c3e6]]'' **<nowiki>adb:</nowiki>** <nowiki>new package "Android Debug Bridge"</nowiki> //<color #ccc>(</color><color #282>+97</color><color #ccc>)</color>//\\
''[[https://git.lede-project.org/?p=source.git;a=commitdiff;h=13592c14541b6dbd9e572b68f30b38fe9788f23f|13592c1]]'' **<nowiki>openvpn:</nowiki>** <nowiki>update to 2.4_rc2</nowiki> //<color #ccc>(</color><color #282>+103</color><color #ccc>,</color><color #f00>-75</color><color #ccc>)</color>//\\
''[[https://git.lede-project.org/?p=source.git;a=commitdiff;h=e6871ab9254fc463e8dcbdc72e2fe87a1fec5c44|e6871ab]]'' **<nowiki>openvpn:</nowiki>** <nowiki>fix disabling DES support in mbedtls</nowiki> //<color #ccc>(</color><color #282>+81</color><color #ccc>)</color>//\\
''[[https://git.lede-project.org/?p=source.git;a=commitdiff;h=2bc747aaead96d3eebc97a9d6c638b8eb44de180|2bc747a]]'' **<nowiki>openvpn:</nowiki>** <nowiki>reduce binary size using --gc-sections on linking</nowiki> //<color #ccc>(</color><color #282>+3</color><color #ccc>)</color>//\\
''[[https://git.lede-project.org/?p=source.git;a=commitdiff;h=600b8240874b4c53e81e66f0e5574fca35464351|600b824]]'' **<nowiki>openvpn:</nowiki>** <nowiki>use conditional dependencies to avoid pulling in unused ssl libraries</nowiki> //<color #ccc>(</color><color #282>+2</color><color #ccc>,</color><color #f00>-2</color><color #ccc>)</color>//\\
''[[https://git.lede-project.org/?p=source.git;a=commitdiff;h=acfb06783500a6364b3e473b6c02d06156829f70|acfb067]]'' **<nowiki>gettext-full:</nowiki>** <nowiki>enforce only static lib on the host build</nowiki> //<color #ccc>(</color><color #282>+2</color><color #ccc>)</color>//\\
''[[https://git.lede-project.org/?p=source.git;a=commitdiff;h=24e58c3f72a94ebf659586eb876b06b59adb2bb2|24e58c3]]'' **<nowiki>mwlwifi:</nowiki>** <nowiki>Update to latest source</nowiki> //<color #ccc>(</color><color #282>+3</color><color #ccc>,</color><color #f00>-3</color><color #ccc>)</color>//\\
 => ''[[https://github.com/kaloz/mwlwifi/commit/fea97aec6f260bf1672f6bc07f418c6fb0f2a7ad|fea97ae]]'' <nowiki>Added hostapd patch file for 160 MHz operation.</nowiki> //<color #ccc>(</color><color #282>+56</color><color #ccc>)</color>//\\
 => ''[[https://github.com/kaloz/mwlwifi/commit/d16f2c6eec0e021a14b4d7160a07809af055d752|d16f2c6]]'' <nowiki>Added information about OpenWrt hostapd package.</nowiki> //<color #ccc>(</color><color #282>+2</color><color #ccc>)</color>//\\
 => ''[[https://github.com/kaloz/mwlwifi/commit/a54a249f925a3579ba5a87c409bcea01fb197e12|a54a249]]'' <nowiki>Update README.md</nowiki> //<color #ccc>(</color><color #282>+2</color><color #ccc>)</color>//\\
 => ''[[https://github.com/kaloz/mwlwifi/commit/22f41dd57bbe66c0181ec7abe62d804e24f2741a|22f41dd]]'' <nowiki>Update README.md</nowiki> //<color #ccc>(</color><color #282>+2</color><color #ccc>)</color>//\\
 => ''[[https://github.com/kaloz/mwlwifi/commit/ab87e57cb3bdf58826d165ad998528c1920220e3|ab87e57]]'' <nowiki>Update README.md</nowiki> //<color #ccc>(</color><color #282>+1</color><color #ccc>,</color><color #f00>-1</color><color #ccc>)</color>//\\
 => ''[[https://github.com/kaloz/mwlwifi/commit/57ecd81fe3d407209b261a98ca7cbfbbed363a75|57ecd81]]'' <nowiki>Added capability "IEEE80211_HT_CAP_DSSSCCK40".</nowiki> //<color #ccc>(</color><color #282>+1</color><color #ccc>)</color>//\\
 => ''[[https://github.com/kaloz/mwlwifi/commit/2aca3db526e7c37725648a13b7dd6b7f1f7049bc|2aca3db]]'' <nowiki>Set antenna number in VHT capability.</nowiki> //<color #ccc>(</color><color #282>+22</color><color #ccc>,</color><color #f00>-3</color><color #ccc>)</color>//\\
 => ''[[https://github.com/kaloz/mwlwifi/commit/ee0d12c3ea794ac4f9af125f5e9607daca9c93f5|ee0d12c]]'' <nowiki>Use IS_ENABLED macro to test for Kconfig symbols.</nowiki> //<color #ccc>(</color><color #282>+4</color><color #ccc>,</color><color #f00>-2</color><color #ccc>)</color>//\\
 => ''[[https://github.com/kaloz/mwlwifi/commit/4eb3797283d8be3e5ab71d16bd106c338a4205a9|4eb3797]]'' <nowiki>Removed unused variable.</nowiki> //<color #ccc>(</color><color #f00>-1</color><color #ccc>)</color>//\\
 => ''[[https://github.com/kaloz/mwlwifi/commit/fd9c21883d8e020a667294ec8e392ebde95f3cde|fd9c218]]'' <nowiki>Avoid data sending to firmware after BA removed.</nowiki> //<color #ccc>(</color><color #282>+1</color><color #ccc>)</color>//\\
 => ''[[https://github.com/kaloz/mwlwifi/commit/fb68d695dca4c77894a914a5d85804dbc7629c28|fb68d69]]'' <nowiki>Change driver version to 10.3.2.0-20161123.</nowiki> //<color #ccc>(</color><color #282>+1</color><color #ccc>,</color><color #f00>-1</color><color #ccc>)</color>//\\
 => ''[[https://github.com/kaloz/mwlwifi/commit/ab05f992f7b7c6dccbebcda371096adfec97b323|ab05f99]]'' <nowiki>Added code to support get_survey() of mac80211.</nowiki> //<color #ccc>(</color><color #282>+39</color><color #ccc>,</color><color #f00>-31</color><color #ccc>)</color>//\\
 => ''[[https://github.com/kaloz/mwlwifi/commit/90e99a735923a92a770afe3d84a2e4b834e010c0|90e99a7]]'' <nowiki>Change driver version to 10.3.2.0-20161123-1.</nowiki> //<color #ccc>(</color><color #282>+1</color><color #ccc>,</color><color #f00>-1</color><color #ccc>)</color>//\\
 => ''[[https://github.com/kaloz/mwlwifi/commit/72cf162d9eeb17bce2ed9e0044084b9db68e0606|72cf162]]'' <nowiki>Modified the way to access MAC register.</nowiki> //<color #ccc>(</color><color #282>+12</color><color #ccc>,</color><color #f00>-2</color><color #ccc>)</color>//\\
 => ''[[https://github.com/kaloz/mwlwifi/commit/0b66cc4eca32529c8bc959e486ae0f25030ed560|0b66cc4]]'' <nowiki>Change driver version to 10.3.2.0-20161124.</nowiki> //<color #ccc>(</color><color #282>+1</color><color #ccc>,</color><color #f00>-1</color><color #ccc>)</color>//\\
 => ''[[https://github.com/kaloz/mwlwifi/commit/d87aca48c7eab8b5400d0084c2c8257e5458eb4f|d87aca4]]'' <nowiki>Update README.md</nowiki> //<color #ccc>(</color><color #282>+2</color><color #ccc>)</color>//\\
 => + //6 more...//\\
''[[https://git.lede-project.org/?p=source.git;a=commitdiff;h=c7c1cf5618b6ca983c20510814b762eeab4937e5|c7c1cf5]]'' **<nowiki>treewide:</nowiki>** <nowiki>clean up and unify PKG_VERSION for git based downloads</nowiki> //<color #ccc>(</color><color #282>+140</color><color #ccc>,</color><color #f00>-284</color><color #ccc>)</color>//\\
''[[https://git.lede-project.org/?p=source.git;a=commitdiff;h=43855793cac861543debcd93b80bec189e0cbc09|4385579]]'' **<nowiki>ncurses:</nowiki>** <nowiki>rename libncursesw to libncurses (more common name)</nowiki> //<color #ccc>(</color><color #282>+4</color><color #ccc>,</color><color #f00>-4</color><color #ccc>)</color>//\\
''[[https://git.lede-project.org/?p=source.git;a=commitdiff;h=08db3e1b859f60cd4668d67f45629e757e8cbfef|08db3e1]]'' **<nowiki>dnsmasq:</nowiki>** <nowiki>add log facility option</nowiki> //<color #ccc>(</color><color #282>+1</color><color #ccc>)</color>//\\
''[[https://git.lede-project.org/?p=source.git;a=commitdiff;h=16725e2db0a4fbf72e05443049df3f0cfa2ad86b|16725e2]]'' **<nowiki>libpcap:</nowiki>** <nowiki>Fix build when PACKAGECONFIG ipv6 is not enabled</nowiki> //<color #ccc>(</color><color #282>+108</color><color #ccc>)</color>//\\
''[[https://git.lede-project.org/?p=source.git;a=commitdiff;h=9c49c937ab74506f70c651d1207948e3943b60fc|9c49c93]]'' **<nowiki>kmod-sched-cake:</nowiki>** <nowiki>do not build on kernel 3.18</nowiki> //<color #ccc>(</color><color #282>+1</color><color #ccc>,</color><color #f00>-1</color><color #ccc>)</color>//\\
''[[https://git.lede-project.org/?p=source.git;a=commitdiff;h=4af4f214926b3e8ebdd1830010ccdc8d0fb6c3ff|4af4f21]]'' **<nowiki>ltq-vmmc:</nowiki>** <nowiki>mark VOICE_CPE_VMMC_PMC as broken</nowiki> //<color #ccc>(</color><color #282>+1</color><color #ccc>)</color>//\\
''[[https://git.lede-project.org/?p=source.git;a=commitdiff;h=94030e86d5ea357f6c541d534c0ee1c8ab714fa5|94030e8]]'' **<nowiki>mwlwifi:</nowiki>** <nowiki>Update to latest source</nowiki> //<color #ccc>(</color><color #282>+3</color><color #ccc>,</color><color #f00>-3</color><color #ccc>)</color>//\\
 => ''[[https://github.com/kaloz/mwlwifi/commit/ccbfc8e329d4ed3090cc370d337f0d5420aacb41|ccbfc8e]]'' <nowiki>Restored the way to access MAC register for 8864.</nowiki> //<color #ccc>(</color><color #282>+18</color><color #ccc>,</color><color #f00>-12</color><color #ccc>)</color>//\\
 => ''[[https://github.com/kaloz/mwlwifi/commit/8edf53517b5e9a79b5a6c9a514db1883fd32c9d5|8edf535]]'' <nowiki>Change driver version to 10.3.2.0-20161222.</nowiki> //<color #ccc>(</color><color #282>+1</color><color #ccc>,</color><color #f00>-1</color><color #ccc>)</color>//\\
''[[https://git.lede-project.org/?p=source.git;a=commitdiff;h=d3489d899a6086d9f601e094037c17625efbbbf2|d3489d8]]'' **<nowiki>opkg:</nowiki>** <nowiki>add missing dependency on libpthread</nowiki> //<color #ccc>(</color><color #282>+1</color><color #ccc>,</color><color #f00>-1</color><color #ccc>)</color>//\\
''[[https://git.lede-project.org/?p=source.git;a=commitdiff;h=e1d1c3189093ebe384953519083f815a420c4a4e|e1d1c31]]'' **<nowiki>opkg:</nowiki>** <nowiki>vfork external gzip command to uncompress data</nowiki> //<color #ccc>(</color><color #282>+746</color><color #ccc>,</color><color #f00>-23</color><color #ccc>)</color>//\\
''[[https://git.lede-project.org/?p=source.git;a=commitdiff;h=ae37f2310baaeb970d1989c0a1ac0a10fa67c1f6|ae37f23]]'' **<nowiki>mbedtls:</nowiki>** <nowiki>enable support for external private RSA keys to fix openvpn build issue</nowiki> //<color #ccc>(</color><color #f00>-9</color><color #ccc>)</color>//\\
''[[https://git.lede-project.org/?p=source.git;a=commitdiff;h=ca963bbf5fc0446c35ea578ec1476b5282c0cd66|ca963bb]]'' **<nowiki>mbedtls:</nowiki>** <nowiki>enable secp384r1 elliptic curve support</nowiki> //<color #ccc>(</color><color #282>+1</color><color #ccc>,</color><color #f00>-2</color><color #ccc>)</color>//\\
''[[https://git.lede-project.org/?p=source.git;a=commitdiff;h=8ed11ebf7ddaa4888ab6f2c3ee6b744372cc9487|8ed11eb]]'' **<nowiki>mbedtls:</nowiki>** <nowiki>enable DHE-RSA key exchange</nowiki> //<color #ccc>(</color><color #f00>-9</color><color #ccc>)</color>//\\
''[[https://git.lede-project.org/?p=source.git;a=commitdiff;h=39d3a4117bde5565cc6c14b0e0f548e6679c8c2b|39d3a41]]'' **<nowiki>openvpn:</nowiki>** <nowiki>update to 2.4.0</nowiki> //<color #ccc>(</color><color #282>+2</color><color #ccc>,</color><color #f00>-2</color><color #ccc>)</color>//\\
''[[https://git.lede-project.org/?p=source.git;a=commitdiff;h=1436e1548881a8e196eeb25c7c807e2c3d65caf1|1436e15]]'' **<nowiki>curl:</nowiki>** <nowiki>update to version 7.52.1</nowiki> //<color #ccc>(</color><color #282>+4</color><color #ccc>,</color><color #f00>-4</color><color #ccc>)</color>//\\
''[[https://git.lede-project.org/?p=source.git;a=commitdiff;h=bb4afdc8bc8f307e98d38f79ac5a6198309855cb|bb4afdc]]'' **<nowiki>libusb:</nowiki>** <nowiki>Update to 1.0.21</nowiki> //<color #ccc>(</color><color #282>+2</color><color #ccc>,</color><color #f00>-2</color><color #ccc>)</color>//\\
''[[https://git.lede-project.org/?p=source.git;a=commitdiff;h=6099f22097dbbf923acd2f319933359a03e06ad5|6099f22]]'' **<nowiki>zlib:</nowiki>** <nowiki>Update to 1.2.9</nowiki> //<color #ccc>(</color><color #282>+3</color><color #ccc>,</color><color #f00>-3</color><color #ccc>)</color>//\\
''[[https://git.lede-project.org/?p=source.git;a=commitdiff;h=0050b39fd498a4643bf2e020062f2516a18122e5|0050b39]]'' **<nowiki>gmp:</nowiki>** <nowiki>Update to 6.1.2</nowiki> //<color #ccc>(</color><color #282>+2</color><color #ccc>,</color><color #f00>-2</color><color #ccc>)</color>//\\
''[[https://git.lede-project.org/?p=source.git;a=commitdiff;h=558680012dd79de0289aeeb74a72163916cd9f33|5586800]]'' **<nowiki>curl:</nowiki>** <nowiki>Remove PolarSSL and adjust default to mbedTLS</nowiki> //<color #ccc>(</color><color #282>+14</color><color #ccc>,</color><color #f00>-30</color><color #ccc>)</color>//\\
''[[https://git.lede-project.org/?p=source.git;a=commitdiff;h=0bb474652e92547156228f389b483cfea96585f5|0bb4746]]'' **<nowiki>elfutils:</nowiki>** <nowiki>bump to 0.168</nowiki> //<color #ccc>(</color><color #282>+183</color><color #ccc>,</color><color #f00>-218</color><color #ccc>)</color>//\\
''[[https://git.lede-project.org/?p=source.git;a=commitdiff;h=bdcffb9bb6bcab19a9e8978039760e4c3202a30e|bdcffb9]]'' **<nowiki>wpa_supplicant:</nowiki>** <nowiki>rework wpa_key_mgmt handling</nowiki> //<color #ccc>(</color><color #282>+9</color><color #ccc>,</color><color #f00>-8</color><color #ccc>)</color>//\\
''[[https://git.lede-project.org/?p=source.git;a=commitdiff;h=30f14f61984591e7481a3fb568ad59dfb6c49ce7|30f14f6]]'' **<nowiki>hostapd:</nowiki>** <nowiki>add function to handle wpa_key_mgmt</nowiki> //<color #ccc>(</color><color #282>+10</color><color #ccc>,</color><color #f00>-9</color><color #ccc>)</color>//\\
''[[https://git.lede-project.org/?p=source.git;a=commitdiff;h=388681fe535c2c40dea7a400ff044a54610a4a2f|388681f]]'' **<nowiki>hostapd:</nowiki>** <nowiki>enable SHA256-based algorithms</nowiki> //<color #ccc>(</color><color #282>+2</color><color #ccc>,</color><color #f00>-2</color><color #ccc>)</color>//\\
''[[https://git.lede-project.org/?p=source.git;a=commitdiff;h=10f91525bc1e823a1142a4402a58e39370bdbd9b|10f9152]]'' **<nowiki>dnsmasq:</nowiki>** <nowiki>add DHCP Unique Identifier for DHCPv6</nowiki> //<color #ccc>(</color><color #282>+2</color><color #ccc>,</color><color #f00>-1</color><color #ccc>)</color>//\\
''[[https://git.lede-project.org/?p=source.git;a=commitdiff;h=84bd74057f0d2543ddbc7de2351b0a310df329c6|84bd740]]'' **<nowiki>build:</nowiki>** <nowiki>use mkhash to replace various quirky md5sum/openssl calls</nowiki> //<color #ccc>(</color><color #282>+28</color><color #ccc>,</color><color #f00>-45</color><color #ccc>)</color>//\\
''[[https://git.lede-project.org/?p=source.git;a=commitdiff;h=06e26363d89788b536e5f2317ec19288c4f6b805|06e2636]]'' **<nowiki>dnsmasq:</nowiki>** <nowiki>clean up white space in dnsmasq.init</nowiki> //<color #ccc>(</color><color #282>+16</color><color #ccc>,</color><color #f00>-16</color><color #ccc>)</color>//\\
''[[https://git.lede-project.org/?p=source.git;a=commitdiff;h=612e2276b4a2f57fcbbe79b95bec4a46e89d748c|612e227]]'' **<nowiki>dnsmasq:</nowiki>** <nowiki>change 'add_local_hostname' to use dnsmasq '--interface-name'</nowiki> //<color #ccc>(</color><color #282>+31</color><color #ccc>,</color><color #f00>-23</color><color #ccc>)</color>//\\
''[[https://git.lede-project.org/?p=source.git;a=commitdiff;h=b7e8de67e07ec506fdcbd4cf1cc32a3c99191c64|b7e8de6]]'' **<nowiki>strace:</nowiki>** <nowiki>update to version 4.15</nowiki> //<color #ccc>(</color><color #282>+3</color><color #ccc>,</color><color #f00>-5</color><color #ccc>)</color>//\\
''[[https://git.lede-project.org/?p=source.git;a=commitdiff;h=186cd4533d9955d0f7b32f64e6c6d785d59073d3|186cd45]]'' **<nowiki>zlib:</nowiki>** <nowiki>update to 1.2.10</nowiki> //<color #ccc>(</color><color #282>+2</color><color #ccc>,</color><color #f00>-2</color><color #ccc>)</color>//\\
''[[https://git.lede-project.org/?p=source.git;a=commitdiff;h=355e15006543864d197fd9bb18bf48b89332f324|355e150]]'' **<nowiki>mbedtls:</nowiki>** <nowiki>re-enable RC4 support (needed by transmission and others)</nowiki> //<color #ccc>(</color><color #f00>-9</color><color #ccc>)</color>//\\
''[[https://git.lede-project.org/?p=source.git;a=commitdiff;h=f0353c5e8ceefee65728b6507229aab791cf6732|f0353c5]]'' **<nowiki>mbedtls:</nowiki>** <nowiki>re-enable CFB support</nowiki> //<color #ccc>(</color><color #f00>-9</color><color #ccc>)</color>//\\
''[[https://git.lede-project.org/?p=source.git;a=commitdiff;h=1cf64e210f3699af57310478179dcc4108825c58|1cf64e2]]'' **<nowiki>px5g:</nowiki>** <nowiki>remove legacy polarssl support</nowiki> //<color #ccc>(</color><color #282>+33</color><color #ccc>,</color><color #f00>-61</color><color #ccc>)</color>//\\
''[[https://git.lede-project.org/?p=source.git;a=commitdiff;h=589a16fdb64dcd32995255be42dd0bb8f05de2d4|589a16f]]'' **<nowiki>px5g:</nowiki>** <nowiki>remove obsolete reference to $(BUILD_VARIANT)</nowiki> //<color #ccc>(</color><color #282>+1</color><color #ccc>,</color><color #f00>-1</color><color #ccc>)</color>//\\
''[[https://git.lede-project.org/?p=source.git;a=commitdiff;h=e9f0b759769bb3d51aae5fa578ce1bde088d72ba|e9f0b75]]'' **<nowiki>cyassl:</nowiki>** <nowiki>update to wolfssl version  3.10.0</nowiki> //<color #ccc>(</color><color #282>+4</color><color #ccc>,</color><color #f00>-3</color><color #ccc>)</color>//\\
''[[https://git.lede-project.org/?p=source.git;a=commitdiff;h=1016a32919334318a929b8a5a30aea062449dc07|1016a32]]'' **<nowiki>usbutils:</nowiki>** <nowiki>Update usb.ids database to 2016.10.13</nowiki> //<color #ccc>(</color><color #282>+4</color><color #ccc>,</color><color #f00>-4</color><color #ccc>)</color>//\\
''[[https://git.lede-project.org/?p=source.git;a=commitdiff;h=dfe93c20ec643f0128b55b18f19f9b52c8d670ec|dfe93c2]]'' **<nowiki>libnl:</nowiki>** <nowiki>Update to 3.2.29</nowiki> //<color #ccc>(</color><color #282>+3</color><color #ccc>,</color><color #f00>-3</color><color #ccc>)</color>//\\
''[[https://git.lede-project.org/?p=source.git;a=commitdiff;h=acd0c8c178cc709fe6ce0bf3c4a77ee249c730e4|acd0c8c]]'' **<nowiki>kernel:</nowiki>** <nowiki>move the gateworks system controller driver to an out-of-tree package</nowiki> //<color #ccc>(</color><color #282>+339</color><color #ccc>,</color><color #f00>-1.0K</color><color #ccc>)</color>//\\
''[[https://git.lede-project.org/?p=source.git;a=commitdiff;h=38de638eae795f8843f84c0351c5f7f7f85b8361|38de638]]'' **<nowiki>mtd-utils:</nowiki>** <nowiki>mark as nonshared</nowiki> //<color #ccc>(</color><color #282>+2</color><color #ccc>)</color>//\\
''[[https://git.lede-project.org/?p=source.git;a=commitdiff;h=046606a05eaece636dae1565fd1445b02a37d940|046606a]]'' **<nowiki>lldpd:</nowiki>** <nowiki>add Net-SNMP AgentX support</nowiki> //<color #ccc>(</color><color #282>+15</color><color #ccc>,</color><color #f00>-2</color><color #ccc>)</color>//\\
''[[https://git.lede-project.org/?p=source.git;a=commitdiff;h=cdcf7265fd7e26f78dfe294c1f1f4a40c2933f69|cdcf726]]'' **<nowiki>lldpd:</nowiki>** <nowiki>take over maintainership</nowiki> //<color #ccc>(</color><color #282>+1</color><color #ccc>,</color><color #f00>-1</color><color #ccc>)</color>//\\
''[[https://git.lede-project.org/?p=source.git;a=commitdiff;h=9cdf852ae09e8b418d9ab5c462b95742dc2f0fc2|9cdf852]]'' **<nowiki>opkg:</nowiki>** <nowiki>drop S/MIME support</nowiki> //<color #ccc>(</color><color #282>+8</color><color #ccc>,</color><color #f00>-126</color><color #ccc>)</color>//\\
''[[https://git.lede-project.org/?p=source.git;a=commitdiff;h=c9dd40f628efd4751d642b5ff84823005152b1e7|c9dd40f]]'' **<nowiki>kernel:</nowiki>** <nowiki>remove gpiommc patches / driver</nowiki> //<color #ccc>(</color><color #f00>-2.9K</color><color #ccc>)</color>//\\
''[[https://git.lede-project.org/?p=source.git;a=commitdiff;h=77beaf2ec91bba0a0202ea63877ed3b399effabf|77beaf2]]'' **<nowiki>package:</nowiki>** <nowiki>replace $(STAGING_DIR)/host with $(STAGING_DIR_HOSTPKG)</nowiki> //<color #ccc>(</color><color #282>+22</color><color #ccc>,</color><color #f00>-22</color><color #ccc>)</color>//\\
''[[https://git.lede-project.org/?p=source.git;a=commitdiff;h=b95494baedbc46d088550e18370e3507af4f732e|b95494b]]'' **<nowiki>gettext-full:</nowiki>** <nowiki>avoid using iconv for host builds</nowiki> //<color #ccc>(</color><color #282>+4</color><color #ccc>,</color><color #f00>-1</color><color #ccc>)</color>//\\
''[[https://git.lede-project.org/?p=source.git;a=commitdiff;h=593240075f8d3074164ffce99ab67a88277f9fb3|5932400]]'' **<nowiki>wpa_supplicant:</nowiki>** <nowiki>Fix mesh encryption config</nowiki> //<color #ccc>(</color><color #282>+4</color><color #ccc>,</color><color #f00>-1</color><color #ccc>)</color>//\\
''[[https://git.lede-project.org/?p=source.git;a=commitdiff;h=15f4fbb7bdb21ff5ff52ecae3fa4140c5ea17187|15f4fbb]]'' **<nowiki>mvebu:</nowiki>** <nowiki>update mwlwifi driver to version 10.3.2.0-20170110</nowiki> //<color #ccc>(</color><color #282>+3</color><color #ccc>,</color><color #f00>-3</color><color #ccc>)</color>//\\
''[[https://git.lede-project.org/?p=source.git;a=commitdiff;h=bd68ddbda46e49515f69765be82ea306297af1fe|bd68ddb]]'' **<nowiki>polarssl:</nowiki>** <nowiki>remove package</nowiki> //<color #ccc>(</color><color #f00>-316</color><color #ccc>)</color>//\\
''[[https://git.lede-project.org/?p=source.git;a=commitdiff;h=1ca31b09317cdcd7945a8d3e8e68d03ed937123c|1ca31b0]]'' **<nowiki>comgt:</nowiki>** <nowiki>mark as nonshared because of the usb dependencies</nowiki> //<color #ccc>(</color><color #282>+2</color><color #ccc>)</color>//\\
''[[https://git.lede-project.org/?p=source.git;a=commitdiff;h=c914fa04a3cb20f3c4134c3a2c4a4caf7160edd2|c914fa0]]'' **<nowiki>dnsmasq:</nowiki>** <nowiki>use ubus signalling in ntp hotplug script</nowiki> //<color #ccc>(</color><color #282>+3</color><color #ccc>,</color><color #f00>-3</color><color #ccc>)</color>//\\
''[[https://git.lede-project.org/?p=source.git;a=commitdiff;h=0d8381aea38e97a440fe5ae21f629827c0197628|0d8381a]]'' **<nowiki>ncurses:</nowiki>** <nowiki>revert $(STAGING_DIR_HOSTPKG) to $(STAGING_DIR)/host where appropriate</nowiki> //<color #ccc>(</color><color #282>+1</color><color #ccc>,</color><color #f00>-1</color><color #ccc>)</color>//\\
''[[https://git.lede-project.org/?p=source.git;a=commitdiff;h=40e4c342fd49175b7f367655fac38850435667d4|40e4c34]]'' **<nowiki>hostapd:</nowiki>** <nowiki>backport a few upstream fixes</nowiki> //<color #ccc>(</color><color #282>+163</color><color #ccc>,</color><color #f00>-4</color><color #ccc>)</color>//\\
''[[https://git.lede-project.org/?p=source.git;a=commitdiff;h=7e8fecb22449130d895b79355759b54e0e4f9167|7e8fecb]]'' **<nowiki>hostapd:</nowiki>** <nowiki>fix passing jobserver to hostapd/supplicant build processes</nowiki> //<color #ccc>(</color><color #282>+3</color><color #ccc>,</color><color #f00>-3</color><color #ccc>)</color>//\\
''[[https://git.lede-project.org/?p=source.git;a=commitdiff;h=621fd9fd62b8e405c43eb9d94ac2f9a8524c0496|621fd9f]]'' **<nowiki>opkg:</nowiki>** <nowiki>use default PKG_BUILD_DIR</nowiki> //<color #ccc>(</color><color #f00>-1</color><color #ccc>)</color>//\\
''[[https://git.lede-project.org/?p=source.git;a=commitdiff;h=b5b83706be5bad055033bd3cf6d4f50e2fe2f19c|b5b8370]]'' **<nowiki>mbedtls:</nowiki>** <nowiki>add static files in staging_dir</nowiki> //<color #ccc>(</color><color #282>+1</color><color #ccc>)</color>//\\
''[[https://git.lede-project.org/?p=source.git;a=commitdiff;h=2ac776ac7609c35d6ed883cebe6c1b4434a3e47f|2ac776a]]'' **<nowiki>curl:</nowiki>** <nowiki>fix HTTPS network timeouts with OpenSSL</nowiki> //<color #ccc>(</color><color #282>+36</color><color #ccc>)</color>//\\
''[[https://git.lede-project.org/?p=source.git;a=commitdiff;h=cfb3ef3a9716934de64fc5d4401c6f93b8e01835|cfb3ef3]]'' **<nowiki>lede-keyring:</nowiki>** <nowiki>bundle latest usign certificates</nowiki> //<color #ccc>(</color><color #282>+3</color><color #ccc>,</color><color #f00>-3</color><color #ccc>)</color>//\\
''[[https://git.lede-project.org/?p=source.git;a=commitdiff;h=12392e560034f4ece090ebcda52f7d965a58b4d8|12392e5]]'' **<nowiki>zlib:</nowiki>** <nowiki>Update to 1.2.11</nowiki> //<color #ccc>(</color><color #282>+3</color><color #ccc>,</color><color #f00>-3</color><color #ccc>)</color>//\\
''[[https://git.lede-project.org/?p=source.git;a=commitdiff;h=3a9926e40fe2881487159d48f1b178316c008ee3|3a9926e]]'' **<nowiki>kmod-sched-cake:</nowiki>** <nowiki>fix parameter passing kernel/user space</nowiki> //<color #ccc>(</color><color #282>+3</color><color #ccc>,</color><color #f00>-3</color><color #ccc>)</color>//\\
 => ''[[https://github.com/kdarbyshirebryant/sch_cake/commit/135affc528e85b3691aaf68cfd5372ddd1fce614|135affc]]'' <nowiki>Retire cake_const.c</nowiki> //<color #ccc>(</color><color #f00>-173</color><color #ccc>)</color>//\\
 => ''[[https://github.com/kdarbyshirebryant/sch_cake/commit/53e9be41ac0c8ada513e55cf1c3f6549e9e531bc|53e9be4]]'' <nowiki>Added diffserv3 mode to gen_cake_const</nowiki> //<color #ccc>(</color><color #282>+24</color><color #ccc>)</color>//\\
 => ''[[https://github.com/kdarbyshirebryant/sch_cake/commit/032d548c54a5bae6a04ce323e70a75800381a4ad|032d548]]'' <nowiki>Add diffserv_llt</nowiki> //<color #ccc>(</color><color #282>+32</color><color #ccc>,</color><color #f00>-2</color><color #ccc>)</color>//\\
 => ''[[https://github.com/kdarbyshirebryant/sch_cake/commit/a3210bd59fbcc2002da02cea64b63366aed6ff18|a3210bd]]'' <nowiki>Change cake to const lookups</nowiki> //<color #ccc>(</color><color #282>+69</color><color #ccc>,</color><color #f00>-76</color><color #ccc>)</color>//\\
 => ''[[https://github.com/kdarbyshirebryant/sch_cake/commit/69449f3c554e93bd9f7a9b708c808d11fe5dba74|69449f3]]'' <nowiki>Correct parameter passing order</nowiki> //<color #ccc>(</color><color #282>+1</color><color #ccc>,</color><color #f00>-1</color><color #ccc>)</color>//\\
''[[https://git.lede-project.org/?p=source.git;a=commitdiff;h=ef08595c3fc85dc3bd99d5e0688f687cd1066eb6|ef08595]]'' **<nowiki>openvpn:</nowiki>** <nowiki>let all openvpn variants provide a virtual openvpn package</nowiki> //<color #ccc>(</color><color #282>+2</color><color #ccc>,</color><color #f00>-1</color><color #ccc>)</color>//\\
''[[https://git.lede-project.org/?p=source.git;a=commitdiff;h=b850218584c0a7bc573579b0d21d243e7ae1bf03|b850218]]'' **<nowiki>hostapd:</nowiki>** <nowiki>fix stray "out of range" shell errors in hostapd.sh</nowiki> //<color #ccc>(</color><color #282>+3</color><color #ccc>,</color><color #f00>-3</color><color #ccc>)</color>//\\
''[[https://git.lede-project.org/?p=source.git;a=commitdiff;h=806d3cc2c30f5c206e4b9c3976c0bb8761da42b4|806d3cc]]'' **<nowiki>packages:</nowiki>** <nowiki>mark packages depending on a target as nonshared</nowiki> //<color #ccc>(</color><color #282>+16</color><color #ccc>)</color>//\\
''[[https://git.lede-project.org/?p=source.git;a=commitdiff;h=f5ab082243f9822544204fc713c6bd4dab14a3a8|f5ab082]]'' **<nowiki>openssl:</nowiki>** <nowiki>update to version 1.0.2k</nowiki> //<color #ccc>(</color><color #282>+13</color><color #ccc>,</color><color #f00>-13</color><color #ccc>)</color>//\\
''[[https://git.lede-project.org/?p=source.git;a=commitdiff;h=69f773daa32a3506fc71a5601ae90d4ca81ec3b2|69f773d]]'' **<nowiki>openvpn:</nowiki>** <nowiki>add support for various new 2.4 configuration options</nowiki> //<color #ccc>(</color><color #282>+19</color><color #ccc>,</color><color #f00>-24</color><color #ccc>)</color>//\\
''[[https://git.lede-project.org/?p=source.git;a=commitdiff;h=d7cae5f0b45847c0cd5f9c67a552cb6fe2e1fdc3|d7cae5f]]'' **<nowiki>opkg:</nowiki>** <nowiki>clarify messages and errors related to downloads</nowiki> //<color #ccc>(</color><color #282>+62</color><color #ccc>,</color><color #f00>-1</color><color #ccc>)</color>//\\
''[[https://git.lede-project.org/?p=source.git;a=commitdiff;h=f9519636f545066f64b1ac9cf1efdb9170001219|f951963]]'' **<nowiki>mwlwifi:</nowiki>** <nowiki>Fixes rewritten history hash and latest version</nowiki> //<color #ccc>(</color><color #282>+1</color><color #ccc>,</color><color #f00>-1</color><color #ccc>)</color>//\\
''[[https://git.lede-project.org/?p=source.git;a=commitdiff;h=2f9568ac2ac745c5c8e6a3712df74478e3f05884|2f9568a]]'' **<nowiki>hostapd:</nowiki>** <nowiki>expose wps_independent and ap_setup_locked as uci options</nowiki> //<color #ccc>(</color><color #282>+5</color><color #ccc>,</color><color #f00>-3</color><color #ccc>)</color>//\\
''[[https://git.lede-project.org/?p=source.git;a=commitdiff;h=ff813588fd721ae2755d74f2cb06860609094b28|ff81358]]'' **<nowiki>hostapd:</nowiki>** <nowiki>default to wps_independent 1</nowiki> //<color #ccc>(</color><color #282>+2</color><color #ccc>,</color><color #f00>-1</color><color #ccc>)</color>//\\
''[[https://git.lede-project.org/?p=source.git;a=commitdiff;h=06fca0c48bb84285432a6ee7aa0cda54fe5b20c4|06fca0c]]'' **<nowiki>kmod-sched-cake:</nowiki>** <nowiki>add 'mpu' minimum packet length support</nowiki> //<color #ccc>(</color><color #282>+3</color><color #ccc>,</color><color #f00>-3</color><color #ccc>)</color>//\\
''[[https://git.lede-project.org/?p=source.git;a=commitdiff;h=acebb4a99000b20c89920b572d3a94fe70e991ca|acebb4a]]'' **<nowiki>iproute2:</nowiki>** <nowiki>cake: add 'mpu' minimum packet length support</nowiki> //<color #ccc>(</color><color #282>+28</color><color #ccc>,</color><color #f00>-4</color><color #ccc>)</color>//\\
''[[https://git.lede-project.org/?p=source.git;a=commitdiff;h=7c5bc827b70eaace4578bc39cb8995292d10758d|7c5bc82]]'' **<nowiki>openvpn:</nowiki>** <nowiki>ssl-enabled variants also provide a virtual openvpn-crypto package</nowiki> //<color #ccc>(</color><color #282>+5</color><color #ccc>,</color><color #f00>-1</color><color #ccc>)</color>//\\
''[[https://git.lede-project.org/?p=source.git;a=commitdiff;h=d1d970e2352072ec06599b9024df107ac1b96f5d|d1d970e]]'' **<nowiki>libtool:</nowiki>** <nowiki>don't clobber host libtool infrastructure</nowiki> //<color #ccc>(</color><color #282>+7</color><color #ccc>,</color><color #f00>-7</color><color #ccc>)</color>//\\
''[[https://git.lede-project.org/?p=source.git;a=commitdiff;h=4f5ff0041a4b26ff4131442cf1abb3c35181f9fd|4f5ff00]]'' **<nowiki>kmod-sched-cake:</nowiki>** <nowiki>Bump to latest version</nowiki> //<color #ccc>(</color><color #282>+4</color><color #ccc>,</color><color #f00>-4</color><color #ccc>)</color>//\\
''[[https://git.lede-project.org/?p=source.git;a=commitdiff;h=4cd9625dd4c305b17b31e731ff258815cb68971b|4cd9625]]'' **<nowiki>iproute2:</nowiki>** <nowiki>cake: update cake support</nowiki> //<color #ccc>(</color><color #282>+24</color><color #ccc>,</color><color #f00>-11</color><color #ccc>)</color>//\\
''[[https://git.lede-project.org/?p=source.git;a=commitdiff;h=f8d8b60f1b410af299f39640031c16b2bf2fa2da|f8d8b60]]'' <nowiki>Fix dependency for hostapd</nowiki> //<color #ccc>(</color><color #282>+1</color><color #ccc>,</color><color #f00>-1</color><color #ccc>)</color>//\\
''[[https://git.lede-project.org/?p=source.git;a=commitdiff;h=1b51a49a9dd0314ec44f6a8d69a3f1d35ec743fa|1b51a49]]'' <nowiki>ccache, samba36: fix samba.org addresses to use https</nowiki> //<color #ccc>(</color><color #282>+8</color><color #ccc>,</color><color #f00>-7</color><color #ccc>)</color>//\\
''[[https://git.lede-project.org/?p=source.git;a=commitdiff;h=a0bc62fe08beae87de8051b7e642715240b9d16c|a0bc62f]]'' **<nowiki>hostapd:</nowiki>** <nowiki>backport support for sending debug messages to the syslog</nowiki> //<color #ccc>(</color><color #282>+169</color><color #ccc>,</color><color #f00>-24</color><color #ccc>)</color>//\\
''[[https://git.lede-project.org/?p=source.git;a=commitdiff;h=bc49d7902cd6101854233dec9b1f1b1b1402ef66|bc49d79]]'' **<nowiki>hostapd:</nowiki>** <nowiki>enable support for logging wpa_printf messages to syslog</nowiki> //<color #ccc>(</color><color #282>+6</color><color #ccc>)</color>//\\
''[[https://git.lede-project.org/?p=source.git;a=commitdiff;h=2ad4383b74d8d842b42a8312aafabfb9bad3d63c|2ad4383]]'' **<nowiki>tcpdump:</nowiki>** <nowiki>update to version 4.9.0</nowiki> //<color #ccc>(</color><color #282>+81</color><color #ccc>,</color><color #f00>-81</color><color #ccc>)</color>//\\
''[[https://git.lede-project.org/?p=source.git;a=commitdiff;h=8a35c489ada3863f50b908fe8d2f4fc6e6d85669|8a35c48]]'' **<nowiki>package/om-watchdog:</nowiki>** <nowiki>add OpenMesh OM2Pv4/-HSv4 support</nowiki> //<color #ccc>(</color><color #282>+2</color><color #ccc>)</color>//\\
''[[https://git.lede-project.org/?p=source.git;a=commitdiff;h=eb383710e2fe08a7c703d623785062a105b404a4|eb38371]]'' **<nowiki>package/om-watchdog:</nowiki>** <nowiki>add OpenMesh A60 support</nowiki> //<color #ccc>(</color><color #282>+2</color><color #ccc>,</color><color #f00>-1</color><color #ccc>)</color>//\\
''[[https://git.lede-project.org/?p=source.git;a=commitdiff;h=e6057ed207bb72e84cc9397001c8dba6bedaface|e6057ed]]'' **<nowiki>package/om-watchdog:</nowiki>** <nowiki>add OpenMesh A40 support</nowiki> //<color #ccc>(</color><color #282>+1</color><color #ccc>)</color>//\\
''[[https://git.lede-project.org/?p=source.git;a=commitdiff;h=df49e49bc7834ad3257d1b10972854a14605a67c|df49e49]]'' **<nowiki>mdns:</nowiki>** <nowiki>update and rename package to the umdns</nowiki> //<color #ccc>(</color><color #282>+24</color><color #ccc>,</color><color #f00>-24</color><color #ccc>)</color>//\\
''[[https://git.lede-project.org/?p=source.git;a=commitdiff;h=f5274363644852f7064adb7e654e3f41c640b106|f527436]]'' **<nowiki>dropbear:</nowiki>** <nowiki>enable SHA256 HMACs</nowiki> //<color #ccc>(</color><color #282>+2</color><color #ccc>,</color><color #f00>-3</color><color #ccc>)</color>//\\
''[[https://git.lede-project.org/?p=source.git;a=commitdiff;h=6ebb8723a69ca418ad78eea51258ab8bad0e3c70|6ebb872]]'' **<nowiki>dropbear:</nowiki>** <nowiki>bump PKG_RELEASE</nowiki> //<color #ccc>(</color><color #282>+1</color><color #ccc>,</color><color #f00>-1</color><color #ccc>)</color>//\\
''[[https://git.lede-project.org/?p=source.git;a=commitdiff;h=59508e309e91ba152ae43ef1d6983f2f6f873632|59508e3]]'' **<nowiki>dnsmasq:</nowiki>** <nowiki>Add upstream patch fixing SERVFAIL issues with multiple servers</nowiki> //<color #ccc>(</color><color #282>+130</color><color #ccc>)</color>//\\

==== Packages / Firmware (59 changes) ====
''[[https://git.lede-project.org/?p=source.git;a=commitdiff;h=8d5160bf5de1a05643d53bb10833d1be4b7fcd99|8d5160b]]'' **<nowiki>brcmfmac43430-firmware:</nowiki>** <nowiki>use @GITHUB download alias</nowiki> //<color #ccc>(</color><color #282>+2</color><color #ccc>)</color>//\\
''[[https://git.lede-project.org/?p=source.git;a=commitdiff;h=2cd1f5a0dbd405f16dda42bd4bf60f9a090bc42c|2cd1f5a]]'' **<nowiki>brcmfmac43430-firmware:</nowiki>** <nowiki>improve package version and release</nowiki> //<color #ccc>(</color><color #282>+4</color><color #ccc>,</color><color #f00>-4</color><color #ccc>)</color>//\\
''[[https://git.lede-project.org/?p=source.git;a=commitdiff;h=b04a25491f707acf7100b453b77b267acddceae6|b04a254]]'' **<nowiki>package:</nowiki>** <nowiki>flag further target specific packages as nonshared</nowiki> //<color #ccc>(</color><color #282>+26</color><color #ccc>)</color>//\\
''[[https://git.lede-project.org/?p=source.git;a=commitdiff;h=56b377304e6ff71608034247ac537bff3014c582|56b3773]]'' **<nowiki>ath10k:</nowiki>** <nowiki>support CT firmware choices.</nowiki> //<color #ccc>(</color><color #282>+75</color><color #ccc>)</color>//\\
''[[https://git.lede-project.org/?p=source.git;a=commitdiff;h=7eeb254cc49c4e9f837c980826ec112b9404f341|7eeb254]]'' **<nowiki>treewide:</nowiki>** <nowiki>replace nbd@openwrt.org with nbd@nbd.name</nowiki> //<color #ccc>(</color><color #282>+299</color><color #ccc>,</color><color #f00>-299</color><color #ccc>)</color>//\\
''[[https://git.lede-project.org/?p=source.git;a=commitdiff;h=233ec5121734947afa4d6a50712ae7a7ba47eb5d|233ec51]]'' **<nowiki>ath10k-firmware:</nowiki>** <nowiki>add QCA9984 firmware</nowiki> //<color #ccc>(</color><color #282>+17</color><color #ccc>,</color><color #f00>-1</color><color #ccc>)</color>//\\
''[[https://git.lede-project.org/?p=source.git;a=commitdiff;h=5d60bedcb3b485a2b2bd7d8c8da24dfd1b3c4f7f|5d60bed]]'' **<nowiki>ath10k-firmware:</nowiki>** <nowiki>fix board-2.bin download URL</nowiki> //<color #ccc>(</color><color #282>+2</color><color #ccc>,</color><color #f00>-2</color><color #ccc>)</color>//\\
''[[https://git.lede-project.org/?p=source.git;a=commitdiff;h=040ebe24739eef24fc478e3b406be6a227237c39|040ebe2]]'' **<nowiki>ath10k-ct:</nowiki>** <nowiki>Update to latest 10.4.3 CT firmware for 9980 chipsets.</nowiki> //<color #ccc>(</color><color #282>+2</color><color #ccc>,</color><color #f00>-2</color><color #ccc>)</color>//\\
''[[https://git.lede-project.org/?p=source.git;a=commitdiff;h=3f38356893879ae2b0d89f5eb2facddafbc9fd7d|3f38356]]'' **<nowiki>packages:</nowiki>** <nowiki>prefer http over git for git protocol</nowiki> //<color #ccc>(</color><color #282>+9</color><color #ccc>,</color><color #f00>-9</color><color #ccc>)</color>//\\
''[[https://git.lede-project.org/?p=source.git;a=commitdiff;h=d2a372c4fc3fc3b183375e605a2c5ca0a8ca9fa2|d2a372c]]'' **<nowiki>rtl8192se-firmware:</nowiki>** <nowiki>fix package build</nowiki> //<color #ccc>(</color><color #282>+1</color><color #ccc>,</color><color #f00>-1</color><color #ccc>)</color>//\\
''[[https://git.lede-project.org/?p=source.git;a=commitdiff;h=2ca4fa5febe988e51156442146c48c568efe9895|2ca4fa5]]'' **<nowiki>rtl8192su-firmware:</nowiki>** <nowiki>move firmware to own package</nowiki> //<color #ccc>(</color><color #282>+8</color><color #ccc>,</color><color #f00>-17</color><color #ccc>)</color>//\\
''[[https://git.lede-project.org/?p=source.git;a=commitdiff;h=9493613e9443a4f64b7e47a17808cc6f5f66a495|9493613]]'' **<nowiki>linux-firmware:</nowiki>** <nowiki>fix md5sum</nowiki> //<color #ccc>(</color><color #282>+1</color><color #ccc>,</color><color #f00>-1</color><color #ccc>)</color>//\\
''[[https://git.lede-project.org/?p=source.git;a=commitdiff;h=37fa64a6c54634df8d81066277e614d68efeaca7|37fa64a]]'' **<nowiki>firmware:</nowiki>** <nowiki>extract prism54-firmware into own package</nowiki> //<color #ccc>(</color><color #282>+40</color><color #ccc>,</color><color #f00>-16</color><color #ccc>)</color>//\\
''[[https://git.lede-project.org/?p=source.git;a=commitdiff;h=ffcae8b494df37f887ad96eaaccdb93c1a401787|ffcae8b]]'' **<nowiki>prism54-firmware:</nowiki>** <nowiki>add also other p54 firmware to own package</nowiki> //<color #ccc>(</color><color #282>+74</color><color #ccc>,</color><color #f00>-47</color><color #ccc>)</color>//\\
''[[https://git.lede-project.org/?p=source.git;a=commitdiff;h=898fff8253599c16df0d4a312784ee5158e5629d|898fff8]]'' **<nowiki>ath10k-firmware:</nowiki>** <nowiki>add symlink for QCA9984 board.bin</nowiki> //<color #ccc>(</color><color #282>+3</color><color #ccc>)</color>//\\
''[[https://git.lede-project.org/?p=source.git;a=commitdiff;h=c1c49d9456b3ba884c0a10a49d9e01ce000506ee|c1c49d9]]'' **<nowiki>prism54-firmware:</nowiki>** <nowiki>change prism54/p54-firmware package versioning</nowiki> //<color #ccc>(</color><color #282>+11</color><color #ccc>,</color><color #f00>-8</color><color #ccc>)</color>//\\
''[[https://git.lede-project.org/?p=source.git;a=commitdiff;h=1c52826010ecc4440487fac3215108a55662cf07|1c52826]]'' <nowiki>add ath10k-ct: Candela-Tech ath10k out-of-tree driver.</nowiki> //<color #ccc>(</color><color #282>+81</color><color #ccc>,</color><color #f00>-1</color><color #ccc>)</color>//\\
''[[https://git.lede-project.org/?p=source.git;a=commitdiff;h=9971ab04572dd315b113c78c8086b0539ca30924|9971ab0]]'' **<nowiki>ath10k-ct-firmware:</nowiki>** <nowiki>Update to latest 9880 firmware.</nowiki> //<color #ccc>(</color><color #282>+2</color><color #ccc>,</color><color #f00>-2</color><color #ccc>)</color>//\\
''[[https://git.lede-project.org/?p=source.git;a=commitdiff;h=164a405a481bc698645486a082c5a610be5ba48a|164a405]]'' **<nowiki>ath10k:</nowiki>** <nowiki>Support installing CT firmware for QCA9984 NICs.</nowiki> //<color #ccc>(</color><color #282>+35</color><color #ccc>)</color>//\\
''[[https://git.lede-project.org/?p=source.git;a=commitdiff;h=c58ed54d8ce3d628288f9d860e84aad65870d7e1|c58ed54]]'' **<nowiki>brcmfmac43430-firmware:</nowiki>** <nowiki>update to v7.45.41.26</nowiki> //<color #ccc>(</color><color #282>+3</color><color #ccc>,</color><color #f00>-3</color><color #ccc>)</color>//\\
''[[https://git.lede-project.org/?p=source.git;a=commitdiff;h=4d39726b21c240c46206ae998d219b623ff31946|4d39726]]'' **<nowiki>ath10k-firmware:</nowiki>** <nowiki>Update to latest 99X0 CT firmware.</nowiki> //<color #ccc>(</color><color #282>+2</color><color #ccc>,</color><color #f00>-2</color><color #ccc>)</color>//\\
''[[https://git.lede-project.org/?p=source.git;a=commitdiff;h=3a2d142a3ad940bfb702c96761882f4f5da5f026|3a2d142]]'' **<nowiki>ath10k-fw:</nowiki>** <nowiki>Update to latest 9980 CT firmware.</nowiki> //<color #ccc>(</color><color #282>+2</color><color #ccc>,</color><color #f00>-2</color><color #ccc>)</color>//\\
''[[https://git.lede-project.org/?p=source.git;a=commitdiff;h=2ca0cdb7bfa7f8a416c513c95c4194bde91e7026|2ca0cdb]]'' **<nowiki>ath10k-firmware:</nowiki>** <nowiki>Update to latest ath10k-ct 9984 firmware.</nowiki> //<color #ccc>(</color><color #282>+2</color><color #ccc>,</color><color #f00>-2</color><color #ccc>)</color>//\\
''[[https://git.lede-project.org/?p=source.git;a=commitdiff;h=28a2901cbace14541e1da47fdbaf1ccc7dc9c027|28a2901]]'' **<nowiki>ath10k-firmware:</nowiki>** <nowiki>add QCA9887 firmware</nowiki> //<color #ccc>(</color><color #282>+40</color><color #ccc>)</color>//\\
''[[https://git.lede-project.org/?p=source.git;a=commitdiff;h=ac887f48324a40dd71e7443bddec5d6a59e256b4|ac887f4]]'' **<nowiki>linux-firmware:</nowiki>** <nowiki>separate packages for Broadcom FullMAC PCIe firmwares</nowiki> //<color #ccc>(</color><color #282>+10</color><color #ccc>,</color><color #f00>-4</color><color #ccc>)</color>//\\
''[[https://git.lede-project.org/?p=source.git;a=commitdiff;h=daa5691a4daa26ea061b68d6d9a6dffb9b263421|daa5691]]'' **<nowiki>linux-firmware:</nowiki>** <nowiki>separate packages for Broadcom FullMAC SDIO firmwares</nowiki> //<color #ccc>(</color><color #282>+11</color><color #ccc>,</color><color #f00>-4</color><color #ccc>)</color>//\\
''[[https://git.lede-project.org/?p=source.git;a=commitdiff;h=ba5a9aba5c2bcc22cf8f11c5c4aba2be644bb5ad|ba5a9ab]]'' **<nowiki>brcmfmac43430-firmware:</nowiki>** <nowiki>rename to brcmfmac-firmware-43430-sdio</nowiki> //<color #ccc>(</color><color #282>+7</color><color #ccc>,</color><color #f00>-7</color><color #ccc>)</color>//\\
''[[https://git.lede-project.org/?p=source.git;a=commitdiff;h=c1678f1fa0bfa3c53c706fad0897f9a0aec8dab2|c1678f1]]'' **<nowiki>linux-firmware:</nowiki>** <nowiki>rename r8188eu-firmware to rtl8188eu-firmware</nowiki> //<color #ccc>(</color><color #282>+3</color><color #ccc>,</color><color #f00>-3</color><color #ccc>)</color>//\\
''[[https://git.lede-project.org/?p=source.git;a=commitdiff;h=4fec58be09c5077b1583b88cd015457eedd7086e|4fec58b]]'' **<nowiki>linux-firmware:</nowiki>** <nowiki>update to the commit from 2016-09-15</nowiki> //<color #ccc>(</color><color #282>+3</color><color #ccc>,</color><color #f00>-3</color><color #ccc>)</color>//\\
 => ''[[https://git.kernel.org/cgit/linux/kernel/git/firmware/linux-firmware.git/commit/?id=c713cb2eeb7cf1b3991beda1cff77e83d1812baf|c713cb2]]'' **<nowiki>linux-firmware:</nowiki>** <nowiki>intel: add symbolic link and file versions</nowiki> //<color #ccc>(</color><color #ccc>)</color>//\\
 => ''[[https://git.kernel.org/cgit/linux/kernel/git/firmware/linux-firmware.git/commit/?id=4592e376ebfadc3922073b44b648dee043b078f1|4592e37]]'' **<nowiki>linux-firmware:</nowiki>** <nowiki>Update firmware patch for Intel Bluetooth 7265 (C0/D0)</nowiki> //<color #ccc>(</color><color #282>+2</color><color #ccc>,</color><color #f00>-2</color><color #ccc>)</color>//\\
 => ''[[https://git.kernel.org/cgit/linux/kernel/git/firmware/linux-firmware.git/commit/?id=ede3068ff64ddfee34387e10c3865fdede9801d0|ede3068]]'' **<nowiki>linux-firmware:</nowiki>** <nowiki>Update firmware patch for Intel Bluetooth 7260 (B5/B6)</nowiki> //<color #ccc>(</color><color #282>+2</color><color #ccc>,</color><color #f00>-2</color><color #ccc>)</color>//\\
 => ''[[https://git.kernel.org/cgit/linux/kernel/git/firmware/linux-firmware.git/commit/?id=7b1a5cb6a2cd379f470058580be2a41f5d5c4867|7b1a5cb]]'' **<nowiki>linux-firmware:</nowiki>** <nowiki>Update firmware patch for Intel Bluetooth 7260 (B3/B4)</nowiki> //<color #ccc>(</color><color #282>+2</color><color #ccc>,</color><color #f00>-2</color><color #ccc>)</color>//\\
 => ''[[https://git.kernel.org/cgit/linux/kernel/git/firmware/linux-firmware.git/commit/?id=91d5dd136153e0a199d7bf30fd03763d83586b73|91d5dd1]]'' **<nowiki>rtlwifi:</nowiki>** <nowiki>v19 firmware for rtl8192eu</nowiki> //<color #ccc>(</color><color #282>+8</color><color #ccc>)</color>//\\
 => ''[[https://git.kernel.org/cgit/linux/kernel/git/firmware/linux-firmware.git/commit/?id=f7996657e8f25386541593242cb8e906d9808ec7|f799665]]'' **<nowiki>linux-firmware:</nowiki>** <nowiki>intel: Update Skylake audio firmware</nowiki> //<color #ccc>(</color><color #282>+3</color><color #ccc>,</color><color #f00>-3</color><color #ccc>)</color>//\\
 => ''[[https://git.kernel.org/cgit/linux/kernel/git/firmware/linux-firmware.git/commit/?id=c44bc5b13e570d0756579f5cb63ca104d64e2711|c44bc5b]]'' **<nowiki>linux-firmware:</nowiki>** <nowiki>New minor DMC release for Skylake - ver1_26</nowiki> //<color #ccc>(</color><color #282>+3</color><color #ccc>,</color><color #f00>-2</color><color #ccc>)</color>//\\
 => ''[[https://git.kernel.org/cgit/linux/kernel/git/firmware/linux-firmware.git/commit/?id=b2deae592adde46eadfc8fe1f7841d0f13f16ee5|b2deae5]]'' **<nowiki>linux-firmware:</nowiki>** <nowiki>Add AR3012 firmware</nowiki> //<color #ccc>(</color><color #282>+2</color><color #ccc>)</color>//\\
 => ''[[https://git.kernel.org/cgit/linux/kernel/git/firmware/linux-firmware.git/commit/?id=f66eccaab7d605d433cb82e389441b21ec99b40f|f66ecca]]'' <nowiki>Update Intel OPA hfi1 firmware</nowiki> //<color #ccc>(</color><color #282>+1</color><color #ccc>,</color><color #f00>-1</color><color #ccc>)</color>//\\
 => ''[[https://git.kernel.org/cgit/linux/kernel/git/firmware/linux-firmware.git/commit/?id=c4f6a36d694bc4dbaeb6c9edae4889b4af2659ce|c4f6a36]]'' **<nowiki>nvidia:</nowiki>** <nowiki>Add GM200, GM204 and GM206 signed firmware</nowiki> //<color #ccc>(</color><color #282>+66</color><color #ccc>,</color><color #f00>-1</color><color #ccc>)</color>//\\
 => ''[[https://git.kernel.org/cgit/linux/kernel/git/firmware/linux-firmware.git/commit/?id=8d1fd61a3723ab8cb6b7bfeb8be38e16282cc1ed|8d1fd61]]'' **<nowiki>nvidia:</nowiki>** <nowiki>Add GM20B signed firmware</nowiki> //<color #ccc>(</color><color #282>+15</color><color #ccc>)</color>//\\
 => ''[[https://git.kernel.org/cgit/linux/kernel/git/firmware/linux-firmware.git/commit/?id=a96efa0b60ca46acafa03960f45f84b96b12a73c|a96efa0]]'' **<nowiki>linux-firmware:</nowiki>** <nowiki>update Marvell 8897-B0 firmware images to 7.p66</nowiki> //<color #ccc>(</color><color #ccc>)</color>//\\
 => ''[[https://git.kernel.org/cgit/linux/kernel/git/firmware/linux-firmware.git/commit/?id=a2c354e64cec4b1146054c7e5b7df4329af752a7|a2c354e]]'' **<nowiki>iwlwifi:</nowiki>** <nowiki>add new -21.ucode for 7265D, 8260, 3168 and 8265 devices</nowiki> //<color #ccc>(</color><color #ccc>)</color>//\\
 => ''[[https://git.kernel.org/cgit/linux/kernel/git/firmware/linux-firmware.git/commit/?id=69a250dd556b6dde77ebb50540c88f59161a3886|69a250d]]'' **<nowiki>wl18xx:</nowiki>** <nowiki>update firmware file</nowiki> //<color #ccc>(</color><color #282>+50</color><color #ccc>,</color><color #f00>-35</color><color #ccc>)</color>//\\
 => ''[[https://git.kernel.org/cgit/linux/kernel/git/firmware/linux-firmware.git/commit/?id=9be9ff282635c25694819c39aae0f6cc6c251c12|9be9ff2]]'' **<nowiki>iwlwifi:</nowiki>** <nowiki>add -21.ucode to WHENCE</nowiki> //<color #ccc>(</color><color #282>+12</color><color #ccc>)</color>//\\
 => ''[[https://git.kernel.org/cgit/linux/kernel/git/firmware/linux-firmware.git/commit/?id=780f4eed8ff971bd4d6c41ecded4c99135cd36f9|780f4ee]]'' **<nowiki>linux-firmware:</nowiki>** <nowiki>intel: Update Skylake audio firmware</nowiki> //<color #ccc>(</color><color #282>+1</color><color #ccc>,</color><color #f00>-1</color><color #ccc>)</color>//\\
 => + //72 more...//\\
''[[https://git.lede-project.org/?p=source.git;a=commitdiff;h=909ed82b10384818a5f5c2ad24462550db3e737b|909ed82]]'' **<nowiki>dsl-vrx200-firmware-xdsl:</nowiki>** <nowiki>update to more recent versions</nowiki> //<color #ccc>(</color><color #282>+7</color><color #ccc>,</color><color #f00>-7</color><color #ccc>)</color>//\\
''[[https://git.lede-project.org/?p=source.git;a=commitdiff;h=a84d51c85d93628fecba6dfba7e791231af19f7c|a84d51c]]'' **<nowiki>linux-firmware:</nowiki>** <nowiki>update md5sum</nowiki> //<color #ccc>(</color><color #282>+1</color><color #ccc>,</color><color #f00>-1</color><color #ccc>)</color>//\\
''[[https://git.lede-project.org/?p=source.git;a=commitdiff;h=4f272dd0323151a1390a8675bafebead0e2a69ad|4f272dd]]'' **<nowiki>linux-firmware:</nowiki>** <nowiki>update to current Git head</nowiki> //<color #ccc>(</color><color #282>+3</color><color #ccc>,</color><color #f00>-3</color><color #ccc>)</color>//\\
 => ''[[https://git.kernel.org/cgit/linux/kernel/git/firmware/linux-firmware.git/commit/?id=e9521de881085fd2c02ddab1b3d4213f79b9c325|e9521de]]'' <nowiki>Update Intel OPA hfi1 firmware file</nowiki> //<color #ccc>(</color><color #282>+1</color><color #ccc>)</color>//\\
 => ''[[https://git.kernel.org/cgit/linux/kernel/git/firmware/linux-firmware.git/commit/?id=42ad5367dd38371b2a1bb263b6efa85f9b92fc93|42ad536]]'' **<nowiki>amdgpu:</nowiki>** <nowiki>update tonga and fiji VCE firmware to 52.8.3</nowiki> //<color #ccc>(</color><color #ccc>)</color>//\\
''[[https://git.lede-project.org/?p=source.git;a=commitdiff;h=3fbd235fb5484236393341f168d927c7a6feb3f4|3fbd235]]'' **<nowiki>ath10k-firmware:</nowiki>** <nowiki>update the qca988x firmware to 10.2.4.70.54</nowiki> //<color #ccc>(</color><color #282>+5</color><color #ccc>,</color><color #f00>-13</color><color #ccc>)</color>//\\
''[[https://git.lede-project.org/?p=source.git;a=commitdiff;h=fb586939ccf16717eb74cd0478f53dabefb16b0c|fb58693]]'' **<nowiki>ath10k-firmware:</nowiki>** <nowiki>move to firmware section in buildroot</nowiki> //<color #ccc>(</color><color #282>+16</color><color #ccc>,</color><color #f00>-4</color><color #ccc>)</color>//\\
''[[https://git.lede-project.org/?p=source.git;a=commitdiff;h=c3d3111831d49d1ab37d90bbe6a61f1b2263721d|c3d3111]]'' **<nowiki>brcmfmac43430-firmware:</nowiki>** <nowiki>remove package and switch to linux-firmware</nowiki> //<color #ccc>(</color><color #282>+75</color><color #ccc>,</color><color #f00>-63</color><color #ccc>)</color>//\\
''[[https://git.lede-project.org/?p=source.git;a=commitdiff;h=9edfe7dd13d973b2d0c754d79dabdeebaeb13d49|9edfe7d]]'' **<nowiki>source:</nowiki>** <nowiki>Switch to xz for packages and tools where possible</nowiki> //<color #ccc>(</color><color #282>+96</color><color #ccc>,</color><color #f00>-71</color><color #ccc>)</color>//\\
''[[https://git.lede-project.org/?p=source.git;a=commitdiff;h=1ffb7e47be92e32a08d866399af83d4136e28e06|1ffb7e4]]'' <nowiki>Latest ath10k CT 988X firmware (beta-18).</nowiki> //<color #ccc>(</color><color #282>+2</color><color #ccc>,</color><color #f00>-2</color><color #ccc>)</color>//\\
''[[https://git.lede-project.org/?p=source.git;a=commitdiff;h=ccf0648e725b8edcb61ddd1dd7b4d51526f31c68|ccf0648]]'' **<nowiki>ath10k-firmware:</nowiki>** <nowiki>update qca9984 firmware</nowiki> //<color #ccc>(</color><color #282>+3</color><color #ccc>,</color><color #f00>-2</color><color #ccc>)</color>//\\
''[[https://git.lede-project.org/?p=source.git;a=commitdiff;h=c6c731fe311f7da42777ffd31804a4f6aa3f8e19|c6c731f]]'' **<nowiki>layerscape:</nowiki>** <nowiki>add 64b/32b target for ls1043ardb device</nowiki> //<color #ccc>(</color><color #282>+171.2K</color><color #ccc>)</color>//\\
''[[https://git.lede-project.org/?p=source.git;a=commitdiff;h=15a14cf1665ef3d8b5c77cce69b52d131340e3b3|15a14cf]]'' **<nowiki>layerscape:</nowiki>** <nowiki>add 64b/32b target for ls1012ardb device</nowiki> //<color #ccc>(</color><color #282>+37.9K</color><color #ccc>,</color><color #f00>-6</color><color #ccc>)</color>//\\
''[[https://git.lede-project.org/?p=source.git;a=commitdiff;h=d5e84ca30fdda35b88a08ac357c63c8087be4620|d5e84ca]]'' **<nowiki>package/firmware/fman-ucode:</nowiki>** <nowiki>Use HTTPS</nowiki> //<color #ccc>(</color><color #282>+1</color><color #ccc>,</color><color #f00>-1</color><color #ccc>)</color>//\\
''[[https://git.lede-project.org/?p=source.git;a=commitdiff;h=4592067a24322558ea9b19bdc2e2a8291838dde6|4592067]]'' **<nowiki>ath10k-ct-firmware:</nowiki>** <nowiki>Update to latest firmwares.</nowiki> //<color #ccc>(</color><color #282>+6</color><color #ccc>,</color><color #f00>-6</color><color #ccc>)</color>//\\
''[[https://git.lede-project.org/?p=source.git;a=commitdiff;h=76fa771a784312f789f5de3d2216c1765a901818|76fa771]]'' **<nowiki>layerscape:</nowiki>** <nowiki>fman-ucode: prefer github over git.freescale.com</nowiki> //<color #ccc>(</color><color #282>+1</color><color #ccc>,</color><color #f00>-1</color><color #ccc>)</color>//\\
''[[https://git.lede-project.org/?p=source.git;a=commitdiff;h=ad907e1c03a3a1a236f4836cee085d085f280c8d|ad907e1]]'' **<nowiki>layerscape:</nowiki>** <nowiki>add 64b/32b target for ls1046ardb device</nowiki> //<color #ccc>(</color><color #282>+2.6K</color><color #ccc>,</color><color #f00>-3</color><color #ccc>)</color>//\\
''[[https://git.lede-project.org/?p=source.git;a=commitdiff;h=441ee62931140bd0672dd87e084a3606962db45c|441ee62]]'' **<nowiki>ar71xx:</nowiki>** <nowiki>remove AP83 reference design board support</nowiki> //<color #ccc>(</color><color #282>+3</color><color #ccc>,</color><color #f00>-690</color><color #ccc>)</color>//\\
''[[https://git.lede-project.org/?p=source.git;a=commitdiff;h=70011393a9027ddd8fd3c57af072161a5ed5d00b|7001139]]'' **<nowiki>ath10k-firmware:</nowiki>** <nowiki>removed broken submenu</nowiki> //<color #ccc>(</color><color #f00>-1</color><color #ccc>)</color>//\\
''[[https://git.lede-project.org/?p=source.git;a=commitdiff;h=7747fac37544e5d2ea70dfc8eecab21a80d0ec65|7747fac]]'' **<nowiki>ath10k-firmware:</nowiki>** <nowiki>untangle CT firmware filenames, fix conflicts</nowiki> //<color #ccc>(</color><color #282>+17</color><color #ccc>,</color><color #f00>-13</color><color #ccc>)</color>//\\
''[[https://git.lede-project.org/?p=source.git;a=commitdiff;h=f3b866f93a6d379752be15d698a1345e50b351f3|f3b866f]]'' **<nowiki>ath10k-firmware:</nowiki>** <nowiki>fix typo</nowiki> //<color #ccc>(</color><color #282>+1</color><color #ccc>,</color><color #f00>-1</color><color #ccc>)</color>//\\
''[[https://git.lede-project.org/?p=source.git;a=commitdiff;h=720b99215da295a2e7b4acdef30b58bec6acedc2|720b992]]'' **<nowiki>treewide:</nowiki>** <nowiki>clean up download hashes</nowiki> //<color #ccc>(</color><color #282>+300</color><color #ccc>,</color><color #f00>-283</color><color #ccc>)</color>//\\
''[[https://git.lede-project.org/?p=source.git;a=commitdiff;h=04f29eef370d6de49b5533567ba5e5cdd7cb8906|04f29ee]]'' **<nowiki>firmware:</nowiki>** <nowiki>add support for PCMCIA Aircard's</nowiki> //<color #ccc>(</color><color #282>+10</color><color #ccc>)</color>//\\
''[[https://git.lede-project.org/?p=source.git;a=commitdiff;h=8515deb60a1995b9237485209ec5f90f2ba8dcc7|8515deb]]'' **<nowiki>ath10k-firmware:</nowiki>** <nowiki>bump qca988x version</nowiki> //<color #ccc>(</color><color #282>+4</color><color #ccc>,</color><color #f00>-4</color><color #ccc>)</color>//\\
''[[https://git.lede-project.org/?p=source.git;a=commitdiff;h=87b0747263bdfdfd58eff6c8d772ba5d959692f4|87b0747]]'' **<nowiki>ath10k-firmware:</nowiki>** <nowiki>fix missing variable renames (FS#341)</nowiki> //<color #ccc>(</color><color #282>+2</color><color #ccc>,</color><color #f00>-2</color><color #ccc>)</color>//\\
''[[https://git.lede-project.org/?p=source.git;a=commitdiff;h=0ee964f28407aca0934455f81bb4b9546f8a3c11|0ee964f]]'' **<nowiki>ath10k-firmware:</nowiki>** <nowiki>update qca9984 firmware</nowiki> //<color #ccc>(</color><color #282>+13</color><color #ccc>,</color><color #f00>-1</color><color #ccc>)</color>//\\
''[[https://git.lede-project.org/?p=source.git;a=commitdiff;h=c7c1cf5618b6ca983c20510814b762eeab4937e5|c7c1cf5]]'' **<nowiki>treewide:</nowiki>** <nowiki>clean up and unify PKG_VERSION for git based downloads</nowiki> //<color #ccc>(</color><color #282>+140</color><color #ccc>,</color><color #f00>-284</color><color #ccc>)</color>//\\
''[[https://git.lede-project.org/?p=source.git;a=commitdiff;h=5639e45614ece107b99c2989fd002a1e69547fd5|5639e45]]'' **<nowiki>generic:</nowiki>** <nowiki>package Broadcom BNX2 driver</nowiki> //<color #ccc>(</color><color #282>+25</color><color #ccc>)</color>//\\
''[[https://git.lede-project.org/?p=source.git;a=commitdiff;h=36167ae46c62caa9e0409423ecd1aaa4d18dad1c|36167ae]]'' **<nowiki>ath10k-firmware:</nowiki>** <nowiki>update board data for qca9984</nowiki> //<color #ccc>(</color><color #282>+12</color><color #ccc>,</color><color #f00>-1</color><color #ccc>)</color>//\\
''[[https://git.lede-project.org/?p=source.git;a=commitdiff;h=544dee575d1d879172620b1c20712ea61a3e0c21|544dee5]]'' **<nowiki>ath10k-fw:</nowiki>** <nowiki>Update to latest CT firmware</nowiki> //<color #ccc>(</color><color #282>+7</color><color #ccc>,</color><color #f00>-7</color><color #ccc>)</color>//\\
''[[https://git.lede-project.org/?p=source.git;a=commitdiff;h=21baa25009e0820dda29e76d4aff20c29ffa4c75|21baa25]]'' **<nowiki>ath10k-firmware:</nowiki>** <nowiki>Update QCA988X firmware to latest version</nowiki> //<color #ccc>(</color><color #282>+4</color><color #ccc>,</color><color #f00>-4</color><color #ccc>)</color>//\\
''[[https://git.lede-project.org/?p=source.git;a=commitdiff;h=806d3cc2c30f5c206e4b9c3976c0bb8761da42b4|806d3cc]]'' **<nowiki>packages:</nowiki>** <nowiki>mark packages depending on a target as nonshared</nowiki> //<color #ccc>(</color><color #282>+16</color><color #ccc>)</color>//\\

==== Packages / LEDE base files (93 changes) ====
''[[https://git.lede-project.org/?p=source.git;a=commitdiff;h=fa69553900516944fc43cf7b377105ea1f6d3db0|fa69553]]'' **<nowiki>branding:</nowiki>** <nowiki>add LEDE branding</nowiki> //<color #ccc>(</color><color #282>+76</color><color #ccc>,</color><color #f00>-85</color><color #ccc>)</color>//\\
''[[https://git.lede-project.org/?p=source.git;a=commitdiff;h=32a0b8c1045481cd442c82b8b5cbb330f613c7a7|32a0b8c]]'' **<nowiki>include/version.mk:</nowiki>** <nowiki>rework repository url handling</nowiki> //<color #ccc>(</color><color #282>+8</color><color #ccc>,</color><color #f00>-7</color><color #ccc>)</color>//\\
''[[https://git.lede-project.org/?p=source.git;a=commitdiff;h=9e0401902468a84b701b6361546b9d4a5ff71215|9e04019]]'' **<nowiki>package:</nowiki>** <nowiki>flag essential components as nonshared</nowiki> //<color #ccc>(</color><color #282>+6</color><color #ccc>,</color><color #f00>-1</color><color #ccc>)</color>//\\
''[[https://git.lede-project.org/?p=source.git;a=commitdiff;h=5e85ae9e4c85e9ec43f38aa350c5bd0f0e7bea2b|5e85ae9]]'' **<nowiki>base-files:</nowiki>** <nowiki>fix error message during boot</nowiki> //<color #ccc>(</color><color #282>+1</color><color #ccc>,</color><color #f00>-1</color><color #ccc>)</color>//\\
''[[https://git.lede-project.org/?p=source.git;a=commitdiff;h=dc929174095a00150de6a3e48d46355d24f223b9|dc92917]]'' <nowiki>image / basefiles: make console password configurable</nowiki> //<color #ccc>(</color><color #282>+48</color><color #ccc>,</color><color #f00>-42</color><color #ccc>)</color>//\\
''[[https://git.lede-project.org/?p=source.git;a=commitdiff;h=b4e33a1c08f7e0b980b14687ef601bd30634464a|b4e33a1]]'' **<nowiki>base-files:</nowiki>** <nowiki>Allow to disable failsafe mode</nowiki> //<color #ccc>(</color><color #282>+24</color><color #ccc>,</color><color #f00>-6</color><color #ccc>)</color>//\\
''[[https://git.lede-project.org/?p=source.git;a=commitdiff;h=528ffec3cd6f49b4a98c8fce3d9b5dfb7f30e459|528ffec]]'' **<nowiki>base-files:</nowiki>** <nowiki>remove ununsed login.sh</nowiki> //<color #ccc>(</color><color #f00>-18</color><color #ccc>)</color>//\\
''[[https://git.lede-project.org/?p=source.git;a=commitdiff;h=a13f47760c7b9bf8f9e3ff37b1c79147b119c872|a13f477]]'' **<nowiki>base-files:</nowiki>** <nowiki>add a conditional dependency to lede-keyring</nowiki> //<color #ccc>(</color><color #282>+1</color><color #ccc>,</color><color #f00>-1</color><color #ccc>)</color>//\\
''[[https://git.lede-project.org/?p=source.git;a=commitdiff;h=d72e538e89a0b47b4e2e96fd3f1085ddd7268429|d72e538]]'' **<nowiki>base-files:</nowiki>** <nowiki>add new public key used by unattended builds</nowiki> //<color #ccc>(</color><color #282>+2</color><color #ccc>,</color><color #f00>-2</color><color #ccc>)</color>//\\
''[[https://git.lede-project.org/?p=source.git;a=commitdiff;h=ed07ef1601a1fa36764c61a87e5f927309d68025|ed07ef1]]'' **<nowiki>base-files:</nowiki>** <nowiki>split user/group addition code into a function</nowiki> //<color #ccc>(</color><color #282>+10</color><color #ccc>,</color><color #f00>-4</color><color #ccc>)</color>//\\
''[[https://git.lede-project.org/?p=source.git;a=commitdiff;h=4a8e960c6227f5fb2c8ca9c04d55938f901388fa|4a8e960]]'' **<nowiki>base-files:</nowiki>** <nowiki>fix group/user settings after sysupgrade</nowiki> //<color #ccc>(</color><color #282>+11</color><color #ccc>)</color>//\\
''[[https://git.lede-project.org/?p=source.git;a=commitdiff;h=a6f76bffd89add05a545faf95bcef63dad02f8bc|a6f76bf]]'' **<nowiki>signing:</nowiki>** <nowiki>remove unatteded build key and use current keyring instead</nowiki> //<color #ccc>(</color><color #282>+3</color><color #ccc>,</color><color #f00>-6</color><color #ccc>)</color>//\\
''[[https://git.lede-project.org/?p=source.git;a=commitdiff;h=9b9c78e071469313566473984fb79f54c1881c10|9b9c78e]]'' **<nowiki>base-files:</nowiki>** <nowiki>evaluate uci-defaults on run-time installations</nowiki> //<color #ccc>(</color><color #282>+11</color><color #ccc>)</color>//\\
''[[https://git.lede-project.org/?p=source.git;a=commitdiff;h=40f933d7ffd2256ea44e3fa5a3202a0437426438|40f933d]]'' **<nowiki>base-files:</nowiki>** <nowiki>Fix config_generate when there are no switch VLANs or ports confi...</nowiki> //<color #ccc>(</color><color #282>+42</color><color #ccc>,</color><color #f00>-38</color><color #ccc>)</color>//\\
''[[https://git.lede-project.org/?p=source.git;a=commitdiff;h=d742e1b5137d63175f4c41a4cb357cbe358112ef|d742e1b]]'' **<nowiki>base-files:</nowiki>** <nowiki>Enhancements to /etc/profile</nowiki> //<color #ccc>(</color><color #282>+4</color><color #ccc>)</color>//\\
''[[https://git.lede-project.org/?p=source.git;a=commitdiff;h=2b1556d3e03e69f54f960f0372f12b709fac2f52|2b1556d]]'' **<nowiki>base-files:</nowiki>** <nowiki>sysfixtime exclude dnsmasq.time</nowiki> //<color #ccc>(</color><color #282>+10</color><color #ccc>,</color><color #f00>-1</color><color #ccc>)</color>//\\
''[[https://git.lede-project.org/?p=source.git;a=commitdiff;h=8d105653b13eb5f56764c8e02f307f4d28a6a3a7|8d10565]]'' **<nowiki>base-files:</nowiki>** <nowiki>sysfixtime typo in exclude dnsmasq.time</nowiki> //<color #ccc>(</color><color #282>+1</color><color #ccc>,</color><color #f00>-1</color><color #ccc>)</color>//\\
''[[https://git.lede-project.org/?p=source.git;a=commitdiff;h=a39ac242cc3ec0c2d39342754d86ec97e9e4fb32|a39ac24]]'' **<nowiki>base-files:</nowiki>** <nowiki>fix some failsafe issues</nowiki> //<color #ccc>(</color><color #282>+1</color><color #ccc>)</color>//\\
''[[https://git.lede-project.org/?p=source.git;a=commitdiff;h=3193053df7d27bde82fbcc310e4404cc43f39313|3193053]]'' <nowiki>Centralize setting of all version info to include/version.mk</nowiki> //<color #ccc>(</color><color #282>+3</color><color #ccc>,</color><color #f00>-3</color><color #ccc>)</color>//\\
''[[https://git.lede-project.org/?p=source.git;a=commitdiff;h=1012701014bd944197031a3c0023527861b521b4|1012701]]'' **<nowiki>x86:</nowiki>** <nowiki>generalize partition discovery for sysupgrade</nowiki> //<color #ccc>(</color><color #282>+55</color><color #ccc>,</color><color #f00>-26</color><color #ccc>)</color>//\\
''[[https://git.lede-project.org/?p=source.git;a=commitdiff;h=7f6945829640e82dadf928c9e214470fa0c5a321|7f69458]]'' **<nowiki>base-files:</nowiki>** <nowiki>rework postinstall uci-defaults handling</nowiki> //<color #ccc>(</color><color #282>+4</color><color #ccc>,</color><color #f00>-5</color><color #ccc>)</color>//\\
''[[https://git.lede-project.org/?p=source.git;a=commitdiff;h=33a4d22f4cc76ef8e8eed19d3db1fd49a7937aaf|33a4d22]]'' **<nowiki>base-files:</nowiki>** <nowiki>reset LED state</nowiki> //<color #ccc>(</color><color #282>+6</color><color #ccc>)</color>//\\
''[[https://git.lede-project.org/?p=source.git;a=commitdiff;h=528b8f6f9387c9c3f10260e31a50cc53d1bd1cb4|528b8f6]]'' **<nowiki>base-files:</nowiki>** <nowiki>support hostname and ntp servers through board.d</nowiki> //<color #ccc>(</color><color #282>+47</color><color #ccc>)</color>//\\
''[[https://git.lede-project.org/?p=source.git;a=commitdiff;h=07f03d08335aca0914059425a29d708e5490846e|07f03d0]]'' **<nowiki>base-files:</nowiki>** <nowiki>support port_state LED types in board.d</nowiki> //<color #ccc>(</color><color #282>+27</color><color #ccc>)</color>//\\
''[[https://git.lede-project.org/?p=source.git;a=commitdiff;h=b98f78b1c15f1593b508c58fc9a34f90b1e58081|b98f78b]]'' **<nowiki>base-files:</nowiki>** <nowiki>rework config generation logic</nowiki> //<color #ccc>(</color><color #282>+20</color><color #ccc>,</color><color #f00>-18</color><color #ccc>)</color>//\\
''[[https://git.lede-project.org/?p=source.git;a=commitdiff;h=924302ba3613b34a6fe6bb447263779c6cab59d4|924302b]]'' **<nowiki>base-files:</nowiki>** <nowiki>drop /etc/config/system</nowiki> //<color #ccc>(</color><color #f00>-12</color><color #ccc>)</color>//\\
''[[https://git.lede-project.org/?p=source.git;a=commitdiff;h=d6ad9d3e9c1c51968aa00257423a97b0ce1e6847|d6ad9d3]]'' **<nowiki>base-files:</nowiki>** <nowiki>fix /bin/config_generate breakage</nowiki> //<color #ccc>(</color><color #282>+1</color><color #ccc>)</color>//\\
''[[https://git.lede-project.org/?p=source.git;a=commitdiff;h=35b33f0413c9f6a263549d63b2b068d74543d876|35b33f0]]'' **<nowiki>base-files:</nowiki>** <nowiki>maintain LED config state</nowiki> //<color #ccc>(</color><color #282>+17</color><color #ccc>,</color><color #f00>-5</color><color #ccc>)</color>//\\
''[[https://git.lede-project.org/?p=source.git;a=commitdiff;h=df7581e4c0966110cae823a7946aaa9c91003002|df7581e]]'' **<nowiki>base-files:</nowiki>** <nowiki>increase default system log size to 64 kB</nowiki> //<color #ccc>(</color><color #282>+2</color><color #ccc>,</color><color #f00>-1</color><color #ccc>)</color>//\\
''[[https://git.lede-project.org/?p=source.git;a=commitdiff;h=87eb8fad13db453b12fc4bb07c5340169503064b|87eb8fa]]'' **<nowiki>base-files:</nowiki>** <nowiki>remove fstab symlink</nowiki> //<color #ccc>(</color><color #282>+2</color><color #ccc>,</color><color #f00>-1</color><color #ccc>)</color>//\\
''[[https://git.lede-project.org/?p=source.git;a=commitdiff;h=f954f4337b85bd8d8ad6a589bc63edf48f777ee6|f954f43]]'' **<nowiki>base-files:</nowiki>** <nowiki>Add standard os-release file</nowiki> //<color #ccc>(</color><color #282>+48</color><color #ccc>,</color><color #f00>-6</color><color #ccc>)</color>//\\
''[[https://git.lede-project.org/?p=source.git;a=commitdiff;h=d4ede1c1189abff6f52887179878cb950a4e47a0|d4ede1c]]'' **<nowiki>base-files:</nowiki>** <nowiki>sysfixtime no longer exclude dnsmasq.time</nowiki> //<color #ccc>(</color><color #282>+1</color><color #ccc>,</color><color #f00>-1</color><color #ccc>)</color>//\\
''[[https://git.lede-project.org/?p=source.git;a=commitdiff;h=8d51706616bc23032b8afaa53733c08476c86211|8d51706]]'' **<nowiki>base-files:</nowiki>** <nowiki>use LEDE NTP vendor pool</nowiki> //<color #ccc>(</color><color #282>+5</color><color #ccc>,</color><color #f00>-5</color><color #ccc>)</color>//\\
''[[https://git.lede-project.org/?p=source.git;a=commitdiff;h=3946a5529132c80793a9e5ee665a3cd6b0835310|3946a55]]'' **<nowiki>base-files:</nowiki>** <nowiki>seed /dev/urandom</nowiki> //<color #ccc>(</color><color #282>+54</color><color #ccc>)</color>//\\
''[[https://git.lede-project.org/?p=source.git;a=commitdiff;h=5fd2eabeb27fc3d3b8d1c9fd1332c2229a6ff3d2|5fd2eab]]'' **<nowiki>base-files:</nowiki>** <nowiki>remove support of profile-specific base-files</nowiki> //<color #ccc>(</color><color #f00>-15</color><color #ccc>)</color>//\\
''[[https://git.lede-project.org/?p=source.git;a=commitdiff;h=35e423ca41d52c0415bfd2d781482d8cf2a9b067|35e423c]]'' **<nowiki>base-files:</nowiki>** <nowiki>use procd init for urandom_seed</nowiki> //<color #ccc>(</color><color #282>+28</color><color #ccc>,</color><color #f00>-25</color><color #ccc>)</color>//\\
''[[https://git.lede-project.org/?p=source.git;a=commitdiff;h=e1406cd31a598b48350e0c012dc177c5b752d05b|e1406cd]]'' **<nowiki>base-files:</nowiki>** <nowiki>sysupgrade: fix pseudobridge upgrades</nowiki> //<color #ccc>(</color><color #282>+1</color><color #ccc>,</color><color #f00>-1</color><color #ccc>)</color>//\\
''[[https://git.lede-project.org/?p=source.git;a=commitdiff;h=5c9cc7b7f8920944a413644e1c2ea23bfe655bcb|5c9cc7b]]'' **<nowiki>base-files:</nowiki>** <nowiki>increase vm.min_free_kbytes</nowiki> //<color #ccc>(</color><color #282>+16</color><color #ccc>)</color>//\\
''[[https://git.lede-project.org/?p=source.git;a=commitdiff;h=877168993a654027acc72c76c8a9d81473520fdb|8771689]]'' **<nowiki>base-files:</nowiki>** <nowiki>remove dead code</nowiki> //<color #ccc>(</color><color #f00>-6</color><color #ccc>)</color>//\\
''[[https://git.lede-project.org/?p=source.git;a=commitdiff;h=3004298e625c47537877bfd1e95806fad7c39f27|3004298]]'' **<nowiki>sysupgrade:</nowiki>** <nowiki>unmount filesystems before reboot</nowiki> //<color #ccc>(</color><color #282>+3</color><color #ccc>)</color>//\\
''[[https://git.lede-project.org/?p=source.git;a=commitdiff;h=577f873dafdf3914c79ee21869288f20d419a39f|577f873]]'' **<nowiki>kernel:</nowiki>** <nowiki>remove unused morse led trigger driver</nowiki> //<color #ccc>(</color><color #282>+26</color><color #ccc>,</color><color #f00>-510</color><color #ccc>)</color>//\\
''[[https://git.lede-project.org/?p=source.git;a=commitdiff;h=5fadd4397b395e5760f3c86751b711688efca6e9|5fadd43]]'' **<nowiki>preinit:</nowiki>** <nowiki>use only the image config options</nowiki> //<color #ccc>(</color><color #f00>-19</color><color #ccc>)</color>//\\
''[[https://git.lede-project.org/?p=source.git;a=commitdiff;h=e934a129f086435a39c663375d41367a54783b39|e934a12]]'' **<nowiki>base-files:</nowiki>** <nowiki>let config_generate call board_detect</nowiki> //<color #ccc>(</color><color #282>+2</color><color #ccc>,</color><color #f00>-4</color><color #ccc>)</color>//\\
''[[https://git.lede-project.org/?p=source.git;a=commitdiff;h=780ccbf9f1ca60ecb6f125fb6d6d3a0652446685|780ccbf]]'' **<nowiki>base-files:</nowiki>** <nowiki>board_detect: allow specifying the generated file</nowiki> //<color #ccc>(</color><color #282>+6</color><color #ccc>,</color><color #f00>-4</color><color #ccc>)</color>//\\
''[[https://git.lede-project.org/?p=source.git;a=commitdiff;h=0f1ae840c9c4a556e24709d5573ca7bdb8fc75ec|0f1ae84]]'' **<nowiki>base-files:</nowiki>** <nowiki>split out preinit interface config</nowiki> //<color #ccc>(</color><color #282>+10</color><color #ccc>,</color><color #f00>-4</color><color #ccc>)</color>//\\
''[[https://git.lede-project.org/?p=source.git;a=commitdiff;h=c18edcec4500008a1dabf0b017322eb23b059c58|c18edce]]'' **<nowiki>base-files:</nowiki>** <nowiki>add preinit ifname detection based on board.json</nowiki> //<color #ccc>(</color><color #282>+29</color><color #ccc>)</color>//\\
''[[https://git.lede-project.org/?p=source.git;a=commitdiff;h=072cf26729aca15b8a0526f18bce2b5e7a27ab12|072cf26]]'' **<nowiki>base-files:</nowiki>** <nowiki>allow failsafe to configure vlans</nowiki> //<color #ccc>(</color><color #282>+29</color><color #ccc>,</color><color #f00>-3</color><color #ccc>)</color>//\\
''[[https://git.lede-project.org/?p=source.git;a=commitdiff;h=6c9588ddf58ba1417cb92ee44d91c11bb77a7038|6c9588d]]'' **<nowiki>base-files:</nowiki>** <nowiki>configure switch in failsafe</nowiki> //<color #ccc>(</color><color #282>+46</color><color #ccc>,</color><color #f00>-2</color><color #ccc>)</color>//\\
''[[https://git.lede-project.org/?p=source.git;a=commitdiff;h=30352e72ff070d61bb12a015ffaabb08d38635f3|30352e7]]'' **<nowiki>base-files:</nowiki>** <nowiki>set pi_ifname in board.d case to fix deconfig</nowiki> //<color #ccc>(</color><color #282>+3</color><color #ccc>,</color><color #f00>-1</color><color #ccc>)</color>//\\
''[[https://git.lede-project.org/?p=source.git;a=commitdiff;h=ad8d197b829af2a089c6099f4f1dbee31696116c|ad8d197]]'' **<nowiki>base-files:</nowiki>** <nowiki>support oneshot leds properly.</nowiki> //<color #ccc>(</color><color #282>+1</color><color #ccc>,</color><color #f00>-1</color><color #ccc>)</color>//\\
''[[https://git.lede-project.org/?p=source.git;a=commitdiff;h=25dab5d217715300dc609df07b56e5b73cefdfc1|25dab5d]]'' **<nowiki>base-files:</nowiki>** <nowiki>reduce vm.min_free_kbytes for devices with 32M RAM</nowiki> //<color #ccc>(</color><color #282>+1</color><color #ccc>,</color><color #f00>-1</color><color #ccc>)</color>//\\
''[[https://git.lede-project.org/?p=source.git;a=commitdiff;h=63bd73a5cfc3501c7fbeacb629da12d8278ea352|63bd73a]]'' **<nowiki>base-files:</nowiki>** <nowiki>remind users to set root password</nowiki> //<color #ccc>(</color><color #282>+13</color><color #ccc>)</color>//\\
''[[https://git.lede-project.org/?p=source.git;a=commitdiff;h=ef64c8694ba1615223db933f03ec2c5e14facea5|ef64c86]]'' **<nowiki>base-files:</nowiki>** <nowiki>Allow subtargets to define base-files.mk</nowiki> //<color #ccc>(</color><color #282>+1</color><color #ccc>)</color>//\\
''[[https://git.lede-project.org/?p=source.git;a=commitdiff;h=1c09849f6cf1b8bd94819ca11910ce444c3d3019|1c09849]]'' **<nowiki>treewide:</nowiki>** <nowiki>remove bad local shell variable declarations</nowiki> //<color #ccc>(</color><color #282>+16</color><color #ccc>,</color><color #f00>-21</color><color #ccc>)</color>//\\
''[[https://git.lede-project.org/?p=source.git;a=commitdiff;h=6c1542787d135de358710254e71fe926f8676954|6c15427]]'' **<nowiki>base-files:</nowiki>** <nowiki>fix check for empty password warning</nowiki> //<color #ccc>(</color><color #282>+1</color><color #ccc>,</color><color #f00>-2</color><color #ccc>)</color>//\\
''[[https://git.lede-project.org/?p=source.git;a=commitdiff;h=26b4216f95d2c262144d7e3744b0a541cf210506|26b4216]]'' **<nowiki>base-files:</nowiki>** <nowiki>make default_prerm work offline</nowiki> //<color #ccc>(</color><color #282>+12</color><color #ccc>,</color><color #f00>-4</color><color #ccc>)</color>//\\
''[[https://git.lede-project.org/?p=source.git;a=commitdiff;h=5a8a986dd5808555567fd5791f05cf2ae504aa42|5a8a986]]'' **<nowiki>base-files:</nowiki>** <nowiki>remove non-working filter option for wifi detect</nowiki> //<color #ccc>(</color><color #282>+2</color><color #ccc>,</color><color #f00>-2</color><color #ccc>)</color>//\\
''[[https://git.lede-project.org/?p=source.git;a=commitdiff;h=0f27096100a33421bff0d4539d428fe393eebe22|0f27096]]'' **<nowiki>base-files:</nowiki>** <nowiki>also generate configs when current is empty (FS#193)</nowiki> //<color #ccc>(</color><color #282>+6</color><color #ccc>,</color><color #f00>-6</color><color #ccc>)</color>//\\
''[[https://git.lede-project.org/?p=source.git;a=commitdiff;h=6bb11d52f3ae8ce8aa0a270c6ae305809af8b7ce|6bb11d5]]'' **<nowiki>procd:</nowiki>** <nowiki>Allow initscripts to start one daemon instance at a time</nowiki> //<color #ccc>(</color><color #282>+4</color><color #ccc>,</color><color #f00>-2</color><color #ccc>)</color>//\\
''[[https://git.lede-project.org/?p=source.git;a=commitdiff;h=0658527e1ebe666cabde9267b6afbe543314160c|0658527]]'' <nowiki>switch to the new usbport LED trigger</nowiki> //<color #ccc>(</color><color #282>+150</color><color #ccc>,</color><color #f00>-139</color><color #ccc>)</color>//\\
''[[https://git.lede-project.org/?p=source.git;a=commitdiff;h=2187f57db6f55d41d68704179d309fbb6199b08e|2187f57]]'' **<nowiki>base-files:</nowiki>** <nowiki>add ucidef_set_led_usbport for full usbport support</nowiki> //<color #ccc>(</color><color #282>+34</color><color #ccc>)</color>//\\
''[[https://git.lede-project.org/?p=source.git;a=commitdiff;h=783875f18b073b0fbe3281293e51781fa372ce7f|783875f]]'' **<nowiki>package/basefiles:</nowiki>** <nowiki>add mkfs.ext4 and losetup binaries to ramfs list</nowiki> //<color #ccc>(</color><color #282>+2</color><color #ccc>)</color>//\\
''[[https://git.lede-project.org/?p=source.git;a=commitdiff;h=b745bfa6dcba4fb6d67e6893bc8e706ec2e687c3|b745bfa]]'' **<nowiki>base-files:</nowiki>** <nowiki>Ensure reset only works if an overlay exists</nowiki> //<color #ccc>(</color><color #282>+5</color><color #ccc>,</color><color #f00>-1</color><color #ccc>)</color>//\\
''[[https://git.lede-project.org/?p=source.git;a=commitdiff;h=9e8e8b7253e9b91c365a990009febec16fd99f0b|9e8e8b7]]'' **<nowiki>base-files:</nowiki>** <nowiki>sysfixtime: Keep RTC time in UTC timezone</nowiki> //<color #ccc>(</color><color #282>+2</color><color #ccc>,</color><color #f00>-2</color><color #ccc>)</color>//\\
''[[https://git.lede-project.org/?p=source.git;a=commitdiff;h=5e0441aaf0531e18222093e4084f4795fcba2343|5e0441a]]'' **<nowiki>base-files:</nowiki>** <nowiki>uci-defaults: support requesting untagged switch port configuration</nowiki> //<color #ccc>(</color><color #282>+14</color><color #ccc>,</color><color #f00>-8</color><color #ccc>)</color>//\\
''[[https://git.lede-project.org/?p=source.git;a=commitdiff;h=ba3540db6223a0107fd78decafea702a0537af7a|ba3540d]]'' **<nowiki>base-files:</nowiki>** <nowiki>generate /etc/config/wireless, if it doesn't exist</nowiki> //<color #ccc>(</color><color #282>+2</color><color #ccc>)</color>//\\
''[[https://git.lede-project.org/?p=source.git;a=commitdiff;h=5e35b4562fb73aaa1c75a3404fed2efb6afe03f8|5e35b45]]'' <nowiki>base-files, mac80211, broadcom-wl: use uci to populate wireless config</nowiki> //<color #ccc>(</color><color #282>+37</color><color #ccc>,</color><color #f00>-42</color><color #ccc>)</color>//\\
''[[https://git.lede-project.org/?p=source.git;a=commitdiff;h=5f8f8a366136a07df661e31decce2458357c167a|5f8f8a3]]'' <nowiki>base-files, mac80211, broadcom-wl: wifi detection and configuration</nowiki> //<color #ccc>(</color><color #282>+19</color><color #ccc>,</color><color #f00>-6</color><color #ccc>)</color>//\\
''[[https://git.lede-project.org/?p=source.git;a=commitdiff;h=9978a3e2ca5f57a3eb53d3960b24afada03914b4|9978a3e]]'' **<nowiki>base-files:</nowiki>** <nowiki>Prefer busybox arp over /proc/net/arp alias</nowiki> //<color #ccc>(</color><color #282>+1</color><color #ccc>,</color><color #f00>-1</color><color #ccc>)</color>//\\
''[[https://git.lede-project.org/?p=source.git;a=commitdiff;h=cc853810a4aae04f1afcad3439bf9db6fc1f4852|cc85381]]'' **<nowiki>base-files:</nowiki>** <nowiki>validate metadata of sysupgrade images</nowiki> //<color #ccc>(</color><color #282>+43</color><color #ccc>,</color><color #f00>-2</color><color #ccc>)</color>//\\
''[[https://git.lede-project.org/?p=source.git;a=commitdiff;h=afaa34ccd7343e478df8c0cd49019363692bcd16|afaa34c]]'' **<nowiki>base-files:</nowiki>** <nowiki>don't modify enabled state of service on upgrade</nowiki> //<color #ccc>(</color><color #282>+13</color><color #ccc>,</color><color #f00>-11</color><color #ccc>)</color>//\\
''[[https://git.lede-project.org/?p=source.git;a=commitdiff;h=48cfc826ebc9242c493ddbca484bbee36ba74b93|48cfc82]]'' **<nowiki>base-files:</nowiki>** <nowiki>ignore failure of stopping services on removal</nowiki> //<color #ccc>(</color><color #282>+1</color><color #ccc>,</color><color #f00>-1</color><color #ccc>)</color>//\\
''[[https://git.lede-project.org/?p=source.git;a=commitdiff;h=d52676d1ea51bcfc947970085184fe4d18638ccd|d52676d]]'' **<nowiki>base-files:</nowiki>** <nowiki>add a wrapper for init scripts in profile</nowiki> //<color #ccc>(</color><color #282>+9</color><color #ccc>)</color>//\\
''[[https://git.lede-project.org/?p=source.git;a=commitdiff;h=5f3c96c28503b8a0aad1514ef144b15e670d338b|5f3c96c]]'' **<nowiki>build:</nowiki>** <nowiki>adjust version number handling</nowiki> //<color #ccc>(</color><color #282>+28</color><color #ccc>,</color><color #f00>-18</color><color #ccc>)</color>//\\
''[[https://git.lede-project.org/?p=source.git;a=commitdiff;h=81b5e8e5d21437a65ebfb98112a0709f4020af36|81b5e8e]]'' **<nowiki>base-files:</nowiki>** <nowiki>add a hint in sysupgrade that shows what to do when the image met...</nowiki> //<color #ccc>(</color><color #282>+3</color><color #ccc>)</color>//\\
''[[https://git.lede-project.org/?p=source.git;a=commitdiff;h=9791fb2ac25fca2fb64a2d1ccbb5e7721a9165ec|9791fb2]]'' **<nowiki>build:</nowiki>** <nowiki>support adding version code to file names (FS#323)</nowiki> //<color #ccc>(</color><color #282>+13</color><color #ccc>,</color><color #f00>-2</color><color #ccc>)</color>//\\
''[[https://git.lede-project.org/?p=source.git;a=commitdiff;h=b0ac825884e7bfe3f68385109df3234e37022c71|b0ac825]]'' **<nowiki>base-files:</nowiki>** <nowiki>Changed UCI variable name for GPIO value from 'default' to 'value'</nowiki> //<color #ccc>(</color><color #282>+1</color><color #ccc>,</color><color #f00>-1</color><color #ccc>)</color>//\\
''[[https://git.lede-project.org/?p=source.git;a=commitdiff;h=a4232cd4bfa9d244a0b763742564f22d15264839|a4232cd]]'' **<nowiki>build:</nowiki>** <nowiki>use SNAPSHOT instead of CURRENT to designate untagged branch builds</nowiki> //<color #ccc>(</color><color #282>+5</color><color #ccc>,</color><color #f00>-5</color><color #ccc>)</color>//\\
''[[https://git.lede-project.org/?p=source.git;a=commitdiff;h=e0b8b24cfbaf3c3f4db4aba4401144d7e76799bd|e0b8b24]]'' **<nowiki>base-files:</nowiki>** <nowiki>fix CONFIG_VERSION_DIST default</nowiki> //<color #ccc>(</color><color #282>+1</color><color #ccc>,</color><color #f00>-1</color><color #ccc>)</color>//\\
''[[https://git.lede-project.org/?p=source.git;a=commitdiff;h=b5222924059f5146007a02e33d317f2c04d7dd0b|b522292]]'' **<nowiki>base-files:</nowiki>** <nowiki>add support for overlaying rootfs content</nowiki> //<color #ccc>(</color><color #282>+14</color><color #ccc>)</color>//\\
''[[https://git.lede-project.org/?p=source.git;a=commitdiff;h=8496659eb464928a645025a55a7cd487e83199cb|8496659]]'' **<nowiki>base-files:</nowiki>** <nowiki>fix message of initscript wrapper</nowiki> //<color #ccc>(</color><color #282>+1</color><color #ccc>,</color><color #f00>-1</color><color #ccc>)</color>//\\
''[[https://git.lede-project.org/?p=source.git;a=commitdiff;h=84bd74057f0d2543ddbc7de2351b0a310df329c6|84bd740]]'' **<nowiki>build:</nowiki>** <nowiki>use mkhash to replace various quirky md5sum/openssl calls</nowiki> //<color #ccc>(</color><color #282>+28</color><color #ccc>,</color><color #f00>-45</color><color #ccc>)</color>//\\
''[[https://git.lede-project.org/?p=source.git;a=commitdiff;h=6f61d8511eccf2736fd7f430aff2c98c595fa4b9|6f61d85]]'' **<nowiki>base-files:</nowiki>** <nowiki>export x86 platform upgrade functions to common.sh</nowiki> //<color #ccc>(</color><color #282>+95</color><color #ccc>,</color><color #f00>-96</color><color #ccc>)</color>//\\
''[[https://git.lede-project.org/?p=source.git;a=commitdiff;h=7304510392f53013e42d40974be47af3e2494bc7|7304510]]'' **<nowiki>base-files:</nowiki>** <nowiki>save /bin/mknod for sysupgrade</nowiki> //<color #ccc>(</color><color #282>+2</color><color #ccc>,</color><color #f00>-1</color><color #ccc>)</color>//\\
''[[https://git.lede-project.org/?p=source.git;a=commitdiff;h=9cdf852ae09e8b418d9ab5c462b95742dc2f0fc2|9cdf852]]'' **<nowiki>opkg:</nowiki>** <nowiki>drop S/MIME support</nowiki> //<color #ccc>(</color><color #282>+8</color><color #ccc>,</color><color #f00>-126</color><color #ccc>)</color>//\\
''[[https://git.lede-project.org/?p=source.git;a=commitdiff;h=b9a408c2b49ccfa0e906bda00ef77f4002e401fd|b9a408c]]'' **<nowiki>base-files:</nowiki>** <nowiki>add ARCH_PACKAGES to openwrt_release and os-release</nowiki> //<color #ccc>(</color><color #282>+2</color><color #ccc>)</color>//\\
''[[https://git.lede-project.org/?p=source.git;a=commitdiff;h=1e1e3ef2fb5d482a56975b0b974046064e548b03|1e1e3ef]]'' <nowiki>LEDE v17.01: set branch defaults</nowiki> //<color #ccc>(</color><color #282>+7</color><color #ccc>,</color><color #f00>-11</color><color #ccc>)</color>//\\
''[[https://git.lede-project.org/?p=source.git;a=commitdiff;h=a1f918cd92c4afcdd3a9caceba030f9eb435c265|a1f918c]]'' **<nowiki>base-files:</nowiki>** <nowiki>fix user creation on sysupgrade with few opkg control files</nowiki> //<color #ccc>(</color><color #282>+1</color><color #ccc>,</color><color #f00>-1</color><color #ccc>)</color>//\\
''[[https://git.lede-project.org/?p=source.git;a=commitdiff;h=b2437a02a45f80cdcee2313e754cc54d92061987|b2437a0]]'' **<nowiki>base-files:</nowiki>** <nowiki>don't overwrite model name set by target</nowiki> //<color #ccc>(</color><color #282>+1</color><color #ccc>,</color><color #f00>-1</color><color #ccc>)</color>//\\
''[[https://git.lede-project.org/?p=source.git;a=commitdiff;h=754f474568118e124b27f80cb44a82f3a97c6ea1|754f474]]'' **<nowiki>base-files:</nowiki>** <nowiki>uppercase default hostname: LEDE</nowiki> //<color #ccc>(</color><color #282>+1</color><color #ccc>,</color><color #f00>-1</color><color #ccc>)</color>//\\
''[[https://git.lede-project.org/?p=source.git;a=commitdiff;h=718c201b8275368fdc728671ac9d18a99701e0cb|718c201]]'' **<nowiki>base-files:</nowiki>** <nowiki>add /etc/iproute2/rt_protos</nowiki> //<color #ccc>(</color><color #282>+20</color><color #ccc>,</color><color #f00>-1</color><color #ccc>)</color>//\\
''[[https://git.lede-project.org/?p=source.git;a=commitdiff;h=b8c9ded999bd740c6a7c5e2816f047f957f795ee|b8c9ded]]'' **<nowiki>build:</nowiki>** <nowiki>add buildbot specific config option for setting defaults</nowiki> //<color #ccc>(</color><color #282>+20</color><color #ccc>,</color><color #f00>-5</color><color #ccc>)</color>//\\
''[[https://git.lede-project.org/?p=source.git;a=commitdiff;h=ac733df99c78f54b4cf9a8710f70a506f73e66fc|ac733df]]'' <nowiki>LEDE v17.01.0: adjust config defaults</nowiki> //<color #ccc>(</color><color #282>+10</color><color #ccc>,</color><color #f00>-8</color><color #ccc>)</color>//\\

==== Packages / LEDE network userland (111 changes) ====
''[[https://git.lede-project.org/?p=source.git;a=commitdiff;h=564330e0139c86d2a1539b3515ecee1c45c16646|564330e]]'' **<nowiki>netifd:</nowiki>** <nowiki>fix default ip rules</nowiki> //<color #ccc>(</color><color #282>+2</color><color #ccc>,</color><color #f00>-2</color><color #ccc>)</color>//\\
 => ''[[https://git.openwrt.org/?p=project/netifd.git;a=commitdiff;h=7a51f23e7034157dee8e00910513d95e935eeab6|7a51f23]]'' **<nowiki>utils.c:</nowiki>** <nowiki>Add ip address validation</nowiki> //<color #ccc>(</color><color #282>+18</color><color #ccc>,</color><color #f00>-1</color><color #ccc>)</color>//\\
 => ''[[https://git.openwrt.org/?p=project/netifd.git;a=commitdiff;h=bd1ee3efb46ae013d81b1aec51668e7595274e69|bd1ee3e]]'' **<nowiki>bridge:</nowiki>** <nowiki>multicast: Export some parameters RFCs suggest to be tunable</nowiki> //<color #ccc>(</color><color #282>+163</color><color #ccc>,</color><color #f00>-16</color><color #ccc>)</color>//\\
 => ''[[https://git.openwrt.org/?p=project/netifd.git;a=commitdiff;h=39d9ceeb96162a83a3f5fa63e6aaa1ccb38caa62|39d9cee]]'' <nowiki>Revert "add prelocal table to manipulate locally destinated traffic"</nowiki> //<color #ccc>(</color><color #f00>-14</color><color #ccc>)</color>//\\
''[[https://git.lede-project.org/?p=source.git;a=commitdiff;h=81a5f1ac9ea70280b56e0a16a57cd5bc4b117057|81a5f1a]]'' **<nowiki>netifd:</nowiki>** <nowiki>Send DHCP release when client exits</nowiki> //<color #ccc>(</color><color #282>+1</color><color #ccc>,</color><color #f00>-1</color><color #ccc>)</color>//\\
''[[https://git.lede-project.org/?p=source.git;a=commitdiff;h=a83f049b5be3396deaecaafa3b7adb447a1d1336|a83f049]]'' **<nowiki>netifd:</nowiki>** <nowiki>Add configurable DHCP release behavior</nowiki> //<color #ccc>(</color><color #282>+5</color><color #ccc>,</color><color #f00>-3</color><color #ccc>)</color>//\\
''[[https://git.lede-project.org/?p=source.git;a=commitdiff;h=4076d863bdb657effd9b6d83286110b6bda23a14|4076d86]]'' **<nowiki>firewall3:</nowiki>** <nowiki>fix mark rules for local traffic, fix race condition</nowiki> //<color #ccc>(</color><color #282>+4</color><color #ccc>,</color><color #f00>-3</color><color #ccc>)</color>//\\
 => ''[[https://git.openwrt.org/?p=project/firewall3.git;a=commitdiff;h=4e11ee37044dfd09d39054915c23722c48633d60|4e11ee3]]'' **<nowiki>defaults.c:</nowiki>** <nowiki>remove toplevel_rule struct</nowiki> //<color #ccc>(</color><color #f00>-7</color><color #ccc>)</color>//\\
 => ''[[https://git.openwrt.org/?p=project/firewall3.git;a=commitdiff;h=e92392db91f6eb50288f33ccf63475aa7b9babdd|e92392d]]'' <nowiki>set mark for locally generated traffic in OUTPUT chain</nowiki> //<color #ccc>(</color><color #282>+1</color><color #ccc>,</color><color #f00>-1</color><color #ccc>)</color>//\\
 => ''[[https://git.openwrt.org/?p=project/firewall3.git;a=commitdiff;h=6cccf1ba7f0c3eb34ef4a7adc6af501376bfa875|6cccf1b]]'' <nowiki>load running state after lock is acquired</nowiki> //<color #ccc>(</color><color #282>+11</color><color #ccc>,</color><color #f00>-2</color><color #ccc>)</color>//\\
''[[https://git.lede-project.org/?p=source.git;a=commitdiff;h=f9a3123bbf628906b0a583ad9c3e306a8bb5e2b2|f9a3123]]'' **<nowiki>netifd:</nowiki>** <nowiki>Remove hardcoded DHCP release option</nowiki> //<color #ccc>(</color><color #282>+1</color><color #ccc>,</color><color #f00>-1</color><color #ccc>)</color>//\\
''[[https://git.lede-project.org/?p=source.git;a=commitdiff;h=b8ab6af1a9b8cf1ac76e7008661fd3e775e9ae2b|b8ab6af]]'' **<nowiki>global:</nowiki>** <nowiki>change my email address</nowiki> //<color #ccc>(</color><color #282>+28</color><color #ccc>,</color><color #f00>-28</color><color #ccc>)</color>//\\
''[[https://git.lede-project.org/?p=source.git;a=commitdiff;h=31293752c8fd5f8704172312fe81cb7ea675b831|3129375]]'' **<nowiki>mdns:</nowiki>** <nowiki>update to latest git HEAD</nowiki> //<color #ccc>(</color><color #282>+2</color><color #ccc>,</color><color #f00>-2</color><color #ccc>)</color>//\\
 => ''[[https://git.openwrt.org/?p=project/mdnsd.git;a=commitdiff;h=8a70b2b47dd328f8180e5ecaa7bdc817f574a81b|8a70b2b]]'' **<nowiki>mdnsd:</nowiki>** <nowiki>interface: enable looped back messages</nowiki> //<color #ccc>(</color><color #282>+4</color><color #ccc>,</color><color #f00>-4</color><color #ccc>)</color>//\\
''[[https://git.lede-project.org/?p=source.git;a=commitdiff;h=754565a84bb0edc98187368040bd91830da7f122|754565a]]'' **<nowiki>netifd:</nowiki>** <nowiki>update to the latest version</nowiki> //<color #ccc>(</color><color #282>+2</color><color #ccc>,</color><color #f00>-2</color><color #ccc>)</color>//\\
 => ''[[https://git.openwrt.org/?p=project/netifd.git;a=commitdiff;h=6fd6be6b7f3fc4883fdc464fcbcb2b5e8d8e8174|6fd6be6]]'' <nowiki>alias : Fix interface aliased on top of a static interface not getting active</nowiki> //<color #ccc>(</color><color #282>+8</color><color #ccc>,</color><color #f00>-1</color><color #ccc>)</color>//\\
 => ''[[https://git.openwrt.org/?p=project/netifd.git;a=commitdiff;h=a0e96d0bdad7e39590ffc8dcb46935f35ee55284|a0e96d0]]'' **<nowiki>bridge:</nowiki>** <nowiki>make learning and unicast-flood configurable per bridge port</nowiki> //<color #ccc>(</color><color #282>+42</color><color #ccc>)</color>//\\
 => ''[[https://git.openwrt.org/?p=project/netifd.git;a=commitdiff;h=fef10041f3a495d79f03f99bdf416a68a0ee91aa|fef1004]]'' **<nowiki>netifd:</nowiki>** <nowiki>Add option to configure gc_stale_time for each device</nowiki> //<color #ccc>(</color><color #282>+56</color><color #ccc>)</color>//\\
 => ''[[https://git.openwrt.org/?p=project/netifd.git;a=commitdiff;h=29521f9a232f039318fd8525c410b3127836626f|29521f9]]'' **<nowiki>device:</nowiki>** <nowiki>Fix device find failure in avl list due to device name change</nowiki> //<color #ccc>(</color><color #282>+36</color><color #ccc>,</color><color #f00>-14</color><color #ccc>)</color>//\\
 => ''[[https://git.openwrt.org/?p=project/netifd.git;a=commitdiff;h=ca2f99575937b183618e425a73b45bcc277b5541|ca2f995]]'' **<nowiki>device:</nowiki>** <nowiki>Fix dotted vlan interface staying down</nowiki> //<color #ccc>(</color><color #282>+11</color><color #ccc>,</color><color #f00>-2</color><color #ccc>)</color>//\\
 => ''[[https://git.openwrt.org/?p=project/netifd.git;a=commitdiff;h=99e6dc68bbac5a57a0ebca810a9dc36e38667821|99e6dc6]]'' **<nowiki>system-linux:</nowiki>** <nowiki>Replace device_get by device_find where appropriate</nowiki> //<color #ccc>(</color><color #282>+2</color><color #ccc>,</color><color #f00>-2</color><color #ccc>)</color>//\\
''[[https://git.lede-project.org/?p=source.git;a=commitdiff;h=7eeb254cc49c4e9f837c980826ec112b9404f341|7eeb254]]'' **<nowiki>treewide:</nowiki>** <nowiki>replace nbd@openwrt.org with nbd@nbd.name</nowiki> //<color #ccc>(</color><color #282>+299</color><color #ccc>,</color><color #f00>-299</color><color #ccc>)</color>//\\
''[[https://git.lede-project.org/?p=source.git;a=commitdiff;h=d84bf324baf5c63b391e6238d83e3c0a68e0017a|d84bf32]]'' **<nowiki>ustream-ssl:</nowiki>** <nowiki>update to the latest version, adds cyassl/wolfssl fixes</nowiki> //<color #ccc>(</color><color #282>+2</color><color #ccc>,</color><color #f00>-2</color><color #ccc>)</color>//\\
 => ''[[https://git.openwrt.org/?p=project/ustream-ssl.git;a=commitdiff;h=17085b7abc0cd09c64ccace6f8d16ddee5729678|17085b7]]'' **<nowiki>ustream-ssl:</nowiki>** <nowiki>cyassl compatibility with build time options</nowiki> //<color #ccc>(</color><color #282>+4</color><color #ccc>)</color>//\\
''[[https://git.lede-project.org/?p=source.git;a=commitdiff;h=24a7ccb0562a867e363a10ebdc64e3aaa6f01cd2|24a7ccb]]'' **<nowiki>treewide:</nowiki>** <nowiki>replace jow@openwrt.org with jo@mein.io</nowiki> //<color #ccc>(</color><color #282>+73</color><color #ccc>,</color><color #f00>-73</color><color #ccc>)</color>//\\
''[[https://git.lede-project.org/?p=source.git;a=commitdiff;h=dd182011e1acabc94169b85f3bc63efbab72ddd4|dd18201]]'' **<nowiki>swconfig:</nowiki>** <nowiki>improve failure reporting</nowiki> //<color #ccc>(</color><color #282>+7</color><color #ccc>,</color><color #f00>-7</color><color #ccc>)</color>//\\
''[[https://git.lede-project.org/?p=source.git;a=commitdiff;h=62dc9831d34a3ce45f68c1749b136286457b5265|62dc983]]'' **<nowiki>package/*:</nowiki>** <nowiki>update git urls for project repos</nowiki> //<color #ccc>(</color><color #282>+23</color><color #ccc>,</color><color #f00>-23</color><color #ccc>)</color>//\\
''[[https://git.lede-project.org/?p=source.git;a=commitdiff;h=952beca4aae97e43502efb05a5823798947de524|952beca]]'' **<nowiki>uclient:</nowiki>** <nowiki>update to the latest version with better help and DELETE</nowiki> //<color #ccc>(</color><color #282>+2</color><color #ccc>,</color><color #f00>-2</color><color #ccc>)</color>//\\
 => ''[[https://git.lede-project.org/?p=project/uclient.git;a=commitdiff;h=f0754619b9ee216b0cb5fc7484f861e876781984|f075461]]'' **<nowiki>uclient-fetch:</nowiki>** <nowiki>fix inconsistencies in help text (thx, Hannu Nyman)</nowiki> //<color #ccc>(</color><color #282>+7</color><color #ccc>,</color><color #f00>-7</color><color #ccc>)</color>//\\
 => ''[[https://git.lede-project.org/?p=project/uclient.git;a=commitdiff;h=53e2fb59bde914bcded2618d0ce6ce4df267b4a4|53e2fb5]]'' **<nowiki>http:</nowiki>** <nowiki>allow sending message body for DELETE request</nowiki> //<color #ccc>(</color><color #282>+14</color><color #ccc>,</color><color #f00>-2</color><color #ccc>)</color>//\\
''[[https://git.lede-project.org/?p=source.git;a=commitdiff;h=3f38356893879ae2b0d89f5eb2facddafbc9fd7d|3f38356]]'' **<nowiki>packages:</nowiki>** <nowiki>prefer http over git for git protocol</nowiki> //<color #ccc>(</color><color #282>+9</color><color #ccc>,</color><color #f00>-9</color><color #ccc>)</color>//\\
''[[https://git.lede-project.org/?p=source.git;a=commitdiff;h=ecbc138343f4f4c6fc65c3e6e143447dabc8e1a3|ecbc138]]'' **<nowiki>odhcp6c:</nowiki>** <nowiki>Upstep to latest version</nowiki> //<color #ccc>(</color><color #282>+2</color><color #ccc>,</color><color #f00>-2</color><color #ccc>)</color>//\\
 => ''[[https://github.com/sbyx/odhcp6c/commit/e23f12f59182bec966c79c65dec034b8084ff8db|e23f12f]]'' **<nowiki>script:</nowiki>** <nowiki>Launch script with correct action if last script call is terminated</nowiki> //<color #ccc>(</color><color #282>+3</color><color #ccc>,</color><color #f00>-1</color><color #ccc>)</color>//\\
 => ''[[https://github.com/sbyx/odhcp6c/commit/121a043f6dd1b6c6171dae3c041cb50693eae63f|121a043]]'' <nowiki>Avoid copying buffer after dn_expand() fails</nowiki> //<color #ccc>(</color><color #282>+4</color><color #ccc>,</color><color #f00>-3</color><color #ccc>)</color>//\\
 => ''[[https://github.com/sbyx/odhcp6c/commit/a6bbd1d7f5c25b092f143b579860a44e5b0f929e|a6bbd1d]]'' <nowiki>Fix potential buffer overflow in entry_to_env</nowiki> //<color #ccc>(</color><color #282>+18</color><color #ccc>,</color><color #f00>-9</color><color #ccc>)</color>//\\
 => ''[[https://github.com/sbyx/odhcp6c/commit/62968599557ac81b0f811481f6b06886ddcf0cdb|6296859]]'' <nowiki>Fix off-by-one in buffer length in int_to_env</nowiki> //<color #ccc>(</color><color #282>+1</color><color #ccc>,</color><color #f00>-1</color><color #ccc>)</color>//\\
 => ''[[https://github.com/sbyx/odhcp6c/commit/fe22a82fa0bd187a39d130d593c4d56d4749a174|fe22a82]]'' <nowiki>Fix possible stack buffer overflow in s46_to_env when copying IPv6 prefixes</nowiki> //<color #ccc>(</color><color #282>+6</color><color #ccc>,</color><color #f00>-3</color><color #ccc>)</color>//\\
 => ''[[https://github.com/sbyx/odhcp6c/commit/7b22e48fbf23d20d92a4bae581f39ac3704d8bb2|7b22e48]]'' <nowiki>Change odhcp6c_insert_state to return a success/failure indicator</nowiki> //<color #ccc>(</color><color #282>+5</color><color #ccc>,</color><color #f00>-3</color><color #ccc>)</color>//\\
 => ''[[https://github.com/sbyx/odhcp6c/commit/b0d1c5805a6b76c3b198728cdfd93e351d5eb196|b0d1c58]]'' <nowiki>Fix memory leak in dhcpv6_add_server_cand in case odhcp6c_insert_state fails</nowiki> //<color #ccc>(</color><color #282>+5</color><color #ccc>,</color><color #f00>-1</color><color #ccc>)</color>//\\
 => ''[[https://github.com/sbyx/odhcp6c/commit/abe9d1b0739857f4a0d25005f9f0523153a6fe23|abe9d1b]]'' <nowiki>Check for unsupported PD exclusion configuration in dhcpv6_parse_ia</nowiki> //<color #ccc>(</color><color #282>+1</color><color #ccc>,</color><color #f00>-1</color><color #ccc>)</color>//\\
 => ''[[https://github.com/sbyx/odhcp6c/commit/f92e692eefa05ddb7b0b2817260b03262f30090e|f92e692]]'' <nowiki>Fix potential log forgery via status string</nowiki> //<color #ccc>(</color><color #282>+13</color><color #ccc>,</color><color #f00>-6</color><color #ccc>)</color>//\\
 => ''[[https://github.com/sbyx/odhcp6c/commit/78bc7d9c835404ad1b5d2eb26de390bd45e26d2a|78bc7d9]]'' <nowiki>Add missing option length checks in dhcpv6_handle_advert</nowiki> //<color #ccc>(</color><color #282>+4</color><color #ccc>,</color><color #f00>-2</color><color #ccc>)</color>//\\
 => ''[[https://github.com/sbyx/odhcp6c/commit/6326ab374ede4fff1e8019a50d4b9854b8db7625|6326ab3]]'' <nowiki>Fix script environment variable setting for empty lists</nowiki> //<color #ccc>(</color><color #282>+12</color><color #ccc>,</color><color #f00>-4</color><color #ccc>)</color>//\\
 => ''[[https://github.com/sbyx/odhcp6c/commit/d277ddb78abd034eb0e1c088ac969cdeef10d9e2|d277ddb]]'' <nowiki>Fix iteration after expiring a list entry</nowiki> //<color #ccc>(</color><color #282>+6</color><color #ccc>,</color><color #f00>-2</color><color #ccc>)</color>//\\
 => ''[[https://github.com/sbyx/odhcp6c/commit/8a8005f7ca8973702b36e711993bfff89ca9600c|8a8005f]]'' <nowiki>Add padding between odhcp6c_entry structures to ensure 32-bit alignment</nowiki> //<color #ccc>(</color><color #282>+23</color><color #ccc>,</color><color #f00>-11</color><color #ccc>)</color>//\\
 => ''[[https://github.com/sbyx/odhcp6c/commit/687b3c65c0460dd8c4ba7e63e3ae0ab20836e6e8|687b3c6]]'' <nowiki>Fix alignment of buffers in ra_process and dhcpv6_request</nowiki> //<color #ccc>(</color><color #282>+6</color><color #ccc>,</color><color #f00>-2</color><color #ccc>)</color>//\\
 => ''[[https://github.com/sbyx/odhcp6c/commit/ecb466590600a2442d167c8b4b80d6c545e63134|ecb4665]]'' <nowiki>Fix unaligned 32-bit reads from DHCP packets</nowiki> //<color #ccc>(</color><color #282>+13</color><color #ccc>,</color><color #f00>-5</color><color #ccc>)</color>//\\
 => ''[[https://github.com/sbyx/odhcp6c/commit/ca0693fe09d59a95192c4ad86492f05dfadbbf10|ca0693f]]'' <nowiki>Fix alignment of hash buffer in dhcpv6_response_is_valid</nowiki> //<color #ccc>(</color><color #282>+2</color><color #ccc>,</color><color #f00>-1</color><color #ccc>)</color>//\\
 => + //4 more...//\\
''[[https://git.lede-project.org/?p=source.git;a=commitdiff;h=1e9c0665954a66affc52d752251abf3c5a2395e9|1e9c066]]'' **<nowiki>ustream-ssl:</nowiki>** <nowiki>update to latest git HEAD</nowiki> //<color #ccc>(</color><color #282>+2</color><color #ccc>,</color><color #f00>-2</color><color #ccc>)</color>//\\
 => ''[[https://git.lede-project.org/?p=project/ustream-ssl.git;a=commitdiff;h=ec80adaa1b47f28d426fa19c692011ce60b992d6|ec80ada]]'' **<nowiki>cmake:</nowiki>** <nowiki>Find libubox/ustream.h header file</nowiki> //<color #ccc>(</color><color #282>+3</color><color #ccc>)</color>//\\
''[[https://git.lede-project.org/?p=source.git;a=commitdiff;h=dd9afb8207822736dfea623206392584220e81af|dd9afb8]]'' **<nowiki>iwinfo:</nowiki>** <nowiki>fix nl80211 phy lookup without platform prefix</nowiki> //<color #ccc>(</color><color #282>+2</color><color #ccc>,</color><color #f00>-2</color><color #ccc>)</color>//\\
 => ''[[https://git.lede-project.org/?p=project/iwinfo.git;a=commitdiff;h=96d322d5941c57be58f8e8d5c6e2b28e90ed3598|96d322d]]'' **<nowiki>nl80211:</nowiki>** <nowiki>retry phy lookup with platform/ prefix</nowiki> //<color #ccc>(</color><color #282>+3</color><color #ccc>)</color>//\\
''[[https://git.lede-project.org/?p=source.git;a=commitdiff;h=bd7289af38545cc98eb505a0dcf957646b64eb5f|bd7289a]]'' **<nowiki>uclient:</nowiki>** <nowiki>update to the latest version, fixes HTTP redirect support</nowiki> //<color #ccc>(</color><color #282>+2</color><color #ccc>,</color><color #f00>-2</color><color #ccc>)</color>//\\
 => ''[[https://git.lede-project.org/?p=project/uclient.git;a=commitdiff;h=007a17f894dd5985165395a6fe7348256cb60a8b|007a17f]]'' **<nowiki>cmake:</nowiki>** <nowiki>Find libubox/ustream-ssl.h header file</nowiki> //<color #ccc>(</color><color #282>+3</color><color #ccc>)</color>//\\
 => ''[[https://git.lede-project.org/?p=project/uclient.git;a=commitdiff;h=6b89c6ae65d2a1ca34f2d874773f2f6fb4ac59ff|6b89c6a]]'' **<nowiki>uclient-fetch:</nowiki>** <nowiki>add support for --quiet</nowiki> //<color #ccc>(</color><color #282>+5</color><color #ccc>)</color>//\\
 => ''[[https://git.lede-project.org/?p=project/uclient.git;a=commitdiff;h=4fdad31fd199ef97b078f6355463d64ce598e85e|4fdad31]]'' **<nowiki>http:</nowiki>** <nowiki>add support for relative location on redirect</nowiki> //<color #ccc>(</color><color #282>+57</color><color #ccc>,</color><color #f00>-1</color><color #ccc>)</color>//\\
''[[https://git.lede-project.org/?p=source.git;a=commitdiff;h=d643ee026078b76deb1365b6d1a3a6d3c29941f7|d643ee0]]'' **<nowiki>umbim:</nowiki>** <nowiki>update to latest git HEAD</nowiki> //<color #ccc>(</color><color #282>+2</color><color #ccc>,</color><color #f00>-2</color><color #ccc>)</color>//\\
 => ''[[https://git.lede-project.org/?p=project/umbim.git;a=commitdiff;h=6584f5e624401e4ede6af9e66e78d14ca0649a5c|6584f5e]]'' <nowiki>dynamically allocate buffer</nowiki> //<color #ccc>(</color><color #282>+31</color><color #ccc>,</color><color #f00>-13</color><color #ccc>)</color>//\\
 => ''[[https://git.lede-project.org/?p=project/umbim.git;a=commitdiff;h=d4dfed2f548bdd6f503dd7965ff9996754bb69b3|d4dfed2]]'' <nowiki>get buffer size from driver</nowiki> //<color #ccc>(</color><color #282>+10</color><color #ccc>,</color><color #f00>-1</color><color #ccc>)</color>//\\
 => ''[[https://git.lede-project.org/?p=project/umbim.git;a=commitdiff;h=ebe0d55fa6f7b42e04a8c74a0550d0a190f293d9|ebe0d55]]'' <nowiki>update usage()</nowiki> //<color #ccc>(</color><color #282>+1</color><color #ccc>,</color><color #f00>-1</color><color #ccc>)</color>//\\
 => ''[[https://git.lede-project.org/?p=project/umbim.git;a=commitdiff;h=29aaf43b097ee57f7aa1bb24341db6cc4148cbf3|29aaf43]]'' <nowiki>add radio_state set/query support</nowiki> //<color #ccc>(</color><color #282>+37</color><color #ccc>,</color><color #f00>-1</color><color #ccc>)</color>//\\
''[[https://git.lede-project.org/?p=source.git;a=commitdiff;h=99e5bec2c6da0f676f6662cabab4602854d54012|99e5bec]]'' **<nowiki>netifd:</nowiki>** <nowiki>quote vendorid and hostname variables in dhcp script</nowiki> //<color #ccc>(</color><color #282>+2</color><color #ccc>,</color><color #f00>-2</color><color #ccc>)</color>//\\
''[[https://git.lede-project.org/?p=source.git;a=commitdiff;h=74766f4c4fd64e6297c4f8ad2eca8afe3e44988d|74766f4]]'' **<nowiki>firewall3:</nowiki>** <nowiki>update to latest git HEAD</nowiki> //<color #ccc>(</color><color #282>+2</color><color #ccc>,</color><color #f00>-2</color><color #ccc>)</color>//\\
 => ''[[https://git.lede-project.org/?p=project/firewall3.git;a=commitdiff;h=be8ead27f625b3e4ed383f270dcfee2d158231ec|be8ead2]]'' **<nowiki>treewide:</nowiki>** <nowiki>replace jow@openwrt.org with jo@mein.io</nowiki> //<color #ccc>(</color><color #282>+28</color><color #ccc>,</color><color #f00>-28</color><color #ccc>)</color>//\\
 => ''[[https://git.lede-project.org/?p=project/firewall3.git;a=commitdiff;h=47b23946cb2d51c486cd01596744955f850e2060|47b2394]]'' **<nowiki>cmake:</nowiki>** <nowiki>Find uci.h</nowiki> //<color #ccc>(</color><color #282>+3</color><color #ccc>)</color>//\\
''[[https://git.lede-project.org/?p=source.git;a=commitdiff;h=4a0c4d81510020fe5c426c2e6adf37d396079b05|4a0c4d8]]'' **<nowiki>netifd:</nowiki>** <nowiki>Use -x hostname:$hostname instead of -H</nowiki> //<color #ccc>(</color><color #282>+1</color><color #ccc>,</color><color #f00>-1</color><color #ccc>)</color>//\\
''[[https://git.lede-project.org/?p=source.git;a=commitdiff;h=d9ff1870038d47278520dfd3d299098654c6f9ec|d9ff187]]'' **<nowiki>netifd:</nowiki>** <nowiki>update to the latest version</nowiki> //<color #ccc>(</color><color #282>+2</color><color #ccc>,</color><color #f00>-2</color><color #ccc>)</color>//\\
 => ''[[https://git.lede-project.org/?p=project/netifd.git;a=commitdiff;h=5df548d8edd3f9be39d409d1eeeaef99fbb27aa0|5df548d]]'' **<nowiki>alias:</nowiki>** <nowiki>Set alias link device status to disabled when device is removed</nowiki> //<color #ccc>(</color><color #282>+3</color><color #ccc>,</color><color #f00>-1</color><color #ccc>)</color>//\\
 => ''[[https://git.lede-project.org/?p=project/netifd.git;a=commitdiff;h=c007f08413edc15805c248a8d65f075bb5fb0bdd|c007f08]]'' **<nowiki>interface:</nowiki>** <nowiki>report link up events for force_link interfaces</nowiki> //<color #ccc>(</color><color #282>+18</color><color #ccc>,</color><color #f00>-3</color><color #ccc>)</color>//\\
''[[https://git.lede-project.org/?p=source.git;a=commitdiff;h=009d6d602496947877766df6f152c713056201de|009d6d6]]'' **<nowiki>netifd:</nowiki>** <nowiki>update to the latest version, adds an event handling fix</nowiki> //<color #ccc>(</color><color #282>+1</color><color #ccc>,</color><color #f00>-1</color><color #ccc>)</color>//\\
 => ''[[https://git.lede-project.org/?p=project/netifd.git;a=commitdiff;h=656c387974879105c2aaec6b62478d0195067f2d|656c387]]'' **<nowiki>interface:</nowiki>** <nowiki>do not process hotplug events for link up event</nowiki> //<color #ccc>(</color><color #282>+4</color><color #ccc>)</color>//\\
''[[https://git.lede-project.org/?p=source.git;a=commitdiff;h=15867deac8c9fd571e01532db03db08b515a3b42|15867de]]'' **<nowiki>uqmi:</nowiki>** <nowiki>fix option ipv6</nowiki> //<color #ccc>(</color><color #282>+1</color><color #ccc>,</color><color #f00>-5</color><color #ccc>)</color>//\\
''[[https://git.lede-project.org/?p=source.git;a=commitdiff;h=109c55aea1c6a1fbc6d39c19dad31c0f839e2255|109c55a]]'' **<nowiki>uqmi:</nowiki>** <nowiki>add metric option to interface config</nowiki> //<color #ccc>(</color><color #282>+7</color><color #ccc>,</color><color #f00>-2</color><color #ccc>)</color>//\\
''[[https://git.lede-project.org/?p=source.git;a=commitdiff;h=27dffa0b0c53a1a817a9a37d1647c7e70672273f|27dffa0]]'' **<nowiki>uclient:</nowiki>** <nowiki>change SSL support error message</nowiki> //<color #ccc>(</color><color #282>+2</color><color #ccc>,</color><color #f00>-2</color><color #ccc>)</color>//\\
''[[https://git.lede-project.org/?p=source.git;a=commitdiff;h=fca1eb349ef31b133a62880cbd562d6bf17500aa|fca1eb3]]'' **<nowiki>swconfig:</nowiki>** <nowiki>remove obsolete portmapping feature</nowiki> //<color #ccc>(</color><color #f00>-104</color><color #ccc>)</color>//\\
''[[https://git.lede-project.org/?p=source.git;a=commitdiff;h=99a188828713d6ff9c541590b08d4e63ef52f6d7|99a1888]]'' **<nowiki>swconfig:</nowiki>** <nowiki>revert the portmapping patches, they seem to cause a segfault</nowiki> //<color #ccc>(</color><color #282>+228</color><color #ccc>,</color><color #f00>-1</color><color #ccc>)</color>//\\
''[[https://git.lede-project.org/?p=source.git;a=commitdiff;h=c487bde9e4e2e23e7af06635eaebbd71c6977c3a|c487bde]]'' **<nowiki>netifd:</nowiki>** <nowiki>update to the latest version</nowiki> //<color #ccc>(</color><color #282>+2</color><color #ccc>,</color><color #f00>-2</color><color #ccc>)</color>//\\
 => ''[[https://git.lede-project.org/?p=project/netifd.git;a=commitdiff;h=e7dbda3d64e98276570cba3b0c0f94461f77d645|e7dbda3]]'' **<nowiki>proto-shell:</nowiki>** <nowiki>Support teardown on layer 3 link loss</nowiki> //<color #ccc>(</color><color #282>+9</color><color #ccc>,</color><color #f00>-1</color><color #ccc>)</color>//\\
 => ''[[https://git.lede-project.org/?p=project/netifd.git;a=commitdiff;h=4789adf1e55cf51a8b556fba0c7c31bb5f430c7d|4789adf]]'' **<nowiki>proto-shell:</nowiki>** <nowiki>Model config parameter "no-proto-task" as a proto flag</nowiki> //<color #ccc>(</color><color #282>+4</color><color #ccc>,</color><color #f00>-3</color><color #ccc>)</color>//\\
 => ''[[https://git.lede-project.org/?p=project/netifd.git;a=commitdiff;h=00fc987a147841a2e9bfd15399056886b6c77064|00fc987]]'' **<nowiki>proto:</nowiki>** <nowiki>Display proto flags when dumping the protocol handlers in ubus</nowiki> //<color #ccc>(</color><color #282>+7</color><color #ccc>)</color>//\\
 => ''[[https://git.lede-project.org/?p=project/netifd.git;a=commitdiff;h=cec1ce296eede81dc62628fce33b8cc216727b17|cec1ce2]]'' **<nowiki>utils:</nowiki>** <nowiki>Move IP address validation to parse_addr function</nowiki> //<color #ccc>(</color><color #282>+16</color><color #ccc>,</color><color #f00>-23</color><color #ccc>)</color>//\\
 => ''[[https://git.lede-project.org/?p=project/netifd.git;a=commitdiff;h=c8a5f1ae361ab61192be6085c29d977eb73a05f5|c8a5f1a]]'' <nowiki>Prevent premature device free in interface_claim_device</nowiki> //<color #ccc>(</color><color #282>+4</color><color #ccc>)</color>//\\
 => ''[[https://git.lede-project.org/?p=project/netifd.git;a=commitdiff;h=2d01488e83f2488c6f1f56309e792d7bc495677f|2d01488]]'' **<nowiki>netifd:</nowiki>** <nowiki>track when wdev setup fails</nowiki> //<color #ccc>(</color><color #282>+14</color><color #ccc>,</color><color #f00>-5</color><color #ccc>)</color>//\\
''[[https://git.lede-project.org/?p=source.git;a=commitdiff;h=2b0a1292f84ce17363eea0da3051cb9268cd98a6|2b0a129]]'' **<nowiki>uqmi:</nowiki>** <nowiki>update to the latest version, adds QMI-in-MBIM support</nowiki> //<color #ccc>(</color><color #282>+2</color><color #ccc>,</color><color #f00>-2</color><color #ccc>)</color>//\\
 => ''[[https://git.lede-project.org/?p=project/uqmi.git;a=commitdiff;h=c61815319c1c0e76898048a19151f30844a6989c|c618153]]'' **<nowiki>uqmi:</nowiki>** <nowiki>Added CMake option BUILD_STATIC for a static uqmi build</nowiki> //<color #ccc>(</color><color #282>+14</color><color #ccc>,</color><color #f00>-2</color><color #ccc>)</color>//\\
 => ''[[https://git.lede-project.org/?p=project/uqmi.git;a=commitdiff;h=3a599ba4541b2c428e3467650b9ad0a2364b41e6|3a599ba]]'' **<nowiki>wds:</nowiki>** <nowiki>make ipv6 address endian swap more portable</nowiki> //<color #ccc>(</color><color #282>+4</color><color #ccc>,</color><color #f00>-5</color><color #ccc>)</color>//\\
 => ''[[https://git.lede-project.org/?p=project/uqmi.git;a=commitdiff;h=22a64fe3e9a7b5dcf97d0b240f2ce09919f4b02f|22a64fe]]'' **<nowiki>wds:</nowiki>** <nowiki>cast pdp_type enum to int to avoid clang considering the range check tau...</nowiki> //<color #ccc>(</color><color #282>+1</color><color #ccc>,</color><color #f00>-1</color><color #ccc>)</color>//\\
 => ''[[https://git.lede-project.org/?p=project/uqmi.git;a=commitdiff;h=23337736a43845ff5b24b7ab8556572d703cd294|2333773]]'' **<nowiki>uqmi:</nowiki>** <nowiki>search for ubox, blobmsg_json and json include paths</nowiki> //<color #ccc>(</color><color #282>+5</color><color #ccc>)</color>//\\
 => ''[[https://git.lede-project.org/?p=project/uqmi.git;a=commitdiff;h=e92c1f88d6dbd1d8dd955f198b5cc47b58688c57|e92c1f8]]'' **<nowiki>build:</nowiki>** <nowiki>added _library suffix to lib variables</nowiki> //<color #ccc>(</color><color #282>+7</color><color #ccc>,</color><color #f00>-7</color><color #ccc>)</color>//\\
 => ''[[https://git.lede-project.org/?p=project/uqmi.git;a=commitdiff;h=f94b7575aa919e5a090b2e945c62273b72c87ad0|f94b757]]'' **<nowiki>build:</nowiki>** <nowiki>Support for out of source builds added</nowiki> //<color #ccc>(</color><color #282>+9</color><color #ccc>,</color><color #f00>-9</color><color #ccc>)</color>//\\
 => ''[[https://git.lede-project.org/?p=project/uqmi.git;a=commitdiff;h=e69bf24b00d8bc15172644e52ead4aae8fdb7257|e69bf24]]'' **<nowiki>uqmi:</nowiki>** <nowiki>add support for MBIM devices with QMI service</nowiki> //<color #ccc>(</color><color #282>+154</color><color #ccc>,</color><color #f00>-15</color><color #ccc>)</color>//\\
 => ''[[https://git.lede-project.org/?p=project/uqmi.git;a=commitdiff;h=5624e3f1772edc9cd46c10a795d27d570314a44a|5624e3f]]'' **<nowiki>dms:</nowiki>** <nowiki>add "Set FCC Authentication" request</nowiki> //<color #ccc>(</color><color #282>+74</color><color #ccc>,</color><color #f00>-5</color><color #ccc>)</color>//\\
 => ''[[https://git.lede-project.org/?p=project/uqmi.git;a=commitdiff;h=eb1dec7d0dc283a7f61aa574a443a0ab61f8793f|eb1dec7]]'' **<nowiki>uqmi:</nowiki>** <nowiki>fix big endian bugs in MBIM code</nowiki> //<color #ccc>(</color><color #282>+3</color><color #ccc>,</color><color #f00>-3</color><color #ccc>)</color>//\\
''[[https://git.lede-project.org/?p=source.git;a=commitdiff;h=885910225d86722811ad4d3610d9e5d076e5614a|8859102]]'' **<nowiki>iwinfo:</nowiki>** <nowiki>mark as nonshared</nowiki> //<color #ccc>(</color><color #282>+2</color><color #ccc>)</color>//\\
''[[https://git.lede-project.org/?p=source.git;a=commitdiff;h=559f55dffc58b1b05f1161a2caf415568355c45b|559f55d]]'' **<nowiki>iwinfo:</nowiki>** <nowiki>Bump to 2016-07-29</nowiki> //<color #ccc>(</color><color #282>+2</color><color #ccc>,</color><color #f00>-2</color><color #ccc>)</color>//\\
 => ''[[https://git.lede-project.org/?p=project/iwinfo.git;a=commitdiff;h=8e68ab0bb4ba966722b111b2c75766892fb451f7|8e68ab0]]'' **<nowiki>Makefile:</nowiki>** <nowiki>explictly link with all shared libraries</nowiki> //<color #ccc>(</color><color #282>+1</color><color #ccc>,</color><color #f00>-1</color><color #ccc>)</color>//\\
 => ''[[https://git.lede-project.org/?p=project/iwinfo.git;a=commitdiff;h=717ff717509e53ace280c4216d1150af5f1d1b82|717ff71]]'' **<nowiki>Makefile:</nowiki>** <nowiki>drop link against libblobmsg_json and libjson-c</nowiki> //<color #ccc>(</color><color #282>+1</color><color #ccc>,</color><color #f00>-1</color><color #ccc>)</color>//\\
''[[https://git.lede-project.org/?p=source.git;a=commitdiff;h=864b2d113ad0815c2444575014e7cf51498944db|864b2d1]]'' **<nowiki>6in4:</nowiki>** <nowiki>fix invalid local variable declaration (FS#188)</nowiki> //<color #ccc>(</color><color #282>+3</color><color #ccc>,</color><color #f00>-3</color><color #ccc>)</color>//\\
''[[https://git.lede-project.org/?p=source.git;a=commitdiff;h=875cddd94cea002fae1b7eeb20ef2098410c44c1|875cddd]]'' **<nowiki>iwinfo:</nowiki>** <nowiki>fix WPA cipher reporting</nowiki> //<color #ccc>(</color><color #282>+2</color><color #ccc>,</color><color #f00>-2</color><color #ccc>)</color>//\\
 => ''[[https://git.lede-project.org/?p=project/iwinfo.git;a=commitdiff;h=fd9e17be0c43bd6b8df5371f0b353747bc563874|fd9e17b]]'' **<nowiki>lua:</nowiki>** <nowiki>fix WPA cipher reporting</nowiki> //<color #ccc>(</color><color #282>+3</color><color #ccc>,</color><color #f00>-3</color><color #ccc>)</color>//\\
''[[https://git.lede-project.org/?p=source.git;a=commitdiff;h=76af0eff3f5a32fa33c7846cfbac4c0aae854d62|76af0ef]]'' **<nowiki>netifd:</nowiki>** <nowiki>update to the latest version, adds various fixes</nowiki> //<color #ccc>(</color><color #282>+2</color><color #ccc>,</color><color #f00>-2</color><color #ccc>)</color>//\\
 => ''[[https://git.lede-project.org/?p=project/netifd.git;a=commitdiff;h=5e0fb81b9a9a8ad8ef582d8d29d7d243e1903100|5e0fb81]]'' **<nowiki>wireless:</nowiki>** <nowiki>add retry_setup_failed to status notification</nowiki> //<color #ccc>(</color><color #282>+1</color><color #ccc>)</color>//\\
 => ''[[https://git.lede-project.org/?p=project/netifd.git;a=commitdiff;h=61e5fa84eca4176bc5b4f9769a5af79d85cf11c6|61e5fa8]]'' **<nowiki>wireless:</nowiki>** <nowiki>remove config_autostart</nowiki> //<color #ccc>(</color><color #282>+1</color><color #ccc>,</color><color #f00>-3</color><color #ccc>)</color>//\\
 => ''[[https://git.lede-project.org/?p=project/netifd.git;a=commitdiff;h=f56a7fbaa6f155c654e7d01b5c4c0594f21239d6|f56a7fb]]'' **<nowiki>device:</nowiki>** <nowiki>prepare for adding device handlers dynamically</nowiki> //<color #ccc>(</color><color #282>+53</color><color #ccc>,</color><color #f00>-42</color><color #ccc>)</color>//\\
 => ''[[https://git.lede-project.org/?p=project/netifd.git;a=commitdiff;h=8bf5df1d052a853579c0474dabc87af2d113fb53|8bf5df1]]'' **<nowiki>device:</nowiki>** <nowiki>add device handler list</nowiki> //<color #ccc>(</color><color #282>+68</color><color #ccc>,</color><color #f00>-21</color><color #ccc>)</color>//\\
 => ''[[https://git.lede-project.org/?p=project/netifd.git;a=commitdiff;h=83d3a901d3178a8840092b6e4f7f829b89da4ba0|83d3a90]]'' **<nowiki>bridge:</nowiki>** <nowiki>Allow setting multicast_fast_leave_option</nowiki> //<color #ccc>(</color><color #282>+21</color><color #ccc>)</color>//\\
 => ''[[https://git.lede-project.org/?p=project/netifd.git;a=commitdiff;h=7f6be657e2dabc185417520de4d0d0de2580c27d|7f6be65]]'' **<nowiki>interface-ip:</nowiki>** <nowiki>DNS name server sorting support in resolv.conf.auto</nowiki> //<color #ccc>(</color><color #282>+68</color><color #ccc>,</color><color #f00>-13</color><color #ccc>)</color>//\\
 => ''[[https://git.lede-project.org/?p=project/netifd.git;a=commitdiff;h=fe6ad84c7120a1000c9dcd3cabdc6249b36414a6|fe6ad84]]'' **<nowiki>interface-event:</nowiki>** <nowiki>Don't dequeue hotplug event in case of interface reload event</nowiki> //<color #ccc>(</color><color #282>+2</color><color #ccc>,</color><color #f00>-1</color><color #ccc>)</color>//\\
 => ''[[https://git.lede-project.org/?p=project/netifd.git;a=commitdiff;h=92889eca62fcd5b72d7c54101c35ff6d6d477c40|92889ec]]'' **<nowiki>device:</nowiki>** <nowiki>Move the different device type registrations to the device type file</nowiki> //<color #ccc>(</color><color #282>+26</color><color #ccc>,</color><color #f00>-17</color><color #ccc>)</color>//\\
 => ''[[https://git.lede-project.org/?p=project/netifd.git;a=commitdiff;h=a5c57037d6da0e0f739c83767bd051acad282c4d|a5c5703]]'' **<nowiki>bridge:</nowiki>** <nowiki>Make bridge_device_type static</nowiki> //<color #ccc>(</color><color #282>+2</color><color #ccc>,</color><color #f00>-3</color><color #ccc>)</color>//\\
 => ''[[https://git.lede-project.org/?p=project/netifd.git;a=commitdiff;h=9905bd411c13ff151cf90ddf9ea3041c5f0e56fb|9905bd4]]'' **<nowiki>macvlan:</nowiki>** <nowiki>Use macvlan as device type name</nowiki> //<color #ccc>(</color><color #282>+1</color><color #ccc>,</color><color #f00>-1</color><color #ccc>)</color>//\\
 => ''[[https://git.lede-project.org/?p=project/netifd.git;a=commitdiff;h=c22fe6777381e368f5e9ca3ef7b4258c4a2754b5|c22fe67]]'' **<nowiki>tunnel:</nowiki>** <nowiki>Use tunnel as device type name</nowiki> //<color #ccc>(</color><color #282>+1</color><color #ccc>,</color><color #f00>-1</color><color #ccc>)</color>//\\
 => ''[[https://git.lede-project.org/?p=project/netifd.git;a=commitdiff;h=824c5f4b3a041183604018e0068ccf123ee10221|824c5f4]]'' **<nowiki>vlandev:</nowiki>** <nowiki>Register 8021ad and 8021q s device types</nowiki> //<color #ccc>(</color><color #282>+14</color><color #ccc>,</color><color #f00>-3</color><color #ccc>)</color>//\\
 => ''[[https://git.lede-project.org/?p=project/netifd.git;a=commitdiff;h=e2dfdffad514acf4f6a55f4608802421b55be236|e2dfdff]]'' **<nowiki>vlandev:</nowiki>** <nowiki>Rework 8021ad/8021q detection based on vlandevice type</nowiki> //<color #ccc>(</color><color #282>+4</color><color #ccc>,</color><color #f00>-9</color><color #ccc>)</color>//\\
 => ''[[https://git.lede-project.org/?p=project/netifd.git;a=commitdiff;h=2bf80ba8c5ab4d01c6e8eb1b7ecebefea7f2d530|2bf80ba]]'' **<nowiki>device:</nowiki>** <nowiki>Drop device down event during device release if device gets active again</nowiki> //<color #ccc>(</color><color #282>+4</color><color #ccc>)</color>//\\
 => ''[[https://git.lede-project.org/?p=project/netifd.git;a=commitdiff;h=5479d6f1eefd1e5a7258b9eedbf92214a95db819|5479d6f]]'' **<nowiki>device:</nowiki>** <nowiki>ignore MTU values below minimum</nowiki> //<color #ccc>(</color><color #282>+2</color><color #ccc>,</color><color #f00>-2</color><color #ccc>)</color>//\\
''[[https://git.lede-project.org/?p=source.git;a=commitdiff;h=a79f3d11b3d7e4441544a2401f129bd055e84034|a79f3d1]]'' **<nowiki>gre:</nowiki>** <nowiki>Support fqdn as remote tunnel endpoint</nowiki> //<color #ccc>(</color><color #282>+31</color><color #ccc>,</color><color #f00>-5</color><color #ccc>)</color>//\\
''[[https://git.lede-project.org/?p=source.git;a=commitdiff;h=34528c4807de017c359d87d0cd3c415cc0ae1893|34528c4]]'' **<nowiki>dslite:</nowiki>** <nowiki>Quote resolveip hostname argument</nowiki> //<color #ccc>(</color><color #282>+8</color><color #ccc>,</color><color #f00>-4</color><color #ccc>)</color>//\\
''[[https://git.lede-project.org/?p=source.git;a=commitdiff;h=9edfe7dd13d973b2d0c754d79dabdeebaeb13d49|9edfe7d]]'' **<nowiki>source:</nowiki>** <nowiki>Switch to xz for packages and tools where possible</nowiki> //<color #ccc>(</color><color #282>+96</color><color #ccc>,</color><color #f00>-71</color><color #ccc>)</color>//\\
''[[https://git.lede-project.org/?p=source.git;a=commitdiff;h=3b9b963e6e08eedcf4abff60998027018ab73ecd|3b9b963]]'' **<nowiki>uqmi:</nowiki>** <nowiki>always use DHCP for IPv4</nowiki> //<color #ccc>(</color><color #282>+30</color><color #ccc>,</color><color #f00>-54</color><color #ccc>)</color>//\\
''[[https://git.lede-project.org/?p=source.git;a=commitdiff;h=db47363ff75fc2531627da8b3593df99cd9cbc18|db47363]]'' **<nowiki>uqmi:</nowiki>** <nowiki>re-enable autoconnect which was dropped without explanation</nowiki> //<color #ccc>(</color><color #282>+24</color><color #ccc>,</color><color #f00>-14</color><color #ccc>)</color>//\\
''[[https://git.lede-project.org/?p=source.git;a=commitdiff;h=1341b8873287b29efb0995719015d7b1b5a59f19|1341b88]]'' **<nowiki>odhcpd:</nowiki>** <nowiki>Upstep to git HEAD version</nowiki> //<color #ccc>(</color><color #282>+3</color><color #ccc>,</color><color #f00>-3</color><color #ccc>)</color>//\\
 => ''[[https://github.com/sbyx/odhcpd/commit/32b977a5336612a5c01f7426c4d165685fa8aca0|32b977a]]'' **<nowiki>config:</nowiki>** <nowiki>Close interface when ifindex cannot be resolved</nowiki> //<color #ccc>(</color><color #282>+5</color><color #ccc>,</color><color #f00>-2</color><color #ccc>)</color>//\\
 => ''[[https://github.com/sbyx/odhcpd/commit/045a6202903084c7053924f2cb40a95669fb139c|045a620]]'' **<nowiki>config:</nowiki>** <nowiki>Prioritize ifname resolving via ubus over ifname/networkid attributes</nowiki> //<color #ccc>(</color><color #282>+5</color><color #ccc>,</color><color #f00>-5</color><color #ccc>)</color>//\\
 => ''[[https://github.com/sbyx/odhcpd/commit/25f7c94b65dcd501c8f12e7515e3e33332ce3c9e|25f7c94]]'' **<nowiki>config:</nowiki>** <nowiki>blobmsg_check_attr expects bool type as last argument</nowiki> //<color #ccc>(</color><color #282>+5</color><color #ccc>,</color><color #f00>-5</color><color #ccc>)</color>//\\
 => ''[[https://github.com/sbyx/odhcpd/commit/e63a2837acfaf54c97a9db466bf485e9f7024fe8|e63a283]]'' <nowiki>Add per-host leasetime support</nowiki> //<color #ccc>(</color><color #282>+75</color><color #ccc>,</color><color #f00>-21</color><color #ccc>)</color>//\\
 => ''[[https://github.com/sbyx/odhcpd/commit/6292fcd5c2b73cdc3cbc8942672cf7a4173354b1|6292fcd]]'' **<nowiki>odhcpd:</nowiki>** <nowiki>remove superfluous log output.</nowiki> //<color #ccc>(</color><color #f00>-1</color><color #ccc>)</color>//\\
''[[https://git.lede-project.org/?p=source.git;a=commitdiff;h=b8135a5b969cab98719895dabe7573e33dea4ca3|b8135a5]]'' **<nowiki>network/config/swconfig:</nowiki>** <nowiki>drop Build/Prepare rule in favor of default one</nowiki> //<color #ccc>(</color><color #f00>-5</color><color #ccc>)</color>//\\
''[[https://git.lede-project.org/?p=source.git;a=commitdiff;h=8cf08b678357c25b29451f39863f6471aa517a5d|8cf08b6]]'' **<nowiki>network/ipv6/6rd:</nowiki>** <nowiki>drop Build/Prepare rule in favor of default one</nowiki> //<color #ccc>(</color><color #f00>-5</color><color #ccc>)</color>//\\
''[[https://git.lede-project.org/?p=source.git;a=commitdiff;h=d0345c6bb6f1cc983a24d9a3ecc0049353d27f6e|d0345c6]]'' **<nowiki>network/ipv6/map:</nowiki>** <nowiki>drop Build/Prepare rule in favor of default one</nowiki> //<color #ccc>(</color><color #f00>-5</color><color #ccc>)</color>//\\
''[[https://git.lede-project.org/?p=source.git;a=commitdiff;h=35129469ca7dd06d092f54971c5861fd549b4660|3512946]]'' **<nowiki>mbim:</nowiki>** <nowiki>add metric, defaultroute and peerdns options for mbim protocol</nowiki> //<color #ccc>(</color><color #282>+5</color><color #ccc>,</color><color #f00>-2</color><color #ccc>)</color>//\\
''[[https://git.lede-project.org/?p=source.git;a=commitdiff;h=85fbffd74b806e4fce6d78145a8a33b2e0d2872c|85fbffd]]'' **<nowiki>qmi:</nowiki>** <nowiki>add metric, defaultroute and peerdns options for qmi protocol</nowiki> //<color #ccc>(</color><color #282>+10</color><color #ccc>,</color><color #f00>-8</color><color #ccc>)</color>//\\
''[[https://git.lede-project.org/?p=source.git;a=commitdiff;h=89817614bb4f275996b72fc76e41acf3a031e716|8981761]]'' **<nowiki>netifd:</nowiki>** <nowiki>Request DHCP option 121 (classless route) by default</nowiki> //<color #ccc>(</color><color #282>+5</color><color #ccc>,</color><color #f00>-2</color><color #ccc>)</color>//\\
''[[https://git.lede-project.org/?p=source.git;a=commitdiff;h=311682905edb56abd31c7ece3664910586070b91|3116829]]'' **<nowiki>ipip:</nowiki>** <nowiki>Support fqdn as remote tunnel endpoint</nowiki> //<color #ccc>(</color><color #282>+16</color><color #ccc>,</color><color #f00>-3</color><color #ccc>)</color>//\\
''[[https://git.lede-project.org/?p=source.git;a=commitdiff;h=83ece71d63df949da566a79787e4162d7ed451ea|83ece71]]'' **<nowiki>netifd:</nowiki>** <nowiki>update to latest git HEAD</nowiki> //<color #ccc>(</color><color #282>+3</color><color #ccc>,</color><color #f00>-3</color><color #ccc>)</color>//\\
 => ''[[https://git.lede-project.org/?p=project/netifd.git;a=commitdiff;h=1615fc93b878eb28af434a7093631109197c7197|1615fc9]]'' **<nowiki>proto-shell:</nowiki>** <nowiki>add helpers for generic options in proto handlers</nowiki> //<color #ccc>(</color><color #282>+13</color><color #ccc>)</color>//\\
''[[https://git.lede-project.org/?p=source.git;a=commitdiff;h=9abdeee0b785a4f987e69010427fe32309ae4565|9abdeee]]'' **<nowiki>uqmi:</nowiki>** <nowiki>moved to WWAN submenu</nowiki> //<color #ccc>(</color><color #282>+1</color><color #ccc>)</color>//\\
''[[https://git.lede-project.org/?p=source.git;a=commitdiff;h=113544dccf113a8ed47e0a91ab2f6e02343c3e82|113544d]]'' **<nowiki>firewall:</nowiki>** <nowiki>update to fix FS#31, FS#73, FS#154, FS#248</nowiki> //<color #ccc>(</color><color #282>+3</color><color #ccc>,</color><color #f00>-3</color><color #ccc>)</color>//\\
 => ''[[https://git.lede-project.org/?p=project/firewall3.git;a=commitdiff;h=6009904eb4dfe91e3d0b5cb96c4095232a303835|6009904]]'' **<nowiki>zones:</nowiki>** <nowiki>restrict default ACCEPT rules to NEW ctstate</nowiki> //<color #ccc>(</color><color #282>+8</color><color #ccc>)</color>//\\
 => ''[[https://git.lede-project.org/?p=project/firewall3.git;a=commitdiff;h=b33f78371e7c7b6a131c2b6c01673cbd4b3c13d1|b33f783]]'' **<nowiki>defaults:</nowiki>** <nowiki>disable drop_invalid by default</nowiki> //<color #ccc>(</color><color #f00>-1</color><color #ccc>)</color>//\\
 => ''[[https://git.lede-project.org/?p=project/firewall3.git;a=commitdiff;h=6818f758fe8b0de9eae45adf4bae91a312cc8f0c|6818f75]]'' **<nowiki>zones:</nowiki>** <nowiki>allow untracked traffic as well</nowiki> //<color #ccc>(</color><color #282>+4</color><color #ccc>,</color><color #f00>-2</color><color #ccc>)</color>//\\
 => ''[[https://git.lede-project.org/?p=project/firewall3.git;a=commitdiff;h=18f4c6fda6afb912f53ded3112b1f270ddf5ff6c|18f4c6f]]'' **<nowiki>utils.h:</nowiki>** <nowiki>Avoid name clashes for setbit/delbit/hasbit</nowiki> //<color #ccc>(</color><color #282>+34</color><color #ccc>,</color><color #f00>-34</color><color #ccc>)</color>//\\
 => ''[[https://git.lede-project.org/?p=project/firewall3.git;a=commitdiff;h=c5c87e46994635c11b75d01129a57ba42570fa03|c5c87e4]]'' **<nowiki>iptables:</nowiki>** <nowiki>use different approach for managing loadable extensions</nowiki> //<color #ccc>(</color><color #282>+87</color><color #ccc>,</color><color #f00>-26</color><color #ccc>)</color>//\\
 => ''[[https://git.lede-project.org/?p=project/firewall3.git;a=commitdiff;h=097282eace13feb4a115b55d497588bf2b550f62|097282e]]'' **<nowiki>zones:</nowiki>** <nowiki>properly handle multiple masq_src / masq_dest negations (FS#248)</nowiki> //<color #ccc>(</color><color #282>+59</color><color #ccc>,</color><color #f00>-7</color><color #ccc>)</color>//\\
 => ''[[https://git.lede-project.org/?p=project/firewall3.git;a=commitdiff;h=dd013720b42d6df91176dc9e87f815dcd5d69519|dd01372]]'' **<nowiki>iptables:</nowiki>** <nowiki>add support for version 1.6.0</nowiki> //<color #ccc>(</color><color #282>+7</color><color #ccc>,</color><color #f00>-1</color><color #ccc>)</color>//\\
 => ''[[https://git.lede-project.org/?p=project/firewall3.git;a=commitdiff;h=010723ef8af18add1e592a55092d4b0e1c5e1efe|010723e]]'' **<nowiki>iptables:</nowiki>** <nowiki>fix loading standard target</nowiki> //<color #ccc>(</color><color #282>+8</color><color #ccc>,</color><color #f00>-1</color><color #ccc>)</color>//\\
 => ''[[https://git.lede-project.org/?p=project/firewall3.git;a=commitdiff;h=19acf041bfdb479e68d53699cc8940d21d76434b|19acf04]]'' **<nowiki>iptables:</nowiki>** <nowiki>optional loading of static extensions</nowiki> //<color #ccc>(</color><color #282>+15</color><color #ccc>,</color><color #f00>-3</color><color #ccc>)</color>//\\
 => ''[[https://git.lede-project.org/?p=project/firewall3.git;a=commitdiff;h=227530375704f8aa5ae3af0b88d7749f7cf7e7d0|2275303]]'' **<nowiki>iptables:</nowiki>** <nowiki>declare _GNU_SOURCE to define RTLD_NEXT</nowiki> //<color #ccc>(</color><color #282>+2</color><color #ccc>)</color>//\\
 => ''[[https://git.lede-project.org/?p=project/firewall3.git;a=commitdiff;h=37df903ae8efd88d740b1ed8cc2e0ae384226dd6|37df903]]'' **<nowiki>iptables:</nowiki>** <nowiki>rework extension loader</nowiki> //<color #ccc>(</color><color #282>+9</color><color #ccc>,</color><color #f00>-37</color><color #ccc>)</color>//\\
 => ''[[https://git.lede-project.org/?p=project/firewall3.git;a=commitdiff;h=c520966c2a92a14c931f411d502ed1a8dedf604d|c520966]]'' **<nowiki>main:</nowiki>** <nowiki>make failing ubus connection nonfatal</nowiki> //<color #ccc>(</color><color #282>+1</color><color #ccc>,</color><color #f00>-1</color><color #ccc>)</color>//\\
 => ''[[https://git.lede-project.org/?p=project/firewall3.git;a=commitdiff;h=786b15ff1460e8611eaa35ec024efe08fd3a5ebe|786b15f]]'' **<nowiki>iptables:</nowiki>** <nowiki>remove usage of xt_id</nowiki> //<color #ccc>(</color><color #282>+37</color><color #ccc>,</color><color #f00>-42</color><color #ccc>)</color>//\\
 => ''[[https://git.lede-project.org/?p=project/firewall3.git;a=commitdiff;h=6015fc07618173bc9cc44890e0f9c86081c80848|6015fc0]]'' **<nowiki>musl-compat:</nowiki>** <nowiki>avoid kernel header conflicts</nowiki> //<color #ccc>(</color><color #282>+5</color><color #ccc>)</color>//\\
 => ''[[https://git.lede-project.org/?p=project/firewall3.git;a=commitdiff;h=bd40ba4584141ce34f3d5c42841abafccad06bdd|bd40ba4]]'' **<nowiki>iptables:</nowiki>** <nowiki>move includes into iptables.c to avoid kernel header clashes</nowiki> //<color #ccc>(</color><color #282>+54</color><color #ccc>,</color><color #f00>-45</color><color #ccc>)</color>//\\
 => ''[[https://git.lede-project.org/?p=project/firewall3.git;a=commitdiff;h=0367860636aa55e9ee064709ec2814906e1f246b|0367860]]'' **<nowiki>forwards:</nowiki>** <nowiki>properly propagate conntrack flag</nowiki> //<color #ccc>(</color><color #282>+24</color><color #ccc>,</color><color #f00>-11</color><color #ccc>)</color>//\\
''[[https://git.lede-project.org/?p=source.git;a=commitdiff;h=e58f3f515fe3555d2f82569e37454c7ba067001c|e58f3f5]]'' **<nowiki>odhcpd:</nowiki>** <nowiki>Add reload support</nowiki> //<color #ccc>(</color><color #282>+5</color><color #ccc>,</color><color #f00>-1</color><color #ccc>)</color>//\\
''[[https://git.lede-project.org/?p=source.git;a=commitdiff;h=41164ba2dc2365f95f27db8b36e60b3c92db01a8|41164ba]]'' **<nowiki>odhcpd:</nowiki>** <nowiki>update to latest git HEAD</nowiki> //<color #ccc>(</color><color #282>+4</color><color #ccc>,</color><color #f00>-4</color><color #ccc>)</color>//\\
 => ''[[https://git.lede-project.org/?p=project/odhcpd.git;a=commitdiff;h=801cfeea100ca7b211c9841f0fcb757b17f47860|801cfee]]'' <nowiki>Correct a typo</nowiki> //<color #ccc>(</color><color #282>+1</color><color #ccc>,</color><color #f00>-1</color><color #ccc>)</color>//\\
 => ''[[https://git.lede-project.org/?p=project/odhcpd.git;a=commitdiff;h=6c3bc0141dacc88992583d6f2cdc8a360df7422d|6c3bc01]]'' **<nowiki>config:</nowiki>** <nowiki>Support infinite as DHCP pool leasetime value</nowiki> //<color #ccc>(</color><color #282>+33</color><color #ccc>,</color><color #f00>-26</color><color #ccc>)</color>//\\
 => ''[[https://git.lede-project.org/?p=project/odhcpd.git;a=commitdiff;h=44ca70ae6f0fb649cef47d9160ec1ee13e7844f1|44ca70a]]'' **<nowiki>dhcpv4:</nowiki>** <nowiki>Keep DHCPv4 assignment lifetime value in sync with assigned leasetime</nowiki> //<color #ccc>(</color><color #282>+7</color><color #ccc>,</color><color #f00>-4</color><color #ccc>)</color>//\\
 => ''[[https://git.lede-project.org/?p=project/odhcpd.git;a=commitdiff;h=4fc68bde9fd7b630a2b51fe189e10e26714abc4d|4fc68bd]]'' **<nowiki>ubus:</nowiki>** <nowiki>Fix displayed valid paramater for both DHCPv4 and DHCPv6 lease</nowiki> //<color #ccc>(</color><color #282>+6</color><color #ccc>,</color><color #f00>-4</color><color #ccc>)</color>//\\
 => ''[[https://git.lede-project.org/?p=project/odhcpd.git;a=commitdiff;h=d7732c6050cd091dac5e88b9b625e4cdb61acc69|d7732c6]]'' **<nowiki>dhcpv6-ia:</nowiki>** <nowiki>Display infinite lifetime as INT32_MAX in state file</nowiki> //<color #ccc>(</color><color #282>+4</color><color #ccc>,</color><color #f00>-2</color><color #ccc>)</color>//\\
 => ''[[https://git.lede-project.org/?p=project/odhcpd.git;a=commitdiff;h=371a80c7257d9207e242db15e257b12d4c0238b2|371a80c]]'' **<nowiki>dhcpv4:</nowiki>** <nowiki>Adding DHCP client leasetime request support</nowiki> //<color #ccc>(</color><color #282>+16</color><color #ccc>,</color><color #f00>-18</color><color #ccc>)</color>//\\
''[[https://git.lede-project.org/?p=source.git;a=commitdiff;h=320d8fa3bc0f04f255fda8a23cc9ec1486f8a96a|320d8fa]]'' **<nowiki>odhcpd:</nowiki>** <nowiki>update to latest git HEAD</nowiki> //<color #ccc>(</color><color #282>+2</color><color #ccc>,</color><color #f00>-2</color><color #ccc>)</color>//\\
 => ''[[https://git.lede-project.org/?p=project/odhcpd.git;a=commitdiff;h=a94aff09bc3a36b7ebe6cdc90323f396fa2f78c8|a94aff0]]'' <nowiki>enable loglevel setting via command line</nowiki> //<color #ccc>(</color><color #282>+24</color><color #ccc>,</color><color #f00>-2</color><color #ccc>)</color>//\\
 => ''[[https://git.lede-project.org/?p=project/odhcpd.git;a=commitdiff;h=5f425ed1e5f92397e27ec4f44820b6ef677b8134|5f425ed]]'' <nowiki>Respect interface "ignore" settings as documented.</nowiki> //<color #ccc>(</color><color #282>+4</color><color #ccc>,</color><color #f00>-4</color><color #ccc>)</color>//\\
''[[https://git.lede-project.org/?p=source.git;a=commitdiff;h=4da8bde638471c5ac5d7009b2424ee144c372a34|4da8bde]]'' **<nowiki>netifd:</nowiki>** <nowiki>update to the latest version</nowiki> //<color #ccc>(</color><color #282>+3</color><color #ccc>,</color><color #f00>-3</color><color #ccc>)</color>//\\
 => ''[[https://git.lede-project.org/?p=project/netifd.git;a=commitdiff;h=c66b0fe37d20fa10777aef6f3580af15f5edd07e|c66b0fe]]'' **<nowiki>bridge:</nowiki>** <nowiki>Don't use device name as bridge member name</nowiki> //<color #ccc>(</color><color #282>+12</color><color #ccc>,</color><color #f00>-7</color><color #ccc>)</color>//\\
 => ''[[https://git.lede-project.org/?p=project/netifd.git;a=commitdiff;h=bf4cfc851d422c742e7c38bd552b792194655a7e|bf4cfc8]]'' **<nowiki>wireless:</nowiki>** <nowiki>Call wireless_interface_handle_link before deleting the vif</nowiki> //<color #ccc>(</color><color #282>+1</color><color #ccc>)</color>//\\
 => ''[[https://git.lede-project.org/?p=project/netifd.git;a=commitdiff;h=b8ef742bd04ebef324ae11aee56c6e1d2cb7e0ad|b8ef742]]'' **<nowiki>interface:</nowiki>** <nowiki>Fix triggering of interface update event</nowiki> //<color #ccc>(</color><color #282>+10</color><color #ccc>,</color><color #f00>-8</color><color #ccc>)</color>//\\
 => ''[[https://git.lede-project.org/?p=project/netifd.git;a=commitdiff;h=6cf66bb0a02f3993394c0408c2865bfaf2756f21|6cf66bb]]'' **<nowiki>system-linux:</nowiki>** <nowiki>check for open failure</nowiki> //<color #ccc>(</color><color #282>+2</color><color #ccc>)</color>//\\
 => ''[[https://git.lede-project.org/?p=project/netifd.git;a=commitdiff;h=d51ce171c7588b3dbcfdfccfa8d2c5d5c9733e81|d51ce17]]'' **<nowiki>system-linux:</nowiki>** <nowiki>cosmetic cleanup</nowiki> //<color #ccc>(</color><color #282>+3</color><color #ccc>,</color><color #f00>-1</color><color #ccc>)</color>//\\
 => ''[[https://git.lede-project.org/?p=project/netifd.git;a=commitdiff;h=96c53518ffdd470768a224fbdb697294639a8370|96c5351]]'' **<nowiki>bridge:</nowiki>** <nowiki>fix MAC address override on config reload</nowiki> //<color #ccc>(</color><color #282>+3</color><color #ccc>)</color>//\\
 => ''[[https://git.lede-project.org/?p=project/netifd.git;a=commitdiff;h=97692acd9e00d3c57cd399fbb0980717d4033659|97692ac]]'' **<nowiki>ubus:</nowiki>** <nowiki>Use device_find to find a device when displaying device info</nowiki> //<color #ccc>(</color><color #282>+1</color><color #ccc>,</color><color #f00>-1</color><color #ccc>)</color>//\\
 => ''[[https://git.lede-project.org/?p=project/netifd.git;a=commitdiff;h=153a12143b9fef4b5d3c3a6597f6fe967a17c9d7|153a121]]'' **<nowiki>device:</nowiki>** <nowiki>Use device_find for better readibility in device_create</nowiki> //<color #ccc>(</color><color #282>+1</color><color #ccc>,</color><color #f00>-1</color><color #ccc>)</color>//\\
''[[https://git.lede-project.org/?p=source.git;a=commitdiff;h=898857f77af3815a7fb64eb35be1898c52b2e32d|898857f]]'' **<nowiki>ppp:</nowiki>** <nowiki>Split the ppp-up for the IPv6 part</nowiki> //<color #ccc>(</color><color #282>+29</color><color #ccc>,</color><color #f00>-12</color><color #ccc>)</color>//\\
''[[https://git.lede-project.org/?p=source.git;a=commitdiff;h=a7c2310278c3554e78f26f6f84803669d9573dc6|a7c2310]]'' **<nowiki>odhcpd:</nowiki>** <nowiki>Fix dnsmasq re-reading hostfile</nowiki> //<color #ccc>(</color><color #282>+5</color><color #ccc>,</color><color #f00>-2</color><color #ccc>)</color>//\\
''[[https://git.lede-project.org/?p=source.git;a=commitdiff;h=2daab45cae3cfc09bae96f4326a3963a7504e86d|2daab45]]'' **<nowiki>firewall3:</nowiki>** <nowiki>drop support for automatic NOTRACK rules</nowiki> //<color #ccc>(</color><color #282>+3</color><color #ccc>,</color><color #f00>-3</color><color #ccc>)</color>//\\
''[[https://git.lede-project.org/?p=source.git;a=commitdiff;h=2e2748b05307b2abba00f0dd5dc2aaaab18d5057|2e2748b]]'' **<nowiki>uqmi:</nowiki>** <nowiki>Add support for specifying profile index</nowiki> //<color #ccc>(</color><color #282>+93</color><color #ccc>,</color><color #f00>-82</color><color #ccc>)</color>//\\
''[[https://git.lede-project.org/?p=source.git;a=commitdiff;h=e82c8d6e20ab34f61621ec9ab7d16959d268124d|e82c8d6]]'' **<nowiki>swconfig:</nowiki>** <nowiki>replace the shared library with a static one</nowiki> //<color #ccc>(</color><color #282>+5</color><color #ccc>,</color><color #f00>-5</color><color #ccc>)</color>//\\
''[[https://git.lede-project.org/?p=source.git;a=commitdiff;h=fb74550bdfb4bc19685d7d5d34087f89a68d50e5|fb74550]]'' **<nowiki>odhcpd:</nowiki>** <nowiki>update sha256sum</nowiki> //<color #ccc>(</color><color #282>+1</color><color #ccc>,</color><color #f00>-1</color><color #ccc>)</color>//\\
''[[https://git.lede-project.org/?p=source.git;a=commitdiff;h=44ac4adb34dc35d2f294ab3340e7d09edea0b076|44ac4ad]]'' **<nowiki>map:</nowiki>** <nowiki>Have cmake find libubus.h</nowiki> //<color #ccc>(</color><color #282>+3</color><color #ccc>)</color>//\\
''[[https://git.lede-project.org/?p=source.git;a=commitdiff;h=7d760284a73675e5675d18ecb2d2130d117aaf4e|7d76028]]'' **<nowiki>odhcp6c:</nowiki>** <nowiki>Pass parameters to user dhcpv6 script</nowiki> //<color #ccc>(</color><color #282>+3</color><color #ccc>,</color><color #f00>-3</color><color #ccc>)</color>//\\
''[[https://git.lede-project.org/?p=source.git;a=commitdiff;h=720b99215da295a2e7b4acdef30b58bec6acedc2|720b992]]'' **<nowiki>treewide:</nowiki>** <nowiki>clean up download hashes</nowiki> //<color #ccc>(</color><color #282>+300</color><color #ccc>,</color><color #f00>-283</color><color #ccc>)</color>//\\
''[[https://git.lede-project.org/?p=source.git;a=commitdiff;h=6f77b8d510e2308f85344cd46de96dadc07a6cb9|6f77b8d]]'' **<nowiki>odhcpd:</nowiki>** <nowiki>Bump to git HEAD version (various fixes)</nowiki> //<color #ccc>(</color><color #282>+3</color><color #ccc>,</color><color #f00>-3</color><color #ccc>)</color>//\\
 => ''[[https://git.lede-project.org/?p=project/odhcpd.git;a=commitdiff;h=01c919c49ccbc8ded444f7eedc1db04aa2fa2f9b|01c919c]]'' **<nowiki>odhcpd:</nowiki>** <nowiki>Display infinite valid lifetime as -1</nowiki> //<color #ccc>(</color><color #282>+10</color><color #ccc>,</color><color #f00>-10</color><color #ccc>)</color>//\\
 => ''[[https://git.lede-project.org/?p=project/odhcpd.git;a=commitdiff;h=374dc3f13623df58275d9da51637976c34be125d|374dc3f]]'' **<nowiki>cmake:</nowiki>** <nowiki>Find libubox/uloop.h</nowiki> //<color #ccc>(</color><color #282>+2</color><color #ccc>)</color>//\\
 => ''[[https://git.lede-project.org/?p=project/odhcpd.git;a=commitdiff;h=be6c5159a46bf2fb813456e53f217a415743ed4c|be6c515]]'' **<nowiki>dhcpv6-ia:</nowiki>** <nowiki>Fix assignment of static DHCPv6 leases</nowiki> //<color #ccc>(</color><color #282>+3</color><color #ccc>,</color><color #f00>-1</color><color #ccc>)</color>//\\
 => ''[[https://git.lede-project.org/?p=project/odhcpd.git;a=commitdiff;h=41b52688403016017eca812315a7206b6d27c097|41b5268]]'' <nowiki>dhcpv6-ia : Fix static DHCPv6 assignments becoming non static</nowiki> //<color #ccc>(</color><color #282>+14</color><color #ccc>,</color><color #f00>-5</color><color #ccc>)</color>//\\
 => ''[[https://git.lede-project.org/?p=project/odhcpd.git;a=commitdiff;h=3af23ad72888393a863d7be545d1bd5af99ca442|3af23ad]]'' **<nowiki>config:</nowiki>** <nowiki>Fix RA interface config being overwritten</nowiki> //<color #ccc>(</color><color #282>+5</color><color #ccc>,</color><color #f00>-4</color><color #ccc>)</color>//\\
 => ''[[https://git.lede-project.org/?p=project/odhcpd.git;a=commitdiff;h=e05553099c47b92420c21ff30b07709dfa40a84a|e055530]]'' <nowiki>Don't print non bound assignments in the state file</nowiki> //<color #ccc>(</color><color #282>+51</color><color #ccc>,</color><color #f00>-19</color><color #ccc>)</color>//\\
''[[https://git.lede-project.org/?p=source.git;a=commitdiff;h=ef94b9d08ec73d7fbc388a3ae27b5ca893801889|ef94b9d]]'' **<nowiki>mdns:</nowiki>** <nowiki>bump to latest git HEAD</nowiki> //<color #ccc>(</color><color #282>+2</color><color #ccc>,</color><color #f00>-2</color><color #ccc>)</color>//\\
 => ''[[https://git.lede-project.org/?p=project/mdnsd.git;a=commitdiff;h=846369c71ce8538170d3fd088c44e52f4f197f5c|846369c]]'' <nowiki>Revert "mdnsd: interface: enable looped back messages"</nowiki> //<color #ccc>(</color><color #282>+4</color><color #ccc>,</color><color #f00>-4</color><color #ccc>)</color>//\\
 => ''[[https://git.lede-project.org/?p=project/mdnsd.git;a=commitdiff;h=1fa9077d63b7a1083f71ec058c338b4fb8afebe9|1fa9077]]'' <nowiki>Fix IPv6 read</nowiki> //<color #ccc>(</color><color #282>+1</color><color #ccc>,</color><color #f00>-1</color><color #ccc>)</color>//\\
 => ''[[https://git.lede-project.org/?p=project/mdnsd.git;a=commitdiff;h=be8ae8d0b5f2e8651edf0cc8f35916fc4b71d1ac|be8ae8d]]'' **<nowiki>cmake:</nowiki>** <nowiki>Search for libjson-c</nowiki> //<color #ccc>(</color><color #282>+1</color><color #ccc>,</color><color #f00>-1</color><color #ccc>)</color>//\\
''[[https://git.lede-project.org/?p=source.git;a=commitdiff;h=6439e396772a67bf058ff76b15cb9a6dec1882cc|6439e39]]'' **<nowiki>uqmi:</nowiki>** <nowiki>add support of using device symlinks.</nowiki> //<color #ccc>(</color><color #282>+2</color><color #ccc>)</color>//\\
''[[https://git.lede-project.org/?p=source.git;a=commitdiff;h=4146047eaf33987e7fb2dea85d947954eafac3bc|4146047]]'' **<nowiki>uqmi:</nowiki>** <nowiki>bump to latest git HEAD</nowiki> //<color #ccc>(</color><color #282>+2</color><color #ccc>,</color><color #f00>-2</color><color #ccc>)</color>//\\
 => ''[[https://git.lede-project.org/?p=project/uqmi.git;a=commitdiff;h=1dc7be1a2c5fa6c56b6293ae4540bdc16fbe2cb2|1dc7be1]]'' **<nowiki>uqmi:</nowiki>** <nowiki>Add sync command to release all cids.</nowiki> //<color #ccc>(</color><color #282>+10</color><color #ccc>)</color>//\\
 => ''[[https://git.lede-project.org/?p=project/uqmi.git;a=commitdiff;h=8ceeab690d8c6f1e3afbd4bcaee7bc2ba3fbe165|8ceeab6]]'' **<nowiki>uqmi:</nowiki>** <nowiki>Change returned value to QMI_CMD_REQUEST for 'sync' command.</nowiki> //<color #ccc>(</color><color #282>+1</color><color #ccc>,</color><color #f00>-1</color><color #ccc>)</color>//\\
''[[https://git.lede-project.org/?p=source.git;a=commitdiff;h=600d648a0db310de25d554fcebcdb46e682ae274|600d648]]'' **<nowiki>uqmi:</nowiki>** <nowiki>Prevent 'POLICY MISMATH' error.</nowiki> //<color #ccc>(</color><color #282>+1</color><color #ccc>)</color>//\\
''[[https://git.lede-project.org/?p=source.git;a=commitdiff;h=00dbfa176474a6b441c57023a2d03c0c56a0b063|00dbfa1]]'' **<nowiki>odhcpd:</nowiki>** <nowiki>Use procd_send_signal in odhcpd-update file</nowiki> //<color #ccc>(</color><color #282>+3</color><color #ccc>,</color><color #f00>-5</color><color #ccc>)</color>//\\
''[[https://git.lede-project.org/?p=source.git;a=commitdiff;h=6c82f8a4833144ad54a204e002867330f5d3b071|6c82f8a]]'' **<nowiki>uqmi:</nowiki>** <nowiki>add plmn set functionality for netifd proto handler</nowiki> //<color #ccc>(</color><color #282>+22</color><color #ccc>,</color><color #f00>-2</color><color #ccc>)</color>//\\
''[[https://git.lede-project.org/?p=source.git;a=commitdiff;h=5ab258e57a5342160cf6c225c265828efd52cee4|5ab258e]]'' **<nowiki>gre:</nowiki>** <nowiki>add empty install rules for grev4 & grev6</nowiki> //<color #ccc>(</color><color #282>+8</color><color #ccc>)</color>//\\
''[[https://git.lede-project.org/?p=source.git;a=commitdiff;h=f67867adb054e16a73c5f644e5bdf77e64eaddcf|f67867a]]'' **<nowiki>vti:</nowiki>** <nowiki>add empty install rules for vtiv4 & vtiv6</nowiki> //<color #ccc>(</color><color #282>+8</color><color #ccc>)</color>//\\
''[[https://git.lede-project.org/?p=source.git;a=commitdiff;h=c7c1cf5618b6ca983c20510814b762eeab4937e5|c7c1cf5]]'' **<nowiki>treewide:</nowiki>** <nowiki>clean up and unify PKG_VERSION for git based downloads</nowiki> //<color #ccc>(</color><color #282>+140</color><color #ccc>,</color><color #f00>-284</color><color #ccc>)</color>//\\
''[[https://git.lede-project.org/?p=source.git;a=commitdiff;h=4c9d2c04bae3042007b1314785c0e35049e067d6|4c9d2c0]]'' **<nowiki>gre:</nowiki>** <nowiki>Remove ttl default value assignment (FS#312)</nowiki> //<color #ccc>(</color><color #282>+2</color><color #ccc>,</color><color #f00>-2</color><color #ccc>)</color>//\\
''[[https://git.lede-project.org/?p=source.git;a=commitdiff;h=2e41b2c37a0e3efbc43c2d73dface331c5e35b4f|2e41b2c]]'' **<nowiki>netifd:</nowiki>** <nowiki>Upstep to git HEAD version</nowiki> //<color #ccc>(</color><color #282>+3</color><color #ccc>,</color><color #f00>-3</color><color #ccc>)</color>//\\
 => ''[[https://git.lede-project.org/?p=project/netifd.git;a=commitdiff;h=edc15caac6c6d3b2d8ea17f98ecbaba81ba573dc|edc15ca]]'' **<nowiki>ubus:</nowiki>** <nowiki>Display the IPv6 prefix assigned address</nowiki> //<color #ccc>(</color><color #282>+10</color><color #ccc>,</color><color #f00>-1</color><color #ccc>)</color>//\\
 => ''[[https://git.lede-project.org/?p=project/netifd.git;a=commitdiff;h=0249d5f8515c13181d7995830f5a4a82eb3d70bd|0249d5f]]'' **<nowiki>system-linux:</nowiki>** <nowiki>Don't set gre tunnel ttl by default to 64 (#FS312)</nowiki> //<color #ccc>(</color><color #282>+15</color><color #ccc>,</color><color #f00>-8</color><color #ccc>)</color>//\\
 => ''[[https://git.lede-project.org/?p=project/netifd.git;a=commitdiff;h=c99182e96d2b66bab77d9eb9584ca7e0211966aa|c99182e]]'' <nowiki>remove obsolete /opt/local prefix on Mac OS X</nowiki> //<color #ccc>(</color><color #f00>-5</color><color #ccc>)</color>//\\
 => ''[[https://git.lede-project.org/?p=project/netifd.git;a=commitdiff;h=64a655d8ffa9f0cea1bbdd35cac6b3b99b865270|64a655d]]'' **<nowiki>proto:</nowiki>** <nowiki>allow configuring deprecated static IPv6 addresses</nowiki> //<color #ccc>(</color><color #282>+14</color><color #ccc>,</color><color #f00>-5</color><color #ccc>)</color>//\\
''[[https://git.lede-project.org/?p=source.git;a=commitdiff;h=bdd2b67414d11372d3f5a1185c73aa290c75c034|bdd2b67]]'' **<nowiki>odhcpd:</nowiki>** <nowiki>Use procd_send_signal in reload_service</nowiki> //<color #ccc>(</color><color #282>+1</color><color #ccc>,</color><color #f00>-1</color><color #ccc>)</color>//\\
''[[https://git.lede-project.org/?p=source.git;a=commitdiff;h=1b5640be33a2304fc121ed6788ff9f754cbdda4f|1b5640b]]'' **<nowiki>odhcpd:</nowiki>** <nowiki>bump to git HEAD</nowiki> //<color #ccc>(</color><color #282>+3</color><color #ccc>,</color><color #f00>-3</color><color #ccc>)</color>//\\
 => ''[[https://git.lede-project.org/?p=project/odhcpd.git;a=commitdiff;h=93ab25b2160ac8a2da6d5dc6ead003e9b8abf9c7|93ab25b]]'' **<nowiki>router:</nowiki>** <nowiki>skip parse_routes when ra_default > 1</nowiki> //<color #ccc>(</color><color #282>+2</color><color #ccc>,</color><color #f00>-2</color><color #ccc>)</color>//\\
 => ''[[https://git.lede-project.org/?p=project/odhcpd.git;a=commitdiff;h=8dc2a59dcaef51be41cf82621c0e00eac88074aa|8dc2a59]]'' <nowiki>Revert "Respect interface "ignore" settings as documented."</nowiki> //<color #ccc>(</color><color #282>+4</color><color #ccc>,</color><color #f00>-4</color><color #ccc>)</color>//\\
''[[https://git.lede-project.org/?p=source.git;a=commitdiff;h=3f20fd4ee0a5450fcbacab56f337e5cf3dd5991f|3f20fd4]]'' **<nowiki>relayd:</nowiki>** <nowiki>fix reload / interface restart issues</nowiki> //<color #ccc>(</color><color #282>+2</color><color #ccc>,</color><color #f00>-4</color><color #ccc>)</color>//\\
''[[https://git.lede-project.org/?p=source.git;a=commitdiff;h=6b524fe5b8c51fddbfe49d6bcde5f8f126992820|6b524fe]]'' **<nowiki>relayd:</nowiki>** <nowiki>fix expiry time handling</nowiki> //<color #ccc>(</color><color #282>+1</color><color #ccc>,</color><color #f00>-1</color><color #ccc>)</color>//\\
''[[https://git.lede-project.org/?p=source.git;a=commitdiff;h=b7677f05d6a671c42da965df307b879e5615a36d|b7677f0]]'' **<nowiki>ustream-ssl:</nowiki>** <nowiki>remove extra DEFAULT_VARIANT from libustream-polarssl</nowiki> //<color #ccc>(</color><color #282>+1</color><color #ccc>,</color><color #f00>-2</color><color #ccc>)</color>//\\
''[[https://git.lede-project.org/?p=source.git;a=commitdiff;h=55209a9df93992b4326f0620eab39f73b39bfef3|55209a9]]'' **<nowiki>uclient:</nowiki>** <nowiki>Update to 2016-12-09</nowiki> //<color #ccc>(</color><color #282>+3</color><color #ccc>,</color><color #f00>-3</color><color #ccc>)</color>//\\
 => ''[[https://git.lede-project.org/?p=project/uclient.git;a=commitdiff;h=48cfff3fbec9be3a9b7bd6e654812ad58a67d1d1|48cfff3]]'' **<nowiki>uclient-http:</nowiki>** <nowiki>send correct "Host:" header if port is set</nowiki> //<color #ccc>(</color><color #282>+4</color><color #ccc>,</color><color #f00>-2</color><color #ccc>)</color>//\\
 => ''[[https://git.lede-project.org/?p=project/uclient.git;a=commitdiff;h=a4e49b4163b28b2d12e718e66c4fcba87acef33e|a4e49b4]]'' <nowiki>Fix unused results warnings</nowiki> //<color #ccc>(</color><color #282>+15</color><color #ccc>,</color><color #f00>-6</color><color #ccc>)</color>//\\
 => ''[[https://git.lede-project.org/?p=project/uclient.git;a=commitdiff;h=52d955fd802a4d990b7ff9116f02ff52aa63ffec|52d955f]]'' <nowiki>remove obsolete mac os x /opt/local include/library search path</nowiki> //<color #ccc>(</color><color #f00>-5</color><color #ccc>)</color>//\\
''[[https://git.lede-project.org/?p=source.git;a=commitdiff;h=c6d3a62919a7f993be625391d8593c84423aa021|c6d3a62]]'' **<nowiki>gre:</nowiki>** <nowiki>add different per-protocol prefixes to GRE-TAP IPv4/6 tunnel interfaces.</nowiki> //<color #ccc>(</color><color #282>+21</color><color #ccc>,</color><color #f00>-7</color><color #ccc>)</color>//\\
''[[https://git.lede-project.org/?p=source.git;a=commitdiff;h=34fa03ea16e5630a4c56074103b7ce641c9ddb0c|34fa03e]]'' **<nowiki>odhcp6c:</nowiki>** <nowiki>bump to git HEAD version</nowiki> //<color #ccc>(</color><color #282>+5</color><color #ccc>,</color><color #f00>-5</color><color #ccc>)</color>//\\
 => ''[[https://git.lede-project.org/?p=project/odhcp6c.git;a=commitdiff;h=33a2ba1c14eb5447326945c120e0b64a587ed151|33a2ba1]]'' **<nowiki>odhcp6c:</nowiki>** <nowiki>reuse md5 from libubox</nowiki> //<color #ccc>(</color><color #282>+16</color><color #ccc>,</color><color #f00>-2</color><color #ccc>)</color>//\\
''[[https://git.lede-project.org/?p=source.git;a=commitdiff;h=1175a5b153061b677513fb75c5fe7b1a57dc2bd0|1175a5b]]'' **<nowiki>odhcpd:</nowiki>** <nowiki>bump to git HEAD version</nowiki> //<color #ccc>(</color><color #282>+3</color><color #ccc>,</color><color #f00>-3</color><color #ccc>)</color>//\\
 => ''[[https://git.lede-project.org/?p=project/odhcpd.git;a=commitdiff;h=4c89614ccf5d72ee0c0824e5050a8814748a32c3|4c89614]]'' <nowiki>Limit lifetime of non-static leases in case of release and decline</nowiki> //<color #ccc>(</color><color #282>+18</color><color #ccc>,</color><color #f00>-13</color><color #ccc>)</color>//\\
 => ''[[https://git.lede-project.org/?p=project/odhcpd.git;a=commitdiff;h=700f5abbeff4e3dcc0f6b12d4883315e2cfb9b74|700f5ab]]'' **<nowiki>dhcpv4:</nowiki>** <nowiki>fix DHCPv4 hostname handling</nowiki> //<color #ccc>(</color><color #282>+49</color><color #ccc>,</color><color #f00>-47</color><color #ccc>)</color>//\\
 => ''[[https://git.lede-project.org/?p=project/odhcpd.git;a=commitdiff;h=f01e5383616dad18c29facf9fe94150f0a78ca78|f01e538]]'' **<nowiki>dhcpv4:</nowiki>** <nowiki>make dhcpv4_msg_to_string static</nowiki> //<color #ccc>(</color><color #282>+24</color><color #ccc>,</color><color #f00>-24</color><color #ccc>)</color>//\\
 => ''[[https://git.lede-project.org/?p=project/odhcpd.git;a=commitdiff;h=1d55edbf1c90568ad37ff394b548e7143c4e0e7b|1d55edb]]'' **<nowiki>dhcpv6-ia:</nowiki>** <nowiki>make free_dhcpv6_assignment static</nowiki> //<color #ccc>(</color><color #282>+15</color><color #ccc>,</color><color #f00>-29</color><color #ccc>)</color>//\\
 => ''[[https://git.lede-project.org/?p=project/odhcpd.git;a=commitdiff;h=ec833f4381607dda4fd73b8aef842c778300176a|ec833f4]]'' **<nowiki>dhcpv6-ia:</nowiki>** <nowiki>use free_dhcpv6_assignment where needed</nowiki> //<color #ccc>(</color><color #282>+2</color><color #ccc>,</color><color #f00>-4</color><color #ccc>)</color>//\\
 => ''[[https://git.lede-project.org/?p=project/odhcpd.git;a=commitdiff;h=0572d1abbadf7b955f2788d04ca3d00f45963e6a|0572d1a]]'' **<nowiki>config:</nowiki>** <nowiki>Create statefile dir</nowiki> //<color #ccc>(</color><color #282>+33</color><color #ccc>)</color>//\\
 => ''[[https://git.lede-project.org/?p=project/odhcpd.git;a=commitdiff;h=c24782ada0932c25fd4063d4102670c79bbcf917|c24782a]]'' **<nowiki>config:</nowiki>** <nowiki>coding style fixes</nowiki> //<color #ccc>(</color><color #282>+14</color><color #ccc>,</color><color #f00>-28</color><color #ccc>)</color>//\\
 => ''[[https://git.lede-project.org/?p=project/odhcpd.git;a=commitdiff;h=bf4ebc0bf37c0a0dce6143f8db70b0bef40332d2|bf4ebc0]]'' **<nowiki>config:</nowiki>** <nowiki>use free_lease to delete a lease</nowiki> //<color #ccc>(</color><color #282>+14</color><color #ccc>,</color><color #f00>-10</color><color #ccc>)</color>//\\
 => ''[[https://git.lede-project.org/?p=project/odhcpd.git;a=commitdiff;h=60c396937959aff9b5358e7a5ab788f0f5f30ed4|60c3969]]'' <nowiki>dhcpv6-ia : code style fixes</nowiki> //<color #ccc>(</color><color #282>+43</color><color #ccc>,</color><color #f00>-39</color><color #ccc>)</color>//\\
 => ''[[https://git.lede-project.org/?p=project/odhcpd.git;a=commitdiff;h=13937ab37916cd983cf89ab215cd9f7221633d8c|13937ab]]'' **<nowiki>dhcpv6-ia:</nowiki>** <nowiki>fix delete logic of an assignment in reconf_timer</nowiki> //<color #ccc>(</color><color #282>+2</color><color #ccc>,</color><color #f00>-3</color><color #ccc>)</color>//\\
 => ''[[https://git.lede-project.org/?p=project/odhcpd.git;a=commitdiff;h=541219e7795a5137c1cd32829064419e479ea4a7|541219e]]'' **<nowiki>dhcpv6-ia:</nowiki>** <nowiki>fix invalid IPv6/hostname entries in statefile</nowiki> //<color #ccc>(</color><color #282>+26</color><color #ccc>,</color><color #f00>-21</color><color #ccc>)</color>//\\
 => ''[[https://git.lede-project.org/?p=project/odhcpd.git;a=commitdiff;h=95b76c2e65e726119773799806b2f1c48b5ea4a2|95b76c2]]'' **<nowiki>README:</nowiki>** <nowiki>Add host leasetime uci parameter</nowiki> //<color #ccc>(</color><color #282>+1</color><color #ccc>)</color>//\\
 => ''[[https://git.lede-project.org/?p=project/odhcpd.git;a=commitdiff;h=0b45fce0859e4726e27f408016ef2f7d210c847f|0b45fce]]'' **<nowiki>dhcpv4:</nowiki>** <nowiki>coding style fixes</nowiki> //<color #ccc>(</color><color #282>+34</color><color #ccc>,</color><color #f00>-35</color><color #ccc>)</color>//\\
 => ''[[https://git.lede-project.org/?p=project/odhcpd.git;a=commitdiff;h=561890e1ce8aa467a83db5f05e563a00d4d9aa47|561890e]]'' **<nowiki>dhcpv6-ia:</nowiki>** <nowiki>update valid_until only for non static DHCPv6 leases</nowiki> //<color #ccc>(</color><color #282>+8</color><color #ccc>,</color><color #f00>-3</color><color #ccc>)</color>//\\
 => ''[[https://git.lede-project.org/?p=project/odhcpd.git;a=commitdiff;h=11ce6b5f0eaa9eac8cfcb77a89829275ebf04f96|11ce6b5]]'' **<nowiki>dhcpv6-ia:</nowiki>** <nowiki>coding style fixes</nowiki> //<color #ccc>(</color><color #282>+6</color><color #ccc>,</color><color #f00>-5</color><color #ccc>)</color>//\\
 => ''[[https://git.lede-project.org/?p=project/odhcpd.git;a=commitdiff;h=091d8a94a6b7325309c3354344b96ff37aed52e2|091d8a9]]'' **<nowiki>dhcpv6-ia:</nowiki>** <nowiki>fix static assignment check</nowiki> //<color #ccc>(</color><color #282>+1</color><color #ccc>,</color><color #f00>-1</color><color #ccc>)</color>//\\
''[[https://git.lede-project.org/?p=source.git;a=commitdiff;h=621f8cbfae2437b793170ae3b4da7555be32212e|621f8cb]]'' **<nowiki>odhcpd:</nowiki>** <nowiki>bump to git HEAD</nowiki> //<color #ccc>(</color><color #282>+3</color><color #ccc>,</color><color #f00>-3</color><color #ccc>)</color>//\\
 => ''[[https://git.lede-project.org/?p=project/odhcpd.git;a=commitdiff;h=08a93676f4d3d13fa417a1f109b40d6c577dfb76|08a9367]]'' **<nowiki>config:</nowiki>** <nowiki>respect ignore uci option</nowiki> //<color #ccc>(</color><color #282>+7</color><color #ccc>,</color><color #f00>-5</color><color #ccc>)</color>//\\
 => ''[[https://git.lede-project.org/?p=project/odhcpd.git;a=commitdiff;h=d6b0c9904f283a75d292030b7e0e968f37c1c7de|d6b0c99]]'' **<nowiki>dhcpv6-ia:</nowiki>** <nowiki>log only IPv6 addresses which are effectively assigned to a DHCPv6...</nowiki> //<color #ccc>(</color><color #282>+17</color><color #ccc>,</color><color #f00>-9</color><color #ccc>)</color>//\\
 => ''[[https://git.lede-project.org/?p=project/odhcpd.git;a=commitdiff;h=16cd87e8a76884802896495eb0e39461d8303c0f|16cd87e]]'' **<nowiki>dhcpv6-ia:</nowiki>** <nowiki>fix dereference after freeing assignment</nowiki> //<color #ccc>(</color><color #282>+4</color><color #ccc>,</color><color #f00>-3</color><color #ccc>)</color>//\\
 => ''[[https://git.lede-project.org/?p=project/odhcpd.git;a=commitdiff;h=ef3c5632c100fda0fa463a3ed56ff926f3f86b20|ef3c563]]'' **<nowiki>dhcpv6-ia:</nowiki>** <nowiki>filter out prefixes having invalid length</nowiki> //<color #ccc>(</color><color #282>+22</color><color #ccc>,</color><color #f00>-6</color><color #ccc>)</color>//\\
''[[https://git.lede-project.org/?p=source.git;a=commitdiff;h=8d2171e46915528fe4034054c446b5a47d20e4a1|8d2171e]]'' **<nowiki>odhcp6c:</nowiki>** <nowiki>add option "keep_ra_dnslifetime"</nowiki> //<color #ccc>(</color><color #282>+8</color><color #ccc>,</color><color #f00>-5</color><color #ccc>)</color>//\\
''[[https://git.lede-project.org/?p=source.git;a=commitdiff;h=3e7b894ac08b56343e6e449a38fdb2be7b02a127|3e7b894]]'' **<nowiki>ustream-ssl:</nowiki>** <nowiki>remove legacy polarssl support</nowiki> //<color #ccc>(</color><color #f00>-12</color><color #ccc>)</color>//\\
''[[https://git.lede-project.org/?p=source.git;a=commitdiff;h=c687a70fdf7fbc97ecb6da1f72516cca98bbfb47|c687a70]]'' **<nowiki>iwinfo:</nowiki>** <nowiki>drop references to madwifi</nowiki> //<color #ccc>(</color><color #282>+1</color><color #ccc>,</color><color #f00>-3</color><color #ccc>)</color>//\\
''[[https://git.lede-project.org/?p=source.git;a=commitdiff;h=bb8e9c51ab457b0bc010b47ceeab8c0e4f0d6a67|bb8e9c5]]'' **<nowiki>map:</nowiki>** <nowiki>delete map-t device when tearing down map interface</nowiki> //<color #ccc>(</color><color #282>+12</color><color #ccc>,</color><color #f00>-2</color><color #ccc>)</color>//\\
''[[https://git.lede-project.org/?p=source.git;a=commitdiff;h=5303d4bedb2841598d43b8d58d051ce9478110ce|5303d4b]]'' **<nowiki>odhcpd:</nowiki>** <nowiki>take over maintainership</nowiki> //<color #ccc>(</color><color #282>+1</color><color #ccc>,</color><color #f00>-1</color><color #ccc>)</color>//\\
''[[https://git.lede-project.org/?p=source.git;a=commitdiff;h=0d49f9f4b4da9d1960f82e68ae797290e4b9c434|0d49f9f]]'' **<nowiki>odhcp6c:</nowiki>** <nowiki>take over maintainership</nowiki> //<color #ccc>(</color><color #282>+1</color><color #ccc>,</color><color #f00>-1</color><color #ccc>)</color>//\\
''[[https://git.lede-project.org/?p=source.git;a=commitdiff;h=d1daf3f38d10b0282e7f36f3bc58754b9d99205c|d1daf3f]]'' **<nowiki>map:</nowiki>** <nowiki>take over maintainership</nowiki> //<color #ccc>(</color><color #282>+1</color><color #ccc>,</color><color #f00>-1</color><color #ccc>)</color>//\\
''[[https://git.lede-project.org/?p=source.git;a=commitdiff;h=185b06f04aa4f761efa3b7cabeaafebd93a8e42d|185b06f]]'' **<nowiki>umbim:</nowiki>** <nowiki>mark as nonshared because of the usb dependencies</nowiki> //<color #ccc>(</color><color #282>+2</color><color #ccc>)</color>//\\
''[[https://git.lede-project.org/?p=source.git;a=commitdiff;h=f44663c673f5412ce679f3c6e0f1b6b17b6f0c22|f44663c]]'' **<nowiki>uqmi:</nowiki>** <nowiki>mark as nonshared because of the usb dependencies</nowiki> //<color #ccc>(</color><color #282>+2</color><color #ccc>)</color>//\\
''[[https://git.lede-project.org/?p=source.git;a=commitdiff;h=402fea62c47bb44a457566e4209182a2ecb74fd7|402fea6]]'' **<nowiki>netifd:</nowiki>** <nowiki>update to the latest version</nowiki> //<color #ccc>(</color><color #282>+3</color><color #ccc>,</color><color #f00>-3</color><color #ccc>)</color>//\\
 => ''[[https://git.lede-project.org/?p=project/netifd.git;a=commitdiff;h=abf52371db75eb449f12209ca1b7ffaa9d2baa22|abf5237]]'' **<nowiki>netifd:</nowiki>** <nowiki>Add sendredirects config support</nowiki> //<color #ccc>(</color><color #282>+31</color><color #ccc>)</color>//\\
 => ''[[https://git.lede-project.org/?p=project/netifd.git;a=commitdiff;h=52541140f8138e31958cdc3d7e42a4029fa6bbc9|5254114]]'' **<nowiki>bridge:</nowiki>** <nowiki>disable IGMP snooping by default</nowiki> //<color #ccc>(</color><color #f00>-2</color><color #ccc>)</color>//\\
''[[https://git.lede-project.org/?p=source.git;a=commitdiff;h=920170a27fe9a3b66d5a857d70408dbac3720e0f|920170a]]'' **<nowiki>firewall:</nowiki>** <nowiki>fix forwarding local subnet traffic</nowiki> //<color #ccc>(</color><color #282>+3</color><color #ccc>,</color><color #f00>-3</color><color #ccc>)</color>//\\
 => ''[[https://git.lede-project.org/?p=project/firewall3.git;a=commitdiff;h=37cb4cb437fd685f31926a4c326ba8afe329e4a6|37cb4cb]]'' **<nowiki>zones:</nowiki>** <nowiki>do not check conntrack state in zone_*_dest_ACCEPT chains</nowiki> //<color #ccc>(</color><color #f00>-5</color><color #ccc>)</color>//\\
''[[https://git.lede-project.org/?p=source.git;a=commitdiff;h=c71e13a81a3aad967e2480eb43377bd44d13936b|c71e13a]]'' **<nowiki>netifd:</nowiki>** <nowiki>update to git HEAD version</nowiki> //<color #ccc>(</color><color #282>+2</color><color #ccc>,</color><color #f00>-2</color><color #ccc>)</color>//\\
 => ''[[https://git.lede-project.org/?p=project/netifd.git;a=commitdiff;h=a057f6e48f383c7e81cb22aa806216878d87947b|a057f6e]]'' **<nowiki>device:</nowiki>** <nowiki>fix DEV_OPT_SENDREDIRECTS definition</nowiki> //<color #ccc>(</color><color #282>+1</color><color #ccc>,</color><color #f00>-1</color><color #ccc>)</color>//\\
''[[https://git.lede-project.org/?p=source.git;a=commitdiff;h=406f85a3282a044bcf64e56d032e8d2dd573863a|406f85a]]'' **<nowiki>mdns:</nowiki>** <nowiki>update to the latest version</nowiki> //<color #ccc>(</color><color #282>+3</color><color #ccc>,</color><color #f00>-3</color><color #ccc>)</color>//\\
 => ''[[https://git.lede-project.org/?p=project/mdnsd.git;a=commitdiff;h=258039240037c81a77cf92517f5ba22fd0a2601d|2580392]]'' **<nowiki>mdnsd:</nowiki>** <nowiki>the service is ignoring questions</nowiki> //<color #ccc>(</color><color #282>+7</color><color #ccc>,</color><color #f00>-5</color><color #ccc>)</color>//\\
 => ''[[https://git.lede-project.org/?p=project/mdnsd.git;a=commitdiff;h=9cbbb141068c12ed032736e20f982e2a0fb43edc|9cbbb14]]'' <nowiki>do not assume that dns structs are aligned</nowiki> //<color #ccc>(</color><color #282>+3</color><color #ccc>,</color><color #f00>-3</color><color #ccc>)</color>//\\
''[[https://git.lede-project.org/?p=source.git;a=commitdiff;h=fe253bcb99e7364582e2ea344327917c1d01426d|fe253bc]]'' **<nowiki>netifd:</nowiki>** <nowiki>update to git HEAD version</nowiki> //<color #ccc>(</color><color #282>+3</color><color #ccc>,</color><color #f00>-3</color><color #ccc>)</color>//\\
 => ''[[https://git.lede-project.org/?p=project/netifd.git;a=commitdiff;h=650758b16e5185505a3fbc1307949340af70b611|650758b]]'' **<nowiki>interface-ip:</nowiki>** <nowiki>route proto config support (FS#170)</nowiki> //<color #ccc>(</color><color #282>+70</color><color #ccc>,</color><color #f00>-8</color><color #ccc>)</color>//\\
''[[https://git.lede-project.org/?p=source.git;a=commitdiff;h=ef170bff32b0338fde2bd99d04fb88adb8ca4251|ef170bf]]'' **<nowiki>odhcpd:</nowiki>** <nowiki>update to git HEAD version</nowiki> //<color #ccc>(</color><color #282>+3</color><color #ccc>,</color><color #f00>-3</color><color #ccc>)</color>//\\
 => ''[[https://git.lede-project.org/?p=project/odhcpd.git;a=commitdiff;h=c8ac572154981ca833dad92d7ee7aa62b88087cc|c8ac572]]'' **<nowiki>ndp:</nowiki>** <nowiki>don't scan netlink attributes in case of netlink route event</nowiki> //<color #ccc>(</color><color #282>+6</color><color #ccc>,</color><color #f00>-4</color><color #ccc>)</color>//\\
 => ''[[https://git.lede-project.org/?p=project/odhcpd.git;a=commitdiff;h=df023adafeee1bf48fa1e0cce31e7130f8043dae|df023ad]]'' **<nowiki>treewide:</nowiki>** <nowiki>use RELAYD_MAX_ADDRS as address array size</nowiki> //<color #ccc>(</color><color #282>+5</color><color #ccc>,</color><color #f00>-4</color><color #ccc>)</color>//\\
 => ''[[https://git.lede-project.org/?p=project/odhcpd.git;a=commitdiff;h=c5040fea540479b731b040986a9c3a62e34afc37|c5040fe]]'' **<nowiki>router:</nowiki>** <nowiki>add syslog debug tracing for trouble shooting</nowiki> //<color #ccc>(</color><color #282>+24</color><color #ccc>,</color><color #f00>-5</color><color #ccc>)</color>//\\
 => ''[[https://git.lede-project.org/?p=project/odhcpd.git;a=commitdiff;h=048558077d1bcd4c4e5a7f45b020ae3a879965e4|0485580]]'' **<nowiki>ndp:</nowiki>** <nowiki>code cleanup</nowiki> //<color #ccc>(</color><color #f00>-4</color><color #ccc>)</color>//\\
 => ''[[https://git.lede-project.org/?p=project/odhcpd.git;a=commitdiff;h=da660c752d1c177934a01e28c68368879523b74d|da660c7]]'' **<nowiki>treewide:</nowiki>** <nowiki>rework prio of syslog messages</nowiki> //<color #ccc>(</color><color #282>+5</color><color #ccc>,</color><color #f00>-5</color><color #ccc>)</color>//\\
 => ''[[https://git.lede-project.org/?p=project/odhcpd.git;a=commitdiff;h=237f1f45d58c1ad4ef9ce6ce4960dfe60dcf1023|237f1f4]]'' **<nowiki>router:</nowiki>** <nowiki>convert syslog lifetime traces into LOG_INFO prio</nowiki> //<color #ccc>(</color><color #282>+2</color><color #ccc>,</color><color #f00>-2</color><color #ccc>)</color>//\\
''[[https://git.lede-project.org/?p=source.git;a=commitdiff;h=cd99f3c744412828e3d4e9afd79306ee6a5c08c5|cd99f3c]]'' **<nowiki>odhcpd:</nowiki>** <nowiki>update to git HEAD version</nowiki> //<color #ccc>(</color><color #282>+3</color><color #ccc>,</color><color #f00>-3</color><color #ccc>)</color>//\\
 => ''[[https://git.lede-project.org/?p=project/odhcpd.git;a=commitdiff;h=70fbf936839e02d526929be06ecba3059f78be3c|70fbf93]]'' **<nowiki>router:</nowiki>** <nowiki>fix compile issue on 64 targets</nowiki> //<color #ccc>(</color><color #282>+1</color><color #ccc>,</color><color #f00>-1</color><color #ccc>)</color>//\\
 => ''[[https://git.lede-project.org/?p=project/odhcpd.git;a=commitdiff;h=8221907edabeae468205811df88a8ab16c334605|8221907]]'' <nowiki>Revert "router: fix compile issue on 64 targets"</nowiki> //<color #ccc>(</color><color #282>+1</color><color #ccc>,</color><color #f00>-1</color><color #ccc>)</color>//\\
 => ''[[https://git.lede-project.org/?p=project/odhcpd.git;a=commitdiff;h=e447ff965919f3718c1483d44ea4e99e800c6714|e447ff9]]'' **<nowiki>router:</nowiki>** <nowiki>fix compile issue on 64 bit systems</nowiki> //<color #ccc>(</color><color #282>+1</color><color #ccc>,</color><color #f00>-1</color><color #ccc>)</color>//\\
''[[https://git.lede-project.org/?p=source.git;a=commitdiff;h=036cf93edf89f35f75c1215eaa4c9b2e114dc785|036cf93]]'' **<nowiki>odhcpd:</nowiki>** <nowiki>update to git HEAD version</nowiki> //<color #ccc>(</color><color #282>+3</color><color #ccc>,</color><color #f00>-3</color><color #ccc>)</color>//\\
 => ''[[https://git.lede-project.org/?p=project/odhcpd.git;a=commitdiff;h=44965f14d7abed2d5327ca1c89e4bcf481473e53|44965f1]]'' **<nowiki>odhcpd:</nowiki>** <nowiki>extra syslog tracing</nowiki> //<color #ccc>(</color><color #282>+14</color><color #ccc>,</color><color #f00>-9</color><color #ccc>)</color>//\\
 => ''[[https://git.lede-project.org/?p=project/odhcpd.git;a=commitdiff;h=a6eadd7919db2ca0d6965676dec6c020c7f22eca|a6eadd7]]'' **<nowiki>odhcpd:</nowiki>** <nowiki>rework IPv6 interface address dump</nowiki> //<color #ccc>(</color><color #282>+41</color><color #ccc>,</color><color #f00>-32</color><color #ccc>)</color>//\\
 => ''[[https://git.lede-project.org/?p=project/odhcpd.git;a=commitdiff;h=c4f9ace5560562d3ba7dfefb9e422240d594a460|c4f9ace]]'' **<nowiki>odhcpd:</nowiki>** <nowiki>decrease default log level to LOG_INFO</nowiki> //<color #ccc>(</color><color #282>+1</color><color #ccc>,</color><color #f00>-1</color><color #ccc>)</color>//\\
''[[https://git.lede-project.org/?p=source.git;a=commitdiff;h=02d511818fd766b21d6da5c897a6fbdd654ad95c|02d5118]]'' **<nowiki>odhcpd:</nowiki>** <nowiki>use LEDE_GIT in package source url</nowiki> //<color #ccc>(</color><color #282>+1</color><color #ccc>,</color><color #f00>-1</color><color #ccc>)</color>//\\
''[[https://git.lede-project.org/?p=source.git;a=commitdiff;h=4d9106afa6b67cb0e01bc4512efd925ad71be6dc|4d9106a]]'' **<nowiki>odhcp6c:</nowiki>** <nowiki>update to git HEAD version</nowiki> //<color #ccc>(</color><color #282>+3</color><color #ccc>,</color><color #f00>-3</color><color #ccc>)</color>//\\
 => ''[[https://git.lede-project.org/?p=project/odhcp6c.git;a=commitdiff;h=419fb6347233506012eecc59f8ae6a531a377a8d|419fb63]]'' **<nowiki>dhcpv6:</nowiki>** <nowiki>server unicast option support</nowiki> //<color #ccc>(</color><color #282>+109</color><color #ccc>,</color><color #f00>-6</color><color #ccc>)</color>//\\
 => ''[[https://git.lede-project.org/?p=project/odhcp6c.git;a=commitdiff;h=c7122ecef30af3570fe6484309db1b23325a7356|c7122ec]]'' <nowiki>update README</nowiki> //<color #ccc>(</color><color #282>+2</color><color #ccc>,</color><color #f00>-1</color><color #ccc>)</color>//\\
 => ''[[https://git.lede-project.org/?p=project/odhcp6c.git;a=commitdiff;h=e9d80cc0f23ec53a2060b4c061dc8462aa0028c8|e9d80cc]]'' **<nowiki>dhcpv6:</nowiki>** <nowiki>trigger restart of DHCPv6 state machine when not receiving statefull ...</nowiki> //<color #ccc>(</color><color #282>+2</color><color #ccc>,</color><color #f00>-3</color><color #ccc>)</color>//\\
 => ''[[https://git.lede-project.org/?p=project/odhcp6c.git;a=commitdiff;h=c13b6a05dbd9174356cc4b7fd1edf39445efd982|c13b6a0]]'' **<nowiki>dhcpv6:</nowiki>** <nowiki>fix white space error</nowiki> //<color #ccc>(</color><color #282>+1</color><color #ccc>,</color><color #f00>-1</color><color #ccc>)</color>//\\
''[[https://git.lede-project.org/?p=source.git;a=commitdiff;h=786160cd76e8c5046c6a786c72fa5fd17592275a|786160c]]'' **<nowiki>odhcp6c:</nowiki>** <nowiki>use LEDE_GIT in package source url</nowiki> //<color #ccc>(</color><color #282>+1</color><color #ccc>,</color><color #f00>-1</color><color #ccc>)</color>//\\
''[[https://git.lede-project.org/?p=source.git;a=commitdiff;h=03ff2d7359f5fbc43ee79ad36920745bee9688d0|03ff2d7]]'' **<nowiki>odhcpd:</nowiki>** <nowiki>update to git HEAD version (FS#388)</nowiki> //<color #ccc>(</color><color #282>+5</color><color #ccc>,</color><color #f00>-5</color><color #ccc>)</color>//\\
 => ''[[https://git.lede-project.org/?p=project/odhcpd.git;a=commitdiff;h=83d72cf224956eb08453051744649df89b217203|83d72cf]]'' **<nowiki>odhcpd:</nowiki>** <nowiki>fix coding style</nowiki> //<color #ccc>(</color><color #282>+13</color><color #ccc>,</color><color #f00>-12</color><color #ccc>)</color>//\\
 => ''[[https://git.lede-project.org/?p=project/odhcpd.git;a=commitdiff;h=df5042974622d72ce2424de8ef532941ac4f7fc9|df50429]]'' **<nowiki>odhcpd:</nowiki>** <nowiki>properly handle netlink messages (FS#388)</nowiki> //<color #ccc>(</color><color #282>+172</color><color #ccc>,</color><color #f00>-126</color><color #ccc>)</color>//\\
 => ''[[https://git.lede-project.org/?p=project/odhcpd.git;a=commitdiff;h=3317c861984ec22155c04dd77e77abb2ed8bb252|3317c86]]'' **<nowiki>dhcpv6-ia:</nowiki>** <nowiki>apply lease delete based on assignment bound state</nowiki> //<color #ccc>(</color><color #282>+17</color><color #ccc>,</color><color #f00>-7</color><color #ccc>)</color>//\\
''[[https://git.lede-project.org/?p=source.git;a=commitdiff;h=b8567cb44e9e4f55b7529e16b64a85d492a162f1|b8567cb]]'' **<nowiki>odhcpd:</nowiki>** <nowiki>update to git HEAD version (FS#396)</nowiki> //<color #ccc>(</color><color #282>+3</color><color #ccc>,</color><color #f00>-3</color><color #ccc>)</color>//\\
 => ''[[https://git.lede-project.org/?p=project/odhcpd.git;a=commitdiff;h=0129f7926b9a0f993058dca9775e64021527eb32|0129f79]]'' **<nowiki>config:</nowiki>** <nowiki>restore interface defaults when cleaning interface</nowiki> //<color #ccc>(</color><color #282>+8</color><color #ccc>,</color><color #f00>-3</color><color #ccc>)</color>//\\
 => ''[[https://git.lede-project.org/?p=project/odhcpd.git;a=commitdiff;h=8a615ad3c4f2318667630e2505888df09901320d|8a615ad]]'' **<nowiki>npd:</nowiki>** <nowiki>rework IPv6 relay logic (FS#396)</nowiki> //<color #ccc>(</color><color #282>+269</color><color #ccc>,</color><color #f00>-225</color><color #ccc>)</color>//\\
 => ''[[https://git.lede-project.org/?p=project/odhcpd.git;a=commitdiff;h=b02f3e6ddfca200643b37bfaae233dc20f1348a4|b02f3e6]]'' **<nowiki>ndp:</nowiki>** <nowiki>close proc file descriptor also during error handling</nowiki> //<color #ccc>(</color><color #282>+19</color><color #ccc>,</color><color #f00>-8</color><color #ccc>)</color>//\\
 => ''[[https://git.lede-project.org/?p=project/odhcpd.git;a=commitdiff;h=8df4253ba73246d31f2e65f2004da3f9890c22c5|8df4253]]'' **<nowiki>ndp:</nowiki>** <nowiki>harden netlink event socket error handling</nowiki> //<color #ccc>(</color><color #282>+22</color><color #ccc>,</color><color #f00>-11</color><color #ccc>)</color>//\\
''[[https://git.lede-project.org/?p=source.git;a=commitdiff;h=dbb8e04472f7d02d55ac8112eb3feaf9a3bd2d95|dbb8e04]]'' **<nowiki>qos-scripts:</nowiki>** <nowiki>fix module load commands (FS#438)</nowiki> //<color #ccc>(</color><color #282>+1</color><color #ccc>,</color><color #f00>-2</color><color #ccc>)</color>//\\

==== Packages / LEDE system userland (112 changes) ====
''[[https://git.lede-project.org/?p=source.git;a=commitdiff;h=fa69553900516944fc43cf7b377105ea1f6d3db0|fa69553]]'' **<nowiki>branding:</nowiki>** <nowiki>add LEDE branding</nowiki> //<color #ccc>(</color><color #282>+76</color><color #ccc>,</color><color #f00>-85</color><color #ccc>)</color>//\\
''[[https://git.lede-project.org/?p=source.git;a=commitdiff;h=3df4eaf22b756a8460e514e0e49a876d5e5c40e3|3df4eaf]]'' **<nowiki>uci:</nowiki>** <nowiki>commit through symlinks</nowiki> //<color #ccc>(</color><color #282>+3</color><color #ccc>,</color><color #f00>-2</color><color #ccc>)</color>//\\
 => ''[[https://git.openwrt.org/?p=project/uci.git;a=commitdiff;h=18c13247f9e0bfad1effc0445bcda436d03789c5|18c1324]]'' **<nowiki>cmake:</nowiki>** <nowiki>Add ubox library and include dir lookup</nowiki> //<color #ccc>(</color><color #282>+10</color><color #ccc>,</color><color #f00>-2</color><color #ccc>)</color>//\\
 => ''[[https://git.openwrt.org/?p=project/uci.git;a=commitdiff;h=ec96e1f93d6d0faa3f3c40f6bcbc0006550281a8|ec96e1f]]'' **<nowiki>file:</nowiki>** <nowiki>write through symlinks on uci commit</nowiki> //<color #ccc>(</color><color #282>+7</color><color #ccc>,</color><color #f00>-3</color><color #ccc>)</color>//\\
''[[https://git.lede-project.org/?p=source.git;a=commitdiff;h=9e0401902468a84b701b6361546b9d4a5ff71215|9e04019]]'' **<nowiki>package:</nowiki>** <nowiki>flag essential components as nonshared</nowiki> //<color #ccc>(</color><color #282>+6</color><color #ccc>,</color><color #f00>-1</color><color #ccc>)</color>//\\
''[[https://git.lede-project.org/?p=source.git;a=commitdiff;h=c9e3cd798d0ccbde9fab32651c37d8c68e316f74|c9e3cd7]]'' **<nowiki>fstools:</nowiki>** <nowiki>update to latest git HEAD</nowiki> //<color #ccc>(</color><color #282>+2</color><color #ccc>,</color><color #f00>-2</color><color #ccc>)</color>//\\
 => ''[[https://git.openwrt.org/?p=project/fstools.git;a=commitdiff;h=bf4f08af9b8fe991216023a906182744eb1e4645|bf4f08a]]'' **<nowiki>fstools:</nowiki>** <nowiki>support for ext4fs overlay</nowiki> //<color #ccc>(</color><color #282>+214</color><color #ccc>,</color><color #f00>-1</color><color #ccc>)</color>//\\
 => ''[[https://git.openwrt.org/?p=project/fstools.git;a=commitdiff;h=3b4b625362545685303a84e8ac3787d1b6d682c8|3b4b625]]'' **<nowiki>block:</nowiki>** <nowiki>add remount paramter</nowiki> //<color #ccc>(</color><color #282>+8</color><color #ccc>)</color>//\\
''[[https://git.lede-project.org/?p=source.git;a=commitdiff;h=0fae7270cf5ddd208ece90bac9e94cf51b69c70a|0fae727]]'' **<nowiki>fstools:</nowiki>** <nowiki>update to latest git HEAD</nowiki> //<color #ccc>(</color><color #282>+2</color><color #ccc>,</color><color #f00>-2</color><color #ccc>)</color>//\\
 => ''[[https://git.openwrt.org/?p=project/fstools.git;a=commitdiff;h=bb92c29fc4cd90d396fc79078eba75fcb01c92ae|bb92c29]]'' **<nowiki>snapshot:</nowiki>** <nowiki>md5sum return codes are not properly handled</nowiki> //<color #ccc>(</color><color #282>+2</color><color #ccc>,</color><color #f00>-2</color><color #ccc>)</color>//\\
''[[https://git.lede-project.org/?p=source.git;a=commitdiff;h=33de8c77e2654a7c9e2a86b834adf5d4e5dfe38d|33de8c7]]'' **<nowiki>fstools:</nowiki>** <nowiki>fix snapshot support</nowiki> //<color #ccc>(</color><color #282>+4</color><color #ccc>,</color><color #f00>-4</color><color #ccc>)</color>//\\
''[[https://git.lede-project.org/?p=source.git;a=commitdiff;h=cbdfae5c04e90c05dcb247ea5e3d3c49670f3a84|cbdfae5]]'' **<nowiki>ubox:</nowiki>** <nowiki>turn logd into a separate package</nowiki> //<color #ccc>(</color><color #282>+18</color><color #ccc>,</color><color #f00>-4</color><color #ccc>)</color>//\\
''[[https://git.lede-project.org/?p=source.git;a=commitdiff;h=a4571b7631e48e4beea1fe84a09679dfa9f2291a|a4571b7]]'' **<nowiki>ubox:</nowiki>** <nowiki>make logging code honour the hostname properly</nowiki> //<color #ccc>(</color><color #282>+4</color><color #ccc>,</color><color #f00>-2</color><color #ccc>)</color>//\\
''[[https://git.lede-project.org/?p=source.git;a=commitdiff;h=26898d2a7f689c1a7a38f23f66682b7f4f5b783d|26898d2]]'' **<nowiki>fstools:</nowiki>** <nowiki>update to latest git revision</nowiki> //<color #ccc>(</color><color #282>+2</color><color #ccc>,</color><color #f00>-2</color><color #ccc>)</color>//\\
 => ''[[https://git.openwrt.org/?p=project/fstools.git;a=commitdiff;h=09f8e0097fe1370700658542e7bda831c31de4bf|09f8e00]]'' **<nowiki>mount_root:</nowiki>** <nowiki>code failed in failsafe</nowiki> //<color #ccc>(</color><color #282>+5</color><color #ccc>,</color><color #f00>-3</color><color #ccc>)</color>//\\
 => ''[[https://git.openwrt.org/?p=project/fstools.git;a=commitdiff;h=ed224f0b1f9cfb3f8c5766cba3a60343c0eda586|ed224f0]]'' <nowiki>Revert "fstools: support for ext4fs overlay"</nowiki> //<color #ccc>(</color><color #282>+1</color><color #ccc>,</color><color #f00>-214</color><color #ccc>)</color>//\\
''[[https://git.lede-project.org/?p=source.git;a=commitdiff;h=b8ab6af1a9b8cf1ac76e7008661fd3e775e9ae2b|b8ab6af]]'' **<nowiki>global:</nowiki>** <nowiki>change my email address</nowiki> //<color #ccc>(</color><color #282>+28</color><color #ccc>,</color><color #f00>-28</color><color #ccc>)</color>//\\
''[[https://git.lede-project.org/?p=source.git;a=commitdiff;h=94cc41632e5eb2f8c02ecf4a9c0efa9dbd91400e|94cc416]]'' **<nowiki>procd:</nowiki>** <nowiki>update to latest git HEAD</nowiki> //<color #ccc>(</color><color #282>+2</color><color #ccc>,</color><color #f00>-2</color><color #ccc>)</color>//\\
 => ''[[https://git.openwrt.org/?p=project/procd.git;a=commitdiff;h=a1a1d1c6cf0ae302f76bc39a3d83aba66aee3228|a1a1d1c]]'' **<nowiki>preinit:</nowiki>** <nowiki>create a sentinel file during preinit</nowiki> //<color #ccc>(</color><color #282>+3</color><color #ccc>)</color>//\\
''[[https://git.lede-project.org/?p=source.git;a=commitdiff;h=474d62e31db9e72c855736eca3fae8d341b7275c|474d62e]]'' **<nowiki>fstools:</nowiki>** <nowiki>update to latest git HEAD</nowiki> //<color #ccc>(</color><color #282>+2</color><color #ccc>,</color><color #f00>-2</color><color #ccc>)</color>//\\
 => ''[[https://git.openwrt.org/?p=project/fstools.git;a=commitdiff;h=1ff0c23ce4f0fadfb24557db5c7987e9841bd6d7|1ff0c23]]'' <nowiki>Revert "mount_root: code failed in failsafe"</nowiki> //<color #ccc>(</color><color #282>+3</color><color #ccc>,</color><color #f00>-5</color><color #ccc>)</color>//\\
 => ''[[https://git.openwrt.org/?p=project/fstools.git;a=commitdiff;h=db5d39d48b9d9a77565015c1aafb3ef0d2925f02|db5d39d]]'' **<nowiki>mount_root:</nowiki>** <nowiki>check for preinit sentinel file</nowiki> //<color #ccc>(</color><color #282>+5</color><color #ccc>,</color><color #f00>-1</color><color #ccc>)</color>//\\
''[[https://git.lede-project.org/?p=source.git;a=commitdiff;h=c11505866918ccc95c06c60bb5aca4f84d631a61|c115058]]'' **<nowiki>libubox:</nowiki>** <nowiki>update to the latest version</nowiki> //<color #ccc>(</color><color #282>+2</color><color #ccc>,</color><color #f00>-2</color><color #ccc>)</color>//\\
 => ''[[https://git.openwrt.org/?p=project/libubox.git;a=commitdiff;h=dfe446e2a981eaa83cb41df3840ca7c649dc7527|dfe446e]]'' **<nowiki>jshn:</nowiki>** <nowiki>use an avl tree for env variables to speed up processing of bigger json...</nowiki> //<color #ccc>(</color><color #282>+57</color><color #ccc>,</color><color #f00>-4</color><color #ccc>)</color>//\\
 => ''[[https://git.openwrt.org/?p=project/libubox.git;a=commitdiff;h=155bf39896f126b1ba121b816922a88dc34c31e3|155bf39]]'' **<nowiki>blobmsg_json:</nowiki>** <nowiki>simplify add_separator and fix thread-safety</nowiki> //<color #ccc>(</color><color #282>+6</color><color #ccc>,</color><color #f00>-10</color><color #ccc>)</color>//\\
 => ''[[https://git.openwrt.org/?p=project/libubox.git;a=commitdiff;h=4b0aa9ccc22eff62e177b9777152e7937273b418|4b0aa9c]]'' **<nowiki>uloop:</nowiki>** <nowiki>move kqueue code into a separate file</nowiki> //<color #ccc>(</color><color #282>+150</color><color #ccc>,</color><color #f00>-134</color><color #ccc>)</color>//\\
 => ''[[https://git.openwrt.org/?p=project/libubox.git;a=commitdiff;h=8ae74b4378827d48f655c509d786a6e054e9d0b2|8ae74b4]]'' **<nowiki>uloop:</nowiki>** <nowiki>move epoll code into a separate file</nowiki> //<color #ccc>(</color><color #282>+109</color><color #ccc>,</color><color #f00>-92</color><color #ccc>)</color>//\\
 => ''[[https://git.openwrt.org/?p=project/libubox.git;a=commitdiff;h=6a75b3b6437d3c98d852c1bca131c8f81646f2f5|6a75b3b]]'' **<nowiki>uloop:</nowiki>** <nowiki>try to use signalfd for signal handling if available</nowiki> //<color #ccc>(</color><color #282>+93</color><color #ccc>,</color><color #f00>-10</color><color #ccc>)</color>//\\
 => ''[[https://git.openwrt.org/?p=project/libubox.git;a=commitdiff;h=b06cd8c58e276a44fbe19f9ed5b1a7a74e5ca4e3|b06cd8c]]'' **<nowiki>uloop:</nowiki>** <nowiki>retry waitpid on signal interrupt</nowiki> //<color #ccc>(</color><color #282>+3</color><color #ccc>)</color>//\\
 => ''[[https://git.openwrt.org/?p=project/libubox.git;a=commitdiff;h=004be15be4f3a8fb0cb781769338f91d0347dafc|004be15]]'' **<nowiki>uloop:</nowiki>** <nowiki>fix signal unblocking</nowiki> //<color #ccc>(</color><color #282>+1</color><color #ccc>,</color><color #f00>-1</color><color #ccc>)</color>//\\
 => ''[[https://git.openwrt.org/?p=project/libubox.git;a=commitdiff;h=93be9309b86d07eaa3b83ad07d380ca3092b29a1|93be930]]'' **<nowiki>uloop:</nowiki>** <nowiki>add back support for overriding signal handlers when signalfd is in use</nowiki> //<color #ccc>(</color><color #282>+21</color><color #ccc>,</color><color #f00>-6</color><color #ccc>)</color>//\\
 => ''[[https://git.openwrt.org/?p=project/libubox.git;a=commitdiff;h=1257a38a6e64511207bb3b077ca7e8e1a3338fc1|1257a38]]'' **<nowiki>uloop:</nowiki>** <nowiki>revert signalfd support for now</nowiki> //<color #ccc>(</color><color #282>+11</color><color #ccc>,</color><color #f00>-109</color><color #ccc>)</color>//\\
''[[https://git.lede-project.org/?p=source.git;a=commitdiff;h=b570c0c88e8a020d9e21e556cf05cb3a702fff4d|b570c0c]]'' **<nowiki>uhttpd:</nowiki>** <nowiki>use configured distribution name for SSL certificate CN</nowiki> //<color #ccc>(</color><color #282>+3</color><color #ccc>,</color><color #f00>-1</color><color #ccc>)</color>//\\
''[[https://git.lede-project.org/?p=source.git;a=commitdiff;h=12a24b65645defd2f99a0e23bdda610f397d8dd2|12a24b6]]'' **<nowiki>procd:</nowiki>** <nowiki>update to latest head</nowiki> //<color #ccc>(</color><color #282>+2</color><color #ccc>,</color><color #f00>-2</color><color #ccc>)</color>//\\
 => ''[[https://git.openwrt.org/?p=project/procd.git;a=commitdiff;h=9f3b9ddf1a94b03e463f5354b48808a9f05d38bb|9f3b9dd]]'' **<nowiki>utils:</nowiki>** <nowiki>add patch_fd() and patch_stdio() helpers</nowiki> //<color #ccc>(</color><color #282>+57</color><color #ccc>)</color>//\\
 => ''[[https://git.openwrt.org/?p=project/procd.git;a=commitdiff;h=d38403cdd3ba8427a2d24ba68f1ba79f4dd0546b|d38403c]]'' **<nowiki>initd:</nowiki>** <nowiki>use patch_stdio() for early console setup</nowiki> //<color #ccc>(</color><color #282>+5</color><color #ccc>,</color><color #f00>-13</color><color #ccc>)</color>//\\
 => ''[[https://git.openwrt.org/?p=project/procd.git;a=commitdiff;h=037aa8f9c15276499760e7d57083fd3df512c901|037aa8f]]'' **<nowiki>initd:</nowiki>** <nowiki>use patch_stdio() for kmodloader stdio redirection</nowiki> //<color #ccc>(</color><color #282>+3</color><color #ccc>,</color><color #f00>-11</color><color #ccc>)</color>//\\
 => ''[[https://git.openwrt.org/?p=project/procd.git;a=commitdiff;h=38dd221a41ca93155b0427be4f5d536173dbd111|38dd221]]'' **<nowiki>inittab:</nowiki>** <nowiki>use patch_stdio() for stdio redirection</nowiki> //<color #ccc>(</color><color #282>+2</color><color #ccc>,</color><color #f00>-10</color><color #ccc>)</color>//\\
 => ''[[https://git.openwrt.org/?p=project/procd.git;a=commitdiff;h=8c24d75f610f85397273c5332657ba77e85b4323|8c24d75]]'' **<nowiki>initd:</nowiki>** <nowiki>fix descriptor leak</nowiki> //<color #ccc>(</color><color #282>+8</color><color #ccc>,</color><color #f00>-1</color><color #ccc>)</color>//\\
 => ''[[https://git.openwrt.org/?p=project/procd.git;a=commitdiff;h=f2c77756933f22981c1202c039e7f7e24d7247f3|f2c7775]]'' **<nowiki>inittab:</nowiki>** <nowiki>use more robust dev_exist() implementation</nowiki> //<color #ccc>(</color><color #282>+12</color><color #ccc>,</color><color #f00>-19</color><color #ccc>)</color>//\\
 => ''[[https://git.openwrt.org/?p=project/procd.git;a=commitdiff;h=1418c6ce8559ea125c525c2663105fa5ff14905e|1418c6c]]'' **<nowiki>utils:</nowiki>** <nowiki>use O_PATH when opening /dev</nowiki> //<color #ccc>(</color><color #282>+1</color><color #ccc>,</color><color #f00>-1</color><color #ccc>)</color>//\\
''[[https://git.lede-project.org/?p=source.git;a=commitdiff;h=5dc80cbcff3e645bff0cdb9424b9b466da909d85|5dc80cb]]'' **<nowiki>fstools:</nowiki>** <nowiki>update to latest git version</nowiki> //<color #ccc>(</color><color #282>+2</color><color #ccc>,</color><color #f00>-2</color><color #ccc>)</color>//\\
 => ''[[https://git.openwrt.org/?p=project/fstools.git;a=commitdiff;h=7a967198b9b18d00526094a43248b1c0892eb4aa|7a96719]]'' **<nowiki>block.c:</nowiki>** <nowiki>Make static string a const char * instead char *</nowiki> //<color #ccc>(</color><color #282>+1</color><color #ccc>,</color><color #f00>-1</color><color #ccc>)</color>//\\
 => ''[[https://git.openwrt.org/?p=project/fstools.git;a=commitdiff;h=1fb7688606323ee0ce79b64a5aa75b8df0484356|1fb7688]]'' **<nowiki>block.c:</nowiki>** <nowiki>Add support for checking vfat filesystems</nowiki> //<color #ccc>(</color><color #282>+11</color><color #ccc>,</color><color #f00>-5</color><color #ccc>)</color>//\\
 => ''[[https://git.openwrt.org/?p=project/fstools.git;a=commitdiff;h=bfd81bcedca6acae8951a4dbcd4f45933e5f0473|bfd81bc]]'' **<nowiki>block.c:</nowiki>** <nowiki>Use <linux/fs.h> instead of defining mount flags ourselves</nowiki> //<color #ccc>(</color><color #282>+2</color><color #ccc>,</color><color #f00>-12</color><color #ccc>)</color>//\\
 => ''[[https://git.openwrt.org/?p=project/fstools.git;a=commitdiff;h=0453f48e509077c83129b8aaceecb4e4430c8309|0453f48]]'' **<nowiki>block.c:</nowiki>** <nowiki>Add ability to mount with ACL and XATTR support</nowiki> //<color #ccc>(</color><color #282>+4</color><color #ccc>)</color>//\\
''[[https://git.lede-project.org/?p=source.git;a=commitdiff;h=f6785e33a086aca210a611b382ca09a3e2b6cfb5|f6785e3]]'' **<nowiki>jsonfilter:</nowiki>** <nowiki>allow empty paths</nowiki> //<color #ccc>(</color><color #282>+2</color><color #ccc>,</color><color #f00>-2</color><color #ccc>)</color>//\\
''[[https://git.lede-project.org/?p=source.git;a=commitdiff;h=dc44b2bd628e596c493ea195af14229a7f58770d|dc44b2b]]'' **<nowiki>procd:</nowiki>** <nowiki>Update to latest head</nowiki> //<color #ccc>(</color><color #282>+2</color><color #ccc>,</color><color #f00>-2</color><color #ccc>)</color>//\\
 => ''[[https://git.openwrt.org/?p=project/procd.git;a=commitdiff;h=9a6f83d3c168523ac7b898ae481c2fd8c501d6a6|9a6f83d]]'' <nowiki>_GNU_SOURCE should be defined for building vs uClibc</nowiki> //<color #ccc>(</color><color #282>+2</color><color #ccc>)</color>//\\
''[[https://git.lede-project.org/?p=source.git;a=commitdiff;h=83390271f9d9495fb394ea654bb1a959fb9ca4ec|8339027]]'' **<nowiki>jsonfilter:</nowiki>** <nowiki>fix printing 64bit values</nowiki> //<color #ccc>(</color><color #282>+2</color><color #ccc>,</color><color #f00>-2</color><color #ccc>)</color>//\\
 => ''[[https://git.openwrt.org/?p=project/jsonpath.git;a=commitdiff;h=7151885df6ac2554c07cc6047dde7c4eb253ce87|7151885]]'' **<nowiki>cli:</nowiki>** <nowiki>properly format 64bit values</nowiki> //<color #ccc>(</color><color #282>+2</color><color #ccc>,</color><color #f00>-1</color><color #ccc>)</color>//\\
''[[https://git.lede-project.org/?p=source.git;a=commitdiff;h=9363259abe034cf8d16a9b542c4de6db0bdc192d|9363259]]'' **<nowiki>procd:</nowiki>** <nowiki>update to latest git HEAD</nowiki> //<color #ccc>(</color><color #282>+2</color><color #ccc>,</color><color #f00>-2</color><color #ccc>)</color>//\\
 => ''[[https://git.openwrt.org/?p=project/procd.git;a=commitdiff;h=8e4fd3397dcdf79c0e0af9e12dc2bcf22d83d645|8e4fd33]]'' **<nowiki>jail:</nowiki>** <nowiki>call chdir(/) after pivot_root()</nowiki> //<color #ccc>(</color><color #282>+4</color><color #ccc>)</color>//\\
 => ''[[https://git.openwrt.org/?p=project/procd.git;a=commitdiff;h=890adc9a79f1d6189917d6a149ed2a012844cb33|890adc9]]'' **<nowiki>jail:</nowiki>** <nowiki>regroup add_path_and_deps() calls</nowiki> //<color #ccc>(</color><color #282>+10</color><color #ccc>,</color><color #f00>-10</color><color #ccc>)</color>//\\
 => ''[[https://git.openwrt.org/?p=project/procd.git;a=commitdiff;h=8f3df4a1747f8dc6097abfc827007830cb0fbf59|8f3df4a]]'' **<nowiki>jail:</nowiki>** <nowiki>call build_envp() just before execve()</nowiki> //<color #ccc>(</color><color #282>+4</color><color #ccc>,</color><color #f00>-4</color><color #ccc>)</color>//\\
 => ''[[https://git.openwrt.org/?p=project/procd.git;a=commitdiff;h=4edf66c192583af866e5b8d4e8e9fcfcd68f1879|4edf66c]]'' **<nowiki>jail:</nowiki>** <nowiki>don't include capabilities config (-C) inside the jail</nowiki> //<color #ccc>(</color><color #282>+14</color><color #ccc>,</color><color #f00>-18</color><color #ccc>)</color>//\\
 => ''[[https://git.openwrt.org/?p=project/procd.git;a=commitdiff;h=a79578a3dc7a57800168035b2edd3d1a1bcf0dda|a79578a]]'' **<nowiki>jail:</nowiki>** <nowiki>improve some logs</nowiki> //<color #ccc>(</color><color #282>+9</color><color #ccc>,</color><color #f00>-9</color><color #ccc>)</color>//\\
 => ''[[https://git.openwrt.org/?p=project/procd.git;a=commitdiff;h=98b63ed7b5612bd422f6bb52a6a7043fc2c09a1c|98b63ed]]'' **<nowiki>jail:</nowiki>** <nowiki>ensure mounts are not MS_SHARED to avoid pivot_root() failure</nowiki> //<color #ccc>(</color><color #282>+6</color><color #ccc>)</color>//\\
 => ''[[https://git.openwrt.org/?p=project/procd.git;a=commitdiff;h=b8eb07c22fc5f3dea04d9843e8fd6d2eac6e61fa|b8eb07c]]'' **<nowiki>jail:</nowiki>** <nowiki>don't always CLONE_NEWUTS</nowiki> //<color #ccc>(</color><color #282>+5</color><color #ccc>,</color><color #f00>-4</color><color #ccc>)</color>//\\
''[[https://git.lede-project.org/?p=source.git;a=commitdiff;h=f02184cbcfb714f49bfc9e6b30ad8831635ffe35|f02184c]]'' **<nowiki>ubus:</nowiki>** <nowiki>update to latest git HEAD</nowiki> //<color #ccc>(</color><color #282>+2</color><color #ccc>,</color><color #f00>-2</color><color #ccc>)</color>//\\
 => ''[[https://git.openwrt.org/?p=project/ubus.git;a=commitdiff;h=6a86e65f7d4836bfe387d213a6dfaea1d5d162dd|6a86e65]]'' **<nowiki>libubus.h:</nowiki>** <nowiki>add ubus_auto_shutdown()</nowiki> //<color #ccc>(</color><color #282>+6</color><color #ccc>)</color>//\\
 => ''[[https://git.openwrt.org/?p=project/ubus.git;a=commitdiff;h=fda009d8ba39398a1385fc43ae840977c875bbde|fda009d]]'' **<nowiki>libubus.h:</nowiki>** <nowiki>marking unused variables</nowiki> //<color #ccc>(</color><color #282>+2</color><color #ccc>)</color>//\\
 => ''[[https://git.openwrt.org/?p=project/ubus.git;a=commitdiff;h=5dfd3c16fa1cc9e288c41ef6e3e4c3bc63acf612|5dfd3c1]]'' **<nowiki>ubus:</nowiki>** <nowiki>use network order in ubus message header fields</nowiki> //<color #ccc>(</color><color #282>+17</color><color #ccc>,</color><color #f00>-4</color><color #ccc>)</color>//\\
 => ''[[https://git.openwrt.org/?p=project/ubus.git;a=commitdiff;h=6cd8912f102e721ea10ac13a1885fb9127cb4951|6cd8912]]'' **<nowiki>cli:</nowiki>** <nowiki>static keyword tweak</nowiki> //<color #ccc>(</color><color #282>+3</color><color #ccc>,</color><color #f00>-3</color><color #ccc>)</color>//\\
 => ''[[https://git.openwrt.org/?p=project/ubus.git;a=commitdiff;h=b958a9aa60a683a4e4cc1882cb13fd00c8622be6|b958a9a]]'' **<nowiki>cli:</nowiki>** <nowiki>add timeout support for listen command</nowiki> //<color #ccc>(</color><color #282>+20</color><color #ccc>,</color><color #f00>-5</color><color #ccc>)</color>//\\
 => ''[[https://git.openwrt.org/?p=project/ubus.git;a=commitdiff;h=fcf5d8af65f41d6a106ad08d1df5de9729f5399a|fcf5d8a]]'' **<nowiki>cmake:</nowiki>** <nowiki>Add ubox, blobmsg_json libraries and include dirs lookup</nowiki> //<color #ccc>(</color><color #282>+16</color><color #ccc>,</color><color #f00>-5</color><color #ccc>)</color>//\\
 => ''[[https://git.openwrt.org/?p=project/ubus.git;a=commitdiff;h=3b8d4b5653ef47bd2032d377cecfee40b613eb72|3b8d4b5]]'' **<nowiki>libubus:</nowiki>** <nowiki>nullify stale msgbuf pointer in case of ubus_connect_ctx() failure</nowiki> //<color #ccc>(</color><color #282>+1</color><color #ccc>)</color>//\\
 => ''[[https://git.openwrt.org/?p=project/ubus.git;a=commitdiff;h=964adfdd3923ef1b54eb5c19487dd8e9e3f586b7|964adfd]]'' **<nowiki>ubusd:</nowiki>** <nowiki>fix systemd socket activation support</nowiki> //<color #ccc>(</color><color #282>+42</color><color #ccc>,</color><color #f00>-12</color><color #ccc>)</color>//\\
 => ''[[https://git.openwrt.org/?p=project/ubus.git;a=commitdiff;h=96ab0b3032f5caf443162f38073403a372b3e1c1|96ab0b3]]'' **<nowiki>ubusd:</nowiki>** <nowiki>remove systemd socket activation support</nowiki> //<color #ccc>(</color><color #282>+7</color><color #ccc>,</color><color #f00>-71</color><color #ccc>)</color>//\\
''[[https://git.lede-project.org/?p=source.git;a=commitdiff;h=7cc4fa1ae10c18fd088217955ace413a9faf91e3|7cc4fa1]]'' **<nowiki>procd:</nowiki>** <nowiki>fix file permissions of /dev/tty* nodes</nowiki> //<color #ccc>(</color><color #282>+5</color><color #ccc>,</color><color #f00>-1</color><color #ccc>)</color>//\\
''[[https://git.lede-project.org/?p=source.git;a=commitdiff;h=7eeb254cc49c4e9f837c980826ec112b9404f341|7eeb254]]'' **<nowiki>treewide:</nowiki>** <nowiki>replace nbd@openwrt.org with nbd@nbd.name</nowiki> //<color #ccc>(</color><color #282>+299</color><color #ccc>,</color><color #f00>-299</color><color #ccc>)</color>//\\
''[[https://git.lede-project.org/?p=source.git;a=commitdiff;h=24a7ccb0562a867e363a10ebdc64e3aaa6f01cd2|24a7ccb]]'' **<nowiki>treewide:</nowiki>** <nowiki>replace jow@openwrt.org with jo@mein.io</nowiki> //<color #ccc>(</color><color #282>+73</color><color #ccc>,</color><color #f00>-73</color><color #ccc>)</color>//\\
''[[https://git.lede-project.org/?p=source.git;a=commitdiff;h=efa740b08bde7511334a654b3b4ec1f03682ee8b|efa740b]]'' **<nowiki>ubox:</nowiki>** <nowiki>increase default size of system log buffer to 64 kB</nowiki> //<color #ccc>(</color><color #282>+2</color><color #ccc>,</color><color #f00>-2</color><color #ccc>)</color>//\\
''[[https://git.lede-project.org/?p=source.git;a=commitdiff;h=62dc9831d34a3ce45f68c1749b136286457b5265|62dc983]]'' **<nowiki>package/*:</nowiki>** <nowiki>update git urls for project repos</nowiki> //<color #ccc>(</color><color #282>+23</color><color #ccc>,</color><color #f00>-23</color><color #ccc>)</color>//\\
''[[https://git.lede-project.org/?p=source.git;a=commitdiff;h=9ba0dc602f7fb52c4e792922c20e8e7390d1a10c|9ba0dc6]]'' **<nowiki>ubox:</nowiki>** <nowiki>update to latest git HEAD</nowiki> //<color #ccc>(</color><color #282>+4</color><color #ccc>,</color><color #f00>-3</color><color #ccc>)</color>//\\
 => ''[[https://git.lede-project.org/?p=project/ubox.git;a=commitdiff;h=fdda69207d1509e0383e3da549f71666b194c40a|fdda692]]'' **<nowiki>getrandom:</nowiki>** <nowiki>add helper for getrandom() syscall</nowiki> //<color #ccc>(</color><color #282>+63</color><color #ccc>)</color>//\\
''[[https://git.lede-project.org/?p=source.git;a=commitdiff;h=fd7e15d493166eeed15153caa864a9cc59e3a51a|fd7e15d]]'' **<nowiki>fstools:</nowiki>** <nowiki>remove bogus warning in the fstab script</nowiki> //<color #ccc>(</color><color #282>+6</color><color #ccc>,</color><color #f00>-4</color><color #ccc>)</color>//\\
''[[https://git.lede-project.org/?p=source.git;a=commitdiff;h=6ccf400be12800d6d52be2c0c43f53d80a443033|6ccf400]]'' **<nowiki>fstools:</nowiki>** <nowiki>split snapshot-tool into its own package</nowiki> //<color #ccc>(</color><color #282>+16</color><color #ccc>,</color><color #f00>-2</color><color #ccc>)</color>//\\
''[[https://git.lede-project.org/?p=source.git;a=commitdiff;h=a3cde627f8acbaaa7bed88ed81577bb23b697fcf|a3cde62]]'' **<nowiki>libubox:</nowiki>** <nowiki>update to the latest version, fixes an uloop signal handling race co...</nowiki> //<color #ccc>(</color><color #282>+2</color><color #ccc>,</color><color #f00>-2</color><color #ccc>)</color>//\\
 => ''[[https://git.lede-project.org/?p=project/libubox.git;a=commitdiff;h=4e3a47a4cb438866bc4b9cb2f5d16226ffb48502|4e3a47a]]'' **<nowiki>uloop:</nowiki>** <nowiki>use a waker for notifying sigchld and loop cancel events</nowiki> //<color #ccc>(</color><color #282>+74</color><color #ccc>,</color><color #f00>-6</color><color #ccc>)</color>//\\
 => ''[[https://git.lede-project.org/?p=project/libubox.git;a=commitdiff;h=c2f2c47f3e9a2d709ec82a79f6fadd3124c18781|c2f2c47]]'' **<nowiki>uloop:</nowiki>** <nowiki>add missing waker_pipe initialization</nowiki> //<color #ccc>(</color><color #282>+1</color><color #ccc>)</color>//\\
''[[https://git.lede-project.org/?p=source.git;a=commitdiff;h=475e94b1d2a2ad6bb8e1c6be39c869d59d1cdfe4|475e94b]]'' **<nowiki>uhttpd:</nowiki>** <nowiki>update to the latest version, adds some extensions to handler script ...</nowiki> //<color #ccc>(</color><color #282>+2</color><color #ccc>,</color><color #f00>-2</color><color #ccc>)</color>//\\
 => ''[[https://git.lede-project.org/?p=project/uhttpd.git;a=commitdiff;h=242401f544df790b1df7d12b3be5f5b429da091c|242401f]]'' **<nowiki>uhttpd:</nowiki>** <nowiki>add support for adding arbitrary headers via handler scripts</nowiki> //<color #ccc>(</color><color #282>+30</color><color #ccc>,</color><color #f00>-1</color><color #ccc>)</color>//\\
 => ''[[https://git.lede-project.org/?p=project/uhttpd.git;a=commitdiff;h=9d9f07142bbef1c63a79620967a847a9493105e5|9d9f071]]'' **<nowiki>file:</nowiki>** <nowiki>add support for disabling cache related precondition checks via handlers</nowiki> //<color #ccc>(</color><color #282>+16</color><color #ccc>,</color><color #f00>-5</color><color #ccc>)</color>//\\
''[[https://git.lede-project.org/?p=source.git;a=commitdiff;h=ea828eb3af848bbbe0583281d5aaa823caac68cc|ea828eb]]'' **<nowiki>mountd:</nowiki>** <nowiki>update to latest git HEAD</nowiki> //<color #ccc>(</color><color #282>+2</color><color #ccc>,</color><color #f00>-2</color><color #ccc>)</color>//\\
 => ''[[https://git.lede-project.org/?p=project/mountd.git;a=commitdiff;h=f07729fc166ce673ecafcfe904c23c38059af171|f07729f]]'' <nowiki>align fs_names table to indexes defined in include/fs.h</nowiki> //<color #ccc>(</color><color #282>+1</color><color #ccc>)</color>//\\
 => ''[[https://git.lede-project.org/?p=project/mountd.git;a=commitdiff;h=57520bcb508235cfa6e046df1321718b2f2051db|57520bc]]'' <nowiki>fix crash if no uci config file present</nowiki> //<color #ccc>(</color><color #282>+14</color><color #ccc>,</color><color #f00>-1</color><color #ccc>)</color>//\\
 => ''[[https://git.lede-project.org/?p=project/mountd.git;a=commitdiff;h=efa99c9051c6e50eca10653c85246f473fc71851|efa99c9]]'' <nowiki>add hotplug events</nowiki> //<color #ccc>(</color><color #282>+2</color><color #ccc>,</color><color #f00>-1</color><color #ccc>)</color>//\\
 => ''[[https://git.lede-project.org/?p=project/mountd.git;a=commitdiff;h=d13b58730f92fa645c9caf9954b8305c06bdc11e|d13b587]]'' <nowiki>filesystem mount options in uci as optional parameter</nowiki> //<color #ccc>(</color><color #282>+41</color><color #ccc>,</color><color #f00>-22</color><color #ccc>)</color>//\\
''[[https://git.lede-project.org/?p=source.git;a=commitdiff;h=16e04fd1b4572ad9f6cf006ff6dc895711d5d6cd|16e04fd]]'' **<nowiki>procd:</nowiki>** <nowiki>update to latest git head</nowiki> //<color #ccc>(</color><color #282>+2</color><color #ccc>,</color><color #f00>-2</color><color #ccc>)</color>//\\
 => ''[[https://git.lede-project.org/?p=project/procd.git;a=commitdiff;h=7104a2b149f0a870ec36ddff90b5f6a22c0d398d|7104a2b]]'' <nowiki>make /var/{run, lock, state} not world writable (0755)</nowiki> //<color #ccc>(</color><color #282>+3</color><color #ccc>,</color><color #f00>-3</color><color #ccc>)</color>//\\
''[[https://git.lede-project.org/?p=source.git;a=commitdiff;h=e4bad7953baea9c0d5e1b4634bf03ad6fa8e2daf|e4bad79]]'' **<nowiki>fstools:</nowiki>** <nowiki>fix missing dependency</nowiki> //<color #ccc>(</color><color #282>+1</color><color #ccc>,</color><color #f00>-1</color><color #ccc>)</color>//\\
''[[https://git.lede-project.org/?p=source.git;a=commitdiff;h=163cc22643cbf6fab3ea235db903050f30a6da5a|163cc22]]'' **<nowiki>procd:</nowiki>** <nowiki>properly set /dev/snd permission and group</nowiki> //<color #ccc>(</color><color #282>+6</color><color #ccc>,</color><color #f00>-2</color><color #ccc>)</color>//\\
''[[https://git.lede-project.org/?p=source.git;a=commitdiff;h=27493e82f996a8f0c47b66dd9cdca77fd9972e10|27493e8]]'' **<nowiki>mountd:</nowiki>** <nowiki>update to latest git HEAD</nowiki> //<color #ccc>(</color><color #282>+2</color><color #ccc>,</color><color #f00>-2</color><color #ccc>)</color>//\\
 => ''[[https://git.lede-project.org/?p=project/mountd.git;a=commitdiff;h=be96e24194f7bf291f3a1e9c8faa5350708ed60f|be96e24]]'' <nowiki>hfs+ journal partition support as read only</nowiki> //<color #ccc>(</color><color #282>+27</color><color #ccc>,</color><color #f00>-18</color><color #ccc>)</color>//\\
 => ''[[https://git.lede-project.org/?p=project/mountd.git;a=commitdiff;h=582d4d41f1e4ccd327143a3f2f89b5124d3cd8ba|582d4d4]]'' <nowiki>support for disk without partition table</nowiki> //<color #ccc>(</color><color #282>+10</color><color #ccc>,</color><color #f00>-4</color><color #ccc>)</color>//\\
''[[https://git.lede-project.org/?p=source.git;a=commitdiff;h=95d9330d572836f9e7cbc3217b56cb3acaf6b361|95d9330]]'' **<nowiki>rpcd:</nowiki>** <nowiki>iwinfo plugin fixes</nowiki> //<color #ccc>(</color><color #282>+2</color><color #ccc>,</color><color #f00>-2</color><color #ccc>)</color>//\\
''[[https://git.lede-project.org/?p=source.git;a=commitdiff;h=c6cef6dde743c9d1b52426f4aa2e7068fde43e7e|c6cef6d]]'' **<nowiki>procd:</nowiki>** <nowiki>adjust /dev entries to desktop distro defaults</nowiki> //<color #ccc>(</color><color #282>+4</color><color #ccc>,</color><color #f00>-14</color><color #ccc>)</color>//\\
''[[https://git.lede-project.org/?p=source.git;a=commitdiff;h=9597675d8e0eb7f0d3cd738b8dade1ce45adda0d|9597675]]'' **<nowiki>procd:</nowiki>** <nowiki>change /dev/{gpio,hvc*} perms to 0600</nowiki> //<color #ccc>(</color><color #282>+2</color><color #ccc>,</color><color #f00>-7</color><color #ccc>)</color>//\\
''[[https://git.lede-project.org/?p=source.git;a=commitdiff;h=25275bcc24fc7341dd227e522bc5f76c6245fdbd|25275bc]]'' **<nowiki>ubus:</nowiki>** <nowiki>update to latest git HEAD</nowiki> //<color #ccc>(</color><color #282>+2</color><color #ccc>,</color><color #f00>-2</color><color #ccc>)</color>//\\
 => ''[[https://git.lede-project.org/?p=project/ubus.git;a=commitdiff;h=976719d89ca58cb6d393ded3a8451b7ba6567361|976719d]]'' <nowiki>Implemented publish/subscribe lua bindings to libubus-lua with example lua fi...</nowiki> //<color #ccc>(</color><color #282>+314</color><color #ccc>,</color><color #f00>-1</color><color #ccc>)</color>//\\
 => ''[[https://git.lede-project.org/?p=project/ubus.git;a=commitdiff;h=2f09fd7181dcfdad7f5ea2937c61783122710172|2f09fd7]]'' <nowiki>Fix the length of msg buffer after realloc</nowiki> //<color #ccc>(</color><color #282>+1</color><color #ccc>)</color>//\\
 => ''[[https://git.lede-project.org/?p=project/ubus.git;a=commitdiff;h=053be7df871e05478284235732f8b0608089512f|053be7d]]'' **<nowiki>cmake:</nowiki>** <nowiki>Fix find_library for ubusd and examples/server</nowiki> //<color #ccc>(</color><color #282>+3</color><color #ccc>,</color><color #f00>-2</color><color #ccc>)</color>//\\
''[[https://git.lede-project.org/?p=source.git;a=commitdiff;h=c5a27139297e1e7d6b6f292fb27fe9b433755a20|c5a2713]]'' **<nowiki>ubox:</nowiki>** <nowiki>update to latest git HEAD</nowiki> //<color #ccc>(</color><color #282>+2</color><color #ccc>,</color><color #f00>-2</color><color #ccc>)</color>//\\
 => ''[[https://git.lede-project.org/?p=project/ubox.git;a=commitdiff;h=81c38e8cc3913afcdf5c6916db0376000086b57f|81c38e8]]'' **<nowiki>cmake:</nowiki>** <nowiki>Find uci header file</nowiki> //<color #ccc>(</color><color #282>+3</color><color #ccc>)</color>//\\
''[[https://git.lede-project.org/?p=source.git;a=commitdiff;h=a74f59364787fedf162f7c2dd2c4826359f9ecc7|a74f593]]'' **<nowiki>procd:</nowiki>** <nowiki>update to latest git HEAD</nowiki> //<color #ccc>(</color><color #282>+2</color><color #ccc>,</color><color #f00>-2</color><color #ccc>)</color>//\\
 => ''[[https://git.lede-project.org/?p=project/procd.git;a=commitdiff;h=7be2859d91cb8c72bd8c84d69a03372088b78a3f|7be2859]]'' **<nowiki>cmake:</nowiki>** <nowiki>Find libubox/uloop.h</nowiki> //<color #ccc>(</color><color #282>+3</color><color #ccc>)</color>//\\
''[[https://git.lede-project.org/?p=source.git;a=commitdiff;h=bb00c0a33cc26f68e893c61443e8dce3d65b31db|bb00c0a]]'' **<nowiki>fstools:</nowiki>** <nowiki>update to latest git HEAD</nowiki> //<color #ccc>(</color><color #282>+2</color><color #ccc>,</color><color #f00>-2</color><color #ccc>)</color>//\\
 => ''[[https://git.lede-project.org/?p=project/fstools.git;a=commitdiff;h=eaaaf75a225fcdebb8914d5b4a046c88d2b3a105|eaaaf75]]'' **<nowiki>cmake:</nowiki>** <nowiki>Find libubox/ulog.h</nowiki> //<color #ccc>(</color><color #282>+3</color><color #ccc>)</color>//\\
 => ''[[https://git.lede-project.org/?p=project/fstools.git;a=commitdiff;h=35aa20c51995e80257244790d4f058e15f29569f|35aa20c]]'' **<nowiki>cmake:</nowiki>** <nowiki>Link against libjson-c</nowiki> //<color #ccc>(</color><color #282>+4</color><color #ccc>,</color><color #f00>-2</color><color #ccc>)</color>//\\
''[[https://git.lede-project.org/?p=source.git;a=commitdiff;h=8a83ffbefde9879539022c665c4e06f68140e0db|8a83ffb]]'' **<nowiki>procd:</nowiki>** <nowiki>Set /dev/kmsg to 600</nowiki> //<color #ccc>(</color><color #f00>-4</color><color #ccc>)</color>//\\
''[[https://git.lede-project.org/?p=source.git;a=commitdiff;h=2a8bb4629442dcc55ad68d1dfcdf401c74804b4c|2a8bb46]]'' **<nowiki>jsonfilter:</nowiki>** <nowiki>update to latest git HEAD</nowiki> //<color #ccc>(</color><color #282>+2</color><color #ccc>,</color><color #f00>-2</color><color #ccc>)</color>//\\
 => ''[[https://git.lede-project.org/?p=project/jsonpath.git;a=commitdiff;h=181cf50743241895bf64ecc453033b7b0470d230|181cf50]]'' **<nowiki>treewide:</nowiki>** <nowiki>replace jow@openwrt.org with jo@mein.io</nowiki> //<color #ccc>(</color><color #282>+8</color><color #ccc>,</color><color #f00>-8</color><color #ccc>)</color>//\\
 => ''[[https://git.lede-project.org/?p=project/jsonpath.git;a=commitdiff;h=101870cbc23e6373161958132f83a9968d4a0c53|101870c]]'' **<nowiki>cmake:</nowiki>** <nowiki>Find libubox/list.h header file</nowiki> //<color #ccc>(</color><color #282>+3</color><color #ccc>)</color>//\\
 => ''[[https://git.lede-project.org/?p=project/jsonpath.git;a=commitdiff;h=56dcaf83e29635dc87a320fc024c45cdec49907d|56dcaf8]]'' <nowiki>remove --gc-sections for mac os x builds</nowiki> //<color #ccc>(</color><color #282>+3</color><color #ccc>,</color><color #f00>-1</color><color #ccc>)</color>//\\
 => ''[[https://git.lede-project.org/?p=project/jsonpath.git;a=commitdiff;h=dea067ad67d977c247c300c06676a06adf21e0c7|dea067a]]'' <nowiki>remove obsolete /opt/local include/lib directories on mac os x</nowiki> //<color #ccc>(</color><color #f00>-5</color><color #ccc>)</color>//\\
''[[https://git.lede-project.org/?p=source.git;a=commitdiff;h=1a06dc6dc287b484aaad39ecd740520e91499f3d|1a06dc6]]'' **<nowiki>libubox:</nowiki>** <nowiki>update to latest git HEAD</nowiki> //<color #ccc>(</color><color #282>+2</color><color #ccc>,</color><color #f00>-2</color><color #ccc>)</color>//\\
 => ''[[https://git.lede-project.org/?p=project/libubox.git;a=commitdiff;h=1f019ceea1ed39286e6bccfb3ff936c22fe0f7c0|1f019ce]]'' <nowiki>Fix various memory management issues</nowiki> //<color #ccc>(</color><color #282>+83</color><color #ccc>,</color><color #f00>-23</color><color #ccc>)</color>//\\
 => ''[[https://git.lede-project.org/?p=project/libubox.git;a=commitdiff;h=1ad3d93eb888ae7db3dd97e43e611979352b1aac|1ad3d93]]'' **<nowiki>loop:</nowiki>** <nowiki>make uloop_run() return the cancelling signal</nowiki> //<color #ccc>(</color><color #282>+8</color><color #ccc>,</color><color #f00>-3</color><color #ccc>)</color>//\\
 => ''[[https://git.lede-project.org/?p=project/libubox.git;a=commitdiff;h=d197c8ffa3cc61a747f318fd0ecef1f6e39b3935|d197c8f]]'' **<nowiki>uloop:</nowiki>** <nowiki>handle waker pipe write() return value</nowiki> //<color #ccc>(</color><color #282>+7</color><color #ccc>,</color><color #f00>-1</color><color #ccc>)</color>//\\
 => ''[[https://git.lede-project.org/?p=project/libubox.git;a=commitdiff;h=d3fa561e5abcc88e02eb289c24d0b1d4d05adb54|d3fa561]]'' **<nowiki>blobmsg_json:</nowiki>** <nowiki>add new functions blobmsg_format_json_value*</nowiki> //<color #ccc>(</color><color #282>+59</color><color #ccc>,</color><color #f00>-14</color><color #ccc>)</color>//\\
''[[https://git.lede-project.org/?p=source.git;a=commitdiff;h=cbf6bc296f3cf8450b2864aef9f292674aa756fd|cbf6bc2]]'' **<nowiki>usign:</nowiki>** <nowiki>update to latest git HEAD</nowiki> //<color #ccc>(</color><color #282>+2</color><color #ccc>,</color><color #f00>-2</color><color #ccc>)</color>//\\
 => ''[[https://git.lede-project.org/?p=project/usign.git;a=commitdiff;h=3f3aeceb15f9056cc4eb2f7e610d1cb067337c24|3f3aece]]'' <nowiki>fix accidental swapping of public vs private key comment</nowiki> //<color #ccc>(</color><color #282>+2</color><color #ccc>,</color><color #f00>-2</color><color #ccc>)</color>//\\
 => ''[[https://git.lede-project.org/?p=project/usign.git;a=commitdiff;h=d7617abb223e6d866c806b5a39d56f31f4a3df05|d7617ab]]'' **<nowiki>cmake:</nowiki>** <nowiki>Find libubox/utils.h header file</nowiki> //<color #ccc>(</color><color #282>+2</color><color #ccc>)</color>//\\
 => ''[[https://git.lede-project.org/?p=project/usign.git;a=commitdiff;h=ef6419142a3b0fbcddcccf536e3c1880302c6f89|ef64191]]'' <nowiki>Add empty README</nowiki> //<color #ccc>(</color><color #ccc>)</color>//\\
''[[https://git.lede-project.org/?p=source.git;a=commitdiff;h=21fa645f7ab94d54e4ccfb5ba14dca63164ae1c7|21fa645]]'' **<nowiki>uci:</nowiki>** <nowiki>update to latest git HEAD</nowiki> //<color #ccc>(</color><color #282>+2</color><color #ccc>,</color><color #f00>-2</color><color #ccc>)</color>//\\
 => ''[[https://git.lede-project.org/?p=project/uci.git;a=commitdiff;h=e1bf4356e1b513e158e1b5049147087ed6342cfd|e1bf435]]'' **<nowiki>projects/uci:</nowiki>** <nowiki>lua: use built in pkg-config support for alternatives</nowiki> //<color #ccc>(</color><color #282>+2</color><color #ccc>,</color><color #f00>-8</color><color #ccc>)</color>//\\
''[[https://git.lede-project.org/?p=source.git;a=commitdiff;h=9a4345069fb6a43419deaf37f1f01482eebe8466|9a43450]]'' **<nowiki>procd:</nowiki>** <nowiki>update to latest git HEAD</nowiki> //<color #ccc>(</color><color #282>+2</color><color #ccc>,</color><color #f00>-2</color><color #ccc>)</color>//\\
 => ''[[https://git.lede-project.org/?p=project/procd.git;a=commitdiff;h=64970552b42b33cc22220e0943671b597d9243f6|6497055]]'' **<nowiki>procd:</nowiki>** <nowiki>remove pidfile after unexpected termination without respawn</nowiki> //<color #ccc>(</color><color #282>+1</color><color #ccc>,</color><color #f00>-1</color><color #ccc>)</color>//\\
 => ''[[https://git.lede-project.org/?p=project/procd.git;a=commitdiff;h=3c771f9e4ba46d3e39334cb20eab98221043f1e2|3c771f9]]'' **<nowiki>system:</nowiki>** <nowiki>fix localtime value in ubus info method output</nowiki> //<color #ccc>(</color><color #282>+1</color><color #ccc>,</color><color #f00>-1</color><color #ccc>)</color>//\\
''[[https://git.lede-project.org/?p=source.git;a=commitdiff;h=ef3c0cf5904e87d8b1db944f52a0c5b6245c670b|ef3c0cf]]'' **<nowiki>procd:</nowiki>** <nowiki>update to latest git HEAD</nowiki> //<color #ccc>(</color><color #282>+2</color><color #ccc>,</color><color #f00>-2</color><color #ccc>)</color>//\\
 => ''[[https://git.lede-project.org/?p=project/procd.git;a=commitdiff;h=02d56c03115276aa4e2203ddbd411c3e587cf08f|02d56c0]]'' **<nowiki>system:</nowiki>** <nowiki>add reboot method to system ubus object</nowiki> //<color #ccc>(</color><color #282>+10</color><color #ccc>)</color>//\\
''[[https://git.lede-project.org/?p=source.git;a=commitdiff;h=122a7021a924a8038810b2deac25d49eaedaa009|122a702]]'' **<nowiki>ubox:</nowiki>** <nowiki>update to the latest version, fixes lsmod output</nowiki> //<color #ccc>(</color><color #282>+2</color><color #ccc>,</color><color #f00>-2</color><color #ccc>)</color>//\\
 => ''[[https://git.lede-project.org/?p=project/ubox.git;a=commitdiff;h=aead2c0cbffdda9b46d74a998a4c6aeef423b21a|aead2c0]]'' **<nowiki>kmodloader:</nowiki>** <nowiki>fix lsmod depends output</nowiki> //<color #ccc>(</color><color #282>+15</color><color #ccc>,</color><color #f00>-4</color><color #ccc>)</color>//\\
''[[https://git.lede-project.org/?p=source.git;a=commitdiff;h=86c0a569f41c848a7f2eac5b37f5f564c265c5ce|86c0a56]]'' **<nowiki>fstools:</nowiki>** <nowiki>update to latest HEAD</nowiki> //<color #ccc>(</color><color #282>+2</color><color #ccc>,</color><color #f00>-2</color><color #ccc>)</color>//\\
 => ''[[https://git.lede-project.org/?p=project/fstools.git;a=commitdiff;h=5b61e27d36e5bbf40825a4ae14920efe47d36f02|5b61e27]]'' **<nowiki>block:</nowiki>** <nowiki>fix ubi?_? glob pattern</nowiki> //<color #ccc>(</color><color #282>+1</color><color #ccc>,</color><color #f00>-1</color><color #ccc>)</color>//\\
 => ''[[https://git.lede-project.org/?p=project/fstools.git;a=commitdiff;h=b98642a50b0cd11696eaad151638f8cf9d153c40|b98642a]]'' **<nowiki>block:</nowiki>** <nowiki>avoid ubi{,block} duplicates</nowiki> //<color #ccc>(</color><color #282>+10</color><color #ccc>)</color>//\\
 => ''[[https://git.lede-project.org/?p=project/fstools.git;a=commitdiff;h=6a8fae38791572d72d4241856b5704684a8ee7c6|6a8fae3]]'' **<nowiki>block:</nowiki>** <nowiki>allow block info /dev/ubi?_?</nowiki> //<color #ccc>(</color><color #282>+1</color><color #ccc>,</color><color #f00>-1</color><color #ccc>)</color>//\\
 => ''[[https://git.lede-project.org/?p=project/fstools.git;a=commitdiff;h=b5f6b8266465d8401a9699d5245c1058424f733c|b5f6b82]]'' **<nowiki>block:</nowiki>** <nowiki>don't truncate mountpoint path</nowiki> //<color #ccc>(</color><color #282>+1</color><color #ccc>,</color><color #f00>-1</color><color #ccc>)</color>//\\
 => ''[[https://git.lede-project.org/?p=project/fstools.git;a=commitdiff;h=bef7987f4b4ccc343f619172e28bcaaa12a19403|bef7987]]'' **<nowiki>block:</nowiki>** <nowiki>also check /proc/self/mountinfo to find mountpoint</nowiki> //<color #ccc>(</color><color #282>+28</color><color #ccc>,</color><color #f00>-1</color><color #ccc>)</color>//\\
 => ''[[https://git.lede-project.org/?p=project/fstools.git;a=commitdiff;h=e7e1a1b0ab05454ed63e09ccf29d24ed187d7220|e7e1a1b]]'' **<nowiki>block:</nowiki>** <nowiki>print mountpoint if already mounted</nowiki> //<color #ccc>(</color><color #282>+4</color><color #ccc>,</color><color #f00>-2</color><color #ccc>)</color>//\\
 => ''[[https://git.lede-project.org/?p=project/fstools.git;a=commitdiff;h=415bb93aac1b3b658d6957e7114ed3835ae3724d|415bb93]]'' **<nowiki>block:</nowiki>** <nowiki>get mountpoints from /proc/self/mountinfo</nowiki> //<color #ccc>(</color><color #282>+67</color><color #ccc>,</color><color #f00>-33</color><color #ccc>)</color>//\\
 => ''[[https://git.lede-project.org/?p=project/fstools.git;a=commitdiff;h=addd7dc21fe99f2701c1d4708071578052af401d|addd7dc]]'' **<nowiki>block:</nowiki>** <nowiki>best-effort in find_mount_point</nowiki> //<color #ccc>(</color><color #282>+5</color><color #ccc>,</color><color #f00>-2</color><color #ccc>)</color>//\\
''[[https://git.lede-project.org/?p=source.git;a=commitdiff;h=b15f41d4d6ea46ef2ba64f26cfd86c9794a2e1d8|b15f41d]]'' **<nowiki>ugps:</nowiki>** <nowiki>update to latest git HEAD</nowiki> //<color #ccc>(</color><color #282>+2</color><color #ccc>,</color><color #f00>-2</color><color #ccc>)</color>//\\
 => ''[[https://git.lede-project.org/?p=project/ugps.git;a=commitdiff;h=ab92ba862353cc1d76cd769b8f095e197c75538a|ab92ba8]]'' **<nowiki>cmake:</nowiki>** <nowiki>Add proper library and include files search logic for dependecies</nowiki> //<color #ccc>(</color><color #282>+7</color><color #ccc>,</color><color #f00>-3</color><color #ccc>)</color>//\\
 => ''[[https://git.lede-project.org/?p=project/ugps.git;a=commitdiff;h=24df9761cc0f819847bfdb850ca6c07a2fc62893|24df976]]'' <nowiki>Switch to ulog for logging and add few commandline params</nowiki> //<color #ccc>(</color><color #282>+59</color><color #ccc>,</color><color #f00>-24</color><color #ccc>)</color>//\\
 => ''[[https://git.lede-project.org/?p=project/ugps.git;a=commitdiff;h=442c54998883cd27d1d12ee04595d70b843ab444|442c549]]'' <nowiki>Bail out if we can't find GPS device</nowiki> //<color #ccc>(</color><color #282>+4</color><color #ccc>,</color><color #f00>-1</color><color #ccc>)</color>//\\
 => ''[[https://git.lede-project.org/?p=project/ugps.git;a=commitdiff;h=882b239a2768e70143ace43205ead6cb56388042|882b239]]'' <nowiki>Use strsep for NMEA message tokenization</nowiki> //<color #ccc>(</color><color #282>+2</color><color #ccc>,</color><color #f00>-2</color><color #ccc>)</color>//\\
 => ''[[https://git.lede-project.org/?p=project/ugps.git;a=commitdiff;h=2c9ea76af28d3d5a506676380ff2890e8b6fd8d3|2c9ea76]]'' <nowiki>Fix typo in error message</nowiki> //<color #ccc>(</color><color #282>+1</color><color #ccc>,</color><color #f00>-1</color><color #ccc>)</color>//\\
 => ''[[https://git.lede-project.org/?p=project/ugps.git;a=commitdiff;h=0475fa677a3cda7c420351748925cb5149f73376|0475fa6]]'' <nowiki>Show more useful error message if we can't open GPS device</nowiki> //<color #ccc>(</color><color #282>+2</color><color #ccc>,</color><color #f00>-1</color><color #ccc>)</color>//\\
 => ''[[https://git.lede-project.org/?p=project/ugps.git;a=commitdiff;h=6924497ce8fcf3b4b3ecac067bf7c503a628077b|6924497]]'' <nowiki>Allow bigger lat/lng numbers in RMC message</nowiki> //<color #ccc>(</color><color #282>+3</color><color #ccc>,</color><color #f00>-2</color><color #ccc>)</color>//\\
''[[https://git.lede-project.org/?p=source.git;a=commitdiff;h=30d35181cd7bf7b178f77825f0e060a8a3f96508|30d3518]]'' **<nowiki>mountd:</nowiki>** <nowiki>update to latest git HEAD</nowiki> //<color #ccc>(</color><color #282>+2</color><color #ccc>,</color><color #f00>-2</color><color #ccc>)</color>//\\
 => ''[[https://git.lede-project.org/?p=project/mountd.git;a=commitdiff;h=46063a1657c449d46c1ed7384862f2c0aa051761|46063a1]]'' **<nowiki>cmake:</nowiki>** <nowiki>Find uci.h</nowiki> //<color #ccc>(</color><color #282>+3</color><color #ccc>)</color>//\\
''[[https://git.lede-project.org/?p=source.git;a=commitdiff;h=11d47e615bedd77d9e8b27361efa1572ff3f2298|11d47e6]]'' **<nowiki>libubox:</nowiki>** <nowiki>update to the latest version, adds a few utility functions</nowiki> //<color #ccc>(</color><color #282>+2</color><color #ccc>,</color><color #f00>-2</color><color #ccc>)</color>//\\
 => ''[[https://git.lede-project.org/?p=project/libubox.git;a=commitdiff;h=72613ca2c8f9b9905c6372c1b19ecbcd7cace007|72613ca]]'' **<nowiki>avl:</nowiki>** <nowiki>add blob comparator function</nowiki> //<color #ccc>(</color><color #282>+14</color><color #ccc>)</color>//\\
 => ''[[https://git.lede-project.org/?p=project/libubox.git;a=commitdiff;h=290c64ef5b5c3e75be851594f269d6a9568e64e5|290c64e]]'' **<nowiki>libubox:</nowiki>** <nowiki>add static initializer macro for runqueues</nowiki> //<color #ccc>(</color><color #282>+9</color><color #ccc>)</color>//\\
''[[https://git.lede-project.org/?p=source.git;a=commitdiff;h=eed30bc869e5e45814cfc1ebae690153391c0a11|eed30bc]]'' **<nowiki>procd:</nowiki>** <nowiki>update to the latest version</nowiki> //<color #ccc>(</color><color #282>+2</color><color #ccc>,</color><color #f00>-2</color><color #ccc>)</color>//\\
 => ''[[https://git.lede-project.org/?p=project/procd.git;a=commitdiff;h=d5e89ee3d19a6610b664043541a2a8436887f242|d5e89ee]]'' **<nowiki>procd:</nowiki>** <nowiki>remove instance_removepid call from instance_stop</nowiki> //<color #ccc>(</color><color #f00>-1</color><color #ccc>)</color>//\\
 => ''[[https://git.lede-project.org/?p=project/procd.git;a=commitdiff;h=0cf8b0576a66ca28aeec98e19dc9c1cbf4324894|0cf8b05]]'' **<nowiki>trigger:</nowiki>** <nowiki>reduce indentation level in trigger_event()</nowiki> //<color #ccc>(</color><color #282>+8</color><color #ccc>,</color><color #f00>-8</color><color #ccc>)</color>//\\
 => ''[[https://git.lede-project.org/?p=project/procd.git;a=commitdiff;h=1183b6dd0f7bec91aa4adf5b30f62b87146cc9a6|1183b6d]]'' **<nowiki>trigger:</nowiki>** <nowiki>remove unnecessary runqueue empty callback</nowiki> //<color #ccc>(</color><color #f00>-5</color><color #ccc>)</color>//\\
 => ''[[https://git.lede-project.org/?p=project/procd.git;a=commitdiff;h=8eecf942b50d88dbcd7517817fe5c557f10541e0|8eecf94]]'' **<nowiki>trigger:</nowiki>** <nowiki>replace trigger_init() with static runqueue initialization</nowiki> //<color #ccc>(</color><color #282>+1</color><color #ccc>,</color><color #f00>-9</color><color #ccc>)</color>//\\
 => ''[[https://git.lede-project.org/?p=project/procd.git;a=commitdiff;h=2c9f5d4af1559b840c42f1443ede9f9fe809c58b|2c9f5d4]]'' **<nowiki>trigger:</nowiki>** <nowiki>rework timeout handling and command queueing</nowiki> //<color #ccc>(</color><color #282>+84</color><color #ccc>,</color><color #f00>-121</color><color #ccc>)</color>//\\
''[[https://git.lede-project.org/?p=source.git;a=commitdiff;h=8891d941e054331dab027a58dd24e1aeb88acfc3|8891d94]]'' **<nowiki>procd:</nowiki>** <nowiki>rework trigger handling</nowiki> //<color #ccc>(</color><color #282>+16</color><color #ccc>,</color><color #f00>-8</color><color #ccc>)</color>//\\
''[[https://git.lede-project.org/?p=source.git;a=commitdiff;h=f88e3a4c0abb60bb76a7678dd30dfdc8a808a2f1|f88e3a4]]'' **<nowiki>procd:</nowiki>** <nowiki>add default timeout for reload trigger actions</nowiki> //<color #ccc>(</color><color #282>+10</color><color #ccc>)</color>//\\
''[[https://git.lede-project.org/?p=source.git;a=commitdiff;h=3004298e625c47537877bfd1e95806fad7c39f27|3004298]]'' **<nowiki>sysupgrade:</nowiki>** <nowiki>unmount filesystems before reboot</nowiki> //<color #ccc>(</color><color #282>+3</color><color #ccc>)</color>//\\
''[[https://git.lede-project.org/?p=source.git;a=commitdiff;h=40b8cbc2af6191707cab6995fd3162d722c24bfd|40b8cbc]]'' **<nowiki>procd:</nowiki>** <nowiki>update to latest git HEAD</nowiki> //<color #ccc>(</color><color #282>+2</color><color #ccc>,</color><color #f00>-2</color><color #ccc>)</color>//\\
 => ''[[https://git.lede-project.org/?p=project/procd.git;a=commitdiff;h=ba0ef6bea720c6cb263c034787fdd1ebe75be2fa|ba0ef6b]]'' **<nowiki>procd:</nowiki>** <nowiki>uClibc O_PATH backwards compatibility fixes</nowiki> //<color #ccc>(</color><color #282>+8</color><color #ccc>)</color>//\\
''[[https://git.lede-project.org/?p=source.git;a=commitdiff;h=5e563262f12d919f5062b5e47d60d0be64d33d35|5e56326]]'' **<nowiki>ubox:</nowiki>** <nowiki>fixes segfault inside kmodloader</nowiki> //<color #ccc>(</color><color #282>+2</color><color #ccc>,</color><color #f00>-2</color><color #ccc>)</color>//\\
''[[https://git.lede-project.org/?p=source.git;a=commitdiff;h=223c124db84e25dc83afc918807b1f9970ecd104|223c124]]'' **<nowiki>ubox:</nowiki>** <nowiki>move logd into ubox package</nowiki> //<color #ccc>(</color><color #282>+2</color><color #ccc>,</color><color #f00>-14</color><color #ccc>)</color>//\\
''[[https://git.lede-project.org/?p=source.git;a=commitdiff;h=d41f56864cb7587a752cb24172a67463e7b13216|d41f568]]'' **<nowiki>ubus:</nowiki>** <nowiki>update to the latest version, adds object remove fixes</nowiki> //<color #ccc>(</color><color #282>+2</color><color #ccc>,</color><color #f00>-2</color><color #ccc>)</color>//\\
 => ''[[https://git.lede-project.org/?p=project/ubus.git;a=commitdiff;h=b405050ceb53a0f7fce5a3e0958b6e5406e9225b|b405050]]'' **<nowiki>ubusd:</nowiki>** <nowiki>add missing NULL pointer checks for obj->type</nowiki> //<color #ccc>(</color><color #282>+4</color><color #ccc>,</color><color #f00>-1</color><color #ccc>)</color>//\\
 => ''[[https://git.lede-project.org/?p=project/ubus.git;a=commitdiff;h=686c05d738a7a1f7ec62c47807f07f6f642904b1|686c05d]]'' **<nowiki>ubusd:</nowiki>** <nowiki>fix sending remove-object notification</nowiki> //<color #ccc>(</color><color #282>+1</color><color #ccc>,</color><color #f00>-1</color><color #ccc>)</color>//\\
''[[https://git.lede-project.org/?p=source.git;a=commitdiff;h=81b779d4d91a8f62b27a0ed53281a34164616ec1|81b779d]]'' **<nowiki>ugps:</nowiki>** <nowiki>update to latest git HEAD</nowiki> //<color #ccc>(</color><color #282>+2</color><color #ccc>,</color><color #f00>-2</color><color #ccc>)</color>//\\
 => ''[[https://git.lede-project.org/?p=project/ugps.git;a=commitdiff;h=797e09b4a3f3003ae57f035ffb21336045707bf0|797e09b]]'' <nowiki>fix reading of speed</nowiki> //<color #ccc>(</color><color #282>+1</color><color #ccc>,</color><color #f00>-1</color><color #ccc>)</color>//\\
 => ''[[https://git.lede-project.org/?p=project/ugps.git;a=commitdiff;h=6c94f90daf15d1bc7caf3251956fc234e2f51756|6c94f90]]'' <nowiki>fix ms->deg conversion</nowiki> //<color #ccc>(</color><color #282>+1</color><color #ccc>,</color><color #f00>-1</color><color #ccc>)</color>//\\
 => ''[[https://git.lede-project.org/?p=project/ugps.git;a=commitdiff;h=51b808cdd323c802847885421dd18897afaae210|51b808c]]'' **<nowiki>ugps:</nowiki>** <nowiki>Simplify and fix position computation from GPRMC sentence</nowiki> //<color #ccc>(</color><color #282>+22</color><color #ccc>,</color><color #f00>-36</color><color #ccc>)</color>//\\
''[[https://git.lede-project.org/?p=source.git;a=commitdiff;h=b5f7221afa296d0691d731d08e168acdf97c93a2|b5f7221]]'' **<nowiki>fstools:</nowiki>** <nowiki>fix logic bug in extroot verification code</nowiki> //<color #ccc>(</color><color #282>+2</color><color #ccc>,</color><color #f00>-2</color><color #ccc>)</color>//\\
 => ''[[https://git.lede-project.org/?p=project/fstools.git;a=commitdiff;h=532a5568104449777d24c4f83f24b9c9581d54ab|532a556]]'' <nowiki>fix return code of overlay_mount_fs</nowiki> //<color #ccc>(</color><color #282>+1</color><color #ccc>,</color><color #f00>-1</color><color #ccc>)</color>//\\
 => ''[[https://git.lede-project.org/?p=project/fstools.git;a=commitdiff;h=3f0e8e1a08a7dbfd408affeece24f626bf4a54b8|3f0e8e1]]'' **<nowiki>libfstools:</nowiki>** <nowiki>"lowerdir" variable name in fopivot</nowiki> //<color #ccc>(</color><color #282>+7</color><color #ccc>,</color><color #f00>-7</color><color #ccc>)</color>//\\
 => ''[[https://git.lede-project.org/?p=project/fstools.git;a=commitdiff;h=f9ad6bacd7efa578369427e7e75f0177bd3cf290|f9ad6ba]]'' <nowiki>fix logic bug inside extroot uuid verification code</nowiki> //<color #ccc>(</color><color #282>+1</color><color #ccc>,</color><color #f00>-1</color><color #ccc>)</color>//\\
''[[https://git.lede-project.org/?p=source.git;a=commitdiff;h=1867537d65dd412485da28837049460ccd479791|1867537]]'' **<nowiki>fstools:</nowiki>** <nowiki>update to the latest version, adds support for ext4/f2fs overlay via...</nowiki> //<color #ccc>(</color><color #282>+2</color><color #ccc>,</color><color #f00>-2</color><color #ccc>)</color>//\\
 => ''[[https://git.lede-project.org/?p=project/fstools.git;a=commitdiff;h=b71082c52e4855bc2c8c5ca70cf21ee27e88f2bd|b71082c]]'' **<nowiki>libfstools:</nowiki>** <nowiki>remove obsolete enum</nowiki> //<color #ccc>(</color><color #f00>-5</color><color #ccc>)</color>//\\
 => ''[[https://git.lede-project.org/?p=project/fstools.git;a=commitdiff;h=9668e2ef2855ab95d8f2b2868d72c8ca5d742047|9668e2e]]'' **<nowiki>libfstools:</nowiki>** <nowiki>call volume_init() before accessing v->blk</nowiki> //<color #ccc>(</color><color #282>+12</color><color #ccc>,</color><color #f00>-4</color><color #ccc>)</color>//\\
 => ''[[https://git.lede-project.org/?p=project/fstools.git;a=commitdiff;h=d40e03eb5fbfd8658dd30c09af0f81d235182996|d40e03e]]'' **<nowiki>libfstools:</nowiki>** <nowiki>use container_of for volume private data</nowiki> //<color #ccc>(</color><color #282>+59</color><color #ccc>,</color><color #f00>-64</color><color #ccc>)</color>//\\
 => ''[[https://git.lede-project.org/?p=project/fstools.git;a=commitdiff;h=4abf9de460253771fabef2b2cdf5d7a8b457bd1d|4abf9de]]'' **<nowiki>libfstools:</nowiki>** <nowiki>add f2fs filesystem type and simplify fs type code</nowiki> //<color #ccc>(</color><color #282>+35</color><color #ccc>,</color><color #f00>-38</color><color #ccc>)</color>//\\
 => ''[[https://git.lede-project.org/?p=project/fstools.git;a=commitdiff;h=41e7cf7483c89926f5650028e07a54f9052884c4|41e7cf7]]'' **<nowiki>libfstools:</nowiki>** <nowiki>add ext4 filesystem type</nowiki> //<color #ccc>(</color><color #282>+6</color><color #ccc>)</color>//\\
 => ''[[https://git.lede-project.org/?p=project/fstools.git;a=commitdiff;h=984a6beb959a5bbb2d0a6d13fb05dc9cd4a26338|984a6be]]'' **<nowiki>libfstools:</nowiki>** <nowiki>replace hardcoded mentions of jffs2 in a few places</nowiki> //<color #ccc>(</color><color #282>+9</color><color #ccc>,</color><color #f00>-6</color><color #ccc>)</color>//\\
 => ''[[https://git.lede-project.org/?p=project/fstools.git;a=commitdiff;h=fe514c9a20365ba00232c2c981463f43a4a41a7d|fe514c9]]'' **<nowiki>libfstools:</nowiki>** <nowiki>add rootdisk overlay volume support</nowiki> //<color #ccc>(</color><color #282>+285</color><color #ccc>)</color>//\\
''[[https://git.lede-project.org/?p=source.git;a=commitdiff;h=a3f12a8dbe8a003ffb299c27e1fcdb478796c6a1|a3f12a8]]'' **<nowiki>mountd:</nowiki>** <nowiki>update to latest git HEAD</nowiki> //<color #ccc>(</color><color #282>+2</color><color #ccc>,</color><color #f00>-2</color><color #ccc>)</color>//\\
 => ''[[https://git.lede-project.org/?p=project/mountd.git;a=commitdiff;h=d8145d1f78651f0ff4d53b7f2ccc89daeab4561b|d8145d1]]'' <nowiki>cleanup mountpoints of partitions failing to mount</nowiki> //<color #ccc>(</color><color #282>+2</color><color #ccc>)</color>//\\
''[[https://git.lede-project.org/?p=source.git;a=commitdiff;h=b3dd642584db0570b4488db282415c3c74bdc26e|b3dd642]]'' **<nowiki>fstools:</nowiki>** <nowiki>mark as nonshared and add missing PKG_CONFIG_DEPENDS</nowiki> //<color #ccc>(</color><color #282>+3</color><color #ccc>)</color>//\\
''[[https://git.lede-project.org/?p=source.git;a=commitdiff;h=97c38e7f226da668ba2505abd0d9a11b235f521a|97c38e7]]'' **<nowiki>procd:</nowiki>** <nowiki>update to latest git HEAD</nowiki> //<color #ccc>(</color><color #282>+2</color><color #ccc>,</color><color #f00>-2</color><color #ccc>)</color>//\\
 => ''[[https://git.lede-project.org/?p=project/procd.git;a=commitdiff;h=21ec2c7fb4ec4bae646456494090b8afa35ffbba|21ec2c7]]'' <nowiki>fixes a copy paste error in the service ubus binding</nowiki> //<color #ccc>(</color><color #282>+1</color><color #ccc>,</color><color #f00>-1</color><color #ccc>)</color>//\\
 => ''[[https://git.lede-project.org/?p=project/procd.git;a=commitdiff;h=72f63807b3644ef7b8ab9025a02d7f509f39ad14|72f6380]]'' <nowiki>add late variant of respawn and askconsole</nowiki> //<color #ccc>(</color><color #282>+10</color><color #ccc>)</color>//\\
''[[https://git.lede-project.org/?p=source.git;a=commitdiff;h=a51a11931bbca510d035432f6b496b3678db05b1|a51a119]]'' **<nowiki>mountd:</nowiki>** <nowiki>update to latest git HEAD</nowiki> //<color #ccc>(</color><color #282>+2</color><color #ccc>,</color><color #f00>-2</color><color #ccc>)</color>//\\
 => ''[[https://git.lede-project.org/?p=project/mountd.git;a=commitdiff;h=3dd115bb4046521986abe78bc488dfd6b95e5a6e|3dd115b]]'' **<nowiki>cmake:</nowiki>** <nowiki>Really look for uci.h</nowiki> //<color #ccc>(</color><color #282>+2</color><color #ccc>,</color><color #f00>-2</color><color #ccc>)</color>//\\
''[[https://git.lede-project.org/?p=source.git;a=commitdiff;h=3c4858eeb2bbb3107f87bb3be07d5c172c8e0ef9|3c4858e]]'' **<nowiki>uhttpd:</nowiki>** <nowiki>support using OpenSSL for certificate generation</nowiki> //<color #ccc>(</color><color #282>+8</color><color #ccc>,</color><color #f00>-3</color><color #ccc>)</color>//\\
''[[https://git.lede-project.org/?p=source.git;a=commitdiff;h=eb75b6ac1f0a3318e9a5f147a6c6a46e1eda0caf|eb75b6a]]'' **<nowiki>uhttpd:</nowiki>** <nowiki>rename certificate defaults section</nowiki> //<color #ccc>(</color><color #282>+2</color><color #ccc>,</color><color #f00>-2</color><color #ccc>)</color>//\\
''[[https://git.lede-project.org/?p=source.git;a=commitdiff;h=9edfe7dd13d973b2d0c754d79dabdeebaeb13d49|9edfe7d]]'' **<nowiki>source:</nowiki>** <nowiki>Switch to xz for packages and tools where possible</nowiki> //<color #ccc>(</color><color #282>+96</color><color #ccc>,</color><color #f00>-71</color><color #ccc>)</color>//\\
''[[https://git.lede-project.org/?p=source.git;a=commitdiff;h=175b59c59b7cd8f40bdb3a8f3c6fec05e46c5299|175b59c]]'' **<nowiki>uhttpd:</nowiki>** <nowiki>update to the latest version, adds a small json handler fix</nowiki> //<color #ccc>(</color><color #282>+3</color><color #ccc>,</color><color #f00>-3</color><color #ccc>)</color>//\\
 => ''[[https://git.lede-project.org/?p=project/uhttpd.git;a=commitdiff;h=59e0c739634f46a164d939e54416287b91ff8a9b|59e0c73]]'' **<nowiki>cmake:</nowiki>** <nowiki>Find libubox/usock.h</nowiki> //<color #ccc>(</color><color #282>+3</color><color #ccc>)</color>//\\
 => ''[[https://git.lede-project.org/?p=project/uhttpd.git;a=commitdiff;h=c0b5444b533e7177394ceaa247de4495307f72d6|c0b5444]]'' **<nowiki>file:</nowiki>** <nowiki>re-run json handler script after file fallback redirect</nowiki> //<color #ccc>(</color><color #282>+8</color><color #ccc>,</color><color #f00>-3</color><color #ccc>)</color>//\\
''[[https://git.lede-project.org/?p=source.git;a=commitdiff;h=8869dd47ca8ca70213acf349abc263bd6ec4eed0|8869dd4]]'' **<nowiki>ubus:</nowiki>** <nowiki>update to the latest version, adds a race fix for wait_for</nowiki> //<color #ccc>(</color><color #282>+3</color><color #ccc>,</color><color #f00>-3</color><color #ccc>)</color>//\\
 => ''[[https://git.lede-project.org/?p=project/ubus.git;a=commitdiff;h=d6bb4f1a1ddab325024966cd79abd34364dfdd15|d6bb4f1]]'' **<nowiki>ubusd:</nowiki>** <nowiki>don't check ACL when object is NULL</nowiki> //<color #ccc>(</color><color #282>+1</color><color #ccc>,</color><color #f00>-1</color><color #ccc>)</color>//\\
 => ''[[https://git.lede-project.org/?p=project/ubus.git;a=commitdiff;h=ba45b27f8c1c4d56ebff7c584a471cdbce232ec8|ba45b27]]'' **<nowiki>ubusd:</nowiki>** <nowiki>fix inverted check in ubusd_reply_add</nowiki> //<color #ccc>(</color><color #282>+1</color><color #ccc>,</color><color #f00>-1</color><color #ccc>)</color>//\\
 => ''[[https://git.lede-project.org/?p=project/ubus.git;a=commitdiff;h=312448a5b147c221836827a7a641e76a4514db44|312448a]]'' **<nowiki>cli:</nowiki>** <nowiki>register event handler first, then do lookup</nowiki> //<color #ccc>(</color><color #282>+5</color><color #ccc>,</color><color #f00>-2</color><color #ccc>)</color>//\\
''[[https://git.lede-project.org/?p=source.git;a=commitdiff;h=f5c741b5e02c547ae7bbda120f73cabf679cdb49|f5c741b]]'' **<nowiki>procd:</nowiki>** <nowiki>update to latest git HEAD revision</nowiki> //<color #ccc>(</color><color #282>+2</color><color #ccc>,</color><color #f00>-2</color><color #ccc>)</color>//\\
 => ''[[https://git.lede-project.org/?p=project/procd.git;a=commitdiff;h=98dc89149231c5268de38fc98590f9267aa9d05b|98dc891]]'' **<nowiki>procd:</nowiki>** <nowiki>fire events at instance respawn and failure</nowiki> //<color #ccc>(</color><color #282>+2</color><color #ccc>)</color>//\\
 => ''[[https://git.lede-project.org/?p=project/procd.git;a=commitdiff;h=d1e14deae2ea28935280c3a2a6609549761619bc|d1e14de]]'' **<nowiki>procd:</nowiki>** <nowiki>fix build when DEBUG is set</nowiki> //<color #ccc>(</color><color #282>+2</color><color #ccc>,</color><color #f00>-2</color><color #ccc>)</color>//\\
''[[https://git.lede-project.org/?p=source.git;a=commitdiff;h=7b6fca0e325c11225f882e530927dee3ba0adfae|7b6fca0]]'' **<nowiki>procd:</nowiki>** <nowiki>update sha256sum</nowiki> //<color #ccc>(</color><color #282>+1</color><color #ccc>,</color><color #f00>-1</color><color #ccc>)</color>//\\
''[[https://git.lede-project.org/?p=source.git;a=commitdiff;h=6bb11d52f3ae8ce8aa0a270c6ae305809af8b7ce|6bb11d5]]'' **<nowiki>procd:</nowiki>** <nowiki>Allow initscripts to start one daemon instance at a time</nowiki> //<color #ccc>(</color><color #282>+4</color><color #ccc>,</color><color #f00>-2</color><color #ccc>)</color>//\\
''[[https://git.lede-project.org/?p=source.git;a=commitdiff;h=0c3de24d927081b6ed75603e87aff0e70a3ee971|0c3de24]]'' **<nowiki>procd:</nowiki>** <nowiki>update to the latest version, fixes a few minor service handling issues</nowiki> //<color #ccc>(</color><color #282>+3</color><color #ccc>,</color><color #f00>-3</color><color #ccc>)</color>//\\
 => ''[[https://git.lede-project.org/?p=project/procd.git;a=commitdiff;h=755117ebf58cce6d38cde5236016c7c9158ba97b|755117e]]'' **<nowiki>service:</nowiki>** <nowiki>add support for instances without command</nowiki> //<color #ccc>(</color><color #282>+25</color><color #ccc>,</color><color #f00>-13</color><color #ccc>)</color>//\\
 => ''[[https://git.lede-project.org/?p=project/procd.git;a=commitdiff;h=29d2adb14bb1e9715b1391d2724b281d01ef8d0a|29d2adb]]'' **<nowiki>service:</nowiki>** <nowiki>make instance_update() void and unconditionally replace config on up...</nowiki> //<color #ccc>(</color><color #282>+5</color><color #ccc>,</color><color #f00>-9</color><color #ccc>)</color>//\\
 => ''[[https://git.lede-project.org/?p=project/procd.git;a=commitdiff;h=d80aaf4dc5ab00d65c0ae40dd7d6006155caa33b|d80aaf4]]'' **<nowiki>service:</nowiki>** <nowiki>do not restart instances if data changes</nowiki> //<color #ccc>(</color><color #f00>-3</color><color #ccc>)</color>//\\
''[[https://git.lede-project.org/?p=source.git;a=commitdiff;h=81b256ee002f86077b7fd61ad200955ef983b06a|81b256e]]'' **<nowiki>uhttpd:</nowiki>** <nowiki>fix handling of special "/" prefix when matching handlers</nowiki> //<color #ccc>(</color><color #282>+3</color><color #ccc>,</color><color #f00>-3</color><color #ccc>)</color>//\\
 => ''[[https://git.lede-project.org/?p=project/uhttpd.git;a=commitdiff;h=577c20c5f780a241d526b16345cf42ea81b675ab|577c20c]]'' **<nowiki>cgi:</nowiki>** <nowiki>allow conf.cgi_docroot_path to be NULL</nowiki> //<color #ccc>(</color><color #282>+5</color><color #ccc>,</color><color #f00>-1</color><color #ccc>)</color>//\\
 => ''[[https://git.lede-project.org/?p=project/uhttpd.git;a=commitdiff;h=1628fa4b34aa143187353f81e8001b9a15286bda|1628fa4]]'' **<nowiki>utils:</nowiki>** <nowiki>add proper handling of "/" special case in uh_path_match()</nowiki> //<color #ccc>(</color><color #282>+4</color><color #ccc>)</color>//\\
''[[https://git.lede-project.org/?p=source.git;a=commitdiff;h=7b9ac39afa48a4ffd9858c43d93106771447aa0b|7b9ac39]]'' **<nowiki>ugps:</nowiki>** <nowiki>update to latest git HEAD</nowiki> //<color #ccc>(</color><color #282>+5</color><color #ccc>,</color><color #f00>-2</color><color #ccc>)</color>//\\
 => ''[[https://git.lede-project.org/?p=project/ugps.git;a=commitdiff;h=32a6b2b702c3b9f8c425f3d9dc9f4273e276029c|32a6b2b]]'' <nowiki>Switched from strptime to sscanf, added command line switch to set system clo...</nowiki> //<color #ccc>(</color><color #282>+36</color><color #ccc>,</color><color #f00>-25</color><color #ccc>)</color>//\\
''[[https://git.lede-project.org/?p=source.git;a=commitdiff;h=a2361eebfd5c000315cfb612b8ffb08c7c00ed17|a2361ee]]'' **<nowiki>usbmode:</nowiki>** <nowiki>rename data files</nowiki> //<color #ccc>(</color><color #282>+11</color><color #ccc>)</color>//\\
''[[https://git.lede-project.org/?p=source.git;a=commitdiff;h=82132540a3efbc98f8f4379b26d4b4541013e69d|8213254]]'' **<nowiki>uhttpd:</nowiki>** <nowiki>prefer px5g for certificate creation</nowiki> //<color #ccc>(</color><color #282>+2</color><color #ccc>,</color><color #f00>-2</color><color #ccc>)</color>//\\
''[[https://git.lede-project.org/?p=source.git;a=commitdiff;h=9097dc5ad844c336020be11085e1c8c80390ac9c|9097dc5]]'' **<nowiki>uhttpd:</nowiki>** <nowiki>create self-signed certificates with unique subjects</nowiki> //<color #ccc>(</color><color #282>+2</color><color #ccc>,</color><color #f00>-1</color><color #ccc>)</color>//\\
''[[https://git.lede-project.org/?p=source.git;a=commitdiff;h=98c86e29705cb1e73e4f2e16044f1e73cff32e31|98c86e2]]'' **<nowiki>uhttpd:</nowiki>** <nowiki>Add Basic Auth config</nowiki> //<color #ccc>(</color><color #282>+38</color><color #ccc>,</color><color #f00>-1</color><color #ccc>)</color>//\\
''[[https://git.lede-project.org/?p=source.git;a=commitdiff;h=d15dc7e85dbf38c07dd5a7f8068ee6655830548e|d15dc7e]]'' **<nowiki>fstools:</nowiki>** <nowiki>update to latest git HEAD</nowiki> //<color #ccc>(</color><color #282>+3</color><color #ccc>,</color><color #f00>-3</color><color #ccc>)</color>//\\
 => ''[[https://git.lede-project.org/?p=project/fstools.git;a=commitdiff;h=7874d580ff965bebbe19ea157353749d9f007b39|7874d58]]'' **<nowiki>libfstools:</nowiki>** <nowiki>gather mountpoints from /proc/self/mountinfo</nowiki> //<color #ccc>(</color><color #282>+120</color><color #ccc>,</color><color #f00>-24</color><color #ccc>)</color>//\\
 => ''[[https://git.lede-project.org/?p=project/fstools.git;a=commitdiff;h=6eda7defcedbe8337d7cb4dd4b3d04244a7b6698|6eda7de]]'' **<nowiki>block:</nowiki>** <nowiki>include mountpoint in info output</nowiki> //<color #ccc>(</color><color #282>+28</color><color #ccc>,</color><color #f00>-19</color><color #ccc>)</color>//\\
 => ''[[https://git.lede-project.org/?p=project/fstools.git;a=commitdiff;h=bb2239de848e7289856068ba0952bb4492c395d8|bb2239d]]'' **<nowiki>block:</nowiki>** <nowiki>also probe loop devices</nowiki> //<color #ccc>(</color><color #282>+1</color><color #ccc>)</color>//\\
 => ''[[https://git.lede-project.org/?p=project/fstools.git;a=commitdiff;h=f356d62ca0a514416f50949988977a38b46580b2|f356d62]]'' **<nowiki>libfstools:</nowiki>** <nowiki>properly label ext4 overlay</nowiki> //<color #ccc>(</color><color #282>+1</color><color #ccc>,</color><color #f00>-1</color><color #ccc>)</color>//\\
 => ''[[https://git.lede-project.org/?p=project/fstools.git;a=commitdiff;h=f800782ac2426c12e001467b5222331957185854|f800782]]'' **<nowiki>block:</nowiki>** <nowiki>add probe abstraction layer</nowiki> //<color #ccc>(</color><color #282>+157</color><color #ccc>,</color><color #f00>-67</color><color #ccc>)</color>//\\
 => ''[[https://git.lede-project.org/?p=project/fstools.git;a=commitdiff;h=c8c2aa3df24542a729129753d4b58e9e5027a288|c8c2aa3]]'' **<nowiki>probe:</nowiki>** <nowiki>add full libblkid support</nowiki> //<color #ccc>(</color><color #282>+131</color><color #ccc>,</color><color #f00>-6</color><color #ccc>)</color>//\\
 => ''[[https://git.lede-project.org/?p=project/fstools.git;a=commitdiff;h=bd0221b884283361625e485840c99739c85d7b76|bd0221b]]'' **<nowiki>libblkid-tiny:</nowiki>** <nowiki>avoid setting phantom UUIDs</nowiki> //<color #ccc>(</color><color #282>+2</color><color #ccc>,</color><color #f00>-3</color><color #ccc>)</color>//\\
 => ''[[https://git.lede-project.org/?p=project/fstools.git;a=commitdiff;h=a48796506d77fc339d186cf2da3d8558097b9f0f|a487965]]'' **<nowiki>libblkid-tiny:</nowiki>** <nowiki>fix SquashFS version detection on different endian systems</nowiki> //<color #ccc>(</color><color #282>+8</color><color #ccc>,</color><color #f00>-8</color><color #ccc>)</color>//\\
 => ''[[https://git.lede-project.org/?p=project/fstools.git;a=commitdiff;h=d81972b85738dc54b947f23e1e22bcfe462c8bf4|d81972b]]'' **<nowiki>block:</nowiki>** <nowiki>remove handling of name property</nowiki> //<color #ccc>(</color><color #f00>-3</color><color #ccc>)</color>//\\
 => ''[[https://git.lede-project.org/?p=project/fstools.git;a=commitdiff;h=e5f83dcc1b5037d8adc9dab70ddda541267647d0|e5f83dc]]'' **<nowiki>probe:</nowiki>** <nowiki>stop handling name property</nowiki> //<color #ccc>(</color><color #282>+4</color><color #ccc>,</color><color #f00>-16</color><color #ccc>)</color>//\\
 => ''[[https://git.lede-project.org/?p=project/fstools.git;a=commitdiff;h=cb3a8631e6e444b44851582d098bbaed76f2c742|cb3a863]]'' **<nowiki>libblkid-tiny:</nowiki>** <nowiki>remove unused name member</nowiki> //<color #ccc>(</color><color #f00>-1</color><color #ccc>)</color>//\\
 => ''[[https://git.lede-project.org/?p=project/fstools.git;a=commitdiff;h=13345aa36e13038a02a6dccf6b5181d9961dc2e0|13345aa]]'' **<nowiki>block:</nowiki>** <nowiki>fix error reporting</nowiki> //<color #ccc>(</color><color #282>+6</color><color #ccc>,</color><color #f00>-5</color><color #ccc>)</color>//\\
 => ''[[https://git.lede-project.org/?p=project/fstools.git;a=commitdiff;h=f027c681e91aa1839134cb66cf965bb1995c033c|f027c68]]'' **<nowiki>block:</nowiki>** <nowiki>fall back to external mount helper</nowiki> //<color #ccc>(</color><color #282>+141</color><color #ccc>,</color><color #f00>-3</color><color #ccc>)</color>//\\
 => ''[[https://git.lede-project.org/?p=project/fstools.git;a=commitdiff;h=94a5b0ad8d53f024f036c3526b48c34ebbd66a2f|94a5b0a]]'' **<nowiki>fstools:</nowiki>** <nowiki>added f2fs to block</nowiki> //<color #ccc>(</color><color #282>+12</color><color #ccc>,</color><color #f00>-3</color><color #ccc>)</color>//\\
''[[https://git.lede-project.org/?p=source.git;a=commitdiff;h=fb58cd2fed9f9f6caef061a892bb1811e3faa11d|fb58cd2]]'' **<nowiki>fstools:</nowiki>** <nowiki>add build-depends on util-linux</nowiki> //<color #ccc>(</color><color #282>+1</color><color #ccc>)</color>//\\
''[[https://git.lede-project.org/?p=source.git;a=commitdiff;h=913219e6fe65041cd39c9240bfaad0431131fef1|913219e]]'' **<nowiki>ubox:</nowiki>** <nowiki>update to the latest version</nowiki> //<color #ccc>(</color><color #282>+3</color><color #ccc>,</color><color #f00>-3</color><color #ccc>)</color>//\\
 => ''[[https://git.lede-project.org/?p=project/ubox.git;a=commitdiff;h=297552aa40da2bb0a0b9fbfd65c5a02b224a592a|297552a]]'' **<nowiki>getrandom:</nowiki>** <nowiki>fix indentation, add missing return statement</nowiki> //<color #ccc>(</color><color #282>+26</color><color #ccc>,</color><color #f00>-24</color><color #ccc>)</color>//\\
 => ''[[https://git.lede-project.org/?p=project/ubox.git;a=commitdiff;h=1ab4165271adea2ccadf0e92a374494530d29f3a|1ab4165]]'' <nowiki>add getrandom to .gitignore</nowiki> //<color #ccc>(</color><color #282>+1</color><color #ccc>)</color>//\\
 => ''[[https://git.lede-project.org/?p=project/ubox.git;a=commitdiff;h=6dccebd14b2216bd8631f54df0e690bffa53b77f|6dccebd]]'' **<nowiki>logd:</nowiki>** <nowiki>add support for sending log messages as replies</nowiki> //<color #ccc>(</color><color #282>+54</color><color #ccc>,</color><color #f00>-25</color><color #ccc>)</color>//\\
 => ''[[https://git.lede-project.org/?p=project/ubox.git;a=commitdiff;h=b824302bad8d73a5575d3bf1ede3e630fbb30dcd|b824302]]'' **<nowiki>logd:</nowiki>** <nowiki>fix default initialization of line count</nowiki> //<color #ccc>(</color><color #282>+3</color><color #ccc>,</color><color #f00>-2</color><color #ccc>)</color>//\\
 => ''[[https://git.lede-project.org/?p=project/ubox.git;a=commitdiff;h=4a039a46293c73811154f886bd0c1c891cb2e095|4a039a4]]'' **<nowiki>ubox/logd:</nowiki>** <nowiki>free regex's on log_shutdown() call</nowiki> //<color #ccc>(</color><color #282>+2</color><color #ccc>)</color>//\\
 => ''[[https://git.lede-project.org/?p=project/ubox.git;a=commitdiff;h=e66233771c93b4ef712cb7b2c954d44edf2228dc|e662337]]'' **<nowiki>ubox/logd:</nowiki>** <nowiki>free ubus context on exit</nowiki> //<color #ccc>(</color><color #282>+1</color><color #ccc>)</color>//\\
 => ''[[https://git.lede-project.org/?p=project/ubox.git;a=commitdiff;h=5649c028c426060616e2bd4e7ea83271cd333d21|5649c02]]'' **<nowiki>logd:</nowiki>** <nowiki>put non-streamed log entries into one result message</nowiki> //<color #ccc>(</color><color #282>+8</color><color #ccc>,</color><color #f00>-2</color><color #ccc>)</color>//\\
''[[https://git.lede-project.org/?p=source.git;a=commitdiff;h=a2e197d972361929025229152b768faeb7478543|a2e197d]]'' **<nowiki>libubox:</nowiki>** <nowiki>update to the latest version</nowiki> //<color #ccc>(</color><color #282>+3</color><color #ccc>,</color><color #f00>-3</color><color #ccc>)</color>//\\
 => ''[[https://git.lede-project.org/?p=project/libubox.git;a=commitdiff;h=d0312bd9b1c81a8b428a32f29fba63279024fa76|d0312bd]]'' **<nowiki>kvlist:</nowiki>** <nowiki>add static initializer macros</nowiki> //<color #ccc>(</color><color #282>+10</color><color #ccc>)</color>//\\
 => ''[[https://git.lede-project.org/?p=project/libubox.git;a=commitdiff;h=77a629375d7387a33a59509d9d751a8798134cab|77a6293]]'' **<nowiki>blob/blobmsg:</nowiki>** <nowiki>add explicit typecasts for attribute iterators</nowiki> //<color #ccc>(</color><color #282>+3</color><color #ccc>,</color><color #f00>-3</color><color #ccc>)</color>//\\
''[[https://git.lede-project.org/?p=source.git;a=commitdiff;h=1947cf36ba7556c4678beca593ad334b13b870cd|1947cf3]]'' **<nowiki>procd:</nowiki>** <nowiki>update to the latest version, fixes killing jailed processes</nowiki> //<color #ccc>(</color><color #282>+3</color><color #ccc>,</color><color #f00>-3</color><color #ccc>)</color>//\\
 => ''[[https://git.lede-project.org/?p=project/procd.git;a=commitdiff;h=a07669704798cb0262485f69c5547033c64ade58|a076697]]'' **<nowiki>ujail:</nowiki>** <nowiki>send SIGKILL to jail process if SIGTERM fails</nowiki> //<color #ccc>(</color><color #282>+15</color><color #ccc>,</color><color #f00>-2</color><color #ccc>)</color>//\\
''[[https://git.lede-project.org/?p=source.git;a=commitdiff;h=b22a20af450b19fb47235e684afcddb301221def|b22a20a]]'' **<nowiki>procd:</nowiki>** <nowiki>add support for service signals</nowiki> //<color #ccc>(</color><color #282>+4</color><color #ccc>,</color><color #f00>-4</color><color #ccc>)</color>//\\
 => ''[[https://git.lede-project.org/?p=project/procd.git;a=commitdiff;h=e999ab7e5ab5f8284f2987f7e1e0b9b7a63c4761|e999ab7]]'' **<nowiki>hotplug:</nowiki>** <nowiki>Check chown return value</nowiki> //<color #ccc>(</color><color #282>+4</color><color #ccc>,</color><color #f00>-2</color><color #ccc>)</color>//\\
 => ''[[https://git.lede-project.org/?p=project/procd.git;a=commitdiff;h=4004b68fe57dd72197b8a00b0756cc7f978ad88a|4004b68]]'' **<nowiki>procd:</nowiki>** <nowiki>Fix memory leaks found by cppcheck</nowiki> //<color #ccc>(</color><color #282>+6</color><color #ccc>,</color><color #f00>-1</color><color #ccc>)</color>//\\
 => ''[[https://git.lede-project.org/?p=project/procd.git;a=commitdiff;h=794669c9ea00f4fc14a14899bcd2c9ea518c1a69|794669c]]'' **<nowiki>trace:</nowiki>** <nowiki>use the cloned environment pointer</nowiki> //<color #ccc>(</color><color #282>+2</color><color #ccc>,</color><color #f00>-2</color><color #ccc>)</color>//\\
 => ''[[https://git.lede-project.org/?p=project/procd.git;a=commitdiff;h=28f584ff290d0ee43a1c3604efd2e99931fe4d04|28f584f]]'' **<nowiki>service:</nowiki>** <nowiki>add service.signal ubus call</nowiki> //<color #ccc>(</color><color #282>+71</color><color #ccc>)</color>//\\
 => ''[[https://git.lede-project.org/?p=project/procd.git;a=commitdiff;h=9cec4e6a94a6456bbb3deb14688c690217e4190c|9cec4e6]]'' **<nowiki>hotplug:</nowiki>** <nowiki>fix uninitialized variable</nowiki> //<color #ccc>(</color><color #282>+1</color><color #ccc>,</color><color #f00>-1</color><color #ccc>)</color>//\\
 => ''[[https://git.lede-project.org/?p=project/procd.git;a=commitdiff;h=f800ecf860addd4fc7f1acde76a9adbd4b1f50e7|f800ecf]]'' **<nowiki>service:</nowiki>** <nowiki>add reload_signal property</nowiki> //<color #ccc>(</color><color #282>+15</color><color #ccc>)</color>//\\
''[[https://git.lede-project.org/?p=source.git;a=commitdiff;h=720b99215da295a2e7b4acdef30b58bec6acedc2|720b992]]'' **<nowiki>treewide:</nowiki>** <nowiki>clean up download hashes</nowiki> //<color #ccc>(</color><color #282>+300</color><color #ccc>,</color><color #f00>-283</color><color #ccc>)</color>//\\
''[[https://git.lede-project.org/?p=source.git;a=commitdiff;h=f145a64fb6f674fcd45e68e42bf397243b81e709|f145a64]]'' **<nowiki>mountd:</nowiki>** <nowiki>update to latest git HEAD</nowiki> //<color #ccc>(</color><color #282>+2</color><color #ccc>,</color><color #f00>-2</color><color #ccc>)</color>//\\
 => ''[[https://git.lede-project.org/?p=project/mountd.git;a=commitdiff;h=bc4a6dda94adf7c2a8f4274dd5b38a13e5c2c18b|bc4a6dd]]'' **<nowiki>mountd:</nowiki>** <nowiki>Fix fgets check.</nowiki> //<color #ccc>(</color><color #282>+3</color><color #ccc>,</color><color #f00>-3</color><color #ccc>)</color>//\\
 => ''[[https://git.lede-project.org/?p=project/mountd.git;a=commitdiff;h=dd5799c9f8cc7a01c0572c067bf907b37cdd7d04|dd5799c]]'' **<nowiki>mountd:</nowiki>** <nowiki>Add static qualifier to missing variable declarations.</nowiki> //<color #ccc>(</color><color #282>+15</color><color #ccc>,</color><color #f00>-15</color><color #ccc>)</color>//\\
''[[https://git.lede-project.org/?p=source.git;a=commitdiff;h=bbe825c74d15d4ea5bd9b2ef11da99145d03a40b|bbe825c]]'' **<nowiki>procd:</nowiki>** <nowiki>update procd.sh to support sending kill signal to a service</nowiki> //<color #ccc>(</color><color #282>+17</color><color #ccc>,</color><color #f00>-1</color><color #ccc>)</color>//\\
''[[https://git.lede-project.org/?p=source.git;a=commitdiff;h=c7c1cf5618b6ca983c20510814b762eeab4937e5|c7c1cf5]]'' **<nowiki>treewide:</nowiki>** <nowiki>clean up and unify PKG_VERSION for git based downloads</nowiki> //<color #ccc>(</color><color #282>+140</color><color #ccc>,</color><color #f00>-284</color><color #ccc>)</color>//\\
''[[https://git.lede-project.org/?p=source.git;a=commitdiff;h=47cf2387798d04dab7f3386c4665a00428c61bf1|47cf238]]'' **<nowiki>uhttpd:</nowiki>** <nowiki>drop uhttpd-mod-tls, it has been useless for years</nowiki> //<color #ccc>(</color><color #f00>-39</color><color #ccc>)</color>//\\
''[[https://git.lede-project.org/?p=source.git;a=commitdiff;h=9bf2bc7587e0553325fe3be93de083ba5a340a16|9bf2bc7]]'' **<nowiki>fstools:</nowiki>** <nowiki>Update to 2016-12-04</nowiki> //<color #ccc>(</color><color #282>+3</color><color #ccc>,</color><color #f00>-3</color><color #ccc>)</color>//\\
 => ''[[https://git.lede-project.org/?p=project/fstools.git;a=commitdiff;h=84b530a732b12cca1cd5ee9ba163b7ead7a83de3|84b530a]]'' **<nowiki>libfstools:</nowiki>** <nowiki>Check return values for fread and system</nowiki> //<color #ccc>(</color><color #282>+10</color><color #ccc>,</color><color #f00>-4</color><color #ccc>)</color>//\\
''[[https://git.lede-project.org/?p=source.git;a=commitdiff;h=1618c4abdb768a3336b40645f716d273c57aa5d0|1618c4a]]'' **<nowiki>rpcd:</nowiki>** <nowiki>Update to 2016-12-03</nowiki> //<color #ccc>(</color><color #282>+3</color><color #ccc>,</color><color #f00>-3</color><color #ccc>)</color>//\\
 => ''[[https://git.lede-project.org/?p=project/rpcd.git;a=commitdiff;h=f4089654a399fbea6b8fd25844fbb43d259e0332|f408965]]'' **<nowiki>cmake:</nowiki>** <nowiki>Find libubus.h</nowiki> //<color #ccc>(</color><color #282>+3</color><color #ccc>)</color>//\\
 => ''[[https://git.lede-project.org/?p=project/rpcd.git;a=commitdiff;h=26c98ec94d7aa6d5d3fe6c3fccc78b26a2bf11d4|26c98ec]]'' **<nowiki>sys:</nowiki>** <nowiki>Check return values of chdir and write</nowiki> //<color #ccc>(</color><color #282>+18</color><color #ccc>,</color><color #f00>-5</color><color #ccc>)</color>//\\
 => ''[[https://git.lede-project.org/?p=project/rpcd.git;a=commitdiff;h=0577cfc1acdbaf30c31090e75045ba58d6dd8a78|0577cfc]]'' **<nowiki>cmake:</nowiki>** <nowiki>Find libubox/blobmsg_json.h</nowiki> //<color #ccc>(</color><color #282>+3</color><color #ccc>)</color>//\\
''[[https://git.lede-project.org/?p=source.git;a=commitdiff;h=84bd74057f0d2543ddbc7de2351b0a310df329c6|84bd740]]'' **<nowiki>build:</nowiki>** <nowiki>use mkhash to replace various quirky md5sum/openssl calls</nowiki> //<color #ccc>(</color><color #282>+28</color><color #ccc>,</color><color #f00>-45</color><color #ccc>)</color>//\\
''[[https://git.lede-project.org/?p=source.git;a=commitdiff;h=029b36d9b558423bb25f453dc82023990afbd71d|029b36d]]'' **<nowiki>procd:</nowiki>** <nowiki>update to latest git HEAD</nowiki> //<color #ccc>(</color><color #282>+2</color><color #ccc>,</color><color #f00>-2</color><color #ccc>)</color>//\\
 => ''[[https://git.lede-project.org/?p=project/procd.git;a=commitdiff;h=f7069032290a9720142b2ee2c6315d7e1f1a1bd3|f706903]]'' **<nowiki>ujail:</nowiki>** <nowiki>add basic /dev files</nowiki> //<color #ccc>(</color><color #282>+5</color><color #ccc>)</color>//\\
''[[https://git.lede-project.org/?p=source.git;a=commitdiff;h=1ce9b566fd1d806cebe791c9872b65ca0fd46244|1ce9b56]]'' **<nowiki>procd:</nowiki>** <nowiki>update mirror hash</nowiki> //<color #ccc>(</color><color #282>+1</color><color #ccc>,</color><color #f00>-1</color><color #ccc>)</color>//\\
''[[https://git.lede-project.org/?p=source.git;a=commitdiff;h=4d8da82c29e9c2c1691d16977f41bfe27da69f17|4d8da82]]'' **<nowiki>procd:</nowiki>** <nowiki>add support for overriding the tar sysupgrade board name</nowiki> //<color #ccc>(</color><color #282>+10</color><color #ccc>,</color><color #f00>-1</color><color #ccc>)</color>//\\
''[[https://git.lede-project.org/?p=source.git;a=commitdiff;h=627b0d35596107fa95c40ab958180409efb781e2|627b0d3]]'' **<nowiki>mountd:</nowiki>** <nowiki>drop USB related dependencies</nowiki> //<color #ccc>(</color><color #282>+1</color><color #ccc>,</color><color #f00>-1</color><color #ccc>)</color>//\\
''[[https://git.lede-project.org/?p=source.git;a=commitdiff;h=5c20a4fec923c33175e737e2f956cb748ed5e1d5|5c20a4f]]'' **<nowiki>ubox:</nowiki>** <nowiki>turn logd into a separate package</nowiki> //<color #ccc>(</color><color #282>+15</color><color #ccc>,</color><color #f00>-3</color><color #ccc>)</color>//\\
''[[https://git.lede-project.org/?p=source.git;a=commitdiff;h=ecc362ed040c07f45587e622e12778a7c74a8c8d|ecc362e]]'' **<nowiki>procd:</nowiki>** <nowiki>update to latest git HEAD</nowiki> //<color #ccc>(</color><color #282>+3</color><color #ccc>,</color><color #f00>-3</color><color #ccc>)</color>//\\
 => ''[[https://git.lede-project.org/?p=project/procd.git;a=commitdiff;h=0f5897760272307d671f4c4c11737241755e853d|0f58977]]'' **<nowiki>init:</nowiki>** <nowiki>fix /tmp permissions on zram</nowiki> //<color #ccc>(</color><color #282>+6</color><color #ccc>)</color>//\\
''[[https://git.lede-project.org/?p=source.git;a=commitdiff;h=977eb2c019e12350c92de52997b00e008036d96b|977eb2c]]'' **<nowiki>ubus:</nowiki>** <nowiki>update to the latest version</nowiki> //<color #ccc>(</color><color #282>+3</color><color #ccc>,</color><color #f00>-3</color><color #ccc>)</color>//\\
 => ''[[https://git.lede-project.org/?p=project/ubus.git;a=commitdiff;h=04e21a65ef6489be1cf3882a67a81b181dc710b5|04e21a6]]'' **<nowiki>build:</nowiki>** <nowiki>remove /opt/local prefix</nowiki> //<color #ccc>(</color><color #f00>-5</color><color #ccc>)</color>//\\
 => ''[[https://git.lede-project.org/?p=project/ubus.git;a=commitdiff;h=fd61773031402728098800c67f38f83ee04977ad|fd61773]]'' **<nowiki>ubusd_proto:</nowiki>** <nowiki>fix crash when trying to subscribe to system objects</nowiki> //<color #ccc>(</color><color #282>+1</color><color #ccc>,</color><color #f00>-1</color><color #ccc>)</color>//\\
 => ''[[https://git.lede-project.org/?p=project/ubus.git;a=commitdiff;h=d009a084735c7e0bca28ca05919fa9c60007f314|d009a08]]'' **<nowiki>lua:</nowiki>** <nowiki>add 'defer_request' and 'complete_deferred_request' functions</nowiki> //<color #ccc>(</color><color #282>+34</color><color #ccc>)</color>//\\
 => ''[[https://git.lede-project.org/?p=project/ubus.git;a=commitdiff;h=5ca6bae3a27ca02e304339ed0d94a8baa461b609|5ca6bae]]'' **<nowiki>ubusd:</nowiki>** <nowiki>fix id lookup of objects with path and no methods</nowiki> //<color #ccc>(</color><color #282>+3</color><color #ccc>,</color><color #f00>-2</color><color #ccc>)</color>//\\
 => ''[[https://git.lede-project.org/?p=project/ubus.git;a=commitdiff;h=df088f03c02aebba304a371486f09e95ed34bf5f|df088f0]]'' <nowiki>Allow sending a fd along a ubus_request</nowiki> //<color #ccc>(</color><color #282>+91</color><color #ccc>,</color><color #f00>-14</color><color #ccc>)</color>//\\
 => ''[[https://git.lede-project.org/?p=project/ubus.git;a=commitdiff;h=d5fabacba1f701cab27bbee907d7c4a2ab74cb4d|d5fabac]]'' **<nowiki>libubus:</nowiki>** <nowiki>reduce code duplication, fix indentation</nowiki> //<color #ccc>(</color><color #282>+18</color><color #ccc>,</color><color #f00>-44</color><color #ccc>)</color>//\\
 => ''[[https://git.lede-project.org/?p=project/ubus.git;a=commitdiff;h=ad5333a73b222e95458e05d52f349194df9ae7c6|ad5333a]]'' **<nowiki>ubus:</nowiki>** <nowiki>ubus_free: clear pending timers before freeing context</nowiki> //<color #ccc>(</color><color #282>+1</color><color #ccc>)</color>//\\
 => ''[[https://git.lede-project.org/?p=project/ubus.git;a=commitdiff;h=97ac89f9727d4fae1b2d63d2fc3b59e0d5d4bf65|97ac89f]]'' **<nowiki>ubusd:</nowiki>** <nowiki>fix issue caused by an implicit cast</nowiki> //<color #ccc>(</color><color #282>+3</color><color #ccc>,</color><color #f00>-2</color><color #ccc>)</color>//\\
''[[https://git.lede-project.org/?p=source.git;a=commitdiff;h=b2cd9b80ef3e6b48a9524b85cae4b3f30bb1b91a|b2cd9b8]]'' **<nowiki>ubus:</nowiki>** <nowiki>update to the latest version</nowiki> //<color #ccc>(</color><color #282>+3</color><color #ccc>,</color><color #f00>-3</color><color #ccc>)</color>//\\
 => ''[[https://git.lede-project.org/?p=project/ubus.git;a=commitdiff;h=cd82f9758dd6da37fb11f2992ceb66d3ee99bac0|cd82f97]]'' **<nowiki>libubus:</nowiki>** <nowiki>move uloop_init() call to ubus_connect_ctx</nowiki> //<color #ccc>(</color><color #282>+1</color><color #ccc>,</color><color #f00>-1</color><color #ccc>)</color>//\\
 => ''[[https://git.lede-project.org/?p=project/ubus.git;a=commitdiff;h=6f4e11e1db399074273944329883f9c35e7daef6|6f4e11e]]'' **<nowiki>libubus:</nowiki>** <nowiki>do not register/unregister with uloop during sync requests</nowiki> //<color #ccc>(</color><color #282>+2</color><color #ccc>,</color><color #f00>-11</color><color #ccc>)</color>//\\
''[[https://git.lede-project.org/?p=source.git;a=commitdiff;h=be7480cb5a5a4879f41acb6e4f11c8759d178b75|be7480c]]'' **<nowiki>procd:</nowiki>** <nowiki>update procd.sh to disallow signal-numbers, enforce signal-names</nowiki> //<color #ccc>(</color><color #282>+4</color><color #ccc>,</color><color #f00>-1</color><color #ccc>)</color>//\\
''[[https://git.lede-project.org/?p=source.git;a=commitdiff;h=bd64568d27681d2a3d9fe469863a251bb0cb1f75|bd64568]]'' **<nowiki>procd:</nowiki>** <nowiki>update to latest git HEAD</nowiki> //<color #ccc>(</color><color #282>+3</color><color #ccc>,</color><color #f00>-3</color><color #ccc>)</color>//\\
 => ''[[https://git.lede-project.org/?p=project/procd.git;a=commitdiff;h=cdc3dab3cd5d0295f638de3088bc4f5c9669e7c2|cdc3dab]]'' **<nowiki>ujail:</nowiki>** <nowiki>fix signal forwarding</nowiki> //<color #ccc>(</color><color #282>+23</color><color #ccc>,</color><color #f00>-1</color><color #ccc>)</color>//\\
''[[https://git.lede-project.org/?p=source.git;a=commitdiff;h=cbd69f7e4e8fbd509d36d1d272a6f7255e7a4fcd|cbd69f7]]'' **<nowiki>procd:</nowiki>** <nowiki>fix default timeout for reload trigger actions</nowiki> //<color #ccc>(</color><color #282>+2</color><color #ccc>,</color><color #f00>-5</color><color #ccc>)</color>//\\
''[[https://git.lede-project.org/?p=source.git;a=commitdiff;h=44aec27112692523d6def3050a7e979af3e60704|44aec27]]'' **<nowiki>ugps:</nowiki>** <nowiki>fix typo</nowiki> //<color #ccc>(</color><color #282>+2</color><color #ccc>,</color><color #f00>-2</color><color #ccc>)</color>//\\
''[[https://git.lede-project.org/?p=source.git;a=commitdiff;h=c835c9ebe59d071485ae61df021380a980f20976|c835c9e]]'' **<nowiki>uhttpd:</nowiki>** <nowiki>use sha256 when generating certificates with openssl (FS#512)</nowiki> //<color #ccc>(</color><color #282>+1</color><color #ccc>,</color><color #f00>-1</color><color #ccc>)</color>//\\

==== Target / adm5120 (7 changes) ====
''[[https://git.lede-project.org/?p=source.git;a=commitdiff;h=e88528683487aaf23a9b9a0b2c68009352ea029a|e885286]]'' **<nowiki>target:</nowiki>** <nowiki>globally remove ARCH_PACKAGES overrides</nowiki> //<color #ccc>(</color><color #f00>-14</color><color #ccc>)</color>//\\
''[[https://git.lede-project.org/?p=source.git;a=commitdiff;h=dc929174095a00150de6a3e48d46355d24f223b9|dc92917]]'' <nowiki>image / basefiles: make console password configurable</nowiki> //<color #ccc>(</color><color #282>+48</color><color #ccc>,</color><color #f00>-42</color><color #ccc>)</color>//\\
''[[https://git.lede-project.org/?p=source.git;a=commitdiff;h=4f65b6f56750987c98aaeff16636f5b2c2d01547|4f65b6f]]'' **<nowiki>adm5120:</nowiki>** <nowiki>convert LED setup to board.d</nowiki> //<color #ccc>(</color><color #282>+17</color><color #ccc>)</color>//\\
''[[https://git.lede-project.org/?p=source.git;a=commitdiff;h=82768561c4709bab4c278c426fdf5ded14f4d5e8|8276856]]'' **<nowiki>adm5120:</nowiki>** <nowiki>remove target specific /etc/config/system</nowiki> //<color #ccc>(</color><color #f00>-40</color><color #ccc>)</color>//\\
''[[https://git.lede-project.org/?p=source.git;a=commitdiff;h=577f873dafdf3914c79ee21869288f20d419a39f|577f873]]'' **<nowiki>kernel:</nowiki>** <nowiki>remove unused morse led trigger driver</nowiki> //<color #ccc>(</color><color #282>+26</color><color #ccc>,</color><color #f00>-510</color><color #ccc>)</color>//\\
''[[https://git.lede-project.org/?p=source.git;a=commitdiff;h=d0b50c2770a0e2d54b37153f2801e2e7dc865fa6|d0b50c2]]'' **<nowiki>kernel:</nowiki>** <nowiki>drop usbdev LED trigger</nowiki> //<color #ccc>(</color><color #282>+5</color><color #ccc>,</color><color #f00>-488</color><color #ccc>)</color>//\\
''[[https://git.lede-project.org/?p=source.git;a=commitdiff;h=982dd01ac37f64892deb4003f4e53d3bc7a114c4|982dd01]]'' <nowiki>Mark targets using kernel 3.18 as source-only</nowiki> //<color #ccc>(</color><color #282>+6</color><color #ccc>,</color><color #f00>-6</color><color #ccc>)</color>//\\

==== Target / adm8668 (3 changes) ====
''[[https://git.lede-project.org/?p=source.git;a=commitdiff;h=7eeb254cc49c4e9f837c980826ec112b9404f341|7eeb254]]'' **<nowiki>treewide:</nowiki>** <nowiki>replace nbd@openwrt.org with nbd@nbd.name</nowiki> //<color #ccc>(</color><color #282>+299</color><color #ccc>,</color><color #f00>-299</color><color #ccc>)</color>//\\
''[[https://git.lede-project.org/?p=source.git;a=commitdiff;h=aa53f78038d541052de8764323f6f26578327606|aa53f78]]'' **<nowiki>build:</nowiki>** <nowiki>fix subtarget descriptions</nowiki> //<color #ccc>(</color><color #282>+58</color><color #ccc>,</color><color #f00>-60</color><color #ccc>)</color>//\\
''[[https://git.lede-project.org/?p=source.git;a=commitdiff;h=982dd01ac37f64892deb4003f4e53d3bc7a114c4|982dd01]]'' <nowiki>Mark targets using kernel 3.18 as source-only</nowiki> //<color #ccc>(</color><color #282>+6</color><color #ccc>,</color><color #f00>-6</color><color #ccc>)</color>//\\

==== Target / apm821xx (43 changes) ====
''[[https://git.lede-project.org/?p=source.git;a=commitdiff;h=3827ce2c3dc1849033d6de52e58fcbccc7ed74a2|3827ce2]]'' **<nowiki>apm821xx:</nowiki>** <nowiki>add support for the apm821xx device target</nowiki> //<color #ccc>(</color><color #282>+1.2K</color><color #ccc>)</color>//\\
''[[https://git.lede-project.org/?p=source.git;a=commitdiff;h=a57d6e2d47688cfa392d6ea7f36ae6f9d84affc5|a57d6e2]]'' **<nowiki>apm821xx:</nowiki>** <nowiki>add support for the Cisco Meraki MR24</nowiki> //<color #ccc>(</color><color #282>+732</color><color #ccc>,</color><color #f00>-10</color><color #ccc>)</color>//\\
''[[https://git.lede-project.org/?p=source.git;a=commitdiff;h=ea91ee13a72c1afdf2bceef528c807e3dddf63a9|ea91ee1]]'' **<nowiki>apm821xx:</nowiki>** <nowiki>dw_dmac: backport fixes and cleanups from 4.7</nowiki> //<color #ccc>(</color><color #282>+2.3K</color><color #ccc>)</color>//\\
''[[https://git.lede-project.org/?p=source.git;a=commitdiff;h=d37d16488c7f41306daf0d6bc6ba948b3ee547a5|d37d164]]'' **<nowiki>apm821xx:</nowiki>** <nowiki>sata_dwc_460ex: backport fixes and cleanups from 4.7</nowiki> //<color #ccc>(</color><color #282>+1.1K</color><color #ccc>)</color>//\\
''[[https://git.lede-project.org/?p=source.git;a=commitdiff;h=dc7efaefb53d4671893add07934839eb8d44934d|dc7efae]]'' **<nowiki>apm821xx:</nowiki>** <nowiki>add support for the Western Digital MyBook Live Series</nowiki> //<color #ccc>(</color><color #282>+1.0K</color><color #ccc>,</color><color #f00>-2</color><color #ccc>)</color>//\\
''[[https://git.lede-project.org/?p=source.git;a=commitdiff;h=b46e2a6d95ec3a7fc2b41489f28ea7d8be56e0d9|b46e2a6]]'' **<nowiki>apm821xx:</nowiki>** <nowiki>tc654: add driver for Microchip TC654/TC655 PWM fan controllers</nowiki> //<color #ccc>(</color><color #282>+1.0K</color><color #ccc>)</color>//\\
''[[https://git.lede-project.org/?p=source.git;a=commitdiff;h=47eeb9f857044de6e79c79577a1a7d6a57ac5046|47eeb9f]]'' **<nowiki>apm821xx:</nowiki>** <nowiki>lm90 add thermal sensor interface support for device tree</nowiki> //<color #ccc>(</color><color #282>+453</color><color #ccc>)</color>//\\
''[[https://git.lede-project.org/?p=source.git;a=commitdiff;h=9e0fd1b52ad1f805a308bf6a5a13236f352fd962|9e0fd1b]]'' **<nowiki>apm821xx:</nowiki>** <nowiki>add support for the Netgear Centria N900 WNDR4700/WNDR4720</nowiki> //<color #ccc>(</color><color #282>+2.1K</color><color #ccc>,</color><color #f00>-1</color><color #ccc>)</color>//\\
''[[https://git.lede-project.org/?p=source.git;a=commitdiff;h=44c39d581254862c63ba0dfaad1ddd99eaec968a|44c39d5]]'' **<nowiki>apm821xx:</nowiki>** <nowiki>add missing default profiles for subtargets</nowiki> //<color #ccc>(</color><color #282>+41</color><color #ccc>)</color>//\\
''[[https://git.lede-project.org/?p=source.git;a=commitdiff;h=38866446325ede46ec34b2dea54db5cd4ca6312e|3886644]]'' **<nowiki>apm821xx:</nowiki>** <nowiki>add DEVICE_DTS_DIR variable, remove redundant DEVICE_VARS entry</nowiki> //<color #ccc>(</color><color #282>+2</color><color #ccc>,</color><color #f00>-1</color><color #ccc>)</color>//\\
''[[https://git.lede-project.org/?p=source.git;a=commitdiff;h=39429b3d208dd00fd46e5d2a42257f128241b82b|39429b3]]'' **<nowiki>apm821xx:</nowiki>** <nowiki>rework image build code for MyBook Live</nowiki> //<color #ccc>(</color><color #282>+13</color><color #ccc>,</color><color #f00>-11</color><color #ccc>)</color>//\\
''[[https://git.lede-project.org/?p=source.git;a=commitdiff;h=07577c5ebe1a49b5c05659559c2fd220647b33f6|07577c5]]'' **<nowiki>tools:</nowiki>** <nowiki>bring back genext2fs for apm821xx</nowiki> //<color #ccc>(</color><color #282>+688</color><color #ccc>,</color><color #f00>-4</color><color #ccc>)</color>//\\
''[[https://git.lede-project.org/?p=source.git;a=commitdiff;h=08257a40530df36528fb2916fe8cf4ecddc526eb|08257a4]]'' **<nowiki>apm821xx:</nowiki>** <nowiki>use lzma compression for the initramfs images</nowiki> //<color #ccc>(</color><color #282>+2</color><color #ccc>,</color><color #f00>-1</color><color #ccc>)</color>//\\
''[[https://git.lede-project.org/?p=source.git;a=commitdiff;h=3f506bdbb08c0062cbbeac3c9409e479293493d3|3f506bd]]'' **<nowiki>apm821xx:</nowiki>** <nowiki>fix atheros PCIe cards on the MR24</nowiki> //<color #ccc>(</color><color #282>+12</color><color #ccc>,</color><color #f00>-9</color><color #ccc>)</color>//\\
''[[https://git.lede-project.org/?p=source.git;a=commitdiff;h=119b4422f8e822bdb4f96e3df2b01b952718f672|119b442]]'' **<nowiki>apm821xx:</nowiki>** <nowiki>only attempt to mount /boot on MyBook Live</nowiki> //<color #ccc>(</color><color #282>+1</color><color #ccc>)</color>//\\
''[[https://git.lede-project.org/?p=source.git;a=commitdiff;h=db49dd894e7485020445043fb4eef58eebece7d8|db49dd8]]'' **<nowiki>build:</nowiki>** <nowiki>rename sysupgrade-nand to sysupgrade-tar</nowiki> //<color #ccc>(</color><color #282>+13</color><color #ccc>,</color><color #f00>-13</color><color #ccc>)</color>//\\
''[[https://git.lede-project.org/?p=source.git;a=commitdiff;h=63b525dd6b209af5554a2d053efd4b3ce6f60c9c|63b525d]]'' **<nowiki>image:</nowiki>** <nowiki>add a helper variable for getting kernel/rootfs from within image Buil...</nowiki> //<color #ccc>(</color><color #282>+54</color><color #ccc>,</color><color #f00>-51</color><color #ccc>)</color>//\\
''[[https://git.lede-project.org/?p=source.git;a=commitdiff;h=4d9fc1bd44e9012de7452c6ec1fe7ca9d098f3dd|4d9fc1b]]'' **<nowiki>apm821xx:</nowiki>** <nowiki>fix IB image building</nowiki> //<color #ccc>(</color><color #282>+10</color><color #ccc>,</color><color #f00>-6</color><color #ccc>)</color>//\\
''[[https://git.lede-project.org/?p=source.git;a=commitdiff;h=8072264b96785184b76aa46bcd08b4f9cdfada42|8072264]]'' **<nowiki>kernel:</nowiki>** <nowiki>update kernel 4.4 to version 4.4.19</nowiki> //<color #ccc>(</color><color #282>+400</color><color #ccc>,</color><color #f00>-939</color><color #ccc>)</color>//\\
''[[https://git.lede-project.org/?p=source.git;a=commitdiff;h=aa53f78038d541052de8764323f6f26578327606|aa53f78]]'' **<nowiki>build:</nowiki>** <nowiki>fix subtarget descriptions</nowiki> //<color #ccc>(</color><color #282>+58</color><color #ccc>,</color><color #f00>-60</color><color #ccc>)</color>//\\
''[[https://git.lede-project.org/?p=source.git;a=commitdiff;h=bc36678bdb0223774cf0d088b80b2f0c1e6737db|bc36678]]'' **<nowiki>apm821xx:</nowiki>** <nowiki>Fix initramfs image for the Meraki MR24</nowiki> //<color #ccc>(</color><color #282>+1</color><color #ccc>,</color><color #f00>-1</color><color #ccc>)</color>//\\
''[[https://git.lede-project.org/?p=source.git;a=commitdiff;h=78e63ce7e3ee16a91e250f6fdbd4b5a9e90978ac|78e63ce]]'' **<nowiki>apm821xx:</nowiki>** <nowiki>add size check for initramfs kernel for the Meraki MR24</nowiki> //<color #ccc>(</color><color #282>+5</color><color #ccc>,</color><color #f00>-2</color><color #ccc>)</color>//\\
''[[https://git.lede-project.org/?p=source.git;a=commitdiff;h=f7c1d9c8a551dea1dfe50cbac4d84f949191887d|f7c1d9c]]'' **<nowiki>apm821xx:</nowiki>** <nowiki>detect sd-card media changes for the WNDR4700</nowiki> //<color #ccc>(</color><color #282>+20</color><color #ccc>,</color><color #f00>-1</color><color #ccc>)</color>//\\
''[[https://git.lede-project.org/?p=source.git;a=commitdiff;h=e9f86c6cac1802eca052f98d3a5874521b2a87cd|e9f86c6]]'' **<nowiki>apm821xx:</nowiki>** <nowiki>backport generic HDD led-triggers for WNDR4700 and MBL</nowiki> //<color #ccc>(</color><color #282>+232</color><color #ccc>)</color>//\\
''[[https://git.lede-project.org/?p=source.git;a=commitdiff;h=d7b6f0ea8885b45db4e435846e0fcbd822fcc8ad|d7b6f0e]]'' **<nowiki>apm821xx:</nowiki>** <nowiki>image: add support for k unit suffix to boot-img</nowiki> //<color #ccc>(</color><color #282>+1</color><color #ccc>,</color><color #f00>-1</color><color #ccc>)</color>//\\
''[[https://git.lede-project.org/?p=source.git;a=commitdiff;h=e7ec7a08aae0afb1064d1bf26a9cd6fe1e64d516|e7ec7a0]]'' **<nowiki>image:</nowiki>** <nowiki>use k as unit suffix for blocksize</nowiki> //<color #ccc>(</color><color #282>+23</color><color #ccc>,</color><color #f00>-23</color><color #ccc>)</color>//\\
''[[https://git.lede-project.org/?p=source.git;a=commitdiff;h=a499d0a6b55715070f65b72b25436530c3909135|a499d0a]]'' **<nowiki>image:</nowiki>** <nowiki>specify max image size in Kilobyte/Megabyte</nowiki> //<color #ccc>(</color><color #282>+24</color><color #ccc>,</color><color #f00>-43</color><color #ccc>)</color>//\\
''[[https://git.lede-project.org/?p=source.git;a=commitdiff;h=d14c28fc80d98cc712074c869cbd1659398e8829|d14c28f]]'' **<nowiki>kernel:</nowiki>** <nowiki>update kernel 4.4 to version 4.4.20</nowiki> //<color #ccc>(</color><color #282>+41</color><color #ccc>,</color><color #f00>-70</color><color #ccc>)</color>//\\
''[[https://git.lede-project.org/?p=source.git;a=commitdiff;h=4fc48a8cf29bfc6997384c2aa4c72d0b9e6b3313|4fc48a8]]'' **<nowiki>apm821xx:</nowiki>** <nowiki>replace recovery image for the MBL with initramfs</nowiki> //<color #ccc>(</color><color #282>+3</color><color #ccc>,</color><color #f00>-118</color><color #ccc>)</color>//\\
''[[https://git.lede-project.org/?p=source.git;a=commitdiff;h=0658527e1ebe666cabde9267b6afbe543314160c|0658527]]'' <nowiki>switch to the new usbport LED trigger</nowiki> //<color #ccc>(</color><color #282>+150</color><color #ccc>,</color><color #f00>-139</color><color #ccc>)</color>//\\
''[[https://git.lede-project.org/?p=source.git;a=commitdiff;h=c9fdb23345121c0de1af5fe705cc245e45c862d5|c9fdb23]]'' **<nowiki>apm821xx:</nowiki>** <nowiki>fix USB LED trigger for WNDR4700</nowiki> //<color #ccc>(</color><color #282>+1</color><color #ccc>,</color><color #f00>-2</color><color #ccc>)</color>//\\
''[[https://git.lede-project.org/?p=source.git;a=commitdiff;h=8f2c2f94cf91476283ac2becb50f6d05482cd95f|8f2c2f9]]'' **<nowiki>apm821xx:</nowiki>** <nowiki>add back end-of-UBI marker for the WNDR4700 and MR24</nowiki> //<color #ccc>(</color><color #282>+2</color><color #ccc>)</color>//\\
''[[https://git.lede-project.org/?p=source.git;a=commitdiff;h=b5638bb64e790350ca0203e7cff60a10766dae20|b5638bb]]'' **<nowiki>apm821xx:</nowiki>** <nowiki>redo WAN green and yellow LEDs</nowiki> //<color #ccc>(</color><color #282>+4</color><color #ccc>,</color><color #f00>-1</color><color #ccc>)</color>//\\
''[[https://git.lede-project.org/?p=source.git;a=commitdiff;h=3a112113e7ae932ca5663a0591a738b00aea4b50|3a11211]]'' **<nowiki>apm821xx:</nowiki>** <nowiki>add amcc, usb-otg-405ex devicetree definition</nowiki> //<color #ccc>(</color><color #282>+44</color><color #ccc>)</color>//\\
''[[https://git.lede-project.org/?p=source.git;a=commitdiff;h=ebaa82a2ca1d147acaab5ab0c0f277951d10a6b5|ebaa82a]]'' **<nowiki>apm821xx:</nowiki>** <nowiki>consolidate apm821xx device trees files</nowiki> //<color #ccc>(</color><color #282>+990</color><color #ccc>,</color><color #f00>-1.5K</color><color #ccc>)</color>//\\
''[[https://git.lede-project.org/?p=source.git;a=commitdiff;h=b9f609161d22412710e044274ced894986f5b71c|b9f6091]]'' **<nowiki>apm821xx:</nowiki>** <nowiki>remove replaced netgear, wndr4700-usb dwc2 definiton</nowiki> //<color #ccc>(</color><color #f00>-48</color><color #ccc>)</color>//\\
''[[https://git.lede-project.org/?p=source.git;a=commitdiff;h=8e47655d4e979d65c7e488faea4e1fcca8e4cddc|8e47655]]'' **<nowiki>kernel:</nowiki>** <nowiki>update kernel 4.4 to version 4.4.32</nowiki> //<color #ccc>(</color><color #282>+70</color><color #ccc>,</color><color #f00>-84</color><color #ccc>)</color>//\\
''[[https://git.lede-project.org/?p=source.git;a=commitdiff;h=f478ec2007b93b87fba606eae49688753281c85f|f478ec2]]'' **<nowiki>apm821xx:</nowiki>** <nowiki>Add support for the Cisco Meraki MX60/MX60W</nowiki> //<color #ccc>(</color><color #282>+283</color><color #ccc>,</color><color #f00>-16</color><color #ccc>)</color>//\\
''[[https://git.lede-project.org/?p=source.git;a=commitdiff;h=49856a4bb5818146d9cf951cb65a0903d3b38fd4|49856a4]]'' **<nowiki>apm821xx:</nowiki>** <nowiki>make it possible to update the dtb partition on the WNDR4700</nowiki> //<color #ccc>(</color><color #282>+6</color><color #ccc>,</color><color #f00>-6</color><color #ccc>)</color>//\\
''[[https://git.lede-project.org/?p=source.git;a=commitdiff;h=102cb4742c14f78bf86b7d77c568c205f0d99d85|102cb47]]'' **<nowiki>kernel:</nowiki>** <nowiki>bump to 4.4.35</nowiki> //<color #ccc>(</color><color #282>+191</color><color #ccc>,</color><color #f00>-308</color><color #ccc>)</color>//\\
''[[https://git.lede-project.org/?p=source.git;a=commitdiff;h=018d80007e6d9469077d938872e605f826010767|018d800]]'' **<nowiki>kernel:</nowiki>** <nowiki>remove ubifs xz decompression support</nowiki> //<color #ccc>(</color><color #282>+5</color><color #ccc>,</color><color #f00>-1.1K</color><color #ccc>)</color>//\\
''[[https://git.lede-project.org/?p=source.git;a=commitdiff;h=87b668765e1e987aebef8cf0aae657569b631477|87b6687]]'' **<nowiki>image:</nowiki>** <nowiki>when using the new image build code, gzip ext4 images by default</nowiki> //<color #ccc>(</color><color #282>+6</color><color #ccc>,</color><color #f00>-2</color><color #ccc>)</color>//\\
''[[https://git.lede-project.org/?p=source.git;a=commitdiff;h=5b089e45a649b936d5ce71930adef4fdea8a7875|5b089e4]]'' **<nowiki>kernel:</nowiki>** <nowiki>update 4.4 kernel to 4.4.42</nowiki> //<color #ccc>(</color><color #282>+108</color><color #ccc>,</color><color #f00>-98</color><color #ccc>)</color>//\\

==== Target / ar7 (4 changes) ====
''[[https://git.lede-project.org/?p=source.git;a=commitdiff;h=aa53f78038d541052de8764323f6f26578327606|aa53f78]]'' **<nowiki>build:</nowiki>** <nowiki>fix subtarget descriptions</nowiki> //<color #ccc>(</color><color #282>+58</color><color #ccc>,</color><color #f00>-60</color><color #ccc>)</color>//\\
''[[https://git.lede-project.org/?p=source.git;a=commitdiff;h=2fc3680dd066419576cb0129d0c1bd7618b90f1a|2fc3680]]'' **<nowiki>kernel:</nowiki>** <nowiki>update kernel 4.1 to version 4.1.34</nowiki> //<color #ccc>(</color><color #282>+120</color><color #ccc>,</color><color #f00>-220</color><color #ccc>)</color>//\\
''[[https://git.lede-project.org/?p=source.git;a=commitdiff;h=75e63c249411773613f3f201bea9245623d9f57a|75e63c2]]'' **<nowiki>kernel:</nowiki>** <nowiki>update kernel 3.18 to version 3.18.43</nowiki> //<color #ccc>(</color><color #282>+107</color><color #ccc>,</color><color #f00>-181</color><color #ccc>)</color>//\\
''[[https://git.lede-project.org/?p=source.git;a=commitdiff;h=982dd01ac37f64892deb4003f4e53d3bc7a114c4|982dd01]]'' <nowiki>Mark targets using kernel 3.18 as source-only</nowiki> //<color #ccc>(</color><color #282>+6</color><color #ccc>,</color><color #f00>-6</color><color #ccc>)</color>//\\

==== Target / ar71xx (256 changes) ====
''[[https://git.lede-project.org/?p=source.git;a=commitdiff;h=dc929174095a00150de6a3e48d46355d24f223b9|dc92917]]'' <nowiki>image / basefiles: make console password configurable</nowiki> //<color #ccc>(</color><color #282>+48</color><color #ccc>,</color><color #f00>-42</color><color #ccc>)</color>//\\
''[[https://git.lede-project.org/?p=source.git;a=commitdiff;h=3faf65e92857aa5466791da3ec623c23af1f8130|3faf65e]]'' **<nowiki>kernel:</nowiki>** <nowiki>update kernel 4.4 to version 4.4.8</nowiki> //<color #ccc>(</color><color #282>+37</color><color #ccc>,</color><color #f00>-236</color><color #ccc>)</color>//\\
''[[https://git.lede-project.org/?p=source.git;a=commitdiff;h=ba3ed629eacc3acc351617c383f2f131ddf6a9b0|ba3ed62]]'' **<nowiki>ar71xx:</nowiki>** <nowiki>Fix eth0 support for Ubiquiti UniFi AP AC</nowiki> //<color #ccc>(</color><color #282>+1</color><color #ccc>)</color>//\\
''[[https://git.lede-project.org/?p=source.git;a=commitdiff;h=75629fb2a86cae1cb3829216215c843d93d0c3b7|75629fb]]'' **<nowiki>ar71xx:</nowiki>** <nowiki>add TP-Link TL-WR810N support</nowiki> //<color #ccc>(</color><color #282>+174</color><color #ccc>)</color>//\\
''[[https://git.lede-project.org/?p=source.git;a=commitdiff;h=c855e70491fbd5d432915c4cbeb3b80f3a117e30|c855e70]]'' **<nowiki>ar71xx:</nowiki>** <nowiki>Rename unifiac to unifiac-lite</nowiki> //<color #ccc>(</color><color #282>+33</color><color #ccc>,</color><color #f00>-28</color><color #ccc>)</color>//\\
''[[https://git.lede-project.org/?p=source.git;a=commitdiff;h=8307c2fe686ded345c80318359d5b6679e581fa2|8307c2f]]'' **<nowiki>ar71xx:</nowiki>** <nowiki>Add support for Ubiquiti UniFi AP AC PRO</nowiki> //<color #ccc>(</color><color #282>+103</color><color #ccc>,</color><color #f00>-4</color><color #ccc>)</color>//\\
''[[https://git.lede-project.org/?p=source.git;a=commitdiff;h=f816472f78e40dbfc33d59964140808cb29baed7|f816472]]'' **<nowiki>ar71xx:</nowiki>** <nowiki>Fix TP-LINK Archer-C5/C7 v2 rfkill</nowiki> //<color #ccc>(</color><color #282>+1</color><color #ccc>,</color><color #f00>-1</color><color #ccc>)</color>//\\
''[[https://git.lede-project.org/?p=source.git;a=commitdiff;h=cc831e23e18c593be2629b77321c077def828bec|cc831e2]]'' **<nowiki>ar71xx:</nowiki>** <nowiki>add proper support for Archer-C7 V2</nowiki> //<color #ccc>(</color><color #282>+42</color><color #ccc>,</color><color #f00>-5</color><color #ccc>)</color>//\\
''[[https://git.lede-project.org/?p=source.git;a=commitdiff;h=0b45bec22c59cc6e6b2fa71dc9a88386c5587132|0b45bec]]'' **<nowiki>ar71xx:</nowiki>** <nowiki>add support for TP-LINK TL-WR842N/ND v3</nowiki> //<color #ccc>(</color><color #282>+129</color><color #ccc>,</color><color #f00>-9</color><color #ccc>)</color>//\\
''[[https://git.lede-project.org/?p=source.git;a=commitdiff;h=5b34dffcbd6175d92f871b69098e027341b6c82e|5b34dff]]'' **<nowiki>ar71xx:</nowiki>** <nowiki>fix DDR write buffer flushing issues with 4.4</nowiki> //<color #ccc>(</color><color #282>+1.4K</color><color #ccc>,</color><color #f00>-97</color><color #ccc>)</color>//\\
''[[https://git.lede-project.org/?p=source.git;a=commitdiff;h=313474e6931805349a8224b6442c68ee162da458|313474e]]'' **<nowiki>ar71xx:</nowiki>** <nowiki>fix a PCI initialization issue in Linux 4.4</nowiki> //<color #ccc>(</color><color #282>+37</color><color #ccc>)</color>//\\
''[[https://git.lede-project.org/?p=source.git;a=commitdiff;h=9c556fe73ea4d6edcddd08fbaf0fee27d810963f|9c556fe]]'' **<nowiki>ar71xx:</nowiki>** <nowiki>register the gpio driver earlier</nowiki> //<color #ccc>(</color><color #282>+15</color><color #ccc>)</color>//\\
''[[https://git.lede-project.org/?p=source.git;a=commitdiff;h=7a67b0e362fdefd02a914a350b77da1e535f315e|7a67b0e]]'' **<nowiki>ar71xx:</nowiki>** <nowiki>update to linux 4.4</nowiki> //<color #ccc>(</color><color #282>+1</color><color #ccc>,</color><color #f00>-1</color><color #ccc>)</color>//\\
''[[https://git.lede-project.org/?p=source.git;a=commitdiff;h=552165186380b093ad9709dcfcbf39beef7bc1f5|5521651]]'' **<nowiki>ar71xx:</nowiki>** <nowiki>typo in jjplus profile</nowiki> //<color #ccc>(</color><color #282>+1</color><color #ccc>,</color><color #f00>-1</color><color #ccc>)</color>//\\
''[[https://git.lede-project.org/?p=source.git;a=commitdiff;h=40f08abecff3d032484f19d473d0c53662a9697f|40f08ab]]'' **<nowiki>ar71xx:</nowiki>** <nowiki>fix typo in pci memory window initialization fix</nowiki> //<color #ccc>(</color><color #282>+1</color><color #ccc>,</color><color #f00>-1</color><color #ccc>)</color>//\\
''[[https://git.lede-project.org/?p=source.git;a=commitdiff;h=98204836a4051c9c89a38eb1f72c859aeae3f140|9820483]]'' **<nowiki>ar71xx:</nowiki>** <nowiki>fix register address calculation for DDR flushing</nowiki> //<color #ccc>(</color><color #282>+23</color><color #ccc>)</color>//\\
''[[https://git.lede-project.org/?p=source.git;a=commitdiff;h=9d37095fd055a2c11b4d62978fe22b2e6f8e2c32|9d37095]]'' **<nowiki>ar71xx:</nowiki>** <nowiki>fix a remaining unaligned access issue</nowiki> //<color #ccc>(</color><color #282>+19</color><color #ccc>)</color>//\\
''[[https://git.lede-project.org/?p=source.git;a=commitdiff;h=c4664b0f911614a2d19eddcb9b52e2937581ca5b|c4664b0]]'' **<nowiki>kernel:</nowiki>** <nowiki>update kernel 4.4 to version 4.4.11</nowiki> //<color #ccc>(</color><color #282>+114</color><color #ccc>,</color><color #f00>-991</color><color #ccc>)</color>//\\
''[[https://git.lede-project.org/?p=source.git;a=commitdiff;h=94e23bf7409d6cc4c9efb55ed32aba8e5a497966|94e23bf]]'' **<nowiki>ar71xx/cpe510:</nowiki>** <nowiki>enable LNA for CPE210/220/510/520</nowiki> //<color #ccc>(</color><color #282>+6</color><color #ccc>)</color>//\\
''[[https://git.lede-project.org/?p=source.git;a=commitdiff;h=72568ea3bd51a54a68669b4ecdba5879ad7be4cd|72568ea]]'' **<nowiki>ar71xx:</nowiki>** <nowiki>remove linux 4.1 support</nowiki> //<color #ccc>(</color><color #f00>-10.0K</color><color #ccc>)</color>//\\
''[[https://git.lede-project.org/?p=source.git;a=commitdiff;h=64b8bb3b69225cfc7730955e7c5891deecc80633|64b8bb3]]'' **<nowiki>ar71xx:</nowiki>** <nowiki>split tp-link image building code into a separate file</nowiki> //<color #ccc>(</color><color #282>+748</color><color #ccc>,</color><color #f00>-746</color><color #ccc>)</color>//\\
''[[https://git.lede-project.org/?p=source.git;a=commitdiff;h=736fc38d334428feaf6b70c1f0fb711dedaf1c14|736fc38]]'' **<nowiki>ar71xx:</nowiki>** <nowiki>split legacy image building code into a separate file</nowiki> //<color #ccc>(</color><color #282>+1.2K</color><color #ccc>,</color><color #f00>-1.2K</color><color #ccc>)</color>//\\
''[[https://git.lede-project.org/?p=source.git;a=commitdiff;h=054df4fda4f8f7051c26a60c4fd1f47160a58352|054df4f]]'' **<nowiki>ar71xx:</nowiki>** <nowiki>split ubnt image building code into a separate file</nowiki> //<color #ccc>(</color><color #282>+248</color><color #ccc>,</color><color #f00>-247</color><color #ccc>)</color>//\\
''[[https://git.lede-project.org/?p=source.git;a=commitdiff;h=dcc2ea3cf59a8a6b3da5c152af3b38c561c53710|dcc2ea3]]'' **<nowiki>ar71xx:</nowiki>** <nowiki>move generic device image definitions to a separate file</nowiki> //<color #ccc>(</color><color #282>+338</color><color #ccc>,</color><color #f00>-339</color><color #ccc>)</color>//\\
''[[https://git.lede-project.org/?p=source.git;a=commitdiff;h=f85e5e6778f39b1ea6ca327d1058c46f7f6cd656|f85e5e6]]'' **<nowiki>ar71xx:</nowiki>** <nowiki>move nand device image definitions to a separate file</nowiki> //<color #ccc>(</color><color #282>+22</color><color #ccc>,</color><color #f00>-24</color><color #ccc>)</color>//\\
''[[https://git.lede-project.org/?p=source.git;a=commitdiff;h=9b6b75d09df0013bb6b6fc967f6aa7a833fa262a|9b6b75d]]'' **<nowiki>ar71xx:</nowiki>** <nowiki>Add support for initramfs images for OpenMesh devices</nowiki> //<color #ccc>(</color><color #282>+1</color><color #ccc>)</color>//\\
''[[https://git.lede-project.org/?p=source.git;a=commitdiff;h=6150c15ad109e49958cb393915679afa1bf12368|6150c15]]'' **<nowiki>ar71xx:</nowiki>** <nowiki>Generate sysupgrade images for OpenMesh devices</nowiki> //<color #ccc>(</color><color #282>+3</color><color #ccc>)</color>//\\
''[[https://git.lede-project.org/?p=source.git;a=commitdiff;h=d1b4a8cfcfb8f3965b79d199993bc847004a7419|d1b4a8c]]'' **<nowiki>ar71xx:</nowiki>** <nowiki>Move OpenMesh image target validation into subfunction</nowiki> //<color #ccc>(</color><color #282>+39</color><color #ccc>,</color><color #f00>-32</color><color #ccc>)</color>//\\
''[[https://git.lede-project.org/?p=source.git;a=commitdiff;h=823cea2d5d62450ae4a9c42de148f19064d3cca7|823cea2]]'' **<nowiki>ar71xx:</nowiki>** <nowiki>Allow OpenMesh CE images with more than 3 files</nowiki> //<color #ccc>(</color><color #282>+1</color><color #ccc>,</color><color #f00>-1</color><color #ccc>)</color>//\\
''[[https://git.lede-project.org/?p=source.git;a=commitdiff;h=8010e8a37019a35b228f60603066b9465a7dbed1|8010e8a]]'' **<nowiki>ar71xx:</nowiki>** <nowiki>add kernel support for the OpenMesh OM2P-HSv3</nowiki> //<color #ccc>(</color><color #282>+2</color><color #ccc>)</color>//\\
''[[https://git.lede-project.org/?p=source.git;a=commitdiff;h=e10d12411c607a4ff5fa206b9120954235fcc881|e10d124]]'' **<nowiki>ar71xx:</nowiki>** <nowiki>add user-space support for the OpenMesh OM2P-HSv3</nowiki> //<color #ccc>(</color><color #282>+5</color><color #ccc>)</color>//\\
''[[https://git.lede-project.org/?p=source.git;a=commitdiff;h=222dfb3d6af7e06b8d95f63b3208d7f231ed3979|222dfb3]]'' **<nowiki>ar71xx:</nowiki>** <nowiki>enable sysupgrade for the OpenMesh OM2P-HSv3</nowiki> //<color #ccc>(</color><color #282>+3</color><color #ccc>)</color>//\\
''[[https://git.lede-project.org/?p=source.git;a=commitdiff;h=634f681da41f7ea4b519578d61637c42f95deb7e|634f681]]'' **<nowiki>ar71xx:</nowiki>** <nowiki>add OM2P-HSv3 to the OM2P profile</nowiki> //<color #ccc>(</color><color #282>+2</color><color #ccc>,</color><color #f00>-2</color><color #ccc>)</color>//\\
''[[https://git.lede-project.org/?p=source.git;a=commitdiff;h=f7719dca713b8d8f66a9877bde2b72c50b9cdd21|f7719dc]]'' **<nowiki>ar71xx:</nowiki>** <nowiki>add kernel support for the OpenMesh MR1750v2</nowiki> //<color #ccc>(</color><color #282>+2</color><color #ccc>)</color>//\\
''[[https://git.lede-project.org/?p=source.git;a=commitdiff;h=58dc285cd6c9ebf415e091be12e01ecbd05119dc|58dc285]]'' **<nowiki>ar71xx:</nowiki>** <nowiki>add user-space support for the OpenMesh MR1750v2</nowiki> //<color #ccc>(</color><color #282>+9</color><color #ccc>,</color><color #f00>-2</color><color #ccc>)</color>//\\
''[[https://git.lede-project.org/?p=source.git;a=commitdiff;h=77cb985022b192846a746cbae6e2604666fd22c2|77cb985]]'' **<nowiki>ar71xx:</nowiki>** <nowiki>enable sysupgrade for the OpenMesh MR1750v2</nowiki> //<color #ccc>(</color><color #282>+2</color><color #ccc>)</color>//\\
''[[https://git.lede-project.org/?p=source.git;a=commitdiff;h=c4e3706533eb5692307c6f7bae88b0379016dd4f|c4e3706]]'' **<nowiki>ar71xx:</nowiki>** <nowiki>extract ath10k wifi board.bin for the OpenMesh MR1750v2 board</nowiki> //<color #ccc>(</color><color #282>+1</color><color #ccc>)</color>//\\
''[[https://git.lede-project.org/?p=source.git;a=commitdiff;h=f21de7d9a8bf7d38ff69b750ebf9141b0a1f0a37|f21de7d]]'' **<nowiki>ar71xx:</nowiki>** <nowiki>add MR1750v2 to the MR1750 profile</nowiki> //<color #ccc>(</color><color #282>+2</color><color #ccc>,</color><color #f00>-2</color><color #ccc>)</color>//\\
''[[https://git.lede-project.org/?p=source.git;a=commitdiff;h=c5ff273d85f69981e5b126eeaed3dee5b4061fb4|c5ff273]]'' **<nowiki>ar71xx/cpe510:</nowiki>** <nowiki>split profile into 2 profiles cpe210 and cpe510</nowiki> //<color #ccc>(</color><color #282>+43</color><color #ccc>,</color><color #f00>-10</color><color #ccc>)</color>//\\
''[[https://git.lede-project.org/?p=source.git;a=commitdiff;h=71e0ef3978f82a80e9065f6f294c0813bb7e40ec|71e0ef3]]'' **<nowiki>ar71xx:</nowiki>** <nowiki>add GPIO pin for usb power switch for RouterBOARD 912</nowiki> //<color #ccc>(</color><color #282>+4</color><color #ccc>)</color>//\\
''[[https://git.lede-project.org/?p=source.git;a=commitdiff;h=7eb1a7e9560161a2e0cffcc3298557c5ec6c4099|7eb1a7e]]'' **<nowiki>include/image.mk:</nowiki>** <nowiki>move build step tplink-safeloader to image.mk</nowiki> //<color #ccc>(</color><color #282>+12</color><color #ccc>,</color><color #f00>-12</color><color #ccc>)</color>//\\
''[[https://git.lede-project.org/?p=source.git;a=commitdiff;h=b7864453f6df9e7f4c927eaea04fdd64fa40abdc|b786445]]'' **<nowiki>ar71xx:</nowiki>** <nowiki>switch ordering and template to improve readability</nowiki> //<color #ccc>(</color><color #282>+5</color><color #ccc>,</color><color #f00>-5</color><color #ccc>)</color>//\\
''[[https://git.lede-project.org/?p=source.git;a=commitdiff;h=824147960569f2c1cd22140c9074c62c3df911a5|8241479]]'' **<nowiki>tools/tplink-safeloader:</nowiki>** <nowiki>split CPE210 from CPE510 profile</nowiki> //<color #ccc>(</color><color #282>+24</color><color #ccc>,</color><color #f00>-10</color><color #ccc>)</color>//\\
''[[https://git.lede-project.org/?p=source.git;a=commitdiff;h=d2a91f9853a9bfb47cb5d6e3078372f3f85557c5|d2a91f9]]'' **<nowiki>ar71xx:</nowiki>** <nowiki>Fix TL-WR841N v11 LEDs, use separate machine</nowiki> //<color #ccc>(</color><color #282>+80</color><color #ccc>,</color><color #f00>-3</color><color #ccc>)</color>//\\
''[[https://git.lede-project.org/?p=source.git;a=commitdiff;h=2a9f03adea362e593b63f5b4f6bc048d1a621edb|2a9f03a]]'' <nowiki>ar71xx/image/edimax shorten the revision to 13 character</nowiki> //<color #ccc>(</color><color #282>+2</color><color #ccc>,</color><color #f00>-2</color><color #ccc>)</color>//\\
''[[https://git.lede-project.org/?p=source.git;a=commitdiff;h=563e9d5e1b26be6d98f04f9cdb3f307f27757b38|563e9d5]]'' **<nowiki>ar71xx:</nowiki>** <nowiki>add WRTnode2Q support</nowiki> //<color #ccc>(</color><color #282>+165</color><color #ccc>,</color><color #f00>-2</color><color #ccc>)</color>//\\
''[[https://git.lede-project.org/?p=source.git;a=commitdiff;h=ec86d2a605743eab172badf0b98406b8fa11e66b|ec86d2a]]'' **<nowiki>ar71xx:</nowiki>** <nowiki>enable profile sorting in preparation for adding device profiles</nowiki> //<color #ccc>(</color><color #282>+5</color><color #ccc>)</color>//\\
''[[https://git.lede-project.org/?p=source.git;a=commitdiff;h=4c5a49031eb690f1f311c9e8d4c68c541fadf5ae|4c5a490]]'' **<nowiki>ar71xx:</nowiki>** <nowiki>convert OM2P to device profile</nowiki> //<color #ccc>(</color><color #282>+15</color><color #ccc>,</color><color #f00>-11</color><color #ccc>)</color>//\\
''[[https://git.lede-project.org/?p=source.git;a=commitdiff;h=7eeb254cc49c4e9f837c980826ec112b9404f341|7eeb254]]'' **<nowiki>treewide:</nowiki>** <nowiki>replace nbd@openwrt.org with nbd@nbd.name</nowiki> //<color #ccc>(</color><color #282>+299</color><color #ccc>,</color><color #f00>-299</color><color #ccc>)</color>//\\
''[[https://git.lede-project.org/?p=source.git;a=commitdiff;h=e61fe4e4d762eb3e00c43b6714a229835efc7ea5|e61fe4e]]'' **<nowiki>ar71xx:</nowiki>** <nowiki>add support for OpenEmbed SOM9331</nowiki> //<color #ccc>(</color><color #282>+176</color><color #ccc>)</color>//\\
''[[https://git.lede-project.org/?p=source.git;a=commitdiff;h=0aa6c7df60d0d4a4fa01dc1b185df31ffb2c53f6|0aa6c7d]]'' **<nowiki>kernel:</nowiki>** <nowiki>update kernel 4.4 to version 4.4.13</nowiki> //<color #ccc>(</color><color #282>+56</color><color #ccc>,</color><color #f00>-312</color><color #ccc>)</color>//\\
''[[https://git.lede-project.org/?p=source.git;a=commitdiff;h=f869ffdd623f7bee98c8cebbb7295256bc9ebceb|f869ffd]]'' **<nowiki>ar71xx:</nowiki>** <nowiki>mach-ubnt-xm.c convert patches to mach file</nowiki> //<color #ccc>(</color><color #282>+701</color><color #ccc>,</color><color #f00>-773</color><color #ccc>)</color>//\\
''[[https://git.lede-project.org/?p=source.git;a=commitdiff;h=bbbe9932e36351d366badcc3e7dd4a4a24410492|bbbe993]]'' **<nowiki>ar71xx:</nowiki>** <nowiki>WDR4300: Fixed default VLAN order</nowiki> //<color #ccc>(</color><color #282>+1</color><color #ccc>,</color><color #f00>-1</color><color #ccc>)</color>//\\
''[[https://git.lede-project.org/?p=source.git;a=commitdiff;h=b67066b8fa1202074b3a2dd2cfd94a9aa5947e4a|b67066b]]'' **<nowiki>ar71xx:</nowiki>** <nowiki>hiwifi-hc6361: lift size limit on kernel and rootfs parts</nowiki> //<color #ccc>(</color><color #282>+20</color><color #ccc>,</color><color #f00>-19</color><color #ccc>)</color>//\\
''[[https://git.lede-project.org/?p=source.git;a=commitdiff;h=26b8db253745b0591bfffa21f02323428f11a88f|26b8db2]]'' **<nowiki>ar71xx:</nowiki>** <nowiki>enable flow control for ethernet MACs with built-in switch</nowiki> //<color #ccc>(</color><color #282>+11</color><color #ccc>,</color><color #f00>-1</color><color #ccc>)</color>//\\
''[[https://git.lede-project.org/?p=source.git;a=commitdiff;h=84d489f64f3b382d5544e342f66d8806e94e85d3|84d489f]]'' **<nowiki>kernel:</nowiki>** <nowiki>update to version 4.4.14</nowiki> //<color #ccc>(</color><color #282>+567</color><color #ccc>,</color><color #f00>-1.1K</color><color #ccc>)</color>//\\
''[[https://git.lede-project.org/?p=source.git;a=commitdiff;h=8d1218ca7370a84c886a63917ef857c92ab9f25f|8d1218c]]'' **<nowiki>ar71xx:</nowiki>** <nowiki>merge profiles into image building code</nowiki> //<color #ccc>(</color><color #282>+959</color><color #ccc>,</color><color #f00>-2.5K</color><color #ccc>)</color>//\\
''[[https://git.lede-project.org/?p=source.git;a=commitdiff;h=75b2105cd3ba07039abe43b8565e5ef54b60e3fa|75b2105]]'' **<nowiki>ar71xx:</nowiki>** <nowiki>rename ethernet pdata->builtin_switch to use_flow_control</nowiki> //<color #ccc>(</color><color #282>+8</color><color #ccc>,</color><color #f00>-8</color><color #ccc>)</color>//\\
''[[https://git.lede-project.org/?p=source.git;a=commitdiff;h=be08fdd007110d2955bd895b19ccb7fddd7b2a6e|be08fdd]]'' **<nowiki>ar71xx:</nowiki>** <nowiki>disable pdata->use_flow_control for QCA9558</nowiki> //<color #ccc>(</color><color #f00>-1</color><color #ccc>)</color>//\\
''[[https://git.lede-project.org/?p=source.git;a=commitdiff;h=6ee66ae0759234230958ff4c6b3ba92b26e85965|6ee66ae]]'' **<nowiki>ar71xx:</nowiki>** <nowiki>further legacy image build fixes</nowiki> //<color #ccc>(</color><color #282>+6</color><color #ccc>,</color><color #f00>-1</color><color #ccc>)</color>//\\
''[[https://git.lede-project.org/?p=source.git;a=commitdiff;h=11cbe29833db3a7ec41ac1c4c675fb0b31338f39|11cbe29]]'' **<nowiki>ar71xx:</nowiki>** <nowiki>hiwifi-hc6361: move packages selection to generic.mk</nowiki> //<color #ccc>(</color><color #282>+9</color><color #ccc>,</color><color #f00>-14</color><color #ccc>)</color>//\\
''[[https://git.lede-project.org/?p=source.git;a=commitdiff;h=e3cf2cc1c6f04865f569cf567411dfc7661de451|e3cf2cc]]'' **<nowiki>ar71xx:</nowiki>** <nowiki>image: remove duplicate IMAGES definition</nowiki> //<color #ccc>(</color><color #f00>-1</color><color #ccc>)</color>//\\
''[[https://git.lede-project.org/?p=source.git;a=commitdiff;h=ea284d704b34fd6222693be1382b31b5fd03b157|ea284d7]]'' **<nowiki>ar71xx:</nowiki>** <nowiki>image: unify indentation with 2 whitespaces</nowiki> //<color #ccc>(</color><color #282>+112</color><color #ccc>,</color><color #f00>-112</color><color #ccc>)</color>//\\
''[[https://git.lede-project.org/?p=source.git;a=commitdiff;h=559a7d1177fcbb4e276f864f465fce9297624eaf|559a7d1]]'' **<nowiki>ar71xx:</nowiki>** <nowiki>seama: fix making factory images</nowiki> //<color #ccc>(</color><color #282>+81</color><color #ccc>,</color><color #f00>-58</color><color #ccc>)</color>//\\
''[[https://git.lede-project.org/?p=source.git;a=commitdiff;h=f9e7ffe73be9a45c1b44f8899d9f18ccda7c5083|f9e7ffe]]'' **<nowiki>ar71xx:</nowiki>** <nowiki>prevent spurious ethernet resets from dma hang check false positives</nowiki> //<color #ccc>(</color><color #282>+12</color><color #ccc>,</color><color #f00>-6</color><color #ccc>)</color>//\\
''[[https://git.lede-project.org/?p=source.git;a=commitdiff;h=c312cef223ddc164b8d3fd3a195eb88a43ede901|c312cef]]'' **<nowiki>ar71xx:</nowiki>** <nowiki>spi-rb4xx fix.</nowiki> //<color #ccc>(</color><color #282>+1</color><color #ccc>,</color><color #f00>-1</color><color #ccc>)</color>//\\
''[[https://git.lede-project.org/?p=source.git;a=commitdiff;h=8fe69e4d427b8ab90e591ba7abf28ed974b37f74|8fe69e4]]'' **<nowiki>ar71xx:</nowiki>** <nowiki>fix nand device profile</nowiki> //<color #ccc>(</color><color #282>+19</color><color #ccc>,</color><color #f00>-19</color><color #ccc>)</color>//\\
''[[https://git.lede-project.org/?p=source.git;a=commitdiff;h=17ee6bb8f344dd1db027186de272badb6ba2020b|17ee6bb]]'' **<nowiki>tools:</nowiki>** <nowiki>add kernel2minor utility for Mikrotik devices</nowiki> //<color #ccc>(</color><color #282>+38</color><color #ccc>,</color><color #f00>-2</color><color #ccc>)</color>//\\
''[[https://git.lede-project.org/?p=source.git;a=commitdiff;h=6d6db4ff7bc2263f56e0abfb86e4c3305e7e6e49|6d6db4f]]'' **<nowiki>ar71xx:</nowiki>** <nowiki>image: seama: fix making factory and sysupgrade image</nowiki> //<color #ccc>(</color><color #282>+12</color><color #ccc>,</color><color #f00>-11</color><color #ccc>)</color>//\\
''[[https://git.lede-project.org/?p=source.git;a=commitdiff;h=8d0ec3e67235fa980d8ae7754984e2e53d6254cf|8d0ec3e]]'' **<nowiki>ar71xx:</nowiki>** <nowiki>image: fix typo in MTDPARTS def for qihoo-c301</nowiki> //<color #ccc>(</color><color #282>+1</color><color #ccc>,</color><color #f00>-1</color><color #ccc>)</color>//\\
''[[https://git.lede-project.org/?p=source.git;a=commitdiff;h=09907170ddf8fc50ff14f8d8715c438f1721cc9c|0990717]]'' **<nowiki>ar71xx:</nowiki>** <nowiki>base-files: remove the now unneeded 09_fix-seama-header</nowiki> //<color #ccc>(</color><color #f00>-21</color><color #ccc>)</color>//\\
''[[https://git.lede-project.org/?p=source.git;a=commitdiff;h=a775c5db46abce9eb51e1dca645df59b1069d8ca|a775c5d]]'' **<nowiki>ar71xx:</nowiki>** <nowiki>Fix PowerCloud CAP324 No Cloud title</nowiki> //<color #ccc>(</color><color #282>+1</color><color #ccc>,</color><color #f00>-1</color><color #ccc>)</color>//\\
''[[https://git.lede-project.org/?p=source.git;a=commitdiff;h=d6b3b44d9798dfd6aba3758843acbf310b98a853|d6b3b44]]'' **<nowiki>ar71xx:</nowiki>** <nowiki>fix a legacy image porting issue</nowiki> //<color #ccc>(</color><color #282>+1</color><color #ccc>,</color><color #f00>-8</color><color #ccc>)</color>//\\
''[[https://git.lede-project.org/?p=source.git;a=commitdiff;h=70cf8c304851f58c8411c8053954cdefcf9f234a|70cf8c3]]'' **<nowiki>ar71xx:</nowiki>** <nowiki>fix build error when initramfs is disabled</nowiki> //<color #ccc>(</color><color #282>+1</color><color #ccc>,</color><color #f00>-1</color><color #ccc>)</color>//\\
''[[https://git.lede-project.org/?p=source.git;a=commitdiff;h=e767980eb897fbefc320f97b65944ce690ed1726|e767980]]'' **<nowiki>ar71xx:</nowiki>** <nowiki>add support for Wallys DR531</nowiki> //<color #ccc>(</color><color #282>+190</color><color #ccc>)</color>//\\
''[[https://git.lede-project.org/?p=source.git;a=commitdiff;h=d2c9b169b3a3c43e66648590a9d0f1a12becebcf|d2c9b16]]'' **<nowiki>ar71xx:</nowiki>** <nowiki>add support for jjPlus JWAP230</nowiki> //<color #ccc>(</color><color #282>+192</color><color #ccc>)</color>//\\
''[[https://git.lede-project.org/?p=source.git;a=commitdiff;h=a176168a85477caa44eef7e979567d1d52868fde|a176168]]'' **<nowiki>ar71xx:</nowiki>** <nowiki>define wmac reset function for QCA955x</nowiki> //<color #ccc>(</color><color #282>+85</color><color #ccc>,</color><color #f00>-3</color><color #ccc>)</color>//\\
''[[https://git.lede-project.org/?p=source.git;a=commitdiff;h=900da27c91990ce37642c491414736c9b84f73e4|900da27]]'' **<nowiki>ar71xx:</nowiki>** <nowiki>add software transmit timestamp support</nowiki> //<color #ccc>(</color><color #282>+3</color><color #ccc>)</color>//\\
''[[https://git.lede-project.org/?p=source.git;a=commitdiff;h=d963ddf0424a551e5fadd561c934bfdb5d198764|d963ddf]]'' **<nowiki>ar71xx:</nowiki>** <nowiki>add support for gl-ar300m</nowiki> //<color #ccc>(</color><color #282>+218</color><color #ccc>)</color>//\\
''[[https://git.lede-project.org/?p=source.git;a=commitdiff;h=e633a1b48f8504a17ea1d2d89ed760da03e41380|e633a1b]]'' **<nowiki>ar71xx:</nowiki>** <nowiki>fix default network config of WZR-HP-G300NH and CR3000</nowiki> //<color #ccc>(</color><color #282>+2</color><color #ccc>,</color><color #f00>-2</color><color #ccc>)</color>//\\
''[[https://git.lede-project.org/?p=source.git;a=commitdiff;h=4d0f4f5e5283a6cd0a0f2e69ea75bd3dd82f87b2|4d0f4f5]]'' **<nowiki>ar71xx:</nowiki>** <nowiki>remove obsolete MultiProfile template code</nowiki> //<color #ccc>(</color><color #f00>-40</color><color #ccc>)</color>//\\
''[[https://git.lede-project.org/?p=source.git;a=commitdiff;h=3d8c8d5e05df6b3a3ab7ba23bc340248ca7d5bc6|3d8c8d5]]'' **<nowiki>ar71xx:</nowiki>** <nowiki>fix tab vs whitespace issue in image building code</nowiki> //<color #ccc>(</color><color #282>+180</color><color #ccc>,</color><color #f00>-180</color><color #ccc>)</color>//\\
''[[https://git.lede-project.org/?p=source.git;a=commitdiff;h=ad323881df77d789c6c671e1ec55bc18575feb54|ad32388]]'' **<nowiki>ar71xx:</nowiki>** <nowiki>fix more image build code whitespace/tab issues</nowiki> //<color #ccc>(</color><color #282>+6</color><color #ccc>,</color><color #f00>-6</color><color #ccc>)</color>//\\
''[[https://git.lede-project.org/?p=source.git;a=commitdiff;h=16209710d955c27073601308ca51da729445e88d|1620971]]'' **<nowiki>ar71xx:</nowiki>** <nowiki>fix WNDR4300v1 / WNDR3700v4 build (FS#56)</nowiki> //<color #ccc>(</color><color #282>+9</color><color #ccc>,</color><color #f00>-3</color><color #ccc>)</color>//\\
''[[https://git.lede-project.org/?p=source.git;a=commitdiff;h=c6c81351b76f6af6ccf5898175a146f49670a596|c6c8135]]'' **<nowiki>ar71xx:</nowiki>** <nowiki>add missing profile for the nand subtarget (FS#56)</nowiki> //<color #ccc>(</color><color #282>+18</color><color #ccc>)</color>//\\
''[[https://git.lede-project.org/?p=source.git;a=commitdiff;h=f1e085adfe53d11956aaa91fcc5d8eebb2ad0b7e|f1e085a]]'' **<nowiki>ar71xx:</nowiki>** <nowiki>add ath10k firmware to profile defaults where ath10k is used</nowiki> //<color #ccc>(</color><color #282>+33</color><color #ccc>,</color><color #f00>-33</color><color #ccc>)</color>//\\
''[[https://git.lede-project.org/?p=source.git;a=commitdiff;h=96873418084e6fa25b8affa5ac6a09b86d02737c|9687341]]'' **<nowiki>ar71xx:</nowiki>** <nowiki>clean up legacy-devices.mk</nowiki> //<color #ccc>(</color><color #282>+408</color><color #ccc>,</color><color #f00>-323</color><color #ccc>)</color>//\\
''[[https://git.lede-project.org/?p=source.git;a=commitdiff;h=42305ae24aa7ce95824d3b2303a40ab211f1a766|42305ae]]'' **<nowiki>ar71xx:</nowiki>** <nowiki>add support for gl-mifi</nowiki> //<color #ccc>(</color><color #282>+148</color><color #ccc>)</color>//\\
''[[https://git.lede-project.org/?p=source.git;a=commitdiff;h=96fa9aa13bfa4efba70e6effab22438961c1127b|96fa9aa]]'' **<nowiki>ar71xx:</nowiki>** <nowiki>add a missing ;; to ar71xx.sh</nowiki> //<color #ccc>(</color><color #282>+1</color><color #ccc>)</color>//\\
''[[https://git.lede-project.org/?p=source.git;a=commitdiff;h=500a67a167a256002f8ab05171f49dfb86b03260|500a67a]]'' **<nowiki>ar71xx:</nowiki>** <nowiki>add revision detection for D-Link DIR-505 A1/A2</nowiki> //<color #ccc>(</color><color #282>+10</color><color #ccc>)</color>//\\
''[[https://git.lede-project.org/?p=source.git;a=commitdiff;h=adbbfb7ff900c489e6be34b2ec2834172dff7943|adbbfb7]]'' **<nowiki>ar71xx:</nowiki>** <nowiki>don't use D-Link DIR-505 status LED as ethernet indicator</nowiki> //<color #ccc>(</color><color #f00>-4</color><color #ccc>)</color>//\\
''[[https://git.lede-project.org/?p=source.git;a=commitdiff;h=db49dd894e7485020445043fb4eef58eebece7d8|db49dd8]]'' **<nowiki>build:</nowiki>** <nowiki>rename sysupgrade-nand to sysupgrade-tar</nowiki> //<color #ccc>(</color><color #282>+13</color><color #ccc>,</color><color #f00>-13</color><color #ccc>)</color>//\\
''[[https://git.lede-project.org/?p=source.git;a=commitdiff;h=63b525dd6b209af5554a2d053efd4b3ce6f60c9c|63b525d]]'' **<nowiki>image:</nowiki>** <nowiki>add a helper variable for getting kernel/rootfs from within image Buil...</nowiki> //<color #ccc>(</color><color #282>+54</color><color #ccc>,</color><color #f00>-51</color><color #ccc>)</color>//\\
''[[https://git.lede-project.org/?p=source.git;a=commitdiff;h=1bcad76395264af9bb2ca7d0ebb2027ed3279965|1bcad76]]'' **<nowiki>ar71xx:</nowiki>** <nowiki>Make wget2nand look for LEDE project firmware files</nowiki> //<color #ccc>(</color><color #282>+2</color><color #ccc>,</color><color #f00>-2</color><color #ccc>)</color>//\\
''[[https://git.lede-project.org/?p=source.git;a=commitdiff;h=fb35ac857fd57cff319069c456ae3284223d569b|fb35ac8]]'' **<nowiki>ar71xx:</nowiki>** <nowiki>remove useless minimal/ath5k profiles</nowiki> //<color #ccc>(</color><color #f00>-34</color><color #ccc>)</color>//\\
''[[https://git.lede-project.org/?p=source.git;a=commitdiff;h=61751155418ffc0453f510398c53b1c00fc1bc8e|6175115]]'' **<nowiki>ar71xx:</nowiki>** <nowiki>add missing LZO support select for routerboard devices</nowiki> //<color #ccc>(</color><color #282>+2</color><color #ccc>,</color><color #f00>-1</color><color #ccc>)</color>//\\
''[[https://git.lede-project.org/?p=source.git;a=commitdiff;h=d1b20a36590b185a649d2b4c040d81e506224487|d1b20a3]]'' **<nowiki>ar71xx:</nowiki>** <nowiki>fix profile name of Mercury MW4530R</nowiki> //<color #ccc>(</color><color #282>+2</color><color #ccc>,</color><color #f00>-2</color><color #ccc>)</color>//\\
''[[https://git.lede-project.org/?p=source.git;a=commitdiff;h=f478fba663d3ea1bf919137277b9a81344006173|f478fba]]'' **<nowiki>ar71xx:</nowiki>** <nowiki>add support for Zbtlink ZBT-WE1526</nowiki> //<color #ccc>(</color><color #282>+191</color><color #ccc>,</color><color #f00>-1</color><color #ccc>)</color>//\\
''[[https://git.lede-project.org/?p=source.git;a=commitdiff;h=8072264b96785184b76aa46bcd08b4f9cdfada42|8072264]]'' **<nowiki>kernel:</nowiki>** <nowiki>update kernel 4.4 to version 4.4.19</nowiki> //<color #ccc>(</color><color #282>+400</color><color #ccc>,</color><color #f00>-939</color><color #ccc>)</color>//\\
''[[https://git.lede-project.org/?p=source.git;a=commitdiff;h=8cf1d64f1cff8ea3abb531d8c23e2a09a56e173f|8cf1d64]]'' **<nowiki>ar71xx:</nowiki>** <nowiki>switch to 24kc</nowiki> //<color #ccc>(</color><color #282>+1</color><color #ccc>,</color><color #f00>-1</color><color #ccc>)</color>//\\
''[[https://git.lede-project.org/?p=source.git;a=commitdiff;h=83997146e76d4097e30facf6ad89e5fa3bd7c65b|8399714]]'' **<nowiki>ar71xx:</nowiki>** <nowiki>disable flow control to the built-in switch on AR934x</nowiki> //<color #ccc>(</color><color #f00>-1</color><color #ccc>)</color>//\\
''[[https://git.lede-project.org/?p=source.git;a=commitdiff;h=fa0096f6cc236e1346a344d3edf467945aa4a27e|fa0096f]]'' **<nowiki>ar71xx:</nowiki>** <nowiki>generate US- and EU-specific images for the Archer C7 v2</nowiki> //<color #ccc>(</color><color #282>+3</color><color #ccc>,</color><color #f00>-1</color><color #ccc>)</color>//\\
''[[https://git.lede-project.org/?p=source.git;a=commitdiff;h=02a9a74d17a9ad041c6d5f8bcdd05ecb08a8abcc|02a9a74]]'' **<nowiki>ar71xx:</nowiki>** <nowiki>fix ethernet driver fast reset issue causing tx timeouts</nowiki> //<color #ccc>(</color><color #282>+2</color><color #ccc>,</color><color #f00>-1</color><color #ccc>)</color>//\\
''[[https://git.lede-project.org/?p=source.git;a=commitdiff;h=92eaf27c62cad5f9832dc7084e1ae14d5e7b47e6|92eaf27]]'' <nowiki>use immediate set in target Makefiles</nowiki> //<color #ccc>(</color><color #282>+7</color><color #ccc>,</color><color #f00>-7</color><color #ccc>)</color>//\\
''[[https://git.lede-project.org/?p=source.git;a=commitdiff;h=c1578d4fc9e53c9b80d858fc924adc8a66f5fce3|c1578d4]]'' <nowiki>cleanup ucidef_set_interface* usage</nowiki> //<color #ccc>(</color><color #282>+8</color><color #ccc>,</color><color #f00>-9</color><color #ccc>)</color>//\\
''[[https://git.lede-project.org/?p=source.git;a=commitdiff;h=ec37a565878fd79d4127cbb843c17ce3b8dc97c0|ec37a56]]'' **<nowiki>ar71xx:</nowiki>** <nowiki>fix typo in image build code</nowiki> //<color #ccc>(</color><color #282>+3</color><color #ccc>,</color><color #f00>-3</color><color #ccc>)</color>//\\
''[[https://git.lede-project.org/?p=source.git;a=commitdiff;h=993ad293597ac3e46574e2ccd074432824305a91|993ad29]]'' **<nowiki>kernel:</nowiki>** <nowiki>Backport pending appended DTB handling patches</nowiki> //<color #ccc>(</color><color #282>+341</color><color #ccc>,</color><color #f00>-37</color><color #ccc>)</color>//\\
''[[https://git.lede-project.org/?p=source.git;a=commitdiff;h=1cd0a4c688f02918cb96ff7f5f21cddc281d4f2c|1cd0a4c]]'' **<nowiki>image:</nowiki>** <nowiki>add KERNEL_SIZE to the default device vars</nowiki> //<color #ccc>(</color><color #282>+6</color><color #ccc>,</color><color #f00>-10</color><color #ccc>)</color>//\\
''[[https://git.lede-project.org/?p=source.git;a=commitdiff;h=61c2a7339a70b34cc357f9f190921365c39073f9|61c2a73]]'' **<nowiki>image:</nowiki>** <nowiki>remove padding parameter from append-kernel/append-rootfs</nowiki> //<color #ccc>(</color><color #282>+15</color><color #ccc>,</color><color #f00>-15</color><color #ccc>)</color>//\\
''[[https://git.lede-project.org/?p=source.git;a=commitdiff;h=d14c28fc80d98cc712074c869cbd1659398e8829|d14c28f]]'' **<nowiki>kernel:</nowiki>** <nowiki>update kernel 4.4 to version 4.4.20</nowiki> //<color #ccc>(</color><color #282>+41</color><color #ccc>,</color><color #f00>-70</color><color #ccc>)</color>//\\
''[[https://git.lede-project.org/?p=source.git;a=commitdiff;h=b063faa2c8f3a5a9019ae58d91d70c757cd23415|b063faa]]'' **<nowiki>ar71xx:</nowiki>** <nowiki>separate TP-Link TL-WDR3600/4300/4310 profiles</nowiki> //<color #ccc>(</color><color #282>+19</color><color #ccc>,</color><color #f00>-9</color><color #ccc>)</color>//\\
''[[https://git.lede-project.org/?p=source.git;a=commitdiff;h=01e2024754915558fd3e2a87aa7d27ae53ee24dc|01e2024]]'' **<nowiki>ar71xx:</nowiki>** <nowiki>set region code of TP-Link TL-WDR3600/4300 to US</nowiki> //<color #ccc>(</color><color #282>+2</color><color #ccc>)</color>//\\
''[[https://git.lede-project.org/?p=source.git;a=commitdiff;h=2ad0ecc1015c7edc3420f5d8c777636b46ded767|2ad0ecc]]'' **<nowiki>ar71xx:</nowiki>** <nowiki>mark U-Boot and radio calibration data partitions as read-only</nowiki> //<color #ccc>(</color><color #282>+17</color><color #ccc>,</color><color #f00>-17</color><color #ccc>)</color>//\\
''[[https://git.lede-project.org/?p=source.git;a=commitdiff;h=dc9172b65bed6c812bc2712941dbd0ea4f53411b|dc9172b]]'' **<nowiki>ar71xx:</nowiki>** <nowiki>update kernel config symbols</nowiki> //<color #ccc>(</color><color #f00>-6</color><color #ccc>)</color>//\\
''[[https://git.lede-project.org/?p=source.git;a=commitdiff;h=1c09849f6cf1b8bd94819ca11910ce444c3d3019|1c09849]]'' **<nowiki>treewide:</nowiki>** <nowiki>remove bad local shell variable declarations</nowiki> //<color #ccc>(</color><color #282>+16</color><color #ccc>,</color><color #f00>-21</color><color #ccc>)</color>//\\
''[[https://git.lede-project.org/?p=source.git;a=commitdiff;h=524d4110f9a21bb570390303503c61a79435a984|524d411]]'' **<nowiki>ar71xx:</nowiki>** <nowiki>add model detection for many Ubiquiti AirMax XM devices</nowiki> //<color #ccc>(</color><color #282>+36</color><color #ccc>)</color>//\\
''[[https://git.lede-project.org/?p=source.git;a=commitdiff;h=9dbf8241c313a932de620f6b81b7defe5be38013|9dbf824]]'' **<nowiki>ar71xx:</nowiki>** <nowiki>clean up DEVICE_PACKAGES of legacy devices</nowiki> //<color #ccc>(</color><color #282>+22</color><color #ccc>,</color><color #f00>-43</color><color #ccc>)</color>//\\
''[[https://git.lede-project.org/?p=source.git;a=commitdiff;h=68d649f5cd9ee2f6fda00df7bde4b9074474becf|68d649f]]'' **<nowiki>ar71xx:</nowiki>** <nowiki>add support for Cisco Meraki Z1 Cloud Managed Teleworker Gateway</nowiki> //<color #ccc>(</color><color #282>+293</color><color #ccc>,</color><color #f00>-19</color><color #ccc>)</color>//\\
''[[https://git.lede-project.org/?p=source.git;a=commitdiff;h=e7be0decf65a2d3ecbe344bcb172151516815935|e7be0de]]'' **<nowiki>ar71xx:</nowiki>** <nowiki>Do not use a hardcoded ath10k firmware mac address</nowiki> //<color #ccc>(</color><color #282>+10</color><color #ccc>,</color><color #f00>-7</color><color #ccc>)</color>//\\
''[[https://git.lede-project.org/?p=source.git;a=commitdiff;h=7d559169c527424c4743d82cd6edc926ef2fcde9|7d55916]]'' **<nowiki>kernel:</nowiki>** <nowiki>update to v4.4.23</nowiki> //<color #ccc>(</color><color #282>+53</color><color #ccc>,</color><color #f00>-57</color><color #ccc>)</color>//\\
''[[https://git.lede-project.org/?p=source.git;a=commitdiff;h=4fa90c49c1aa076afd413181953924fb5b245cd9|4fa90c4]]'' **<nowiki>ar71xx:</nowiki>** <nowiki>base-files: rework etc/board.d/02_network</nowiki> //<color #ccc>(</color><color #282>+554</color><color #ccc>,</color><color #f00>-533</color><color #ccc>)</color>//\\
''[[https://git.lede-project.org/?p=source.git;a=commitdiff;h=a75cfac1f681776eb17e9beb238e1c81fbf82c43|a75cfac]]'' **<nowiki>ar71xx:</nowiki>** <nowiki>base-files: cleanups in etc/board.d/02_network</nowiki> //<color #ccc>(</color><color #282>+177</color><color #ccc>,</color><color #f00>-300</color><color #ccc>)</color>//\\
''[[https://git.lede-project.org/?p=source.git;a=commitdiff;h=edcdb93467e7a4e8373ca980dc15fa36c83d178a|edcdb93]]'' **<nowiki>ar71xx:</nowiki>** <nowiki>base-files: fix boards order in etc/board.d/02_network</nowiki> //<color #ccc>(</color><color #282>+231</color><color #ccc>,</color><color #f00>-231</color><color #ccc>)</color>//\\
''[[https://git.lede-project.org/?p=source.git;a=commitdiff;h=2917ae91ec363ff5f7c2cc0e7815df26dc40e744|2917ae9]]'' **<nowiki>ar71xx:</nowiki>** <nowiki>base-files: cleanups in etc/diag.sh</nowiki> //<color #ccc>(</color><color #282>+137</color><color #ccc>,</color><color #f00>-120</color><color #ccc>)</color>//\\
''[[https://git.lede-project.org/?p=source.git;a=commitdiff;h=d09f4e06316c2b51c19fb8d69c08c58fd26f9497|d09f4e0]]'' **<nowiki>ar71xx:</nowiki>** <nowiki>base-files: combine boards with the same config in etc/diag.sh</nowiki> //<color #ccc>(</color><color #282>+24</color><color #ccc>,</color><color #f00>-62</color><color #ccc>)</color>//\\
''[[https://git.lede-project.org/?p=source.git;a=commitdiff;h=8689078a9b9754ae6163488aaa73959714529b6d|8689078]]'' **<nowiki>ar71xx:</nowiki>** <nowiki>base-files: fix code style in etc/board.d/01_leds</nowiki> //<color #ccc>(</color><color #282>+38</color><color #ccc>,</color><color #f00>-160</color><color #ccc>)</color>//\\
''[[https://git.lede-project.org/?p=source.git;a=commitdiff;h=c142df309420b153253ff739ec5511501878b5b0|c142df3]]'' **<nowiki>ar71xx:</nowiki>** <nowiki>fix LED names for GL Innovations boards</nowiki> //<color #ccc>(</color><color #282>+28</color><color #ccc>,</color><color #f00>-28</color><color #ccc>)</color>//\\
''[[https://git.lede-project.org/?p=source.git;a=commitdiff;h=6e58440fc190b0f135dc59ae3a12180cc1d84c09|6e58440]]'' **<nowiki>ar71xx:</nowiki>** <nowiki>base-files: cleanups in etc/board.d/01_leds</nowiki> //<color #ccc>(</color><color #282>+126</color><color #ccc>,</color><color #f00>-173</color><color #ccc>)</color>//\\
''[[https://git.lede-project.org/?p=source.git;a=commitdiff;h=92870eac27858b95a47fc1381b34be8fe661f55d|92870ea]]'' **<nowiki>ar71xx:</nowiki>** <nowiki>comsetic cleanups in files/arch/mips/ath79/{Makefile,machtypes.h}</nowiki> //<color #ccc>(</color><color #282>+422</color><color #ccc>,</color><color #f00>-422</color><color #ccc>)</color>//\\
''[[https://git.lede-project.org/?p=source.git;a=commitdiff;h=8be47007a90d82baaac8b1b1aa5ffcbb18ebbe67|8be4700]]'' **<nowiki>ar71xx:</nowiki>** <nowiki>base-files: cleanups in lib/upgrade/platform.sh</nowiki> //<color #ccc>(</color><color #282>+264</color><color #ccc>,</color><color #f00>-266</color><color #ccc>)</color>//\\
''[[https://git.lede-project.org/?p=source.git;a=commitdiff;h=c166b050fd358531b6d83b6eb9200d98db247a42|c166b05]]'' **<nowiki>ar71xx:</nowiki>** <nowiki>base-files: fix boards order in lib/upgrade/platform.sh</nowiki> //<color #ccc>(</color><color #282>+134</color><color #ccc>,</color><color #f00>-134</color><color #ccc>)</color>//\\
''[[https://git.lede-project.org/?p=source.git;a=commitdiff;h=52974da2bb17ad53596944f58066c08e1af89574|52974da]]'' **<nowiki>ar71xx:</nowiki>** <nowiki>update kernel config symbols</nowiki> //<color #ccc>(</color><color #f00>-1</color><color #ccc>)</color>//\\
''[[https://git.lede-project.org/?p=source.git;a=commitdiff;h=4c36bcc567af822163d87f7bf89c5f8e81da93ea|4c36bcc]]'' **<nowiki>ar71xx:</nowiki>** <nowiki>build image for Archer C7 v2 IL</nowiki> //<color #ccc>(</color><color #282>+11</color><color #ccc>,</color><color #f00>-1</color><color #ccc>)</color>//\\
''[[https://git.lede-project.org/?p=source.git;a=commitdiff;h=fce0b5d8938ae900057766679139e6eb8b0f8c54|fce0b5d]]'' **<nowiki>ar71xx:</nowiki>** <nowiki>clean up SEAMA image build code</nowiki> //<color #ccc>(</color><color #282>+18</color><color #ccc>,</color><color #f00>-34</color><color #ccc>)</color>//\\
''[[https://git.lede-project.org/?p=source.git;a=commitdiff;h=0d1fb7224196d1e4c829687550b343546829d760|0d1fb72]]'' **<nowiki>ar71xx:</nowiki>** <nowiki>add relocation loader</nowiki> //<color #ccc>(</color><color #282>+15</color><color #ccc>)</color>//\\
''[[https://git.lede-project.org/?p=source.git;a=commitdiff;h=212ce6bce19ed92045939d32f9ea6f951613a4e5|212ce6b]]'' **<nowiki>ar71xx:</nowiki>** <nowiki>avoid double lzma compression of kernel for SEAMA images</nowiki> //<color #ccc>(</color><color #282>+1</color><color #ccc>,</color><color #f00>-1</color><color #ccc>)</color>//\\
''[[https://git.lede-project.org/?p=source.git;a=commitdiff;h=e407f1a4c849dd5b4aac9ddd31d2542e45077847|e407f1a]]'' **<nowiki>ar71xx:</nowiki>** <nowiki>add back SEAMA header checksum fix (as used on ramips)</nowiki> //<color #ccc>(</color><color #282>+17</color><color #ccc>)</color>//\\
''[[https://git.lede-project.org/?p=source.git;a=commitdiff;h=594f0e80ce134ede667a4bd831f63a73aaa00b0b|594f0e8]]'' **<nowiki>ar71xx:</nowiki>** <nowiki>add kernel support for D-Link DIR-869 A1</nowiki> //<color #ccc>(</color><color #282>+193</color><color #ccc>)</color>//\\
''[[https://git.lede-project.org/?p=source.git;a=commitdiff;h=5abeba3450f0ca436a8e83089a0031fd279fc569|5abeba3]]'' **<nowiki>ar71xx:</nowiki>** <nowiki>add userspace support for D-Link DIR-869 A1, generate images</nowiki> //<color #ccc>(</color><color #282>+25</color><color #ccc>,</color><color #f00>-1</color><color #ccc>)</color>//\\
''[[https://git.lede-project.org/?p=source.git;a=commitdiff;h=5d04dcedb4fb773404dcb0625786eb7706284298|5d04dce]]'' **<nowiki>ar71xx:</nowiki>** <nowiki>move dragino2 from legacy to generic</nowiki> //<color #ccc>(</color><color #282>+10</color><color #ccc>,</color><color #f00>-8</color><color #ccc>)</color>//\\
''[[https://git.lede-project.org/?p=source.git;a=commitdiff;h=098f7156cc68d07a8eed9574c76b90c7ade77026|098f715]]'' **<nowiki>ar71xx:</nowiki>** <nowiki>add support for the Airtight C-60</nowiki> //<color #ccc>(</color><color #282>+260</color><color #ccc>,</color><color #f00>-14</color><color #ccc>)</color>//\\
''[[https://git.lede-project.org/?p=source.git;a=commitdiff;h=83f7ec31f8f9641ef842212c45db61b72682debf|83f7ec3]]'' **<nowiki>ar71xx:</nowiki>** <nowiki>set EU region code for TP-Link TL-WA901ND v4</nowiki> //<color #ccc>(</color><color #282>+1</color><color #ccc>)</color>//\\
''[[https://git.lede-project.org/?p=source.git;a=commitdiff;h=f5aa4590433638e6b2c191412fa802ae5a64cdc9|f5aa459]]'' **<nowiki>ar71xx:</nowiki>** <nowiki>Add support to TP-Link EAP120</nowiki> //<color #ccc>(</color><color #282>+269</color><color #ccc>,</color><color #f00>-1</color><color #ccc>)</color>//\\
''[[https://git.lede-project.org/?p=source.git;a=commitdiff;h=0658527e1ebe666cabde9267b6afbe543314160c|0658527]]'' <nowiki>switch to the new usbport LED trigger</nowiki> //<color #ccc>(</color><color #282>+150</color><color #ccc>,</color><color #f00>-139</color><color #ccc>)</color>//\\
''[[https://git.lede-project.org/?p=source.git;a=commitdiff;h=7ba9a3a504909ccf8f6d1aca9b1160443da7215b|7ba9a3a]]'' **<nowiki>ar71xx:</nowiki>** <nowiki>Add support to DomyWifi DW33D</nowiki> //<color #ccc>(</color><color #282>+235</color><color #ccc>)</color>//\\
''[[https://git.lede-project.org/?p=source.git;a=commitdiff;h=d8662ac3c6a2ecd3834d109c5d3abd864fb23a50|d8662ac]]'' **<nowiki>ar71xx:</nowiki>** <nowiki>Move MR12 & MR16 from legacy to generic</nowiki> //<color #ccc>(</color><color #282>+26</color><color #ccc>,</color><color #f00>-16</color><color #ccc>)</color>//\\
''[[https://git.lede-project.org/?p=source.git;a=commitdiff;h=28dd52b079d39fa80dd801e2864bea42251fd50b|28dd52b]]'' **<nowiki>ar71xx:</nowiki>** <nowiki>add mac partition to the MR12/MR16</nowiki> //<color #ccc>(</color><color #282>+22</color><color #ccc>,</color><color #f00>-23</color><color #ccc>)</color>//\\
''[[https://git.lede-project.org/?p=source.git;a=commitdiff;h=fac018b25ef50fd3314908def962661737444425|fac018b]]'' **<nowiki>ar71xx:</nowiki>** <nowiki>Remove switch config for the MR12/MR16</nowiki> //<color #ccc>(</color><color #f00>-2</color><color #ccc>)</color>//\\
''[[https://git.lede-project.org/?p=source.git;a=commitdiff;h=a71a8955f20e3c3ac13323072a70362f3c9d80fd|a71a895]]'' **<nowiki>ar71xx:</nowiki>** <nowiki>add support for TP-Link WR802N v1</nowiki> //<color #ccc>(</color><color #282>+132</color><color #ccc>)</color>//\\
''[[https://git.lede-project.org/?p=source.git;a=commitdiff;h=c5a7e2c2fb39ea32ce31e20d02a571b546531f1c|c5a7e2c]]'' **<nowiki>ar71xx:</nowiki>** <nowiki>Ignore firmware building errors of UBNT and CyberTAN devices</nowiki> //<color #ccc>(</color><color #282>+14</color><color #ccc>,</color><color #f00>-13</color><color #ccc>)</color>//\\
''[[https://git.lede-project.org/?p=source.git;a=commitdiff;h=136319e72d14ed4f77e03db54c0c46dc85d685c3|136319e]]'' **<nowiki>kernel:</nowiki>** <nowiki>mtdsplit: add support for WRGG images</nowiki> //<color #ccc>(</color><color #282>+119</color><color #ccc>)</color>//\\
''[[https://git.lede-project.org/?p=source.git;a=commitdiff;h=e19427bd7988c77e3e682d7804386702ef69b593|e19427b]]'' **<nowiki>ar71xx/base-files:</nowiki>** <nowiki>rename 09_fix-trx-header 09_fix-checksum</nowiki> //<color #ccc>(</color><color #ccc>)</color>//\\
''[[https://git.lede-project.org/?p=source.git;a=commitdiff;h=6b0d279ca58bf6173b57c7e9b759be4552eab74a|6b0d279]]'' **<nowiki>ar71xx:</nowiki>** <nowiki>build relocate stub for generic and legacy images</nowiki> //<color #ccc>(</color><color #282>+4</color><color #ccc>,</color><color #f00>-7</color><color #ccc>)</color>//\\
''[[https://git.lede-project.org/?p=source.git;a=commitdiff;h=e3875350f3e4185020b64e0588bba521cd1d6e64|e387535]]'' **<nowiki>ar71xx:</nowiki>** <nowiki>add support for D-Link DAP-2695 rev. A1</nowiki> //<color #ccc>(</color><color #282>+270</color><color #ccc>)</color>//\\
''[[https://git.lede-project.org/?p=source.git;a=commitdiff;h=7cb82d4b701021e6c6b7dd81b082cc698837dbbc|7cb82d4]]'' **<nowiki>ar71xx:</nowiki>** <nowiki>fix ethernet on wpj344 board</nowiki> //<color #ccc>(</color><color #282>+1</color><color #ccc>)</color>//\\
''[[https://git.lede-project.org/?p=source.git;a=commitdiff;h=53b43e65e7ed9c68dbb3594f3f5b5653287c07fb|53b43e6]]'' **<nowiki>ar71xx:</nowiki>** <nowiki>Add net config for MR12 & MR16</nowiki> //<color #ccc>(</color><color #282>+2</color><color #ccc>)</color>//\\
''[[https://git.lede-project.org/?p=source.git;a=commitdiff;h=8cc0c34ef550ac2f842fe6811d32ac01af69d19f|8cc0c34]]'' **<nowiki>ar71xx:</nowiki>** <nowiki>Add support to Powerline ac TP-Link WPA8630</nowiki> //<color #ccc>(</color><color #282>+210</color><color #ccc>,</color><color #f00>-2</color><color #ccc>)</color>//\\
''[[https://git.lede-project.org/?p=source.git;a=commitdiff;h=1b2b3cb8becef2bf6ddf3f3f3747f99fa17e334d|1b2b3cb]]'' **<nowiki>ar71xx:</nowiki>** <nowiki>wpa8630: change board name to tl-wpa8630</nowiki> //<color #ccc>(</color><color #282>+202</color><color #ccc>,</color><color #f00>-200</color><color #ccc>)</color>//\\
''[[https://git.lede-project.org/?p=source.git;a=commitdiff;h=4ad68fa0a2bd57e0eed56e33f00855c81449a172|4ad68fa]]'' **<nowiki>ar71xx:</nowiki>** <nowiki>tl-wpa8630: Fix kernel lenght</nowiki> //<color #ccc>(</color><color #282>+1</color><color #ccc>,</color><color #f00>-1</color><color #ccc>)</color>//\\
''[[https://git.lede-project.org/?p=source.git;a=commitdiff;h=462a7c0e96d70ba82dfb5ddd41c82b66c3261ca2|462a7c0]]'' **<nowiki>ar71xx:</nowiki>** <nowiki>fix kernel relocate stub parallel build issue</nowiki> //<color #ccc>(</color><color #282>+5</color><color #ccc>,</color><color #f00>-4</color><color #ccc>)</color>//\\
''[[https://git.lede-project.org/?p=source.git;a=commitdiff;h=9cac5e8be014b89326880ae5d7b885013614e0ca|9cac5e8]]'' **<nowiki>ar71xx:</nowiki>** <nowiki>generate region-coded factory images for TP-Link TL-WR841ND v11</nowiki> //<color #ccc>(</color><color #282>+3</color><color #ccc>)</color>//\\
''[[https://git.lede-project.org/?p=source.git;a=commitdiff;h=60983a486c5fd8ca7208a1f6c7432e2153e80a5f|60983a4]]'' **<nowiki>ar71xx:</nowiki>** <nowiki>fix DEVICE_TITLE for Ubiquiti UAP Outdoor+</nowiki> //<color #ccc>(</color><color #282>+1</color><color #ccc>,</color><color #f00>-1</color><color #ccc>)</color>//\\
''[[https://git.lede-project.org/?p=source.git;a=commitdiff;h=7ef0d7c4fc80c32f52541950441acadbe363ca81|7ef0d7c]]'' **<nowiki>ar71xx:</nowiki>** <nowiki>enable HSR tuner on Ubiquiti UAP Outdoor+</nowiki> //<color #ccc>(</color><color #282>+1</color><color #ccc>)</color>//\\
''[[https://git.lede-project.org/?p=source.git;a=commitdiff;h=5247ac2f805e39afe2e6e30980e439ea8b8ae7f8|5247ac2]]'' <nowiki>ar71xx, ramips: reduce CPU load and flickering on devices using rsslieds</nowiki> //<color #ccc>(</color><color #282>+9</color><color #ccc>,</color><color #f00>-9</color><color #ccc>)</color>//\\
''[[https://git.lede-project.org/?p=source.git;a=commitdiff;h=016520330440cb0aca4367150911721b748f75e8|0165203]]'' **<nowiki>ar71xx:</nowiki>** <nowiki>add support for Buffalo BHR-4GRV2</nowiki> //<color #ccc>(</color><color #282>+442</color><color #ccc>,</color><color #f00>-4</color><color #ccc>)</color>//\\
''[[https://git.lede-project.org/?p=source.git;a=commitdiff;h=7ee6ab1a317d463ce563b1505f3dc986655fda28|7ee6ab1]]'' **<nowiki>ar71xx:</nowiki>** <nowiki>Add usable, inactive LEDs on OpenMesh devices</nowiki> //<color #ccc>(</color><color #282>+27</color><color #ccc>)</color>//\\
''[[https://git.lede-project.org/?p=source.git;a=commitdiff;h=0d760bfba8da81c508ec1cec679c85278820bba7|0d760bf]]'' **<nowiki>ar71xx:</nowiki>** <nowiki>tl-wpa8630: Use dynamic parsing of the firmware partition</nowiki> //<color #ccc>(</color><color #282>+8</color><color #ccc>,</color><color #f00>-4</color><color #ccc>)</color>//\\
''[[https://git.lede-project.org/?p=source.git;a=commitdiff;h=8e47655d4e979d65c7e488faea4e1fcca8e4cddc|8e47655]]'' **<nowiki>kernel:</nowiki>** <nowiki>update kernel 4.4 to version 4.4.32</nowiki> //<color #ccc>(</color><color #282>+70</color><color #ccc>,</color><color #f00>-84</color><color #ccc>)</color>//\\
''[[https://git.lede-project.org/?p=source.git;a=commitdiff;h=5dd13c071b4c5a5d45abb1dea2a0978c3f11890e|5dd13c0]]'' **<nowiki>ar71xx:</nowiki>** <nowiki>enable serial console on mikrotik devices</nowiki> //<color #ccc>(</color><color #282>+4</color><color #ccc>,</color><color #f00>-1</color><color #ccc>)</color>//\\
''[[https://git.lede-project.org/?p=source.git;a=commitdiff;h=6e65576f2d808513148bc8b6e399e62805c3fe03|6e65576]]'' **<nowiki>ar71xx:</nowiki>** <nowiki>fix drivers/mtd/nand/ar934x_nfc.c</nowiki> //<color #ccc>(</color><color #282>+2</color><color #ccc>,</color><color #f00>-8</color><color #ccc>)</color>//\\
''[[https://git.lede-project.org/?p=source.git;a=commitdiff;h=31952dbd1c40a2cd015ef435bd64fa9b2bb87eec|31952db]]'' **<nowiki>ar71xx:</nowiki>** <nowiki>add support for COMFAST CF-E320N v2 and CF-E520N/CF-E530N</nowiki> //<color #ccc>(</color><color #282>+329</color><color #ccc>,</color><color #f00>-42</color><color #ccc>)</color>//\\
''[[https://git.lede-project.org/?p=source.git;a=commitdiff;h=16afa08d19b4f7bf256a89749e76ff8421ece013|16afa08]]'' **<nowiki>ar71xx:</nowiki>** <nowiki>add support for COMFAST CF-E380AC v1 and v2</nowiki> //<color #ccc>(</color><color #282>+211</color><color #ccc>,</color><color #f00>-9</color><color #ccc>)</color>//\\
''[[https://git.lede-project.org/?p=source.git;a=commitdiff;h=01dda0659eb7d029672af3bd3b590d98e2ee0a5d|01dda06]]'' **<nowiki>ar71xx:</nowiki>** <nowiki>add support for YunCore AP90Q</nowiki> //<color #ccc>(</color><color #282>+163</color><color #ccc>,</color><color #f00>-7</color><color #ccc>)</color>//\\
''[[https://git.lede-project.org/?p=source.git;a=commitdiff;h=eb9ba2b91e0f0c2d0b072b3fea3ea2a8b50af5fc|eb9ba2b]]'' **<nowiki>ar71xx:</nowiki>** <nowiki>add support for YunCore CPE870</nowiki> //<color #ccc>(</color><color #282>+188</color><color #ccc>)</color>//\\
''[[https://git.lede-project.org/?p=source.git;a=commitdiff;h=e33dcd1cfe105cb0e1ad09887144e4911eac653f|e33dcd1]]'' **<nowiki>ar71xx:</nowiki>** <nowiki>add support for YunCore CPE830</nowiki> //<color #ccc>(</color><color #282>+131</color><color #ccc>,</color><color #f00>-26</color><color #ccc>)</color>//\\
''[[https://git.lede-project.org/?p=source.git;a=commitdiff;h=39433bb6182c30b2113fead646be58d94906acb4|39433bb]]'' **<nowiki>ar71xx:</nowiki>** <nowiki>Fix switch config on Mikrotik RB450/G</nowiki> //<color #ccc>(</color><color #282>+6</color><color #ccc>,</color><color #f00>-2</color><color #ccc>)</color>//\\
''[[https://git.lede-project.org/?p=source.git;a=commitdiff;h=6998b8a054a48a598cf961c785f311c6f71408cd|6998b8a]]'' **<nowiki>ar71xx:</nowiki>** <nowiki>move DomyWifi DW33D to nand subtarget</nowiki> //<color #ccc>(</color><color #282>+11</color><color #ccc>,</color><color #f00>-15</color><color #ccc>)</color>//\\
''[[https://git.lede-project.org/?p=source.git;a=commitdiff;h=88f6f0120d3d5c57bb6022d4706abd5cee99d7dc|88f6f01]]'' **<nowiki>ar71xx:</nowiki>** <nowiki>remove obsolete jffs2 image building code</nowiki> //<color #ccc>(</color><color #282>+7</color><color #ccc>,</color><color #f00>-27</color><color #ccc>)</color>//\\
''[[https://git.lede-project.org/?p=source.git;a=commitdiff;h=35dda35114bdfc39d9ec38f667e087c5e8db66d9|35dda35]]'' **<nowiki>ar71xx:</nowiki>** <nowiki>remove legacy gzip images</nowiki> //<color #ccc>(</color><color #f00>-6</color><color #ccc>)</color>//\\
''[[https://git.lede-project.org/?p=source.git;a=commitdiff;h=12e2beaaed11780456ca6151a75d21a30c4d7f30|12e2bea]]'' **<nowiki>ar71xx:</nowiki>** <nowiki>remove legacy devices that cannot be supported due to kernel partitio...</nowiki> //<color #ccc>(</color><color #f00>-38</color><color #ccc>)</color>//\\
''[[https://git.lede-project.org/?p=source.git;a=commitdiff;h=cc550d00051d31445b84b892ab5ebc558ea46b4c|cc550d0]]'' **<nowiki>ar71xx:</nowiki>** <nowiki>remove 2MB flash variant of WP543</nowiki> //<color #ccc>(</color><color #f00>-7</color><color #ccc>)</color>//\\
''[[https://git.lede-project.org/?p=source.git;a=commitdiff;h=eff858e8dfc53b81a908fb7be36930668fa70d05|eff858e]]'' **<nowiki>ar71xx:</nowiki>** <nowiki>remove split kernel/rootfs images where the sysupgrade image can be w...</nowiki> //<color #ccc>(</color><color #282>+1</color><color #ccc>,</color><color #f00>-17</color><color #ccc>)</color>//\\
''[[https://git.lede-project.org/?p=source.git;a=commitdiff;h=1cd7ff3e96c2254229239b7e2fdff793982a7371|1cd7ff3]]'' **<nowiki>ar71xx:</nowiki>** <nowiki>remove squashfs-64k rootfs image from bin directory, the generic one ...</nowiki> //<color #ccc>(</color><color #f00>-1</color><color #ccc>)</color>//\\
''[[https://git.lede-project.org/?p=source.git;a=commitdiff;h=9a5801e7f6e8bc6641ca320e4497d298080f1b24|9a5801e]]'' **<nowiki>ar71xx:</nowiki>** <nowiki>add model detection for UBNT Rocket Ti</nowiki> //<color #ccc>(</color><color #282>+2</color><color #ccc>,</color><color #f00>-1</color><color #ccc>)</color>//\\
''[[https://git.lede-project.org/?p=source.git;a=commitdiff;h=a15ea362d7279420d3b620412bbb007f9b02b77f|a15ea36]]'' **<nowiki>ar71xx:</nowiki>** <nowiki>fix syntax error in /lib/ar71xx.sh</nowiki> //<color #ccc>(</color><color #282>+4</color><color #ccc>,</color><color #f00>-4</color><color #ccc>)</color>//\\
''[[https://git.lede-project.org/?p=source.git;a=commitdiff;h=106a4605c87c91dd71b09b2814e232ebac6873ed|106a460]]'' **<nowiki>ar71xx:</nowiki>** <nowiki>add support for configuring at803x PHY GPIO reset via platform data</nowiki> //<color #ccc>(</color><color #282>+68</color><color #ccc>)</color>//\\
''[[https://git.lede-project.org/?p=source.git;a=commitdiff;h=2135e54c0001d7c8a18c05bcff0b8944a526dcef|2135e54]]'' **<nowiki>ar71xx:</nowiki>** <nowiki>set GPIO reset line for Ubiquiti NanoStation Loco XW</nowiki> //<color #ccc>(</color><color #282>+17</color><color #ccc>)</color>//\\
''[[https://git.lede-project.org/?p=source.git;a=commitdiff;h=9c5af2489a272b98930847c2dcdec207187a5baa|9c5af24]]'' **<nowiki>ar71xx:</nowiki>** <nowiki>fix LEDs and sysupgrade support for TL-WA801ND v3</nowiki> //<color #ccc>(</color><color #282>+9</color><color #ccc>,</color><color #f00>-3</color><color #ccc>)</color>//\\
''[[https://git.lede-project.org/?p=source.git;a=commitdiff;h=c198ca682c187e61730119134e1dde75da2e7a16|c198ca6]]'' **<nowiki>ar71xx:</nowiki>** <nowiki>add support for YunCore SR3200 and XD3200</nowiki> //<color #ccc>(</color><color #282>+256</color><color #ccc>,</color><color #f00>-4</color><color #ccc>)</color>//\\
''[[https://git.lede-project.org/?p=source.git;a=commitdiff;h=fa04682f213f81840ca17022ca5aa9439bc22f2c|fa04682]]'' **<nowiki>ar71xx:</nowiki>** <nowiki>clean up spi controller related patches</nowiki> //<color #ccc>(</color><color #282>+202</color><color #ccc>,</color><color #f00>-667</color><color #ccc>)</color>//\\
''[[https://git.lede-project.org/?p=source.git;a=commitdiff;h=441ee62931140bd0672dd87e084a3606962db45c|441ee62]]'' **<nowiki>ar71xx:</nowiki>** <nowiki>remove AP83 reference design board support</nowiki> //<color #ccc>(</color><color #282>+3</color><color #ccc>,</color><color #f00>-690</color><color #ccc>)</color>//\\
''[[https://git.lede-project.org/?p=source.git;a=commitdiff;h=fd95dec2e3e784dde0221a443e9327acdb5aa43b|fd95dec]]'' **<nowiki>ar71xx:</nowiki>** <nowiki>remove obsolete duplicate driver source file</nowiki> //<color #ccc>(</color><color #f00>-294</color><color #ccc>)</color>//\\
''[[https://git.lede-project.org/?p=source.git;a=commitdiff;h=4c8a9b8e39aed5cdb0eeaf73d59ccdffd927e522|4c8a9b8]]'' **<nowiki>ar71xx:</nowiki>** <nowiki>remove AP81 reference design board support</nowiki> //<color #ccc>(</color><color #282>+10</color><color #ccc>,</color><color #f00>-122</color><color #ccc>)</color>//\\
''[[https://git.lede-project.org/?p=source.git;a=commitdiff;h=30285facbe3769ca508c865638c4ee2238270fbe|30285fa]]'' **<nowiki>ar71xx:</nowiki>** <nowiki>remove AP113 reference design board support</nowiki> //<color #ccc>(</color><color #f00>-106</color><color #ccc>)</color>//\\
''[[https://git.lede-project.org/?p=source.git;a=commitdiff;h=a5923cd54987a83d56da3c8723f9a1c090254b2f|a5923cd]]'' **<nowiki>ar71xx:</nowiki>** <nowiki>remove PB92 reference design board support</nowiki> //<color #ccc>(</color><color #f00>-89</color><color #ccc>)</color>//\\
''[[https://git.lede-project.org/?p=source.git;a=commitdiff;h=8f23ec609c671d3012e38151f4646b5f6ed578ce|8f23ec6]]'' **<nowiki>ar71xx:</nowiki>** <nowiki>remove obsolete flash chip locking code</nowiki> //<color #ccc>(</color><color #282>+11</color><color #ccc>,</color><color #f00>-52</color><color #ccc>)</color>//\\
''[[https://git.lede-project.org/?p=source.git;a=commitdiff;h=fcf54f79d20dba62d481c33d6683e28cbcef9446|fcf54f7]]'' **<nowiki>ar71xx:</nowiki>** <nowiki>simplify model detection for TP-Link Pharos devices</nowiki> //<color #ccc>(</color><color #282>+2</color><color #ccc>,</color><color #f00>-19</color><color #ccc>)</color>//\\
''[[https://git.lede-project.org/?p=source.git;a=commitdiff;h=f5b833b8fe9b182d24117139081d7e286092b721|f5b833b]]'' **<nowiki>kernel:</nowiki>** <nowiki>bump to 4.4.38</nowiki> //<color #ccc>(</color><color #282>+19</color><color #ccc>,</color><color #f00>-19</color><color #ccc>)</color>//\\
''[[https://git.lede-project.org/?p=source.git;a=commitdiff;h=c9a9f9b8cec90b52a80714319cabd0507f119335|c9a9f9b]]'' **<nowiki>ar71xx:</nowiki>** <nowiki>Add ath10k-firmware-qca988x for DomyWifi DW33D</nowiki> //<color #ccc>(</color><color #282>+1</color><color #ccc>,</color><color #f00>-1</color><color #ccc>)</color>//\\
''[[https://git.lede-project.org/?p=source.git;a=commitdiff;h=fd62fa752bbff9ae5277098152e7960a14d241e1|fd62fa7]]'' **<nowiki>ar71xx:</nowiki>** <nowiki>Add support for Netgear WNR2000v1</nowiki> //<color #ccc>(</color><color #282>+14</color><color #ccc>,</color><color #f00>-44</color><color #ccc>)</color>//\\
''[[https://git.lede-project.org/?p=source.git;a=commitdiff;h=21cb84435a9fcc1b94b30a672d6d3a8751fe9afb|21cb844]]'' **<nowiki>ar71xx:</nowiki>** <nowiki>Added missing support for Linksys E2100L</nowiki> //<color #ccc>(</color><color #282>+143</color><color #ccc>)</color>//\\
''[[https://git.lede-project.org/?p=source.git;a=commitdiff;h=98b14e0906cfe476da7a007cbf467b73b4c85acf|98b14e0]]'' **<nowiki>ar71xx:</nowiki>** <nowiki>fix TL-WR842N v2 switch port order</nowiki> //<color #ccc>(</color><color #282>+5</color><color #ccc>,</color><color #f00>-1</color><color #ccc>)</color>//\\
''[[https://git.lede-project.org/?p=source.git;a=commitdiff;h=aada15af93db6bfb248239f011bafe22c613fbf3|aada15a]]'' **<nowiki>ar71xx:</nowiki>** <nowiki>add support for TP-LINK TL-WR940N v4</nowiki> //<color #ccc>(</color><color #282>+186</color><color #ccc>,</color><color #f00>-1</color><color #ccc>)</color>//\\
''[[https://git.lede-project.org/?p=source.git;a=commitdiff;h=79abb8f140c0081145acc832cbbd65afcdd0176b|79abb8f]]'' **<nowiki>kernel:</nowiki>** <nowiki>bump to 4.4.39</nowiki> //<color #ccc>(</color><color #282>+24</color><color #ccc>,</color><color #f00>-34</color><color #ccc>)</color>//\\
''[[https://git.lede-project.org/?p=source.git;a=commitdiff;h=0495181529e6069af03704f4b5ae71883a2cd6b6|0495181]]'' **<nowiki>ar71xx:</nowiki>** <nowiki>rename mktplinkfw-initramfs to more generic mktplinkfw-combined</nowiki> //<color #ccc>(</color><color #282>+5</color><color #ccc>,</color><color #f00>-5</color><color #ccc>)</color>//\\
''[[https://git.lede-project.org/?p=source.git;a=commitdiff;h=1a4d07c2c534588cd7c8fb8bd479eb952c213dba|1a4d07c]]'' **<nowiki>ar71xx:</nowiki>** <nowiki>add support for TP-LINK WR1043ND v4</nowiki> //<color #ccc>(</color><color #282>+243</color><color #ccc>,</color><color #f00>-3</color><color #ccc>)</color>//\\
''[[https://git.lede-project.org/?p=source.git;a=commitdiff;h=324bdf3ecc4ed4a80926662ac156576166c4ea6b|324bdf3]]'' **<nowiki>ar71xx:</nowiki>** <nowiki>remove redundant -j from TL-WR1043ND v4 kernel build command</nowiki> //<color #ccc>(</color><color #282>+1</color><color #ccc>,</color><color #f00>-1</color><color #ccc>)</color>//\\
''[[https://git.lede-project.org/?p=source.git;a=commitdiff;h=0d9d980ecd6fce5708003ed16c3238a680b1b16e|0d9d980]]'' **<nowiki>firmware-utils:</nowiki>** <nowiki>kernel image generator for TP-Link RE450</nowiki> //<color #ccc>(</color><color #282>+363</color><color #ccc>)</color>//\\
''[[https://git.lede-project.org/?p=source.git;a=commitdiff;h=236fc232bb7a3ff49d62b266c4eda02c4c0c9a6c|236fc23]]'' **<nowiki>ar71xx:</nowiki>** <nowiki>sort items in 11-ath10k-caldata alphabetically</nowiki> //<color #ccc>(</color><color #282>+21</color><color #ccc>,</color><color #f00>-21</color><color #ccc>)</color>//\\
''[[https://git.lede-project.org/?p=source.git;a=commitdiff;h=9c475eca3e1b004a7fd604dba1481ed2c09ffb35|9c475ec]]'' **<nowiki>ar71xx:</nowiki>** <nowiki>add support for TP-Link RE450</nowiki> //<color #ccc>(</color><color #282>+220</color><color #ccc>)</color>//\\
''[[https://git.lede-project.org/?p=source.git;a=commitdiff;h=3561d89ad696db7edf14a9e53c3f4c08a506cd2a|3561d89]]'' **<nowiki>ar71xx:</nowiki>** <nowiki>RE450: enable building of TP-Link RE450</nowiki> //<color #ccc>(</color><color #282>+16</color><color #ccc>)</color>//\\
''[[https://git.lede-project.org/?p=source.git;a=commitdiff;h=af79fdbe4af32a287798b579141204bda056b8aa|af79fdb]]'' **<nowiki>ar71xx:</nowiki>** <nowiki>remove a non-upstream spi core patch</nowiki> //<color #ccc>(</color><color #282>+8</color><color #ccc>,</color><color #f00>-208</color><color #ccc>)</color>//\\
''[[https://git.lede-project.org/?p=source.git;a=commitdiff;h=1fef80f29cf6bdfcb6cdbd913b9147797b8bc218|1fef80f]]'' **<nowiki>ar71xx:</nowiki>** <nowiki>add support for TP-Link WBS210/510</nowiki> //<color #ccc>(</color><color #282>+95</color><color #ccc>,</color><color #f00>-8</color><color #ccc>)</color>//\\
''[[https://git.lede-project.org/?p=source.git;a=commitdiff;h=0d3dc169316616103dc30252c9aae4de27ab3d50|0d3dc16]]'' **<nowiki>ar71xx:</nowiki>** <nowiki>drop references to madwifi</nowiki> //<color #ccc>(</color><color #282>+3</color><color #ccc>,</color><color #f00>-3</color><color #ccc>)</color>//\\
''[[https://git.lede-project.org/?p=source.git;a=commitdiff;h=c3a8b87773b7045f20ec288ecf55b3d5af5000ba|c3a8b87]]'' **<nowiki>ar71xx:</nowiki>** <nowiki>fix RB4xx SPI driver mode bits</nowiki> //<color #ccc>(</color><color #282>+1</color><color #ccc>,</color><color #f00>-1</color><color #ccc>)</color>//\\
''[[https://git.lede-project.org/?p=source.git;a=commitdiff;h=889272d92db689fd9c910243635e44c9d8323095|889272d]]'' **<nowiki>ar71xx:</nowiki>** <nowiki>fix RB4xx CPLD SPI device mode setup</nowiki> //<color #ccc>(</color><color #282>+1</color><color #ccc>,</color><color #f00>-1</color><color #ccc>)</color>//\\
''[[https://git.lede-project.org/?p=source.git;a=commitdiff;h=b1dbe6028eed57a89ae94c5e61e0b1e65f3aeb80|b1dbe60]]'' **<nowiki>ar71xx:</nowiki>** <nowiki>fix legacy image build error</nowiki> //<color #ccc>(</color><color #282>+1</color><color #ccc>,</color><color #f00>-1</color><color #ccc>)</color>//\\
''[[https://git.lede-project.org/?p=source.git;a=commitdiff;h=e21cb649a235180563363b8af5ba8296b9ac0baa|e21cb64]]'' **<nowiki>ar71xx:</nowiki>** <nowiki>disable sub-page writes on routerboard nand drivers</nowiki> //<color #ccc>(</color><color #282>+3</color><color #ccc>)</color>//\\
''[[https://git.lede-project.org/?p=source.git;a=commitdiff;h=d7fd1a0f8da37a978b138b2966c12d06bda55df5|d7fd1a0]]'' **<nowiki>ar71xx:</nowiki>** <nowiki>enable serial console on Mikrotik RB411/RB433</nowiki> //<color #ccc>(</color><color #282>+3</color><color #ccc>,</color><color #f00>-1</color><color #ccc>)</color>//\\
''[[https://git.lede-project.org/?p=source.git;a=commitdiff;h=d6c77b9d99c77c388de297350189429fa6bf2357|d6c77b9]]'' **<nowiki>ar71xx:</nowiki>** <nowiki>default to external USB power on RB-912UAG</nowiki> //<color #ccc>(</color><color #282>+1</color><color #ccc>,</color><color #f00>-1</color><color #ccc>)</color>//\\
''[[https://git.lede-project.org/?p=source.git;a=commitdiff;h=1708644f1915eb7587a904d81da0ef0b559d1567|1708644]]'' **<nowiki>kernel:</nowiki>** <nowiki>backport MIPS changes introducing a separate IRQ stack</nowiki> //<color #ccc>(</color><color #282>+312</color><color #ccc>,</color><color #f00>-15</color><color #ccc>)</color>//\\
''[[https://git.lede-project.org/?p=source.git;a=commitdiff;h=ace9d1fb6fc43278a342b433bd4ce8329b4b233d|ace9d1f]]'' **<nowiki>ar71xx:</nowiki>** <nowiki>Detect USB port on Mikrotik RB750UP</nowiki> //<color #ccc>(</color><color #282>+3</color><color #ccc>)</color>//\\
''[[https://git.lede-project.org/?p=source.git;a=commitdiff;h=392cccb7f4189cb8f2f62df467af980b593ce073|392cccb]]'' **<nowiki>build:</nowiki>** <nowiki>remove mips16 feature flag from target makefiles</nowiki> //<color #ccc>(</color><color #282>+11</color><color #ccc>,</color><color #f00>-9</color><color #ccc>)</color>//\\
''[[https://git.lede-project.org/?p=source.git;a=commitdiff;h=70a6bbd53d7fad461dfed305ad9f338b40702841|70a6bbd]]'' **<nowiki>ar71xx:</nowiki>** <nowiki>prepare jffs2 partition properly in factory.bin for BHR-4GRV2</nowiki> //<color #ccc>(</color><color #282>+1</color><color #ccc>,</color><color #f00>-1</color><color #ccc>)</color>//\\
''[[https://git.lede-project.org/?p=source.git;a=commitdiff;h=e53e44a0ad4873645c7a22bf036ab2a5d538e029|e53e44a]]'' **<nowiki>ar71xx:</nowiki>** <nowiki>create a proper default profile for the mikrotik subtarget, drop othe...</nowiki> //<color #ccc>(</color><color #282>+6</color><color #ccc>,</color><color #f00>-23</color><color #ccc>)</color>//\\
''[[https://git.lede-project.org/?p=source.git;a=commitdiff;h=0656bee36b157c19a248f35999001f48b91c8ec1|0656bee]]'' **<nowiki>ar71xx:</nowiki>** <nowiki>convert mikrotik routerboard support to UBI</nowiki> //<color #ccc>(</color><color #282>+80</color><color #ccc>,</color><color #f00>-114</color><color #ccc>)</color>//\\
''[[https://git.lede-project.org/?p=source.git;a=commitdiff;h=ca2a03d1f6fc5288f1f1e9098c317ca9249e50b9|ca2a03d]]'' **<nowiki>ar71xx:</nowiki>** <nowiki>add support for RB-941-2nD</nowiki> //<color #ccc>(</color><color #282>+243</color><color #ccc>,</color><color #f00>-4</color><color #ccc>)</color>//\\
''[[https://git.lede-project.org/?p=source.git;a=commitdiff;h=3e4b00e6fadc6cb57d91cd341c7ac859658d7d54|3e4b00e]]'' **<nowiki>ar71xx:</nowiki>** <nowiki>fix network config for Mikrotik RB411U</nowiki> //<color #ccc>(</color><color #282>+1</color><color #ccc>)</color>//\\
''[[https://git.lede-project.org/?p=source.git;a=commitdiff;h=51b6dd1aed9c6847b0aaa5acc2cb833ff5f0c120|51b6dd1]]'' **<nowiki>ar71xx:</nowiki>** <nowiki>fix up the kernel config for the mikrotik subtarget</nowiki> //<color #ccc>(</color><color #282>+64</color><color #ccc>)</color>//\\
''[[https://git.lede-project.org/?p=source.git;a=commitdiff;h=2cf64afd4e052c7ef5681e31178da34919bef5a0|2cf64af]]'' **<nowiki>ar71xx:</nowiki>** <nowiki>mark soft_config mtd part as writeable for RB-941-2nD</nowiki> //<color #ccc>(</color><color #f00>-1</color><color #ccc>)</color>//\\
''[[https://git.lede-project.org/?p=source.git;a=commitdiff;h=0780fd5ee60f0c183f19f4d338b7e800fbe04d57|0780fd5]]'' **<nowiki>ar71xx:</nowiki>** <nowiki>improve Mikrotik hAP Lite device support</nowiki> //<color #ccc>(</color><color #282>+5</color><color #ccc>,</color><color #f00>-4</color><color #ccc>)</color>//\\
''[[https://git.lede-project.org/?p=source.git;a=commitdiff;h=198d73b26fe5b2c3c35f51df7073aafde870a22b|198d73b]]'' **<nowiki>ar71xx:</nowiki>** <nowiki>Fix mikrotik subtarget default profile for device profile selection</nowiki> //<color #ccc>(</color><color #282>+1</color><color #ccc>)</color>//\\
''[[https://git.lede-project.org/?p=source.git;a=commitdiff;h=01888f90a0288e3bf8e5b25506115e2e6762bf8a|01888f9]]'' **<nowiki>ar71xx:</nowiki>** <nowiki>add missing DEVICE_TITLE for mikrotik devices</nowiki> //<color #ccc>(</color><color #282>+3</color><color #ccc>)</color>//\\
''[[https://git.lede-project.org/?p=source.git;a=commitdiff;h=08801051447351ce202885fbaa48a28f22630b82|0880105]]'' **<nowiki>ar71xx:</nowiki>** <nowiki>fix tl-wr841n-v7 switch port mapping</nowiki> //<color #ccc>(</color><color #282>+5</color><color #ccc>,</color><color #f00>-1</color><color #ccc>)</color>//\\
''[[https://git.lede-project.org/?p=source.git;a=commitdiff;h=581285c6dc617ddb4fb1b666d2b69ed3261b8b60|581285c]]'' **<nowiki>ar71xx:</nowiki>** <nowiki>fix netgear wnr2000 v3 switch port mapping</nowiki> //<color #ccc>(</color><color #282>+2</color><color #ccc>,</color><color #f00>-2</color><color #ccc>)</color>//\\
''[[https://git.lede-project.org/?p=source.git;a=commitdiff;h=b313f0d18921ca9681860ee32787b97440c136f4|b313f0d]]'' **<nowiki>ar71xx:</nowiki>** <nowiki>fix netgear wndr3700 v1/v2, wndr3800/wndr3800ch switch port mapping</nowiki> //<color #ccc>(</color><color #282>+5</color><color #ccc>,</color><color #f00>-2</color><color #ccc>)</color>//\\
''[[https://git.lede-project.org/?p=source.git;a=commitdiff;h=ee3067c588139ef60a72f5fecac979580d3651e3|ee3067c]]'' **<nowiki>Kernel:</nowiki>** <nowiki>bump to 4.4.44</nowiki> //<color #ccc>(</color><color #282>+41</color><color #ccc>,</color><color #f00>-76</color><color #ccc>)</color>//\\
''[[https://git.lede-project.org/?p=source.git;a=commitdiff;h=68ba0525a043a94090ee0361e3827acbf5b8f6c7|68ba052]]'' **<nowiki>ar71xx:</nowiki>** <nowiki>Remove the v2/v3 from the OpenMesh profile names</nowiki> //<color #ccc>(</color><color #282>+4</color><color #ccc>,</color><color #f00>-4</color><color #ccc>)</color>//\\
''[[https://git.lede-project.org/?p=source.git;a=commitdiff;h=9f0f4c14946e0d80fbb8111999f9710e5194d1c8|9f0f4c1]]'' **<nowiki>ar71xx:</nowiki>** <nowiki>add kernel support for the OpenMesh OM2Pv4/-HSv4</nowiki> //<color #ccc>(</color><color #282>+97</color><color #ccc>)</color>//\\
''[[https://git.lede-project.org/?p=source.git;a=commitdiff;h=b2f3d9b05c5e4f77f5ac76a3f9611f95ed0c359b|b2f3d9b]]'' **<nowiki>ar71xx:</nowiki>** <nowiki>add user-space support for the OpenMesh OM2Pv4/-HSv4</nowiki> //<color #ccc>(</color><color #282>+12</color><color #ccc>)</color>//\\
''[[https://git.lede-project.org/?p=source.git;a=commitdiff;h=d536c1d04fe00dee9b1122f7f487021ca7e128cd|d536c1d]]'' **<nowiki>ar71xx:</nowiki>** <nowiki>enable sysupgrade for the OpenMesh OM2Pv4/-HSv4</nowiki> //<color #ccc>(</color><color #282>+6</color><color #ccc>)</color>//\\
''[[https://git.lede-project.org/?p=source.git;a=commitdiff;h=72d8d8c6f32eab856bb0fc08c374d3e02adca65d|72d8d8c]]'' **<nowiki>ar71xx:</nowiki>** <nowiki>add kernel support for the OpenMesh A60 board</nowiki> //<color #ccc>(</color><color #282>+173</color><color #ccc>)</color>//\\
''[[https://git.lede-project.org/?p=source.git;a=commitdiff;h=5ad9164b9c8910e734778700af7514efcaac1a02|5ad9164]]'' **<nowiki>ar71xx:</nowiki>** <nowiki>add user-space support for the OpenMesh A60</nowiki> //<color #ccc>(</color><color #282>+11</color><color #ccc>)</color>//\\
''[[https://git.lede-project.org/?p=source.git;a=commitdiff;h=b7361c5b35e4bcd0b3fb9d88a04410d4c54d6500|b7361c5]]'' **<nowiki>ar71xx:</nowiki>** <nowiki>enable sysupgrade for the OpenMesh A60</nowiki> //<color #ccc>(</color><color #282>+8</color><color #ccc>,</color><color #f00>-1</color><color #ccc>)</color>//\\
''[[https://git.lede-project.org/?p=source.git;a=commitdiff;h=facbdec0b5754a374c58928cb7f9d8d6bbfa97a7|facbdec]]'' **<nowiki>ar71xx:</nowiki>** <nowiki>extract ath10k wifi board.bin for the OpenMesh A60 board</nowiki> //<color #ccc>(</color><color #282>+1</color><color #ccc>)</color>//\\
''[[https://git.lede-project.org/?p=source.git;a=commitdiff;h=b194b3d97f288e9603d3300c7493dc217aa91f1a|b194b3d]]'' **<nowiki>ar71xx:</nowiki>** <nowiki>create profile and build image for the OpenMesh A60 board</nowiki> //<color #ccc>(</color><color #282>+8</color><color #ccc>)</color>//\\
''[[https://git.lede-project.org/?p=source.git;a=commitdiff;h=14add3f724b6b768eed62d30bafe8ca2d305fab0|14add3f]]'' **<nowiki>ar71xx:</nowiki>** <nowiki>add kernel support for the OpenMesh A40 board</nowiki> //<color #ccc>(</color><color #282>+23</color><color #ccc>,</color><color #f00>-1</color><color #ccc>)</color>//\\
''[[https://git.lede-project.org/?p=source.git;a=commitdiff;h=552bc355d133d1bc0374d7b9b0b65cbfdee723f6|552bc35]]'' **<nowiki>ar71xx:</nowiki>** <nowiki>add user-space support for the OpenMesh A40</nowiki> //<color #ccc>(</color><color #282>+11</color><color #ccc>)</color>//\\
''[[https://git.lede-project.org/?p=source.git;a=commitdiff;h=4a36180970613ea898f9fbc2c897a6cf30c3f0bb|4a36180]]'' **<nowiki>ar71xx:</nowiki>** <nowiki>enable sysupgrade for the OpenMesh A40</nowiki> //<color #ccc>(</color><color #282>+3</color><color #ccc>)</color>//\\
''[[https://git.lede-project.org/?p=source.git;a=commitdiff;h=f30f25c33e1b3b4dbf23c4b446a0bcf2ed47482a|f30f25c]]'' **<nowiki>ar71xx:</nowiki>** <nowiki>extract ath10k wifi board.bin for the OpenMesh A40 board</nowiki> //<color #ccc>(</color><color #282>+1</color><color #ccc>)</color>//\\
''[[https://git.lede-project.org/?p=source.git;a=commitdiff;h=fcba5ee47a6c04473455df2e6ef3e384a9a118f8|fcba5ee]]'' **<nowiki>ar71xx:</nowiki>** <nowiki>add OpenMesh A40 to OpenMesh A60 profile</nowiki> //<color #ccc>(</color><color #282>+1</color><color #ccc>,</color><color #f00>-1</color><color #ccc>)</color>//\\
''[[https://git.lede-project.org/?p=source.git;a=commitdiff;h=152f57f509bba0ff647539916533db861e546d58|152f57f]]'' **<nowiki>ar71xx:</nowiki>** <nowiki>Add missing device package om-watchdog for MR1750</nowiki> //<color #ccc>(</color><color #282>+1</color><color #ccc>,</color><color #f00>-1</color><color #ccc>)</color>//\\
''[[https://git.lede-project.org/?p=source.git;a=commitdiff;h=72d045b2a6104dfbb18e519044048c622dc29a82|72d045b]]'' **<nowiki>ar71xx:</nowiki>** <nowiki>fix DEFAULT_PACKAGES for mikrotik devices</nowiki> //<color #ccc>(</color><color #282>+2</color><color #ccc>,</color><color #f00>-1</color><color #ccc>)</color>//\\
''[[https://git.lede-project.org/?p=source.git;a=commitdiff;h=f88bd7cd0f7c03d959330443be5adabf70351a27|f88bd7c]]'' **<nowiki>ar71xx:</nowiki>** <nowiki>fix ethernet PLL configuration for QCA956x</nowiki> //<color #ccc>(</color><color #282>+1</color><color #ccc>,</color><color #f00>-1</color><color #ccc>)</color>//\\
''[[https://git.lede-project.org/?p=source.git;a=commitdiff;h=cdeb2322eab605639f1545a2eee0625424cedf03|cdeb232]]'' **<nowiki>ar71xx:</nowiki>** <nowiki>Remove images for rb-941-2nd</nowiki> //<color #ccc>(</color><color #f00>-2</color><color #ccc>)</color>//\\
''[[https://git.lede-project.org/?p=source.git;a=commitdiff;h=06f3b919021f3cf55cc4e1aa22650089dc2ab903|06f3b91]]'' **<nowiki>kernel:</nowiki>** <nowiki>update kernel 4.4 to version 4.4.50</nowiki> //<color #ccc>(</color><color #282>+47</color><color #ccc>,</color><color #f00>-90</color><color #ccc>)</color>//\\

==== Target / arc770 (17 changes) ====
''[[https://git.lede-project.org/?p=source.git;a=commitdiff;h=668dbec3f4e50f9689ddfdfb4e84818fa736aa9f|668dbec]]'' **<nowiki>arc:</nowiki>** <nowiki>Build uImage as well as vmlinux output files</nowiki> //<color #ccc>(</color><color #282>+72</color><color #ccc>,</color><color #f00>-16</color><color #ccc>)</color>//\\
''[[https://git.lede-project.org/?p=source.git;a=commitdiff;h=8e2764ce9bb6716acb955a0c27d8db291d68650c|8e2764c]]'' **<nowiki>image.mk:</nowiki>** <nowiki>clean up redundant code related to DEVICE_DTS</nowiki> //<color #ccc>(</color><color #282>+10</color><color #ccc>,</color><color #f00>-20</color><color #ccc>)</color>//\\
''[[https://git.lede-project.org/?p=source.git;a=commitdiff;h=a3cde14f5a9ef0bca820341cbbd6d5cfb80451fc|a3cde14]]'' **<nowiki>arc:</nowiki>** <nowiki>use patched .dts from sources</nowiki> //<color #ccc>(</color><color #282>+194</color><color #ccc>,</color><color #f00>-943</color><color #ccc>)</color>//\\
''[[https://git.lede-project.org/?p=source.git;a=commitdiff;h=66f3edfd8baaf92133df251656118e70edcd59b9|66f3edf]]'' **<nowiki>linux/arc*:</nowiki>** <nowiki>disable MAC frame filter in DW GMAC</nowiki> //<color #ccc>(</color><color #282>+72</color><color #ccc>)</color>//\\
''[[https://git.lede-project.org/?p=source.git;a=commitdiff;h=07e653725a19816bd2cd7fed042a11b6e5624816|07e6537]]'' **<nowiki>arc770:</nowiki>** <nowiki>Reduce generalization</nowiki> //<color #ccc>(</color><color #282>+13</color><color #ccc>,</color><color #f00>-25</color><color #ccc>)</color>//\\
''[[https://git.lede-project.org/?p=source.git;a=commitdiff;h=cf3364a363bd3a9910cba7c7d4efc5c8a2b4a779|cf3364a]]'' **<nowiki>arc770:</nowiki>** <nowiki>Update kernel configuration</nowiki> //<color #ccc>(</color><color #282>+9</color><color #ccc>,</color><color #f00>-1</color><color #ccc>)</color>//\\
''[[https://git.lede-project.org/?p=source.git;a=commitdiff;h=ca519d4f8d757fdeab28515b34e51820ad0764f8|ca519d4]]'' **<nowiki>arc770:</nowiki>** <nowiki>Remove MMC kernel modules, they are built-in now</nowiki> //<color #ccc>(</color><color #282>+2</color><color #ccc>,</color><color #f00>-2</color><color #ccc>)</color>//\\
''[[https://git.lede-project.org/?p=source.git;a=commitdiff;h=30d75720faa8d9e92454705e15d5f9ebcb9d0c6a|30d7572]]'' **<nowiki>arc770:</nowiki>** <nowiki>Introduce images for SD-cards</nowiki> //<color #ccc>(</color><color #282>+102</color><color #ccc>,</color><color #f00>-73</color><color #ccc>)</color>//\\
''[[https://git.lede-project.org/?p=source.git;a=commitdiff;h=aa53f78038d541052de8764323f6f26578327606|aa53f78]]'' **<nowiki>build:</nowiki>** <nowiki>fix subtarget descriptions</nowiki> //<color #ccc>(</color><color #282>+58</color><color #ccc>,</color><color #f00>-60</color><color #ccc>)</color>//\\
''[[https://git.lede-project.org/?p=source.git;a=commitdiff;h=d14c28fc80d98cc712074c869cbd1659398e8829|d14c28f]]'' **<nowiki>kernel:</nowiki>** <nowiki>update kernel 4.4 to version 4.4.20</nowiki> //<color #ccc>(</color><color #282>+41</color><color #ccc>,</color><color #f00>-70</color><color #ccc>)</color>//\\
''[[https://git.lede-project.org/?p=source.git;a=commitdiff;h=87b2b89959e0cfed7946a3712355642395750ca9|87b2b89]]'' **<nowiki>tools:</nowiki>** <nowiki>remove old mkdosfs symlink from dosfstools</nowiki> //<color #ccc>(</color><color #282>+4</color><color #ccc>,</color><color #f00>-5</color><color #ccc>)</color>//\\
''[[https://git.lede-project.org/?p=source.git;a=commitdiff;h=1b17f4f2609b822ce1225bb205794085072097c7|1b17f4f]]'' **<nowiki>arc770:</nowiki>** <nowiki>fix parallel build issue</nowiki> //<color #ccc>(</color><color #282>+5</color><color #ccc>,</color><color #f00>-7</color><color #ccc>)</color>//\\
''[[https://git.lede-project.org/?p=source.git;a=commitdiff;h=90f0ca0ddca0da290b5b12c4d6c86458438edaa2|90f0ca0]]'' **<nowiki>arc770:</nowiki>** <nowiki>build dtb files in Image/Prepare so that they are available for Device/*</nowiki> //<color #ccc>(</color><color #282>+7</color><color #ccc>,</color><color #f00>-5</color><color #ccc>)</color>//\\
''[[https://git.lede-project.org/?p=source.git;a=commitdiff;h=515d012e6daf4f1b3513688b942516211dfd6178|515d012]]'' **<nowiki>arc770:</nowiki>** <nowiki>gzip rootfs image to save some space</nowiki> //<color #ccc>(</color><color #282>+1</color><color #ccc>)</color>//\\
''[[https://git.lede-project.org/?p=source.git;a=commitdiff;h=42f3c1fe1ca051dec2ef828b4a412ed73e29acae|42f3c1f]]'' **<nowiki>arc770:</nowiki>** <nowiki>fix broken upstream change</nowiki> //<color #ccc>(</color><color #282>+31</color><color #ccc>)</color>//\\
''[[https://git.lede-project.org/?p=source.git;a=commitdiff;h=f25d9cbe48a68bef7d818b9969c0dda0bbc92c05|f25d9cb]]'' **<nowiki>arc770:</nowiki>** <nowiki>backport upstream fix for unaligned access</nowiki> //<color #ccc>(</color><color #282>+38</color><color #ccc>,</color><color #f00>-31</color><color #ccc>)</color>//\\
''[[https://git.lede-project.org/?p=source.git;a=commitdiff;h=06f3b919021f3cf55cc4e1aa22650089dc2ab903|06f3b91]]'' **<nowiki>kernel:</nowiki>** <nowiki>update kernel 4.4 to version 4.4.50</nowiki> //<color #ccc>(</color><color #282>+47</color><color #ccc>,</color><color #f00>-90</color><color #ccc>)</color>//\\

==== Target / archs38 (17 changes) ====
''[[https://git.lede-project.org/?p=source.git;a=commitdiff;h=668dbec3f4e50f9689ddfdfb4e84818fa736aa9f|668dbec]]'' **<nowiki>arc:</nowiki>** <nowiki>Build uImage as well as vmlinux output files</nowiki> //<color #ccc>(</color><color #282>+72</color><color #ccc>,</color><color #f00>-16</color><color #ccc>)</color>//\\
''[[https://git.lede-project.org/?p=source.git;a=commitdiff;h=2005732ea778ed0376c88b26e1944ab7029e43f0|2005732]]'' **<nowiki>linux/archs38:</nowiki>** <nowiki>Disable USB 2.0</nowiki> //<color #ccc>(</color><color #282>+2</color><color #ccc>,</color><color #f00>-2</color><color #ccc>)</color>//\\
''[[https://git.lede-project.org/?p=source.git;a=commitdiff;h=055ba75f9233cb672b40826db0f22f01ecb9e3ef|055ba75]]'' **<nowiki>linux/archs38:</nowiki>** <nowiki>Add wireless AP capabilities similarly to axs101</nowiki> //<color #ccc>(</color><color #282>+2</color><color #ccc>,</color><color #f00>-2</color><color #ccc>)</color>//\\
''[[https://git.lede-project.org/?p=source.git;a=commitdiff;h=8e2764ce9bb6716acb955a0c27d8db291d68650c|8e2764c]]'' **<nowiki>image.mk:</nowiki>** <nowiki>clean up redundant code related to DEVICE_DTS</nowiki> //<color #ccc>(</color><color #282>+10</color><color #ccc>,</color><color #f00>-20</color><color #ccc>)</color>//\\
''[[https://git.lede-project.org/?p=source.git;a=commitdiff;h=a3cde14f5a9ef0bca820341cbbd6d5cfb80451fc|a3cde14]]'' **<nowiki>arc:</nowiki>** <nowiki>use patched .dts from sources</nowiki> //<color #ccc>(</color><color #282>+194</color><color #ccc>,</color><color #f00>-943</color><color #ccc>)</color>//\\
''[[https://git.lede-project.org/?p=source.git;a=commitdiff;h=5f55df433d811318a66160348224dbc7dd79a706|5f55df4]]'' **<nowiki>archs38:</nowiki>** <nowiki>Reduce generalization</nowiki> //<color #ccc>(</color><color #282>+11</color><color #ccc>,</color><color #f00>-23</color><color #ccc>)</color>//\\
''[[https://git.lede-project.org/?p=source.git;a=commitdiff;h=83bd1f81c406ed346fd6d500634a718aee90a2e9|83bd1f8]]'' **<nowiki>archs38:</nowiki>** <nowiki>Update kernel configuration</nowiki> //<color #ccc>(</color><color #282>+9</color><color #ccc>,</color><color #f00>-2</color><color #ccc>)</color>//\\
''[[https://git.lede-project.org/?p=source.git;a=commitdiff;h=7abf9eda8a60ab2c730fc2807a2047ee19280e31|7abf9ed]]'' **<nowiki>archs38:</nowiki>** <nowiki>Remove MMC kernel modules, they are built-in now</nowiki> //<color #ccc>(</color><color #282>+2</color><color #ccc>,</color><color #f00>-2</color><color #ccc>)</color>//\\
''[[https://git.lede-project.org/?p=source.git;a=commitdiff;h=df4f41261cf9da3cb1681c7495c51badfe1d999c|df4f412]]'' **<nowiki>archs38:</nowiki>** <nowiki>Introduce images for SD-cards</nowiki> //<color #ccc>(</color><color #282>+132</color><color #ccc>,</color><color #f00>-80</color><color #ccc>)</color>//\\
''[[https://git.lede-project.org/?p=source.git;a=commitdiff;h=334fdea08d71079d6e0f5bc8dc79790c0402ae2a|334fdea]]'' **<nowiki>archs38:</nowiki>** <nowiki>Merge sd and ramfs subtargets in generic again</nowiki> //<color #ccc>(</color><color #282>+13</color><color #ccc>,</color><color #f00>-36</color><color #ccc>)</color>//\\
''[[https://git.lede-project.org/?p=source.git;a=commitdiff;h=66f3edfd8baaf92133df251656118e70edcd59b9|66f3edf]]'' **<nowiki>linux/arc*:</nowiki>** <nowiki>disable MAC frame filter in DW GMAC</nowiki> //<color #ccc>(</color><color #282>+72</color><color #ccc>)</color>//\\
''[[https://git.lede-project.org/?p=source.git;a=commitdiff;h=aa53f78038d541052de8764323f6f26578327606|aa53f78]]'' **<nowiki>build:</nowiki>** <nowiki>fix subtarget descriptions</nowiki> //<color #ccc>(</color><color #282>+58</color><color #ccc>,</color><color #f00>-60</color><color #ccc>)</color>//\\
''[[https://git.lede-project.org/?p=source.git;a=commitdiff;h=d14c28fc80d98cc712074c869cbd1659398e8829|d14c28f]]'' **<nowiki>kernel:</nowiki>** <nowiki>update kernel 4.4 to version 4.4.20</nowiki> //<color #ccc>(</color><color #282>+41</color><color #ccc>,</color><color #f00>-70</color><color #ccc>)</color>//\\
''[[https://git.lede-project.org/?p=source.git;a=commitdiff;h=87b2b89959e0cfed7946a3712355642395750ca9|87b2b89]]'' **<nowiki>tools:</nowiki>** <nowiki>remove old mkdosfs symlink from dosfstools</nowiki> //<color #ccc>(</color><color #282>+4</color><color #ccc>,</color><color #f00>-5</color><color #ccc>)</color>//\\
''[[https://git.lede-project.org/?p=source.git;a=commitdiff;h=3fa2c77e3a7b3becddfab5178341bef248547928|3fa2c77]]'' **<nowiki>archs38:</nowiki>** <nowiki>fix parallel build issue</nowiki> //<color #ccc>(</color><color #282>+5</color><color #ccc>,</color><color #f00>-7</color><color #ccc>)</color>//\\
''[[https://git.lede-project.org/?p=source.git;a=commitdiff;h=b9713ad6305c075c4388bce6cce7f5cb9bfe4104|b9713ad]]'' **<nowiki>archs38:</nowiki>** <nowiki>build dtb files in Image/Prepare so that they are available for Devi...</nowiki> //<color #ccc>(</color><color #282>+7</color><color #ccc>,</color><color #f00>-5</color><color #ccc>)</color>//\\
''[[https://git.lede-project.org/?p=source.git;a=commitdiff;h=113dd45092400606563b38530ce737f6877ee80e|113dd45]]'' **<nowiki>archs38:</nowiki>** <nowiki>gzip rootfs image to save some space</nowiki> //<color #ccc>(</color><color #282>+1</color><color #ccc>)</color>//\\

==== Target / arm64 (11 changes) ====
''[[https://git.lede-project.org/?p=source.git;a=commitdiff;h=dc929174095a00150de6a3e48d46355d24f223b9|dc92917]]'' <nowiki>image / basefiles: make console password configurable</nowiki> //<color #ccc>(</color><color #282>+48</color><color #ccc>,</color><color #f00>-42</color><color #ccc>)</color>//\\
''[[https://git.lede-project.org/?p=source.git;a=commitdiff;h=45e0f8b82645faaeea35256c1def0f7706b495ba|45e0f8b]]'' **<nowiki>arm64:</nowiki>** <nowiki>add missing kconfig symbol</nowiki> //<color #ccc>(</color><color #282>+1</color><color #ccc>)</color>//\\
''[[https://git.lede-project.org/?p=source.git;a=commitdiff;h=323d37cbb67f7fb662da1466d2f2b57438fcf3ab|323d37c]]'' **<nowiki>arm64:</nowiki>** <nowiki>update to linux 4.4</nowiki> //<color #ccc>(</color><color #282>+42</color><color #ccc>,</color><color #f00>-11</color><color #ccc>)</color>//\\
''[[https://git.lede-project.org/?p=source.git;a=commitdiff;h=638a5682e1e66697649f89cb594b58a4ab0161b1|638a568]]'' **<nowiki>kernel:</nowiki>** <nowiki>remove bogus CONFIG_LOG_BUF_SHIFT overrides</nowiki> //<color #ccc>(</color><color #f00>-6</color><color #ccc>)</color>//\\
''[[https://git.lede-project.org/?p=source.git;a=commitdiff;h=8668ce8853698628917fa5997852854338c80464|8668ce8]]'' **<nowiki>arm64:</nowiki>** <nowiki>rename config-default to config-4.4</nowiki> //<color #ccc>(</color><color #ccc>)</color>//\\
''[[https://git.lede-project.org/?p=source.git;a=commitdiff;h=aa53f78038d541052de8764323f6f26578327606|aa53f78]]'' **<nowiki>build:</nowiki>** <nowiki>fix subtarget descriptions</nowiki> //<color #ccc>(</color><color #282>+58</color><color #ccc>,</color><color #f00>-60</color><color #ccc>)</color>//\\
''[[https://git.lede-project.org/?p=source.git;a=commitdiff;h=8c52fbbe3ab0abd01fd8710dd0a5311d15d2b169|8c52fbb]]'' **<nowiki>arm64:</nowiki>** <nowiki>fix build for linux 4.4.21</nowiki> //<color #ccc>(</color><color #282>+2</color><color #ccc>)</color>//\\
''[[https://git.lede-project.org/?p=source.git;a=commitdiff;h=95ac6906aa8a254c69375fc093f69fd15c76189b|95ac690]]'' **<nowiki>arm64:</nowiki>** <nowiki>switch boot-wrapper to working repository</nowiki> //<color #ccc>(</color><color #282>+1</color><color #ccc>,</color><color #f00>-1</color><color #ccc>)</color>//\\
''[[https://git.lede-project.org/?p=source.git;a=commitdiff;h=998632bae2722ffdf98aed1ad69e7b520a773b32|998632b]]'' **<nowiki>arm64:</nowiki>** <nowiki>boot-wrapper: add mirror checksum</nowiki> //<color #ccc>(</color><color #282>+1</color><color #ccc>)</color>//\\
''[[https://git.lede-project.org/?p=source.git;a=commitdiff;h=720b99215da295a2e7b4acdef30b58bec6acedc2|720b992]]'' **<nowiki>treewide:</nowiki>** <nowiki>clean up download hashes</nowiki> //<color #ccc>(</color><color #282>+300</color><color #ccc>,</color><color #f00>-283</color><color #ccc>)</color>//\\
''[[https://git.lede-project.org/?p=source.git;a=commitdiff;h=c7c1cf5618b6ca983c20510814b762eeab4937e5|c7c1cf5]]'' **<nowiki>treewide:</nowiki>** <nowiki>clean up and unify PKG_VERSION for git based downloads</nowiki> //<color #ccc>(</color><color #282>+140</color><color #ccc>,</color><color #f00>-284</color><color #ccc>)</color>//\\

==== Target / armvirt (3 changes) ====
''[[https://git.lede-project.org/?p=source.git;a=commitdiff;h=44ecfc26eb22ca23668a5fd0c706d75f274e410a|44ecfc2]]'' **<nowiki>armvirt:</nowiki>** <nowiki>new target</nowiki> //<color #ccc>(</color><color #282>+363</color><color #ccc>)</color>//\\
''[[https://git.lede-project.org/?p=source.git;a=commitdiff;h=0d44f0cbbccd2720386de4d983853d35cdb3cf30|0d44f0c]]'' **<nowiki>armvirt:</nowiki>** <nowiki>enable the USB feature flag</nowiki> //<color #ccc>(</color><color #282>+1</color><color #ccc>,</color><color #f00>-1</color><color #ccc>)</color>//\\
''[[https://git.lede-project.org/?p=source.git;a=commitdiff;h=dcd83573650e0ffe9621a9753ecfd19a288c1090|dcd8357]]'' **<nowiki>armvirt:</nowiki>** <nowiki>add kernel config change missing from 0d44f0cb</nowiki> //<color #ccc>(</color><color #282>+1</color><color #ccc>)</color>//\\

==== Target / at91 (4 changes) ====
''[[https://git.lede-project.org/?p=source.git;a=commitdiff;h=f7a2237b8638b566ec84a7dd1420cee1507430ca|f7a2237]]'' **<nowiki>at91:</nowiki>** <nowiki>fix SAMA5D3 subtarget</nowiki> //<color #ccc>(</color><color #282>+12</color><color #ccc>,</color><color #f00>-6</color><color #ccc>)</color>//\\
''[[https://git.lede-project.org/?p=source.git;a=commitdiff;h=dc17fde99436fd7912914c0e4d3f106820ffe9e8|dc17fde]]'' **<nowiki>kernel:</nowiki>** <nowiki>clean up usb gadget support</nowiki> //<color #ccc>(</color><color #282>+16</color><color #ccc>,</color><color #f00>-14</color><color #ccc>)</color>//\\
''[[https://git.lede-project.org/?p=source.git;a=commitdiff;h=6638946f99a3e74857c296a004a1b88c6ac3c265|6638946]]'' **<nowiki>at91:</nowiki>** <nowiki>Remove u-boot from platform images folder</nowiki> //<color #ccc>(</color><color #f00>-836</color><color #ccc>)</color>//\\
''[[https://git.lede-project.org/?p=source.git;a=commitdiff;h=018d80007e6d9469077d938872e605f826010767|018d800]]'' **<nowiki>kernel:</nowiki>** <nowiki>remove ubifs xz decompression support</nowiki> //<color #ccc>(</color><color #282>+5</color><color #ccc>,</color><color #f00>-1.1K</color><color #ccc>)</color>//\\

==== Target / ath25 (12 changes) ====
''[[https://git.lede-project.org/?p=source.git;a=commitdiff;h=f89a20a89aebe4767c606b4e04a6a3906e1ee26c|f89a20a]]'' **<nowiki>ath25:</nowiki>** <nowiki>update kernel from 3.18 to 4.4</nowiki> //<color #ccc>(</color><color #282>+149</color><color #ccc>,</color><color #f00>-2.9K</color><color #ccc>)</color>//\\
''[[https://git.lede-project.org/?p=source.git;a=commitdiff;h=7eeb254cc49c4e9f837c980826ec112b9404f341|7eeb254]]'' **<nowiki>treewide:</nowiki>** <nowiki>replace nbd@openwrt.org with nbd@nbd.name</nowiki> //<color #ccc>(</color><color #282>+299</color><color #ccc>,</color><color #f00>-299</color><color #ccc>)</color>//\\
''[[https://git.lede-project.org/?p=source.git;a=commitdiff;h=0a3d721465e10bdc4237b996756b79ff4d868fe1|0a3d721]]'' **<nowiki>ath25:</nowiki>** <nowiki>drop target specific button hotplug</nowiki> //<color #ccc>(</color><color #f00>-38</color><color #ccc>)</color>//\\
''[[https://git.lede-project.org/?p=source.git;a=commitdiff;h=a2e309a43046fa02690ae63f00425dd36fdfc030|a2e309a]]'' **<nowiki>ath25:</nowiki>** <nowiki>remove target specific /etc/config/system</nowiki> //<color #ccc>(</color><color #f00>-9</color><color #ccc>)</color>//\\
''[[https://git.lede-project.org/?p=source.git;a=commitdiff;h=0aa6c7df60d0d4a4fa01dc1b185df31ffb2c53f6|0aa6c7d]]'' **<nowiki>kernel:</nowiki>** <nowiki>update kernel 4.4 to version 4.4.13</nowiki> //<color #ccc>(</color><color #282>+56</color><color #ccc>,</color><color #f00>-312</color><color #ccc>)</color>//\\
''[[https://git.lede-project.org/?p=source.git;a=commitdiff;h=44e6c0f91656fbb53de39d2754115a79b54ceb9d|44e6c0f]]'' **<nowiki>ath25:</nowiki>** <nowiki>add the small_Flash feature</nowiki> //<color #ccc>(</color><color #282>+1</color><color #ccc>,</color><color #f00>-1</color><color #ccc>)</color>//\\
''[[https://git.lede-project.org/?p=source.git;a=commitdiff;h=18c622a1f219b66146965720bc1c82d571b347c2|18c622a]]'' **<nowiki>ath25:</nowiki>** <nowiki>rework image building</nowiki> //<color #ccc>(</color><color #282>+27</color><color #ccc>,</color><color #f00>-41</color><color #ccc>)</color>//\\
''[[https://git.lede-project.org/?p=source.git;a=commitdiff;h=63b525dd6b209af5554a2d053efd4b3ce6f60c9c|63b525d]]'' **<nowiki>image:</nowiki>** <nowiki>add a helper variable for getting kernel/rootfs from within image Buil...</nowiki> //<color #ccc>(</color><color #282>+54</color><color #ccc>,</color><color #f00>-51</color><color #ccc>)</color>//\\
''[[https://git.lede-project.org/?p=source.git;a=commitdiff;h=21f460a5dbef5e3ec59e2032b5b113fe045b475f|21f460a]]'' **<nowiki>ath25:</nowiki>** <nowiki>fix duplicate LZMA compression</nowiki> //<color #ccc>(</color><color #282>+15</color><color #ccc>,</color><color #f00>-4</color><color #ccc>)</color>//\\
''[[https://git.lede-project.org/?p=source.git;a=commitdiff;h=aa53f78038d541052de8764323f6f26578327606|aa53f78]]'' **<nowiki>build:</nowiki>** <nowiki>fix subtarget descriptions</nowiki> //<color #ccc>(</color><color #282>+58</color><color #ccc>,</color><color #f00>-60</color><color #ccc>)</color>//\\
''[[https://git.lede-project.org/?p=source.git;a=commitdiff;h=d14c28fc80d98cc712074c869cbd1659398e8829|d14c28f]]'' **<nowiki>kernel:</nowiki>** <nowiki>update kernel 4.4 to version 4.4.20</nowiki> //<color #ccc>(</color><color #282>+41</color><color #ccc>,</color><color #f00>-70</color><color #ccc>)</color>//\\
''[[https://git.lede-project.org/?p=source.git;a=commitdiff;h=1708644f1915eb7587a904d81da0ef0b559d1567|1708644]]'' **<nowiki>kernel:</nowiki>** <nowiki>backport MIPS changes introducing a separate IRQ stack</nowiki> //<color #ccc>(</color><color #282>+312</color><color #ccc>,</color><color #f00>-15</color><color #ccc>)</color>//\\

==== Target / au1000 (6 changes) ====
''[[https://git.lede-project.org/?p=source.git;a=commitdiff;h=9201e88f518dbe5246aa2f77342175805ef10cdd|9201e88]]'' **<nowiki>kernel:</nowiki>** <nowiki>remove hostap driver</nowiki> //<color #ccc>(</color><color #282>+6</color><color #ccc>,</color><color #f00>-1.1K</color><color #ccc>)</color>//\\
''[[https://git.lede-project.org/?p=source.git;a=commitdiff;h=fa5eab6ec5c78160f939d23b24a6fd9a45861ca9|fa5eab6]]'' **<nowiki>au1000:</nowiki>** <nowiki>rename patches directory to patches-3.18</nowiki> //<color #ccc>(</color><color #282>+30</color><color #ccc>,</color><color #f00>-31</color><color #ccc>)</color>//\\
''[[https://git.lede-project.org/?p=source.git;a=commitdiff;h=aa53f78038d541052de8764323f6f26578327606|aa53f78]]'' **<nowiki>build:</nowiki>** <nowiki>fix subtarget descriptions</nowiki> //<color #ccc>(</color><color #282>+58</color><color #ccc>,</color><color #f00>-60</color><color #ccc>)</color>//\\
''[[https://git.lede-project.org/?p=source.git;a=commitdiff;h=92eaf27c62cad5f9832dc7084e1ae14d5e7b47e6|92eaf27]]'' <nowiki>use immediate set in target Makefiles</nowiki> //<color #ccc>(</color><color #282>+7</color><color #ccc>,</color><color #f00>-7</color><color #ccc>)</color>//\\
''[[https://git.lede-project.org/?p=source.git;a=commitdiff;h=75e63c249411773613f3f201bea9245623d9f57a|75e63c2]]'' **<nowiki>kernel:</nowiki>** <nowiki>update kernel 3.18 to version 3.18.43</nowiki> //<color #ccc>(</color><color #282>+107</color><color #ccc>,</color><color #f00>-181</color><color #ccc>)</color>//\\
''[[https://git.lede-project.org/?p=source.git;a=commitdiff;h=982dd01ac37f64892deb4003f4e53d3bc7a114c4|982dd01]]'' <nowiki>Mark targets using kernel 3.18 as source-only</nowiki> //<color #ccc>(</color><color #282>+6</color><color #ccc>,</color><color #f00>-6</color><color #ccc>)</color>//\\

==== Target / bcm53xx (103 changes) ====
''[[https://git.lede-project.org/?p=source.git;a=commitdiff;h=73d51d7b5dc4ddb4134482765873fa0fc8c17694|73d51d7]]'' **<nowiki>bcm53xx:</nowiki>** <nowiki>support JEDEC incompatible w25q128 in spi-nor</nowiki> //<color #ccc>(</color><color #282>+34</color><color #ccc>)</color>//\\
''[[https://git.lede-project.org/?p=source.git;a=commitdiff;h=741715331aeec9621d15ec55f8385910b341fbe2|7417153]]'' **<nowiki>bcm53xx:</nowiki>** <nowiki>switch to m25p80 and drop bcm53xxspiflash</nowiki> //<color #ccc>(</color><color #282>+42</color><color #ccc>,</color><color #f00>-21</color><color #ccc>)</color>//\\
''[[https://git.lede-project.org/?p=source.git;a=commitdiff;h=9e4d671f75cf02264711fa27c91215038f2a03f8|9e4d671]]'' **<nowiki>bcm53xx:</nowiki>** <nowiki>support SPI-NOR on dual flash devices</nowiki> //<color #ccc>(</color><color #282>+67</color><color #ccc>)</color>//\\
''[[https://git.lede-project.org/?p=source.git;a=commitdiff;h=cf3b3cfc565be99677b7f2b6d617518f2dd87f23|cf3b3cf]]'' **<nowiki>bcm53xx:</nowiki>** <nowiki>add m25p80 workaround for SPI flash writing problems</nowiki> //<color #ccc>(</color><color #282>+62</color><color #ccc>)</color>//\\
''[[https://git.lede-project.org/?p=source.git;a=commitdiff;h=b062266ad650f5dac98f1e1779f371274c9b2237|b062266]]'' **<nowiki>kernel:</nowiki>** <nowiki>update kernel 4.4 to version 4.4.9</nowiki> //<color #ccc>(</color><color #282>+248</color><color #ccc>,</color><color #f00>-922</color><color #ccc>)</color>//\\
''[[https://git.lede-project.org/?p=source.git;a=commitdiff;h=3f1705d7770d6ff42f369ff7856fb047c8b78e42|3f1705d]]'' **<nowiki>bcm53xx:</nowiki>** <nowiki>delete old kernel versions</nowiki> //<color #ccc>(</color><color #f00>-18.4K</color><color #ccc>)</color>//\\
''[[https://git.lede-project.org/?p=source.git;a=commitdiff;h=01714243b9baf1e0406d8f730d60739244b03b4f|0171424]]'' **<nowiki>bcm53xx:</nowiki>** <nowiki>drop Copyright header from two of my bash scripts</nowiki> //<color #ccc>(</color><color #f00>-5</color><color #ccc>)</color>//\\
''[[https://git.lede-project.org/?p=source.git;a=commitdiff;h=a105eac4dd424fafdea3a72c270ef9cf9cdc1433|a105eac]]'' **<nowiki>kernel:</nowiki>** <nowiki>update kernel 4.4 to version 4.4.12</nowiki> //<color #ccc>(</color><color #282>+569</color><color #ccc>,</color><color #f00>-1.4K</color><color #ccc>)</color>//\\
''[[https://git.lede-project.org/?p=source.git;a=commitdiff;h=7eeb254cc49c4e9f837c980826ec112b9404f341|7eeb254]]'' **<nowiki>treewide:</nowiki>** <nowiki>replace nbd@openwrt.org with nbd@nbd.name</nowiki> //<color #ccc>(</color><color #282>+299</color><color #ccc>,</color><color #f00>-299</color><color #ccc>)</color>//\\
''[[https://git.lede-project.org/?p=source.git;a=commitdiff;h=95d8568cb87fd96086998c304a453aef6ff88298|95d8568]]'' **<nowiki>bcm53xx:</nowiki>** <nowiki>calculate TRX CRC32 using whole kernel partition</nowiki> //<color #ccc>(</color><color #282>+6</color><color #ccc>,</color><color #f00>-1</color><color #ccc>)</color>//\\
''[[https://git.lede-project.org/?p=source.git;a=commitdiff;h=c40e96d133eefd15adcbe8c4e9d4905fd76d74c2|c40e96d]]'' **<nowiki>bcm53xx:</nowiki>** <nowiki>fix partition typos in 09_fix_crc</nowiki> //<color #ccc>(</color><color #282>+1</color><color #ccc>,</color><color #f00>-1</color><color #ccc>)</color>//\\
''[[https://git.lede-project.org/?p=source.git;a=commitdiff;h=1f86257c2fa7eff11a2898e7f2ff5edc793495f5|1f86257]]'' **<nowiki>bcm53xx:</nowiki>** <nowiki>pass datasize to mtd in hexadecimal format</nowiki> //<color #ccc>(</color><color #282>+1</color><color #ccc>,</color><color #f00>-2</color><color #ccc>)</color>//\\
''[[https://git.lede-project.org/?p=source.git;a=commitdiff;h=cb0de9a68e926cf7e8cf4a6d74ee32bd0f1fed16|cb0de9a]]'' **<nowiki>bcm53xx:</nowiki>** <nowiki>sysupgrade: move TRX specific code to separated function</nowiki> //<color #ccc>(</color><color #282>+20</color><color #ccc>,</color><color #f00>-14</color><color #ccc>)</color>//\\
''[[https://git.lede-project.org/?p=source.git;a=commitdiff;h=489efcfd625e01b4a20bdf0901d20776df484135|489efcf]]'' **<nowiki>bcm53xx:</nowiki>** <nowiki>refresh kernel config</nowiki> //<color #ccc>(</color><color #f00>-5</color><color #ccc>)</color>//\\
''[[https://git.lede-project.org/?p=source.git;a=commitdiff;h=f27c70ff8ca1ad3e38314d342bac78e1948343a2|f27c70f]]'' **<nowiki>bcm53xx:</nowiki>** <nowiki>refresh kernel config</nowiki> //<color #ccc>(</color><color #f00>-5</color><color #ccc>)</color>//\\
''[[https://git.lede-project.org/?p=source.git;a=commitdiff;h=cf6d9d97fbaa7d85b0f972bdc7ad710e96125fd2|cf6d9d9]]'' **<nowiki>kernel:</nowiki>** <nowiki>rename B53 symbols to avoid upstream kernel conflict</nowiki> //<color #ccc>(</color><color #282>+52</color><color #ccc>,</color><color #f00>-52</color><color #ccc>)</color>//\\
''[[https://git.lede-project.org/?p=source.git;a=commitdiff;h=776b24d9aa7dcc1dfa1ecb9c9d70764b46b0c46f|776b24d]]'' **<nowiki>bcm53xx:</nowiki>** <nowiki>properly support sysupgrade using Seama on NAND devices</nowiki> //<color #ccc>(</color><color #282>+48</color><color #ccc>,</color><color #f00>-1</color><color #ccc>)</color>//\\
''[[https://git.lede-project.org/?p=source.git;a=commitdiff;h=a180f905187c57497331886e6489646b8bcf44d5|a180f90]]'' **<nowiki>bcm53xx:</nowiki>** <nowiki>backport BCM5301X patches for SRAB</nowiki> //<color #ccc>(</color><color #282>+170</color><color #ccc>,</color><color #f00>-1</color><color #ccc>)</color>//\\
''[[https://git.lede-project.org/?p=source.git;a=commitdiff;h=b7baaaf782f40bf6a1d017a1f41480b6229a12c9|b7baaaf]]'' **<nowiki>kernel:</nowiki>** <nowiki>Move append-dtb to common image-commands</nowiki> //<color #ccc>(</color><color #282>+12</color><color #ccc>,</color><color #f00>-29</color><color #ccc>)</color>//\\
''[[https://git.lede-project.org/?p=source.git;a=commitdiff;h=eaf0d2242106fdaa5d91a03c4b7929b76497aaf2|eaf0d22]]'' **<nowiki>bcm53xx:</nowiki>** <nowiki>calculate Seama MD5 using content of kernel partition</nowiki> //<color #ccc>(</color><color #282>+1</color><color #ccc>,</color><color #f00>-1</color><color #ccc>)</color>//\\
''[[https://git.lede-project.org/?p=source.git;a=commitdiff;h=e71fffed64ee58a56571c18579bbf4c07d07ead4|e71fffe]]'' **<nowiki>bcm53xx:</nowiki>** <nowiki>backport BCM5301x patches from 2016-07-06</nowiki> //<color #ccc>(</color><color #282>+287</color><color #ccc>,</color><color #f00>-46</color><color #ccc>)</color>//\\
''[[https://git.lede-project.org/?p=source.git;a=commitdiff;h=c74c227e5b2572f461d2b28c54ad3c87051daa6b|c74c227]]'' **<nowiki>bcm53xx:</nowiki>** <nowiki>backport driver for Northstar's USB 2.0 PHY</nowiki> //<color #ccc>(</color><color #282>+302</color><color #ccc>)</color>//\\
''[[https://git.lede-project.org/?p=source.git;a=commitdiff;h=1692c71564ef4084feb0df30f04d292b52e8f976|1692c71]]'' **<nowiki>bcm53xx:</nowiki>** <nowiki>use upstream fix simplifying USB power GPIO usage</nowiki> //<color #ccc>(</color><color #282>+37</color><color #ccc>,</color><color #f00>-27</color><color #ccc>)</color>//\\
''[[https://git.lede-project.org/?p=source.git;a=commitdiff;h=fac693441f7c25c18e0948709ddb845afa7a2b40|fac6934]]'' **<nowiki>bcm53xx:</nowiki>** <nowiki>fix kernel config after USB2 PHY driver backport</nowiki> //<color #ccc>(</color><color #282>+5</color><color #ccc>,</color><color #f00>-4</color><color #ccc>)</color>//\\
''[[https://git.lede-project.org/?p=source.git;a=commitdiff;h=efa1960abb390d696704d029507dff671cc271fd|efa1960]]'' **<nowiki>kernel:</nowiki>** <nowiki>update kernel 4.4 to version 4.4.15</nowiki> //<color #ccc>(</color><color #282>+64</color><color #ccc>,</color><color #f00>-210</color><color #ccc>)</color>//\\
''[[https://git.lede-project.org/?p=source.git;a=commitdiff;h=dbc416b6ec91b0b9bf2f6cc7166a362d849a348c|dbc416b]]'' **<nowiki>bcm53xx:</nowiki>** <nowiki>remove duplicate template data from the image makefile</nowiki> //<color #ccc>(</color><color #f00>-8</color><color #ccc>)</color>//\\
''[[https://git.lede-project.org/?p=source.git;a=commitdiff;h=b3b797076e1cd4db67e31b77748374ce8215db12|b3b7970]]'' **<nowiki>bcm53xx:</nowiki>** <nowiki>simplify image building code</nowiki> //<color #ccc>(</color><color #282>+15</color><color #ccc>,</color><color #f00>-40</color><color #ccc>)</color>//\\
''[[https://git.lede-project.org/?p=source.git;a=commitdiff;h=c940ccedd82d19045324e25fc07a3f6d76a6b0a5|c940cce]]'' **<nowiki>bcm53xx:</nowiki>** <nowiki>image: don't suppress "mv" command echoing</nowiki> //<color #ccc>(</color><color #282>+1</color><color #ccc>,</color><color #f00>-1</color><color #ccc>)</color>//\\
''[[https://git.lede-project.org/?p=source.git;a=commitdiff;h=8e2764ce9bb6716acb955a0c27d8db291d68650c|8e2764c]]'' **<nowiki>image.mk:</nowiki>** <nowiki>clean up redundant code related to DEVICE_DTS</nowiki> //<color #ccc>(</color><color #282>+10</color><color #ccc>,</color><color #f00>-20</color><color #ccc>)</color>//\\
''[[https://git.lede-project.org/?p=source.git;a=commitdiff;h=60d26202537d95aeda2d9903ab8668ce9cc7326b|60d2620]]'' **<nowiki>kernel:</nowiki>** <nowiki>update bcma backporting changes up to 4.8</nowiki> //<color #ccc>(</color><color #282>+101</color><color #ccc>,</color><color #f00>-3</color><color #ccc>)</color>//\\
''[[https://git.lede-project.org/?p=source.git;a=commitdiff;h=a3be48593b04bfa3dd2b1c98dc360de742861b09|a3be485]]'' **<nowiki>bcm53xx:</nowiki>** <nowiki>refresh kernel patches</nowiki> //<color #ccc>(</color><color #282>+3</color><color #ccc>,</color><color #f00>-3</color><color #ccc>)</color>//\\
''[[https://git.lede-project.org/?p=source.git;a=commitdiff;h=2552e9319ef761176ebda66c172d38e62e4fcc58|2552e93]]'' **<nowiki>bcm53xx:</nowiki>** <nowiki>backport DTS patches for USB 2.0 and Tenda AC9</nowiki> //<color #ccc>(</color><color #282>+321</color><color #ccc>,</color><color #f00>-2</color><color #ccc>)</color>//\\
''[[https://git.lede-project.org/?p=source.git;a=commitdiff;h=f6a86ba0669e388904bbaa7d3fd3f63131b1f9f4|f6a86ba]]'' **<nowiki>bcm53xx:</nowiki>** <nowiki>enable kernel symbols/drivers needed for BCM53573</nowiki> //<color #ccc>(</color><color #282>+7</color><color #ccc>,</color><color #f00>-2</color><color #ccc>)</color>//\\
''[[https://git.lede-project.org/?p=source.git;a=commitdiff;h=63b525dd6b209af5554a2d053efd4b3ce6f60c9c|63b525d]]'' **<nowiki>image:</nowiki>** <nowiki>add a helper variable for getting kernel/rootfs from within image Buil...</nowiki> //<color #ccc>(</color><color #282>+54</color><color #ccc>,</color><color #f00>-51</color><color #ccc>)</color>//\\
''[[https://git.lede-project.org/?p=source.git;a=commitdiff;h=c769c1b58409e2c85c7c0d35d606929964fde780|c769c1b]]'' **<nowiki>bcm53xx:</nowiki>** <nowiki>add profiles for devices with FullMAC chipsets</nowiki> //<color #ccc>(</color><color #282>+12</color><color #ccc>,</color><color #f00>-1</color><color #ccc>)</color>//\\
''[[https://git.lede-project.org/?p=source.git;a=commitdiff;h=931d3092039d5d855a2cf81863a4d294d70595cd|931d309]]'' **<nowiki>bcm53xx:</nowiki>** <nowiki>add profile with brcmfmac for Netgear R7900</nowiki> //<color #ccc>(</color><color #282>+8</color><color #ccc>,</color><color #f00>-1</color><color #ccc>)</color>//\\
''[[https://git.lede-project.org/?p=source.git;a=commitdiff;h=d378a7c4f77eb28a8c48b89e8393642c3548e015|d378a7c]]'' **<nowiki>bcm53xx:</nowiki>** <nowiki>convert (disabled) Netgear R8500 image to own profile</nowiki> //<color #ccc>(</color><color #282>+8</color><color #ccc>,</color><color #f00>-1</color><color #ccc>)</color>//\\
''[[https://git.lede-project.org/?p=source.git;a=commitdiff;h=0b9de8daa70e2fc1c5e680e12559af77fe90d325|0b9de8d]]'' **<nowiki>bcm53xx:</nowiki>** <nowiki>add profiles for all other (SoftMAC) devices</nowiki> //<color #ccc>(</color><color #282>+34</color><color #ccc>,</color><color #f00>-31</color><color #ccc>)</color>//\\
''[[https://git.lede-project.org/?p=source.git;a=commitdiff;h=b835d7e81173eb5823e7367bf8faba08619b9e09|b835d7e]]'' **<nowiki>bcm53xx:</nowiki>** <nowiki>include USB modules in images for devices with USB ports</nowiki> //<color #ccc>(</color><color #282>+16</color><color #ccc>,</color><color #f00>-9</color><color #ccc>)</color>//\\
''[[https://git.lede-project.org/?p=source.git;a=commitdiff;h=fa350d5aba2e65826ab83e01ab28210836c0067f|fa350d5]]'' **<nowiki>bcm53xx:</nowiki>** <nowiki>add profiles for Buffalo devices</nowiki> //<color #ccc>(</color><color #282>+24</color><color #ccc>,</color><color #f00>-2</color><color #ccc>)</color>//\\
''[[https://git.lede-project.org/?p=source.git;a=commitdiff;h=b9d8c8101813a1ae400710906a2c481a9a543463|b9d8c81]]'' **<nowiki>bcm53xx:</nowiki>** <nowiki>rename PHY patches to use 07* prefix</nowiki> //<color #ccc>(</color><color #ccc>)</color>//\\
''[[https://git.lede-project.org/?p=source.git;a=commitdiff;h=e674c1aab30d9077beccf582e5b43ac7bcfa36e1|e674c1a]]'' **<nowiki>bcm53xx:</nowiki>** <nowiki>backport USB 3.0 Northstar PHY driver</nowiki> //<color #ccc>(</color><color #282>+362</color><color #ccc>)</color>//\\
''[[https://git.lede-project.org/?p=source.git;a=commitdiff;h=62c5f68095d0cb53c7a7b7d48cda40de23f35394|62c5f68]]'' **<nowiki>bcm53xx:</nowiki>** <nowiki>backport USB 3.0 controller init patch</nowiki> //<color #ccc>(</color><color #282>+87</color><color #ccc>,</color><color #f00>-42</color><color #ccc>)</color>//\\
''[[https://git.lede-project.org/?p=source.git;a=commitdiff;h=5b1c00e4fa97d2c424edc16f8521065298eee56c|5b1c00e]]'' **<nowiki>bcm53xx:</nowiki>** <nowiki>support USB 2.0 controller on BCM53573</nowiki> //<color #ccc>(</color><color #282>+171</color><color #ccc>,</color><color #f00>-9</color><color #ccc>)</color>//\\
''[[https://git.lede-project.org/?p=source.git;a=commitdiff;h=857f00a9f7fbdb0ba9a88efb6ae71fefe2e09f7c|857f00a]]'' **<nowiki>bcm53xx:</nowiki>** <nowiki>drop target's preinit network support script</nowiki> //<color #ccc>(</color><color #f00>-7</color><color #ccc>)</color>//\\
''[[https://git.lede-project.org/?p=source.git;a=commitdiff;h=dd7eddcb0880fe2b5d4bcbf7608625d382f215ec|dd7eddc]]'' **<nowiki>bcm53xx:</nowiki>** <nowiki>prepare for building Tenda AC9 TRX image</nowiki> //<color #ccc>(</color><color #282>+8</color><color #ccc>)</color>//\\
''[[https://git.lede-project.org/?p=source.git;a=commitdiff;h=38750ce739803bcf2b183a7fb3738eb685d21dff|38750ce]]'' **<nowiki>bcm53xx:</nowiki>** <nowiki>add temporary BCM53573 ILP clock driver</nowiki> //<color #ccc>(</color><color #282>+235</color><color #ccc>)</color>//\\
''[[https://git.lede-project.org/?p=source.git;a=commitdiff;h=27b078e83aa05e66697dfc177d6deb69dd7d4491|27b078e]]'' **<nowiki>bcm53xx:</nowiki>** <nowiki>add quick fixes for BCM53573</nowiki> //<color #ccc>(</color><color #282>+97</color><color #ccc>)</color>//\\
''[[https://git.lede-project.org/?p=source.git;a=commitdiff;h=58466208909d5b9264537256b353b3c3db57ef0e|5846620]]'' **<nowiki>bcm53xx:</nowiki>** <nowiki>fix warning caused by m25p80 patch</nowiki> //<color #ccc>(</color><color #282>+2</color><color #ccc>,</color><color #f00>-5</color><color #ccc>)</color>//\\
''[[https://git.lede-project.org/?p=source.git;a=commitdiff;h=93f2aa44f7833bd8d762ae4ef62c9f681ed58eef|93f2aa4]]'' **<nowiki>kernel:</nowiki>** <nowiki>bgmac: backport patch adding platform support</nowiki> //<color #ccc>(</color><color #282>+1.3K</color><color #ccc>,</color><color #f00>-25</color><color #ccc>)</color>//\\
''[[https://git.lede-project.org/?p=source.git;a=commitdiff;h=31fada8beca63e1d786aa21d364afedf104f6573|31fada8]]'' **<nowiki>bcm53xx:</nowiki>** <nowiki>generate proper network config for Tenda AC9</nowiki> //<color #ccc>(</color><color #282>+10</color><color #ccc>)</color>//\\
''[[https://git.lede-project.org/?p=source.git;a=commitdiff;h=d22ae5e888f4905ba843670181587bf201e1b14d|d22ae5e]]'' **<nowiki>bcm53xx:</nowiki>** <nowiki>package drivers for Northstar USB PHYs</nowiki> //<color #ccc>(</color><color #282>+37</color><color #ccc>)</color>//\\
''[[https://git.lede-project.org/?p=source.git;a=commitdiff;h=5e885c09c625c22d2995d477ef6cc8ee7595a817|5e885c0]]'' **<nowiki>bcm53xx:</nowiki>** <nowiki>switch back to standalone ASM entry flushing cache</nowiki> //<color #ccc>(</color><color #282>+167</color><color #ccc>,</color><color #f00>-86</color><color #ccc>)</color>//\\
''[[https://git.lede-project.org/?p=source.git;a=commitdiff;h=1bef5050ef62e82e061b9e6d88262dafd52fe966|1bef505]]'' **<nowiki>bcm53xx:</nowiki>** <nowiki>build Tenda AC9 image</nowiki> //<color #ccc>(</color><color #282>+1</color><color #ccc>,</color><color #f00>-1</color><color #ccc>)</color>//\\
''[[https://git.lede-project.org/?p=source.git;a=commitdiff;h=28d641be43a5acde4dc3ff49112852cb661fd41a|28d641b]]'' **<nowiki>bcm53xx:</nowiki>** <nowiki>update copy of ASM entry flushing whole D-cache</nowiki> //<color #ccc>(</color><color #282>+45</color><color #ccc>,</color><color #f00>-30</color><color #ccc>)</color>//\\
''[[https://git.lede-project.org/?p=source.git;a=commitdiff;h=fcdba8d59080f6e6cad3164da2c92d6543b94d7c|fcdba8d]]'' **<nowiki>bcm53xx:</nowiki>** <nowiki>backport patch adding ARCH_BCM_53573 symbol</nowiki> //<color #ccc>(</color><color #282>+64</color><color #ccc>,</color><color #f00>-2</color><color #ccc>)</color>//\\
''[[https://git.lede-project.org/?p=source.git;a=commitdiff;h=1bb914dbedea64a60164f63cbd9ea58359018ddc|1bb914d]]'' **<nowiki>bcm53xx:</nowiki>** <nowiki>use the latest 6th version of ILP clock driver patch</nowiki> //<color #ccc>(</color><color #282>+67</color><color #ccc>,</color><color #f00>-44</color><color #ccc>)</color>//\\
''[[https://git.lede-project.org/?p=source.git;a=commitdiff;h=aa53f78038d541052de8764323f6f26578327606|aa53f78]]'' **<nowiki>build:</nowiki>** <nowiki>fix subtarget descriptions</nowiki> //<color #ccc>(</color><color #282>+58</color><color #ccc>,</color><color #f00>-60</color><color #ccc>)</color>//\\
''[[https://git.lede-project.org/?p=source.git;a=commitdiff;h=dd158ef3462c5bf8366729a97f96fa19fa543699|dd158ef]]'' **<nowiki>bcm53xx:</nowiki>** <nowiki>use upstream queued patches for R8500 and AC9</nowiki> //<color #ccc>(</color><color #282>+37</color><color #ccc>,</color><color #f00>-43</color><color #ccc>)</color>//\\
''[[https://git.lede-project.org/?p=source.git;a=commitdiff;h=232767edf0a25d7b896c21233179579ad1a0ead8|232767e]]'' **<nowiki>bcm53xx:</nowiki>** <nowiki>enable switch port 5 on Tenda AC9</nowiki> //<color #ccc>(</color><color #282>+6</color><color #ccc>,</color><color #f00>-1</color><color #ccc>)</color>//\\
''[[https://git.lede-project.org/?p=source.git;a=commitdiff;h=85fefcdb61e9362abbb16eb2a9d3e6dda19a175b|85fefcd]]'' **<nowiki>kernel:</nowiki>** <nowiki>mtd: backport Macronix sector size fix</nowiki> //<color #ccc>(</color><color #282>+44</color><color #ccc>,</color><color #f00>-29</color><color #ccc>)</color>//\\
''[[https://git.lede-project.org/?p=source.git;a=commitdiff;h=e7ec7a08aae0afb1064d1bf26a9cd6fe1e64d516|e7ec7a0]]'' **<nowiki>image:</nowiki>** <nowiki>use k as unit suffix for blocksize</nowiki> //<color #ccc>(</color><color #282>+23</color><color #ccc>,</color><color #f00>-23</color><color #ccc>)</color>//\\
''[[https://git.lede-project.org/?p=source.git;a=commitdiff;h=d27bce8d28eb129af0abd9c80a7756301b7d588a|d27bce8]]'' **<nowiki>build:</nowiki>** <nowiki>drop UBI EOF marker from images by default</nowiki> //<color #ccc>(</color><color #282>+4</color><color #ccc>,</color><color #f00>-3</color><color #ccc>)</color>//\\
''[[https://git.lede-project.org/?p=source.git;a=commitdiff;h=2c38b6e076641d79aeecd5fd238c9444b26814ef|2c38b6e]]'' **<nowiki>bcm53xx:</nowiki>** <nowiki>specify brcmfmac firmware for every device</nowiki> //<color #ccc>(</color><color #282>+7</color><color #ccc>,</color><color #f00>-5</color><color #ccc>)</color>//\\
''[[https://git.lede-project.org/?p=source.git;a=commitdiff;h=b964196c68d6727d14bfae868ff428d240e011c9|b964196]]'' **<nowiki>bcm53xx:</nowiki>** <nowiki>use the latest submitted version of ILP clock driver</nowiki> //<color #ccc>(</color><color #282>+52</color><color #ccc>,</color><color #f00>-63</color><color #ccc>)</color>//\\
''[[https://git.lede-project.org/?p=source.git;a=commitdiff;h=41a582a986595ed4e20c3e2969f31a041390e4f6|41a582a]]'' **<nowiki>bcm53xx:</nowiki>** <nowiki>use upstream accepted ILP clk driver for BCM53573</nowiki> //<color #ccc>(</color><color #282>+13</color><color #ccc>,</color><color #f00>-30</color><color #ccc>)</color>//\\
''[[https://git.lede-project.org/?p=source.git;a=commitdiff;h=1ac5cf771371f820599393253333f5cc4776f87e|1ac5cf7]]'' **<nowiki>bcm53xx:</nowiki>** <nowiki>move BCM53573 USB 2.0 patch to use backports prefix</nowiki> //<color #ccc>(</color><color #282>+3</color><color #ccc>,</color><color #f00>-2</color><color #ccc>)</color>//\\
''[[https://git.lede-project.org/?p=source.git;a=commitdiff;h=d5dcb1bf97c421fe59925dba8e9197a4b7d67536|d5dcb1b]]'' **<nowiki>bcm53xx:</nowiki>** <nowiki>backport BCM5301X patches from 2019-09-30</nowiki> //<color #ccc>(</color><color #282>+471</color><color #ccc>,</color><color #f00>-30</color><color #ccc>)</color>//\\
''[[https://git.lede-project.org/?p=source.git;a=commitdiff;h=7120a430133b6cfd90ab2b48965323946366e013|7120a43]]'' **<nowiki>bcm53xx:</nowiki>** <nowiki>add patch specifying USB controllers in DT</nowiki> //<color #ccc>(</color><color #282>+64</color><color #ccc>,</color><color #f00>-4</color><color #ccc>)</color>//\\
''[[https://git.lede-project.org/?p=source.git;a=commitdiff;h=d7e41df24a6191f5482f52161e398a3c162199ca|d7e41df]]'' **<nowiki>bcm53xx:</nowiki>** <nowiki>switch to standalone USB 2.0 PHY driver</nowiki> //<color #ccc>(</color><color #282>+142</color><color #ccc>,</color><color #f00>-128</color><color #ccc>)</color>//\\
''[[https://git.lede-project.org/?p=source.git;a=commitdiff;h=28974de663da517787045acd999be88714429261|28974de]]'' **<nowiki>bcm53xx:</nowiki>** <nowiki>drop unneeded fix for usb3-lpm-capable DT property</nowiki> //<color #ccc>(</color><color #282>+14</color><color #ccc>,</color><color #f00>-67</color><color #ccc>)</color>//\\
''[[https://git.lede-project.org/?p=source.git;a=commitdiff;h=ba1024b9c921db36df2eae0ebb8adf5b648d4882|ba1024b]]'' **<nowiki>bcm53xx:</nowiki>** <nowiki>use the latest XHCI doorbell patch sent for upstream</nowiki> //<color #ccc>(</color><color #282>+158</color><color #ccc>,</color><color #f00>-371</color><color #ccc>)</color>//\\
''[[https://git.lede-project.org/?p=source.git;a=commitdiff;h=ea7462ae074be6ab6e014eece1b6bd373d3dd318|ea7462a]]'' **<nowiki>bcm53xx:</nowiki>** <nowiki>include usbport trigger for devices with USB</nowiki> //<color #ccc>(</color><color #282>+1</color><color #ccc>)</color>//\\
''[[https://git.lede-project.org/?p=source.git;a=commitdiff;h=3b26a5bb15978914118a7958764f5c8079bf72f9|3b26a5b]]'' **<nowiki>bcm53xx:</nowiki>** <nowiki>include b43 in Tenda AC9 image</nowiki> //<color #ccc>(</color><color #282>+1</color><color #ccc>,</color><color #f00>-1</color><color #ccc>)</color>//\\
''[[https://git.lede-project.org/?p=source.git;a=commitdiff;h=2f2ea7b44c6affb24426759b93d45d0aa26a74d5|2f2ea7b]]'' **<nowiki>kernel:</nowiki>** <nowiki>update kernel 4.4 to version 4.4.30</nowiki> //<color #ccc>(</color><color #282>+72</color><color #ccc>,</color><color #f00>-73</color><color #ccc>)</color>//\\
''[[https://git.lede-project.org/?p=source.git;a=commitdiff;h=1a1c3c690f6411fec0e91bfbdcf28a012a3e0f4e|1a1c3c6]]'' **<nowiki>bcm53xx:</nowiki>** <nowiki>add switch config for Buffalo WXR-1900DHP and WZR-1750DHP</nowiki> //<color #ccc>(</color><color #282>+7</color><color #ccc>)</color>//\\
''[[https://git.lede-project.org/?p=source.git;a=commitdiff;h=eab2b17d436fa7fd72f4ec4d84d2cd497fcbc0cb|eab2b17]]'' **<nowiki>bcm53xx:</nowiki>** <nowiki>add kernel support for TP-LINK Archer C9 V1</nowiki> //<color #ccc>(</color><color #282>+194</color><color #ccc>,</color><color #f00>-42</color><color #ccc>)</color>//\\
''[[https://git.lede-project.org/?p=source.git;a=commitdiff;h=2d61c26f02557b0b3734f694efdb81a2694fdd70|2d61c26]]'' **<nowiki>bcm53xx:</nowiki>** <nowiki>support SafeLoader format in sysupgrade</nowiki> //<color #ccc>(</color><color #282>+36</color><color #ccc>,</color><color #f00>-2</color><color #ccc>)</color>//\\
''[[https://git.lede-project.org/?p=source.git;a=commitdiff;h=5e339a48aa95b4c7702829c09a99ccf3b99aad3e|5e339a4]]'' **<nowiki>bcm53xx:</nowiki>** <nowiki>build image for TP-LINK Archer C9 v1</nowiki> //<color #ccc>(</color><color #282>+27</color><color #ccc>,</color><color #f00>-1</color><color #ccc>)</color>//\\
''[[https://git.lede-project.org/?p=source.git;a=commitdiff;h=32875a2d79a553c339f861190a4e9f21c97da88e|32875a2]]'' **<nowiki>bcm53xx:</nowiki>** <nowiki>use upstream accepted fix for ARM core aborts</nowiki> //<color #ccc>(</color><color #282>+75</color><color #ccc>,</color><color #f00>-42</color><color #ccc>)</color>//\\
''[[https://git.lede-project.org/?p=source.git;a=commitdiff;h=102cb4742c14f78bf86b7d77c568c205f0d99d85|102cb47]]'' **<nowiki>kernel:</nowiki>** <nowiki>bump to 4.4.35</nowiki> //<color #ccc>(</color><color #282>+191</color><color #ccc>,</color><color #f00>-308</color><color #ccc>)</color>//\\
''[[https://git.lede-project.org/?p=source.git;a=commitdiff;h=ee55a19a618a30182213937c8c96e056d8f9ed41|ee55a19]]'' **<nowiki>bcm53xx:</nowiki>** <nowiki>update patch adding fake USB doorbell</nowiki> //<color #ccc>(</color><color #282>+8</color><color #ccc>,</color><color #f00>-26</color><color #ccc>)</color>//\\
''[[https://git.lede-project.org/?p=source.git;a=commitdiff;h=52c7375c134afd204f6ac9d46265f77f7800123c|52c7375]]'' **<nowiki>bcm53xx:</nowiki>** <nowiki>disable CONFIG_FW_LOADER_USER_HELPER_FALLBACK</nowiki> //<color #ccc>(</color><color #282>+1</color><color #ccc>)</color>//\\
''[[https://git.lede-project.org/?p=source.git;a=commitdiff;h=1feb166ee7e851435c174fa2c823f97f8cba8c35|1feb166]]'' **<nowiki>bcm53xx:</nowiki>** <nowiki>backport DTS patches accepted for 4.11</nowiki> //<color #ccc>(</color><color #282>+502</color><color #ccc>,</color><color #f00>-160</color><color #ccc>)</color>//\\
''[[https://git.lede-project.org/?p=source.git;a=commitdiff;h=2ca4c74279454036a5d7f7cca1e95e8c2349701b|2ca4c74]]'' **<nowiki>bcm53xx:</nowiki>** <nowiki>backport missed BCM53573 ILP patch from 4.10</nowiki> //<color #ccc>(</color><color #282>+39</color><color #ccc>,</color><color #f00>-13</color><color #ccc>)</color>//\\
''[[https://git.lede-project.org/?p=source.git;a=commitdiff;h=c5ca3043d105462ed75d7cc46ee2e7a376623fa9|c5ca304]]'' **<nowiki>bcm53xx:</nowiki>** <nowiki>drop unused source file of bcm53xxspiflash</nowiki> //<color #ccc>(</color><color #f00>-228</color><color #ccc>)</color>//\\
''[[https://git.lede-project.org/?p=source.git;a=commitdiff;h=d6c831e0e5a0ef97eb054dd3eb382d66b1bffc40|d6c831e]]'' **<nowiki>generic:</nowiki>** <nowiki>mtd: backport SPI_NOR_HAS_LOCK</nowiki> //<color #ccc>(</color><color #282>+178</color><color #ccc>,</color><color #f00>-183</color><color #ccc>)</color>//\\
''[[https://git.lede-project.org/?p=source.git;a=commitdiff;h=018d80007e6d9469077d938872e605f826010767|018d800]]'' **<nowiki>kernel:</nowiki>** <nowiki>remove ubifs xz decompression support</nowiki> //<color #ccc>(</color><color #282>+5</color><color #ccc>,</color><color #f00>-1.1K</color><color #ccc>)</color>//\\
''[[https://git.lede-project.org/?p=source.git;a=commitdiff;h=1a5cb4ac1bd0f1a7047e2a6825950654c44ca01f|1a5cb4a]]'' **<nowiki>kernel:</nowiki>** <nowiki>add pending bcm47xxpart support for failsafe TRX partition</nowiki> //<color #ccc>(</color><color #282>+316</color><color #ccc>,</color><color #f00>-52</color><color #ccc>)</color>//\\
''[[https://git.lede-project.org/?p=source.git;a=commitdiff;h=7c8a36340c3a5f0443329731ada1be43489d3050|7c8a363]]'' **<nowiki>kernel:</nowiki>** <nowiki>update bcm47xxpart failsafe partition patches</nowiki> //<color #ccc>(</color><color #282>+49</color><color #ccc>,</color><color #f00>-37</color><color #ccc>)</color>//\\
''[[https://git.lede-project.org/?p=source.git;a=commitdiff;h=4ce3c416965e1d08728833cc7d074688041c163e|4ce3c41]]'' **<nowiki>bcm53xx:</nowiki>** <nowiki>backport upstream bcm53xx spi driver changes</nowiki> //<color #ccc>(</color><color #282>+102</color><color #ccc>,</color><color #f00>-41</color><color #ccc>)</color>//\\
''[[https://git.lede-project.org/?p=source.git;a=commitdiff;h=5b089e45a649b936d5ce71930adef4fdea8a7875|5b089e4]]'' **<nowiki>kernel:</nowiki>** <nowiki>update 4.4 kernel to 4.4.42</nowiki> //<color #ccc>(</color><color #282>+108</color><color #ccc>,</color><color #f00>-98</color><color #ccc>)</color>//\\
''[[https://git.lede-project.org/?p=source.git;a=commitdiff;h=ea6d10d572ed819bb272d214bfbeeca32d9ea3ae|ea6d10d]]'' **<nowiki>bcm53xx:</nowiki>** <nowiki>add pending BCM5301X patches: Netgear R8000 WiFi & Luxul DTS</nowiki> //<color #ccc>(</color><color #282>+343</color><color #ccc>,</color><color #f00>-1</color><color #ccc>)</color>//\\
''[[https://git.lede-project.org/?p=source.git;a=commitdiff;h=6b68635047399a7c294de0fea67eab78a4dcdc15|6b68635]]'' **<nowiki>bcm53xx:</nowiki>** <nowiki>disable building Linksys EA6300 V1 image</nowiki> //<color #ccc>(</color><color #282>+2</color><color #ccc>,</color><color #f00>-1</color><color #ccc>)</color>//\\
''[[https://git.lede-project.org/?p=source.git;a=commitdiff;h=e3849823e046a3c5f16d3f31e2b0b6d62351f8c2|e384982]]'' **<nowiki>kernel:</nowiki>** <nowiki>update bcma to fix devm memory leaks</nowiki> //<color #ccc>(</color><color #282>+133</color><color #ccc>,</color><color #f00>-2</color><color #ccc>)</color>//\\
''[[https://git.lede-project.org/?p=source.git;a=commitdiff;h=d5b53395407ee43c80dbf0fb2a46567cba51033d|d5b5339]]'' **<nowiki>bcm53xx:</nowiki>** <nowiki>fix LAN MAC address for devices that use eth2 originally</nowiki> //<color #ccc>(</color><color #282>+6</color><color #ccc>)</color>//\\
''[[https://git.lede-project.org/?p=source.git;a=commitdiff;h=5ed23223fd1f53dd7b0501d640374627e1f32785|5ed2322]]'' **<nowiki>bcm53xx:</nowiki>** <nowiki>set WAN MAC address to don't share one with LAN interface</nowiki> //<color #ccc>(</color><color #282>+10</color><color #ccc>,</color><color #f00>-1</color><color #ccc>)</color>//\\
''[[https://git.lede-project.org/?p=source.git;a=commitdiff;h=29c0b575ee96bb46c68a31c5d07efc277883e930|29c0b57]]'' **<nowiki>bcm53xx:</nowiki>** <nowiki>use accepted BCM5301X patches for R8000 and Luxul devices</nowiki> //<color #ccc>(</color><color #282>+9</color><color #ccc>)</color>//\\
''[[https://git.lede-project.org/?p=source.git;a=commitdiff;h=81f9cd56a2699734f64510024358408ac9bd2288|81f9cd5]]'' **<nowiki>bcm53xx:</nowiki>** <nowiki>backport upstream DTS files for Linksys devices</nowiki> //<color #ccc>(</color><color #282>+92</color><color #ccc>,</color><color #f00>-16</color><color #ccc>)</color>//\\
''[[https://git.lede-project.org/?p=source.git;a=commitdiff;h=8ff8e51cdaf7acac1e9c3db0f6e339bff8c5f9a3|8ff8e51]]'' **<nowiki>bcm53xx:</nowiki>** <nowiki>image: use one style of adding TARGET_DEVICES entries</nowiki> //<color #ccc>(</color><color #282>+4</color><color #ccc>,</color><color #f00>-4</color><color #ccc>)</color>//\\
''[[https://git.lede-project.org/?p=source.git;a=commitdiff;h=518bb7ae5a91d779ab28ab377ede188ed4a7ae6c|518bb7a]]'' **<nowiki>bcm53xx:</nowiki>** <nowiki>refresh Linux 4.4 config</nowiki> //<color #ccc>(</color><color #282>+7</color><color #ccc>)</color>//\\
''[[https://git.lede-project.org/?p=source.git;a=commitdiff;h=f2b885d82e6e7859f7cc32b557bbd80735e32b47|f2b885d]]'' **<nowiki>bcm53xx:</nowiki>** <nowiki>set Netgear R8000 USB LEDs</nowiki> //<color #ccc>(</color><color #282>+18</color><color #ccc>)</color>//\\
''[[https://git.lede-project.org/?p=source.git;a=commitdiff;h=083854f06f0c340bd63ad5c75a8afa7fc97d9b38|083854f]]'' **<nowiki>bcm53xx:</nowiki>** <nowiki>add missing system.sh include</nowiki> //<color #ccc>(</color><color #282>+1</color><color #ccc>)</color>//\\

==== Target / brcm2708 (43 changes) ====
''[[https://git.lede-project.org/?p=source.git;a=commitdiff;h=f233664faa41ca5a3df1702f4eada771096af67c|f233664]]'' **<nowiki>brcm2708-gpu-fw:</nowiki>** <nowiki>update to latest version</nowiki> //<color #ccc>(</color><color #282>+66</color><color #ccc>,</color><color #f00>-8</color><color #ccc>)</color>//\\
''[[https://git.lede-project.org/?p=source.git;a=commitdiff;h=a8d4d71c41ff0158c2026cac5981e39702167da9|a8d4d71]]'' **<nowiki>brcm2708:</nowiki>** <nowiki>update to latest version</nowiki> //<color #ccc>(</color><color #282>+13.4K</color><color #ccc>,</color><color #f00>-839</color><color #ccc>)</color>//\\
''[[https://git.lede-project.org/?p=source.git;a=commitdiff;h=e821fdbadb48aee3d7bc35a6f4cc07bc227fcba1|e821fdb]]'' **<nowiki>brcm2708:</nowiki>** <nowiki>add missing config symbols</nowiki> //<color #ccc>(</color><color #282>+9</color><color #ccc>)</color>//\\
''[[https://git.lede-project.org/?p=source.git;a=commitdiff;h=3339f41d2692e2e03ece172bedbaea767270500c|3339f41]]'' **<nowiki>brcm2708:</nowiki>** <nowiki>implement sysupgrade image check</nowiki> //<color #ccc>(</color><color #282>+15</color><color #ccc>,</color><color #f00>-1</color><color #ccc>)</color>//\\
''[[https://git.lede-project.org/?p=source.git;a=commitdiff;h=dc929174095a00150de6a3e48d46355d24f223b9|dc92917]]'' <nowiki>image / basefiles: make console password configurable</nowiki> //<color #ccc>(</color><color #282>+48</color><color #ccc>,</color><color #f00>-42</color><color #ccc>)</color>//\\
''[[https://git.lede-project.org/?p=source.git;a=commitdiff;h=3faf65e92857aa5466791da3ec623c23af1f8130|3faf65e]]'' **<nowiki>kernel:</nowiki>** <nowiki>update kernel 4.4 to version 4.4.8</nowiki> //<color #ccc>(</color><color #282>+37</color><color #ccc>,</color><color #f00>-236</color><color #ccc>)</color>//\\
''[[https://git.lede-project.org/?p=source.git;a=commitdiff;h=525b311bf869d7e252d744e501e227263a955c8e|525b311]]'' **<nowiki>brcm2708:</nowiki>** <nowiki>update linux 4.4 patches to latest version</nowiki> //<color #ccc>(</color><color #282>+9.1K</color><color #ccc>,</color><color #f00>-448</color><color #ccc>)</color>//\\
''[[https://git.lede-project.org/?p=source.git;a=commitdiff;h=7df19641801c50666829e2b101633da8d065ed14|7df1964]]'' **<nowiki>brcm2708:</nowiki>** <nowiki>removes backported patch (linux-4.4.7)</nowiki> //<color #ccc>(</color><color #f00>-25</color><color #ccc>)</color>//\\
''[[https://git.lede-project.org/?p=source.git;a=commitdiff;h=b062266ad650f5dac98f1e1779f371274c9b2237|b062266]]'' **<nowiki>kernel:</nowiki>** <nowiki>update kernel 4.4 to version 4.4.9</nowiki> //<color #ccc>(</color><color #282>+248</color><color #ccc>,</color><color #f00>-922</color><color #ccc>)</color>//\\
''[[https://git.lede-project.org/?p=source.git;a=commitdiff;h=424a94d81a5ff90e626a38517661795297f62274|424a94d]]'' **<nowiki>brcm2708:</nowiki>** <nowiki>convert to the new building system</nowiki> //<color #ccc>(</color><color #282>+20</color><color #ccc>,</color><color #f00>-72</color><color #ccc>)</color>//\\
''[[https://git.lede-project.org/?p=source.git;a=commitdiff;h=c4664b0f911614a2d19eddcb9b52e2937581ca5b|c4664b0]]'' **<nowiki>kernel:</nowiki>** <nowiki>update kernel 4.4 to version 4.4.11</nowiki> //<color #ccc>(</color><color #282>+114</color><color #ccc>,</color><color #f00>-991</color><color #ccc>)</color>//\\
''[[https://git.lede-project.org/?p=source.git;a=commitdiff;h=cf58007abcbd14fbd64d2efca1f132fd6eb8b2f0|cf58007]]'' **<nowiki>bcm2708:</nowiki>** <nowiki>explicitly check for SUBTARGET instead of using the device SUBTARGET...</nowiki> //<color #ccc>(</color><color #282>+9</color><color #ccc>,</color><color #f00>-6</color><color #ccc>)</color>//\\
''[[https://git.lede-project.org/?p=source.git;a=commitdiff;h=8998dc14a5bc1fc79d01cfd60ff9cab3e4f0c8be|8998dc1]]'' **<nowiki>brcm2708:</nowiki>** <nowiki>fix SUBTARGET checks for bcm2709/bcm2710</nowiki> //<color #ccc>(</color><color #282>+2</color><color #ccc>,</color><color #f00>-2</color><color #ccc>)</color>//\\
''[[https://git.lede-project.org/?p=source.git;a=commitdiff;h=65ae9db41ab70f496dbfbdb26a76952aa42d8ddf|65ae9db]]'' **<nowiki>brcm2708:</nowiki>** <nowiki>fix build error introduced in 2b4e5d47</nowiki> //<color #ccc>(</color><color #282>+1</color><color #ccc>,</color><color #f00>-4</color><color #ccc>)</color>//\\
''[[https://git.lede-project.org/?p=source.git;a=commitdiff;h=a105eac4dd424fafdea3a72c270ef9cf9cdc1433|a105eac]]'' **<nowiki>kernel:</nowiki>** <nowiki>update kernel 4.4 to version 4.4.12</nowiki> //<color #ccc>(</color><color #282>+569</color><color #ccc>,</color><color #f00>-1.4K</color><color #ccc>)</color>//\\
''[[https://git.lede-project.org/?p=source.git;a=commitdiff;h=ece009dbf17511a464fabbfc26b7c770d7c672d5|ece009d]]'' **<nowiki>brcm2708:</nowiki>** <nowiki>take over maintainership</nowiki> //<color #ccc>(</color><color #282>+1</color><color #ccc>,</color><color #f00>-1</color><color #ccc>)</color>//\\
''[[https://git.lede-project.org/?p=source.git;a=commitdiff;h=3fc661a98c8046a27dcf45a63049ee6605ebd364|3fc661a]]'' **<nowiki>brcm2708:</nowiki>** <nowiki>update linux 4.4 patches to latest version</nowiki> //<color #ccc>(</color><color #282>+8.8K</color><color #ccc>,</color><color #f00>-656</color><color #ccc>)</color>//\\
''[[https://git.lede-project.org/?p=source.git;a=commitdiff;h=09f0850ba8b83b9b44fe59d467a0c59e16482843|09f0850]]'' **<nowiki>brcm2708:</nowiki>** <nowiki>fix missing dependency found by buildbot</nowiki> //<color #ccc>(</color><color #282>+4</color><color #ccc>,</color><color #f00>-1</color><color #ccc>)</color>//\\
''[[https://git.lede-project.org/?p=source.git;a=commitdiff;h=0691a172d034b8eb0a4062775d04f07c1f972274|0691a17]]'' **<nowiki>brcm2708:</nowiki>** <nowiki>fix another missing kmod dependency</nowiki> //<color #ccc>(</color><color #282>+4</color><color #ccc>,</color><color #f00>-1</color><color #ccc>)</color>//\\
''[[https://git.lede-project.org/?p=source.git;a=commitdiff;h=0aa6c7df60d0d4a4fa01dc1b185df31ffb2c53f6|0aa6c7d]]'' **<nowiki>kernel:</nowiki>** <nowiki>update kernel 4.4 to version 4.4.13</nowiki> //<color #ccc>(</color><color #282>+56</color><color #ccc>,</color><color #f00>-312</color><color #ccc>)</color>//\\
''[[https://git.lede-project.org/?p=source.git;a=commitdiff;h=63cb2fb88d3c4f919a00743b1fdbed1cf977d935|63cb2fb]]'' **<nowiki>brcm2708:</nowiki>** <nowiki>properly detect the Raspberry Pi Zero</nowiki> //<color #ccc>(</color><color #282>+6</color><color #ccc>,</color><color #f00>-2</color><color #ccc>)</color>//\\
''[[https://git.lede-project.org/?p=source.git;a=commitdiff;h=84d489f64f3b382d5544e342f66d8806e94e85d3|84d489f]]'' **<nowiki>kernel:</nowiki>** <nowiki>update to version 4.4.14</nowiki> //<color #ccc>(</color><color #282>+567</color><color #ccc>,</color><color #f00>-1.1K</color><color #ccc>)</color>//\\
''[[https://git.lede-project.org/?p=source.git;a=commitdiff;h=20402106a376dcc4a766d3b0cee801ce29ba76d5|2040210]]'' **<nowiki>brcm2708:</nowiki>** <nowiki>update linux 4.4 patches to latest version</nowiki> //<color #ccc>(</color><color #282>+4.7K</color><color #ccc>,</color><color #f00>-776</color><color #ccc>)</color>//\\
''[[https://git.lede-project.org/?p=source.git;a=commitdiff;h=efa1960abb390d696704d029507dff671cc271fd|efa1960]]'' **<nowiki>kernel:</nowiki>** <nowiki>update kernel 4.4 to version 4.4.15</nowiki> //<color #ccc>(</color><color #282>+64</color><color #ccc>,</color><color #f00>-210</color><color #ccc>)</color>//\\
''[[https://git.lede-project.org/?p=source.git;a=commitdiff;h=8e2764ce9bb6716acb955a0c27d8db291d68650c|8e2764c]]'' **<nowiki>image.mk:</nowiki>** <nowiki>clean up redundant code related to DEVICE_DTS</nowiki> //<color #ccc>(</color><color #282>+10</color><color #ccc>,</color><color #f00>-20</color><color #ccc>)</color>//\\
''[[https://git.lede-project.org/?p=source.git;a=commitdiff;h=63b525dd6b209af5554a2d053efd4b3ce6f60c9c|63b525d]]'' **<nowiki>image:</nowiki>** <nowiki>add a helper variable for getting kernel/rootfs from within image Buil...</nowiki> //<color #ccc>(</color><color #282>+54</color><color #ccc>,</color><color #f00>-51</color><color #ccc>)</color>//\\
''[[https://git.lede-project.org/?p=source.git;a=commitdiff;h=8072264b96785184b76aa46bcd08b4f9cdfada42|8072264]]'' **<nowiki>kernel:</nowiki>** <nowiki>update kernel 4.4 to version 4.4.19</nowiki> //<color #ccc>(</color><color #282>+400</color><color #ccc>,</color><color #f00>-939</color><color #ccc>)</color>//\\
''[[https://git.lede-project.org/?p=source.git;a=commitdiff;h=aa53f78038d541052de8764323f6f26578327606|aa53f78]]'' **<nowiki>build:</nowiki>** <nowiki>fix subtarget descriptions</nowiki> //<color #ccc>(</color><color #282>+58</color><color #ccc>,</color><color #f00>-60</color><color #ccc>)</color>//\\
''[[https://git.lede-project.org/?p=source.git;a=commitdiff;h=2b1c6b21b5e6c82ebb55d7fb7df90e60e88cbb14|2b1c6b2]]'' **<nowiki>brcm2708:</nowiki>** <nowiki>update linux 4.4 patches to latest version</nowiki> //<color #ccc>(</color><color #282>+9.3K</color><color #ccc>,</color><color #f00>-1.0K</color><color #ccc>)</color>//\\
''[[https://git.lede-project.org/?p=source.git;a=commitdiff;h=d14c28fc80d98cc712074c869cbd1659398e8829|d14c28f]]'' **<nowiki>kernel:</nowiki>** <nowiki>update kernel 4.4 to version 4.4.20</nowiki> //<color #ccc>(</color><color #282>+41</color><color #ccc>,</color><color #f00>-70</color><color #ccc>)</color>//\\
''[[https://git.lede-project.org/?p=source.git;a=commitdiff;h=ba5a9aba5c2bcc22cf8f11c5c4aba2be644bb5ad|ba5a9ab]]'' **<nowiki>brcmfmac43430-firmware:</nowiki>** <nowiki>rename to brcmfmac-firmware-43430-sdio</nowiki> //<color #ccc>(</color><color #282>+7</color><color #ccc>,</color><color #f00>-7</color><color #ccc>)</color>//\\
''[[https://git.lede-project.org/?p=source.git;a=commitdiff;h=c3d3111831d49d1ab37d90bbe6a61f1b2263721d|c3d3111]]'' **<nowiki>brcmfmac43430-firmware:</nowiki>** <nowiki>remove package and switch to linux-firmware</nowiki> //<color #ccc>(</color><color #282>+75</color><color #ccc>,</color><color #f00>-63</color><color #ccc>)</color>//\\
''[[https://git.lede-project.org/?p=source.git;a=commitdiff;h=949cfbb24374be151e2c01db09dd98bc8537a989|949cfbb]]'' **<nowiki>kernel:</nowiki>** <nowiki>update kernel 4.4 to version 4.4.22</nowiki> //<color #ccc>(</color><color #282>+30</color><color #ccc>,</color><color #f00>-29</color><color #ccc>)</color>//\\
''[[https://git.lede-project.org/?p=source.git;a=commitdiff;h=611399f1f8601835ca2118a548d58f556cf4b0df|611399f]]'' **<nowiki>brcm2708:</nowiki>** <nowiki>fix image generation with imagebuilder</nowiki> //<color #ccc>(</color><color #282>+5</color><color #ccc>,</color><color #f00>-1</color><color #ccc>)</color>//\\
''[[https://git.lede-project.org/?p=source.git;a=commitdiff;h=d0b50c2770a0e2d54b37153f2801e2e7dc865fa6|d0b50c2]]'' **<nowiki>kernel:</nowiki>** <nowiki>drop usbdev LED trigger</nowiki> //<color #ccc>(</color><color #282>+5</color><color #ccc>,</color><color #f00>-488</color><color #ccc>)</color>//\\
''[[https://git.lede-project.org/?p=source.git;a=commitdiff;h=a569354481e583e65330c8cd11bb269ef192e70c|a569354]]'' **<nowiki>kernel:</nowiki>** <nowiki>update kernel 4.4 to version 4.4.28</nowiki> //<color #ccc>(</color><color #282>+19</color><color #ccc>,</color><color #f00>-19</color><color #ccc>)</color>//\\
''[[https://git.lede-project.org/?p=source.git;a=commitdiff;h=8e47655d4e979d65c7e488faea4e1fcca8e4cddc|8e47655]]'' **<nowiki>kernel:</nowiki>** <nowiki>update kernel 4.4 to version 4.4.32</nowiki> //<color #ccc>(</color><color #282>+70</color><color #ccc>,</color><color #f00>-84</color><color #ccc>)</color>//\\
''[[https://git.lede-project.org/?p=source.git;a=commitdiff;h=011f2c26f1b62e309f2eac6a3101bfe0a3c76c7e|011f2c2]]'' **<nowiki>brcm2708:</nowiki>** <nowiki>update linux 4.4 patches to latest version</nowiki> //<color #ccc>(</color><color #282>+6.6K</color><color #ccc>,</color><color #f00>-480</color><color #ccc>)</color>//\\
''[[https://git.lede-project.org/?p=source.git;a=commitdiff;h=c21af889bbd34fd62502c9b1fa1dc2fee7b2f2f2|c21af88]]'' **<nowiki>brcm2708:</nowiki>** <nowiki>unbreak the spidev build</nowiki> //<color #ccc>(</color><color #282>+6</color><color #ccc>,</color><color #f00>-4</color><color #ccc>)</color>//\\
''[[https://git.lede-project.org/?p=source.git;a=commitdiff;h=88ca6390eab24efda3f6333453cd645b5e20e400|88ca639]]'' **<nowiki>kernel:</nowiki>** <nowiki>bump to 4.4.40</nowiki> //<color #ccc>(</color><color #282>+48</color><color #ccc>,</color><color #f00>-153</color><color #ccc>)</color>//\\
''[[https://git.lede-project.org/?p=source.git;a=commitdiff;h=01d9527357767324158e7182d1d1484dde842ccb|01d9527]]'' **<nowiki>kernel:</nowiki>** <nowiki>remove DEVTMPFS platform overrides</nowiki> //<color #ccc>(</color><color #f00>-5</color><color #ccc>)</color>//\\
''[[https://git.lede-project.org/?p=source.git;a=commitdiff;h=5b089e45a649b936d5ce71930adef4fdea8a7875|5b089e4]]'' **<nowiki>kernel:</nowiki>** <nowiki>update 4.4 kernel to 4.4.42</nowiki> //<color #ccc>(</color><color #282>+108</color><color #ccc>,</color><color #f00>-98</color><color #ccc>)</color>//\\
''[[https://git.lede-project.org/?p=source.git;a=commitdiff;h=ee3067c588139ef60a72f5fecac979580d3651e3|ee3067c]]'' **<nowiki>Kernel:</nowiki>** <nowiki>bump to 4.4.44</nowiki> //<color #ccc>(</color><color #282>+41</color><color #ccc>,</color><color #f00>-76</color><color #ccc>)</color>//\\

==== Target / brcm47xx (41 changes) ====
''[[https://git.lede-project.org/?p=source.git;a=commitdiff;h=c3cf3c4ec4849f0594b5b7ffcb3502e5c28564b4|c3cf3c4]]'' **<nowiki>brcm47xx:</nowiki>** <nowiki>fix wgt634u port assignment, broken since openwrt r47866</nowiki> //<color #ccc>(</color><color #282>+1</color><color #ccc>,</color><color #f00>-1</color><color #ccc>)</color>//\\
''[[https://git.lede-project.org/?p=source.git;a=commitdiff;h=98010ab4898685ac32e8a27bb010c0872c401610|98010ab]]'' **<nowiki>kernel:</nowiki>** <nowiki>remove ocf support, cryptodev-linux should be used instead</nowiki> //<color #ccc>(</color><color #282>+4</color><color #ccc>,</color><color #f00>-94.7K</color><color #ccc>)</color>//\\
''[[https://git.lede-project.org/?p=source.git;a=commitdiff;h=7eeb254cc49c4e9f837c980826ec112b9404f341|7eeb254]]'' **<nowiki>treewide:</nowiki>** <nowiki>replace nbd@openwrt.org with nbd@nbd.name</nowiki> //<color #ccc>(</color><color #282>+299</color><color #ccc>,</color><color #f00>-299</color><color #ccc>)</color>//\\
''[[https://git.lede-project.org/?p=source.git;a=commitdiff;h=9b4f17593ad3fcfbbb7e69036ce79187424caaaa|9b4f175]]'' **<nowiki>brcm47xx:</nowiki>** <nowiki>add the small_Flash feature</nowiki> //<color #ccc>(</color><color #282>+1</color><color #ccc>,</color><color #f00>-1</color><color #ccc>)</color>//\\
''[[https://git.lede-project.org/?p=source.git;a=commitdiff;h=cf6d9d97fbaa7d85b0f972bdc7ad710e96125fd2|cf6d9d9]]'' **<nowiki>kernel:</nowiki>** <nowiki>rename B53 symbols to avoid upstream kernel conflict</nowiki> //<color #ccc>(</color><color #282>+52</color><color #ccc>,</color><color #f00>-52</color><color #ccc>)</color>//\\
''[[https://git.lede-project.org/?p=source.git;a=commitdiff;h=84d489f64f3b382d5544e342f66d8806e94e85d3|84d489f]]'' **<nowiki>kernel:</nowiki>** <nowiki>update to version 4.4.14</nowiki> //<color #ccc>(</color><color #282>+567</color><color #ccc>,</color><color #f00>-1.1K</color><color #ccc>)</color>//\\
''[[https://git.lede-project.org/?p=source.git;a=commitdiff;h=efa1960abb390d696704d029507dff671cc271fd|efa1960]]'' **<nowiki>kernel:</nowiki>** <nowiki>update kernel 4.4 to version 4.4.15</nowiki> //<color #ccc>(</color><color #282>+64</color><color #ccc>,</color><color #f00>-210</color><color #ccc>)</color>//\\
''[[https://git.lede-project.org/?p=source.git;a=commitdiff;h=63b525dd6b209af5554a2d053efd4b3ce6f60c9c|63b525d]]'' **<nowiki>image:</nowiki>** <nowiki>add a helper variable for getting kernel/rootfs from within image Buil...</nowiki> //<color #ccc>(</color><color #282>+54</color><color #ccc>,</color><color #f00>-51</color><color #ccc>)</color>//\\
''[[https://git.lede-project.org/?p=source.git;a=commitdiff;h=9abbaa9539b7f34422e3233369e4bdc867ced915|9abbaa9]]'' **<nowiki>build:</nowiki>** <nowiki>remove MIPS dsp/dsp2 CPU_SUBTYPE</nowiki> //<color #ccc>(</color><color #f00>-12</color><color #ccc>)</color>//\\
''[[https://git.lede-project.org/?p=source.git;a=commitdiff;h=861f566e340dcf5fedd52c0ff3b31501fd3b3f1b|861f566]]'' **<nowiki>brcm47xx:</nowiki>** <nowiki>add missing config symbol</nowiki> //<color #ccc>(</color><color #282>+2</color><color #ccc>,</color><color #f00>-1</color><color #ccc>)</color>//\\
''[[https://git.lede-project.org/?p=source.git;a=commitdiff;h=8072264b96785184b76aa46bcd08b4f9cdfada42|8072264]]'' **<nowiki>kernel:</nowiki>** <nowiki>update kernel 4.4 to version 4.4.19</nowiki> //<color #ccc>(</color><color #282>+400</color><color #ccc>,</color><color #f00>-939</color><color #ccc>)</color>//\\
''[[https://git.lede-project.org/?p=source.git;a=commitdiff;h=aa53f78038d541052de8764323f6f26578327606|aa53f78]]'' **<nowiki>build:</nowiki>** <nowiki>fix subtarget descriptions</nowiki> //<color #ccc>(</color><color #282>+58</color><color #ccc>,</color><color #f00>-60</color><color #ccc>)</color>//\\
''[[https://git.lede-project.org/?p=source.git;a=commitdiff;h=1c09849f6cf1b8bd94819ca11910ce444c3d3019|1c09849]]'' **<nowiki>treewide:</nowiki>** <nowiki>remove bad local shell variable declarations</nowiki> //<color #ccc>(</color><color #282>+16</color><color #ccc>,</color><color #f00>-21</color><color #ccc>)</color>//\\
''[[https://git.lede-project.org/?p=source.git;a=commitdiff;h=337f219130adc96d24edd88ac22bc48f4e9a3158|337f219]]'' **<nowiki>brcm47xx:</nowiki>** <nowiki>open code Makefile entries for all devices</nowiki> //<color #ccc>(</color><color #282>+527</color><color #ccc>,</color><color #f00>-115</color><color #ccc>)</color>//\\
''[[https://git.lede-project.org/?p=source.git;a=commitdiff;h=6e64a38b0099d50d3ec98a3ab04a2a2cd19500e4|6e64a38]]'' **<nowiki>brcm47xx:</nowiki>** <nowiki>build also TRX image for Linksys WRT300N V1</nowiki> //<color #ccc>(</color><color #282>+1</color><color #ccc>)</color>//\\
''[[https://git.lede-project.org/?p=source.git;a=commitdiff;h=06405df7a8da24b7d735b32454c7d3b1f2ebaabc|06405df]]'' **<nowiki>brcm47xx:</nowiki>** <nowiki>bump kernel to 4.4</nowiki> //<color #ccc>(</color><color #282>+1</color><color #ccc>,</color><color #f00>-1</color><color #ccc>)</color>//\\
''[[https://git.lede-project.org/?p=source.git;a=commitdiff;h=13e6f7a75df8d03188b3a84a12086e8fe28ed6bb|13e6f7a]]'' **<nowiki>brcm47xx:</nowiki>** <nowiki>reorder older entries in image Makefile</nowiki> //<color #ccc>(</color><color #282>+63</color><color #ccc>,</color><color #f00>-64</color><color #ccc>)</color>//\\
''[[https://git.lede-project.org/?p=source.git;a=commitdiff;h=bc6be3e953e778e338157f43febc7eecb1994cef|bc6be3e]]'' **<nowiki>brcm47xx:</nowiki>** <nowiki>add support for per-device rootfs</nowiki> //<color #ccc>(</color><color #282>+95</color><color #ccc>,</color><color #f00>-4</color><color #ccc>)</color>//\\
''[[https://git.lede-project.org/?p=source.git;a=commitdiff;h=8bd21672364e44cecebb8aef27041e6c607addaa|8bd2167]]'' **<nowiki>brcm47xx:</nowiki>** <nowiki>image: make linksys-pattern-partition leave specific file</nowiki> //<color #ccc>(</color><color #282>+2</color><color #ccc>,</color><color #f00>-2</color><color #ccc>)</color>//\\
''[[https://git.lede-project.org/?p=source.git;a=commitdiff;h=027b2c5b83e1ce7f9226e21c93e08ffe9c38a552|027b2c5]]'' **<nowiki>brcm47xx:</nowiki>** <nowiki>image: make TRX steps work with rootfs passed as $@</nowiki> //<color #ccc>(</color><color #282>+4</color><color #ccc>,</color><color #f00>-2</color><color #ccc>)</color>//\\
''[[https://git.lede-project.org/?p=source.git;a=commitdiff;h=f20ba0f0d59dabc1a61864f35bd6e57f6ee0aab7|f20ba0f]]'' **<nowiki>brcm47xx:</nowiki>** <nowiki>image: use append-rootfs step for per-device rootfs support</nowiki> //<color #ccc>(</color><color #282>+18</color><color #ccc>,</color><color #f00>-18</color><color #ccc>)</color>//\\
''[[https://git.lede-project.org/?p=source.git;a=commitdiff;h=f12f77b47725a44e042c87b95d948b0114b5dc04|f12f77b]]'' **<nowiki>brcm47xx:</nowiki>** <nowiki>merge cpu cache workaround patches into one, ensure they get compil...</nowiki> //<color #ccc>(</color><color #282>+115</color><color #ccc>,</color><color #f00>-177</color><color #ccc>)</color>//\\
''[[https://git.lede-project.org/?p=source.git;a=commitdiff;h=a07c4977ac19535cc5fd8187c354de00181382bb|a07c497]]'' **<nowiki>brcm47xx:</nowiki>** <nowiki>fix initramfs image build error</nowiki> //<color #ccc>(</color><color #282>+1</color><color #ccc>)</color>//\\
''[[https://git.lede-project.org/?p=source.git;a=commitdiff;h=102cb4742c14f78bf86b7d77c568c205f0d99d85|102cb47]]'' **<nowiki>kernel:</nowiki>** <nowiki>bump to 4.4.35</nowiki> //<color #ccc>(</color><color #282>+191</color><color #ccc>,</color><color #f00>-308</color><color #ccc>)</color>//\\
''[[https://git.lede-project.org/?p=source.git;a=commitdiff;h=758ef7aa992492ecb29a0cd5a30f5255ccdc9ea7|758ef7a]]'' **<nowiki>kernel:</nowiki>** <nowiki>bump to 4.4.36</nowiki> //<color #ccc>(</color><color #282>+28</color><color #ccc>,</color><color #f00>-23</color><color #ccc>)</color>//\\
''[[https://git.lede-project.org/?p=source.git;a=commitdiff;h=ef4fc00c91bd669335cb0481f7ca29ddc2b053d1|ef4fc00]]'' **<nowiki>brcm47xx:</nowiki>** <nowiki>mips74k: fix typo in Netgear WN3000RP model name</nowiki> //<color #ccc>(</color><color #282>+8</color><color #ccc>,</color><color #f00>-8</color><color #ccc>)</color>//\\
''[[https://git.lede-project.org/?p=source.git;a=commitdiff;h=b1bdb6e5eaa4aa053e7bf698860afb9e331d6f5d|b1bdb6e]]'' **<nowiki>brcm47xx:</nowiki>** <nowiki>specify DEVICE_PACKAGES for Netgear WGT634U</nowiki> //<color #ccc>(</color><color #282>+3</color><color #ccc>)</color>//\\
''[[https://git.lede-project.org/?p=source.git;a=commitdiff;h=8f5cf323c4ea6d9b4a313614b8b30c88475cba45|8f5cf32]]'' **<nowiki>brcm47xx:</nowiki>** <nowiki>drop standalone Netgear WGT634U profile</nowiki> //<color #ccc>(</color><color #f00>-17</color><color #ccc>)</color>//\\
''[[https://git.lede-project.org/?p=source.git;a=commitdiff;h=1d74f788777ba4c52300e64bd4cc0c4a2f09b3e8|1d74f78]]'' **<nowiki>brcm47xx:</nowiki>** <nowiki>legacy: specify DEVICE_PACKAGES for all devices</nowiki> //<color #ccc>(</color><color #282>+29</color><color #ccc>,</color><color #f00>-1</color><color #ccc>)</color>//\\
''[[https://git.lede-project.org/?p=source.git;a=commitdiff;h=18152e71d8d56b4316900ac42c164c5565369476|18152e7]]'' **<nowiki>brcm47xx:</nowiki>** <nowiki>mips74k: specify DEVICE_PACKAGES for all devices</nowiki> //<color #ccc>(</color><color #282>+39</color><color #ccc>)</color>//\\
''[[https://git.lede-project.org/?p=source.git;a=commitdiff;h=11c41a0ea9bbb63d0ecb007445ec81f0dbc3eec7|11c41a0]]'' **<nowiki>brcm47xx:</nowiki>** <nowiki>fix bgmac package</nowiki> //<color #ccc>(</color><color #282>+5</color><color #ccc>,</color><color #f00>-2</color><color #ccc>)</color>//\\
''[[https://git.lede-project.org/?p=source.git;a=commitdiff;h=b138e690e528b7033c4dc4ec095066920b8a24e4|b138e69]]'' **<nowiki>brcm47xx:</nowiki>** <nowiki>generic: specify DEVICE_PACKAGES for all devices</nowiki> //<color #ccc>(</color><color #282>+6</color><color #ccc>)</color>//\\
''[[https://git.lede-project.org/?p=source.git;a=commitdiff;h=d091b2c38164f6e469c75706f88445f8b80d8e1a|d091b2c]]'' **<nowiki>brcm47xx:</nowiki>** <nowiki>generic: drop standalone profiles duplicating device ones</nowiki> //<color #ccc>(</color><color #f00>-33</color><color #ccc>)</color>//\\
''[[https://git.lede-project.org/?p=source.git;a=commitdiff;h=5f8e3386e06bb68c4ec71af0d0ba42ae99ad89bd|5f8e338]]'' **<nowiki>brcm47xx:</nowiki>** <nowiki>drop some personal profiles</nowiki> //<color #ccc>(</color><color #f00>-50</color><color #ccc>)</color>//\\
''[[https://git.lede-project.org/?p=source.git;a=commitdiff;h=2406b3488fb778b76bf86ace3d9796b5ea9e606d|2406b34]]'' **<nowiki>brcm47xx:</nowiki>** <nowiki>generic: include Ethernet drivers in standard image</nowiki> //<color #ccc>(</color><color #282>+5</color><color #ccc>)</color>//\\
''[[https://git.lede-project.org/?p=source.git;a=commitdiff;h=5b089e45a649b936d5ce71930adef4fdea8a7875|5b089e4]]'' **<nowiki>kernel:</nowiki>** <nowiki>update 4.4 kernel to 4.4.42</nowiki> //<color #ccc>(</color><color #282>+108</color><color #ccc>,</color><color #f00>-98</color><color #ccc>)</color>//\\
''[[https://git.lede-project.org/?p=source.git;a=commitdiff;h=1708644f1915eb7587a904d81da0ef0b559d1567|1708644]]'' **<nowiki>kernel:</nowiki>** <nowiki>backport MIPS changes introducing a separate IRQ stack</nowiki> //<color #ccc>(</color><color #282>+312</color><color #ccc>,</color><color #f00>-15</color><color #ccc>)</color>//\\
''[[https://git.lede-project.org/?p=source.git;a=commitdiff;h=392cccb7f4189cb8f2f62df467af980b593ce073|392cccb]]'' **<nowiki>build:</nowiki>** <nowiki>remove mips16 feature flag from target makefiles</nowiki> //<color #ccc>(</color><color #282>+11</color><color #ccc>,</color><color #f00>-9</color><color #ccc>)</color>//\\
''[[https://git.lede-project.org/?p=source.git;a=commitdiff;h=86b4b027cf4386b76f55ff43459bf43cefd423ba|86b4b02]]'' **<nowiki>brcm47xx:</nowiki>** <nowiki>backport arch patch with Luxul devices support</nowiki> //<color #ccc>(</color><color #282>+260</color><color #ccc>,</color><color #f00>-14</color><color #ccc>)</color>//\\
''[[https://git.lede-project.org/?p=source.git;a=commitdiff;h=be007c580ec2cd0c76a6a206374ce27d49431891|be007c5]]'' **<nowiki>brcm47xx:</nowiki>** <nowiki>fix USB driver choice for Asus WL-500W</nowiki> //<color #ccc>(</color><color #282>+1</color><color #ccc>,</color><color #f00>-1</color><color #ccc>)</color>//\\
''[[https://git.lede-project.org/?p=source.git;a=commitdiff;h=7efe538ac1ba9a43edd32573c55749b76d43bc04|7efe538]]'' **<nowiki>brcm47xx:</nowiki>** <nowiki>fix button inversion for Asus WL-500W</nowiki> //<color #ccc>(</color><color #282>+46</color><color #ccc>,</color><color #f00>-8</color><color #ccc>)</color>//\\

==== Target / brcm63xx (52 changes) ====
''[[https://git.lede-project.org/?p=source.git;a=commitdiff;h=794383b801516896c352b94b99010c86e9a06b9c|794383b]]'' **<nowiki>brcm63xx:</nowiki>** <nowiki>fix F@ST2704V2 image generation</nowiki> //<color #ccc>(</color><color #282>+1</color><color #ccc>,</color><color #f00>-1</color><color #ccc>)</color>//\\
''[[https://git.lede-project.org/?p=source.git;a=commitdiff;h=23273044a8db6c8d5245169b29b0a18dd66ce8ad|2327304]]'' **<nowiki>brcm63xx:</nowiki>** <nowiki>switch to linux 4.4</nowiki> //<color #ccc>(</color><color #282>+2</color><color #ccc>,</color><color #f00>-1</color><color #ccc>)</color>//\\
''[[https://git.lede-project.org/?p=source.git;a=commitdiff;h=fd7786159d47d26277f3e70600aa5dc90a6b53cd|fd77861]]'' **<nowiki>brcm63xx:</nowiki>** <nowiki>drop linux 4.1 support</nowiki> //<color #ccc>(</color><color #f00>-16.5K</color><color #ccc>)</color>//\\
''[[https://git.lede-project.org/?p=source.git;a=commitdiff;h=2dc7f99662a5d1da154ec02e3a22ad53c0144377|2dc7f99]]'' **<nowiki>brcm63xx:</nowiki>** <nowiki>refresh kernel patches and config</nowiki> //<color #ccc>(</color><color #282>+19</color><color #ccc>,</color><color #f00>-12</color><color #ccc>)</color>//\\
''[[https://git.lede-project.org/?p=source.git;a=commitdiff;h=c69903473b000c496443e2cffd8eebcff787651f|c699034]]'' **<nowiki>brcm63xx:</nowiki>** <nowiki>move profiles definitions to image/Makefile</nowiki> //<color #ccc>(</color><color #282>+1.1K</color><color #ccc>,</color><color #f00>-1.4K</color><color #ccc>)</color>//\\
''[[https://git.lede-project.org/?p=source.git;a=commitdiff;h=ec95509af426cf58652355e3276d23f157f327bb|ec95509]]'' **<nowiki>brcm63xx:</nowiki>** <nowiki>remove obsolote preinit scripts and fix preinit iface script</nowiki> //<color #ccc>(</color><color #282>+23</color><color #ccc>,</color><color #f00>-84</color><color #ccc>)</color>//\\
''[[https://git.lede-project.org/?p=source.git;a=commitdiff;h=7807c7e867d5cb080b1992a72f0a1a4af75c230a|7807c7e]]'' **<nowiki>brcm63xx:</nowiki>** <nowiki>add support for inverting ath9k LED polarity</nowiki> //<color #ccc>(</color><color #282>+12</color><color #ccc>,</color><color #f00>-9</color><color #ccc>)</color>//\\
''[[https://git.lede-project.org/?p=source.git;a=commitdiff;h=85a0a908e3c32548f89b463728e710735d94b9ce|85a0a90]]'' **<nowiki>brcm63xx:</nowiki>** <nowiki>set HG556a A/B ath9k LED as active high</nowiki> //<color #ccc>(</color><color #282>+63</color><color #ccc>,</color><color #f00>-61</color><color #ccc>)</color>//\\
''[[https://git.lede-project.org/?p=source.git;a=commitdiff;h=a529b41cffaad2b73cdd75bbb7a9f2551319d230|a529b41]]'' **<nowiki>brcm63xx:</nowiki>** <nowiki>set DSL-274XB-F1 ath9k LED as active high</nowiki> //<color #ccc>(</color><color #282>+103</color><color #ccc>,</color><color #f00>-102</color><color #ccc>)</color>//\\
''[[https://git.lede-project.org/?p=source.git;a=commitdiff;h=532c3f3218ef97a12e7a178207031e4feac593ff|532c3f3]]'' **<nowiki>brcm63xx:</nowiki>** <nowiki>add initial support for Netgear EVG2000</nowiki> //<color #ccc>(</color><color #282>+195</color><color #ccc>,</color><color #f00>-1</color><color #ccc>)</color>//\\
''[[https://git.lede-project.org/?p=source.git;a=commitdiff;h=a0ea3eab63076d0020dfa1b139fbb87573f25408|a0ea3ea]]'' **<nowiki>brcm63xx:</nowiki>** <nowiki>fix typo image/Makefile</nowiki> //<color #ccc>(</color><color #282>+1</color><color #ccc>,</color><color #f00>-1</color><color #ccc>)</color>//\\
''[[https://git.lede-project.org/?p=source.git;a=commitdiff;h=98d418e05f0bf488b14adabffe6db200b7394a1c|98d418e]]'' **<nowiki>brcm63xx:</nowiki>** <nowiki>improve image/Makefile</nowiki> //<color #ccc>(</color><color #282>+1</color><color #ccc>,</color><color #f00>-2</color><color #ccc>)</color>//\\
''[[https://git.lede-project.org/?p=source.git;a=commitdiff;h=cf6d9d97fbaa7d85b0f972bdc7ad710e96125fd2|cf6d9d9]]'' **<nowiki>kernel:</nowiki>** <nowiki>rename B53 symbols to avoid upstream kernel conflict</nowiki> //<color #ccc>(</color><color #282>+52</color><color #ccc>,</color><color #f00>-52</color><color #ccc>)</color>//\\
''[[https://git.lede-project.org/?p=source.git;a=commitdiff;h=6b5f6d6601f510fa4cdafd3f2f5ced2cd4ae16be|6b5f6d6]]'' **<nowiki>brcm63xx:</nowiki>** <nowiki>fix single profile selection</nowiki> //<color #ccc>(</color><color #282>+1</color><color #ccc>)</color>//\\
''[[https://git.lede-project.org/?p=source.git;a=commitdiff;h=29444e4754d59f0ef2301ef1647e1b6a392ab30c|29444e4]]'' **<nowiki>brcm63xx:</nowiki>** <nowiki>fix external IRQs</nowiki> //<color #ccc>(</color><color #282>+9</color><color #ccc>,</color><color #f00>-9</color><color #ccc>)</color>//\\
''[[https://git.lede-project.org/?p=source.git;a=commitdiff;h=80403e4558107a3019cfe5ef69eac22bb7866123|80403e4]]'' **<nowiki>brcm63xx:</nowiki>** <nowiki>use upstreamed compatible name for the periph intc</nowiki> //<color #ccc>(</color><color #282>+11</color><color #ccc>,</color><color #f00>-11</color><color #ccc>)</color>//\\
''[[https://git.lede-project.org/?p=source.git;a=commitdiff;h=a89f5e795a316982980f7d43e133197ac71ee4f1|a89f5e7]]'' **<nowiki>brcm63xx:</nowiki>** <nowiki>move the bootargs into the dtb files</nowiki> //<color #ccc>(</color><color #282>+334</color><color #ccc>,</color><color #f00>-3</color><color #ccc>)</color>//\\
''[[https://git.lede-project.org/?p=source.git;a=commitdiff;h=d61d82e3d35e2323645f56a99018b4a79244e0ba|d61d82e]]'' **<nowiki>brcm63xx:</nowiki>** <nowiki>merge DSL-274X-F1 profiles</nowiki> //<color #ccc>(</color><color #282>+6</color><color #ccc>,</color><color #f00>-16</color><color #ccc>)</color>//\\
''[[https://git.lede-project.org/?p=source.git;a=commitdiff;h=13253fbcbd7e5cac2d78e3422ea32fa4b52ce917|13253fb]]'' **<nowiki>brcm63xx:</nowiki>** <nowiki>add sysupgrade images</nowiki> //<color #ccc>(</color><color #282>+31</color><color #ccc>,</color><color #f00>-20</color><color #ccc>)</color>//\\
''[[https://git.lede-project.org/?p=source.git;a=commitdiff;h=a95d64a2697d2ab1274f0128a9d536f1b01b14fb|a95d64a]]'' **<nowiki>brcm63xx:</nowiki>** <nowiki>simplify block size and image offset options</nowiki> //<color #ccc>(</color><color #282>+45</color><color #ccc>,</color><color #f00>-34</color><color #ccc>)</color>//\\
''[[https://git.lede-project.org/?p=source.git;a=commitdiff;h=b7baaaf782f40bf6a1d017a1f41480b6229a12c9|b7baaaf]]'' **<nowiki>kernel:</nowiki>** <nowiki>Move append-dtb to common image-commands</nowiki> //<color #ccc>(</color><color #282>+12</color><color #ccc>,</color><color #f00>-29</color><color #ccc>)</color>//\\
''[[https://git.lede-project.org/?p=source.git;a=commitdiff;h=0bed85bbca25bcb9d02d57bc68acb46197012b7b|0bed85b]]'' **<nowiki>brcm63xx:</nowiki>** <nowiki>fix CVG834G compatible string</nowiki> //<color #ccc>(</color><color #282>+1</color><color #ccc>,</color><color #f00>-1</color><color #ccc>)</color>//\\
''[[https://git.lede-project.org/?p=source.git;a=commitdiff;h=eae812ddb6cc6edfd253711ebb2250c32c599692|eae812d]]'' **<nowiki>brcm63xx:</nowiki>** <nowiki>fix image generation with offsets/blocksizes != 64K</nowiki> //<color #ccc>(</color><color #282>+2</color><color #ccc>,</color><color #f00>-2</color><color #ccc>)</color>//\\
''[[https://git.lede-project.org/?p=source.git;a=commitdiff;h=efa1960abb390d696704d029507dff671cc271fd|efa1960]]'' **<nowiki>kernel:</nowiki>** <nowiki>update kernel 4.4 to version 4.4.15</nowiki> //<color #ccc>(</color><color #282>+64</color><color #ccc>,</color><color #f00>-210</color><color #ccc>)</color>//\\
''[[https://git.lede-project.org/?p=source.git;a=commitdiff;h=8e2764ce9bb6716acb955a0c27d8db291d68650c|8e2764c]]'' **<nowiki>image.mk:</nowiki>** <nowiki>clean up redundant code related to DEVICE_DTS</nowiki> //<color #ccc>(</color><color #282>+10</color><color #ccc>,</color><color #f00>-20</color><color #ccc>)</color>//\\
''[[https://git.lede-project.org/?p=source.git;a=commitdiff;h=cea917c30b26e59de11e3bc26b35b6d816ace1da|cea917c]]'' **<nowiki>brcm63xx:</nowiki>** <nowiki>fix HG556a C button</nowiki> //<color #ccc>(</color><color #282>+1</color><color #ccc>,</color><color #f00>-1</color><color #ccc>)</color>//\\
''[[https://git.lede-project.org/?p=source.git;a=commitdiff;h=63b525dd6b209af5554a2d053efd4b3ce6f60c9c|63b525d]]'' **<nowiki>image:</nowiki>** <nowiki>add a helper variable for getting kernel/rootfs from within image Buil...</nowiki> //<color #ccc>(</color><color #282>+54</color><color #ccc>,</color><color #f00>-51</color><color #ccc>)</color>//\\
''[[https://git.lede-project.org/?p=source.git;a=commitdiff;h=df68d6eb15bfb3abe97c4048e57bd5192d796edb|df68d6e]]'' **<nowiki>brcm63xx:</nowiki>** <nowiki>fix build with per-device rootfs</nowiki> //<color #ccc>(</color><color #282>+1</color><color #ccc>,</color><color #f00>-1</color><color #ccc>)</color>//\\
''[[https://git.lede-project.org/?p=source.git;a=commitdiff;h=4ab33a30021b223ac756de87eaf294233c836777|4ab33a3]]'' **<nowiki>brcm63xx:</nowiki>** <nowiki>fix CT-536p/CT-5621T support</nowiki> //<color #ccc>(</color><color #282>+2</color><color #ccc>,</color><color #f00>-2</color><color #ccc>)</color>//\\
''[[https://git.lede-project.org/?p=source.git;a=commitdiff;h=0ddae04c226983e1e064d8750b8bb8724f077ad9|0ddae04]]'' **<nowiki>brcm63xx:</nowiki>** <nowiki>backport mtd of node changes from upstream</nowiki> //<color #ccc>(</color><color #282>+608</color><color #ccc>,</color><color #f00>-23</color><color #ccc>)</color>//\\
''[[https://git.lede-project.org/?p=source.git;a=commitdiff;h=cf8da98e947056848431502b03d006ee80b5f930|cf8da98]]'' **<nowiki>brcm63xx:</nowiki>** <nowiki>switch to board based failsafe networking</nowiki> //<color #ccc>(</color><color #f00>-37</color><color #ccc>)</color>//\\
''[[https://git.lede-project.org/?p=source.git;a=commitdiff;h=aa53f78038d541052de8764323f6f26578327606|aa53f78]]'' **<nowiki>build:</nowiki>** <nowiki>fix subtarget descriptions</nowiki> //<color #ccc>(</color><color #282>+58</color><color #ccc>,</color><color #f00>-60</color><color #ccc>)</color>//\\
''[[https://git.lede-project.org/?p=source.git;a=commitdiff;h=85fefcdb61e9362abbb16eb2a9d3e6dda19a175b|85fefcd]]'' **<nowiki>kernel:</nowiki>** <nowiki>mtd: backport Macronix sector size fix</nowiki> //<color #ccc>(</color><color #282>+44</color><color #ccc>,</color><color #f00>-29</color><color #ccc>)</color>//\\
''[[https://git.lede-project.org/?p=source.git;a=commitdiff;h=993ad293597ac3e46574e2ccd074432824305a91|993ad29]]'' **<nowiki>kernel:</nowiki>** <nowiki>Backport pending appended DTB handling patches</nowiki> //<color #ccc>(</color><color #282>+341</color><color #ccc>,</color><color #f00>-37</color><color #ccc>)</color>//\\
''[[https://git.lede-project.org/?p=source.git;a=commitdiff;h=d14c28fc80d98cc712074c869cbd1659398e8829|d14c28f]]'' **<nowiki>kernel:</nowiki>** <nowiki>update kernel 4.4 to version 4.4.20</nowiki> //<color #ccc>(</color><color #282>+41</color><color #ccc>,</color><color #f00>-70</color><color #ccc>)</color>//\\
''[[https://git.lede-project.org/?p=source.git;a=commitdiff;h=0658527e1ebe666cabde9267b6afbe543314160c|0658527]]'' <nowiki>switch to the new usbport LED trigger</nowiki> //<color #ccc>(</color><color #282>+150</color><color #ccc>,</color><color #f00>-139</color><color #ccc>)</color>//\\
''[[https://git.lede-project.org/?p=source.git;a=commitdiff;h=2f2ea7b44c6affb24426759b93d45d0aa26a74d5|2f2ea7b]]'' **<nowiki>kernel:</nowiki>** <nowiki>update kernel 4.4 to version 4.4.30</nowiki> //<color #ccc>(</color><color #282>+72</color><color #ccc>,</color><color #f00>-73</color><color #ccc>)</color>//\\
''[[https://git.lede-project.org/?p=source.git;a=commitdiff;h=de40d4536330cce9c1b3aa36cc71c0d2dfc74ee5|de40d45]]'' **<nowiki>treewide:</nowiki>** <nowiki>dts: fix dtc compiler warnings</nowiki> //<color #ccc>(</color><color #282>+10</color><color #ccc>,</color><color #f00>-57</color><color #ccc>)</color>//\\
''[[https://git.lede-project.org/?p=source.git;a=commitdiff;h=2b55c83e68068887db9e49de8e81b1b4a267a4f2|2b55c83]]'' **<nowiki>treewide:</nowiki>** <nowiki>dts: use keycode defines from input dt-binding</nowiki> //<color #ccc>(</color><color #282>+757</color><color #ccc>,</color><color #f00>-349</color><color #ccc>)</color>//\\
''[[https://git.lede-project.org/?p=source.git;a=commitdiff;h=727ebf3a7088eff455f33074ab34fe2da9085139|727ebf3]]'' **<nowiki>brcm63xx:</nowiki>** <nowiki>Livebox 1: use button 1 as failsafe button</nowiki> //<color #ccc>(</color><color #282>+3</color><color #ccc>,</color><color #f00>-3</color><color #ccc>)</color>//\\
''[[https://git.lede-project.org/?p=source.git;a=commitdiff;h=768595c9f1b311f702ad99209ff59a748e3383e2|768595c]]'' **<nowiki>brcm63xx:</nowiki>** <nowiki>Livebox 1: fix led naming</nowiki> //<color #ccc>(</color><color #282>+5</color><color #ccc>,</color><color #f00>-5</color><color #ccc>)</color>//\\
''[[https://git.lede-project.org/?p=source.git;a=commitdiff;h=422ba32c71f4389540e2633fcffca326b60f6ddc|422ba32]]'' **<nowiki>brcm63xx:</nowiki>** <nowiki>Livebox 1: fix part probe name</nowiki> //<color #ccc>(</color><color #282>+1</color><color #ccc>,</color><color #f00>-1</color><color #ccc>)</color>//\\
''[[https://git.lede-project.org/?p=source.git;a=commitdiff;h=aedca3ce430c0edcf582118d393fe13349fca741|aedca3c]]'' **<nowiki>brcm63xx:</nowiki>** <nowiki>Livebox 1: relocate the kernel to fix boot</nowiki> //<color #ccc>(</color><color #282>+2</color><color #ccc>,</color><color #f00>-2</color><color #ccc>)</color>//\\
''[[https://git.lede-project.org/?p=source.git;a=commitdiff;h=d2b79e4d808add264d22e284fa21dfa155e52f05|d2b79e4]]'' **<nowiki>brcm63xx:</nowiki>** <nowiki>Livebox 1: add userspace board support</nowiki> //<color #ccc>(</color><color #282>+12</color><color #ccc>)</color>//\\
''[[https://git.lede-project.org/?p=source.git;a=commitdiff;h=fc6ed9521dca405da0a4f93bec504fd497ccf1fe|fc6ed95]]'' **<nowiki>brcm63xx:</nowiki>** <nowiki>image: trim revision code used for --rsa-signature</nowiki> //<color #ccc>(</color><color #282>+3</color><color #ccc>,</color><color #f00>-3</color><color #ccc>)</color>//\\
''[[https://git.lede-project.org/?p=source.git;a=commitdiff;h=d6c831e0e5a0ef97eb054dd3eb382d66b1bffc40|d6c831e]]'' **<nowiki>generic:</nowiki>** <nowiki>mtd: backport SPI_NOR_HAS_LOCK</nowiki> //<color #ccc>(</color><color #282>+178</color><color #ccc>,</color><color #f00>-183</color><color #ccc>)</color>//\\
''[[https://git.lede-project.org/?p=source.git;a=commitdiff;h=1708644f1915eb7587a904d81da0ef0b559d1567|1708644]]'' **<nowiki>kernel:</nowiki>** <nowiki>backport MIPS changes introducing a separate IRQ stack</nowiki> //<color #ccc>(</color><color #282>+312</color><color #ccc>,</color><color #f00>-15</color><color #ccc>)</color>//\\
''[[https://git.lede-project.org/?p=source.git;a=commitdiff;h=921cecbdf859df4a8df4e1005ce58e1c9672d6a8|921cecb]]'' **<nowiki>brcm63xx:</nowiki>** <nowiki>fix external interrupts on BCM6318</nowiki> //<color #ccc>(</color><color #282>+21</color><color #ccc>,</color><color #f00>-8</color><color #ccc>)</color>//\\
''[[https://git.lede-project.org/?p=source.git;a=commitdiff;h=f49efcd325d57a202bf50e7f59bca00e980d61f9|f49efcd]]'' **<nowiki>brcm63xx:</nowiki>** <nowiki>do a full reset phy cycle</nowiki> //<color #ccc>(</color><color #282>+28</color><color #ccc>)</color>//\\
''[[https://git.lede-project.org/?p=source.git;a=commitdiff;h=02515f018799496a607216b7b765a1a60c2e22be|02515f0]]'' **<nowiki>brcm63xx:</nowiki>** <nowiki>fix lzma loader for BCM6362</nowiki> //<color #ccc>(</color><color #282>+1</color><color #ccc>,</color><color #f00>-1</color><color #ccc>)</color>//\\
''[[https://git.lede-project.org/?p=source.git;a=commitdiff;h=4817e61f45ed01f381b99170beae8c59f48141f4|4817e61]]'' **<nowiki>brcm63xx:</nowiki>** <nowiki>Neufbox 6: fix switch by probing through DT</nowiki> //<color #ccc>(</color><color #282>+128</color><color #ccc>,</color><color #f00>-200</color><color #ccc>)</color>//\\
''[[https://git.lede-project.org/?p=source.git;a=commitdiff;h=06f3b919021f3cf55cc4e1aa22650089dc2ab903|06f3b91]]'' **<nowiki>kernel:</nowiki>** <nowiki>update kernel 4.4 to version 4.4.50</nowiki> //<color #ccc>(</color><color #282>+47</color><color #ccc>,</color><color #f00>-90</color><color #ccc>)</color>//\\

==== Target / cns3xxx (17 changes) ====
''[[https://git.lede-project.org/?p=source.git;a=commitdiff;h=b062266ad650f5dac98f1e1779f371274c9b2237|b062266]]'' **<nowiki>kernel:</nowiki>** <nowiki>update kernel 4.4 to version 4.4.9</nowiki> //<color #ccc>(</color><color #282>+248</color><color #ccc>,</color><color #f00>-922</color><color #ccc>)</color>//\\
''[[https://git.lede-project.org/?p=source.git;a=commitdiff;h=e32b2f92b1912e875cf4a0feedcbe65d7d41e641|e32b2f9]]'' **<nowiki>kernel:</nowiki>** <nowiki>update kernel 4.4 to version 4.4.10</nowiki> //<color #ccc>(</color><color #282>+10</color><color #ccc>,</color><color #f00>-36</color><color #ccc>)</color>//\\
''[[https://git.lede-project.org/?p=source.git;a=commitdiff;h=7eeb254cc49c4e9f837c980826ec112b9404f341|7eeb254]]'' **<nowiki>treewide:</nowiki>** <nowiki>replace nbd@openwrt.org with nbd@nbd.name</nowiki> //<color #ccc>(</color><color #282>+299</color><color #ccc>,</color><color #f00>-299</color><color #ccc>)</color>//\\
''[[https://git.lede-project.org/?p=source.git;a=commitdiff;h=f532191c1cefa9950d4064dbd9dd810b90b169bd|f532191]]'' **<nowiki>cns3xxx:</nowiki>** <nowiki>fix RX softIRQ loop</nowiki> //<color #ccc>(</color><color #282>+2</color><color #ccc>,</color><color #f00>-2</color><color #ccc>)</color>//\\
''[[https://git.lede-project.org/?p=source.git;a=commitdiff;h=cd243b1090952b1bb12d94e07825e450ca3d5118|cd243b1]]'' **<nowiki>cns3xxx:</nowiki>** <nowiki>remove obsolete jffs2 image build code</nowiki> //<color #ccc>(</color><color #f00>-16</color><color #ccc>)</color>//\\
''[[https://git.lede-project.org/?p=source.git;a=commitdiff;h=aa53f78038d541052de8764323f6f26578327606|aa53f78]]'' **<nowiki>build:</nowiki>** <nowiki>fix subtarget descriptions</nowiki> //<color #ccc>(</color><color #282>+58</color><color #ccc>,</color><color #f00>-60</color><color #ccc>)</color>//\\
''[[https://git.lede-project.org/?p=source.git;a=commitdiff;h=1419087a35c4d078d916833a1cc3fdfd0449d34c|1419087]]'' **<nowiki>cns3xxx:</nowiki>** <nowiki>add GW2394 Support</nowiki> //<color #ccc>(</color><color #282>+3</color><color #ccc>,</color><color #f00>-1</color><color #ccc>)</color>//\\
''[[https://git.lede-project.org/?p=source.git;a=commitdiff;h=1974ad5a96c191a4697ce07d2a46b770462ff65e|1974ad5]]'' **<nowiki>cns3xxx:</nowiki>** <nowiki>add GW2386 support</nowiki> //<color #ccc>(</color><color #282>+20</color><color #ccc>)</color>//\\
''[[https://git.lede-project.org/?p=source.git;a=commitdiff;h=d14c28fc80d98cc712074c869cbd1659398e8829|d14c28f]]'' **<nowiki>kernel:</nowiki>** <nowiki>update kernel 4.4 to version 4.4.20</nowiki> //<color #ccc>(</color><color #282>+41</color><color #ccc>,</color><color #f00>-70</color><color #ccc>)</color>//\\
''[[https://git.lede-project.org/?p=source.git;a=commitdiff;h=88ee275562da34f7dd776f9e8b012bdac64539ff|88ee275]]'' **<nowiki>cns3xxx:</nowiki>** <nowiki>Enable driver support for onboard m25p80 SPI flash</nowiki> //<color #ccc>(</color><color #282>+2</color><color #ccc>)</color>//\\
''[[https://git.lede-project.org/?p=source.git;a=commitdiff;h=58fbe07560fdb07a20a07f01f6cf97635a3ccab3|58fbe07]]'' **<nowiki>cns3xxx:</nowiki>** <nowiki>move laguna.c changes out of patches, update it in files/</nowiki> //<color #ccc>(</color><color #282>+64</color><color #ccc>,</color><color #f00>-133</color><color #ccc>)</color>//\\
''[[https://git.lede-project.org/?p=source.git;a=commitdiff;h=0b3a64f862b367e634d1d4f8b4b94a10e0128dd4|0b3a64f]]'' **<nowiki>cns3xxx:</nowiki>** <nowiki>eliminate hardcoded kernel/rootfs partition split</nowiki> //<color #ccc>(</color><color #282>+36</color><color #ccc>,</color><color #f00>-171</color><color #ccc>)</color>//\\
''[[https://git.lede-project.org/?p=source.git;a=commitdiff;h=347884b3455505146d0ff0dd6446d9e17686a50b|347884b]]'' **<nowiki>cns3xxx:</nowiki>** <nowiki>fix UART resource overlap</nowiki> //<color #ccc>(</color><color #282>+2</color><color #ccc>,</color><color #f00>-2</color><color #ccc>)</color>//\\
''[[https://git.lede-project.org/?p=source.git;a=commitdiff;h=f5b833b8fe9b182d24117139081d7e286092b721|f5b833b]]'' **<nowiki>kernel:</nowiki>** <nowiki>bump to 4.4.38</nowiki> //<color #ccc>(</color><color #282>+19</color><color #ccc>,</color><color #f00>-19</color><color #ccc>)</color>//\\
''[[https://git.lede-project.org/?p=source.git;a=commitdiff;h=c656cbc56bba7ab0b2cfd8d850707bc60b7f6efe|c656cbc]]'' **<nowiki>kernel:</nowiki>** <nowiki>bump to 4.4.45</nowiki> //<color #ccc>(</color><color #282>+5</color><color #ccc>,</color><color #f00>-5</color><color #ccc>)</color>//\\
''[[https://git.lede-project.org/?p=source.git;a=commitdiff;h=b786a5ffc39539d55cf74ebd43edde9051b4682d|b786a5f]]'' **<nowiki>kernel:</nowiki>** <nowiki>bump to 4.4.46</nowiki> //<color #ccc>(</color><color #282>+3</color><color #ccc>,</color><color #f00>-3</color><color #ccc>)</color>//\\
''[[https://git.lede-project.org/?p=source.git;a=commitdiff;h=054ce1624c16d3668902a5a58c0e4e278af4e123|054ce16]]'' **<nowiki>kernel:</nowiki>** <nowiki>update kernel 4.4 to version 4.4.47</nowiki> //<color #ccc>(</color><color #282>+9</color><color #ccc>,</color><color #f00>-9</color><color #ccc>)</color>//\\

==== Target / gemini (5 changes) ====
''[[https://git.lede-project.org/?p=source.git;a=commitdiff;h=30cd012860c610ebd7ceef2cdac41aef1bf16aeb|30cd012]]'' **<nowiki>gemini:</nowiki>** <nowiki>delete 3.18 support</nowiki> //<color #ccc>(</color><color #f00>-6.0K</color><color #ccc>)</color>//\\
''[[https://git.lede-project.org/?p=source.git;a=commitdiff;h=f046737e92f9a13acbe9139e1ded83287d31eeb5|f046737]]'' **<nowiki>gemini:</nowiki>** <nowiki>add Linux 4.4 support</nowiki> //<color #ccc>(</color><color #282>+6.2K</color><color #ccc>)</color>//\\
''[[https://git.lede-project.org/?p=source.git;a=commitdiff;h=58df34b5e14d82d43c76c1c7140a04e515297261|58df34b]]'' **<nowiki>gemini:</nowiki>** <nowiki>drop Linux 4.1 support</nowiki> //<color #ccc>(</color><color #282>+1</color><color #ccc>,</color><color #f00>-6.7K</color><color #ccc>)</color>//\\
''[[https://git.lede-project.org/?p=source.git;a=commitdiff;h=df047234786ce61c3fd36bf9cf098d21737ae199|df04723]]'' **<nowiki>gemini:</nowiki>** <nowiki>rename patches directory to patches-4.4</nowiki> //<color #ccc>(</color><color #ccc>)</color>//\\
''[[https://git.lede-project.org/?p=source.git;a=commitdiff;h=4cc2d159bce6e0fce32022f2cae63df53edf861b|4cc2d15]]'' **<nowiki>gemini:</nowiki>** <nowiki>rename config-default to config-4.4</nowiki> //<color #ccc>(</color><color #ccc>)</color>//\\

==== Target / imx6 (33 changes) ====
''[[https://git.lede-project.org/?p=source.git;a=commitdiff;h=fa69553900516944fc43cf7b377105ea1f6d3db0|fa69553]]'' **<nowiki>branding:</nowiki>** <nowiki>add LEDE branding</nowiki> //<color #ccc>(</color><color #282>+76</color><color #ccc>,</color><color #f00>-85</color><color #ccc>)</color>//\\
''[[https://git.lede-project.org/?p=source.git;a=commitdiff;h=9e41c3f54e3c476a4f3153bd7ee03ab43f6092ef|9e41c3f]]'' **<nowiki>imx6:</nowiki>** <nowiki>move profile definitions to the image/Makefile</nowiki> //<color #ccc>(</color><color #282>+13</color><color #ccc>,</color><color #f00>-56</color><color #ccc>)</color>//\\
''[[https://git.lede-project.org/?p=source.git;a=commitdiff;h=61d82e7b0232229b2eec58e739d0d40d5f369b6e|61d82e7]]'' **<nowiki>imx6:</nowiki>** <nowiki>fix image makefile indentation for Device/ sections</nowiki> //<color #ccc>(</color><color #282>+40</color><color #ccc>,</color><color #f00>-40</color><color #ccc>)</color>//\\
''[[https://git.lede-project.org/?p=source.git;a=commitdiff;h=7e7a31e6820e26951398bb1b6b508d6fb4c4b6e6|7e7a31e]]'' **<nowiki>imx6:</nowiki>** <nowiki>fix build breakage introduced in 9e41c3f54e3c</nowiki> //<color #ccc>(</color><color #282>+1</color><color #ccc>,</color><color #f00>-1</color><color #ccc>)</color>//\\
''[[https://git.lede-project.org/?p=source.git;a=commitdiff;h=de165b66be47497906d3cf4f1ca6071ee25e2003|de165b6]]'' **<nowiki>imx6:</nowiki>** <nowiki>fix redundant PROFILES overrides in image makefile</nowiki> //<color #ccc>(</color><color #282>+1</color><color #ccc>,</color><color #f00>-2</color><color #ccc>)</color>//\\
''[[https://git.lede-project.org/?p=source.git;a=commitdiff;h=efa1960abb390d696704d029507dff671cc271fd|efa1960]]'' **<nowiki>kernel:</nowiki>** <nowiki>update kernel 4.4 to version 4.4.15</nowiki> //<color #ccc>(</color><color #282>+64</color><color #ccc>,</color><color #f00>-210</color><color #ccc>)</color>//\\
''[[https://git.lede-project.org/?p=source.git;a=commitdiff;h=8e2764ce9bb6716acb955a0c27d8db291d68650c|8e2764c]]'' **<nowiki>image.mk:</nowiki>** <nowiki>clean up redundant code related to DEVICE_DTS</nowiki> //<color #ccc>(</color><color #282>+10</color><color #ccc>,</color><color #f00>-20</color><color #ccc>)</color>//\\
''[[https://git.lede-project.org/?p=source.git;a=commitdiff;h=468a9b7a7744478e6225816aa6153c9db0155810|468a9b7]]'' **<nowiki>imx6:</nowiki>** <nowiki>use ubinize-image.sh to fix build with per-device rootfs</nowiki> //<color #ccc>(</color><color #282>+4</color><color #ccc>,</color><color #f00>-64</color><color #ccc>)</color>//\\
''[[https://git.lede-project.org/?p=source.git;a=commitdiff;h=5d9a4c210dd6f601a0dcf19886a95959df29d40f|5d9a4c2]]'' **<nowiki>imx6:</nowiki>** <nowiki>clean up / fix ventana image build code</nowiki> //<color #ccc>(</color><color #282>+43</color><color #ccc>,</color><color #f00>-69</color><color #ccc>)</color>//\\
''[[https://git.lede-project.org/?p=source.git;a=commitdiff;h=35be9284668d19a565d354a33febb508b0e28131|35be928]]'' **<nowiki>imx6:</nowiki>** <nowiki>fix generating bootfs in imagebuilder (FS#102)</nowiki> //<color #ccc>(</color><color #282>+7</color><color #ccc>,</color><color #f00>-1</color><color #ccc>)</color>//\\
''[[https://git.lede-project.org/?p=source.git;a=commitdiff;h=dc765f64c59a3e4a2d751685aec1f7a9bc3f2195|dc765f6]]'' **<nowiki>imx6:</nowiki>** <nowiki>Fix pointing to msata/mmc bootdevs</nowiki> //<color #ccc>(</color><color #282>+4</color><color #ccc>,</color><color #f00>-4</color><color #ccc>)</color>//\\
''[[https://git.lede-project.org/?p=source.git;a=commitdiff;h=d3730c9aca54712e64ee31c7587c3e35809e47bd|d3730c9]]'' **<nowiki>imx6:</nowiki>** <nowiki>disable EOF markers on UBI</nowiki> //<color #ccc>(</color><color #282>+1</color><color #ccc>)</color>//\\
''[[https://git.lede-project.org/?p=source.git;a=commitdiff;h=3314bcf7152767d45785882f586832adcd2a5723|3314bcf]]'' **<nowiki>imx6:</nowiki>** <nowiki>add GW553x support</nowiki> //<color #ccc>(</color><color #282>+605</color><color #ccc>,</color><color #f00>-1</color><color #ccc>)</color>//\\
''[[https://git.lede-project.org/?p=source.git;a=commitdiff;h=0cf48c44072788acebc2d428a3e4955f006a1dc7|0cf48c4]]'' **<nowiki>imx6:</nowiki>** <nowiki>refresh kernel config</nowiki> //<color #ccc>(</color><color #f00>-7</color><color #ccc>)</color>//\\
''[[https://git.lede-project.org/?p=source.git;a=commitdiff;h=911b6ca234d6d924709be27392736de9a741604d|911b6ca]]'' **<nowiki>imx6:</nowiki>** <nowiki>enable ARM crypto acceleration</nowiki> //<color #ccc>(</color><color #282>+19</color><color #ccc>)</color>//\\
''[[https://git.lede-project.org/?p=source.git;a=commitdiff;h=a2386c384da501e862210f222994821580fe151c|a2386c3]]'' **<nowiki>imx6:</nowiki>** <nowiki>image: remove pca955x/ds1672/at24 from Ventana kernel modules</nowiki> //<color #ccc>(</color><color #282>+1</color><color #ccc>,</color><color #f00>-1</color><color #ccc>)</color>//\\
''[[https://git.lede-project.org/?p=source.git;a=commitdiff;h=7419b9497f195775436b0cbc758816dd4427622a|7419b94]]'' **<nowiki>imx6:</nowiki>** <nowiki>override default inittab to add video console tty</nowiki> //<color #ccc>(</color><color #282>+4</color><color #ccc>)</color>//\\
''[[https://git.lede-project.org/?p=source.git;a=commitdiff;h=e7ec7a08aae0afb1064d1bf26a9cd6fe1e64d516|e7ec7a0]]'' **<nowiki>image:</nowiki>** <nowiki>use k as unit suffix for blocksize</nowiki> //<color #ccc>(</color><color #282>+23</color><color #ccc>,</color><color #f00>-23</color><color #ccc>)</color>//\\
''[[https://git.lede-project.org/?p=source.git;a=commitdiff;h=d70b7489428fd377cbda4a2e2c1b5fb8e258cf0f|d70b748]]'' **<nowiki>imx6:</nowiki>** <nowiki>Add static PCA953x support in kernel</nowiki> //<color #ccc>(</color><color #282>+2</color><color #ccc>)</color>//\\
''[[https://git.lede-project.org/?p=source.git;a=commitdiff;h=d27bce8d28eb129af0abd9c80a7756301b7d588a|d27bce8]]'' **<nowiki>build:</nowiki>** <nowiki>drop UBI EOF marker from images by default</nowiki> //<color #ccc>(</color><color #282>+4</color><color #ccc>,</color><color #f00>-3</color><color #ccc>)</color>//\\
''[[https://git.lede-project.org/?p=source.git;a=commitdiff;h=41eab9048b5c1cd58ed1397d25e691d66d8e215b|41eab90]]'' **<nowiki>kernel:</nowiki>** <nowiki>update kernel 4.4 to version 4.4.21</nowiki> //<color #ccc>(</color><color #282>+20</color><color #ccc>,</color><color #f00>-230</color><color #ccc>)</color>//\\
''[[https://git.lede-project.org/?p=source.git;a=commitdiff;h=5a922e5c41b4d8c57b53d471f43a3c649b6873bb|5a922e5]]'' **<nowiki>imx6:</nowiki>** <nowiki>inittab: Use login.sh wrapper so we can configure console password</nowiki> //<color #ccc>(</color><color #282>+2</color><color #ccc>,</color><color #f00>-2</color><color #ccc>)</color>//\\
''[[https://git.lede-project.org/?p=source.git;a=commitdiff;h=5481ce9a1157a43d8b2c963e03fb243e70974361|5481ce9]]'' **<nowiki>imx6:</nowiki>** <nowiki>Add ds1307 RTC to kernel for working hctosys</nowiki> //<color #ccc>(</color><color #282>+2</color><color #ccc>)</color>//\\
''[[https://git.lede-project.org/?p=source.git;a=commitdiff;h=d9c37272885eb656b188ee3f98352fcdd5b32708|d9c3727]]'' **<nowiki>imx6:</nowiki>** <nowiki>Add ds1672 RTC to kernel for working hctosys (Gateworks)</nowiki> //<color #ccc>(</color><color #282>+1</color><color #ccc>)</color>//\\
''[[https://git.lede-project.org/?p=source.git;a=commitdiff;h=018d80007e6d9469077d938872e605f826010767|018d800]]'' **<nowiki>kernel:</nowiki>** <nowiki>remove ubifs xz decompression support</nowiki> //<color #ccc>(</color><color #282>+5</color><color #ccc>,</color><color #f00>-1.1K</color><color #ccc>)</color>//\\
''[[https://git.lede-project.org/?p=source.git;a=commitdiff;h=1c6b1ab01dd6a5aa05e1b6d5f41c16b813288dd5|1c6b1ab]]'' **<nowiki>imx6:</nowiki>** <nowiki>fix image boot ubifs compression option</nowiki> //<color #ccc>(</color><color #282>+1</color><color #ccc>,</color><color #f00>-1</color><color #ccc>)</color>//\\
''[[https://git.lede-project.org/?p=source.git;a=commitdiff;h=c524d1b256efd765491aa9b58d1ee947a954db96|c524d1b]]'' **<nowiki>imx6:</nowiki>** <nowiki>enable the Freescale SNVS RTC driver in the kernel config instead of pa...</nowiki> //<color #ccc>(</color><color #282>+2</color><color #ccc>,</color><color #f00>-17</color><color #ccc>)</color>//\\
''[[https://git.lede-project.org/?p=source.git;a=commitdiff;h=348fedc1a621117de10cc1f611ab96b19c777e53|348fedc]]'' **<nowiki>imx6:</nowiki>** <nowiki>build support for the ventana ethernet expansion board into the kernel ...</nowiki> //<color #ccc>(</color><color #282>+2</color><color #ccc>,</color><color #f00>-19</color><color #ccc>)</color>//\\
''[[https://git.lede-project.org/?p=source.git;a=commitdiff;h=7f0796d874f8cbcc1bd7705ff4edf8c30223d2bd|7f0796d]]'' **<nowiki>imx6:</nowiki>** <nowiki>remove kmod-thermal-imx, it is already enabled in the kernel config</nowiki> //<color #ccc>(</color><color #282>+3</color><color #ccc>,</color><color #f00>-23</color><color #ccc>)</color>//\\
''[[https://git.lede-project.org/?p=source.git;a=commitdiff;h=745069895775d1fbd8988a0825f24f6b503517b3|7450698]]'' **<nowiki>imx6:</nowiki>** <nowiki>enable the chipidea usb driver in the kernel config instead of packagin...</nowiki> //<color #ccc>(</color><color #282>+28</color><color #ccc>,</color><color #f00>-8</color><color #ccc>)</color>//\\
''[[https://git.lede-project.org/?p=source.git;a=commitdiff;h=a2f6b56c8f70d7eed674d911556b9e0f36a6753b|a2f6b56]]'' **<nowiki>imx6:</nowiki>** <nowiki>enable the crypto acceleration driver in the kernel config instead of p...</nowiki> //<color #ccc>(</color><color #282>+17</color><color #ccc>,</color><color #f00>-1</color><color #ccc>)</color>//\\
''[[https://git.lede-project.org/?p=source.git;a=commitdiff;h=26e4fee6e28d5f5d50a5ce74aa044fa5b3a9db65|26e4fee]]'' **<nowiki>imx6:</nowiki>** <nowiki>kernel: Backport serial port fixes</nowiki> //<color #ccc>(</color><color #282>+249</color><color #ccc>)</color>//\\
''[[https://git.lede-project.org/?p=source.git;a=commitdiff;h=ee3067c588139ef60a72f5fecac979580d3651e3|ee3067c]]'' **<nowiki>Kernel:</nowiki>** <nowiki>bump to 4.4.44</nowiki> //<color #ccc>(</color><color #282>+41</color><color #ccc>,</color><color #f00>-76</color><color #ccc>)</color>//\\

==== Target / ipq806x (111 changes) ====
''[[https://git.lede-project.org/?p=source.git;a=commitdiff;h=dc929174095a00150de6a3e48d46355d24f223b9|dc92917]]'' <nowiki>image / basefiles: make console password configurable</nowiki> //<color #ccc>(</color><color #282>+48</color><color #ccc>,</color><color #f00>-42</color><color #ccc>)</color>//\\
''[[https://git.lede-project.org/?p=source.git;a=commitdiff;h=e1041e1bc0429442e151e18ec6cbbb28cc050bbe|e1041e1]]'' **<nowiki>ipq806x:</nowiki>** <nowiki>enable fpu</nowiki> //<color #ccc>(</color><color #282>+1</color><color #ccc>,</color><color #f00>-1</color><color #ccc>)</color>//\\
''[[https://git.lede-project.org/?p=source.git;a=commitdiff;h=b8ab6af1a9b8cf1ac76e7008661fd3e775e9ae2b|b8ab6af]]'' **<nowiki>global:</nowiki>** <nowiki>change my email address</nowiki> //<color #ccc>(</color><color #282>+28</color><color #ccc>,</color><color #f00>-28</color><color #ccc>)</color>//\\
''[[https://git.lede-project.org/?p=source.git;a=commitdiff;h=5e49c5795697868f6317f17fda5a2b04f299e116|5e49c57]]'' **<nowiki>ipq806x:</nowiki>** <nowiki>Add support for linux-4.4</nowiki> //<color #ccc>(</color><color #282>+628</color><color #ccc>,</color><color #f00>-24.9K</color><color #ccc>)</color>//\\
''[[https://git.lede-project.org/?p=source.git;a=commitdiff;h=ef02e8967cac02ebec78fadd063b367e67f8fbc6|ef02e89]]'' **<nowiki>ipq806x:</nowiki>** <nowiki>Add Archer C2600 to image/Makefile</nowiki> //<color #ccc>(</color><color #282>+24</color><color #ccc>,</color><color #f00>-1</color><color #ccc>)</color>//\\
''[[https://git.lede-project.org/?p=source.git;a=commitdiff;h=98b50f0beff0c6f7691a0433fc43b959b56f9a4f|98b50f0]]'' **<nowiki>ipq806x/base-files:</nowiki>** <nowiki>Add Archer C2600 LEDs and board</nowiki> //<color #ccc>(</color><color #282>+8</color><color #ccc>)</color>//\\
''[[https://git.lede-project.org/?p=source.git;a=commitdiff;h=14515cc27140069904d4ffc1766c97da439fb42e|14515cc]]'' **<nowiki>ipq806x/base-files:</nowiki>** <nowiki>Add support for Archer C2600</nowiki> //<color #ccc>(</color><color #282>+22</color><color #ccc>,</color><color #f00>-1</color><color #ccc>)</color>//\\
''[[https://git.lede-project.org/?p=source.git;a=commitdiff;h=7d963efc40702a6a88d33397bb3636ebe8a5a1e6|7d963ef]]'' **<nowiki>ipq806x/base-files:</nowiki>** <nowiki>extract ath10k caldata</nowiki> //<color #ccc>(</color><color #282>+68</color><color #ccc>)</color>//\\
''[[https://git.lede-project.org/?p=source.git;a=commitdiff;h=cd36d71655eecfeba3be52a51392e22140ed63d8|cd36d71]]'' **<nowiki>ipq806x/dts:</nowiki>** <nowiki>Add Archer C2600 DTS</nowiki> //<color #ccc>(</color><color #282>+425</color><color #ccc>)</color>//\\
''[[https://git.lede-project.org/?p=source.git;a=commitdiff;h=21802f22f06396189977f3e3b5a7103134352c15|21802f2]]'' **<nowiki>ipq806x:</nowiki>** <nowiki>fix 3.18 support</nowiki> //<color #ccc>(</color><color #282>+23.2K</color><color #ccc>)</color>//\\
''[[https://git.lede-project.org/?p=source.git;a=commitdiff;h=0fa01e25ed1aeac975433c0222b96dd2c05097ba|0fa01e2]]'' **<nowiki>ipq806x:</nowiki>** <nowiki>remove accidentially comitted file</nowiki> //<color #ccc>(</color><color #f00>-464</color><color #ccc>)</color>//\\
''[[https://git.lede-project.org/?p=source.git;a=commitdiff;h=1e152483deeddfdfb7af2c5411de21ad305e04f6|1e15248]]'' **<nowiki>ipq806x:</nowiki>** <nowiki>enable PM support</nowiki> //<color #ccc>(</color><color #282>+2</color><color #ccc>)</color>//\\
''[[https://git.lede-project.org/?p=source.git;a=commitdiff;h=9dafab92bf03723b728dfec8ac8d2d12f56e74f7|9dafab9]]'' **<nowiki>ipq806x:</nowiki>** <nowiki>add a default profile</nowiki> //<color #ccc>(</color><color #282>+9</color><color #ccc>)</color>//\\
''[[https://git.lede-project.org/?p=source.git;a=commitdiff;h=8ee30ade17fad882c7ab840e09fa614785954f02|8ee30ad]]'' **<nowiki>ipq806x:</nowiki>** <nowiki>add diag.sh script</nowiki> //<color #ccc>(</color><color #282>+31</color><color #ccc>)</color>//\\
''[[https://git.lede-project.org/?p=source.git;a=commitdiff;h=7eeb254cc49c4e9f837c980826ec112b9404f341|7eeb254]]'' **<nowiki>treewide:</nowiki>** <nowiki>replace nbd@openwrt.org with nbd@nbd.name</nowiki> //<color #ccc>(</color><color #282>+299</color><color #ccc>,</color><color #f00>-299</color><color #ccc>)</color>//\\
''[[https://git.lede-project.org/?p=source.git;a=commitdiff;h=928163bad2bc200b5d88d5f5694686b82651adf5|928163b]]'' **<nowiki>uboot-envtools:</nowiki>** <nowiki>add ipq806x support</nowiki> //<color #ccc>(</color><color #282>+32</color><color #ccc>,</color><color #f00>-1</color><color #ccc>)</color>//\\
''[[https://git.lede-project.org/?p=source.git;a=commitdiff;h=bdaf558134e526cf0b4022cf377ae73819181353|bdaf558]]'' **<nowiki>ipq806x:</nowiki>** <nowiki>qcom rpm fix support for smb208</nowiki> //<color #ccc>(</color><color #282>+124</color><color #ccc>)</color>//\\
''[[https://git.lede-project.org/?p=source.git;a=commitdiff;h=2adc6468bf4537f75a519dbe3c082268b0d038a6|2adc646]]'' **<nowiki>ipq806x:</nowiki>** <nowiki>build Linksys EA8500 images</nowiki> //<color #ccc>(</color><color #282>+18</color><color #ccc>,</color><color #f00>-1</color><color #ccc>)</color>//\\
''[[https://git.lede-project.org/?p=source.git;a=commitdiff;h=3d067c013297f43021a8e7aec78e220c048585fb|3d067c0]]'' **<nowiki>ipq806x:</nowiki>** <nowiki>base-files: add support for Linksys EA8500</nowiki> //<color #ccc>(</color><color #282>+142</color><color #ccc>)</color>//\\
''[[https://git.lede-project.org/?p=source.git;a=commitdiff;h=46cecfd6d727f398b568080655a77ea07308053b|46cecfd]]'' **<nowiki>ipg806x:</nowiki>** <nowiki>set v4.4 as default</nowiki> //<color #ccc>(</color><color #282>+1</color><color #ccc>,</color><color #f00>-21.2K</color><color #ccc>)</color>//\\
''[[https://git.lede-project.org/?p=source.git;a=commitdiff;h=8cc65914dfb82a50509d8187c2c50f82cea31251|8cc6591]]'' **<nowiki>ipq806x:</nowiki>** <nowiki>move dts file to the files folder</nowiki> //<color #ccc>(</color><color #282>+1.5K</color><color #ccc>,</color><color #f00>-1.2K</color><color #ccc>)</color>//\\
''[[https://git.lede-project.org/?p=source.git;a=commitdiff;h=9361285a41b8b1164f523dbd493042ae0b8e63d7|9361285]]'' **<nowiki>ipq806x:</nowiki>** <nowiki>restore old stmmac dma patch which is still needed to fix data corru...</nowiki> //<color #ccc>(</color><color #282>+117</color><color #ccc>)</color>//\\
''[[https://git.lede-project.org/?p=source.git;a=commitdiff;h=14e2f4f6d1fcf3f10eef8127e5342ccfe869dc16|14e2f4f]]'' **<nowiki>ipq806x:</nowiki>** <nowiki>add missing kernel config symbol</nowiki> //<color #ccc>(</color><color #282>+1</color><color #ccc>)</color>//\\
''[[https://git.lede-project.org/?p=source.git;a=commitdiff;h=0ddcbee2615197c8905408422b4a8a9fe7dbe954|0ddcbee]]'' **<nowiki>ipq806x:</nowiki>** <nowiki>activate ATAG DTB mangle and EA8500 rootblock in dts</nowiki> //<color #ccc>(</color><color #282>+190</color><color #ccc>,</color><color #f00>-1</color><color #ccc>)</color>//\\
''[[https://git.lede-project.org/?p=source.git;a=commitdiff;h=66ffd0ddf9d06a5a72ca72ed19636d20eab95c64|66ffd0d]]'' **<nowiki>ipq806x:</nowiki>** <nowiki>fix MAC_POWER_SEL switch configuration</nowiki> //<color #ccc>(</color><color #282>+6</color><color #ccc>,</color><color #f00>-6</color><color #ccc>)</color>//\\
''[[https://git.lede-project.org/?p=source.git;a=commitdiff;h=4cd67a4f212c5a5eeeadefaf894a790853d95754|4cd67a4]]'' **<nowiki>ipq806x:</nowiki>** <nowiki>move smb208 nodes into a regulator subnode</nowiki> //<color #ccc>(</color><color #282>+69</color><color #ccc>)</color>//\\
''[[https://git.lede-project.org/?p=source.git;a=commitdiff;h=9bf3ddcb2ae9cf48fba1e392ff57727f22a036bd|9bf3ddc]]'' **<nowiki>ipq806x:</nowiki>** <nowiki>move ath10k firmware selection into device profiles</nowiki> //<color #ccc>(</color><color #282>+8</color><color #ccc>,</color><color #f00>-1</color><color #ccc>)</color>//\\
''[[https://git.lede-project.org/?p=source.git;a=commitdiff;h=823242185b56ea518568296f1a5834f736f12076|8232421]]'' **<nowiki>ipq806x:</nowiki>** <nowiki>add initial support for Netgear R7800</nowiki> //<color #ccc>(</color><color #282>+1.6K</color><color #ccc>,</color><color #f00>-12</color><color #ccc>)</color>//\\
''[[https://git.lede-project.org/?p=source.git;a=commitdiff;h=b7baaaf782f40bf6a1d017a1f41480b6229a12c9|b7baaaf]]'' **<nowiki>kernel:</nowiki>** <nowiki>Move append-dtb to common image-commands</nowiki> //<color #ccc>(</color><color #282>+12</color><color #ccc>,</color><color #f00>-29</color><color #ccc>)</color>//\\
''[[https://git.lede-project.org/?p=source.git;a=commitdiff;h=776613eeba3611d315fa50f869c0064f02748b0e|776613e]]'' **<nowiki>ipq806x:</nowiki>** <nowiki>Fix typo in Qualcomm device names</nowiki> //<color #ccc>(</color><color #282>+3</color><color #ccc>,</color><color #f00>-3</color><color #ccc>)</color>//\\
''[[https://git.lede-project.org/?p=source.git;a=commitdiff;h=184087f4f16357c539df106e3f5971e7daabbdc9|184087f]]'' **<nowiki>ipq806x:</nowiki>** <nowiki>enable ieee80211 phy hotplug and patch macaddress</nowiki> //<color #ccc>(</color><color #282>+23</color><color #ccc>)</color>//\\
''[[https://git.lede-project.org/?p=source.git;a=commitdiff;h=84d489f64f3b382d5544e342f66d8806e94e85d3|84d489f]]'' **<nowiki>kernel:</nowiki>** <nowiki>update to version 4.4.14</nowiki> //<color #ccc>(</color><color #282>+567</color><color #ccc>,</color><color #f00>-1.1K</color><color #ccc>)</color>//\\
''[[https://git.lede-project.org/?p=source.git;a=commitdiff;h=39a229ed4b76434df5178cd73401918dec275653|39a229e]]'' **<nowiki>ipq806x:</nowiki>** <nowiki>enable ath10k firmware for 988x, 99x0 and 9984 by default</nowiki> //<color #ccc>(</color><color #282>+3</color><color #ccc>,</color><color #f00>-2</color><color #ccc>)</color>//\\
''[[https://git.lede-project.org/?p=source.git;a=commitdiff;h=1729a089fe087f36e09c7811b6aca89524edc181|1729a08]]'' **<nowiki>ipq806x:</nowiki>** <nowiki>remove obsolete UBINIZE_OPTS variables</nowiki> //<color #ccc>(</color><color #f00>-1</color><color #ccc>)</color>//\\
''[[https://git.lede-project.org/?p=source.git;a=commitdiff;h=e0ed6ec667c74ae48694808626d3bf00bea12b2b|e0ed6ec]]'' **<nowiki>image:</nowiki>** <nowiki>clean up UBI related device variable definitions</nowiki> //<color #ccc>(</color><color #282>+17</color><color #ccc>,</color><color #f00>-7</color><color #ccc>)</color>//\\
''[[https://git.lede-project.org/?p=source.git;a=commitdiff;h=8e2764ce9bb6716acb955a0c27d8db291d68650c|8e2764c]]'' **<nowiki>image.mk:</nowiki>** <nowiki>clean up redundant code related to DEVICE_DTS</nowiki> //<color #ccc>(</color><color #282>+10</color><color #ccc>,</color><color #f00>-20</color><color #ccc>)</color>//\\
''[[https://git.lede-project.org/?p=source.git;a=commitdiff;h=15bcda4be615253c52aa76a4456cf38f4462d6c1|15bcda4]]'' **<nowiki>ipq806x:</nowiki>** <nowiki>change compiler flags to arm cortex-a15</nowiki> //<color #ccc>(</color><color #282>+1</color><color #ccc>,</color><color #f00>-1</color><color #ccc>)</color>//\\
''[[https://git.lede-project.org/?p=source.git;a=commitdiff;h=9780b2dd93335bb5fbf19f8a5bd61cd780720fee|9780b2d]]'' **<nowiki>ipq806x:</nowiki>** <nowiki>add patch for kernel compiler flags</nowiki> //<color #ccc>(</color><color #282>+13</color><color #ccc>)</color>//\\
''[[https://git.lede-project.org/?p=source.git;a=commitdiff;h=7a175e2d44095c144757e8115b281f507bbfc284|7a175e2]]'' **<nowiki>ipq806x:</nowiki>** <nowiki>clean up redundant initialization of core device image variables</nowiki> //<color #ccc>(</color><color #282>+1</color><color #ccc>,</color><color #f00>-4</color><color #ccc>)</color>//\\
''[[https://git.lede-project.org/?p=source.git;a=commitdiff;h=db49dd894e7485020445043fb4eef58eebece7d8|db49dd8]]'' **<nowiki>build:</nowiki>** <nowiki>rename sysupgrade-nand to sysupgrade-tar</nowiki> //<color #ccc>(</color><color #282>+13</color><color #ccc>,</color><color #f00>-13</color><color #ccc>)</color>//\\
''[[https://git.lede-project.org/?p=source.git;a=commitdiff;h=62d4665551000b3c85077c48d059a2c796dffc68|62d4665]]'' **<nowiki>ipq806x:</nowiki>** <nowiki>add missing sysupgrade-nand => sysupgrade-tar change</nowiki> //<color #ccc>(</color><color #282>+1</color><color #ccc>,</color><color #f00>-1</color><color #ccc>)</color>//\\
''[[https://git.lede-project.org/?p=source.git;a=commitdiff;h=532eb5f58109f310d6705d142422d8b2820bf654|532eb5f]]'' **<nowiki>ipq806x:</nowiki>** <nowiki>fix boot hang if cmdline contains words with r in the middle</nowiki> //<color #ccc>(</color><color #282>+1</color><color #ccc>,</color><color #f00>-1</color><color #ccc>)</color>//\\
''[[https://git.lede-project.org/?p=source.git;a=commitdiff;h=f3fbc80718d2677357c957436fdea6daf53d3535|f3fbc80]]'' **<nowiki>ipq806x:</nowiki>** <nowiki>fix MAC_POWER_SEL for Netgear R7800</nowiki> //<color #ccc>(</color><color #282>+1</color><color #ccc>,</color><color #f00>-1</color><color #ccc>)</color>//\\
''[[https://git.lede-project.org/?p=source.git;a=commitdiff;h=d7e4b9babb6ce8bf66c4c2e721b78c30d09afdda|d7e4b9b]]'' **<nowiki>ipq806x:</nowiki>** <nowiki>sync with latest patches sent by QCA</nowiki> //<color #ccc>(</color><color #282>+1.4K</color><color #ccc>,</color><color #f00>-93</color><color #ccc>)</color>//\\
''[[https://git.lede-project.org/?p=source.git;a=commitdiff;h=00516611bd8324a2ab0781ad419e9ea11b3713f3|0051661]]'' **<nowiki>ipq806x:</nowiki>** <nowiki>add usb pins to r7800 dts file</nowiki> //<color #ccc>(</color><color #282>+183</color><color #ccc>)</color>//\\
''[[https://git.lede-project.org/?p=source.git;a=commitdiff;h=c34f953fefe8ad57dc9f259e074f83df5688d776|c34f953]]'' **<nowiki>ipq806x:</nowiki>** <nowiki>Build image for Netgear Nighthawk X4 R7500v2</nowiki> //<color #ccc>(</color><color #282>+383</color><color #ccc>,</color><color #f00>-1</color><color #ccc>)</color>//\\
''[[https://git.lede-project.org/?p=source.git;a=commitdiff;h=8072264b96785184b76aa46bcd08b4f9cdfada42|8072264]]'' **<nowiki>kernel:</nowiki>** <nowiki>update kernel 4.4 to version 4.4.19</nowiki> //<color #ccc>(</color><color #282>+400</color><color #ccc>,</color><color #f00>-939</color><color #ccc>)</color>//\\
''[[https://git.lede-project.org/?p=source.git;a=commitdiff;h=00e8571f2bf24a9ee38f84b8494c1d653ffdeffe|00e8571]]'' **<nowiki>ipq806x:</nowiki>** <nowiki>rename R7800 device tree file, merge R7500v2 dts addition</nowiki> //<color #ccc>(</color><color #282>+4</color><color #ccc>,</color><color #f00>-13</color><color #ccc>)</color>//\\
''[[https://git.lede-project.org/?p=source.git;a=commitdiff;h=2a64be5aa9240449ceac069c914e2bb0972baa2d|2a64be5]]'' **<nowiki>ipq806x:</nowiki>** <nowiki>enable ondemand governor</nowiki> //<color #ccc>(</color><color #282>+2</color><color #ccc>,</color><color #f00>-1</color><color #ccc>)</color>//\\
''[[https://git.lede-project.org/?p=source.git;a=commitdiff;h=941729336602c3ad0e6ee9d83dcc5192650df44e|9417293]]'' **<nowiki>ipq806x:</nowiki>** <nowiki>Archer C2600: Renaming LED accordance with the standard</nowiki> //<color #ccc>(</color><color #282>+20</color><color #ccc>,</color><color #f00>-20</color><color #ccc>)</color>//\\
''[[https://git.lede-project.org/?p=source.git;a=commitdiff;h=9dc367e6f041e8ca3e431eea31c25a17822b051a|9dc367e]]'' **<nowiki>ipq806x:</nowiki>** <nowiki>fix ipq8065 s2a/s2b regulator frequency (fixes ethernet performance)</nowiki> //<color #ccc>(</color><color #282>+2</color><color #ccc>,</color><color #f00>-2</color><color #ccc>)</color>//\\
''[[https://git.lede-project.org/?p=source.git;a=commitdiff;h=e7ec7a08aae0afb1064d1bf26a9cd6fe1e64d516|e7ec7a0]]'' **<nowiki>image:</nowiki>** <nowiki>use k as unit suffix for blocksize</nowiki> //<color #ccc>(</color><color #282>+23</color><color #ccc>,</color><color #f00>-23</color><color #ccc>)</color>//\\
''[[https://git.lede-project.org/?p=source.git;a=commitdiff;h=c7d5bc8197609a62f03f3f6b3d665ae73bd1072b|c7d5bc8]]'' **<nowiki>ramips:</nowiki>** <nowiki>improve Linksys EA8500 build code</nowiki> //<color #ccc>(</color><color #282>+2</color><color #ccc>,</color><color #f00>-2</color><color #ccc>)</color>//\\
''[[https://git.lede-project.org/?p=source.git;a=commitdiff;h=1cd0a4c688f02918cb96ff7f5f21cddc281d4f2c|1cd0a4c]]'' **<nowiki>image:</nowiki>** <nowiki>add KERNEL_SIZE to the default device vars</nowiki> //<color #ccc>(</color><color #282>+6</color><color #ccc>,</color><color #f00>-10</color><color #ccc>)</color>//\\
''[[https://git.lede-project.org/?p=source.git;a=commitdiff;h=eb7307cb943bfe4f10fa2f77abbe71dfcbbb3601|eb7307c]]'' **<nowiki>ipq806x:</nowiki>** <nowiki>update Netgear R7800 device tree</nowiki> //<color #ccc>(</color><color #282>+308</color><color #ccc>,</color><color #f00>-181</color><color #ccc>)</color>//\\
''[[https://git.lede-project.org/?p=source.git;a=commitdiff;h=9677bfbb0fcb035550b9c8d380481273a89c4f52|9677bfb]]'' **<nowiki>ipq806x:</nowiki>** <nowiki>fix wlan mac for Netgear R7800</nowiki> //<color #ccc>(</color><color #282>+3</color><color #ccc>)</color>//\\
''[[https://git.lede-project.org/?p=source.git;a=commitdiff;h=4bdf615878dd98106b3fdb9e092f7349b1a8d39f|4bdf615]]'' **<nowiki>ipq806x:</nowiki>** <nowiki>add support for indicating the boot and upgrade state using four leds</nowiki> //<color #ccc>(</color><color #282>+54</color><color #ccc>,</color><color #f00>-15</color><color #ccc>)</color>//\\
''[[https://git.lede-project.org/?p=source.git;a=commitdiff;h=bcfb535730fde6f1543f7140e818992ea13f4d30|bcfb535]]'' **<nowiki>ipq806x:</nowiki>** <nowiki>C2600: change leds colour name</nowiki> //<color #ccc>(</color><color #282>+12</color><color #ccc>,</color><color #f00>-13</color><color #ccc>)</color>//\\
''[[https://git.lede-project.org/?p=source.git;a=commitdiff;h=a92f57599cea2f1cd3db88b49031b2de1eb3859e|a92f575]]'' **<nowiki>ipq806x:</nowiki>** <nowiki>add back end-of-UBI marker for a few factory images (FS#228)</nowiki> //<color #ccc>(</color><color #282>+2</color><color #ccc>)</color>//\\
''[[https://git.lede-project.org/?p=source.git;a=commitdiff;h=0658527e1ebe666cabde9267b6afbe543314160c|0658527]]'' <nowiki>switch to the new usbport LED trigger</nowiki> //<color #ccc>(</color><color #282>+150</color><color #ccc>,</color><color #f00>-139</color><color #ccc>)</color>//\\
''[[https://git.lede-project.org/?p=source.git;a=commitdiff;h=a0ed7af6c62bb8972ce7509ac76d0a648b291dd6|a0ed7af]]'' **<nowiki>ipq806x/nbg6817:</nowiki>** <nowiki>add support for ZyXEL NBG6817</nowiki> //<color #ccc>(</color><color #282>+400</color><color #ccc>,</color><color #f00>-8</color><color #ccc>)</color>//\\
''[[https://git.lede-project.org/?p=source.git;a=commitdiff;h=1465bebd74537fc38d1b4457a331331d58ca6d43|1465beb]]'' **<nowiki>ipq806x/nbg6817:</nowiki>** <nowiki>add sysupgrade support</nowiki> //<color #ccc>(</color><color #282>+99</color><color #ccc>)</color>//\\
''[[https://git.lede-project.org/?p=source.git;a=commitdiff;h=dbf2feb2b33716f1ec79836b09c0dfdf1f0fdb55|dbf2feb]]'' **<nowiki>ipq806x:</nowiki>** <nowiki>ArcherC2600: devictree cleanup</nowiki> //<color #ccc>(</color><color #282>+44</color><color #ccc>,</color><color #f00>-13</color><color #ccc>)</color>//\\
''[[https://git.lede-project.org/?p=source.git;a=commitdiff;h=0744b6a044a4d97006905b95658b9b5d854f3dd1|0744b6a]]'' **<nowiki>ipq806x:</nowiki>** <nowiki>ArcherC2600: export usb power pins</nowiki> //<color #ccc>(</color><color #282>+16</color><color #ccc>)</color>//\\
''[[https://git.lede-project.org/?p=source.git;a=commitdiff;h=8f7e58c0fea5cf3b88eeaa83298e3b852039dbb7|8f7e58c]]'' **<nowiki>ipq806x:</nowiki>** <nowiki>add reserved memory node in Netgear R7800</nowiki> //<color #ccc>(</color><color #282>+5</color><color #ccc>)</color>//\\
''[[https://git.lede-project.org/?p=source.git;a=commitdiff;h=dafbc94f95141655f358fdd015a552921b3a66a3|dafbc94]]'' **<nowiki>ipq806x:</nowiki>** <nowiki>TP-Link Archer C2600: convert old usbdev trigger to new usbport</nowiki> //<color #ccc>(</color><color #282>+2</color><color #ccc>,</color><color #f00>-2</color><color #ccc>)</color>//\\
''[[https://git.lede-project.org/?p=source.git;a=commitdiff;h=bf7166e54569266a7d7525742f3216b4e3064825|bf7166e]]'' **<nowiki>ipq806x:</nowiki>** <nowiki>fix leds, sata port for Netgear R7800 and minor fixes - renamed leds...</nowiki> //<color #ccc>(</color><color #282>+43</color><color #ccc>,</color><color #f00>-34</color><color #ccc>)</color>//\\
''[[https://git.lede-project.org/?p=source.git;a=commitdiff;h=8749fb7894601011811dd7409b48401b3aafe0dd|8749fb7]]'' **<nowiki>ipq806x:</nowiki>** <nowiki>update clk-qcom patches</nowiki> //<color #ccc>(</color><color #282>+563</color><color #ccc>,</color><color #f00>-6</color><color #ccc>)</color>//\\
''[[https://git.lede-project.org/?p=source.git;a=commitdiff;h=a154a3d8bec45339c5f4f20b9dc6987652c63e41|a154a3d]]'' **<nowiki>ipq806x:</nowiki>** <nowiki>add opp patches for voltage scaling</nowiki> //<color #ccc>(</color><color #282>+259</color><color #ccc>)</color>//\\
''[[https://git.lede-project.org/?p=source.git;a=commitdiff;h=681f28990d7b44e218335968ebb4cfaca1349a77|681f289]]'' **<nowiki>ipq806x:</nowiki>** <nowiki>switch to generic cpufreq driver cpufreq-dt</nowiki> //<color #ccc>(</color><color #282>+383</color><color #ccc>,</color><color #f00>-466</color><color #ccc>)</color>//\\
''[[https://git.lede-project.org/?p=source.git;a=commitdiff;h=b2135f3ba5f0ce3bac39620bcdfd46a0225727b5|b2135f3]]'' **<nowiki>ipq806x:</nowiki>** <nowiki>update DT in accordance to new drivers And add some more DT nodes</nowiki> //<color #ccc>(</color><color #282>+90</color><color #ccc>,</color><color #f00>-214</color><color #ccc>)</color>//\\
''[[https://git.lede-project.org/?p=source.git;a=commitdiff;h=fddd53261219902e3a446030d175e65bea090380|fddd532]]'' **<nowiki>ipq806x:</nowiki>** <nowiki>fix a kconfig issue</nowiki> //<color #ccc>(</color><color #282>+30</color><color #ccc>)</color>//\\
''[[https://git.lede-project.org/?p=source.git;a=commitdiff;h=fcf90318c55815d957b62c19818995f9c995ad8c|fcf9031]]'' **<nowiki>ipq806x:</nowiki>** <nowiki>clean up the kernel config and reduce kernel image size by disabling...</nowiki> //<color #ccc>(</color><color #282>+7</color><color #ccc>,</color><color #f00>-50</color><color #ccc>)</color>//\\
''[[https://git.lede-project.org/?p=source.git;a=commitdiff;h=36166661268446b49499e89dc1364bc52ad133c2|3616666]]'' **<nowiki>ipq806x:</nowiki>** <nowiki>fix zyxel image build error</nowiki> //<color #ccc>(</color><color #282>+1</color><color #ccc>,</color><color #f00>-1</color><color #ccc>)</color>//\\
''[[https://git.lede-project.org/?p=source.git;a=commitdiff;h=524d7a7cdeb12b2061dfadf91e12f3355d908f19|524d7a7]]'' **<nowiki>ipq806x:</nowiki>** <nowiki>fix pcie reset gpios</nowiki> //<color #ccc>(</color><color #282>+6</color><color #ccc>,</color><color #f00>-6</color><color #ccc>)</color>//\\
''[[https://git.lede-project.org/?p=source.git;a=commitdiff;h=793d448a51b53d81e2dbd58a5865a204de92ad34|793d448]]'' **<nowiki>ipq806x:</nowiki>** <nowiki>backport upstream wdt driver</nowiki> //<color #ccc>(</color><color #282>+2.6K</color><color #ccc>,</color><color #f00>-38</color><color #ccc>)</color>//\\
''[[https://git.lede-project.org/?p=source.git;a=commitdiff;h=506dc815b9fc6869402c6a0157a1bdf27a89b9a3|506dc81]]'' **<nowiki>ipq806x:</nowiki>** <nowiki>add CPU idle states</nowiki> //<color #ccc>(</color><color #282>+102</color><color #ccc>)</color>//\\
''[[https://git.lede-project.org/?p=source.git;a=commitdiff;h=07d0c1b947e6bbda527ee47458aa3964359d5644|07d0c1b]]'' **<nowiki>ipq806x:</nowiki>** <nowiki>add support for RPM clock controller</nowiki> //<color #ccc>(</color><color #282>+1.6K</color><color #ccc>)</color>//\\
''[[https://git.lede-project.org/?p=source.git;a=commitdiff;h=77b6bfc2f59e85f16880e61b75a3b0cdfa35e2d7|77b6bfc]]'' **<nowiki>ipq806x:</nowiki>** <nowiki>add support for RPM message RAM</nowiki> //<color #ccc>(</color><color #282>+150</color><color #ccc>)</color>//\\
''[[https://git.lede-project.org/?p=source.git;a=commitdiff;h=84781cb6dc2004912cde1e2b37c91148c19a9ac4|84781cb]]'' **<nowiki>ipq806x:</nowiki>** <nowiki>add vlans during switch init into R7800 DT</nowiki> //<color #ccc>(</color><color #282>+4</color><color #ccc>)</color>//\\
''[[https://git.lede-project.org/?p=source.git;a=commitdiff;h=bb8f5162fd76bba8a5bf661f674f4904259249f6|bb8f516]]'' **<nowiki>ipq806x:</nowiki>** <nowiki>fix pci pins</nowiki> //<color #ccc>(</color><color #282>+9</color><color #ccc>,</color><color #f00>-7</color><color #ccc>)</color>//\\
''[[https://git.lede-project.org/?p=source.git;a=commitdiff;h=3ac5eb914169a7169f5522799fbb0f90f1234c1c|3ac5eb9]]'' **<nowiki>ipq806x:</nowiki>** <nowiki>fix Netgear R7500v2 memory</nowiki> //<color #ccc>(</color><color #282>+6</color><color #ccc>,</color><color #f00>-1</color><color #ccc>)</color>//\\
''[[https://git.lede-project.org/?p=source.git;a=commitdiff;h=5aace5a5fbcf4a80c6765b605ffdd86d2cfadfb0|5aace5a]]'' **<nowiki>ipq806x:</nowiki>** <nowiki>fixes for R7800 and C2600</nowiki> //<color #ccc>(</color><color #282>+115</color><color #ccc>,</color><color #f00>-18</color><color #ccc>)</color>//\\
''[[https://git.lede-project.org/?p=source.git;a=commitdiff;h=8459d85fa38e8882a9767c105fc01cb8e95e7d5b|8459d85]]'' **<nowiki>ipq806x:</nowiki>** <nowiki>refresh patches</nowiki> //<color #ccc>(</color><color #282>+25</color><color #ccc>,</color><color #f00>-50</color><color #ccc>)</color>//\\
''[[https://git.lede-project.org/?p=source.git;a=commitdiff;h=9d6d7d9a0e1f8e516537d80c222ce8f787070280|9d6d7d9]]'' **<nowiki>ipq806x:</nowiki>** <nowiki>append metadata to images</nowiki> //<color #ccc>(</color><color #282>+6</color><color #ccc>,</color><color #f00>-6</color><color #ccc>)</color>//\\
''[[https://git.lede-project.org/?p=source.git;a=commitdiff;h=27c355f8a4faf13f438855259afbfd230f9e3a2b|27c355f]]'' **<nowiki>ipq806x:</nowiki>** <nowiki>fix build errors</nowiki> //<color #ccc>(</color><color #282>+262</color><color #ccc>)</color>//\\
''[[https://git.lede-project.org/?p=source.git;a=commitdiff;h=b5ee86c4e5dd11cb158f34b21e66003190b90981|b5ee86c]]'' **<nowiki>ipq806x:</nowiki>** <nowiki>remove device specific sysupgrade image checks</nowiki> //<color #ccc>(</color><color #282>+1</color><color #ccc>,</color><color #f00>-24</color><color #ccc>)</color>//\\
''[[https://git.lede-project.org/?p=source.git;a=commitdiff;h=70434c3f948749690de24effbfd98f7a64e0991f|70434c3]]'' **<nowiki>ipq806x:</nowiki>** <nowiki>switch to upstream usb driver and backport fixes</nowiki> //<color #ccc>(</color><color #282>+1.1K</color><color #ccc>,</color><color #f00>-23</color><color #ccc>)</color>//\\
''[[https://git.lede-project.org/?p=source.git;a=commitdiff;h=8b1731964ba4f75db61d7fbb6f5214fbe898636b|8b17319]]'' **<nowiki>ipq806x:</nowiki>** <nowiki>enable swconfig LED support</nowiki> //<color #ccc>(</color><color #282>+1</color><color #ccc>)</color>//\\
''[[https://git.lede-project.org/?p=source.git;a=commitdiff;h=c380772c19f7fdc77b9aa83f98e5aedc14ac3153|c380772]]'' **<nowiki>ipq806x:</nowiki>** <nowiki>c2600: change wan and lan led trigger to swconfig port</nowiki> //<color #ccc>(</color><color #282>+2</color><color #ccc>,</color><color #f00>-2</color><color #ccc>)</color>//\\
''[[https://git.lede-project.org/?p=source.git;a=commitdiff;h=ae79c41286f0d9a97f2641450240ecac5465677d|ae79c41]]'' **<nowiki>ipq806x:</nowiki>** <nowiki>add support for TP-Link Archer VR2600v</nowiki> //<color #ccc>(</color><color #282>+467</color><color #ccc>,</color><color #f00>-2</color><color #ccc>)</color>//\\
''[[https://git.lede-project.org/?p=source.git;a=commitdiff;h=e3caadc69d405a74f9643134bc5074607f2a999b|e3caadc]]'' **<nowiki>ipq806x:</nowiki>** <nowiki>clean up dts files</nowiki> //<color #ccc>(</color><color #282>+533</color><color #ccc>,</color><color #f00>-284</color><color #ccc>)</color>//\\
''[[https://git.lede-project.org/?p=source.git;a=commitdiff;h=3228c2a682f287337db3dda880bc1e35ebaa7ce9|3228c2a]]'' **<nowiki>ipq806x:</nowiki>** <nowiki>more dts cleanup</nowiki> //<color #ccc>(</color><color #282>+80</color><color #ccc>,</color><color #f00>-110</color><color #ccc>)</color>//\\
''[[https://git.lede-project.org/?p=source.git;a=commitdiff;h=102cb4742c14f78bf86b7d77c568c205f0d99d85|102cb47]]'' **<nowiki>kernel:</nowiki>** <nowiki>bump to 4.4.35</nowiki> //<color #ccc>(</color><color #282>+191</color><color #ccc>,</color><color #f00>-308</color><color #ccc>)</color>//\\
''[[https://git.lede-project.org/?p=source.git;a=commitdiff;h=550f71ec8d1562c0deec8259cd753e27aa922e33|550f71e]]'' **<nowiki>ipq806x:</nowiki>** <nowiki>refactor rpm clock controller patches</nowiki> //<color #ccc>(</color><color #282>+250</color><color #ccc>,</color><color #f00>-87</color><color #ccc>)</color>//\\
''[[https://git.lede-project.org/?p=source.git;a=commitdiff;h=8fca99266ef45f4b58bfa17a1d6d9eb749db23ef|8fca992]]'' **<nowiki>ipq806x:</nowiki>** <nowiki>add enable reg and masks for PRNG</nowiki> //<color #ccc>(</color><color #282>+25</color><color #ccc>)</color>//\\
''[[https://git.lede-project.org/?p=source.git;a=commitdiff;h=2b71f958b1d2022bd0c4dcaa458f5ba1b955f934|2b71f95]]'' **<nowiki>ipq806x:</nowiki>** <nowiki>increase coherent dma pool size</nowiki> //<color #ccc>(</color><color #282>+52</color><color #ccc>)</color>//\\
''[[https://git.lede-project.org/?p=source.git;a=commitdiff;h=fef6a96d9e9e001a28b6a673c56ed79029457b5d|fef6a96]]'' **<nowiki>ipq806x:</nowiki>** <nowiki>add thermal sensor driver</nowiki> //<color #ccc>(</color><color #282>+2.3K</color><color #ccc>,</color><color #f00>-13</color><color #ccc>)</color>//\\
''[[https://git.lede-project.org/?p=source.git;a=commitdiff;h=d700c120bffe806aa23442cbbcce30e1c1886b79|d700c12]]'' **<nowiki>ipq806x:</nowiki>** <nowiki>EA8500 fix sysupgrade over stock firmware</nowiki> //<color #ccc>(</color><color #282>+26</color><color #ccc>,</color><color #f00>-4</color><color #ccc>)</color>//\\
''[[https://git.lede-project.org/?p=source.git;a=commitdiff;h=018d80007e6d9469077d938872e605f826010767|018d800]]'' **<nowiki>kernel:</nowiki>** <nowiki>remove ubifs xz decompression support</nowiki> //<color #ccc>(</color><color #282>+5</color><color #ccc>,</color><color #f00>-1.1K</color><color #ccc>)</color>//\\
''[[https://git.lede-project.org/?p=source.git;a=commitdiff;h=6ebb46a40a246f986f4ed6f1de43beb4268f8167|6ebb46a]]'' **<nowiki>ipq806x:</nowiki>** <nowiki>fix pvs1_bin voltage in ipq8065 DT</nowiki> //<color #ccc>(</color><color #282>+7</color><color #ccc>,</color><color #f00>-7</color><color #ccc>)</color>//\\
''[[https://git.lede-project.org/?p=source.git;a=commitdiff;h=c2fc52ae222166455f85ef27670d6d12a8a7e9ba|c2fc52a]]'' **<nowiki>kernel:</nowiki>** <nowiki>remove DEVMEM/DEVKMEM platform overrides</nowiki> //<color #ccc>(</color><color #f00>-7</color><color #ccc>)</color>//\\
''[[https://git.lede-project.org/?p=source.git;a=commitdiff;h=5b089e45a649b936d5ce71930adef4fdea8a7875|5b089e4]]'' **<nowiki>kernel:</nowiki>** <nowiki>update 4.4 kernel to 4.4.42</nowiki> //<color #ccc>(</color><color #282>+108</color><color #ccc>,</color><color #f00>-98</color><color #ccc>)</color>//\\
''[[https://git.lede-project.org/?p=source.git;a=commitdiff;h=45bf3d4f248ea2d770a1625fdee8899dc40329af|45bf3d4]]'' **<nowiki>ipq806x:</nowiki>** <nowiki>disable usb3 phy suspend and add usb tcsr control</nowiki> //<color #ccc>(</color><color #282>+43</color><color #ccc>,</color><color #f00>-1</color><color #ccc>)</color>//\\
''[[https://git.lede-project.org/?p=source.git;a=commitdiff;h=44b44595dcf3863e8673c801ec4a74cc540e770b|44b4459]]'' **<nowiki>ipq806x:</nowiki>** <nowiki>update eMMC and SDCC3 nodes in device tree</nowiki> //<color #ccc>(</color><color #282>+9</color><color #ccc>,</color><color #f00>-7</color><color #ccc>)</color>//\\
''[[https://git.lede-project.org/?p=source.git;a=commitdiff;h=ca25b4d729dd25267afcc5e548a1d4cace39a9af|ca25b4d]]'' **<nowiki>ipq806x:</nowiki>** <nowiki>enable hw pseudo random number generator</nowiki> //<color #ccc>(</color><color #282>+17</color><color #ccc>,</color><color #f00>-1</color><color #ccc>)</color>//\\
''[[https://git.lede-project.org/?p=source.git;a=commitdiff;h=8004aa313abb7eba1057b6d42e8710d38c2bc634|8004aa3]]'' **<nowiki>ipq806x:</nowiki>** <nowiki>refactor ipq8065 device tree</nowiki> //<color #ccc>(</color><color #282>+2</color><color #ccc>,</color><color #f00>-1.1K</color><color #ccc>)</color>//\\
''[[https://git.lede-project.org/?p=source.git;a=commitdiff;h=9c915d1e7b05402929c15f1c74e662e9d3893065|9c915d1]]'' **<nowiki>ipq806x:</nowiki>** <nowiki>Fix wireless support for Netgear Nighthawk X4S D7800</nowiki> //<color #ccc>(</color><color #282>+15</color><color #ccc>,</color><color #f00>-11</color><color #ccc>)</color>//\\
''[[https://git.lede-project.org/?p=source.git;a=commitdiff;h=41de9a2e1252956037f967d52260f0b799464972|41de9a2]]'' **<nowiki>ipq806x:</nowiki>** <nowiki>fixup nbg6817 internal mmc and switch configuration in DTS</nowiki> //<color #ccc>(</color><color #282>+1</color><color #ccc>,</color><color #f00>-4</color><color #ccc>)</color>//\\
''[[https://git.lede-project.org/?p=source.git;a=commitdiff;h=c53bb974b291fbf21c1205e777614968f0c2d767|c53bb97]]'' **<nowiki>ipq806x:</nowiki>** <nowiki>fix wireless macs</nowiki> //<color #ccc>(</color><color #282>+1</color><color #ccc>,</color><color #f00>-1</color><color #ccc>)</color>//\\
''[[https://git.lede-project.org/?p=source.git;a=commitdiff;h=054ce1624c16d3668902a5a58c0e4e278af4e123|054ce16]]'' **<nowiki>kernel:</nowiki>** <nowiki>update kernel 4.4 to version 4.4.47</nowiki> //<color #ccc>(</color><color #282>+9</color><color #ccc>,</color><color #f00>-9</color><color #ccc>)</color>//\\

==== Target / ixp4xx (7 changes) ====
''[[https://git.lede-project.org/?p=source.git;a=commitdiff;h=2ce19c0c1f30af4290e31a3d64d1f0cff8d21824|2ce19c0]]'' **<nowiki>ixp4xx:</nowiki>** <nowiki>Add support for 4.4 kernel, refresh patches</nowiki> //<color #ccc>(</color><color #282>+9.8K</color><color #ccc>,</color><color #f00>-1</color><color #ccc>)</color>//\\
''[[https://git.lede-project.org/?p=source.git;a=commitdiff;h=d0c6458339446b74ac3dc150a7f873a4ca8902ad|d0c6458]]'' **<nowiki>ixp4xx:</nowiki>** <nowiki>Drop linux 4.1 support</nowiki> //<color #ccc>(</color><color #f00>-9.8K</color><color #ccc>)</color>//\\
''[[https://git.lede-project.org/?p=source.git;a=commitdiff;h=69b45d2223e3069407be97fd7b76a14b8d195cee|69b45d2]]'' **<nowiki>ixp4xx:</nowiki>** <nowiki>fix Avila SoC audio driver compilation</nowiki> //<color #ccc>(</color><color #282>+1</color><color #ccc>,</color><color #f00>-1</color><color #ccc>)</color>//\\
''[[https://git.lede-project.org/?p=source.git;a=commitdiff;h=92eaf27c62cad5f9832dc7084e1ae14d5e7b47e6|92eaf27]]'' <nowiki>use immediate set in target Makefiles</nowiki> //<color #ccc>(</color><color #282>+7</color><color #ccc>,</color><color #f00>-7</color><color #ccc>)</color>//\\
''[[https://git.lede-project.org/?p=source.git;a=commitdiff;h=d14c28fc80d98cc712074c869cbd1659398e8829|d14c28f]]'' **<nowiki>kernel:</nowiki>** <nowiki>update kernel 4.4 to version 4.4.20</nowiki> //<color #ccc>(</color><color #282>+41</color><color #ccc>,</color><color #f00>-70</color><color #ccc>)</color>//\\
''[[https://git.lede-project.org/?p=source.git;a=commitdiff;h=75e63c249411773613f3f201bea9245623d9f57a|75e63c2]]'' **<nowiki>kernel:</nowiki>** <nowiki>update kernel 3.18 to version 3.18.43</nowiki> //<color #ccc>(</color><color #282>+107</color><color #ccc>,</color><color #f00>-181</color><color #ccc>)</color>//\\
''[[https://git.lede-project.org/?p=source.git;a=commitdiff;h=91dab059183dfaf3d662ff57e10923ac4272b785|91dab05]]'' **<nowiki>ixp4xx:</nowiki>** <nowiki>drop 3.18 config/patches</nowiki> //<color #ccc>(</color><color #f00>-9.7K</color><color #ccc>)</color>//\\

==== Target / kirkwood (33 changes) ====
''[[https://git.lede-project.org/?p=source.git;a=commitdiff;h=934daa7b50e5450aaf964f382bfb66b8986cbaeb|934daa7]]'' **<nowiki>kirkwood:</nowiki>** <nowiki>move ubi/ubifs options to the image makefile</nowiki> //<color #ccc>(</color><color #282>+36</color><color #ccc>,</color><color #f00>-36</color><color #ccc>)</color>//\\
''[[https://git.lede-project.org/?p=source.git;a=commitdiff;h=52836866c942401dd91853105dfc63e1f853b587|5283686]]'' **<nowiki>kirkwood:</nowiki>** <nowiki>add missing kernel symbol</nowiki> //<color #ccc>(</color><color #282>+1</color><color #ccc>)</color>//\\
''[[https://git.lede-project.org/?p=source.git;a=commitdiff;h=6036768d463027c7b28aa22309e61e61b3e5fce3|6036768]]'' **<nowiki>kirkwood:</nowiki>** <nowiki>install kernel binaries into bin/ for use with external storage</nowiki> //<color #ccc>(</color><color #282>+2</color><color #ccc>)</color>//\\
''[[https://git.lede-project.org/?p=source.git;a=commitdiff;h=b7baaaf782f40bf6a1d017a1f41480b6229a12c9|b7baaaf]]'' **<nowiki>kernel:</nowiki>** <nowiki>Move append-dtb to common image-commands</nowiki> //<color #ccc>(</color><color #282>+12</color><color #ccc>,</color><color #f00>-29</color><color #ccc>)</color>//\\
''[[https://git.lede-project.org/?p=source.git;a=commitdiff;h=e0ed6ec667c74ae48694808626d3bf00bea12b2b|e0ed6ec]]'' **<nowiki>image:</nowiki>** <nowiki>clean up UBI related device variable definitions</nowiki> //<color #ccc>(</color><color #282>+17</color><color #ccc>,</color><color #f00>-7</color><color #ccc>)</color>//\\
''[[https://git.lede-project.org/?p=source.git;a=commitdiff;h=8e2764ce9bb6716acb955a0c27d8db291d68650c|8e2764c]]'' **<nowiki>image.mk:</nowiki>** <nowiki>clean up redundant code related to DEVICE_DTS</nowiki> //<color #ccc>(</color><color #282>+10</color><color #ccc>,</color><color #f00>-20</color><color #ccc>)</color>//\\
''[[https://git.lede-project.org/?p=source.git;a=commitdiff;h=cfd1ef4b90b01357ffad1452152442274110a5e8|cfd1ef4]]'' **<nowiki>kirkwood:</nowiki>** <nowiki>get rid of useless ubifs/ubi option variables</nowiki> //<color #ccc>(</color><color #282>+3</color><color #ccc>,</color><color #f00>-33</color><color #ccc>)</color>//\\
''[[https://git.lede-project.org/?p=source.git;a=commitdiff;h=5d4b04495502b326592c94a364bcd2cde65439ba|5d4b044]]'' **<nowiki>kirkwood:</nowiki>** <nowiki>clean up redundant variables in the image building code</nowiki> //<color #ccc>(</color><color #282>+9</color><color #ccc>,</color><color #f00>-15</color><color #ccc>)</color>//\\
''[[https://git.lede-project.org/?p=source.git;a=commitdiff;h=0538bbdc4df8f04b4c7139154c1e4ad4d4abac8f|0538bbd]]'' **<nowiki>kirkwood:</nowiki>** <nowiki>remove obsolete ubinize.cfg file</nowiki> //<color #ccc>(</color><color #f00>-13</color><color #ccc>)</color>//\\
''[[https://git.lede-project.org/?p=source.git;a=commitdiff;h=650afe412b3713ded698b1a4028acb1ad0c9d1da|650afe4]]'' **<nowiki>kirkwood:</nowiki>** <nowiki>remove obsolete code for including kernel/dtb in rootfs</nowiki> //<color #ccc>(</color><color #282>+3</color><color #ccc>,</color><color #f00>-45</color><color #ccc>)</color>//\\
''[[https://git.lede-project.org/?p=source.git;a=commitdiff;h=064bcdc25907e7c9c949bb80c4772ecf81178d66|064bcdc]]'' **<nowiki>kirkwood:</nowiki>** <nowiki>fix UBIFS_OPTS variable in image build</nowiki> //<color #ccc>(</color><color #282>+1</color><color #ccc>,</color><color #f00>-1</color><color #ccc>)</color>//\\
''[[https://git.lede-project.org/?p=source.git;a=commitdiff;h=33c8d35375706457768d32155f10e7df196e9a65|33c8d35]]'' **<nowiki>image:</nowiki>** <nowiki>remove shell calls from legacy ubi/ubifs image code</nowiki> //<color #ccc>(</color><color #282>+5</color><color #ccc>,</color><color #f00>-11</color><color #ccc>)</color>//\\
''[[https://git.lede-project.org/?p=source.git;a=commitdiff;h=db49dd894e7485020445043fb4eef58eebece7d8|db49dd8]]'' **<nowiki>build:</nowiki>** <nowiki>rename sysupgrade-nand to sysupgrade-tar</nowiki> //<color #ccc>(</color><color #282>+13</color><color #ccc>,</color><color #f00>-13</color><color #ccc>)</color>//\\
''[[https://git.lede-project.org/?p=source.git;a=commitdiff;h=e7ec7a08aae0afb1064d1bf26a9cd6fe1e64d516|e7ec7a0]]'' **<nowiki>image:</nowiki>** <nowiki>use k as unit suffix for blocksize</nowiki> //<color #ccc>(</color><color #282>+23</color><color #ccc>,</color><color #f00>-23</color><color #ccc>)</color>//\\
''[[https://git.lede-project.org/?p=source.git;a=commitdiff;h=c1578d4fc9e53c9b80d858fc924adc8a66f5fce3|c1578d4]]'' <nowiki>cleanup ucidef_set_interface* usage</nowiki> //<color #ccc>(</color><color #282>+8</color><color #ccc>,</color><color #f00>-9</color><color #ccc>)</color>//\\
''[[https://git.lede-project.org/?p=source.git;a=commitdiff;h=d27bce8d28eb129af0abd9c80a7756301b7d588a|d27bce8]]'' **<nowiki>build:</nowiki>** <nowiki>drop UBI EOF marker from images by default</nowiki> //<color #ccc>(</color><color #282>+4</color><color #ccc>,</color><color #f00>-3</color><color #ccc>)</color>//\\
''[[https://git.lede-project.org/?p=source.git;a=commitdiff;h=1cd0a4c688f02918cb96ff7f5f21cddc281d4f2c|1cd0a4c]]'' **<nowiki>image:</nowiki>** <nowiki>add KERNEL_SIZE to the default device vars</nowiki> //<color #ccc>(</color><color #282>+6</color><color #ccc>,</color><color #f00>-10</color><color #ccc>)</color>//\\
''[[https://git.lede-project.org/?p=source.git;a=commitdiff;h=61c2a7339a70b34cc357f9f190921365c39073f9|61c2a73]]'' **<nowiki>image:</nowiki>** <nowiki>remove padding parameter from append-kernel/append-rootfs</nowiki> //<color #ccc>(</color><color #282>+15</color><color #ccc>,</color><color #f00>-15</color><color #ccc>)</color>//\\
''[[https://git.lede-project.org/?p=source.git;a=commitdiff;h=b9a55277d590410ee69cc3f8fda029c60977a029|b9a5527]]'' **<nowiki>kirkwood:</nowiki>** <nowiki>fix uimage creation for some kirkwood devices</nowiki> //<color #ccc>(</color><color #f00>-1</color><color #ccc>)</color>//\\
''[[https://git.lede-project.org/?p=source.git;a=commitdiff;h=552857303980e2ce8b7747a4baccf02c0cfa7975|5528573]]'' **<nowiki>kirkwood:</nowiki>** <nowiki>Add RTC driver to kernel for working hctosys</nowiki> //<color #ccc>(</color><color #282>+6</color><color #ccc>,</color><color #f00>-6</color><color #ccc>)</color>//\\
''[[https://git.lede-project.org/?p=source.git;a=commitdiff;h=f6b5df44d99fa088a47e93f68d2d782046a3c859|f6b5df4]]'' **<nowiki>kirkwood:</nowiki>** <nowiki>remove redundant code in etc/board.d/02_network</nowiki> //<color #ccc>(</color><color #282>+5</color><color #ccc>,</color><color #f00>-10</color><color #ccc>)</color>//\\
''[[https://git.lede-project.org/?p=source.git;a=commitdiff;h=d2606107ab34115482838e4e114d963b0e1cb1c0|d260610]]'' **<nowiki>kirkwood:</nowiki>** <nowiki>fix pogo_e02 LED name</nowiki> //<color #ccc>(</color><color #282>+4</color><color #ccc>,</color><color #f00>-2</color><color #ccc>)</color>//\\
''[[https://git.lede-project.org/?p=source.git;a=commitdiff;h=c9e4cf229923cf6fa79729a764f651827086e3f1|c9e4cf2]]'' **<nowiki>kirkwood:</nowiki>** <nowiki>convert iconnect, ib62x0 and pogoplug_e02 to the new image build code</nowiki> //<color #ccc>(</color><color #282>+58</color><color #ccc>,</color><color #f00>-38</color><color #ccc>)</color>//\\
''[[https://git.lede-project.org/?p=source.git;a=commitdiff;h=2eb1cc3dfc3fc26b3038b54ffbfe119bf30aa091|2eb1cc3]]'' **<nowiki>kirkwood:</nowiki>** <nowiki>remove legacy image build code</nowiki> //<color #ccc>(</color><color #f00>-96</color><color #ccc>)</color>//\\
''[[https://git.lede-project.org/?p=source.git;a=commitdiff;h=44447f6882098fc35fb0c2b579846aa3aea6c148|44447f6]]'' **<nowiki>kirkwood:</nowiki>** <nowiki>clean up FEATURES</nowiki> //<color #ccc>(</color><color #282>+1</color><color #ccc>,</color><color #f00>-1</color><color #ccc>)</color>//\\
''[[https://git.lede-project.org/?p=source.git;a=commitdiff;h=9a1f441ac81c0c2b96ec813a645bae4fc8792bf5|9a1f441]]'' **<nowiki>kirkwood:</nowiki>** <nowiki>enable SoC drivers in the kernel config</nowiki> //<color #ccc>(</color><color #282>+22</color><color #ccc>,</color><color #f00>-28</color><color #ccc>)</color>//\\
''[[https://git.lede-project.org/?p=source.git;a=commitdiff;h=49e81f9fe4bc6f060a74f5505eca2a1767058b0b|49e81f9]]'' **<nowiki>kirkwood:</nowiki>** <nowiki>clean up profiles, move to image makefile</nowiki> //<color #ccc>(</color><color #282>+28</color><color #ccc>,</color><color #f00>-234</color><color #ccc>)</color>//\\
''[[https://git.lede-project.org/?p=source.git;a=commitdiff;h=9c402d03e6e171061e2114d8908e6ada9745b571|9c402d0]]'' **<nowiki>kirkwood:</nowiki>** <nowiki>enable initramfs images by default</nowiki> //<color #ccc>(</color><color #282>+1</color><color #ccc>,</color><color #f00>-1</color><color #ccc>)</color>//\\
''[[https://git.lede-project.org/?p=source.git;a=commitdiff;h=83d59453c0eb561692298ee59423ba5798ee1887|83d5945]]'' **<nowiki>kirkwood:</nowiki>** <nowiki>fix sysupgrade for non-dockstar NAND devices</nowiki> //<color #ccc>(</color><color #282>+7</color><color #ccc>,</color><color #f00>-2</color><color #ccc>)</color>//\\
''[[https://git.lede-project.org/?p=source.git;a=commitdiff;h=4731f02fa2c24fad4179fb8f756ecc40f26b6916|4731f02]]'' **<nowiki>kirkwood:</nowiki>** <nowiki>fix ubi partition name</nowiki> //<color #ccc>(</color><color #282>+10</color><color #ccc>,</color><color #f00>-9</color><color #ccc>)</color>//\\
''[[https://git.lede-project.org/?p=source.git;a=commitdiff;h=88ca6390eab24efda3f6333453cd645b5e20e400|88ca639]]'' **<nowiki>kernel:</nowiki>** <nowiki>bump to 4.4.40</nowiki> //<color #ccc>(</color><color #282>+48</color><color #ccc>,</color><color #f00>-153</color><color #ccc>)</color>//\\
''[[https://git.lede-project.org/?p=source.git;a=commitdiff;h=018d80007e6d9469077d938872e605f826010767|018d800]]'' **<nowiki>kernel:</nowiki>** <nowiki>remove ubifs xz decompression support</nowiki> //<color #ccc>(</color><color #282>+5</color><color #ccc>,</color><color #f00>-1.1K</color><color #ccc>)</color>//\\
''[[https://git.lede-project.org/?p=source.git;a=commitdiff;h=3be4c6ca93ec41b8ae0d5bfd1f1ebf8f7d4dfbaf|3be4c6c]]'' **<nowiki>kirkwood:</nowiki>** <nowiki>only add UBI EOF markers for devices that need it</nowiki> //<color #ccc>(</color><color #282>+2</color><color #ccc>,</color><color #f00>-1</color><color #ccc>)</color>//\\

==== Target / lantiq (207 changes) ====
''[[https://git.lede-project.org/?p=source.git;a=commitdiff;h=dc929174095a00150de6a3e48d46355d24f223b9|dc92917]]'' <nowiki>image / basefiles: make console password configurable</nowiki> //<color #ccc>(</color><color #282>+48</color><color #ccc>,</color><color #f00>-42</color><color #ccc>)</color>//\\
''[[https://git.lede-project.org/?p=source.git;a=commitdiff;h=3faf65e92857aa5466791da3ec623c23af1f8130|3faf65e]]'' **<nowiki>kernel:</nowiki>** <nowiki>update kernel 4.4 to version 4.4.8</nowiki> //<color #ccc>(</color><color #282>+37</color><color #ccc>,</color><color #f00>-236</color><color #ccc>)</color>//\\
''[[https://git.lede-project.org/?p=source.git;a=commitdiff;h=eb529d26255a9a1fbeadfdaa3b5cdf47e43e4715|eb529d2]]'' **<nowiki>lantiq:</nowiki>** <nowiki>fix xway image building</nowiki> //<color #ccc>(</color><color #282>+3</color><color #ccc>,</color><color #f00>-3</color><color #ccc>)</color>//\\
''[[https://git.lede-project.org/?p=source.git;a=commitdiff;h=62492693223057ef1affe5da3de0ed4c4bf9645b|6249269]]'' **<nowiki>lantiq:</nowiki>** <nowiki>fix minor typos in 11G/22F phy driver</nowiki> //<color #ccc>(</color><color #282>+2</color><color #ccc>,</color><color #f00>-2</color><color #ccc>)</color>//\\
''[[https://git.lede-project.org/?p=source.git;a=commitdiff;h=b529387d8cf04148b882b7edf9cd5daac6f28088|b529387]]'' **<nowiki>lantiq:</nowiki>** <nowiki>use the same functionality for all ethernet phys led</nowiki> //<color #ccc>(</color><color #282>+14</color><color #ccc>,</color><color #f00>-6</color><color #ccc>)</color>//\\
''[[https://git.lede-project.org/?p=source.git;a=commitdiff;h=5ed21401629c88c90326fa7e6148ff694937d067|5ed2140]]'' **<nowiki>lantiq:</nowiki>** <nowiki>VG3503J - use the same PHY led functionality as the OEM firmware</nowiki> //<color #ccc>(</color><color #282>+8</color><color #ccc>,</color><color #f00>-8</color><color #ccc>)</color>//\\
''[[https://git.lede-project.org/?p=source.git;a=commitdiff;h=b695ce2999bdd7ce16e0abd0cc3506554456a290|b695ce2]]'' **<nowiki>lantiq:</nowiki>** <nowiki>use sysupgrade.bin postfix for tplink images</nowiki> //<color #ccc>(</color><color #282>+4</color><color #ccc>,</color><color #f00>-3</color><color #ccc>)</color>//\\
''[[https://git.lede-project.org/?p=source.git;a=commitdiff;h=b7fc892eb56b52d25bc00578af9d1ee058dcf6b3|b7fc892]]'' **<nowiki>lantiq:</nowiki>** <nowiki>move partitions into partion table node</nowiki> //<color #ccc>(</color><color #282>+1.3K</color><color #ccc>,</color><color #f00>-1.0K</color><color #ccc>)</color>//\\
''[[https://git.lede-project.org/?p=source.git;a=commitdiff;h=d7438ce3152e2e0dc1678dcb24ca050dbc2733c8|d7438ce]]'' **<nowiki>lantiq:</nowiki>** <nowiki>handle the dual-firmware layout of brnboot</nowiki> //<color #ccc>(</color><color #282>+93</color><color #ccc>)</color>//\\
''[[https://git.lede-project.org/?p=source.git;a=commitdiff;h=60ac4852745c69ae13a770dc343b648925b73ca2|60ac485]]'' **<nowiki>lantiq:</nowiki>** <nowiki>VGV7510KW22BRN - support dual-image</nowiki> //<color #ccc>(</color><color #282>+4</color><color #ccc>,</color><color #f00>-1</color><color #ccc>)</color>//\\
''[[https://git.lede-project.org/?p=source.git;a=commitdiff;h=44cace4dabe186a486d6713de6196bc7cea2228b|44cace4]]'' **<nowiki>lantiq:</nowiki>** <nowiki>add device tree binding for the phy clock source</nowiki> //<color #ccc>(</color><color #282>+30</color><color #ccc>)</color>//\\
''[[https://git.lede-project.org/?p=source.git;a=commitdiff;h=d4de9f72f31c4716f78fea8950261a3bdafdbccb|d4de9f7]]'' **<nowiki>lantiq:</nowiki>** <nowiki>VGV7510KW22BRN - set the phy clock source</nowiki> //<color #ccc>(</color><color #282>+6</color><color #ccc>)</color>//\\
''[[https://git.lede-project.org/?p=source.git;a=commitdiff;h=b062266ad650f5dac98f1e1779f371274c9b2237|b062266]]'' **<nowiki>kernel:</nowiki>** <nowiki>update kernel 4.4 to version 4.4.9</nowiki> //<color #ccc>(</color><color #282>+248</color><color #ccc>,</color><color #f00>-922</color><color #ccc>)</color>//\\
''[[https://git.lede-project.org/?p=source.git;a=commitdiff;h=b8ab6af1a9b8cf1ac76e7008661fd3e775e9ae2b|b8ab6af]]'' **<nowiki>global:</nowiki>** <nowiki>change my email address</nowiki> //<color #ccc>(</color><color #282>+28</color><color #ccc>,</color><color #f00>-28</color><color #ccc>)</color>//\\
''[[https://git.lede-project.org/?p=source.git;a=commitdiff;h=311faaa1bdd28b67071b5c59ae37c47d5f4ffde1|311faaa]]'' **<nowiki>lantiq:</nowiki>** <nowiki>move ubi/ubifs options to the image makefile</nowiki> //<color #ccc>(</color><color #282>+18</color><color #ccc>,</color><color #f00>-21</color><color #ccc>)</color>//\\
''[[https://git.lede-project.org/?p=source.git;a=commitdiff;h=21bdd79b33941eea1e67329b77fc909b196f38f5|21bdd79]]'' **<nowiki>lantiq:</nowiki>** <nowiki>disable phy led complex (test) functions by default</nowiki> //<color #ccc>(</color><color #282>+2</color><color #ccc>,</color><color #f00>-2</color><color #ccc>)</color>//\\
''[[https://git.lede-project.org/?p=source.git;a=commitdiff;h=9d0608eef3e5b9fca19ece2c5fcc90659f8630a6|9d0608e]]'' **<nowiki>lantiq:</nowiki>** <nowiki>VG3503J - merge profiles</nowiki> //<color #ccc>(</color><color #282>+176</color><color #ccc>,</color><color #f00>-200</color><color #ccc>)</color>//\\
''[[https://git.lede-project.org/?p=source.git;a=commitdiff;h=abfdddfb3c0bac10e7cf503743e1dacf6c3c2891|abfdddf]]'' **<nowiki>lantiq:</nowiki>** <nowiki>VG3503J - use the 11G firmware</nowiki> //<color #ccc>(</color><color #282>+2</color><color #ccc>,</color><color #f00>-2</color><color #ccc>)</color>//\\
''[[https://git.lede-project.org/?p=source.git;a=commitdiff;h=a42e84b2dbb409cc40d94d1311251149a5404029|a42e84b]]'' **<nowiki>lantiq:</nowiki>** <nowiki>fix regression in VG3503J.dts</nowiki> //<color #ccc>(</color><color #282>+2</color><color #ccc>)</color>//\\
''[[https://git.lede-project.org/?p=source.git;a=commitdiff;h=f778cdd9c9527d36871d0f013410c1713bc50621|f778cdd]]'' **<nowiki>lantiq:</nowiki>** <nowiki>fix ARV4518PWR01 network</nowiki> //<color #ccc>(</color><color #282>+4</color><color #ccc>)</color>//\\
''[[https://git.lede-project.org/?p=source.git;a=commitdiff;h=8a382f122136c8160c2dd606cd09c29d0603f0dc|8a382f1]]'' **<nowiki>lantiq:</nowiki>** <nowiki>VGV7519 - remove/merge redundant parts in dts</nowiki> //<color #ccc>(</color><color #282>+21</color><color #ccc>,</color><color #f00>-68</color><color #ccc>)</color>//\\
''[[https://git.lede-project.org/?p=source.git;a=commitdiff;h=79d92bb7ac559fca47b5476722a69dcbc3c3dbf1|79d92bb]]'' **<nowiki>lantiq:</nowiki>** <nowiki>VGV7519 - cleanup pinmux configuration</nowiki> //<color #ccc>(</color><color #282>+3</color><color #ccc>,</color><color #f00>-15</color><color #ccc>)</color>//\\
''[[https://git.lede-project.org/?p=source.git;a=commitdiff;h=1deab53d88cf4f69efbffeb4716a100d42b0aace|1deab53]]'' **<nowiki>lantiq:</nowiki>** <nowiki>VGV7519 - add second usb port</nowiki> //<color #ccc>(</color><color #282>+5</color><color #ccc>)</color>//\\
''[[https://git.lede-project.org/?p=source.git;a=commitdiff;h=1e395608cc7e0614f36137ad2a4b3ea6836fd9d6|1e39560]]'' **<nowiki>lantiq:</nowiki>** <nowiki>VGV7519 - add vlan support</nowiki> //<color #ccc>(</color><color #282>+3</color><color #ccc>,</color><color #f00>-1</color><color #ccc>)</color>//\\
''[[https://git.lede-project.org/?p=source.git;a=commitdiff;h=28faa3f292a3ba417bab5d7327dd54a6a086a198|28faa3f]]'' **<nowiki>lantiq:</nowiki>** <nowiki>VGV7519 - get mac address from board_config partition</nowiki> //<color #ccc>(</color><color #282>+3</color><color #ccc>,</color><color #f00>-2</color><color #ccc>)</color>//\\
''[[https://git.lede-project.org/?p=source.git;a=commitdiff;h=a9f7586ad2ffb377f3cdf429af71bc7b886797d2|a9f7586]]'' **<nowiki>lantiq:</nowiki>** <nowiki>VGV7519 - fix brn partition layout</nowiki> //<color #ccc>(</color><color #282>+50</color><color #ccc>,</color><color #f00>-4</color><color #ccc>)</color>//\\
''[[https://git.lede-project.org/?p=source.git;a=commitdiff;h=4d5db712e3618a37e85e383da82d131df37ba3e9|4d5db71]]'' **<nowiki>lantiq:</nowiki>** <nowiki>VGV7510KW22 - fix pinmux configuration</nowiki> //<color #ccc>(</color><color #282>+1</color><color #ccc>,</color><color #f00>-25</color><color #ccc>)</color>//\\
''[[https://git.lede-project.org/?p=source.git;a=commitdiff;h=db66b157db0379ed7dd0dece537135d4c6df9eba|db66b15]]'' **<nowiki>lantiq:</nowiki>** <nowiki>VGV7510KW22 - enable the IP101A phy</nowiki> //<color #ccc>(</color><color #282>+23</color><color #ccc>,</color><color #f00>-5</color><color #ccc>)</color>//\\
''[[https://git.lede-project.org/?p=source.git;a=commitdiff;h=b2b917cd06ed95bb5d63a1f936a4a3e886c064ca|b2b917c]]'' **<nowiki>lantiq:</nowiki>** <nowiki>do not build images which exceed the flash size</nowiki> //<color #ccc>(</color><color #282>+46</color><color #ccc>,</color><color #f00>-42</color><color #ccc>)</color>//\\
''[[https://git.lede-project.org/?p=source.git;a=commitdiff;h=e8780b643bb8be6201102badd2708a6a5c758331|e8780b6]]'' **<nowiki>lantiq:</nowiki>** <nowiki>Use the correct SPI flash speed for the Netgear DGN3500</nowiki> //<color #ccc>(</color><color #282>+1</color><color #ccc>,</color><color #f00>-1</color><color #ccc>)</color>//\\
''[[https://git.lede-project.org/?p=source.git;a=commitdiff;h=8b321d45be868fd36c8f00166e5d077e497609e6|8b321d4]]'' **<nowiki>lantiq:</nowiki>** <nowiki>Fix macaddr-setting code on DGN3500 and possibly other devices</nowiki> //<color #ccc>(</color><color #282>+4</color><color #ccc>,</color><color #f00>-4</color><color #ccc>)</color>//\\
''[[https://git.lede-project.org/?p=source.git;a=commitdiff;h=2b4e5d478b90960e35719a0262e93b35e0338b3f|2b4e5d4]]'' **<nowiki>kernel:</nowiki>** <nowiki>remove a hack that was obsoleted upstream</nowiki> //<color #ccc>(</color><color #282>+1</color><color #ccc>,</color><color #f00>-25</color><color #ccc>)</color>//\\
''[[https://git.lede-project.org/?p=source.git;a=commitdiff;h=aa930ba3ddccb8aa573b2e364d3f2315627d757f|aa930ba]]'' **<nowiki>lantiq:</nowiki>** <nowiki>unmacro tp-link boards</nowiki> //<color #ccc>(</color><color #282>+25</color><color #ccc>,</color><color #f00>-14</color><color #ccc>)</color>//\\
''[[https://git.lede-project.org/?p=source.git;a=commitdiff;h=1616bb2a7d18131627d6fee0eb26a0f6be2a5962|1616bb2]]'' **<nowiki>lantiq/image:</nowiki>** <nowiki>move tplink specific image into own file</nowiki> //<color #ccc>(</color><color #282>+46</color><color #ccc>,</color><color #f00>-44</color><color #ccc>)</color>//\\
''[[https://git.lede-project.org/?p=source.git;a=commitdiff;h=ba42c1db418e37a8061c22556b89522e02533b5c|ba42c1d]]'' **<nowiki>lantiq:</nowiki>** <nowiki>un-macro the image building code</nowiki> //<color #ccc>(</color><color #282>+394</color><color #ccc>,</color><color #f00>-382</color><color #ccc>)</color>//\\
''[[https://git.lede-project.org/?p=source.git;a=commitdiff;h=821ccd2b36fb619331ada51cfa157a03476671ef|821ccd2]]'' **<nowiki>lantiq:</nowiki>** <nowiki>only call Image/Prepare/Profile for defined profiles</nowiki> //<color #ccc>(</color><color #282>+1</color><color #ccc>,</color><color #f00>-1</color><color #ccc>)</color>//\\
''[[https://git.lede-project.org/?p=source.git;a=commitdiff;h=97e3d10df90ac084f17323d6d54983e3b7b631cc|97e3d10]]'' **<nowiki>lantiq:</nowiki>** <nowiki>fix image DEVICE_DTS handling, add proper default value</nowiki> //<color #ccc>(</color><color #282>+1</color><color #ccc>,</color><color #f00>-31</color><color #ccc>)</color>//\\
''[[https://git.lede-project.org/?p=source.git;a=commitdiff;h=2cf67832ec63b24e23bc1d2bdec6a8a6ddbd0a39|2cf6783]]'' **<nowiki>lantiq:</nowiki>** <nowiki>remove dummy ltq_machine_power_off to fix gpio-poweroff drivers</nowiki> //<color #ccc>(</color><color #282>+23</color><color #ccc>)</color>//\\
''[[https://git.lede-project.org/?p=source.git;a=commitdiff;h=cc87d144e18762db8fd40b2eed970111186994b2|cc87d14]]'' **<nowiki>lantiq:</nowiki>** <nowiki>refresh xrx200 kernel config</nowiki> //<color #ccc>(</color><color #f00>-29</color><color #ccc>)</color>//\\
''[[https://git.lede-project.org/?p=source.git;a=commitdiff;h=2d48f93ff4537628f6860cf6f562b7282384b035|2d48f93]]'' **<nowiki>lantiq:</nowiki>** <nowiki>add Buffalo WBMR-300HPD support</nowiki> //<color #ccc>(</color><color #282>+328</color><color #ccc>)</color>//\\
''[[https://git.lede-project.org/?p=source.git;a=commitdiff;h=69c99a423a8553cc808913fc4e3df848e4ed06d7|69c99a4]]'' **<nowiki>lantiq:</nowiki>** <nowiki>enable swconfig LED support</nowiki> //<color #ccc>(</color><color #282>+1</color><color #ccc>)</color>//\\
''[[https://git.lede-project.org/?p=source.git;a=commitdiff;h=1da87516e584a86d1d056f6b58bfa3050cc875b9|1da8751]]'' **<nowiki>lantiq:</nowiki>** <nowiki>change xrx200 ethernet driver WRED signal to global to fix spurious p...</nowiki> //<color #ccc>(</color><color #282>+4</color><color #ccc>,</color><color #f00>-3</color><color #ccc>)</color>//\\
''[[https://git.lede-project.org/?p=source.git;a=commitdiff;h=172eebbd283d0b4b0ef25f65cc0f39ee162a24b7|172eebb]]'' **<nowiki>lantiq:</nowiki>** <nowiki>fold 0400-xrx200-net-multi-phy.patch into 0025-NET-MIPS-lantiq-adds-x...</nowiki> //<color #ccc>(</color><color #282>+9</color><color #ccc>,</color><color #f00>-39</color><color #ccc>)</color>//\\
''[[https://git.lede-project.org/?p=source.git;a=commitdiff;h=c536da365b2101afcd2516650ce58d4d511ddc85|c536da3]]'' **<nowiki>lantiq:</nowiki>** <nowiki>add VLAN handling fixes to xrx200 ethernet driver</nowiki> //<color #ccc>(</color><color #282>+37</color><color #ccc>,</color><color #f00>-17</color><color #ccc>)</color>//\\
''[[https://git.lede-project.org/?p=source.git;a=commitdiff;h=027da3495720c00d942fd2b96d8a0553173ef624|027da34]]'' **<nowiki>lantiq:</nowiki>** <nowiki>add default lan setup to board.d script</nowiki> //<color #ccc>(</color><color #282>+3</color><color #ccc>)</color>//\\
''[[https://git.lede-project.org/?p=source.git;a=commitdiff;h=d61af50cf33c7b2bcf5bedf25e5ec511ed44f577|d61af50]]'' **<nowiki>lantiq:</nowiki>** <nowiki>fix a regression in the eiu irq loading code</nowiki> //<color #ccc>(</color><color #282>+78</color><color #ccc>)</color>//\\
''[[https://git.lede-project.org/?p=source.git;a=commitdiff;h=b50b0cff2de591f98733fd2fcd025e81b51cb660|b50b0cf]]'' **<nowiki>lantiq:</nowiki>** <nowiki>use new property name for eiu irqs</nowiki> //<color #ccc>(</color><color #282>+4</color><color #ccc>,</color><color #f00>-4</color><color #ccc>)</color>//\\
''[[https://git.lede-project.org/?p=source.git;a=commitdiff;h=bf007a480a46a9fa843765a54fc2f8aa32b2683f|bf007a4]]'' **<nowiki>lantiq:</nowiki>** <nowiki>Add Support for Fritz!Box 7360 SL</nowiki> //<color #ccc>(</color><color #282>+233</color><color #ccc>)</color>//\\
''[[https://git.lede-project.org/?p=source.git;a=commitdiff;h=2ae06f30134f856b7f27132dffe725817f4fb801|2ae06f3]]'' **<nowiki>lantiq:</nowiki>** <nowiki>gpio-export fails to build if GPIO_SYSFS is not enabled</nowiki> //<color #ccc>(</color><color #282>+11</color><color #ccc>,</color><color #f00>-7</color><color #ccc>)</color>//\\
''[[https://git.lede-project.org/?p=source.git;a=commitdiff;h=239ad94165adc3ffb5290dd871d2ff0ddff4bdcf|239ad94]]'' **<nowiki>lantiq:</nowiki>** <nowiki>add xway_legacy target</nowiki> //<color #ccc>(</color><color #282>+116</color><color #ccc>,</color><color #f00>-62</color><color #ccc>)</color>//\\
''[[https://git.lede-project.org/?p=source.git;a=commitdiff;h=d5143a49b7bdf411b4678ba409d7d774e7c65b82|d5143a4]]'' **<nowiki>lantiq:</nowiki>** <nowiki>add AVM image mageic to sysupgrade script</nowiki> //<color #ccc>(</color><color #282>+2</color><color #ccc>)</color>//\\
''[[https://git.lede-project.org/?p=source.git;a=commitdiff;h=d57990e071d818f84906e314bbf26b6225c2d70c|d57990e]]'' **<nowiki>lantiq:</nowiki>** <nowiki>fix ARV452CQW button gpio setup</nowiki> //<color #ccc>(</color><color #282>+7</color><color #ccc>,</color><color #f00>-7</color><color #ccc>)</color>//\\
''[[https://git.lede-project.org/?p=source.git;a=commitdiff;h=98d00c35e3345fd9f5eda5bc2e40ce951fa75016|98d00c3]]'' **<nowiki>lantiq:</nowiki>** <nowiki>fix io_space_limit</nowiki> //<color #ccc>(</color><color #282>+28</color><color #ccc>)</color>//\\
''[[https://git.lede-project.org/?p=source.git;a=commitdiff;h=d5666b98fa7a5e9441cf0c0977eb03f1b3611555|d5666b9]]'' **<nowiki>lantiq:</nowiki>** <nowiki>fix fritz7320 wifi support</nowiki> //<color #ccc>(</color><color #282>+27</color><color #ccc>,</color><color #f00>-6</color><color #ccc>)</color>//\\
''[[https://git.lede-project.org/?p=source.git;a=commitdiff;h=90c48dd49db820790734ec41c5323a460426d4a9|90c48dd]]'' **<nowiki>lantiq:</nowiki>** <nowiki>fix VG3503J loader generation</nowiki> //<color #ccc>(</color><color #282>+1</color><color #ccc>,</color><color #f00>-1</color><color #ccc>)</color>//\\
''[[https://git.lede-project.org/?p=source.git;a=commitdiff;h=88019c6c77f6615aff586250b9d001d5f377bad7|88019c6]]'' **<nowiki>lantiq:</nowiki>** <nowiki>add ARV4525PW wifi led</nowiki> //<color #ccc>(</color><color #282>+3</color><color #ccc>)</color>//\\
''[[https://git.lede-project.org/?p=source.git;a=commitdiff;h=9233db23f3f6aa3449f37e06c4575dc6a595b879|9233db2]]'' **<nowiki>lantiq:</nowiki>** <nowiki>the io space was still not big enough for UHCI</nowiki> //<color #ccc>(</color><color #282>+1</color><color #ccc>,</color><color #f00>-1</color><color #ccc>)</color>//\\
''[[https://git.lede-project.org/?p=source.git;a=commitdiff;h=3a75777e8670f12b430e709649f21f1a37eebab7|3a75777]]'' **<nowiki>lantiq:</nowiki>** <nowiki>refresh patches</nowiki> //<color #ccc>(</color><color #282>+89</color><color #ccc>,</color><color #f00>-100</color><color #ccc>)</color>//\\
''[[https://git.lede-project.org/?p=source.git;a=commitdiff;h=a6f7536a73c93794812d5e810fb41c3d0ff1fb27|a6f7536]]'' **<nowiki>lantiq:</nowiki>** <nowiki>convert remaining legacy targets to the new image generation code</nowiki> //<color #ccc>(</color><color #282>+101</color><color #ccc>,</color><color #f00>-98</color><color #ccc>)</color>//\\
''[[https://git.lede-project.org/?p=source.git;a=commitdiff;h=9a0381f969f7eadc6d797ddcf397d0f5ca87d6a2|9a0381f]]'' **<nowiki>lantiq:</nowiki>** <nowiki>small fix for legacy profile builds</nowiki> //<color #ccc>(</color><color #282>+7</color><color #ccc>,</color><color #f00>-36</color><color #ccc>)</color>//\\
''[[https://git.lede-project.org/?p=source.git;a=commitdiff;h=f4c59a204ef69c3e6234545c2910f0c665149453|f4c59a2]]'' **<nowiki>lantiq:</nowiki>** <nowiki>get rid of ifneq() checks inside command templates</nowiki> //<color #ccc>(</color><color #282>+34</color><color #ccc>,</color><color #f00>-34</color><color #ccc>)</color>//\\
''[[https://git.lede-project.org/?p=source.git;a=commitdiff;h=982108f7e5da6c79c70c035e26ac3bdf47a8e487|982108f]]'' **<nowiki>lantiq:</nowiki>** <nowiki>clean up / fix LegacyDevice template handling</nowiki> //<color #ccc>(</color><color #282>+7</color><color #ccc>,</color><color #f00>-15</color><color #ccc>)</color>//\\
''[[https://git.lede-project.org/?p=source.git;a=commitdiff;h=32012decc327486bdf6564e6cf55a4acfc744efe|32012de]]'' **<nowiki>lantiq:</nowiki>** <nowiki>fix build of NAND sysupgrade images</nowiki> //<color #ccc>(</color><color #282>+45</color><color #ccc>,</color><color #f00>-57</color><color #ccc>)</color>//\\
''[[https://git.lede-project.org/?p=source.git;a=commitdiff;h=551c9c830027b7749895e3ba6b37004570b89e74|551c9c8]]'' **<nowiki>lantiq:</nowiki>** <nowiki>diag - switch off the power led on failsafe</nowiki> //<color #ccc>(</color><color #282>+4</color><color #ccc>)</color>//\\
''[[https://git.lede-project.org/?p=source.git;a=commitdiff;h=153b3f05d40aa558dfffdc617c0d0d285be26165|153b3f0]]'' **<nowiki>lantiq:</nowiki>** <nowiki>BTHOMEHUBV5A - use the power event code for the restart button</nowiki> //<color #ccc>(</color><color #282>+1</color><color #ccc>,</color><color #f00>-1</color><color #ccc>)</color>//\\
''[[https://git.lede-project.org/?p=source.git;a=commitdiff;h=7df43d88eca9a518c2e066a380aeddd8b026d534|7df43d8]]'' **<nowiki>lantiq:</nowiki>** <nowiki>fix typo in new image generation</nowiki> //<color #ccc>(</color><color #282>+1</color><color #ccc>,</color><color #f00>-1</color><color #ccc>)</color>//\\
''[[https://git.lede-project.org/?p=source.git;a=commitdiff;h=ecdfbeae85d7ab1eaafbed702778dae7389a58c8|ecdfbea]]'' **<nowiki>lantiq:</nowiki>** <nowiki>remove patch adding support for building without reset controller</nowiki> //<color #ccc>(</color><color #f00>-45</color><color #ccc>)</color>//\\
''[[https://git.lede-project.org/?p=source.git;a=commitdiff;h=8bfa230e9fcdc197f3a9652befbb28e9771533f9|8bfa230]]'' **<nowiki>lantiq:</nowiki>** <nowiki>build fullimage.img for EASY80920NAND</nowiki> //<color #ccc>(</color><color #282>+22</color><color #ccc>)</color>//\\
''[[https://git.lede-project.org/?p=source.git;a=commitdiff;h=7f5b8cc3764bec28168a6e90fbf07adac23c6a90|7f5b8cc]]'' **<nowiki>lantiq:</nowiki>** <nowiki>use new partition layout for EASY80920NAND</nowiki> //<color #ccc>(</color><color #282>+30</color><color #ccc>,</color><color #f00>-6</color><color #ccc>)</color>//\\
''[[https://git.lede-project.org/?p=source.git;a=commitdiff;h=84b3d92180143001e6968db11ce431208d55b5bc|84b3d92]]'' **<nowiki>lantiq:</nowiki>** <nowiki>make EASY80920 work with both chip versions</nowiki> //<color #ccc>(</color><color #282>+2</color><color #ccc>,</color><color #f00>-1</color><color #ccc>)</color>//\\
''[[https://git.lede-project.org/?p=source.git;a=commitdiff;h=f054e82bdc689cf262baeaac6d8dc913b0bccb55|f054e82]]'' **<nowiki>lantiq:</nowiki>** <nowiki>remove gr7000 support</nowiki> //<color #ccc>(</color><color #f00>-161</color><color #ccc>)</color>//\\
''[[https://git.lede-project.org/?p=source.git;a=commitdiff;h=34fdfbf328cbc499d3b29cf0914eeef024bbc308|34fdfbf]]'' **<nowiki>lantiq:</nowiki>** <nowiki>Slow down SPI flash on the DGN3500</nowiki> //<color #ccc>(</color><color #282>+1</color><color #ccc>,</color><color #f00>-1</color><color #ccc>)</color>//\\
''[[https://git.lede-project.org/?p=source.git;a=commitdiff;h=b7baaaf782f40bf6a1d017a1f41480b6229a12c9|b7baaaf]]'' **<nowiki>kernel:</nowiki>** <nowiki>Move append-dtb to common image-commands</nowiki> //<color #ccc>(</color><color #282>+12</color><color #ccc>,</color><color #f00>-29</color><color #ccc>)</color>//\\
''[[https://git.lede-project.org/?p=source.git;a=commitdiff;h=9759fde40a3c50095097443ed261b5dd33f8b393|9759fde]]'' **<nowiki>lantiq:</nowiki>** <nowiki>add support for ARV7506PW11 (Alice/O2 IAD 4421)</nowiki> //<color #ccc>(</color><color #282>+183</color><color #ccc>,</color><color #f00>-1</color><color #ccc>)</color>//\\
''[[https://git.lede-project.org/?p=source.git;a=commitdiff;h=f080cfab72d8801856fa01f0476f1fc9b920a9d9|f080cfa]]'' **<nowiki>lantiq:</nowiki>** <nowiki>fix network in failsafe</nowiki> //<color #ccc>(</color><color #282>+1</color><color #ccc>,</color><color #f00>-9</color><color #ccc>)</color>//\\
''[[https://git.lede-project.org/?p=source.git;a=commitdiff;h=84d489f64f3b382d5544e342f66d8806e94e85d3|84d489f]]'' **<nowiki>kernel:</nowiki>** <nowiki>update to version 4.4.14</nowiki> //<color #ccc>(</color><color #282>+567</color><color #ccc>,</color><color #f00>-1.1K</color><color #ccc>)</color>//\\
''[[https://git.lede-project.org/?p=source.git;a=commitdiff;h=bf32177a1df123aa9b33c105d8895c81be81167a|bf32177]]'' **<nowiki>kernel:</nowiki>** <nowiki>remove full cache flush in fuse_copy_do() for MIPS</nowiki> //<color #ccc>(</color><color #282>+1</color><color #ccc>,</color><color #f00>-97</color><color #ccc>)</color>//\\
''[[https://git.lede-project.org/?p=source.git;a=commitdiff;h=1cc092f72bbe58261f1fd7b928b67f4bc7a67d26|1cc092f]]'' **<nowiki>lantiq:</nowiki>** <nowiki>mac address setting on BTHOMEHUBV3A</nowiki> //<color #ccc>(</color><color #282>+1</color><color #ccc>,</color><color #f00>-2</color><color #ccc>)</color>//\\
''[[https://git.lede-project.org/?p=source.git;a=commitdiff;h=8e2764ce9bb6716acb955a0c27d8db291d68650c|8e2764c]]'' **<nowiki>image.mk:</nowiki>** <nowiki>clean up redundant code related to DEVICE_DTS</nowiki> //<color #ccc>(</color><color #282>+10</color><color #ccc>,</color><color #f00>-20</color><color #ccc>)</color>//\\
''[[https://git.lede-project.org/?p=source.git;a=commitdiff;h=ceee47ba646edd54c8b40365b43b4a048ef45cf5|ceee47b]]'' **<nowiki>lantiq:</nowiki>** <nowiki>disable jffs2 support on xrx200</nowiki> //<color #ccc>(</color><color #282>+1</color><color #ccc>,</color><color #f00>-20</color><color #ccc>)</color>//\\
''[[https://git.lede-project.org/?p=source.git;a=commitdiff;h=cc88df1a38498559bea51e8238a3724df239f7d0|cc88df1]]'' **<nowiki>lantiq:</nowiki>** <nowiki>fix building NAND images in default config</nowiki> //<color #ccc>(</color><color #282>+22</color><color #ccc>,</color><color #f00>-35</color><color #ccc>)</color>//\\
''[[https://git.lede-project.org/?p=source.git;a=commitdiff;h=8058e4778bda5516a27facd3131c3d50d51efba0|8058e47]]'' **<nowiki>lantiq:</nowiki>** <nowiki>simplify image building code</nowiki> //<color #ccc>(</color><color #282>+3</color><color #ccc>,</color><color #f00>-34</color><color #ccc>)</color>//\\
''[[https://git.lede-project.org/?p=source.git;a=commitdiff;h=22c02060440d8930eb2f8f7fd510daa433694bd0|22c0206]]'' **<nowiki>lantiq:</nowiki>** <nowiki>add image build template for NAND devices</nowiki> //<color #ccc>(</color><color #282>+19</color><color #ccc>)</color>//\\
''[[https://git.lede-project.org/?p=source.git;a=commitdiff;h=bdfed2a2c33cc05a096b4f29e72a2a05f57918af|bdfed2a]]'' **<nowiki>lantiq:</nowiki>** <nowiki>convert simple xrx200 devices to new image build code</nowiki> //<color #ccc>(</color><color #282>+8</color><color #ccc>,</color><color #f00>-15</color><color #ccc>)</color>//\\
''[[https://git.lede-project.org/?p=source.git;a=commitdiff;h=f12e9647336fd8aeb551dc589593e1773698f4ff|f12e964]]'' **<nowiki>lantiq:</nowiki>** <nowiki>convert AVM xrx200 devices to new image build code</nowiki> //<color #ccc>(</color><color #282>+16</color><color #ccc>,</color><color #f00>-10</color><color #ccc>)</color>//\\
''[[https://git.lede-project.org/?p=source.git;a=commitdiff;h=ab92f576841e97dc6aabd59305e85818e564b607|ab92f57]]'' **<nowiki>lantiq:</nowiki>** <nowiki>convert remaining xway NAND devices to new image build code</nowiki> //<color #ccc>(</color><color #282>+8</color><color #ccc>,</color><color #f00>-65</color><color #ccc>)</color>//\\
''[[https://git.lede-project.org/?p=source.git;a=commitdiff;h=e6a7e6ed25866a067f87abeb00354f03f0866223|e6a7e6e]]'' **<nowiki>lantiq:</nowiki>** <nowiki>fix image creation of P2812HNUF3 & BTHOMEHUBV3A</nowiki> //<color #ccc>(</color><color #282>+2</color><color #ccc>,</color><color #f00>-2</color><color #ccc>)</color>//\\
''[[https://git.lede-project.org/?p=source.git;a=commitdiff;h=eb28a0cde631c96388ada781fb02933ecdb0e69d|eb28a0c]]'' **<nowiki>lantiq:</nowiki>** <nowiki>fix WBMR-300HPD switch port assignment</nowiki> //<color #ccc>(</color><color #282>+5</color><color #ccc>,</color><color #f00>-4</color><color #ccc>)</color>//\\
''[[https://git.lede-project.org/?p=source.git;a=commitdiff;h=47cce1d5e45c1e6c5bb5659698408d4cea4e03a4|47cce1d]]'' **<nowiki>lantiq:</nowiki>** <nowiki>fix switch configuration for EASY80920</nowiki> //<color #ccc>(</color><color #282>+27</color><color #ccc>,</color><color #f00>-24</color><color #ccc>)</color>//\\
''[[https://git.lede-project.org/?p=source.git;a=commitdiff;h=db49dd894e7485020445043fb4eef58eebece7d8|db49dd8]]'' **<nowiki>build:</nowiki>** <nowiki>rename sysupgrade-nand to sysupgrade-tar</nowiki> //<color #ccc>(</color><color #282>+13</color><color #ccc>,</color><color #f00>-13</color><color #ccc>)</color>//\\
''[[https://git.lede-project.org/?p=source.git;a=commitdiff;h=63b525dd6b209af5554a2d053efd4b3ce6f60c9c|63b525d]]'' **<nowiki>image:</nowiki>** <nowiki>add a helper variable for getting kernel/rootfs from within image Buil...</nowiki> //<color #ccc>(</color><color #282>+54</color><color #ccc>,</color><color #f00>-51</color><color #ccc>)</color>//\\
''[[https://git.lede-project.org/?p=source.git;a=commitdiff;h=941ebafda08074c7aa03e63d435ce433a7f20027|941ebaf]]'' **<nowiki>lantiq:</nowiki>** <nowiki>enable missing ath10k firmware for BT Home Hub 5A</nowiki> //<color #ccc>(</color><color #282>+1</color><color #ccc>,</color><color #f00>-1</color><color #ccc>)</color>//\\
''[[https://git.lede-project.org/?p=source.git;a=commitdiff;h=9abbaa9539b7f34422e3233369e4bdc867ced915|9abbaa9]]'' **<nowiki>build:</nowiki>** <nowiki>remove MIPS dsp/dsp2 CPU_SUBTYPE</nowiki> //<color #ccc>(</color><color #f00>-12</color><color #ccc>)</color>//\\
''[[https://git.lede-project.org/?p=source.git;a=commitdiff;h=828e25e32569704cbfe9e98c9fa7c533ffbbcb65|828e25e]]'' **<nowiki>lantiq:</nowiki>** <nowiki>add cpu temperatur sensor driver for xrx200</nowiki> //<color #ccc>(</color><color #282>+171</color><color #ccc>)</color>//\\
''[[https://git.lede-project.org/?p=source.git;a=commitdiff;h=12fe4b579801ea812b64fc7e689716cd39c895ec|12fe4b5]]'' **<nowiki>lantiq:</nowiki>** <nowiki>use ath, eep-flash/mac-offset for ath eep nodes</nowiki> //<color #ccc>(</color><color #282>+15</color><color #ccc>,</color><color #f00>-15</color><color #ccc>)</color>//\\
''[[https://git.lede-project.org/?p=source.git;a=commitdiff;h=a7cce111dbf5ecd9f772420aae882bf7158fda79|a7cce11]]'' **<nowiki>lantiq:</nowiki>** <nowiki>drop orphaned eeprom-handling code branches</nowiki> //<color #ccc>(</color><color #282>+71</color><color #ccc>,</color><color #f00>-97</color><color #ccc>)</color>//\\
''[[https://git.lede-project.org/?p=source.git;a=commitdiff;h=1b7d6583a5ed9a2c31045107ab51b00b24109c5b|1b7d658]]'' **<nowiki>lantiq:</nowiki>** <nowiki>fix mac address increments</nowiki> //<color #ccc>(</color><color #282>+1</color><color #ccc>,</color><color #f00>-12</color><color #ccc>)</color>//\\
''[[https://git.lede-project.org/?p=source.git;a=commitdiff;h=91d5067091b56fa757d08ef3e42c53f2f7294ec4|91d5067]]'' **<nowiki>lantiq:</nowiki>** <nowiki>use the etop driver DT bindings only</nowiki> //<color #ccc>(</color><color #282>+25</color><color #ccc>,</color><color #f00>-81</color><color #ccc>)</color>//\\
''[[https://git.lede-project.org/?p=source.git;a=commitdiff;h=47d39094150c59d59b0c47104d6d57ddaa39e465|47d3909]]'' **<nowiki>lantiq:</nowiki>** <nowiki>drop duplicate and now unused "lantiq, eth-mac" binding</nowiki> //<color #ccc>(</color><color #282>+1</color><color #ccc>,</color><color #f00>-52</color><color #ccc>)</color>//\\
''[[https://git.lede-project.org/?p=source.git;a=commitdiff;h=0b327c1652c880ae228f87ab803967104153c67b|0b327c1]]'' **<nowiki>lantiq:</nowiki>** <nowiki>board.d: set lan mac address only where necessary</nowiki> //<color #ccc>(</color><color #282>+8</color><color #ccc>,</color><color #f00>-16</color><color #ccc>)</color>//\\
''[[https://git.lede-project.org/?p=source.git;a=commitdiff;h=5947f7f85e191f8392847a199ad40a6de7be9408|5947f7f]]'' **<nowiki>lantiq:</nowiki>** <nowiki>enable cpu temp driver for selected boards</nowiki> //<color #ccc>(</color><color #282>+12</color><color #ccc>)</color>//\\
''[[https://git.lede-project.org/?p=source.git;a=commitdiff;h=eae422eb947518a30ec4cc9f7a3da8d6f2d0875f|eae422e]]'' **<nowiki>lantiq:</nowiki>** <nowiki>fix some ethernet driver SMP issues</nowiki> //<color #ccc>(</color><color #282>+16</color><color #ccc>,</color><color #f00>-10</color><color #ccc>)</color>//\\
''[[https://git.lede-project.org/?p=source.git;a=commitdiff;h=8f02f7c7f8e3577535ef6dc355438051d5616925|8f02f7c]]'' **<nowiki>lantiq/xrx200-net:</nowiki>** <nowiki>fix "tx ring full" error by introducing second DMA TX channel</nowiki> //<color #ccc>(</color><color #282>+31</color><color #ccc>,</color><color #f00>-17</color><color #ccc>)</color>//\\
''[[https://git.lede-project.org/?p=source.git;a=commitdiff;h=ddd18828119a12918f784589f9329ad5b4d5f5c6|ddd1882]]'' **<nowiki>lantiq/xrx200-net:</nowiki>** <nowiki>add interrupt for second DMA TX channel to vr9.dtsi</nowiki> //<color #ccc>(</color><color #282>+1</color><color #ccc>,</color><color #f00>-1</color><color #ccc>)</color>//\\
''[[https://git.lede-project.org/?p=source.git;a=commitdiff;h=9f5ee6f6c03887d34f56d54daa77866e34b8833e|9f5ee6f]]'' **<nowiki>lantiq:</nowiki>** <nowiki>add kmod-ledtrig-usbdev to device packages which have usb led</nowiki> //<color #ccc>(</color><color #282>+5</color><color #ccc>,</color><color #f00>-5</color><color #ccc>)</color>//\\
''[[https://git.lede-project.org/?p=source.git;a=commitdiff;h=528b769d42efdb9d9c25bb62cfb2fdca5ff3f8ec|528b769]]'' **<nowiki>lantiq/xrx200-net:</nowiki>** <nowiki>Add support for eth0 as WAN interface</nowiki> //<color #ccc>(</color><color #282>+1</color><color #ccc>,</color><color #f00>-1</color><color #ccc>)</color>//\\
''[[https://git.lede-project.org/?p=source.git;a=commitdiff;h=63857a2d6a01e7393d199b60799f44613ddb8b8b|63857a2]]'' **<nowiki>lantiq:</nowiki>** <nowiki>generate switch configuration for BTHOMEHUBV2B.</nowiki> //<color #ccc>(</color><color #282>+8</color><color #ccc>,</color><color #f00>-1</color><color #ccc>)</color>//\\
''[[https://git.lede-project.org/?p=source.git;a=commitdiff;h=c6164d961037ceb722b03ccfe1725be6b9a6d533|c6164d9]]'' **<nowiki>lantiq:</nowiki>** <nowiki>fix building AVM/EVA sysupgrade images on NOR devices</nowiki> //<color #ccc>(</color><color #282>+3</color><color #ccc>,</color><color #f00>-1</color><color #ccc>)</color>//\\
''[[https://git.lede-project.org/?p=source.git;a=commitdiff;h=46b88b56bf6ba5e175969f8ef3c27f7bccc85e6e|46b88b5]]'' **<nowiki>lantiq:</nowiki>** <nowiki>switch from 34k to 24k</nowiki> //<color #ccc>(</color><color #282>+3</color><color #ccc>,</color><color #f00>-3</color><color #ccc>)</color>//\\
''[[https://git.lede-project.org/?p=source.git;a=commitdiff;h=6fdc527793728538ce150295ed3b3fcaf1a529ab|6fdc527]]'' **<nowiki>lantiq:</nowiki>** <nowiki>fix ath5k EEPROM loading</nowiki> //<color #ccc>(</color><color #282>+27</color><color #ccc>,</color><color #f00>-9</color><color #ccc>)</color>//\\
''[[https://git.lede-project.org/?p=source.git;a=commitdiff;h=e7ec7a08aae0afb1064d1bf26a9cd6fe1e64d516|e7ec7a0]]'' **<nowiki>image:</nowiki>** <nowiki>use k as unit suffix for blocksize</nowiki> //<color #ccc>(</color><color #282>+23</color><color #ccc>,</color><color #f00>-23</color><color #ccc>)</color>//\\
''[[https://git.lede-project.org/?p=source.git;a=commitdiff;h=7d02e94e41d68eca808ca911ed0ef753bdee6425|7d02e94]]'' **<nowiki>lantiq:</nowiki>** <nowiki>enable cpu temp driver for more tested boards</nowiki> //<color #ccc>(</color><color #282>+9</color><color #ccc>,</color><color #f00>-1</color><color #ccc>)</color>//\\
''[[https://git.lede-project.org/?p=source.git;a=commitdiff;h=96f6bd501a3b57813e698ad2b531f115f710c75e|96f6bd5]]'' **<nowiki>lantiq:</nowiki>** <nowiki>board.d: cleanup default switch config</nowiki> //<color #ccc>(</color><color #282>+19</color><color #ccc>,</color><color #f00>-32</color><color #ccc>)</color>//\\
''[[https://git.lede-project.org/?p=source.git;a=commitdiff;h=64d72880bc0b6c22742d466e7dd82de0c85d77f2|64d7288]]'' **<nowiki>lantiq:</nowiki>** <nowiki>board.d: apply alphabetical order</nowiki> //<color #ccc>(</color><color #282>+43</color><color #ccc>,</color><color #f00>-43</color><color #ccc>)</color>//\\
''[[https://git.lede-project.org/?p=source.git;a=commitdiff;h=92eaf27c62cad5f9832dc7084e1ae14d5e7b47e6|92eaf27]]'' <nowiki>use immediate set in target Makefiles</nowiki> //<color #ccc>(</color><color #282>+7</color><color #ccc>,</color><color #f00>-7</color><color #ccc>)</color>//\\
''[[https://git.lede-project.org/?p=source.git;a=commitdiff;h=c1578d4fc9e53c9b80d858fc924adc8a66f5fce3|c1578d4]]'' <nowiki>cleanup ucidef_set_interface* usage</nowiki> //<color #ccc>(</color><color #282>+8</color><color #ccc>,</color><color #f00>-9</color><color #ccc>)</color>//\\
''[[https://git.lede-project.org/?p=source.git;a=commitdiff;h=993ad293597ac3e46574e2ccd074432824305a91|993ad29]]'' **<nowiki>kernel:</nowiki>** <nowiki>Backport pending appended DTB handling patches</nowiki> //<color #ccc>(</color><color #282>+341</color><color #ccc>,</color><color #f00>-37</color><color #ccc>)</color>//\\
''[[https://git.lede-project.org/?p=source.git;a=commitdiff;h=d14c28fc80d98cc712074c869cbd1659398e8829|d14c28f]]'' **<nowiki>kernel:</nowiki>** <nowiki>update kernel 4.4 to version 4.4.20</nowiki> //<color #ccc>(</color><color #282>+41</color><color #ccc>,</color><color #f00>-70</color><color #ccc>)</color>//\\
''[[https://git.lede-project.org/?p=source.git;a=commitdiff;h=e9de6e5203c02660451f9f1634c87246871106be|e9de6e5]]'' **<nowiki>lantiq:</nowiki>** <nowiki>do not "local" variables outside of a function</nowiki> //<color #ccc>(</color><color #282>+5</color><color #ccc>,</color><color #f00>-5</color><color #ccc>)</color>//\\
''[[https://git.lede-project.org/?p=source.git;a=commitdiff;h=1c09849f6cf1b8bd94819ca11910ce444c3d3019|1c09849]]'' **<nowiki>treewide:</nowiki>** <nowiki>remove bad local shell variable declarations</nowiki> //<color #ccc>(</color><color #282>+16</color><color #ccc>,</color><color #f00>-21</color><color #ccc>)</color>//\\
''[[https://git.lede-project.org/?p=source.git;a=commitdiff;h=7d559169c527424c4743d82cd6edc926ef2fcde9|7d55916]]'' **<nowiki>kernel:</nowiki>** <nowiki>update to v4.4.23</nowiki> //<color #ccc>(</color><color #282>+53</color><color #ccc>,</color><color #f00>-57</color><color #ccc>)</color>//\\
''[[https://git.lede-project.org/?p=source.git;a=commitdiff;h=8370b9eede88a1b9f9437b36d8abbd50c2ed74a6|8370b9e]]'' **<nowiki>ntiq:</nowiki>** <nowiki>make i2c-lantiqi driver compile again</nowiki> //<color #ccc>(</color><color #282>+9</color><color #ccc>,</color><color #f00>-9</color><color #ccc>)</color>//\\
''[[https://git.lede-project.org/?p=source.git;a=commitdiff;h=dbb13a81b9a3fbe0908a751279a50f51da960f87|dbb13a8]]'' **<nowiki>lantiq:</nowiki>** <nowiki>board.d: apply alphabetical order to led file</nowiki> //<color #ccc>(</color><color #282>+12</color><color #ccc>,</color><color #f00>-12</color><color #ccc>)</color>//\\
''[[https://git.lede-project.org/?p=source.git;a=commitdiff;h=8b639410d188a979783cc57f9a4fedbcd362bf10|8b63941]]'' **<nowiki>lantiq:</nowiki>** <nowiki>cleanup led handling functions</nowiki> //<color #ccc>(</color><color #282>+22</color><color #ccc>,</color><color #f00>-19</color><color #ccc>)</color>//\\
''[[https://git.lede-project.org/?p=source.git;a=commitdiff;h=e07c80dfc881daed67c495d99885cc045f70d89a|e07c80d]]'' **<nowiki>lantiq:</nowiki>** <nowiki>use aliases device tree node for leds</nowiki> //<color #ccc>(</color><color #282>+277</color><color #ccc>,</color><color #f00>-285</color><color #ccc>)</color>//\\
''[[https://git.lede-project.org/?p=source.git;a=commitdiff;h=7659f9ad9e5d6ffea93bd73989535346f0b14131|7659f9a]]'' **<nowiki>lantiq:</nowiki>** <nowiki>fix usb leds/trigger</nowiki> //<color #ccc>(</color><color #282>+11</color><color #ccc>,</color><color #f00>-8</color><color #ccc>)</color>//\\
''[[https://git.lede-project.org/?p=source.git;a=commitdiff;h=116adaa3a4dc6c5d232bf7a9ea08d82afcfbb87e|116adaa]]'' **<nowiki>lantiq:</nowiki>** <nowiki>fixup last commits</nowiki> //<color #ccc>(</color><color #282>+9</color><color #ccc>,</color><color #f00>-9</color><color #ccc>)</color>//\\
''[[https://git.lede-project.org/?p=source.git;a=commitdiff;h=993ca3b747562192e7157081f99d8694bc384099|993ca3b]]'' **<nowiki>lantiq:</nowiki>** <nowiki>fix BTHOMEHUBV2B default packages</nowiki> //<color #ccc>(</color><color #282>+1</color><color #ccc>,</color><color #f00>-1</color><color #ccc>)</color>//\\
''[[https://git.lede-project.org/?p=source.git;a=commitdiff;h=0547b3ca64f8d7dfdde65c638d1ff3d2a57b1abb|0547b3c]]'' **<nowiki>lantiq:</nowiki>** <nowiki>fix lantiq-dsl output spam</nowiki> //<color #ccc>(</color><color #282>+1</color><color #ccc>,</color><color #f00>-1</color><color #ccc>)</color>//\\
''[[https://git.lede-project.org/?p=source.git;a=commitdiff;h=335ccddc10e1e097370f0b21fb055ce55748d1df|335ccdd]]'' **<nowiki>lantiq:</nowiki>** <nowiki>fix ARV452CQW keys</nowiki> //<color #ccc>(</color><color #282>+1</color><color #ccc>,</color><color #f00>-1</color><color #ccc>)</color>//\\
''[[https://git.lede-project.org/?p=source.git;a=commitdiff;h=36afaae847135144611962eafd33e9c69ff5e1e2|36afaae]]'' **<nowiki>lantiq:</nowiki>** <nowiki>use wpad-mini for WBMR boards</nowiki> //<color #ccc>(</color><color #282>+2</color><color #ccc>,</color><color #f00>-20</color><color #ccc>)</color>//\\
''[[https://git.lede-project.org/?p=source.git;a=commitdiff;h=0658527e1ebe666cabde9267b6afbe543314160c|0658527]]'' <nowiki>switch to the new usbport LED trigger</nowiki> //<color #ccc>(</color><color #282>+150</color><color #ccc>,</color><color #f00>-139</color><color #ccc>)</color>//\\
''[[https://git.lede-project.org/?p=source.git;a=commitdiff;h=17094e9e642ffca19c6b6681766d2bcbb8e6e565|17094e9]]'' **<nowiki>lantiq:</nowiki>** <nowiki>rework VG3503J image</nowiki> //<color #ccc>(</color><color #282>+15</color><color #ccc>,</color><color #f00>-79</color><color #ccc>)</color>//\\
''[[https://git.lede-project.org/?p=source.git;a=commitdiff;h=1f7a03a7060390ea5ea9f80d520527051653b7fc|1f7a03a]]'' **<nowiki>lantiq:</nowiki>** <nowiki>drop lzma-loader</nowiki> //<color #ccc>(</color><color #f00>-2.8K</color><color #ccc>)</color>//\\
''[[https://git.lede-project.org/?p=source.git;a=commitdiff;h=fa14124616ca3ac2cf1c4ce2928b41d38e888b87|fa14124]]'' **<nowiki>lantiq:</nowiki>** <nowiki>use new build code for DGN3500</nowiki> //<color #ccc>(</color><color #282>+36</color><color #ccc>,</color><color #f00>-99</color><color #ccc>)</color>//\\
''[[https://git.lede-project.org/?p=source.git;a=commitdiff;h=72d12672de933274f6a0c54277e5621b0ea275e1|72d1267]]'' **<nowiki>lantiq:</nowiki>** <nowiki>Fix buttons for ARV752DPW</nowiki> //<color #ccc>(</color><color #282>+5</color><color #ccc>,</color><color #f00>-5</color><color #ccc>)</color>//\\
''[[https://git.lede-project.org/?p=source.git;a=commitdiff;h=eba84bee4ce518dc509fe51f252c5307dccf3a1c|eba84be]]'' **<nowiki>lantiq:</nowiki>** <nowiki>Sanitize device tree files</nowiki> //<color #ccc>(</color><color #282>+668</color><color #ccc>,</color><color #f00>-656</color><color #ccc>)</color>//\\
''[[https://git.lede-project.org/?p=source.git;a=commitdiff;h=23e3314cad2afcc5ef2897c247db11218b9df042|23e3314]]'' **<nowiki>lantiq:</nowiki>** <nowiki>fix thermal sensors driver</nowiki> //<color #ccc>(</color><color #282>+21</color><color #ccc>,</color><color #f00>-5</color><color #ccc>)</color>//\\
''[[https://git.lede-project.org/?p=source.git;a=commitdiff;h=3c5a8a2cbc5397f5f2b98b0f36594b3752bf7762|3c5a8a2]]'' **<nowiki>lantiq:</nowiki>** <nowiki>enable cpu temp driver for all vr9 boards</nowiki> //<color #ccc>(</color><color #282>+4</color><color #ccc>,</color><color #f00>-20</color><color #ccc>)</color>//\\
''[[https://git.lede-project.org/?p=source.git;a=commitdiff;h=b760afa09a25dffe88dc0a227dcd7f6a43b08e45|b760afa]]'' **<nowiki>lantiq:</nowiki>** <nowiki>danube fxs bugfix: changed compatible attribute of vmmc</nowiki> //<color #ccc>(</color><color #282>+1</color><color #ccc>,</color><color #f00>-1</color><color #ccc>)</color>//\\
''[[https://git.lede-project.org/?p=source.git;a=commitdiff;h=01ab5209c04530cad3c6bb70ce40c4a8e0a4974e|01ab520]]'' **<nowiki>lantiq:</nowiki>** <nowiki>modify vr9.dts to support vmmc</nowiki> //<color #ccc>(</color><color #282>+8</color><color #ccc>)</color>//\\
''[[https://git.lede-project.org/?p=source.git;a=commitdiff;h=e0229a16b0001c08e6c2611fa0bb9814507fced4|e0229a1]]'' **<nowiki>lantiq:</nowiki>** <nowiki>added support for VPE1</nowiki> //<color #ccc>(</color><color #282>+208</color><color #ccc>)</color>//\\
''[[https://git.lede-project.org/?p=source.git;a=commitdiff;h=4552bf158c9cdc1c4b27e11f826897e2cd815520|4552bf1]]'' **<nowiki>lantiq:</nowiki>** <nowiki>vpe softdog</nowiki> //<color #ccc>(</color><color #282>+171</color><color #ccc>)</color>//\\
''[[https://git.lede-project.org/?p=source.git;a=commitdiff;h=7929ab60bfc764256724125025e360a4227ccd64|7929ab6]]'' **<nowiki>lantiq:</nowiki>** <nowiki>add vpe/watchdog modules to kernel</nowiki> //<color #ccc>(</color><color #282>+6</color><color #ccc>)</color>//\\
''[[https://git.lede-project.org/?p=source.git;a=commitdiff;h=2f2ea7b44c6affb24426759b93d45d0aa26a74d5|2f2ea7b]]'' **<nowiki>kernel:</nowiki>** <nowiki>update kernel 4.4 to version 4.4.30</nowiki> //<color #ccc>(</color><color #282>+72</color><color #ccc>,</color><color #f00>-73</color><color #ccc>)</color>//\\
''[[https://git.lede-project.org/?p=source.git;a=commitdiff;h=112cf52d45497cb4b5555b6fb5ba3fb764931a0b|112cf52]]'' **<nowiki>lantiq:</nowiki>** <nowiki>cleanup dts files</nowiki> //<color #ccc>(</color><color #282>+35</color><color #ccc>,</color><color #f00>-312</color><color #ccc>)</color>//\\
''[[https://git.lede-project.org/?p=source.git;a=commitdiff;h=3db1a5c8fa33be53c0b4dae9c522df310ae91f0f|3db1a5c]]'' **<nowiki>lantiq:</nowiki>** <nowiki>use external pci clock on ARV7506PW11</nowiki> //<color #ccc>(</color><color #282>+1</color><color #ccc>)</color>//\\
''[[https://git.lede-project.org/?p=source.git;a=commitdiff;h=13208e89d033b7f9f6f09b76106def4cad890813|13208e8]]'' **<nowiki>lantiq:</nowiki>** <nowiki>fix VGV7519 and VGV7510KW22 mac addresses</nowiki> //<color #ccc>(</color><color #282>+5</color><color #ccc>,</color><color #f00>-4</color><color #ccc>)</color>//\\
''[[https://git.lede-project.org/?p=source.git;a=commitdiff;h=7fd5171a3445b1f0b3aaa45f6c43550758547f2c|7fd5171]]'' **<nowiki>lantiq:</nowiki>** <nowiki>use the device tree bindings from rt2x00 driver</nowiki> //<color #ccc>(</color><color #282>+136</color><color #ccc>,</color><color #f00>-170</color><color #ccc>)</color>//\\
''[[https://git.lede-project.org/?p=source.git;a=commitdiff;h=21d8de78dc61bb59434bc3f83b6463793e9fb89e|21d8de7]]'' **<nowiki>lantiq:</nowiki>** <nowiki>drop ralink eeprom handling function</nowiki> //<color #ccc>(</color><color #282>+9</color><color #ccc>,</color><color #f00>-73</color><color #ccc>)</color>//\\
''[[https://git.lede-project.org/?p=source.git;a=commitdiff;h=07bc0d60898d812f3c5793d4c020e748342176b2|07bc0d6]]'' **<nowiki>lantiq:</nowiki>** <nowiki>fix pci issue if mem kernel parameter is used</nowiki> //<color #ccc>(</color><color #282>+22</color><color #ccc>)</color>//\\
''[[https://git.lede-project.org/?p=source.git;a=commitdiff;h=2b55c83e68068887db9e49de8e81b1b4a267a4f2|2b55c83]]'' **<nowiki>treewide:</nowiki>** <nowiki>dts: use keycode defines from input dt-binding</nowiki> //<color #ccc>(</color><color #282>+757</color><color #ccc>,</color><color #f00>-349</color><color #ccc>)</color>//\\
''[[https://git.lede-project.org/?p=source.git;a=commitdiff;h=ecab50023289fc1626dc0e080462897790039b75|ecab500]]'' **<nowiki>lantiq:</nowiki>** <nowiki>fix port indexing for WBMR-300</nowiki> //<color #ccc>(</color><color #282>+1</color><color #ccc>,</color><color #f00>-1</color><color #ccc>)</color>//\\
''[[https://git.lede-project.org/?p=source.git;a=commitdiff;h=fe9a757984e076a1b0e35239a683a405985b532b|fe9a757]]'' **<nowiki>lantiq:</nowiki>** <nowiki>enable VMMC for VGV7510KW22</nowiki> //<color #ccc>(</color><color #282>+10</color><color #ccc>,</color><color #f00>-1</color><color #ccc>)</color>//\\
''[[https://git.lede-project.org/?p=source.git;a=commitdiff;h=904a6751b63500448bf4c9606d562050c6a4ba51|904a675]]'' **<nowiki>lantiq:</nowiki>** <nowiki>add tapi/vmmc to VGV7510KW22 defaults</nowiki> //<color #ccc>(</color><color #282>+2</color><color #ccc>,</color><color #f00>-2</color><color #ccc>)</color>//\\
''[[https://git.lede-project.org/?p=source.git;a=commitdiff;h=0ce929228a63cc23f0deb52a72cc99b21c1c9bf9|0ce9292]]'' **<nowiki>lantiq:</nowiki>** <nowiki>enable VMMC for VGV7519</nowiki> //<color #ccc>(</color><color #282>+10</color><color #ccc>,</color><color #f00>-1</color><color #ccc>)</color>//\\
''[[https://git.lede-project.org/?p=source.git;a=commitdiff;h=8565630e14145d348909e7b8572e60daa332eae6|8565630]]'' **<nowiki>lantiq:</nowiki>** <nowiki>add tapi/vmmc to VGV7519 defaults</nowiki> //<color #ccc>(</color><color #282>+2</color><color #ccc>,</color><color #f00>-2</color><color #ccc>)</color>//\\
''[[https://git.lede-project.org/?p=source.git;a=commitdiff;h=8e47655d4e979d65c7e488faea4e1fcca8e4cddc|8e47655]]'' **<nowiki>kernel:</nowiki>** <nowiki>update kernel 4.4 to version 4.4.32</nowiki> //<color #ccc>(</color><color #282>+70</color><color #ccc>,</color><color #f00>-84</color><color #ccc>)</color>//\\
''[[https://git.lede-project.org/?p=source.git;a=commitdiff;h=be296745f82665272771e1cfeb2c19438cf3cb5a|be29674]]'' **<nowiki>lantiq:</nowiki>** <nowiki>append metadata to images</nowiki> //<color #ccc>(</color><color #282>+7</color><color #ccc>,</color><color #f00>-5</color><color #ccc>)</color>//\\
''[[https://git.lede-project.org/?p=source.git;a=commitdiff;h=77382273211022eb6546dbbdcf4a4b4dd9d40e7f|7738227]]'' **<nowiki>lantiq:</nowiki>** <nowiki>run append-metadata before check-size to fix build errors</nowiki> //<color #ccc>(</color><color #282>+4</color><color #ccc>,</color><color #f00>-4</color><color #ccc>)</color>//\\
''[[https://git.lede-project.org/?p=source.git;a=commitdiff;h=16adf49620e327feefd9c4087ea175f0759e4258|16adf49]]'' **<nowiki>lantiq:</nowiki>** <nowiki>remove device specific sysupgrade image checks</nowiki> //<color #ccc>(</color><color #282>+1</color><color #ccc>,</color><color #f00>-22</color><color #ccc>)</color>//\\
''[[https://git.lede-project.org/?p=source.git;a=commitdiff;h=c82d5b30e10e6987bb73119c2c08ec9ff4a504dd|c82d5b3]]'' **<nowiki>lantiq:</nowiki>** <nowiki>initialise dwc2 on danube</nowiki> //<color #ccc>(</color><color #282>+10</color><color #ccc>)</color>//\\
''[[https://git.lede-project.org/?p=source.git;a=commitdiff;h=5c06a31e23b9cc1b8c8a1a8e0ab58353fc925865|5c06a31]]'' **<nowiki>lantiq:</nowiki>** <nowiki>device tree bindings for dwc2 on danube</nowiki> //<color #ccc>(</color><color #282>+2</color><color #ccc>,</color><color #f00>-1</color><color #ccc>)</color>//\\
''[[https://git.lede-project.org/?p=source.git;a=commitdiff;h=6f60926babe50cd1aa24fb849577fff9fe7f46b4|6f60926]]'' **<nowiki>lantiq:</nowiki>** <nowiki>dwc2 parameters for danube</nowiki> //<color #ccc>(</color><color #282>+31</color><color #ccc>,</color><color #f00>-2</color><color #ccc>)</color>//\\
''[[https://git.lede-project.org/?p=source.git;a=commitdiff;h=ffd7c155008bff4b08197dfd710d7a1386313f98|ffd7c15]]'' **<nowiki>lantiq:</nowiki>** <nowiki>use dwc2 by default on danube</nowiki> //<color #ccc>(</color><color #282>+13</color><color #ccc>,</color><color #f00>-13</color><color #ccc>)</color>//\\
''[[https://git.lede-project.org/?p=source.git;a=commitdiff;h=c2582f58dc9b14b68b3e6b5d4ca1bb3518cdc59f|c2582f5]]'' **<nowiki>lantiq:</nowiki>** <nowiki>add missing metadata for tp-link images</nowiki> //<color #ccc>(</color><color #282>+1</color><color #ccc>,</color><color #f00>-1</color><color #ccc>)</color>//\\
''[[https://git.lede-project.org/?p=source.git;a=commitdiff;h=d596c21ebd5a3e6ce933eff3e51989031e4b1d58|d596c21]]'' **<nowiki>lantiq:</nowiki>** <nowiki>write protect vgv7519 u-boot and u-boot-env partitions</nowiki> //<color #ccc>(</color><color #282>+2</color><color #ccc>)</color>//\\
''[[https://git.lede-project.org/?p=source.git;a=commitdiff;h=79741dc379178977a68672f8180f7d07796aae07|79741dc]]'' **<nowiki>lantiq:</nowiki>** <nowiki>Register the device tree node with the PCIe controller</nowiki> //<color #ccc>(</color><color #282>+9</color><color #ccc>,</color><color #f00>-1</color><color #ccc>)</color>//\\
''[[https://git.lede-project.org/?p=source.git;a=commitdiff;h=d76ee5bfac68687cb01b70f2d3d400d653ecd9c8|d76ee5b]]'' **<nowiki>lantiq:</nowiki>** <nowiki>specify the PCIe controller's interrupt, size and address cells</nowiki> //<color #ccc>(</color><color #282>+10</color><color #ccc>,</color><color #f00>-2</color><color #ccc>)</color>//\\
''[[https://git.lede-project.org/?p=source.git;a=commitdiff;h=18c64f41c7d84824a81bdcd730e1796d316355d1|18c64f4]]'' **<nowiki>treewide:</nowiki>** <nowiki>fix button keys codes used in dts</nowiki> //<color #ccc>(</color><color #282>+27</color><color #ccc>,</color><color #f00>-26</color><color #ccc>)</color>//\\
''[[https://git.lede-project.org/?p=source.git;a=commitdiff;h=5cdbc8632962a4e4451db771597cf84e1c5046d5|5cdbc86]]'' **<nowiki>lantiq:</nowiki>** <nowiki>add swconfig to the default packages</nowiki> //<color #ccc>(</color><color #282>+28</color><color #ccc>,</color><color #f00>-46</color><color #ccc>)</color>//\\
''[[https://git.lede-project.org/?p=source.git;a=commitdiff;h=93715427835e747f0e0b348c8a3ce91dd68ef4f9|9371542]]'' **<nowiki>lantiq:</nowiki>** <nowiki>add Falcon support</nowiki> //<color #ccc>(</color><color #282>+1.5K</color><color #ccc>,</color><color #f00>-1</color><color #ccc>)</color>//\\
''[[https://git.lede-project.org/?p=source.git;a=commitdiff;h=a20616863d32d91163043b6657a63c836bd9c5ba|a206168]]'' **<nowiki>lantiq:</nowiki>** <nowiki>use ath9k device tree bindings binding/owl-loader</nowiki> //<color #ccc>(</color><color #282>+305</color><color #ccc>,</color><color #f00>-141</color><color #ccc>)</color>//\\
''[[https://git.lede-project.org/?p=source.git;a=commitdiff;h=62a347b1d9061cd0b6e1c7de7044679cfce9b674|62a347b]]'' **<nowiki>lantiq:</nowiki>** <nowiki>drop ath9k device tree binding & ath9k pci fixup</nowiki> //<color #ccc>(</color><color #282>+7</color><color #ccc>,</color><color #f00>-304</color><color #ccc>)</color>//\\
''[[https://git.lede-project.org/?p=source.git;a=commitdiff;h=860210c3731f97eec507fd1c8d4554fd80394edb|860210c]]'' **<nowiki>lantiq:</nowiki>** <nowiki>backport kernel patch to pass of node to nand_dt_init</nowiki> //<color #ccc>(</color><color #282>+27</color><color #ccc>,</color><color #f00>-2</color><color #ccc>)</color>//\\
''[[https://git.lede-project.org/?p=source.git;a=commitdiff;h=0e34459e6b4d7b3753b27cf97f304f86e80155ca|0e34459]]'' **<nowiki>lantiq:</nowiki>** <nowiki>use BT HomeHub 5 Type A OEM partition layout</nowiki> //<color #ccc>(</color><color #282>+36</color><color #ccc>,</color><color #f00>-35</color><color #ccc>)</color>//\\
''[[https://git.lede-project.org/?p=source.git;a=commitdiff;h=c0e66478b520b07c33343161f722351f5f858990|c0e6647]]'' **<nowiki>lantiq:</nowiki>** <nowiki>drop obsolete patch</nowiki> //<color #ccc>(</color><color #f00>-31</color><color #ccc>)</color>//\\
''[[https://git.lede-project.org/?p=source.git;a=commitdiff;h=102cb4742c14f78bf86b7d77c568c205f0d99d85|102cb47]]'' **<nowiki>kernel:</nowiki>** <nowiki>bump to 4.4.35</nowiki> //<color #ccc>(</color><color #282>+191</color><color #ccc>,</color><color #f00>-308</color><color #ccc>)</color>//\\
''[[https://git.lede-project.org/?p=source.git;a=commitdiff;h=d9d838bc97c5acabebf27ac2a760e7301d0b3625|d9d838b]]'' **<nowiki>lantiq:</nowiki>** <nowiki>fix image validation errors</nowiki> //<color #ccc>(</color><color #282>+20</color><color #ccc>,</color><color #f00>-15</color><color #ccc>)</color>//\\
''[[https://git.lede-project.org/?p=source.git;a=commitdiff;h=758ef7aa992492ecb29a0cd5a30f5255ccdc9ea7|758ef7a]]'' **<nowiki>kernel:</nowiki>** <nowiki>bump to 4.4.36</nowiki> //<color #ccc>(</color><color #282>+28</color><color #ccc>,</color><color #f00>-23</color><color #ccc>)</color>//\\
''[[https://git.lede-project.org/?p=source.git;a=commitdiff;h=afa37092663d00aa0abf8c61943d9a1b5558b144|afa3709]]'' **<nowiki>lantiq:</nowiki>** <nowiki>fix ath9k EEPROM data swapping for some devices</nowiki> //<color #ccc>(</color><color #282>+26</color><color #ccc>,</color><color #f00>-14</color><color #ccc>)</color>//\\
''[[https://git.lede-project.org/?p=source.git;a=commitdiff;h=ee5a6c10410b25adc6d400780953388035135fed|ee5a6c1]]'' **<nowiki>lantiq:</nowiki>** <nowiki>simplify ath9k eeprom extraction script</nowiki> //<color #ccc>(</color><color #282>+16</color><color #ccc>,</color><color #f00>-11</color><color #ccc>)</color>//\\
''[[https://git.lede-project.org/?p=source.git;a=commitdiff;h=7c47f43fe650309e6a2383c99273dc1bde367bc1|7c47f43]]'' **<nowiki>lantiq:</nowiki>** <nowiki>falcon: remove bootargs-append</nowiki> //<color #ccc>(</color><color #f00>-40</color><color #ccc>)</color>//\\
''[[https://git.lede-project.org/?p=source.git;a=commitdiff;h=4995c64857a09c4cc92238ba0bd52cdb06c4c581|4995c64]]'' **<nowiki>lantiq:</nowiki>** <nowiki>specify console using stdout-path instead of cmdline argument</nowiki> //<color #ccc>(</color><color #282>+70</color><color #ccc>,</color><color #f00>-37</color><color #ccc>)</color>//\\
''[[https://git.lede-project.org/?p=source.git;a=commitdiff;h=6b94234a6598b855573a6516494de8e7d755e944|6b94234]]'' **<nowiki>lantiq:</nowiki>** <nowiki>remove "init" kernel command line parameter from bootargs</nowiki> //<color #ccc>(</color><color #282>+2</color><color #ccc>,</color><color #f00>-125</color><color #ccc>)</color>//\\
''[[https://git.lede-project.org/?p=source.git;a=commitdiff;h=9aa420b00e816ba7fc98049aa4961e392ab65d3a|9aa420b]]'' **<nowiki>lantiq:</nowiki>** <nowiki>fix DGN1000B boot status leds</nowiki> //<color #ccc>(</color><color #282>+7</color><color #ccc>,</color><color #f00>-9</color><color #ccc>)</color>//\\
''[[https://git.lede-project.org/?p=source.git;a=commitdiff;h=7dd42d610dcd6f9271d5d44edff52caf633b8abf|7dd42d6]]'' **<nowiki>lantiq:</nowiki>** <nowiki>add FRITZ7360SL phy reset gpios</nowiki> //<color #ccc>(</color><color #282>+5</color><color #ccc>,</color><color #f00>-5</color><color #ccc>)</color>//\\
''[[https://git.lede-project.org/?p=source.git;a=commitdiff;h=ea9b71e5b1de8e40a7f92d10bfc1761a8955a2e8|ea9b71e]]'' **<nowiki>lantiq:</nowiki>** <nowiki>drop the FRITZ7360SL led-dsl alias</nowiki> //<color #ccc>(</color><color #f00>-1</color><color #ccc>)</color>//\\
''[[https://git.lede-project.org/?p=source.git;a=commitdiff;h=f9226158bed52aeae4087307719b77f61bd3237e|f922615]]'' **<nowiki>lantiq:</nowiki>** <nowiki>rename EASY98000 to EASY98000NOR</nowiki> //<color #ccc>(</color><color #282>+1</color><color #ccc>,</color><color #f00>-2</color><color #ccc>)</color>//\\
''[[https://git.lede-project.org/?p=source.git;a=commitdiff;h=9998bc5ef7db6149ecb7620d29694e42be29f1d7|9998bc5]]'' **<nowiki>lantiq:</nowiki>** <nowiki>fix falcon build</nowiki> //<color #ccc>(</color><color #282>+1</color><color #ccc>,</color><color #f00>-1</color><color #ccc>)</color>//\\
''[[https://git.lede-project.org/?p=source.git;a=commitdiff;h=d8dde8c5178eba8c847dd48e7d06e6663ba1979f|d8dde8c]]'' **<nowiki>lantiq:</nowiki>** <nowiki>fix console print</nowiki> //<color #ccc>(</color><color #282>+128</color><color #ccc>,</color><color #f00>-4</color><color #ccc>)</color>//\\
''[[https://git.lede-project.org/?p=source.git;a=commitdiff;h=8f0dc92afde82ab0ce7b4ca7337837422e9e6201|8f0dc92]]'' **<nowiki>lantiq:</nowiki>** <nowiki>fix console print for additional boards</nowiki> //<color #ccc>(</color><color #282>+12</color><color #ccc>)</color>//\\
''[[https://git.lede-project.org/?p=source.git;a=commitdiff;h=018d80007e6d9469077d938872e605f826010767|018d800]]'' **<nowiki>kernel:</nowiki>** <nowiki>remove ubifs xz decompression support</nowiki> //<color #ccc>(</color><color #282>+5</color><color #ccc>,</color><color #f00>-1.1K</color><color #ccc>)</color>//\\
''[[https://git.lede-project.org/?p=source.git;a=commitdiff;h=2dac67464d47fd1c7d87108cfdc04af28d32b264|2dac674]]'' **<nowiki>lantiq:</nowiki>** <nowiki>fix dma locking problems with SMP</nowiki> //<color #ccc>(</color><color #282>+152</color><color #ccc>)</color>//\\
''[[https://git.lede-project.org/?p=source.git;a=commitdiff;h=f036956e1f6a38bfc4e678adf404f3a717ceaed8|f036956]]'' **<nowiki>lantiq:</nowiki>** <nowiki>update USB controller initialization</nowiki> //<color #ccc>(</color><color #282>+394</color><color #ccc>,</color><color #f00>-95</color><color #ccc>)</color>//\\
''[[https://git.lede-project.org/?p=source.git;a=commitdiff;h=5b089e45a649b936d5ce71930adef4fdea8a7875|5b089e4]]'' **<nowiki>kernel:</nowiki>** <nowiki>update 4.4 kernel to 4.4.42</nowiki> //<color #ccc>(</color><color #282>+108</color><color #ccc>,</color><color #f00>-98</color><color #ccc>)</color>//\\
''[[https://git.lede-project.org/?p=source.git;a=commitdiff;h=1708644f1915eb7587a904d81da0ef0b559d1567|1708644]]'' **<nowiki>kernel:</nowiki>** <nowiki>backport MIPS changes introducing a separate IRQ stack</nowiki> //<color #ccc>(</color><color #282>+312</color><color #ccc>,</color><color #f00>-15</color><color #ccc>)</color>//\\
''[[https://git.lede-project.org/?p=source.git;a=commitdiff;h=6538961d6ad079e5cff93361b4d907758ab5f9dd|6538961]]'' **<nowiki>lantiq:</nowiki>** <nowiki>fix spurious irq storm</nowiki> //<color #ccc>(</color><color #282>+87</color><color #ccc>)</color>//\\
''[[https://git.lede-project.org/?p=source.git;a=commitdiff;h=4039b3eba1cfdfd0025e91c5c5d45b76425ad5c8|4039b3e]]'' **<nowiki>lantiq:</nowiki>** <nowiki>fix an ethernet stability issue triggered by receving packets during ...</nowiki> //<color #ccc>(</color><color #282>+53</color><color #ccc>)</color>//\\
''[[https://git.lede-project.org/?p=source.git;a=commitdiff;h=392cccb7f4189cb8f2f62df467af980b593ce073|392cccb]]'' **<nowiki>build:</nowiki>** <nowiki>remove mips16 feature flag from target makefiles</nowiki> //<color #ccc>(</color><color #282>+11</color><color #ccc>,</color><color #f00>-9</color><color #ccc>)</color>//\\
''[[https://git.lede-project.org/?p=source.git;a=commitdiff;h=fc366fde0756cb342328d2ffd29756672b2624b5|fc366fd]]'' **<nowiki>lantiq:</nowiki>** <nowiki>remove CPU_TYPE:=mips32r2, it gets overwritten anyway</nowiki> //<color #ccc>(</color><color #f00>-2</color><color #ccc>)</color>//\\
''[[https://git.lede-project.org/?p=source.git;a=commitdiff;h=66211d07817297f79836f29c12de26b592236f14|66211d0]]'' **<nowiki>lantiq:</nowiki>** <nowiki>fix brnImage signature for the VGV7510KW22BRN images</nowiki> //<color #ccc>(</color><color #282>+2</color><color #ccc>,</color><color #f00>-2</color><color #ccc>)</color>//\\
''[[https://git.lede-project.org/?p=source.git;a=commitdiff;h=31b06409067a7d1cb6005ed24b97a56009276aaa|31b0640]]'' **<nowiki>lantiq:</nowiki>** <nowiki>fix unaligned access in xrx200_poll_rx()</nowiki> //<color #ccc>(</color><color #282>+2</color><color #ccc>,</color><color #f00>-2</color><color #ccc>)</color>//\\
''[[https://git.lede-project.org/?p=source.git;a=commitdiff;h=32c9d467e341bae3e67329fb7503200900562ec2|32c9d46]]'' **<nowiki>lantiq:</nowiki>** <nowiki>fix patching the wifi mac address on BTHOMEHUBV3A</nowiki> //<color #ccc>(</color><color #282>+1</color><color #ccc>,</color><color #f00>-1</color><color #ccc>)</color>//\\
''[[https://git.lede-project.org/?p=source.git;a=commitdiff;h=c5879b067680d7b02e365ea0cfd0324edf70425c|c5879b0]]'' **<nowiki>lantiq:</nowiki>** <nowiki>fix ARV7519RW22 switch port indexing</nowiki> //<color #ccc>(</color><color #282>+1</color><color #ccc>,</color><color #f00>-1</color><color #ccc>)</color>//\\
''[[https://git.lede-project.org/?p=source.git;a=commitdiff;h=6a6e3a4928010f7e9a04cf3b7f61ecc472df2273|6a6e3a4]]'' **<nowiki>lantiq:</nowiki>** <nowiki>introduce lantiq_is_vdsl_system</nowiki> //<color #ccc>(</color><color #282>+5</color><color #ccc>,</color><color #f00>-1</color><color #ccc>)</color>//\\
''[[https://git.lede-project.org/?p=source.git;a=commitdiff;h=0a26490fe4ce0f828d5d8a35ad99c05e29f3cf42|0a26490]]'' **<nowiki>lantiq:</nowiki>** <nowiki>set the internet led interface according to wan interface</nowiki> //<color #ccc>(</color><color #282>+1</color><color #ccc>)</color>//\\

==== Target / layerscape (16 changes) ====
''[[https://git.lede-project.org/?p=source.git;a=commitdiff;h=c6c731fe311f7da42777ffd31804a4f6aa3f8e19|c6c731f]]'' **<nowiki>layerscape:</nowiki>** <nowiki>add 64b/32b target for ls1043ardb device</nowiki> //<color #ccc>(</color><color #282>+171.2K</color><color #ccc>)</color>//\\
''[[https://git.lede-project.org/?p=source.git;a=commitdiff;h=15a14cf1665ef3d8b5c77cce69b52d131340e3b3|15a14cf]]'' **<nowiki>layerscape:</nowiki>** <nowiki>add 64b/32b target for ls1012ardb device</nowiki> //<color #ccc>(</color><color #282>+37.9K</color><color #ccc>,</color><color #f00>-6</color><color #ccc>)</color>//\\
''[[https://git.lede-project.org/?p=source.git;a=commitdiff;h=2f2ea7b44c6affb24426759b93d45d0aa26a74d5|2f2ea7b]]'' **<nowiki>kernel:</nowiki>** <nowiki>update kernel 4.4 to version 4.4.30</nowiki> //<color #ccc>(</color><color #282>+72</color><color #ccc>,</color><color #f00>-73</color><color #ccc>)</color>//\\
''[[https://git.lede-project.org/?p=source.git;a=commitdiff;h=10889d3ebe3de13c5e36c53a1fa2d6c298143163|10889d3]]'' **<nowiki>layerscape:</nowiki>** <nowiki>ls1043ardb: add pad-rootfs to reduce the size of firmware.bin</nowiki> //<color #ccc>(</color><color #282>+1</color><color #ccc>,</color><color #f00>-1</color><color #ccc>)</color>//\\
''[[https://git.lede-project.org/?p=source.git;a=commitdiff;h=4162a7eba629bd93ddacfbfbb1c1402ded8a56b0|4162a7e]]'' **<nowiki>layerscape:</nowiki>** <nowiki>ls1012ardb: only reserve ext4 fs as default firmware.bin</nowiki> //<color #ccc>(</color><color #f00>-4</color><color #ccc>)</color>//\\
''[[https://git.lede-project.org/?p=source.git;a=commitdiff;h=102cb4742c14f78bf86b7d77c568c205f0d99d85|102cb47]]'' **<nowiki>kernel:</nowiki>** <nowiki>bump to 4.4.35</nowiki> //<color #ccc>(</color><color #282>+191</color><color #ccc>,</color><color #f00>-308</color><color #ccc>)</color>//\\
''[[https://git.lede-project.org/?p=source.git;a=commitdiff;h=ad907e1c03a3a1a236f4836cee085d085f280c8d|ad907e1]]'' **<nowiki>layerscape:</nowiki>** <nowiki>add 64b/32b target for ls1046ardb device</nowiki> //<color #ccc>(</color><color #282>+2.6K</color><color #ccc>,</color><color #f00>-3</color><color #ccc>)</color>//\\
''[[https://git.lede-project.org/?p=source.git;a=commitdiff;h=f5b833b8fe9b182d24117139081d7e286092b721|f5b833b]]'' **<nowiki>kernel:</nowiki>** <nowiki>bump to 4.4.38</nowiki> //<color #ccc>(</color><color #282>+19</color><color #ccc>,</color><color #f00>-19</color><color #ccc>)</color>//\\
''[[https://git.lede-project.org/?p=source.git;a=commitdiff;h=79abb8f140c0081145acc832cbbd65afcdd0176b|79abb8f]]'' **<nowiki>kernel:</nowiki>** <nowiki>bump to 4.4.39</nowiki> //<color #ccc>(</color><color #282>+24</color><color #ccc>,</color><color #f00>-34</color><color #ccc>)</color>//\\
''[[https://git.lede-project.org/?p=source.git;a=commitdiff;h=1866368a8ab8cacf73aa47f67138040d5620439d|1866368]]'' **<nowiki>layerscape:</nowiki>** <nowiki>add ls1088ardb device support</nowiki> //<color #ccc>(</color><color #282>+44.7K</color><color #ccc>)</color>//\\
''[[https://git.lede-project.org/?p=source.git;a=commitdiff;h=799d0dddf608ff012b49282d5832ddd2ef1b916e|799d0dd]]'' **<nowiki>layerscape:</nowiki>** <nowiki>add ls2088ardb device support</nowiki> //<color #ccc>(</color><color #282>+2.1K</color><color #ccc>)</color>//\\
''[[https://git.lede-project.org/?p=source.git;a=commitdiff;h=d6c831e0e5a0ef97eb054dd3eb382d66b1bffc40|d6c831e]]'' **<nowiki>generic:</nowiki>** <nowiki>mtd: backport SPI_NOR_HAS_LOCK</nowiki> //<color #ccc>(</color><color #282>+178</color><color #ccc>,</color><color #f00>-183</color><color #ccc>)</color>//\\
''[[https://git.lede-project.org/?p=source.git;a=commitdiff;h=88ca6390eab24efda3f6333453cd645b5e20e400|88ca639]]'' **<nowiki>kernel:</nowiki>** <nowiki>bump to 4.4.40</nowiki> //<color #ccc>(</color><color #282>+48</color><color #ccc>,</color><color #f00>-153</color><color #ccc>)</color>//\\
''[[https://git.lede-project.org/?p=source.git;a=commitdiff;h=018d80007e6d9469077d938872e605f826010767|018d800]]'' **<nowiki>kernel:</nowiki>** <nowiki>remove ubifs xz decompression support</nowiki> //<color #ccc>(</color><color #282>+5</color><color #ccc>,</color><color #f00>-1.1K</color><color #ccc>)</color>//\\
''[[https://git.lede-project.org/?p=source.git;a=commitdiff;h=b72dcd545717b29453500ae76cca9b8a5ed5325f|b72dcd5]]'' **<nowiki>layerscape:</nowiki>** <nowiki>fix adjust_link for 10G & 2.5G</nowiki> //<color #ccc>(</color><color #282>+48</color><color #ccc>)</color>//\\
''[[https://git.lede-project.org/?p=source.git;a=commitdiff;h=06f3b919021f3cf55cc4e1aa22650089dc2ab903|06f3b91]]'' **<nowiki>kernel:</nowiki>** <nowiki>update kernel 4.4 to version 4.4.50</nowiki> //<color #ccc>(</color><color #282>+47</color><color #ccc>,</color><color #f00>-90</color><color #ccc>)</color>//\\

==== Target / malta (12 changes) ====
''[[https://git.lede-project.org/?p=source.git;a=commitdiff;h=e88528683487aaf23a9b9a0b2c68009352ea029a|e885286]]'' **<nowiki>target:</nowiki>** <nowiki>globally remove ARCH_PACKAGES overrides</nowiki> //<color #ccc>(</color><color #f00>-14</color><color #ccc>)</color>//\\
''[[https://git.lede-project.org/?p=source.git;a=commitdiff;h=dc929174095a00150de6a3e48d46355d24f223b9|dc92917]]'' <nowiki>image / basefiles: make console password configurable</nowiki> //<color #ccc>(</color><color #282>+48</color><color #ccc>,</color><color #f00>-42</color><color #ccc>)</color>//\\
''[[https://git.lede-project.org/?p=source.git;a=commitdiff;h=638a5682e1e66697649f89cb594b58a4ab0161b1|638a568]]'' **<nowiki>kernel:</nowiki>** <nowiki>remove bogus CONFIG_LOG_BUF_SHIFT overrides</nowiki> //<color #ccc>(</color><color #f00>-6</color><color #ccc>)</color>//\\
''[[https://git.lede-project.org/?p=source.git;a=commitdiff;h=3ef433c2c08499bae74e38c2638b265625fcc955|3ef433c]]'' **<nowiki>malta:</nowiki>** <nowiki>remove unneeded symbols</nowiki> //<color #ccc>(</color><color #f00>-3</color><color #ccc>)</color>//\\
''[[https://git.lede-project.org/?p=source.git;a=commitdiff;h=c25541c024b22b04c15e6eb4d219cc0476e63cfe|c25541c]]'' **<nowiki>malta:</nowiki>** <nowiki>remove NAMESPACES config symbols</nowiki> //<color #ccc>(</color><color #f00>-6</color><color #ccc>)</color>//\\
''[[https://git.lede-project.org/?p=source.git;a=commitdiff;h=12cdf2bfc211f139c04aa4242ce1f8ffea6344d2|12cdf2b]]'' **<nowiki>malta:</nowiki>** <nowiki>enable be64 and le64 subtargets</nowiki> //<color #ccc>(</color><color #282>+18</color><color #ccc>,</color><color #f00>-1</color><color #ccc>)</color>//\\
''[[https://git.lede-project.org/?p=source.git;a=commitdiff;h=e3358b2cc1a409fa38be3b9fe94429c28e3e365b|e3358b2]]'' **<nowiki>malta:</nowiki>** <nowiki>Fix README file examples</nowiki> //<color #ccc>(</color><color #282>+2</color><color #ccc>,</color><color #f00>-2</color><color #ccc>)</color>//\\
''[[https://git.lede-project.org/?p=source.git;a=commitdiff;h=c2fc52ae222166455f85ef27670d6d12a8a7e9ba|c2fc52a]]'' **<nowiki>kernel:</nowiki>** <nowiki>remove DEVMEM/DEVKMEM platform overrides</nowiki> //<color #ccc>(</color><color #f00>-7</color><color #ccc>)</color>//\\
''[[https://git.lede-project.org/?p=source.git;a=commitdiff;h=d2424d4b21c88f1bf262665389d217d3cc8ff416|d2424d4]]'' **<nowiki>malta:</nowiki>** <nowiki>remove hack to determine entry point</nowiki> //<color #ccc>(</color><color #282>+1</color><color #ccc>,</color><color #f00>-5</color><color #ccc>)</color>//\\
''[[https://git.lede-project.org/?p=source.git;a=commitdiff;h=392cccb7f4189cb8f2f62df467af980b593ce073|392cccb]]'' **<nowiki>build:</nowiki>** <nowiki>remove mips16 feature flag from target makefiles</nowiki> //<color #ccc>(</color><color #282>+11</color><color #ccc>,</color><color #f00>-9</color><color #ccc>)</color>//\\
''[[https://git.lede-project.org/?p=source.git;a=commitdiff;h=0a4d20fa9c833000542baae3e9f66c339c7af424|0a4d20f]]'' **<nowiki>malta:</nowiki>** <nowiki>move FEATURES to the target makefile</nowiki> //<color #ccc>(</color><color #282>+1</color><color #ccc>,</color><color #f00>-4</color><color #ccc>)</color>//\\
''[[https://git.lede-project.org/?p=source.git;a=commitdiff;h=4d73b6b8d03267ba6592ef19fc88498e62ba48fa|4d73b6b]]'' **<nowiki>malta:</nowiki>** <nowiki>mark as source-only to avoid wasting build resources</nowiki> //<color #ccc>(</color><color #282>+1</color><color #ccc>,</color><color #f00>-1</color><color #ccc>)</color>//\\

==== Target / mcs814x (5 changes) ====
''[[https://git.lede-project.org/?p=source.git;a=commitdiff;h=fa69553900516944fc43cf7b377105ea1f6d3db0|fa69553]]'' **<nowiki>branding:</nowiki>** <nowiki>add LEDE branding</nowiki> //<color #ccc>(</color><color #282>+76</color><color #ccc>,</color><color #f00>-85</color><color #ccc>)</color>//\\
''[[https://git.lede-project.org/?p=source.git;a=commitdiff;h=0658527e1ebe666cabde9267b6afbe543314160c|0658527]]'' <nowiki>switch to the new usbport LED trigger</nowiki> //<color #ccc>(</color><color #282>+150</color><color #ccc>,</color><color #f00>-139</color><color #ccc>)</color>//\\
''[[https://git.lede-project.org/?p=source.git;a=commitdiff;h=75e63c249411773613f3f201bea9245623d9f57a|75e63c2]]'' **<nowiki>kernel:</nowiki>** <nowiki>update kernel 3.18 to version 3.18.43</nowiki> //<color #ccc>(</color><color #282>+107</color><color #ccc>,</color><color #f00>-181</color><color #ccc>)</color>//\\
''[[https://git.lede-project.org/?p=source.git;a=commitdiff;h=77b807999d86498c4378a136bd366d09eb2c9bd5|77b8079]]'' **<nowiki>treewide:</nowiki>** <nowiki>dts: use C style includes</nowiki> //<color #ccc>(</color><color #282>+7</color><color #ccc>,</color><color #f00>-7</color><color #ccc>)</color>//\\
''[[https://git.lede-project.org/?p=source.git;a=commitdiff;h=982dd01ac37f64892deb4003f4e53d3bc7a114c4|982dd01]]'' <nowiki>Mark targets using kernel 3.18 as source-only</nowiki> //<color #ccc>(</color><color #282>+6</color><color #ccc>,</color><color #f00>-6</color><color #ccc>)</color>//\\

==== Target / mediatek (30 changes) ====
''[[https://git.lede-project.org/?p=source.git;a=commitdiff;h=dc929174095a00150de6a3e48d46355d24f223b9|dc92917]]'' <nowiki>image / basefiles: make console password configurable</nowiki> //<color #ccc>(</color><color #282>+48</color><color #ccc>,</color><color #f00>-42</color><color #ccc>)</color>//\\
''[[https://git.lede-project.org/?p=source.git;a=commitdiff;h=090b134786a009427442aee7e2ea48e47be5e60f|090b134]]'' **<nowiki>mediatek:</nowiki>** <nowiki>sync and patches add support for several boards</nowiki> //<color #ccc>(</color><color #282>+1.2K</color><color #ccc>,</color><color #f00>-262</color><color #ccc>)</color>//\\
''[[https://git.lede-project.org/?p=source.git;a=commitdiff;h=23596ca527d2d7a0b197d3f9e8afdb9acd76273a|23596ca]]'' **<nowiki>mediatek:</nowiki>** <nowiki>sync patches and add more ethernet stability fixes</nowiki> //<color #ccc>(</color><color #282>+436</color><color #ccc>,</color><color #f00>-608</color><color #ccc>)</color>//\\
''[[https://git.lede-project.org/?p=source.git;a=commitdiff;h=b062266ad650f5dac98f1e1779f371274c9b2237|b062266]]'' **<nowiki>kernel:</nowiki>** <nowiki>update kernel 4.4 to version 4.4.9</nowiki> //<color #ccc>(</color><color #282>+248</color><color #ccc>,</color><color #f00>-922</color><color #ccc>)</color>//\\
''[[https://git.lede-project.org/?p=source.git;a=commitdiff;h=b8ab6af1a9b8cf1ac76e7008661fd3e775e9ae2b|b8ab6af]]'' **<nowiki>global:</nowiki>** <nowiki>change my email address</nowiki> //<color #ccc>(</color><color #282>+28</color><color #ccc>,</color><color #f00>-28</color><color #ccc>)</color>//\\
''[[https://git.lede-project.org/?p=source.git;a=commitdiff;h=c4664b0f911614a2d19eddcb9b52e2937581ca5b|c4664b0]]'' **<nowiki>kernel:</nowiki>** <nowiki>update kernel 4.4 to version 4.4.11</nowiki> //<color #ccc>(</color><color #282>+114</color><color #ccc>,</color><color #f00>-991</color><color #ccc>)</color>//\\
''[[https://git.lede-project.org/?p=source.git;a=commitdiff;h=f5f173e2b794bd996fa6171bb6b18f13c4ed1e90|f5f173e]]'' **<nowiki>mediatek:</nowiki>** <nowiki>update patches</nowiki> //<color #ccc>(</color><color #282>+11.1K</color><color #ccc>,</color><color #f00>-3.1K</color><color #ccc>)</color>//\\
''[[https://git.lede-project.org/?p=source.git;a=commitdiff;h=1eac53ba92894ca6ad84d6c14159d17c5f5b9ea5|1eac53b]]'' **<nowiki>mediatek:</nowiki>** <nowiki>update mtd backport</nowiki> //<color #ccc>(</color><color #282>+423</color><color #ccc>,</color><color #f00>-626</color><color #ccc>)</color>//\\
''[[https://git.lede-project.org/?p=source.git;a=commitdiff;h=7d67f79cb5548703f13d8ec6dfef495cb8b9803a|7d67f79]]'' **<nowiki>mediatek:</nowiki>** <nowiki>more mtd fixes</nowiki> //<color #ccc>(</color><color #282>+62</color><color #ccc>)</color>//\\
''[[https://git.lede-project.org/?p=source.git;a=commitdiff;h=1205e9a78111c99cbf6e92c401d7071ba18cf498|1205e9a]]'' **<nowiki>mediatek:</nowiki>** <nowiki>more nand fixes</nowiki> //<color #ccc>(</color><color #282>+24</color><color #ccc>,</color><color #f00>-15</color><color #ccc>)</color>//\\
''[[https://git.lede-project.org/?p=source.git;a=commitdiff;h=a105eac4dd424fafdea3a72c270ef9cf9cdc1433|a105eac]]'' **<nowiki>kernel:</nowiki>** <nowiki>update kernel 4.4 to version 4.4.12</nowiki> //<color #ccc>(</color><color #282>+569</color><color #ccc>,</color><color #f00>-1.4K</color><color #ccc>)</color>//\\
''[[https://git.lede-project.org/?p=source.git;a=commitdiff;h=bd657ec9ac0dfdb875719f2062db96a51a411235|bd657ec]]'' **<nowiki>mediatek:</nowiki>** <nowiki>remove modules from Kernel config</nowiki> //<color #ccc>(</color><color #f00>-85</color><color #ccc>)</color>//\\
''[[https://git.lede-project.org/?p=source.git;a=commitdiff;h=7eeb254cc49c4e9f837c980826ec112b9404f341|7eeb254]]'' **<nowiki>treewide:</nowiki>** <nowiki>replace nbd@openwrt.org with nbd@nbd.name</nowiki> //<color #ccc>(</color><color #282>+299</color><color #ccc>,</color><color #f00>-299</color><color #ccc>)</color>//\\
''[[https://git.lede-project.org/?p=source.git;a=commitdiff;h=bfcbca3e049e39878f26294642c4638aea2d7900|bfcbca3]]'' **<nowiki>mediatek/ralink:</nowiki>** <nowiki>fix boardnames</nowiki> //<color #ccc>(</color><color #282>+2</color><color #ccc>,</color><color #f00>-2</color><color #ccc>)</color>//\\
''[[https://git.lede-project.org/?p=source.git;a=commitdiff;h=e81020c3173a108fb9045af3989a74f51997b44e|e81020c]]'' **<nowiki>medaitek:</nowiki>** <nowiki>convert the NAND target to UBI</nowiki> //<color #ccc>(</color><color #282>+62</color><color #ccc>,</color><color #f00>-192</color><color #ccc>)</color>//\\
''[[https://git.lede-project.org/?p=source.git;a=commitdiff;h=84d489f64f3b382d5544e342f66d8806e94e85d3|84d489f]]'' **<nowiki>kernel:</nowiki>** <nowiki>update to version 4.4.14</nowiki> //<color #ccc>(</color><color #282>+567</color><color #ccc>,</color><color #f00>-1.1K</color><color #ccc>)</color>//\\
''[[https://git.lede-project.org/?p=source.git;a=commitdiff;h=efa1960abb390d696704d029507dff671cc271fd|efa1960]]'' **<nowiki>kernel:</nowiki>** <nowiki>update kernel 4.4 to version 4.4.15</nowiki> //<color #ccc>(</color><color #282>+64</color><color #ccc>,</color><color #f00>-210</color><color #ccc>)</color>//\\
''[[https://git.lede-project.org/?p=source.git;a=commitdiff;h=8072264b96785184b76aa46bcd08b4f9cdfada42|8072264]]'' **<nowiki>kernel:</nowiki>** <nowiki>update kernel 4.4 to version 4.4.19</nowiki> //<color #ccc>(</color><color #282>+400</color><color #ccc>,</color><color #f00>-939</color><color #ccc>)</color>//\\
''[[https://git.lede-project.org/?p=source.git;a=commitdiff;h=85fefcdb61e9362abbb16eb2a9d3e6dda19a175b|85fefcd]]'' **<nowiki>kernel:</nowiki>** <nowiki>mtd: backport Macronix sector size fix</nowiki> //<color #ccc>(</color><color #282>+44</color><color #ccc>,</color><color #f00>-29</color><color #ccc>)</color>//\\
''[[https://git.lede-project.org/?p=source.git;a=commitdiff;h=d14c28fc80d98cc712074c869cbd1659398e8829|d14c28f]]'' **<nowiki>kernel:</nowiki>** <nowiki>update kernel 4.4 to version 4.4.20</nowiki> //<color #ccc>(</color><color #282>+41</color><color #ccc>,</color><color #f00>-70</color><color #ccc>)</color>//\\
''[[https://git.lede-project.org/?p=source.git;a=commitdiff;h=949cfbb24374be151e2c01db09dd98bc8537a989|949cfbb]]'' **<nowiki>kernel:</nowiki>** <nowiki>update kernel 4.4 to version 4.4.22</nowiki> //<color #ccc>(</color><color #282>+30</color><color #ccc>,</color><color #f00>-29</color><color #ccc>)</color>//\\
''[[https://git.lede-project.org/?p=source.git;a=commitdiff;h=7d559169c527424c4743d82cd6edc926ef2fcde9|7d55916]]'' **<nowiki>kernel:</nowiki>** <nowiki>update to v4.4.23</nowiki> //<color #ccc>(</color><color #282>+53</color><color #ccc>,</color><color #f00>-57</color><color #ccc>)</color>//\\
''[[https://git.lede-project.org/?p=source.git;a=commitdiff;h=0658527e1ebe666cabde9267b6afbe543314160c|0658527]]'' <nowiki>switch to the new usbport LED trigger</nowiki> //<color #ccc>(</color><color #282>+150</color><color #ccc>,</color><color #f00>-139</color><color #ccc>)</color>//\\
''[[https://git.lede-project.org/?p=source.git;a=commitdiff;h=2f2ea7b44c6affb24426759b93d45d0aa26a74d5|2f2ea7b]]'' **<nowiki>kernel:</nowiki>** <nowiki>update kernel 4.4 to version 4.4.30</nowiki> //<color #ccc>(</color><color #282>+72</color><color #ccc>,</color><color #f00>-73</color><color #ccc>)</color>//\\
''[[https://git.lede-project.org/?p=source.git;a=commitdiff;h=305704f405fbc347a17dd69c1354ec3da448ea15|305704f]]'' **<nowiki>mediatek:</nowiki>** <nowiki>enable support for vfpv4 and neon</nowiki> //<color #ccc>(</color><color #282>+1</color><color #ccc>)</color>//\\
''[[https://git.lede-project.org/?p=source.git;a=commitdiff;h=d6c831e0e5a0ef97eb054dd3eb382d66b1bffc40|d6c831e]]'' **<nowiki>generic:</nowiki>** <nowiki>mtd: backport SPI_NOR_HAS_LOCK</nowiki> //<color #ccc>(</color><color #282>+178</color><color #ccc>,</color><color #f00>-183</color><color #ccc>)</color>//\\
''[[https://git.lede-project.org/?p=source.git;a=commitdiff;h=018d80007e6d9469077d938872e605f826010767|018d800]]'' **<nowiki>kernel:</nowiki>** <nowiki>remove ubifs xz decompression support</nowiki> //<color #ccc>(</color><color #282>+5</color><color #ccc>,</color><color #f00>-1.1K</color><color #ccc>)</color>//\\
''[[https://git.lede-project.org/?p=source.git;a=commitdiff;h=c2fc52ae222166455f85ef27670d6d12a8a7e9ba|c2fc52a]]'' **<nowiki>kernel:</nowiki>** <nowiki>remove DEVMEM/DEVKMEM platform overrides</nowiki> //<color #ccc>(</color><color #f00>-7</color><color #ccc>)</color>//\\
''[[https://git.lede-project.org/?p=source.git;a=commitdiff;h=5b089e45a649b936d5ce71930adef4fdea8a7875|5b089e4]]'' **<nowiki>kernel:</nowiki>** <nowiki>update 4.4 kernel to 4.4.42</nowiki> //<color #ccc>(</color><color #282>+108</color><color #ccc>,</color><color #f00>-98</color><color #ccc>)</color>//\\
''[[https://git.lede-project.org/?p=source.git;a=commitdiff;h=ee3067c588139ef60a72f5fecac979580d3651e3|ee3067c]]'' **<nowiki>Kernel:</nowiki>** <nowiki>bump to 4.4.44</nowiki> //<color #ccc>(</color><color #282>+41</color><color #ccc>,</color><color #f00>-76</color><color #ccc>)</color>//\\

==== Target / mpc85xx (10 changes) ====
''[[https://git.lede-project.org/?p=source.git;a=commitdiff;h=d0ef9b4d387e579d49aebd61b44ecf8f777a1585|d0ef9b4]]'' **<nowiki>mpc85xx:</nowiki>** <nowiki>remove unneeded symbols</nowiki> //<color #ccc>(</color><color #f00>-3</color><color #ccc>)</color>//\\
''[[https://git.lede-project.org/?p=source.git;a=commitdiff;h=7eeb254cc49c4e9f837c980826ec112b9404f341|7eeb254]]'' **<nowiki>treewide:</nowiki>** <nowiki>replace nbd@openwrt.org with nbd@nbd.name</nowiki> //<color #ccc>(</color><color #282>+299</color><color #ccc>,</color><color #f00>-299</color><color #ccc>)</color>//\\
''[[https://git.lede-project.org/?p=source.git;a=commitdiff;h=39f3408732df53e8671426c207f178ae0cf42d01|39f3408]]'' **<nowiki>ppc4xx:</nowiki>** <nowiki>remove booke-wdt watchdog package</nowiki> //<color #ccc>(</color><color #282>+4</color><color #ccc>,</color><color #f00>-18</color><color #ccc>)</color>//\\
''[[https://git.lede-project.org/?p=source.git;a=commitdiff;h=aa53f78038d541052de8764323f6f26578327606|aa53f78]]'' **<nowiki>build:</nowiki>** <nowiki>fix subtarget descriptions</nowiki> //<color #ccc>(</color><color #282>+58</color><color #ccc>,</color><color #f00>-60</color><color #ccc>)</color>//\\
''[[https://git.lede-project.org/?p=source.git;a=commitdiff;h=92eaf27c62cad5f9832dc7084e1ae14d5e7b47e6|92eaf27]]'' <nowiki>use immediate set in target Makefiles</nowiki> //<color #ccc>(</color><color #282>+7</color><color #ccc>,</color><color #f00>-7</color><color #ccc>)</color>//\\
''[[https://git.lede-project.org/?p=source.git;a=commitdiff;h=c1578d4fc9e53c9b80d858fc924adc8a66f5fce3|c1578d4]]'' <nowiki>cleanup ucidef_set_interface* usage</nowiki> //<color #ccc>(</color><color #282>+8</color><color #ccc>,</color><color #f00>-9</color><color #ccc>)</color>//\\
''[[https://git.lede-project.org/?p=source.git;a=commitdiff;h=c00e5a4f09115ec976fac7dc380f576ef6a24fab|c00e5a4]]'' **<nowiki>mpc85xx:</nowiki>** <nowiki>enable the crypto acceleration driver in the kernel config instead o...</nowiki> //<color #ccc>(</color><color #282>+23</color><color #ccc>,</color><color #f00>-27</color><color #ccc>)</color>//\\
''[[https://git.lede-project.org/?p=source.git;a=commitdiff;h=96ade7adae9fc3a6c7940bce9152bee074348cec|96ade7a]]'' **<nowiki>mpc85xx:</nowiki>** <nowiki>build usb support into the kernel instead of packaging it separately</nowiki> //<color #ccc>(</color><color #282>+18</color><color #ccc>,</color><color #f00>-27</color><color #ccc>)</color>//\\
''[[https://git.lede-project.org/?p=source.git;a=commitdiff;h=f5c649d7c61844d80b78d9fc945aec54bfbd7e44|f5c649d]]'' **<nowiki>mpc85xx:</nowiki>** <nowiki>build i2c support into the kernel instead of packaging it separately</nowiki> //<color #ccc>(</color><color #282>+3</color><color #ccc>,</color><color #f00>-15</color><color #ccc>)</color>//\\
''[[https://git.lede-project.org/?p=source.git;a=commitdiff;h=c2fc52ae222166455f85ef27670d6d12a8a7e9ba|c2fc52a]]'' **<nowiki>kernel:</nowiki>** <nowiki>remove DEVMEM/DEVKMEM platform overrides</nowiki> //<color #ccc>(</color><color #f00>-7</color><color #ccc>)</color>//\\

==== Target / mvebu (72 changes) ====
''[[https://git.lede-project.org/?p=source.git;a=commitdiff;h=8eab383782d94c3a0c68c81e8a345ce450923f8c|8eab383]]'' **<nowiki>mvebu:</nowiki>** <nowiki>fix portability issues in the image makefile code</nowiki> //<color #ccc>(</color><color #282>+5</color><color #ccc>,</color><color #f00>-5</color><color #ccc>)</color>//\\
''[[https://git.lede-project.org/?p=source.git;a=commitdiff;h=24b8d31badc276c5c532995c523a2c7c898be497|24b8d31]]'' **<nowiki>mvebu:</nowiki>** <nowiki>update to linux 4.4</nowiki> //<color #ccc>(</color><color #282>+15</color><color #ccc>,</color><color #f00>-3.1K</color><color #ccc>)</color>//\\
''[[https://git.lede-project.org/?p=source.git;a=commitdiff;h=566343246f6558fc2a3a485064c7b8c6f22ec261|5663432]]'' **<nowiki>mvebu:</nowiki>** <nowiki>backport an upstream NAND flash driver fix</nowiki> //<color #ccc>(</color><color #282>+428</color><color #ccc>)</color>//\\
''[[https://git.lede-project.org/?p=source.git;a=commitdiff;h=f0dd81043cc2d6555c1e686365db8e1f48732acf|f0dd810]]'' **<nowiki>mvebu:</nowiki>** <nowiki>prevent crash in the flash driver in case of a spurious interrupt</nowiki> //<color #ccc>(</color><color #282>+13</color><color #ccc>)</color>//\\
''[[https://git.lede-project.org/?p=source.git;a=commitdiff;h=008579f2fff07e97f503d321dd66098d823b4237|008579f]]'' **<nowiki>mvebu:</nowiki>** <nowiki>rename recently added flash driver fix</nowiki> //<color #ccc>(</color><color #ccc>)</color>//\\
''[[https://git.lede-project.org/?p=source.git;a=commitdiff;h=a5a3b59bf54c72c1eea7745d7a83dfc298d4ae1e|a5a3b59]]'' **<nowiki>mvebu:</nowiki>** <nowiki>add some more flash driver fixes</nowiki> //<color #ccc>(</color><color #282>+156</color><color #ccc>)</color>//\\
''[[https://git.lede-project.org/?p=source.git;a=commitdiff;h=f849c2c83247340d623fdb549e2b75f4c1feea62|f849c2c]]'' **<nowiki>mvebu:</nowiki>** <nowiki>enable core drivers in the kernel config instead of packaging them</nowiki> //<color #ccc>(</color><color #282>+72</color><color #ccc>,</color><color #f00>-165</color><color #ccc>)</color>//\\
''[[https://git.lede-project.org/?p=source.git;a=commitdiff;h=22cc151e93dbea0ebc66e447fe48524e24876639|22cc151]]'' **<nowiki>mvebu:</nowiki>** <nowiki>tune kernel config for performance</nowiki> //<color #ccc>(</color><color #282>+1</color><color #ccc>,</color><color #f00>-1</color><color #ccc>)</color>//\\
''[[https://git.lede-project.org/?p=source.git;a=commitdiff;h=629636dd25d336e1b85bcd6555b4aa5b96a4f434|629636d]]'' **<nowiki>mvebu:</nowiki>** <nowiki>fix bus ranges for the crypto processor sram</nowiki> //<color #ccc>(</color><color #282>+13</color><color #ccc>)</color>//\\
''[[https://git.lede-project.org/?p=source.git;a=commitdiff;h=a080b1033113798951129be45bbf9851746d8bcb|a080b10]]'' **<nowiki>mvebu:</nowiki>** <nowiki>correct patch name of the crypto sram fix</nowiki> //<color #ccc>(</color><color #ccc>)</color>//\\
''[[https://git.lede-project.org/?p=source.git;a=commitdiff;h=638a5682e1e66697649f89cb594b58a4ab0161b1|638a568]]'' **<nowiki>kernel:</nowiki>** <nowiki>remove bogus CONFIG_LOG_BUF_SHIFT overrides</nowiki> //<color #ccc>(</color><color #f00>-6</color><color #ccc>)</color>//\\
''[[https://git.lede-project.org/?p=source.git;a=commitdiff;h=848cacb21db4e977635087d1fa2691b7c67eb79d|848cacb]]'' **<nowiki>mvebu:</nowiki>** <nowiki>fix device I/O coherency issues</nowiki> //<color #ccc>(</color><color #282>+47</color><color #ccc>)</color>//\\
''[[https://git.lede-project.org/?p=source.git;a=commitdiff;h=df98acc6a1252456608958fc17f7da3ae4cfb46c|df98acc]]'' **<nowiki>mvebu:</nowiki>** <nowiki>backport upstream ethernet driver improvements and enable buffer manag...</nowiki> //<color #ccc>(</color><color #282>+4.3K</color><color #ccc>,</color><color #f00>-6</color><color #ccc>)</color>//\\
''[[https://git.lede-project.org/?p=source.git;a=commitdiff;h=35782e104a851ff3d11d1874d6663aad1c71caa6|35782e1]]'' **<nowiki>mvebu:</nowiki>** <nowiki>configure switch on WRT1200AC and WRT1900ACv2/S</nowiki> //<color #ccc>(</color><color #282>+4</color><color #ccc>,</color><color #f00>-6</color><color #ccc>)</color>//\\
''[[https://git.lede-project.org/?p=source.git;a=commitdiff;h=13ea815b6c3d4414aa54b07281b3b222756d45fe|13ea815]]'' **<nowiki>mvebu:</nowiki>** <nowiki>add a patch to deal with excessive latencies/delays during flash PIO c...</nowiki> //<color #ccc>(</color><color #282>+36</color><color #ccc>)</color>//\\
''[[https://git.lede-project.org/?p=source.git;a=commitdiff;h=0aa6c7df60d0d4a4fa01dc1b185df31ffb2c53f6|0aa6c7d]]'' **<nowiki>kernel:</nowiki>** <nowiki>update kernel 4.4 to version 4.4.13</nowiki> //<color #ccc>(</color><color #282>+56</color><color #ccc>,</color><color #f00>-312</color><color #ccc>)</color>//\\
''[[https://git.lede-project.org/?p=source.git;a=commitdiff;h=1830c31632c56ddf93f1dff0e6dad76f63bf673b|1830c31]]'' **<nowiki>mvebu:</nowiki>** <nowiki>Configure status LED for WRT1900ACS</nowiki> //<color #ccc>(</color><color #282>+3</color><color #ccc>)</color>//\\
''[[https://git.lede-project.org/?p=source.git;a=commitdiff;h=32727c409e6deb0f90155e8427fb1ca56bc9fab2|32727c4]]'' **<nowiki>mvebu:</nowiki>** <nowiki>switch to the new image build code</nowiki> //<color #ccc>(</color><color #282>+127</color><color #ccc>,</color><color #f00>-405</color><color #ccc>)</color>//\\
''[[https://git.lede-project.org/?p=source.git;a=commitdiff;h=b8cd996d9260bd3510c9b78de77f472072202d3d|b8cd996]]'' **<nowiki>mvebu:</nowiki>** <nowiki>limit image builds to profile selection</nowiki> //<color #ccc>(</color><color #282>+1</color><color #ccc>)</color>//\\
''[[https://git.lede-project.org/?p=source.git;a=commitdiff;h=db49dd894e7485020445043fb4eef58eebece7d8|db49dd8]]'' **<nowiki>build:</nowiki>** <nowiki>rename sysupgrade-nand to sysupgrade-tar</nowiki> //<color #ccc>(</color><color #282>+13</color><color #ccc>,</color><color #f00>-13</color><color #ccc>)</color>//\\
''[[https://git.lede-project.org/?p=source.git;a=commitdiff;h=ba1aa4e33b7861b429b55f57bc11b83aac47d460|ba1aa4e]]'' **<nowiki>mvebu:</nowiki>** <nowiki>fix NAND flash issues (FS#67)</nowiki> //<color #ccc>(</color><color #282>+69</color><color #ccc>,</color><color #f00>-36</color><color #ccc>)</color>//\\
''[[https://git.lede-project.org/?p=source.git;a=commitdiff;h=b9b665ae49469a73d254b1a219a4a7c4e22f27c0|b9b665a]]'' **<nowiki>mvebu:</nowiki>** <nowiki>add ClearFog .tar.gz bundle</nowiki> //<color #ccc>(</color><color #282>+26</color><color #ccc>)</color>//\\
''[[https://git.lede-project.org/?p=source.git;a=commitdiff;h=7347c14cd72bda93a9656a43430e2fe25306fddd|7347c14]]'' **<nowiki>mvebu:</nowiki>** <nowiki>rework ClearFog bundle.tar.gz generation</nowiki> //<color #ccc>(</color><color #282>+6</color><color #ccc>,</color><color #f00>-12</color><color #ccc>)</color>//\\
''[[https://git.lede-project.org/?p=source.git;a=commitdiff;h=18eebfe4e5756bc33b8f04c73477bdb1c1fcb7ee|18eebfe]]'' **<nowiki>mvebu:</nowiki>** <nowiki>fix boot stalls on WRT1900AC V1</nowiki> //<color #ccc>(</color><color #282>+1</color><color #ccc>)</color>//\\
''[[https://git.lede-project.org/?p=source.git;a=commitdiff;h=8072264b96785184b76aa46bcd08b4f9cdfada42|8072264]]'' **<nowiki>kernel:</nowiki>** <nowiki>update kernel 4.4 to version 4.4.19</nowiki> //<color #ccc>(</color><color #282>+400</color><color #ccc>,</color><color #f00>-939</color><color #ccc>)</color>//\\
''[[https://git.lede-project.org/?p=source.git;a=commitdiff;h=6f1ce6560d151949ec348cd881fe6b1a228b0c88|6f1ce65]]'' **<nowiki>mvebu:</nowiki>** <nowiki>refresh kernel config</nowiki> //<color #ccc>(</color><color #f00>-5</color><color #ccc>)</color>//\\
''[[https://git.lede-project.org/?p=source.git;a=commitdiff;h=ef02a7154d4c9f872aceeb63347b5ac32c628a9a|ef02a71]]'' **<nowiki>mvebu:</nowiki>** <nowiki>make MMC driver for Clearfog builtin</nowiki> //<color #ccc>(</color><color #282>+5</color><color #ccc>)</color>//\\
''[[https://git.lede-project.org/?p=source.git;a=commitdiff;h=c419ae2da859678da792dbad1e0bb9ae079b305e|c419ae2]]'' **<nowiki>mvebu:</nowiki>** <nowiki>enable NEON support</nowiki> //<color #ccc>(</color><color #282>+1</color><color #ccc>,</color><color #f00>-1</color><color #ccc>)</color>//\\
''[[https://git.lede-project.org/?p=source.git;a=commitdiff;h=86e27f135be6737016f124bc3d1f3344b5450caa|86e27f1]]'' **<nowiki>mvebu:</nowiki>** <nowiki>enable ARM crypto acceleration</nowiki> //<color #ccc>(</color><color #282>+19</color><color #ccc>)</color>//\\
''[[https://git.lede-project.org/?p=source.git;a=commitdiff;h=fa0c45c397c722eb6b20a055fdf53b7488b2d8e8|fa0c45c]]'' **<nowiki>mvebu:</nowiki>** <nowiki>add fpu to features</nowiki> //<color #ccc>(</color><color #282>+1</color><color #ccc>,</color><color #f00>-1</color><color #ccc>)</color>//\\
''[[https://git.lede-project.org/?p=source.git;a=commitdiff;h=a67183a7bc6f65535877f98ca25f662affbc1df5|a67183a]]'' **<nowiki>mvebu:</nowiki>** <nowiki>clearfog: require uboot-mvebu-clearfog</nowiki> //<color #ccc>(</color><color #282>+2</color><color #ccc>,</color><color #f00>-1</color><color #ccc>)</color>//\\
''[[https://git.lede-project.org/?p=source.git;a=commitdiff;h=3242c076492a46ddf5da92fb4bd3de813cab56f4|3242c07]]'' **<nowiki>mvebu:</nowiki>** <nowiki>add sdcard image creation script</nowiki> //<color #ccc>(</color><color #282>+154</color><color #ccc>,</color><color #f00>-3</color><color #ccc>)</color>//\\
''[[https://git.lede-project.org/?p=source.git;a=commitdiff;h=2d7d9baf1990dca93a2b200caf84eb782f23965d|2d7d9ba]]'' **<nowiki>mvebu:</nowiki>** <nowiki>use ptgen instead of fdisk to make the clearfog image script more port...</nowiki> //<color #ccc>(</color><color #282>+17</color><color #ccc>,</color><color #f00>-55</color><color #ccc>)</color>//\\
''[[https://git.lede-project.org/?p=source.git;a=commitdiff;h=e7ec7a08aae0afb1064d1bf26a9cd6fe1e64d516|e7ec7a0]]'' **<nowiki>image:</nowiki>** <nowiki>use k as unit suffix for blocksize</nowiki> //<color #ccc>(</color><color #282>+23</color><color #ccc>,</color><color #f00>-23</color><color #ccc>)</color>//\\
''[[https://git.lede-project.org/?p=source.git;a=commitdiff;h=bee30de984e4e2b98936d13fd611ae5909063087|bee30de]]'' **<nowiki>mvebu:</nowiki>** <nowiki>enable ext4, f2fs and loop device support</nowiki> //<color #ccc>(</color><color #282>+11</color><color #ccc>,</color><color #f00>-1</color><color #ccc>)</color>//\\
''[[https://git.lede-project.org/?p=source.git;a=commitdiff;h=3cbb7820a41057ef3be7b80f35d812fd8b03c9be|3cbb782]]'' **<nowiki>mvebu:</nowiki>** <nowiki>use ext4/f2fs overlay filesystem for solidrun clearfog</nowiki> //<color #ccc>(</color><color #282>+12</color><color #ccc>,</color><color #f00>-15</color><color #ccc>)</color>//\\
''[[https://git.lede-project.org/?p=source.git;a=commitdiff;h=306f1c7846e3768dff51396c9dadce3956d5778f|306f1c7]]'' **<nowiki>mvebu:</nowiki>** <nowiki>fix OpenBlocks AX3 image</nowiki> //<color #ccc>(</color><color #282>+1</color><color #ccc>,</color><color #f00>-1</color><color #ccc>)</color>//\\
''[[https://git.lede-project.org/?p=source.git;a=commitdiff;h=d27bce8d28eb129af0abd9c80a7756301b7d588a|d27bce8]]'' **<nowiki>build:</nowiki>** <nowiki>drop UBI EOF marker from images by default</nowiki> //<color #ccc>(</color><color #282>+4</color><color #ccc>,</color><color #f00>-3</color><color #ccc>)</color>//\\
''[[https://git.lede-project.org/?p=source.git;a=commitdiff;h=1cd0a4c688f02918cb96ff7f5f21cddc281d4f2c|1cd0a4c]]'' **<nowiki>image:</nowiki>** <nowiki>add KERNEL_SIZE to the default device vars</nowiki> //<color #ccc>(</color><color #282>+6</color><color #ccc>,</color><color #f00>-10</color><color #ccc>)</color>//\\
''[[https://git.lede-project.org/?p=source.git;a=commitdiff;h=61c2a7339a70b34cc357f9f190921365c39073f9|61c2a73]]'' **<nowiki>image:</nowiki>** <nowiki>remove padding parameter from append-kernel/append-rootfs</nowiki> //<color #ccc>(</color><color #282>+15</color><color #ccc>,</color><color #f00>-15</color><color #ccc>)</color>//\\
''[[https://git.lede-project.org/?p=source.git;a=commitdiff;h=d14c28fc80d98cc712074c869cbd1659398e8829|d14c28f]]'' **<nowiki>kernel:</nowiki>** <nowiki>update kernel 4.4 to version 4.4.20</nowiki> //<color #ccc>(</color><color #282>+41</color><color #ccc>,</color><color #f00>-70</color><color #ccc>)</color>//\\
''[[https://git.lede-project.org/?p=source.git;a=commitdiff;h=bc1f006b4eea84d9f3fb2e9b9c5571557042f697|bc1f006]]'' **<nowiki>uboot-mvebu:</nowiki>** <nowiki>also install into KDIR to ensure it packaged in IB</nowiki> //<color #ccc>(</color><color #282>+4</color><color #ccc>,</color><color #f00>-1</color><color #ccc>)</color>//\\
''[[https://git.lede-project.org/?p=source.git;a=commitdiff;h=d8075b15d09acdd02cd874f8969eeab0ecbe3f23|d8075b1]]'' **<nowiki>uboot-mvebu:</nowiki>** <nowiki>make hidden and be m for clearfog to fix IB failing to add it</nowiki> //<color #ccc>(</color><color #282>+6</color><color #ccc>,</color><color #f00>-4</color><color #ccc>)</color>//\\
''[[https://git.lede-project.org/?p=source.git;a=commitdiff;h=c4f4d65835edc2631e10524e078d73f675e00dca|c4f4d65]]'' **<nowiki>mvebu:</nowiki>** <nowiki>enable PCA955x driver for clearfog to enable pcie and usb</nowiki> //<color #ccc>(</color><color #282>+2</color><color #ccc>)</color>//\\
''[[https://git.lede-project.org/?p=source.git;a=commitdiff;h=f2102b484ba17bcfcf3f1cff4f19c077431c25cf|f2102b4]]'' **<nowiki>mvebu:</nowiki>** <nowiki>replace ClearFog dts files with patches from upstream</nowiki> //<color #ccc>(</color><color #282>+909</color><color #ccc>,</color><color #f00>-582</color><color #ccc>)</color>//\\
''[[https://git.lede-project.org/?p=source.git;a=commitdiff;h=c359d7e81bd0f73bd3931abf5d87589a97cc37df|c359d7e]]'' **<nowiki>mvebu:</nowiki>** <nowiki>add switch node to clearfog</nowiki> //<color #ccc>(</color><color #282>+22</color><color #ccc>,</color><color #f00>-1</color><color #ccc>)</color>//\\
''[[https://git.lede-project.org/?p=source.git;a=commitdiff;h=6859098d97aaa4e60a795f5887911958ca134ed0|6859098]]'' **<nowiki>mvebu:</nowiki>** <nowiki>add sysupgrade support for clearfog</nowiki> //<color #ccc>(</color><color #282>+79</color><color #ccc>,</color><color #f00>-8</color><color #ccc>)</color>//\\
''[[https://git.lede-project.org/?p=source.git;a=commitdiff;h=27ed4e9c14afbae6a91651866d9c9ab2d34342c4|27ed4e9]]'' **<nowiki>mvebu:</nowiki>** <nowiki>add switch config for clearfog pro</nowiki> //<color #ccc>(</color><color #282>+3</color><color #ccc>)</color>//\\
''[[https://git.lede-project.org/?p=source.git;a=commitdiff;h=a454756c913060977fd826ed421b9c7cfca3372e|a454756]]'' **<nowiki>mvebu:</nowiki>** <nowiki>disable MSI interrupts</nowiki> //<color #ccc>(</color><color #f00>-2</color><color #ccc>)</color>//\\
''[[https://git.lede-project.org/?p=source.git;a=commitdiff;h=4aa5d3e60d6007809a4b7fac9959645ef1600cf9|4aa5d3e]]'' **<nowiki>mvebu:</nowiki>** <nowiki>add support for SFP</nowiki> //<color #ccc>(</color><color #282>+6.2K</color><color #ccc>)</color>//\\
''[[https://git.lede-project.org/?p=source.git;a=commitdiff;h=7d559169c527424c4743d82cd6edc926ef2fcde9|7d55916]]'' **<nowiki>kernel:</nowiki>** <nowiki>update to v4.4.23</nowiki> //<color #ccc>(</color><color #282>+53</color><color #ccc>,</color><color #f00>-57</color><color #ccc>)</color>//\\
''[[https://git.lede-project.org/?p=source.git;a=commitdiff;h=15cb19f02a8c7fdcdb87b068cf098a2c03e39fce|15cb19f]]'' **<nowiki>mvebu:</nowiki>** <nowiki>fix sysupgrade</nowiki> //<color #ccc>(</color><color #282>+2</color><color #ccc>)</color>//\\
''[[https://git.lede-project.org/?p=source.git;a=commitdiff;h=0658527e1ebe666cabde9267b6afbe543314160c|0658527]]'' <nowiki>switch to the new usbport LED trigger</nowiki> //<color #ccc>(</color><color #282>+150</color><color #ccc>,</color><color #f00>-139</color><color #ccc>)</color>//\\
''[[https://git.lede-project.org/?p=source.git;a=commitdiff;h=2beab73fad3d4e7889f05e696ba4f033981293fa|2beab73]]'' **<nowiki>mvebu:</nowiki>** <nowiki>add missing status LEDs for Linksys WRT1200AC and WRT1900ACv2</nowiki> //<color #ccc>(</color><color #282>+8</color><color #ccc>,</color><color #f00>-1</color><color #ccc>)</color>//\\
''[[https://git.lede-project.org/?p=source.git;a=commitdiff;h=3764caa93478e3472df3128b79b6d0f6b0fb999c|3764caa]]'' **<nowiki>mvebu:</nowiki>** <nowiki>add support for the Linksys WRT3200ACM (Rango)</nowiki> //<color #ccc>(</color><color #282>+496</color><color #ccc>,</color><color #f00>-17</color><color #ccc>)</color>//\\
''[[https://git.lede-project.org/?p=source.git;a=commitdiff;h=2f2ea7b44c6affb24426759b93d45d0aa26a74d5|2f2ea7b]]'' **<nowiki>kernel:</nowiki>** <nowiki>update kernel 4.4 to version 4.4.30</nowiki> //<color #ccc>(</color><color #282>+72</color><color #ccc>,</color><color #f00>-73</color><color #ccc>)</color>//\\
''[[https://git.lede-project.org/?p=source.git;a=commitdiff;h=de40d4536330cce9c1b3aa36cc71c0d2dfc74ee5|de40d45]]'' **<nowiki>treewide:</nowiki>** <nowiki>dts: fix dtc compiler warnings</nowiki> //<color #ccc>(</color><color #282>+10</color><color #ccc>,</color><color #f00>-57</color><color #ccc>)</color>//\\
''[[https://git.lede-project.org/?p=source.git;a=commitdiff;h=5640986001ecaa673f7f97a40d0418f7e926da93|5640986]]'' **<nowiki>mvebu:</nowiki>** <nowiki>revert remove of mvsw61xx device tree nodes</nowiki> //<color #ccc>(</color><color #282>+53</color><color #ccc>)</color>//\\
''[[https://git.lede-project.org/?p=source.git;a=commitdiff;h=8aa9f6bd71bcfd15e953a0932ed21953ab6d6bbf|8aa9f6b]]'' **<nowiki>mvebu:</nowiki>** <nowiki>Add BQL patch for mvneta driver.</nowiki> //<color #ccc>(</color><color #282>+83</color><color #ccc>)</color>//\\
''[[https://git.lede-project.org/?p=source.git;a=commitdiff;h=9fc0bcdd18688724494e3364ec986318372129a4|9fc0bcd]]'' **<nowiki>mvebu:</nowiki>** <nowiki>use image metadata for firmware validation</nowiki> //<color #ccc>(</color><color #282>+6</color><color #ccc>,</color><color #f00>-22</color><color #ccc>)</color>//\\
''[[https://git.lede-project.org/?p=source.git;a=commitdiff;h=7cc0d8b3bdea8fcbf5ff36a0acceb652c152b507|7cc0d8b]]'' **<nowiki>mvebu:</nowiki>** <nowiki>fix typo in image metadata support</nowiki> //<color #ccc>(</color><color #282>+2</color><color #ccc>,</color><color #f00>-2</color><color #ccc>)</color>//\\
''[[https://git.lede-project.org/?p=source.git;a=commitdiff;h=c95e4e715d0982f0c4f57e473c5ad56fb9769028|c95e4e7]]'' **<nowiki>mvebu:</nowiki>** <nowiki>fix image validation error</nowiki> //<color #ccc>(</color><color #282>+2</color><color #ccc>,</color><color #f00>-2</color><color #ccc>)</color>//\\
''[[https://git.lede-project.org/?p=source.git;a=commitdiff;h=62e4c915ee867b5c3610fcc150d3a6bf90cbb130|62e4c91]]'' **<nowiki>mvebu:</nowiki>** <nowiki>fix sysupgrade for Linksys WRT3200ACM</nowiki> //<color #ccc>(</color><color #282>+1</color><color #ccc>,</color><color #f00>-1</color><color #ccc>)</color>//\\
''[[https://git.lede-project.org/?p=source.git;a=commitdiff;h=018d80007e6d9469077d938872e605f826010767|018d800]]'' **<nowiki>kernel:</nowiki>** <nowiki>remove ubifs xz decompression support</nowiki> //<color #ccc>(</color><color #282>+5</color><color #ccc>,</color><color #f00>-1.1K</color><color #ccc>)</color>//\\
''[[https://git.lede-project.org/?p=source.git;a=commitdiff;h=fe876e9ac6ae71d1150583b4406a8f50401635da|fe876e9]]'' **<nowiki>mvebu:</nowiki>** <nowiki>Fix up some leds on this series</nowiki> //<color #ccc>(</color><color #282>+5</color><color #ccc>,</color><color #f00>-5</color><color #ccc>)</color>//\\
''[[https://git.lede-project.org/?p=source.git;a=commitdiff;h=2e1f6f1682d3974d8ea52310e460f1bbe470390f|2e1f6f1]]'' **<nowiki>mvebu:</nowiki>** <nowiki>work around an ethernet tx scheduling fairness issue</nowiki> //<color #ccc>(</color><color #282>+36</color><color #ccc>)</color>//\\
''[[https://git.lede-project.org/?p=source.git;a=commitdiff;h=6f57e32f9502daf707dc1b04bf12a3a99e60b471|6f57e32]]'' **<nowiki>mvebu:</nowiki>** <nowiki>remove the clearfog-bundle</nowiki> //<color #ccc>(</color><color #282>+1</color><color #ccc>,</color><color #f00>-13</color><color #ccc>)</color>//\\
''[[https://git.lede-project.org/?p=source.git;a=commitdiff;h=89ecfa7556d87df1f588b34ef7a455224da03ce7|89ecfa7]]'' **<nowiki>mvebu:</nowiki>** <nowiki>several fixes for Linksys WRT3200ACM</nowiki> //<color #ccc>(</color><color #282>+40</color><color #ccc>,</color><color #f00>-44</color><color #ccc>)</color>//\\
''[[https://git.lede-project.org/?p=source.git;a=commitdiff;h=9641ceea0ce68d1c507b9d2bbe7cf8da518a2eb8|9641cee]]'' **<nowiki>mvebu:</nowiki>** <nowiki>simplify etc/board.d/02_network</nowiki> //<color #ccc>(</color><color #282>+5</color><color #ccc>,</color><color #f00>-9</color><color #ccc>)</color>//\\
''[[https://git.lede-project.org/?p=source.git;a=commitdiff;h=faea9bea44d9d39e252e335d9234410c071756a5|faea9be]]'' **<nowiki>mvebu:</nowiki>** <nowiki>set fan_ctrl.sh only on mamba</nowiki> //<color #ccc>(</color><color #282>+23</color><color #ccc>,</color><color #f00>-1</color><color #ccc>)</color>//\\
''[[https://git.lede-project.org/?p=source.git;a=commitdiff;h=2a14335d950c84566e1674f6674b0de5345d5e64|2a14335]]'' **<nowiki>mvebu:</nowiki>** <nowiki>fix usb port leds</nowiki> //<color #ccc>(</color><color #282>+15</color><color #ccc>,</color><color #f00>-10</color><color #ccc>)</color>//\\
''[[https://git.lede-project.org/?p=source.git;a=commitdiff;h=367a3bb36f334d7a3583337047c0cda937e57573|367a3bb]]'' **<nowiki>mvebu:</nowiki>** <nowiki>append metadata to clearfog sd card images</nowiki> //<color #ccc>(</color><color #282>+1</color><color #ccc>,</color><color #f00>-1</color><color #ccc>)</color>//\\

==== Target / mxs (9 changes) ====
''[[https://git.lede-project.org/?p=source.git;a=commitdiff;h=dc929174095a00150de6a3e48d46355d24f223b9|dc92917]]'' <nowiki>image / basefiles: make console password configurable</nowiki> //<color #ccc>(</color><color #282>+48</color><color #ccc>,</color><color #f00>-42</color><color #ccc>)</color>//\\
''[[https://git.lede-project.org/?p=source.git;a=commitdiff;h=b9c6361d5f6f47149c99b02c2c00e91e0729aec9|b9c6361]]'' **<nowiki>mxs:</nowiki>** <nowiki>delete old kernel versions</nowiki> //<color #ccc>(</color><color #f00>-4.5K</color><color #ccc>)</color>//\\
''[[https://git.lede-project.org/?p=source.git;a=commitdiff;h=2b4d21a3e635264eb61ea4111a419917123774c8|2b4d21a]]'' **<nowiki>mxs:</nowiki>** <nowiki>unconditionally install kernel images/dtb files into rootfs (needed by b...</nowiki> //<color #ccc>(</color><color #282>+4</color><color #ccc>,</color><color #f00>-18</color><color #ccc>)</color>//\\
''[[https://git.lede-project.org/?p=source.git;a=commitdiff;h=87b2b89959e0cfed7946a3712355642395750ca9|87b2b89]]'' **<nowiki>tools:</nowiki>** <nowiki>remove old mkdosfs symlink from dosfstools</nowiki> //<color #ccc>(</color><color #282>+4</color><color #ccc>,</color><color #f00>-5</color><color #ccc>)</color>//\\
''[[https://git.lede-project.org/?p=source.git;a=commitdiff;h=64be6fe9ca0b91456b60ca126446d03b26c6ab8d|64be6fe]]'' **<nowiki>mxs:</nowiki>** <nowiki>enable the chipidea usb driver in the kernel config instead of packaging it</nowiki> //<color #ccc>(</color><color #282>+9</color><color #ccc>,</color><color #f00>-46</color><color #ccc>)</color>//\\
''[[https://git.lede-project.org/?p=source.git;a=commitdiff;h=915d7db9bd485c44dd42ad99cf9cc7129231425f|915d7db]]'' **<nowiki>mxs:</nowiki>** <nowiki>remove obsolete kernel package depending on linux 3.18</nowiki> //<color #ccc>(</color><color #f00>-21</color><color #ccc>)</color>//\\
''[[https://git.lede-project.org/?p=source.git;a=commitdiff;h=29443e2c94ee977e5544e8fbd6ab06b753e3a35e|29443e2]]'' **<nowiki>mxs:</nowiki>** <nowiki>remove modules.mk, select drivers in the kernel config</nowiki> //<color #ccc>(</color><color #282>+11</color><color #ccc>,</color><color #f00>-99</color><color #ccc>)</color>//\\
''[[https://git.lede-project.org/?p=source.git;a=commitdiff;h=8935689a8eb1fe9622273a9ee97131d99f1842fe|8935689]]'' **<nowiki>mxs:</nowiki>** <nowiki>gzip ext4 images</nowiki> //<color #ccc>(</color><color #282>+3</color><color #ccc>)</color>//\\
''[[https://git.lede-project.org/?p=source.git;a=commitdiff;h=f5e8c908bd522812b8d7e3d0c903ef290065c751|f5e8c90]]'' **<nowiki>mxs:</nowiki>** <nowiki>remove stale references to obsolete kernel module packages</nowiki> //<color #ccc>(</color><color #282>+4</color><color #ccc>,</color><color #f00>-12</color><color #ccc>)</color>//\\

==== Target / netlogic (1 changes) ====
''[[https://git.lede-project.org/?p=source.git;a=commitdiff;h=137b1ac5e8df6110a9ecea8a505ff61b64203ced|137b1ac]]'' **<nowiki>netlogic:</nowiki>** <nowiki>R.I.P</nowiki> //<color #ccc>(</color><color #f00>-370</color><color #ccc>)</color>//\\

==== Target / octeon (25 changes) ====
''[[https://git.lede-project.org/?p=source.git;a=commitdiff;h=b8ab6af1a9b8cf1ac76e7008661fd3e775e9ae2b|b8ab6af]]'' **<nowiki>global:</nowiki>** <nowiki>change my email address</nowiki> //<color #ccc>(</color><color #282>+28</color><color #ccc>,</color><color #f00>-28</color><color #ccc>)</color>//\\
''[[https://git.lede-project.org/?p=source.git;a=commitdiff;h=e030c31e3577f41581d43e3cd959a11643764937|e030c31]]'' **<nowiki>octeon:</nowiki>** <nowiki>convert to new image building code</nowiki> //<color #ccc>(</color><color #282>+41</color><color #ccc>,</color><color #f00>-50</color><color #ccc>)</color>//\\
''[[https://git.lede-project.org/?p=source.git;a=commitdiff;h=7992633e63b9317ce78d8b9decddc418a55e4cbc|7992633]]'' **<nowiki>octeon:</nowiki>** <nowiki>Ignore MEM boot param when too small</nowiki> //<color #ccc>(</color><color #282>+31</color><color #ccc>)</color>//\\
''[[https://git.lede-project.org/?p=source.git;a=commitdiff;h=f77a56d18a5043c05eb086142c45e6b35aff0607|f77a56d]]'' **<nowiki>octeon:</nowiki>** <nowiki>export the FILESYSTEMS variable during image generation</nowiki> //<color #ccc>(</color><color #282>+1</color><color #ccc>,</color><color #f00>-1</color><color #ccc>)</color>//\\
''[[https://git.lede-project.org/?p=source.git;a=commitdiff;h=ff4a804669d45b24242bf3af3c062099a5a370e7|ff4a804]]'' **<nowiki>octeon:</nowiki>** <nowiki>fix image build</nowiki> //<color #ccc>(</color><color #282>+1</color><color #ccc>,</color><color #f00>-1</color><color #ccc>)</color>//\\
''[[https://git.lede-project.org/?p=source.git;a=commitdiff;h=84d489f64f3b382d5544e342f66d8806e94e85d3|84d489f]]'' **<nowiki>kernel:</nowiki>** <nowiki>update to version 4.4.14</nowiki> //<color #ccc>(</color><color #282>+567</color><color #ccc>,</color><color #f00>-1.1K</color><color #ccc>)</color>//\\
''[[https://git.lede-project.org/?p=source.git;a=commitdiff;h=3bb2b46bc32f35e18eb5e656fa8dafa3e3434592|3bb2b46]]'' **<nowiki>octeon:</nowiki>** <nowiki>fix image build</nowiki> //<color #ccc>(</color><color #282>+1</color><color #ccc>,</color><color #f00>-1</color><color #ccc>)</color>//\\
''[[https://git.lede-project.org/?p=source.git;a=commitdiff;h=fccc4298df79b72a5715910ac3a6f03c84f4949d|fccc429]]'' **<nowiki>octeon:</nowiki>** <nowiki>clean up image build code</nowiki> //<color #ccc>(</color><color #282>+2</color><color #ccc>,</color><color #f00>-13</color><color #ccc>)</color>//\\
''[[https://git.lede-project.org/?p=source.git;a=commitdiff;h=db49dd894e7485020445043fb4eef58eebece7d8|db49dd8]]'' **<nowiki>build:</nowiki>** <nowiki>rename sysupgrade-nand to sysupgrade-tar</nowiki> //<color #ccc>(</color><color #282>+13</color><color #ccc>,</color><color #f00>-13</color><color #ccc>)</color>//\\
''[[https://git.lede-project.org/?p=source.git;a=commitdiff;h=2192a029d31b25f85e088dd331aa61c6608242f5|2192a02]]'' **<nowiki>octeon:</nowiki>** <nowiki>fix sysupgrade images</nowiki> //<color #ccc>(</color><color #f00>-1</color><color #ccc>)</color>//\\
''[[https://git.lede-project.org/?p=source.git;a=commitdiff;h=77b16bacb1e0828ae6fb5ec39a64b7759db2b1e8|77b16ba]]'' **<nowiki>octeon:</nowiki>** <nowiki>drop unsupported jffs2 feature flag</nowiki> //<color #ccc>(</color><color #282>+1</color><color #ccc>,</color><color #f00>-1</color><color #ccc>)</color>//\\
''[[https://git.lede-project.org/?p=source.git;a=commitdiff;h=67e764c6cae16b6b901a21706b982804c93e5079|67e764c]]'' **<nowiki>octeon:</nowiki>** <nowiki>pad squashfs sysupgrade image rootfs</nowiki> //<color #ccc>(</color><color #282>+2</color><color #ccc>)</color>//\\
''[[https://git.lede-project.org/?p=source.git;a=commitdiff;h=467dee32ede56993353e3bc64cb00c3e025e9f71|467dee3]]'' **<nowiki>octeon:</nowiki>** <nowiki>increase block2mtd rootfs probe timeout on ER</nowiki> //<color #ccc>(</color><color #282>+1</color><color #ccc>,</color><color #f00>-1</color><color #ccc>)</color>//\\
''[[https://git.lede-project.org/?p=source.git;a=commitdiff;h=1ba88eabd56b57e8185e9f43b27ff693a534c8ef|1ba88ea]]'' **<nowiki>octeon:</nowiki>** <nowiki>remove the now redundant cpu cflags override</nowiki> //<color #ccc>(</color><color #f00>-1</color><color #ccc>)</color>//\\
''[[https://git.lede-project.org/?p=source.git;a=commitdiff;h=aa53f78038d541052de8764323f6f26578327606|aa53f78]]'' **<nowiki>build:</nowiki>** <nowiki>fix subtarget descriptions</nowiki> //<color #ccc>(</color><color #282>+58</color><color #ccc>,</color><color #f00>-60</color><color #ccc>)</color>//\\
''[[https://git.lede-project.org/?p=source.git;a=commitdiff;h=9d57957784c1fcabd0c6b125e477115c770809ef|9d57957]]'' **<nowiki>octeon:</nowiki>** <nowiki>enable f2fs and ext4 utilities</nowiki> //<color #ccc>(</color><color #282>+2</color><color #ccc>)</color>//\\
''[[https://git.lede-project.org/?p=source.git;a=commitdiff;h=08cf46123fbd132913f278c8089147d259a5cc75|08cf461]]'' **<nowiki>octeon:</nowiki>** <nowiki>enable f2fs and loopback device support in the config</nowiki> //<color #ccc>(</color><color #282>+6</color><color #ccc>)</color>//\\
''[[https://git.lede-project.org/?p=source.git;a=commitdiff;h=d2a7df0792020c430477abed244f5b76bb990b7f|d2a7df0]]'' **<nowiki>octeon:</nowiki>** <nowiki>use new ext4/f2fs overlay support</nowiki> //<color #ccc>(</color><color #282>+7</color><color #ccc>,</color><color #f00>-4</color><color #ccc>)</color>//\\
''[[https://git.lede-project.org/?p=source.git;a=commitdiff;h=fe245459827ae47fb9d4cb65c1441832b0417e52|fe24545]]'' **<nowiki>octeon:</nowiki>** <nowiki>remove block2mtd support</nowiki> //<color #ccc>(</color><color #f00>-1</color><color #ccc>)</color>//\\
''[[https://git.lede-project.org/?p=source.git;a=commitdiff;h=d14c28fc80d98cc712074c869cbd1659398e8829|d14c28f]]'' **<nowiki>kernel:</nowiki>** <nowiki>update kernel 4.4 to version 4.4.20</nowiki> //<color #ccc>(</color><color #282>+41</color><color #ccc>,</color><color #f00>-70</color><color #ccc>)</color>//\\
''[[https://git.lede-project.org/?p=source.git;a=commitdiff;h=16faf4aeaadc93535c7ea169e2a9461e69c9d761|16faf4a]]'' **<nowiki>octeon:</nowiki>** <nowiki>fix feature flag for initramfs support</nowiki> //<color #ccc>(</color><color #282>+1</color><color #ccc>,</color><color #f00>-1</color><color #ccc>)</color>//\\
''[[https://git.lede-project.org/?p=source.git;a=commitdiff;h=c2fc52ae222166455f85ef27670d6d12a8a7e9ba|c2fc52a]]'' **<nowiki>kernel:</nowiki>** <nowiki>remove DEVMEM/DEVKMEM platform overrides</nowiki> //<color #ccc>(</color><color #f00>-7</color><color #ccc>)</color>//\\
''[[https://git.lede-project.org/?p=source.git;a=commitdiff;h=27fbf541475b16f34967d1b0fe72d57b4d053050|27fbf54]]'' **<nowiki>octeon:</nowiki>** <nowiki>disable ext4 images</nowiki> //<color #ccc>(</color><color #282>+1</color><color #ccc>,</color><color #f00>-1</color><color #ccc>)</color>//\\
''[[https://git.lede-project.org/?p=source.git;a=commitdiff;h=d6a830ac7eb69933d610fcb35000b9b8fe0f1dc1|d6a830a]]'' **<nowiki>octeon:</nowiki>** <nowiki>fix mtd partitions for erlite on cmdline</nowiki> //<color #ccc>(</color><color #282>+1</color><color #ccc>,</color><color #f00>-1</color><color #ccc>)</color>//\\
''[[https://git.lede-project.org/?p=source.git;a=commitdiff;h=30a4966053562dd252a302c831e780cce8bbdec6|30a4966]]'' **<nowiki>octeon:</nowiki>** <nowiki>only copy sysupgrade file if present</nowiki> //<color #ccc>(</color><color #282>+1</color><color #ccc>,</color><color #f00>-1</color><color #ccc>)</color>//\\

==== Target / omap (17 changes) ====
''[[https://git.lede-project.org/?p=source.git;a=commitdiff;h=dc929174095a00150de6a3e48d46355d24f223b9|dc92917]]'' <nowiki>image / basefiles: make console password configurable</nowiki> //<color #ccc>(</color><color #282>+48</color><color #ccc>,</color><color #f00>-42</color><color #ccc>)</color>//\\
''[[https://git.lede-project.org/?p=source.git;a=commitdiff;h=638a5682e1e66697649f89cb594b58a4ab0161b1|638a568]]'' **<nowiki>kernel:</nowiki>** <nowiki>remove bogus CONFIG_LOG_BUF_SHIFT overrides</nowiki> //<color #ccc>(</color><color #f00>-6</color><color #ccc>)</color>//\\
''[[https://git.lede-project.org/?p=source.git;a=commitdiff;h=51f05b2d1a88ba6e83959d4b032f94c34ba2112f|51f05b2]]'' **<nowiki>omap:</nowiki>** <nowiki>take over maintainership</nowiki> //<color #ccc>(</color><color #282>+1</color><color #ccc>,</color><color #f00>-1</color><color #ccc>)</color>//\\
''[[https://git.lede-project.org/?p=source.git;a=commitdiff;h=9efbf583606a45659e97290c6e1a4168cfc367a4|9efbf58]]'' **<nowiki>omap:</nowiki>** <nowiki>switch to 4.4</nowiki> //<color #ccc>(</color><color #282>+62</color><color #ccc>,</color><color #f00>-98</color><color #ccc>)</color>//\\
''[[https://git.lede-project.org/?p=source.git;a=commitdiff;h=21738fe01e3c7e53a86f8c06db2b4530b1d29b31|21738fe]]'' **<nowiki>omap:</nowiki>** <nowiki>remove BMP085 symbol</nowiki> //<color #ccc>(</color><color #f00>-2</color><color #ccc>)</color>//\\
''[[https://git.lede-project.org/?p=source.git;a=commitdiff;h=4ff529665f8646fced104725eabb1bd8ec00148f|4ff5296]]'' **<nowiki>omap:</nowiki>** <nowiki>remove config symbol NETFILTER</nowiki> //<color #ccc>(</color><color #f00>-1</color><color #ccc>)</color>//\\
''[[https://git.lede-project.org/?p=source.git;a=commitdiff;h=abf23d70ac277d23e43304b76cf7788b69fefe14|abf23d7]]'' **<nowiki>omap:</nowiki>** <nowiki>remove config symbol W1</nowiki> //<color #ccc>(</color><color #f00>-1</color><color #ccc>)</color>//\\
''[[https://git.lede-project.org/?p=source.git;a=commitdiff;h=0dbd0b9ecd65fa88750db584438ef8944a20fc37|0dbd0b9]]'' **<nowiki>omap:</nowiki>** <nowiki>remove XFRM config symbols</nowiki> //<color #ccc>(</color><color #f00>-2</color><color #ccc>)</color>//\\
''[[https://git.lede-project.org/?p=source.git;a=commitdiff;h=93276a351cb28aace2d7e26ba157a580844b1f1f|93276a3]]'' **<nowiki>omap:</nowiki>** <nowiki>remove NAMESPACES config symbols</nowiki> //<color #ccc>(</color><color #f00>-3</color><color #ccc>)</color>//\\
''[[https://git.lede-project.org/?p=source.git;a=commitdiff;h=1625e5777213117768f6396ec697e4a5ce41791c|1625e57]]'' **<nowiki>omap:</nowiki>** <nowiki>remove obsolete kernel version support</nowiki> //<color #ccc>(</color><color #f00>-2.1K</color><color #ccc>)</color>//\\
''[[https://git.lede-project.org/?p=source.git;a=commitdiff;h=edea59fd99cfe708dd882610e8a3f456dda5c7ad|edea59f]]'' **<nowiki>omap:</nowiki>** <nowiki>remove obsolete code for including kernel/dtb in rootfs</nowiki> //<color #ccc>(</color><color #f00>-11</color><color #ccc>)</color>//\\
''[[https://git.lede-project.org/?p=source.git;a=commitdiff;h=349a3a127c219c82a0a906155f0edb1c5d709ee2|349a3a1]]'' **<nowiki>omap:</nowiki>** <nowiki>remove CONFIG_SND_DEBUG override</nowiki> //<color #ccc>(</color><color #f00>-2</color><color #ccc>)</color>//\\
''[[https://git.lede-project.org/?p=source.git;a=commitdiff;h=d99169536e9b4245304c545a25abab747f619e8d|d991695]]'' **<nowiki>omap:</nowiki>** <nowiki>rename patches directory to patches-4.4</nowiki> //<color #ccc>(</color><color #282>+3</color><color #ccc>,</color><color #f00>-4</color><color #ccc>)</color>//\\
''[[https://git.lede-project.org/?p=source.git;a=commitdiff;h=8072264b96785184b76aa46bcd08b4f9cdfada42|8072264]]'' **<nowiki>kernel:</nowiki>** <nowiki>update kernel 4.4 to version 4.4.19</nowiki> //<color #ccc>(</color><color #282>+400</color><color #ccc>,</color><color #f00>-939</color><color #ccc>)</color>//\\
''[[https://git.lede-project.org/?p=source.git;a=commitdiff;h=aa53f78038d541052de8764323f6f26578327606|aa53f78]]'' **<nowiki>build:</nowiki>** <nowiki>fix subtarget descriptions</nowiki> //<color #ccc>(</color><color #282>+58</color><color #ccc>,</color><color #f00>-60</color><color #ccc>)</color>//\\
''[[https://git.lede-project.org/?p=source.git;a=commitdiff;h=018d80007e6d9469077d938872e605f826010767|018d800]]'' **<nowiki>kernel:</nowiki>** <nowiki>remove ubifs xz decompression support</nowiki> //<color #ccc>(</color><color #282>+5</color><color #ccc>,</color><color #f00>-1.1K</color><color #ccc>)</color>//\\
''[[https://git.lede-project.org/?p=source.git;a=commitdiff;h=7ff7be96dd3491a4762a33c5b5062e5680a99849|7ff7be9]]'' **<nowiki>omap:</nowiki>** <nowiki>build various core drivers into the kernel instead of packaging them</nowiki> //<color #ccc>(</color><color #282>+54</color><color #ccc>,</color><color #f00>-175</color><color #ccc>)</color>//\\

==== Target / omap24xx (3 changes) ====
''[[https://git.lede-project.org/?p=source.git;a=commitdiff;h=fa69553900516944fc43cf7b377105ea1f6d3db0|fa69553]]'' **<nowiki>branding:</nowiki>** <nowiki>add LEDE branding</nowiki> //<color #ccc>(</color><color #282>+76</color><color #ccc>,</color><color #f00>-85</color><color #ccc>)</color>//\\
''[[https://git.lede-project.org/?p=source.git;a=commitdiff;h=dc929174095a00150de6a3e48d46355d24f223b9|dc92917]]'' <nowiki>image / basefiles: make console password configurable</nowiki> //<color #ccc>(</color><color #282>+48</color><color #ccc>,</color><color #f00>-42</color><color #ccc>)</color>//\\
''[[https://git.lede-project.org/?p=source.git;a=commitdiff;h=dc17fde99436fd7912914c0e4d3f106820ffe9e8|dc17fde]]'' **<nowiki>kernel:</nowiki>** <nowiki>clean up usb gadget support</nowiki> //<color #ccc>(</color><color #282>+16</color><color #ccc>,</color><color #f00>-14</color><color #ccc>)</color>//\\

==== Target / orion (16 changes) ====
''[[https://git.lede-project.org/?p=source.git;a=commitdiff;h=74aecc2d450938ce9c3e157b60f8277e68908c65|74aecc2]]'' **<nowiki>orion:</nowiki>** <nowiki>rename patches directory to patches-3.18</nowiki> //<color #ccc>(</color><color #282>+52</color><color #ccc>,</color><color #f00>-54</color><color #ccc>)</color>//\\
''[[https://git.lede-project.org/?p=source.git;a=commitdiff;h=3994f5c6fab69095520ccac568ed9ab2490e614b|3994f5c]]'' **<nowiki>orion:</nowiki>** <nowiki>rename config-default to config-3.18</nowiki> //<color #ccc>(</color><color #ccc>)</color>//\\
''[[https://git.lede-project.org/?p=source.git;a=commitdiff;h=1c09849f6cf1b8bd94819ca11910ce444c3d3019|1c09849]]'' **<nowiki>treewide:</nowiki>** <nowiki>remove bad local shell variable declarations</nowiki> //<color #ccc>(</color><color #282>+16</color><color #ccc>,</color><color #f00>-21</color><color #ccc>)</color>//\\
''[[https://git.lede-project.org/?p=source.git;a=commitdiff;h=cec7e661e7a7e30de00607df5772510b30eb5dad|cec7e66]]'' **<nowiki>orion:</nowiki>** <nowiki>Fold DT2 setup files into patch</nowiki> //<color #ccc>(</color><color #282>+553</color><color #ccc>,</color><color #f00>-536</color><color #ccc>)</color>//\\
''[[https://git.lede-project.org/?p=source.git;a=commitdiff;h=da5155b1a5f3f6c042b18944f1718dbbe03b74fa|da5155b]]'' **<nowiki>orion:</nowiki>** <nowiki>Add support for 4.4 kernel</nowiki> //<color #ccc>(</color><color #282>+1.1K</color><color #ccc>)</color>//\\
''[[https://git.lede-project.org/?p=source.git;a=commitdiff;h=a909a5d676e97531c08650c9aa07ac06cf30532e|a909a5d]]'' **<nowiki>orion:</nowiki>** <nowiki>Build images for Buffalo Terastation Pro II/Live</nowiki> //<color #ccc>(</color><color #282>+12</color><color #ccc>,</color><color #f00>-1</color><color #ccc>)</color>//\\
''[[https://git.lede-project.org/?p=source.git;a=commitdiff;h=3ca46aa25771556053bef9a6ae718357b5e8cbc0|3ca46aa]]'' **<nowiki>orion:</nowiki>** <nowiki>Make sub-targets augment FEATURES, not re-define it</nowiki> //<color #ccc>(</color><color #282>+2</color><color #ccc>,</color><color #f00>-2</color><color #ccc>)</color>//\\
''[[https://git.lede-project.org/?p=source.git;a=commitdiff;h=01bda7f05f8ba05b5b7e57d2be2a38df60435fd0|01bda7f]]'' **<nowiki>orion:</nowiki>** <nowiki>Advertise support for RTC</nowiki> //<color #ccc>(</color><color #282>+1</color><color #ccc>,</color><color #f00>-1</color><color #ccc>)</color>//\\
''[[https://git.lede-project.org/?p=source.git;a=commitdiff;h=3043a4f5200d827e427c0080a2e526512441c61a|3043a4f]]'' **<nowiki>orion:</nowiki>** <nowiki>Switch to kernel 4.4</nowiki> //<color #ccc>(</color><color #282>+1</color><color #ccc>,</color><color #f00>-1</color><color #ccc>)</color>//\\
''[[https://git.lede-project.org/?p=source.git;a=commitdiff;h=0d5097036e527b3f15680f4736ee393570703315|0d50970]]'' **<nowiki>orion:</nowiki>** <nowiki>Set appropriate DEVICE_TYPE for harddisk target</nowiki> //<color #ccc>(</color><color #282>+1</color><color #ccc>)</color>//\\
''[[https://git.lede-project.org/?p=source.git;a=commitdiff;h=2cb90461c8d09d4572453c48ed8687f2cb20ae05|2cb9046]]'' **<nowiki>orion:</nowiki>** <nowiki>Add uboot-envtools in the default package list</nowiki> //<color #ccc>(</color><color #282>+2</color><color #ccc>,</color><color #f00>-1</color><color #ccc>)</color>//\\
''[[https://git.lede-project.org/?p=source.git;a=commitdiff;h=0917999396567a4763f4397284d55dfeb217bcc6|0917999]]'' **<nowiki>orion:</nowiki>** <nowiki>Enable CONFIG_MV_XOR</nowiki> //<color #ccc>(</color><color #282>+2</color><color #ccc>)</color>//\\
''[[https://git.lede-project.org/?p=source.git;a=commitdiff;h=1a63b819658d893f4454bbe75811a1f91cbfc07e|1a63b81]]'' **<nowiki>orion:</nowiki>** <nowiki>make image size errors non-fatal</nowiki> //<color #ccc>(</color><color #282>+4</color><color #ccc>,</color><color #f00>-8</color><color #ccc>)</color>//\\
''[[https://git.lede-project.org/?p=source.git;a=commitdiff;h=0d5ba94088efab1701c07c9ab65cdee38e16fcd3|0d5ba94]]'' **<nowiki>orion:</nowiki>** <nowiki>enable SoC drivers in the kernel config</nowiki> //<color #ccc>(</color><color #282>+37</color><color #ccc>,</color><color #f00>-294</color><color #ccc>)</color>//\\
''[[https://git.lede-project.org/?p=source.git;a=commitdiff;h=a18488a0aadc0ceca9561f93f4456839b9302857|a18488a]]'' **<nowiki>orion:</nowiki>** <nowiki>remove linux 3.18 support</nowiki> //<color #ccc>(</color><color #f00>-890</color><color #ccc>)</color>//\\
''[[https://git.lede-project.org/?p=source.git;a=commitdiff;h=c2fc52ae222166455f85ef27670d6d12a8a7e9ba|c2fc52a]]'' **<nowiki>kernel:</nowiki>** <nowiki>remove DEVMEM/DEVKMEM platform overrides</nowiki> //<color #ccc>(</color><color #f00>-7</color><color #ccc>)</color>//\\

==== Target / oxnas (49 changes) ====
''[[https://git.lede-project.org/?p=source.git;a=commitdiff;h=930195737a0916d80ad2f7fe8b0f8fe4e4691762|9301957]]'' **<nowiki>oxnas:</nowiki>** <nowiki>delete linux 4.1 support</nowiki> //<color #ccc>(</color><color #f00>-831</color><color #ccc>)</color>//\\
''[[https://git.lede-project.org/?p=source.git;a=commitdiff;h=70eb03469f0406784b9be3204ef74e6d53e50a23|70eb034]]'' **<nowiki>oxnas:</nowiki>** <nowiki>reorganize image build code and nuke profiles</nowiki> //<color #ccc>(</color><color #282>+36</color><color #ccc>,</color><color #f00>-119</color><color #ccc>)</color>//\\
''[[https://git.lede-project.org/?p=source.git;a=commitdiff;h=055d8d9c61de5dc3342755384cd6f0f62553ebdc|055d8d9]]'' **<nowiki>oxnas:</nowiki>** <nowiki>move target-specific modules into target's modules.mk</nowiki> //<color #ccc>(</color><color #282>+41</color><color #ccc>,</color><color #f00>-33</color><color #ccc>)</color>//\\
''[[https://git.lede-project.org/?p=source.git;a=commitdiff;h=c43635bc5cd5b3946b500a88f80ba30020e06cc0|c43635b]]'' **<nowiki>oxnas:</nowiki>** <nowiki>sync 010-arm_introduce-dma-fiq-irq-broadcast with cns3xxx</nowiki> //<color #ccc>(</color><color #282>+27</color><color #ccc>,</color><color #f00>-15</color><color #ccc>)</color>//\\
''[[https://git.lede-project.org/?p=source.git;a=commitdiff;h=53a9809080cbdbd58955e2efb3e53ab7c94712e7|53a9809]]'' **<nowiki>oxnas:</nowiki>** <nowiki>drop compatibility with old kernels from dwmac-oxnas</nowiki> //<color #ccc>(</color><color #f00>-27</color><color #ccc>)</color>//\\
''[[https://git.lede-project.org/?p=source.git;a=commitdiff;h=f90f379a7fb3e117723aa190c6a984b3167f4b61|f90f379]]'' **<nowiki>oxnas:</nowiki>** <nowiki>drop compatibility with old kernels from irq-rps</nowiki> //<color #ccc>(</color><color #282>+1</color><color #ccc>,</color><color #f00>-23</color><color #ccc>)</color>//\\
''[[https://git.lede-project.org/?p=source.git;a=commitdiff;h=97ce23c3477b856faae17d7bfebb6a4bbb35030b|97ce23c]]'' **<nowiki>oxnas:</nowiki>** <nowiki>drop compatibility with old kernels from pinctrl</nowiki> //<color #ccc>(</color><color #f00>-8</color><color #ccc>)</color>//\\
''[[https://git.lede-project.org/?p=source.git;a=commitdiff;h=118b5ae7b2e732e9a99f47ae240acbc111d29dc1|118b5ae]]'' **<nowiki>oxnas:</nowiki>** <nowiki>drop compatibility with old kernels from mach-ox820</nowiki> //<color #ccc>(</color><color #f00>-5</color><color #ccc>)</color>//\\
''[[https://git.lede-project.org/?p=source.git;a=commitdiff;h=e90245237c971cda70e9c1752e9bce4cc3cbef4f|e902452]]'' **<nowiki>oxnas:</nowiki>** <nowiki>use global UBIFS_OPTS, all profiles use the same settings</nowiki> //<color #ccc>(</color><color #282>+1</color><color #ccc>,</color><color #f00>-5</color><color #ccc>)</color>//\\
''[[https://git.lede-project.org/?p=source.git;a=commitdiff;h=a105eac4dd424fafdea3a72c270ef9cf9cdc1433|a105eac]]'' **<nowiki>kernel:</nowiki>** <nowiki>update kernel 4.4 to version 4.4.12</nowiki> //<color #ccc>(</color><color #282>+569</color><color #ccc>,</color><color #f00>-1.4K</color><color #ccc>)</color>//\\
''[[https://git.lede-project.org/?p=source.git;a=commitdiff;h=1b48152a638f36ba0a68629c5d9ac2c216cb4229|1b48152]]'' **<nowiki>oxnas:</nowiki>** <nowiki>remove unneeded _DIAG symbols</nowiki> //<color #ccc>(</color><color #f00>-5</color><color #ccc>)</color>//\\
''[[https://git.lede-project.org/?p=source.git;a=commitdiff;h=f6c3f830a0a5ff16bb2bb6831a6b82ad73f95c20|f6c3f83]]'' **<nowiki>oxnas:</nowiki>** <nowiki>install kernel binaries into bin/ for use with external storage</nowiki> //<color #ccc>(</color><color #282>+3</color><color #ccc>)</color>//\\
''[[https://git.lede-project.org/?p=source.git;a=commitdiff;h=84d489f64f3b382d5544e342f66d8806e94e85d3|84d489f]]'' **<nowiki>kernel:</nowiki>** <nowiki>update to version 4.4.14</nowiki> //<color #ccc>(</color><color #282>+567</color><color #ccc>,</color><color #f00>-1.1K</color><color #ccc>)</color>//\\
''[[https://git.lede-project.org/?p=source.git;a=commitdiff;h=e0ed6ec667c74ae48694808626d3bf00bea12b2b|e0ed6ec]]'' **<nowiki>image:</nowiki>** <nowiki>clean up UBI related device variable definitions</nowiki> //<color #ccc>(</color><color #282>+17</color><color #ccc>,</color><color #f00>-7</color><color #ccc>)</color>//\\
''[[https://git.lede-project.org/?p=source.git;a=commitdiff;h=c5ec5e1f7f33a18ea81d3d9254c5b49bbdfd5e16|c5ec5e1]]'' **<nowiki>oxnas:</nowiki>** <nowiki>revert to kernel 4.1</nowiki> //<color #ccc>(</color><color #282>+899</color><color #ccc>,</color><color #f00>-2</color><color #ccc>)</color>//\\
''[[https://git.lede-project.org/?p=source.git;a=commitdiff;h=caf36d199d9e6b126c266cf3646af86be9617b07|caf36d1]]'' **<nowiki>oxnas:</nowiki>** <nowiki>add DTB for Akitio devices in patches-4.1</nowiki> //<color #ccc>(</color><color #282>+3</color><color #ccc>,</color><color #f00>-2</color><color #ccc>)</color>//\\
''[[https://git.lede-project.org/?p=source.git;a=commitdiff;h=b05125c775009bf495dffd6106a5d5b1ffa01be2|b05125c]]'' **<nowiki>oxnas:</nowiki>** <nowiki>sync kernel config-4.1 with changes made to config-4.4</nowiki> //<color #ccc>(</color><color #282>+1</color><color #ccc>,</color><color #f00>-7</color><color #ccc>)</color>//\\
''[[https://git.lede-project.org/?p=source.git;a=commitdiff;h=88804973820b8a01840b4041ee1c4a4865405e68|8880497]]'' **<nowiki>oxnas:</nowiki>** <nowiki>use DHCP by default on ethernet interface (lan)</nowiki> //<color #ccc>(</color><color #282>+1</color><color #ccc>,</color><color #f00>-1</color><color #ccc>)</color>//\\
''[[https://git.lede-project.org/?p=source.git;a=commitdiff;h=f082d94235af0d4fcb4e3dca294693a012041147|f082d94]]'' **<nowiki>oxnas:</nowiki>** <nowiki>add kmod-ledtrig-timer to default package set</nowiki> //<color #ccc>(</color><color #282>+3</color><color #ccc>,</color><color #f00>-3</color><color #ccc>)</color>//\\
''[[https://git.lede-project.org/?p=source.git;a=commitdiff;h=db49dd894e7485020445043fb4eef58eebece7d8|db49dd8]]'' **<nowiki>build:</nowiki>** <nowiki>rename sysupgrade-nand to sysupgrade-tar</nowiki> //<color #ccc>(</color><color #282>+13</color><color #ccc>,</color><color #f00>-13</color><color #ccc>)</color>//\\
''[[https://git.lede-project.org/?p=source.git;a=commitdiff;h=a9b1a429ab2541b173aea13d6aab9ab5ae82e332|a9b1a42]]'' **<nowiki>oxnas:</nowiki>** <nowiki>set preinit network interface</nowiki> //<color #ccc>(</color><color #282>+7</color><color #ccc>)</color>//\\
''[[https://git.lede-project.org/?p=source.git;a=commitdiff;h=f71f7f0df15a78a5793b8f8cdc6abff7563245e3|f71f7f0]]'' **<nowiki>oxnas:</nowiki>** <nowiki>set preinit interface in /etc/board.d/02_network</nowiki> //<color #ccc>(</color><color #282>+2</color><color #ccc>,</color><color #f00>-7</color><color #ccc>)</color>//\\
''[[https://git.lede-project.org/?p=source.git;a=commitdiff;h=bb20164c8f36d02735ffc9af36810a5dfeb5373a|bb20164]]'' **<nowiki>oxnas:</nowiki>** <nowiki>drop explicit pre-init iface</nowiki> //<color #ccc>(</color><color #f00>-2</color><color #ccc>)</color>//\\
''[[https://git.lede-project.org/?p=source.git;a=commitdiff;h=8072264b96785184b76aa46bcd08b4f9cdfada42|8072264]]'' **<nowiki>kernel:</nowiki>** <nowiki>update kernel 4.4 to version 4.4.19</nowiki> //<color #ccc>(</color><color #282>+400</color><color #ccc>,</color><color #f00>-939</color><color #ccc>)</color>//\\
''[[https://git.lede-project.org/?p=source.git;a=commitdiff;h=fe89f9011904c80191b167619f8dc5778d714411|fe89f90]]'' **<nowiki>oxnas:</nowiki>** <nowiki>allow booting with legacy loaders</nowiki> //<color #ccc>(</color><color #282>+387</color><color #ccc>,</color><color #f00>-23</color><color #ccc>)</color>//\\
''[[https://git.lede-project.org/?p=source.git;a=commitdiff;h=c773a2c46e043b8426a023d355aa74b538f4a9b4|c773a2c]]'' **<nowiki>oxnas:</nowiki>** <nowiki>kd20: generate image compatible with stock firmware</nowiki> //<color #ccc>(</color><color #282>+47</color><color #ccc>,</color><color #f00>-6</color><color #ccc>)</color>//\\
''[[https://git.lede-project.org/?p=source.git;a=commitdiff;h=9c69ba83e2d0c19959fed81cf4fa038fde3e518d|9c69ba8]]'' **<nowiki>oxnas:</nowiki>** <nowiki>add method to extract mac_adr from legacy cmdline</nowiki> //<color #ccc>(</color><color #282>+34</color><color #ccc>)</color>//\\
''[[https://git.lede-project.org/?p=source.git;a=commitdiff;h=a810e7789ab52b65dca7c3dc74e0b96f44679950|a810e77]]'' **<nowiki>oxnas:</nowiki>** <nowiki>add mem=128M to stg-212 built-in cmdline for legacy u-boot</nowiki> //<color #ccc>(</color><color #282>+1</color><color #ccc>,</color><color #f00>-1</color><color #ccc>)</color>//\\
''[[https://git.lede-project.org/?p=source.git;a=commitdiff;h=943cf08fb72ab87b8a5ccb7752d36b6b452ac09f|943cf08]]'' **<nowiki>oxnas:</nowiki>** <nowiki>small image improvements for kd20</nowiki> //<color #ccc>(</color><color #282>+4</color><color #ccc>,</color><color #f00>-2</color><color #ccc>)</color>//\\
''[[https://git.lede-project.org/?p=source.git;a=commitdiff;h=e7ec7a08aae0afb1064d1bf26a9cd6fe1e64d516|e7ec7a0]]'' **<nowiki>image:</nowiki>** <nowiki>use k as unit suffix for blocksize</nowiki> //<color #ccc>(</color><color #282>+23</color><color #ccc>,</color><color #f00>-23</color><color #ccc>)</color>//\\
''[[https://git.lede-project.org/?p=source.git;a=commitdiff;h=c1578d4fc9e53c9b80d858fc924adc8a66f5fce3|c1578d4]]'' <nowiki>cleanup ucidef_set_interface* usage</nowiki> //<color #ccc>(</color><color #282>+8</color><color #ccc>,</color><color #f00>-9</color><color #ccc>)</color>//\\
''[[https://git.lede-project.org/?p=source.git;a=commitdiff;h=1cd0a4c688f02918cb96ff7f5f21cddc281d4f2c|1cd0a4c]]'' **<nowiki>image:</nowiki>** <nowiki>add KERNEL_SIZE to the default device vars</nowiki> //<color #ccc>(</color><color #282>+6</color><color #ccc>,</color><color #f00>-10</color><color #ccc>)</color>//\\
''[[https://git.lede-project.org/?p=source.git;a=commitdiff;h=949cfbb24374be151e2c01db09dd98bc8537a989|949cfbb]]'' **<nowiki>kernel:</nowiki>** <nowiki>update kernel 4.4 to version 4.4.22</nowiki> //<color #ccc>(</color><color #282>+30</color><color #ccc>,</color><color #f00>-29</color><color #ccc>)</color>//\\
''[[https://git.lede-project.org/?p=source.git;a=commitdiff;h=0658527e1ebe666cabde9267b6afbe543314160c|0658527]]'' <nowiki>switch to the new usbport LED trigger</nowiki> //<color #ccc>(</color><color #282>+150</color><color #ccc>,</color><color #f00>-139</color><color #ccc>)</color>//\\
''[[https://git.lede-project.org/?p=source.git;a=commitdiff;h=2fc3680dd066419576cb0129d0c1bd7618b90f1a|2fc3680]]'' **<nowiki>kernel:</nowiki>** <nowiki>update kernel 4.1 to version 4.1.34</nowiki> //<color #ccc>(</color><color #282>+120</color><color #ccc>,</color><color #f00>-220</color><color #ccc>)</color>//\\
''[[https://git.lede-project.org/?p=source.git;a=commitdiff;h=77b807999d86498c4378a136bd366d09eb2c9bd5|77b8079]]'' **<nowiki>treewide:</nowiki>** <nowiki>dts: use C style includes</nowiki> //<color #ccc>(</color><color #282>+7</color><color #ccc>,</color><color #f00>-7</color><color #ccc>)</color>//\\
''[[https://git.lede-project.org/?p=source.git;a=commitdiff;h=2b55c83e68068887db9e49de8e81b1b4a267a4f2|2b55c83]]'' **<nowiki>treewide:</nowiki>** <nowiki>dts: use keycode defines from input dt-binding</nowiki> //<color #ccc>(</color><color #282>+757</color><color #ccc>,</color><color #f00>-349</color><color #ccc>)</color>//\\
''[[https://git.lede-project.org/?p=source.git;a=commitdiff;h=1f7a3584e5e582e45d2731b40612afe45f1f34a5|1f7a358]]'' **<nowiki>oxnas:</nowiki>** <nowiki>switch to kernel 4.4</nowiki> //<color #ccc>(</color><color #282>+1</color><color #ccc>,</color><color #f00>-1</color><color #ccc>)</color>//\\
''[[https://git.lede-project.org/?p=source.git;a=commitdiff;h=ae21033e764dde7d359e2bfaac1de83081318f22|ae21033]]'' **<nowiki>oxnas:</nowiki>** <nowiki>drop support for kernel 4.1</nowiki> //<color #ccc>(</color><color #f00>-1.0K</color><color #ccc>)</color>//\\
''[[https://git.lede-project.org/?p=source.git;a=commitdiff;h=5cde94d9ab577c5ab68fc71e15a05d1bda5041f2|5cde94d]]'' **<nowiki>oxnas:</nowiki>** <nowiki>backport upstream NAND driver</nowiki> //<color #ccc>(</color><color #282>+5.9K</color><color #ccc>,</color><color #f00>-156</color><color #ccc>)</color>//\\
''[[https://git.lede-project.org/?p=source.git;a=commitdiff;h=3e2c60e4762e185dfdd50e216d46e39b553a3865|3e2c60e]]'' **<nowiki>oxnas:</nowiki>** <nowiki>append metadata to sysupgrade image</nowiki> //<color #ccc>(</color><color #282>+1</color><color #ccc>,</color><color #f00>-1</color><color #ccc>)</color>//\\
''[[https://git.lede-project.org/?p=source.git;a=commitdiff;h=321aca6661cdcaf99af2896463d3eb19b4b84242|321aca6]]'' **<nowiki>oxnas:</nowiki>** <nowiki>fix syntax in ox820-akitio.dts</nowiki> //<color #ccc>(</color><color #282>+1</color><color #ccc>)</color>//\\
''[[https://git.lede-project.org/?p=source.git;a=commitdiff;h=d6c831e0e5a0ef97eb054dd3eb382d66b1bffc40|d6c831e]]'' **<nowiki>generic:</nowiki>** <nowiki>mtd: backport SPI_NOR_HAS_LOCK</nowiki> //<color #ccc>(</color><color #282>+178</color><color #ccc>,</color><color #f00>-183</color><color #ccc>)</color>//\\
''[[https://git.lede-project.org/?p=source.git;a=commitdiff;h=a46c9a4038f385e53b49b42a1e195b1fc3261842|a46c9a4]]'' **<nowiki>oxnas:</nowiki>** <nowiki>remove support for pre-4.4 kernels from drivers</nowiki> //<color #ccc>(</color><color #282>+1</color><color #ccc>,</color><color #f00>-63</color><color #ccc>)</color>//\\
''[[https://git.lede-project.org/?p=source.git;a=commitdiff;h=88ca6390eab24efda3f6333453cd645b5e20e400|88ca639]]'' **<nowiki>kernel:</nowiki>** <nowiki>bump to 4.4.40</nowiki> //<color #ccc>(</color><color #282>+48</color><color #ccc>,</color><color #f00>-153</color><color #ccc>)</color>//\\
''[[https://git.lede-project.org/?p=source.git;a=commitdiff;h=870b7bee44492bf99796b94075b42e4213caf6a9|870b7be]]'' **<nowiki>oxnas:</nowiki>** <nowiki>remove some kprintf calls from NAND driver</nowiki> //<color #ccc>(</color><color #f00>-5</color><color #ccc>)</color>//\\
''[[https://git.lede-project.org/?p=source.git;a=commitdiff;h=69903c3ee6843d6d65185dd15096471ac5fa6585|69903c3]]'' **<nowiki>oxnas:</nowiki>** <nowiki>require image metadata</nowiki> //<color #ccc>(</color><color #282>+1</color><color #ccc>)</color>//\\
''[[https://git.lede-project.org/?p=source.git;a=commitdiff;h=b18f75c3d80105182eeaa13e887a9dff8bc33e82|b18f75c]]'' **<nowiki>oxnas:</nowiki>** <nowiki>minor kernel config improvements</nowiki> //<color #ccc>(</color><color #282>+2</color><color #ccc>,</color><color #f00>-1</color><color #ccc>)</color>//\\
''[[https://git.lede-project.org/?p=source.git;a=commitdiff;h=018d80007e6d9469077d938872e605f826010767|018d800]]'' **<nowiki>kernel:</nowiki>** <nowiki>remove ubifs xz decompression support</nowiki> //<color #ccc>(</color><color #282>+5</color><color #ccc>,</color><color #f00>-1.1K</color><color #ccc>)</color>//\\

==== Target / ppc40x (2 changes) ====
''[[https://git.lede-project.org/?p=source.git;a=commitdiff;h=39f3408732df53e8671426c207f178ae0cf42d01|39f3408]]'' **<nowiki>ppc4xx:</nowiki>** <nowiki>remove booke-wdt watchdog package</nowiki> //<color #ccc>(</color><color #282>+4</color><color #ccc>,</color><color #f00>-18</color><color #ccc>)</color>//\\
''[[https://git.lede-project.org/?p=source.git;a=commitdiff;h=aa53f78038d541052de8764323f6f26578327606|aa53f78]]'' **<nowiki>build:</nowiki>** <nowiki>fix subtarget descriptions</nowiki> //<color #ccc>(</color><color #282>+58</color><color #ccc>,</color><color #f00>-60</color><color #ccc>)</color>//\\

==== Target / ppc44x (6 changes) ====
''[[https://git.lede-project.org/?p=source.git;a=commitdiff;h=dc929174095a00150de6a3e48d46355d24f223b9|dc92917]]'' <nowiki>image / basefiles: make console password configurable</nowiki> //<color #ccc>(</color><color #282>+48</color><color #ccc>,</color><color #f00>-42</color><color #ccc>)</color>//\\
''[[https://git.lede-project.org/?p=source.git;a=commitdiff;h=39f3408732df53e8671426c207f178ae0cf42d01|39f3408]]'' **<nowiki>ppc4xx:</nowiki>** <nowiki>remove booke-wdt watchdog package</nowiki> //<color #ccc>(</color><color #282>+4</color><color #ccc>,</color><color #f00>-18</color><color #ccc>)</color>//\\
''[[https://git.lede-project.org/?p=source.git;a=commitdiff;h=aa53f78038d541052de8764323f6f26578327606|aa53f78]]'' **<nowiki>build:</nowiki>** <nowiki>fix subtarget descriptions</nowiki> //<color #ccc>(</color><color #282>+58</color><color #ccc>,</color><color #f00>-60</color><color #ccc>)</color>//\\
''[[https://git.lede-project.org/?p=source.git;a=commitdiff;h=2e101b5e665204575d9546ac5737fc8d36b715d9|2e101b5]]'' **<nowiki>ppc44x:</nowiki>** <nowiki>fix build of crypto4xx_core.c</nowiki> //<color #ccc>(</color><color #282>+46</color><color #ccc>)</color>//\\
''[[https://git.lede-project.org/?p=source.git;a=commitdiff;h=38a8cea063ee25971bc5a9e8842edda280ed8513|38a8cea]]'' **<nowiki>powerpc:</nowiki>** <nowiki>boot: fix build with parallel make</nowiki> //<color #ccc>(</color><color #282>+45</color><color #ccc>)</color>//\\
''[[https://git.lede-project.org/?p=source.git;a=commitdiff;h=06c76e41d7a0c936f5e4b6f43f331860e3b99d70|06c76e4]]'' **<nowiki>ppc44x:</nowiki>** <nowiki>mark as broken</nowiki> //<color #ccc>(</color><color #282>+1</color><color #ccc>,</color><color #f00>-1</color><color #ccc>)</color>//\\

==== Target / ramips (255 changes) ====
''[[https://git.lede-project.org/?p=source.git;a=commitdiff;h=e88528683487aaf23a9b9a0b2c68009352ea029a|e885286]]'' **<nowiki>target:</nowiki>** <nowiki>globally remove ARCH_PACKAGES overrides</nowiki> //<color #ccc>(</color><color #f00>-14</color><color #ccc>)</color>//\\
''[[https://git.lede-project.org/?p=source.git;a=commitdiff;h=dc929174095a00150de6a3e48d46355d24f223b9|dc92917]]'' <nowiki>image / basefiles: make console password configurable</nowiki> //<color #ccc>(</color><color #282>+48</color><color #ccc>,</color><color #f00>-42</color><color #ccc>)</color>//\\
''[[https://git.lede-project.org/?p=source.git;a=commitdiff;h=6b0425a18773552f109cadf918ee6b4bcc60eec0|6b0425a]]'' **<nowiki>ramips:</nowiki>** <nowiki>add support for Planex MZK-EX750NP.</nowiki> //<color #ccc>(</color><color #282>+174</color><color #ccc>,</color><color #f00>-1</color><color #ccc>)</color>//\\
''[[https://git.lede-project.org/?p=source.git;a=commitdiff;h=decd89c57ff3b0d17d87d198c2cd48e20131d2fc|decd89c]]'' **<nowiki>ramips:</nowiki>** <nowiki>Fix multicast ICMPv6 for the rt3050 ethernet switch.</nowiki> //<color #ccc>(</color><color #282>+26</color><color #ccc>)</color>//\\
''[[https://git.lede-project.org/?p=source.git;a=commitdiff;h=e716fce5dab5871f7be1e72e453eb14e2cb68993|e716fce]]'' **<nowiki>ramips:</nowiki>** <nowiki>Fix documentation for the rt3050 switch driver.</nowiki> //<color #ccc>(</color><color #282>+23</color><color #ccc>)</color>//\\
''[[https://git.lede-project.org/?p=source.git;a=commitdiff;h=e626d4f7021a1bab63c0e3091fee26e6fafe202a|e626d4f]]'' **<nowiki>ramips:</nowiki>** <nowiki>Fix comment in rt3050 ethernet switch driver.</nowiki> //<color #ccc>(</color><color #282>+24</color><color #ccc>)</color>//\\
''[[https://git.lede-project.org/?p=source.git;a=commitdiff;h=12758e32d3309c5147bd342525320ad704e74a07|12758e3]]'' **<nowiki>ramips:</nowiki>** <nowiki>Get rt3050 ethernet ports to be disabled from the device tree.</nowiki> //<color #ccc>(</color><color #282>+81</color><color #ccc>)</color>//\\
''[[https://git.lede-project.org/?p=source.git;a=commitdiff;h=d5114b509b5779c54e80b815ca5f8c6fdb43d34b|d5114b5]]'' **<nowiki>ramips:</nowiki>** <nowiki>Disable all ethernet ports except port 4 on HT-TM02.</nowiki> //<color #ccc>(</color><color #282>+1</color><color #ccc>)</color>//\\
''[[https://git.lede-project.org/?p=source.git;a=commitdiff;h=3f638902b6010c565d5e76fc324d7b3251eacbad|3f63890]]'' **<nowiki>ramips:</nowiki>** <nowiki>Disable all ethernet ports except port 0 on A5-V11.</nowiki> //<color #ccc>(</color><color #282>+2</color><color #ccc>,</color><color #f00>-1</color><color #ccc>)</color>//\\
''[[https://git.lede-project.org/?p=source.git;a=commitdiff;h=40bfe9f0bdb4750a77140d1e402e9cf37326c38f|40bfe9f]]'' **<nowiki>ramips:</nowiki>** <nowiki>Drop hacky switch workaround for failsafe on rt3x5x and rt5350.</nowiki> //<color #ccc>(</color><color #282>+9</color><color #ccc>,</color><color #f00>-28</color><color #ccc>)</color>//\\
''[[https://git.lede-project.org/?p=source.git;a=commitdiff;h=ffb7bf7672ddf531497d1a81b7e969e43484ea0f|ffb7bf7]]'' **<nowiki>ramips:</nowiki>** <nowiki>Fix network for routers without VLANs on eth0.</nowiki> //<color #ccc>(</color><color #282>+2</color><color #ccc>,</color><color #f00>-6</color><color #ccc>)</color>//\\
''[[https://git.lede-project.org/?p=source.git;a=commitdiff;h=39f035fdc70e44b60c2c2f4881bf96d5ad8a2440|39f035f]]'' **<nowiki>ramips:</nowiki>** <nowiki>Don't use a VLAN for the single ethernet port of the A5-V11.</nowiki> //<color #ccc>(</color><color #282>+2</color><color #ccc>,</color><color #f00>-5</color><color #ccc>)</color>//\\
''[[https://git.lede-project.org/?p=source.git;a=commitdiff;h=15702770943bb25ac6b4b2eab954467ed52ff4d2|1570277]]'' **<nowiki>ramips:</nowiki>** <nowiki>Fix alphabetical sorting for 02_network</nowiki> //<color #ccc>(</color><color #282>+11</color><color #ccc>,</color><color #f00>-11</color><color #ccc>)</color>//\\
''[[https://git.lede-project.org/?p=source.git;a=commitdiff;h=823c58a1cfb08b14eb844fdae38cc5c6b783d081|823c58a]]'' **<nowiki>ramips:</nowiki>** <nowiki>mt7620: [UPSTREAM] fix USB frequency scaling</nowiki> //<color #ccc>(</color><color #282>+33</color><color #ccc>)</color>//\\
''[[https://git.lede-project.org/?p=source.git;a=commitdiff;h=b062266ad650f5dac98f1e1779f371274c9b2237|b062266]]'' **<nowiki>kernel:</nowiki>** <nowiki>update kernel 4.4 to version 4.4.9</nowiki> //<color #ccc>(</color><color #282>+248</color><color #ccc>,</color><color #f00>-922</color><color #ccc>)</color>//\\
''[[https://git.lede-project.org/?p=source.git;a=commitdiff;h=b8f73d7f0a1ddc0c0070eef05a017037b1d4b8da|b8f73d7]]'' **<nowiki>ramips:</nowiki>** <nowiki>introduce serial0 aliases</nowiki> //<color #ccc>(</color><color #282>+32</color><color #ccc>,</color><color #f00>-10</color><color #ccc>)</color>//\\
''[[https://git.lede-project.org/?p=source.git;a=commitdiff;h=600c2242138f570e57f23052db7a57d28b65b787|600c224]]'' **<nowiki>ramips:</nowiki>** <nowiki>Add hex prefix (0x) to dtsi reg properties where needed.</nowiki> //<color #ccc>(</color><color #282>+29</color><color #ccc>,</color><color #f00>-29</color><color #ccc>)</color>//\\
''[[https://git.lede-project.org/?p=source.git;a=commitdiff;h=f8b6c9d82599d29e3d09185e3a190fc4d145e5ea|f8b6c9d]]'' **<nowiki>ramips:</nowiki>** <nowiki>Change all '/include/' clauses to '#include' so preprocessing can be ...</nowiki> //<color #ccc>(</color><color #282>+176</color><color #ccc>,</color><color #f00>-176</color><color #ccc>)</color>//\\
''[[https://git.lede-project.org/?p=source.git;a=commitdiff;h=f6059cc118709b98ac7865e9487e686f2e8a310c|f6059cc]]'' **<nowiki>ramips:</nowiki>** <nowiki>fix DTB generation</nowiki> //<color #ccc>(</color><color #282>+1</color><color #ccc>,</color><color #f00>-1</color><color #ccc>)</color>//\\
''[[https://git.lede-project.org/?p=source.git;a=commitdiff;h=e32b2f92b1912e875cf4a0feedcbe65d7d41e641|e32b2f9]]'' **<nowiki>kernel:</nowiki>** <nowiki>update kernel 4.4 to version 4.4.10</nowiki> //<color #ccc>(</color><color #282>+10</color><color #ccc>,</color><color #f00>-36</color><color #ccc>)</color>//\\
''[[https://git.lede-project.org/?p=source.git;a=commitdiff;h=9195d8da355d0d141ac02c9a5269452dc64ffd2d|9195d8d]]'' **<nowiki>ramips:</nowiki>** <nowiki>DTS rework</nowiki> //<color #ccc>(</color><color #282>+9.6K</color><color #ccc>,</color><color #f00>-9.9K</color><color #ccc>)</color>//\\
''[[https://git.lede-project.org/?p=source.git;a=commitdiff;h=374cae9e6fcaf4cf4de4f2095f3fec558da51df6|374cae9]]'' **<nowiki>ramips:</nowiki>** <nowiki>add initial support for SamKnows SK-WB8</nowiki> //<color #ccc>(</color><color #282>+171</color><color #ccc>,</color><color #f00>-1</color><color #ccc>)</color>//\\
''[[https://git.lede-project.org/?p=source.git;a=commitdiff;h=b8ab6af1a9b8cf1ac76e7008661fd3e775e9ae2b|b8ab6af]]'' **<nowiki>global:</nowiki>** <nowiki>change my email address</nowiki> //<color #ccc>(</color><color #282>+28</color><color #ccc>,</color><color #f00>-28</color><color #ccc>)</color>//\\
''[[https://git.lede-project.org/?p=source.git;a=commitdiff;h=ffaaa6788a983a5eae0117d138a297df3f131869|ffaaa67]]'' **<nowiki>ramips:</nowiki>** <nowiki>DTS modifications</nowiki> //<color #ccc>(</color><color #282>+87</color><color #ccc>,</color><color #f00>-3</color><color #ccc>)</color>//\\
''[[https://git.lede-project.org/?p=source.git;a=commitdiff;h=a55f0c32fa84db8ccd34f81738297de9d51cdea3|a55f0c3]]'' **<nowiki>ramips:</nowiki>** <nowiki>convert rt2880 to new image building code</nowiki> //<color #ccc>(</color><color #282>+57</color><color #ccc>,</color><color #f00>-93</color><color #ccc>)</color>//\\
''[[https://git.lede-project.org/?p=source.git;a=commitdiff;h=825717d45082dbf7950f271a0889689e28bac54f|825717d]]'' **<nowiki>ramips:</nowiki>** <nowiki>convert mt7621 to new image building code</nowiki> //<color #ccc>(</color><color #282>+28</color><color #ccc>,</color><color #f00>-199</color><color #ccc>)</color>//\\
''[[https://git.lede-project.org/?p=source.git;a=commitdiff;h=0f12f329966e064bd0eda38f36d1a1c0bf25693f|0f12f32]]'' **<nowiki>ramips:</nowiki>** <nowiki>convert mt7628 to new image building code</nowiki> //<color #ccc>(</color><color #282>+20</color><color #ccc>,</color><color #f00>-30</color><color #ccc>)</color>//\\
''[[https://git.lede-project.org/?p=source.git;a=commitdiff;h=ecbaaa401a98c7bf94e3e06373fea414c7a27d3e|ecbaaa4]]'' **<nowiki>ramips:</nowiki>** <nowiki>convert mt7688 to new image building code</nowiki> //<color #ccc>(</color><color #282>+14</color><color #ccc>,</color><color #f00>-26</color><color #ccc>)</color>//\\
''[[https://git.lede-project.org/?p=source.git;a=commitdiff;h=4220cc325560390db3c2606e9dc4576b2e051bdb|4220cc3]]'' **<nowiki>ramips:</nowiki>** <nowiki>convert mt7620 to new image building code</nowiki> //<color #ccc>(</color><color #282>+386</color><color #ccc>,</color><color #f00>-468</color><color #ccc>)</color>//\\
''[[https://git.lede-project.org/?p=source.git;a=commitdiff;h=8c9b8d70b1b1ce2905800e40c76ab8c5d4a5ec37|8c9b8d7]]'' **<nowiki>ramips:</nowiki>** <nowiki>add status led for ZBT-WE826</nowiki> //<color #ccc>(</color><color #282>+2</color><color #ccc>,</color><color #f00>-1</color><color #ccc>)</color>//\\
''[[https://git.lede-project.org/?p=source.git;a=commitdiff;h=f10d2bb6d3066cd8b664bb063f49853588a9cea8|f10d2bb]]'' **<nowiki>ramips:</nowiki>** <nowiki>add wmac nodes to all mt7628/88 dts files</nowiki> //<color #ccc>(</color><color #282>+11</color><color #ccc>)</color>//\\
''[[https://git.lede-project.org/?p=source.git;a=commitdiff;h=7fab5dc48698b3ed55edfc4489c9b168a2a8dd27|7fab5dc]]'' **<nowiki>ramips:</nowiki>** <nowiki>fix indentation of Build/* template commands</nowiki> //<color #ccc>(</color><color #282>+12</color><color #ccc>,</color><color #f00>-12</color><color #ccc>)</color>//\\
''[[https://git.lede-project.org/?p=source.git;a=commitdiff;h=20b069c440c1061bda64808018be9254cea7f220|20b069c]]'' **<nowiki>ramips:</nowiki>** <nowiki>disable unused ethernet ports on VoCore</nowiki> //<color #ccc>(</color><color #282>+2</color><color #ccc>,</color><color #f00>-1</color><color #ccc>)</color>//\\
''[[https://git.lede-project.org/?p=source.git;a=commitdiff;h=27dfe648874bdce1e4d9101a901cc5e3c0c274ba|27dfe64]]'' **<nowiki>ramips/mt7621:</nowiki>** <nowiki>remove cflags override</nowiki> //<color #ccc>(</color><color #f00>-1</color><color #ccc>)</color>//\\
''[[https://git.lede-project.org/?p=source.git;a=commitdiff;h=7697aced2467e646069a2ec462c58dce359151f3|7697ace]]'' **<nowiki>ramips:</nowiki>** <nowiki>fix ArcherC20i image creation</nowiki> //<color #ccc>(</color><color #282>+1</color><color #ccc>,</color><color #f00>-1</color><color #ccc>)</color>//\\
''[[https://git.lede-project.org/?p=source.git;a=commitdiff;h=5d0eff98018561fb68010adde33552d3310c46a1|5d0eff9]]'' **<nowiki>ramips:</nowiki>** <nowiki>set default profile to priority 1</nowiki> //<color #ccc>(</color><color #282>+6</color><color #ccc>)</color>//\\
''[[https://git.lede-project.org/?p=source.git;a=commitdiff;h=ce009d16a16b04c8d728490a759bb7303cd6d0bd|ce009d1]]'' **<nowiki>ramips:</nowiki>** <nowiki>fix Archer C20i image build</nowiki> //<color #ccc>(</color><color #282>+1</color><color #ccc>,</color><color #f00>-2</color><color #ccc>)</color>//\\
''[[https://git.lede-project.org/?p=source.git;a=commitdiff;h=1d9c0b240925f1f4e0d3c642c884f3dec5b56160|1d9c0b2]]'' **<nowiki>ramips:</nowiki>** <nowiki>fix ArcherC20i image creation - 3rd try</nowiki> //<color #ccc>(</color><color #282>+1</color><color #ccc>,</color><color #f00>-1</color><color #ccc>)</color>//\\
''[[https://git.lede-project.org/?p=source.git;a=commitdiff;h=2a6b89958944425f8d98e2ef0e752ec2725b3b3d|2a6b899]]'' **<nowiki>ramips:</nowiki>** <nowiki>fix 8M WT3020 image creation</nowiki> //<color #ccc>(</color><color #282>+1</color><color #ccc>,</color><color #f00>-1</color><color #ccc>)</color>//\\
''[[https://git.lede-project.org/?p=source.git;a=commitdiff;h=021c8936584ded4feee82939f05098c6894f4c50|021c893]]'' **<nowiki>ramips:</nowiki>** <nowiki>fix size-cells on spi nodes</nowiki> //<color #ccc>(</color><color #282>+114</color><color #ccc>,</color><color #f00>-114</color><color #ccc>)</color>//\\
''[[https://git.lede-project.org/?p=source.git;a=commitdiff;h=29db5cae430c098eae5baed2eadb00a6481a0903|29db5ca]]'' **<nowiki>ramips:</nowiki>** <nowiki>fix spidev generic nodes</nowiki> //<color #ccc>(</color><color #282>+6</color><color #ccc>,</color><color #f00>-5</color><color #ccc>)</color>//\\
''[[https://git.lede-project.org/?p=source.git;a=commitdiff;h=638d5098178bf8383987c90f104bf6fa5108922c|638d509]]'' **<nowiki>ramips:</nowiki>** <nowiki>fix pinctrl regression</nowiki> //<color #ccc>(</color><color #282>+6</color><color #ccc>,</color><color #f00>-6</color><color #ccc>)</color>//\\
''[[https://git.lede-project.org/?p=source.git;a=commitdiff;h=3bc90f9626eee251a0d19d60044d0d544e2f3316|3bc90f9]]'' **<nowiki>ramips:</nowiki>** <nowiki>use backported upstream patches</nowiki> //<color #ccc>(</color><color #282>+236</color><color #ccc>,</color><color #f00>-108</color><color #ccc>)</color>//\\
''[[https://git.lede-project.org/?p=source.git;a=commitdiff;h=82dcbec727ea205e61b659b1e91d207e29af35f0|82dcbec]]'' **<nowiki>ramips:</nowiki>** <nowiki>remove fake vlan rx offload from ethernet driver</nowiki> //<color #ccc>(</color><color #282>+6</color><color #ccc>,</color><color #f00>-27</color><color #ccc>)</color>//\\
''[[https://git.lede-project.org/?p=source.git;a=commitdiff;h=5166732a4e08bd905f3df958da29e62a0a08cc27|5166732]]'' **<nowiki>ramips:</nowiki>** <nowiki>use green power LED as status indicator for Buffalo WSR-1166 and WSR-600</nowiki> //<color #ccc>(</color><color #282>+1</color><color #ccc>,</color><color #f00>-1</color><color #ccc>)</color>//\\
''[[https://git.lede-project.org/?p=source.git;a=commitdiff;h=296543099962be9d0896655586709249094624bd|2965430]]'' **<nowiki>ramips:</nowiki>** <nowiki>cleanup for Hame MPR-A2</nowiki> //<color #ccc>(</color><color #282>+3</color><color #ccc>,</color><color #f00>-2</color><color #ccc>)</color>//\\
''[[https://git.lede-project.org/?p=source.git;a=commitdiff;h=c7efbd7dbb29238631efb7e8565c507284877644|c7efbd7]]'' **<nowiki>ramips:</nowiki>** <nowiki>Add specific compatible properties for esw</nowiki> //<color #ccc>(</color><color #282>+2</color><color #ccc>,</color><color #f00>-2</color><color #ccc>)</color>//\\
''[[https://git.lede-project.org/?p=source.git;a=commitdiff;h=bf6634339afa3dfcd2c00c183a04f7f1f09bc337|bf66343]]'' **<nowiki>ramips:</nowiki>** <nowiki>fix timing issues when using MT7621 spi</nowiki> //<color #ccc>(</color><color #282>+6</color><color #ccc>,</color><color #f00>-3</color><color #ccc>)</color>//\\
''[[https://git.lede-project.org/?p=source.git;a=commitdiff;h=af1e70b4a730e91ce1668d506ebc5c1c8cf5abf5|af1e70b]]'' **<nowiki>ramips:</nowiki>** <nowiki>Add status led for Xiaomi MiWiFi Nano</nowiki> //<color #ccc>(</color><color #282>+2</color><color #ccc>,</color><color #f00>-1</color><color #ccc>)</color>//\\
''[[https://git.lede-project.org/?p=source.git;a=commitdiff;h=2a57a54d49e1172405c8732c472e99918a8621c2|2a57a54]]'' **<nowiki>ramips:</nowiki>** <nowiki>add backported MT7628 pinmux fixes</nowiki> //<color #ccc>(</color><color #282>+220</color><color #ccc>,</color><color #f00>-2</color><color #ccc>)</color>//\\
''[[https://git.lede-project.org/?p=source.git;a=commitdiff;h=b232669d4556f5ab97f97664909a263d260a6833|b232669]]'' **<nowiki>ramips:</nowiki>** <nowiki>fix Netgear EX2700 images</nowiki> //<color #ccc>(</color><color #282>+4</color><color #ccc>,</color><color #f00>-8</color><color #ccc>)</color>//\\
''[[https://git.lede-project.org/?p=source.git;a=commitdiff;h=2a589539ba4b94229218ce5dac3bc2c40fef86d4|2a58953]]'' **<nowiki>ramips:</nowiki>** <nowiki>fix Netgear EX2700 images</nowiki> //<color #ccc>(</color><color #282>+3</color><color #ccc>,</color><color #f00>-2</color><color #ccc>)</color>//\\
''[[https://git.lede-project.org/?p=source.git;a=commitdiff;h=b38296f2f6c362b81545b7e42eb25abe6ccebfb2|b38296f]]'' **<nowiki>ramips:</nowiki>** <nowiki>add Widora-NEO board support</nowiki> //<color #ccc>(</color><color #282>+184</color><color #ccc>,</color><color #f00>-1</color><color #ccc>)</color>//\\
''[[https://git.lede-project.org/?p=source.git;a=commitdiff;h=a105eac4dd424fafdea3a72c270ef9cf9cdc1433|a105eac]]'' **<nowiki>kernel:</nowiki>** <nowiki>update kernel 4.4 to version 4.4.12</nowiki> //<color #ccc>(</color><color #282>+569</color><color #ccc>,</color><color #f00>-1.4K</color><color #ccc>)</color>//\\
''[[https://git.lede-project.org/?p=source.git;a=commitdiff;h=243e79e10ce40b395ecda86ef151ebcc21d19854|243e79e]]'' **<nowiki>ramips:</nowiki>** <nowiki>fix Mi Wi-Fi Nano Wireless LED pinmux</nowiki> //<color #ccc>(</color><color #282>+1</color><color #ccc>,</color><color #f00>-2</color><color #ccc>)</color>//\\
''[[https://git.lede-project.org/?p=source.git;a=commitdiff;h=604b92dbd0597e1a12a16c05ce0bb2c979326137|604b92d]]'' **<nowiki>ramips:</nowiki>** <nowiki>fix the number of uarts for each SoC</nowiki> //<color #ccc>(</color><color #282>+4</color><color #ccc>,</color><color #f00>-7</color><color #ccc>)</color>//\\
''[[https://git.lede-project.org/?p=source.git;a=commitdiff;h=29b412b8c511f50c4efb40a66a513cd4d015e5d6|29b412b]]'' **<nowiki>ramips:</nowiki>** <nowiki>add kmod-pwm-mediatek for mt7628/mt7688</nowiki> //<color #ccc>(</color><color #282>+21</color><color #ccc>,</color><color #f00>-1</color><color #ccc>)</color>//\\
''[[https://git.lede-project.org/?p=source.git;a=commitdiff;h=8b0fbd8e701422baac6455ede312b520cafbc92b|8b0fbd8]]'' **<nowiki>ramips:</nowiki>** <nowiki>rebrand Netgear EX2700 fakeroot uImage</nowiki> //<color #ccc>(</color><color #ccc>)</color>//\\
''[[https://git.lede-project.org/?p=source.git;a=commitdiff;h=065de8bd7adf4b8f13f07d5a813e979547b9affe|065de8b]]'' **<nowiki>ramips:</nowiki>** <nowiki>fix Netgear EX2700 images</nowiki> //<color #ccc>(</color><color #282>+3</color><color #ccc>,</color><color #f00>-3</color><color #ccc>)</color>//\\
''[[https://git.lede-project.org/?p=source.git;a=commitdiff;h=7eeb254cc49c4e9f837c980826ec112b9404f341|7eeb254]]'' **<nowiki>treewide:</nowiki>** <nowiki>replace nbd@openwrt.org with nbd@nbd.name</nowiki> //<color #ccc>(</color><color #282>+299</color><color #ccc>,</color><color #f00>-299</color><color #ccc>)</color>//\\
''[[https://git.lede-project.org/?p=source.git;a=commitdiff;h=0aa6c7df60d0d4a4fa01dc1b185df31ffb2c53f6|0aa6c7d]]'' **<nowiki>kernel:</nowiki>** <nowiki>update kernel 4.4 to version 4.4.13</nowiki> //<color #ccc>(</color><color #282>+56</color><color #ccc>,</color><color #f00>-312</color><color #ccc>)</color>//\\
''[[https://git.lede-project.org/?p=source.git;a=commitdiff;h=f6fc5915610e62d219d0244f7dc63365c4cd0bac|f6fc591]]'' **<nowiki>ramips:</nowiki>** <nowiki>enhance dma engine support</nowiki> //<color #ccc>(</color><color #282>+1.3K</color><color #ccc>,</color><color #f00>-211</color><color #ccc>)</color>//\\
''[[https://git.lede-project.org/?p=source.git;a=commitdiff;h=f36d624d88f962b12a7c819d456590d6b0a9ee24|f36d624]]'' **<nowiki>ramips:</nowiki>** <nowiki>add gdma hsdma dts info</nowiki> //<color #ccc>(</color><color #282>+104</color><color #ccc>,</color><color #f00>-2</color><color #ccc>)</color>//\\
''[[https://git.lede-project.org/?p=source.git;a=commitdiff;h=011ce1fad6d7048a3fa9015ce8b8f8c64cb2f022|011ce1f]]'' **<nowiki>ramips:</nowiki>** <nowiki>update i2c dtsi files</nowiki> //<color #ccc>(</color><color #282>+127</color><color #ccc>,</color><color #f00>-17</color><color #ccc>)</color>//\\
''[[https://git.lede-project.org/?p=source.git;a=commitdiff;h=42bbe28cf1133ac884eb4ec1fdafdebd5700ca64|42bbe28]]'' **<nowiki>ramips:</nowiki>** <nowiki>add i2c clock</nowiki> //<color #ccc>(</color><color #282>+40</color><color #ccc>)</color>//\\
''[[https://git.lede-project.org/?p=source.git;a=commitdiff;h=9ff8928bb9c28be701eb963e591afcfd54b9d8c9|9ff8928]]'' **<nowiki>ramips:</nowiki>** <nowiki>improve i2s drivers</nowiki> //<color #ccc>(</color><color #282>+742</color><color #ccc>,</color><color #f00>-461</color><color #ccc>)</color>//\\
''[[https://git.lede-project.org/?p=source.git;a=commitdiff;h=921d782eb7a649128ef8a1974765a79dee8b422e|921d782]]'' **<nowiki>ramips:</nowiki>** <nowiki>update i2s dtsi files</nowiki> //<color #ccc>(</color><color #282>+111</color><color #ccc>,</color><color #f00>-5</color><color #ccc>)</color>//\\
''[[https://git.lede-project.org/?p=source.git;a=commitdiff;h=6f61990d157aea35a25f2f5e7e12528a1da5809e|6f61990]]'' **<nowiki>ramips:</nowiki>** <nowiki>add i2s clocks</nowiki> //<color #ccc>(</color><color #282>+30</color><color #ccc>,</color><color #f00>-3</color><color #ccc>)</color>//\\
''[[https://git.lede-project.org/?p=source.git;a=commitdiff;h=49b74218362eca516af5a4697a00cd4fa5d3640b|49b7421]]'' **<nowiki>ramips:</nowiki>** <nowiki>enable wm8960 kernel menuconfig select option</nowiki> //<color #ccc>(</color><color #282>+11</color><color #ccc>)</color>//\\
''[[https://git.lede-project.org/?p=source.git;a=commitdiff;h=9a4935687d6d79e0eeae37204794fc68e17c8b68|9a49356]]'' **<nowiki>ramips:</nowiki>** <nowiki>add support for DuZun DM06</nowiki> //<color #ccc>(</color><color #282>+171</color><color #ccc>)</color>//\\
''[[https://git.lede-project.org/?p=source.git;a=commitdiff;h=1c00c09eb6af88a0a96451f8da6108171c46a42d|1c00c09]]'' **<nowiki>ramips/dts:</nowiki>** <nowiki>Add support for Archer C50</nowiki> //<color #ccc>(</color><color #282>+156</color><color #ccc>)</color>//\\
''[[https://git.lede-project.org/?p=source.git;a=commitdiff;h=75af98123973e1abb919213fb7c365bfaf322610|75af981]]'' **<nowiki>ramips/base-files:</nowiki>** <nowiki>Add support for Archer C50</nowiki> //<color #ccc>(</color><color #282>+16</color><color #ccc>,</color><color #f00>-1</color><color #ccc>)</color>//\\
''[[https://git.lede-project.org/?p=source.git;a=commitdiff;h=01fb393c6728d922ffd394dffa455fa6bc459cfa|01fb393]]'' **<nowiki>ramips/image:</nowiki>** <nowiki>Add Archer C50 to mt7620 Makefile</nowiki> //<color #ccc>(</color><color #282>+9</color><color #ccc>)</color>//\\
''[[https://git.lede-project.org/?p=source.git;a=commitdiff;h=5550d98015f825cd60001cfcd7a31e8655e1cbeb|5550d98]]'' **<nowiki>ramips:</nowiki>** <nowiki>fix kmod-sound-mt7620 packaging</nowiki> //<color #ccc>(</color><color #282>+5</color><color #ccc>,</color><color #f00>-6</color><color #ccc>)</color>//\\
''[[https://git.lede-project.org/?p=source.git;a=commitdiff;h=bfcbca3e049e39878f26294642c4638aea2d7900|bfcbca3]]'' **<nowiki>mediatek/ralink:</nowiki>** <nowiki>fix boardnames</nowiki> //<color #ccc>(</color><color #282>+2</color><color #ccc>,</color><color #f00>-2</color><color #ccc>)</color>//\\
''[[https://git.lede-project.org/?p=source.git;a=commitdiff;h=60ccfbbad04a23aa5d464b472df462a55cd2bb74|60ccfbb]]'' **<nowiki>ramips:</nowiki>** <nowiki>update i2c drivers</nowiki> //<color #ccc>(</color><color #282>+611</color><color #ccc>,</color><color #f00>-371</color><color #ccc>)</color>//\\
''[[https://git.lede-project.org/?p=source.git;a=commitdiff;h=81913e49964409568e7e743b0f2b2bd28d570393|81913e4]]'' **<nowiki>ramips:</nowiki>** <nowiki>remove duplicate i2c dts info</nowiki> //<color #ccc>(</color><color #f00>-24</color><color #ccc>)</color>//\\
''[[https://git.lede-project.org/?p=source.git;a=commitdiff;h=5fba0f0c0c873e0d7179225273ceac89a5d39914|5fba0f0]]'' **<nowiki>ramips:</nowiki>** <nowiki>add suport for ZBT APE522II</nowiki> //<color #ccc>(</color><color #282>+161</color><color #ccc>)</color>//\\
''[[https://git.lede-project.org/?p=source.git;a=commitdiff;h=84d489f64f3b382d5544e342f66d8806e94e85d3|84d489f]]'' **<nowiki>kernel:</nowiki>** <nowiki>update to version 4.4.14</nowiki> //<color #ccc>(</color><color #282>+567</color><color #ccc>,</color><color #f00>-1.1K</color><color #ccc>)</color>//\\
''[[https://git.lede-project.org/?p=source.git;a=commitdiff;h=fa9811814a97fbd0d01cce5e7faf955e7e2c407c|fa98118]]'' **<nowiki>ramips:</nowiki>** <nowiki>fix fixseama call on first boot</nowiki> //<color #ccc>(</color><color #282>+3</color><color #ccc>,</color><color #f00>-3</color><color #ccc>)</color>//\\
''[[https://git.lede-project.org/?p=source.git;a=commitdiff;h=103ed00cfb370236c3e96e427d5feb643a8d7c8e|103ed00]]'' **<nowiki>ramips:</nowiki>** <nowiki>add button support and make LEDs known to userspace for DIR-860L B1</nowiki> //<color #ccc>(</color><color #282>+16</color><color #ccc>)</color>//\\
''[[https://git.lede-project.org/?p=source.git;a=commitdiff;h=0a0caa2656c8db73518a1783743ede772e3ac40f|0a0caa2]]'' **<nowiki>ramips:</nowiki>** <nowiki>set correct LAN/WAN MAC addresses on DIR-860L B1</nowiki> //<color #ccc>(</color><color #282>+4</color><color #ccc>)</color>//\\
''[[https://git.lede-project.org/?p=source.git;a=commitdiff;h=81add8f753bb26903e7bac8a690296019ef77dc2|81add8f]]'' **<nowiki>ramips:</nowiki>** <nowiki>fix pinmux typo</nowiki> //<color #ccc>(</color><color #282>+77</color><color #ccc>)</color>//\\
''[[https://git.lede-project.org/?p=source.git;a=commitdiff;h=2dc9beddc089bdaa9a2a39aeeb88c7ae14fda56c|2dc9bed]]'' **<nowiki>ramips:</nowiki>** <nowiki>disable the WP pin on the SDK mmc driver</nowiki> //<color #ccc>(</color><color #282>+21</color><color #ccc>)</color>//\\
''[[https://git.lede-project.org/?p=source.git;a=commitdiff;h=d09f0045ea2f7fb142e23d8f5cdd45e48a3dcc26|d09f004]]'' **<nowiki>ramips:</nowiki>** <nowiki>fix up switch settings for Sitecom WL-351 v1 002</nowiki> //<color #ccc>(</color><color #282>+93</color><color #ccc>,</color><color #f00>-2</color><color #ccc>)</color>//\\
''[[https://git.lede-project.org/?p=source.git;a=commitdiff;h=69a626b4419d58b319e5080ca4aab397b58d5dce|69a626b]]'' **<nowiki>ramips:</nowiki>** <nowiki>fix mt7621 SoC detection</nowiki> //<color #ccc>(</color><color #282>+11</color><color #ccc>)</color>//\\
''[[https://git.lede-project.org/?p=source.git;a=commitdiff;h=2c9073282d59533a25a783fe2fa6a69e5d7aa247|2c90732]]'' **<nowiki>ramips:</nowiki>** <nowiki>fix MT7621 gsw handling</nowiki> //<color #ccc>(</color><color #282>+31</color><color #ccc>)</color>//\\
''[[https://git.lede-project.org/?p=source.git;a=commitdiff;h=eca1021e5c020e2421e400ff6c87f31c06262ebf|eca1021]]'' **<nowiki>ramips:</nowiki>** <nowiki>fix buffalo wmr-300 lan port</nowiki> //<color #ccc>(</color><color #282>+4</color><color #ccc>,</color><color #f00>-2</color><color #ccc>)</color>//\\
''[[https://git.lede-project.org/?p=source.git;a=commitdiff;h=201dbb9fe8f61572d66f02942c4482af9b4f2f0c|201dbb9]]'' **<nowiki>ramips:</nowiki>** <nowiki>fix build error in ubnt-erx initramfs factory image</nowiki> //<color #ccc>(</color><color #282>+5</color><color #ccc>,</color><color #f00>-4</color><color #ccc>)</color>//\\
''[[https://git.lede-project.org/?p=source.git;a=commitdiff;h=252f7516119d4c7ab448dfc91c902d5703c823eb|252f751]]'' **<nowiki>ramips:</nowiki>** <nowiki>fix usb phy initialisation</nowiki> //<color #ccc>(</color><color #282>+36</color><color #ccc>,</color><color #f00>-1</color><color #ccc>)</color>//\\
''[[https://git.lede-project.org/?p=source.git;a=commitdiff;h=88765756013548cc86cb95c585e22079622b588c|8876575]]'' **<nowiki>ramips:</nowiki>** <nowiki>fix partition size for RT5350F-OLINUXINO</nowiki> //<color #ccc>(</color><color #282>+2</color><color #ccc>,</color><color #f00>-2</color><color #ccc>)</color>//\\
''[[https://git.lede-project.org/?p=source.git;a=commitdiff;h=cf8c77be6becf3c5e40e19e9c4ab0d0abdfb9291|cf8c77b]]'' **<nowiki>ramips:</nowiki>** <nowiki>Add support for the NixCore X1 Module</nowiki> //<color #ccc>(</color><color #282>+270</color><color #ccc>)</color>//\\
''[[https://git.lede-project.org/?p=source.git;a=commitdiff;h=0460e9ffca77eea5226d7e37c3512a7762291cf5|0460e9f]]'' **<nowiki>ramips:</nowiki>** <nowiki>enable MTD_SPLIT_SEAMA_FW for mt7620</nowiki> //<color #ccc>(</color><color #282>+1</color><color #ccc>)</color>//\\
''[[https://git.lede-project.org/?p=source.git;a=commitdiff;h=36d98e6c7a4fdfc929bdec0540c6071ee117275b|36d98e6]]'' **<nowiki>ramips:</nowiki>** <nowiki>add MT7620 pinmux bits for mdio as refclk</nowiki> //<color #ccc>(</color><color #282>+42</color><color #ccc>)</color>//\\
''[[https://git.lede-project.org/?p=source.git;a=commitdiff;h=c3e420f28cf1ed229753f94bafdb0d5851748af3|c3e420f]]'' **<nowiki>ramips:</nowiki>** <nowiki>Add support for D-Link DCH-M225</nowiki> //<color #ccc>(</color><color #282>+233</color><color #ccc>)</color>//\\
''[[https://git.lede-project.org/?p=source.git;a=commitdiff;h=9062c4fe99c54dc117d531143bd981b2c64a50ec|9062c4f]]'' **<nowiki>ramips:</nowiki>** <nowiki>modify audio kernel module and add dma options</nowiki> //<color #ccc>(</color><color #282>+42</color><color #ccc>,</color><color #f00>-2</color><color #ccc>)</color>//\\
''[[https://git.lede-project.org/?p=source.git;a=commitdiff;h=efa1960abb390d696704d029507dff671cc271fd|efa1960]]'' **<nowiki>kernel:</nowiki>** <nowiki>update kernel 4.4 to version 4.4.15</nowiki> //<color #ccc>(</color><color #282>+64</color><color #ccc>,</color><color #f00>-210</color><color #ccc>)</color>//\\
''[[https://git.lede-project.org/?p=source.git;a=commitdiff;h=b051ac76e83f2245f06fda852b0779f328d2954b|b051ac7]]'' **<nowiki>ramips:</nowiki>** <nowiki>mt7621: add missing kernel symbol</nowiki> //<color #ccc>(</color><color #282>+1</color><color #ccc>)</color>//\\
''[[https://git.lede-project.org/?p=source.git;a=commitdiff;h=6674006bd005118e67b750d6f9f85d1e2b1a0208|6674006]]'' **<nowiki>ramips:</nowiki>** <nowiki>add missing i2s alias</nowiki> //<color #ccc>(</color><color #282>+1</color><color #ccc>,</color><color #f00>-1</color><color #ccc>)</color>//\\
''[[https://git.lede-project.org/?p=source.git;a=commitdiff;h=104114fe00d453f5346b9a69b776c0be6d594bf3|104114f]]'' **<nowiki>ramips:</nowiki>** <nowiki>remove indentation in etc/board.d/01_leds</nowiki> //<color #ccc>(</color><color #282>+1</color><color #ccc>,</color><color #f00>-1</color><color #ccc>)</color>//\\
''[[https://git.lede-project.org/?p=source.git;a=commitdiff;h=0d5277f73fe4071df4273784e3252d520cef8a6e|0d5277f]]'' **<nowiki>ramips:</nowiki>** <nowiki>dch-m225 don't have ethernet. default enable wifi</nowiki> //<color #ccc>(</color><color #282>+21</color><color #ccc>)</color>//\\
''[[https://git.lede-project.org/?p=source.git;a=commitdiff;h=525b9edc8a5b88a576ce522fbb4e9f326a794581|525b9ed]]'' **<nowiki>ramips:</nowiki>** <nowiki>unify etc/board.d/01_leds configuration</nowiki> //<color #ccc>(</color><color #282>+2</color><color #ccc>,</color><color #f00>-2</color><color #ccc>)</color>//\\
''[[https://git.lede-project.org/?p=source.git;a=commitdiff;h=db49dd894e7485020445043fb4eef58eebece7d8|db49dd8]]'' **<nowiki>build:</nowiki>** <nowiki>rename sysupgrade-nand to sysupgrade-tar</nowiki> //<color #ccc>(</color><color #282>+13</color><color #ccc>,</color><color #f00>-13</color><color #ccc>)</color>//\\
''[[https://git.lede-project.org/?p=source.git;a=commitdiff;h=63b525dd6b209af5554a2d053efd4b3ce6f60c9c|63b525d]]'' **<nowiki>image:</nowiki>** <nowiki>add a helper variable for getting kernel/rootfs from within image Buil...</nowiki> //<color #ccc>(</color><color #282>+54</color><color #ccc>,</color><color #f00>-51</color><color #ccc>)</color>//\\
''[[https://git.lede-project.org/?p=source.git;a=commitdiff;h=dbf107cd2b83f0017446ac5ae07e44b39ed61bfe|dbf107c]]'' **<nowiki>ramips:</nowiki>** <nowiki>Improve TP-Link Archer C20i support</nowiki> //<color #ccc>(</color><color #282>+49</color><color #ccc>,</color><color #f00>-5</color><color #ccc>)</color>//\\
''[[https://git.lede-project.org/?p=source.git;a=commitdiff;h=686617ae398a012d2d678eb11fef3c9a6bec61cd|686617a]]'' **<nowiki>ramips:</nowiki>** <nowiki>Rename TP-Link Archer C50 LEDs</nowiki> //<color #ccc>(</color><color #282>+10</color><color #ccc>,</color><color #f00>-10</color><color #ccc>)</color>//\\
''[[https://git.lede-project.org/?p=source.git;a=commitdiff;h=9abbaa9539b7f34422e3233369e4bdc867ced915|9abbaa9]]'' **<nowiki>build:</nowiki>** <nowiki>remove MIPS dsp/dsp2 CPU_SUBTYPE</nowiki> //<color #ccc>(</color><color #f00>-12</color><color #ccc>)</color>//\\
''[[https://git.lede-project.org/?p=source.git;a=commitdiff;h=8e75630d1d04fd27b4a8f5ad7c1619d4c6a6eed7|8e75630]]'' **<nowiki>ramips:</nowiki>** <nowiki>updated remaining profiles to the new image building code</nowiki> //<color #ccc>(</color><color #282>+1.0K</color><color #ccc>,</color><color #f00>-1.3K</color><color #ccc>)</color>//\\
''[[https://git.lede-project.org/?p=source.git;a=commitdiff;h=281483e097bc02bd51d4287cc2df88ebb4c8ab95|281483e]]'' **<nowiki>ramips:</nowiki>** <nowiki>enable nand support for mt7621</nowiki> //<color #ccc>(</color><color #282>+1</color><color #ccc>,</color><color #f00>-1</color><color #ccc>)</color>//\\
''[[https://git.lede-project.org/?p=source.git;a=commitdiff;h=bebcb81da5dacb82f6876ae777bc13f5465d0eaa|bebcb81]]'' **<nowiki>ramips:</nowiki>** <nowiki>switch from 24kec to 24kc</nowiki> //<color #ccc>(</color><color #282>+4</color><color #ccc>,</color><color #f00>-5</color><color #ccc>)</color>//\\
''[[https://git.lede-project.org/?p=source.git;a=commitdiff;h=2b1f4945b155ffee7f9c7f44bb90e5498b880ff5|2b1f494]]'' **<nowiki>ramips:</nowiki>** <nowiki>Add support for TEW-714TRU</nowiki> //<color #ccc>(</color><color #282>+137</color><color #ccc>)</color>//\\
''[[https://git.lede-project.org/?p=source.git;a=commitdiff;h=0f73801f4ff49cf9601e8f13c11f7d7928c1186b|0f73801]]'' **<nowiki>ramips:</nowiki>** <nowiki>Add support for Thunder Timecloud</nowiki> //<color #ccc>(</color><color #282>+124</color><color #ccc>,</color><color #f00>-1</color><color #ccc>)</color>//\\
''[[https://git.lede-project.org/?p=source.git;a=commitdiff;h=592c0a1cd226b7c5a90fb2c3127ac1e0743c22fd|592c0a1]]'' **<nowiki>ramips:</nowiki>** <nowiki>fix legacy image build</nowiki> //<color #ccc>(</color><color #282>+7</color><color #ccc>,</color><color #f00>-4</color><color #ccc>)</color>//\\
''[[https://git.lede-project.org/?p=source.git;a=commitdiff;h=675407baa44a8700de20b6b2857009a552a807ba|675407b]]'' **<nowiki>kernel/swconfig:</nowiki>** <nowiki>remove obsolete portmapping feature from swconfig</nowiki> //<color #ccc>(</color><color #282>+1</color><color #ccc>,</color><color #f00>-124</color><color #ccc>)</color>//\\
''[[https://git.lede-project.org/?p=source.git;a=commitdiff;h=99a188828713d6ff9c541590b08d4e63ef52f6d7|99a1888]]'' **<nowiki>swconfig:</nowiki>** <nowiki>revert the portmapping patches, they seem to cause a segfault</nowiki> //<color #ccc>(</color><color #282>+228</color><color #ccc>,</color><color #f00>-1</color><color #ccc>)</color>//\\
''[[https://git.lede-project.org/?p=source.git;a=commitdiff;h=05912a304c1d3f31f350cd708fe4722389ec835a|05912a3]]'' **<nowiki>ramips:</nowiki>** <nowiki>rt3883: fix dtc compiler warning</nowiki> //<color #ccc>(</color><color #282>+2</color><color #ccc>)</color>//\\
''[[https://git.lede-project.org/?p=source.git;a=commitdiff;h=a7c6cf5182a3b20afb1c98d0d79247d6a9bc104b|a7c6cf5]]'' **<nowiki>ramips:</nowiki>** <nowiki>TEW-692GR: fix switch and wireless</nowiki> //<color #ccc>(</color><color #282>+23</color><color #ccc>,</color><color #f00>-3</color><color #ccc>)</color>//\\
''[[https://git.lede-project.org/?p=source.git;a=commitdiff;h=bcd2113a32d80c0dc2c4140f76e96b28c3f70a27|bcd2113]]'' **<nowiki>ramips:</nowiki>** <nowiki>TEW-691GR: fix switch and wireless</nowiki> //<color #ccc>(</color><color #282>+5</color><color #ccc>,</color><color #f00>-3</color><color #ccc>)</color>//\\
''[[https://git.lede-project.org/?p=source.git;a=commitdiff;h=c892f37b30925bb298bd5f79aa7c9ba2f1809e32|c892f37]]'' **<nowiki>ramips:</nowiki>** <nowiki>move umedia build step to Makefile</nowiki> //<color #ccc>(</color><color #282>+4</color><color #ccc>,</color><color #f00>-4</color><color #ccc>)</color>//\\
''[[https://git.lede-project.org/?p=source.git;a=commitdiff;h=c9e6b173f7477f3ff29d4c7c589f7ce5b360eeba|c9e6b17]]'' **<nowiki>ramips:</nowiki>** <nowiki>fix build of TRENDnet TEW-69xGR images</nowiki> //<color #ccc>(</color><color #282>+20</color><color #ccc>,</color><color #f00>-16</color><color #ccc>)</color>//\\
''[[https://git.lede-project.org/?p=source.git;a=commitdiff;h=8072264b96785184b76aa46bcd08b4f9cdfada42|8072264]]'' **<nowiki>kernel:</nowiki>** <nowiki>update kernel 4.4 to version 4.4.19</nowiki> //<color #ccc>(</color><color #282>+400</color><color #ccc>,</color><color #f00>-939</color><color #ccc>)</color>//\\
''[[https://git.lede-project.org/?p=source.git;a=commitdiff;h=b962da4d929307a834850b72e42a44c2a00ed39e|b962da4]]'' **<nowiki>ramips:</nowiki>** <nowiki>mt7621: switch to 24kc</nowiki> //<color #ccc>(</color><color #282>+1</color><color #ccc>,</color><color #f00>-2</color><color #ccc>)</color>//\\
''[[https://git.lede-project.org/?p=source.git;a=commitdiff;h=358cd6d9eb70297f0eccb731829562f34fc0857d|358cd6d]]'' **<nowiki>ramips:</nowiki>** <nowiki>fix legacy initramfs images</nowiki> //<color #ccc>(</color><color #282>+1</color><color #ccc>)</color>//\\
''[[https://git.lede-project.org/?p=source.git;a=commitdiff;h=aa53f78038d541052de8764323f6f26578327606|aa53f78]]'' **<nowiki>build:</nowiki>** <nowiki>fix subtarget descriptions</nowiki> //<color #ccc>(</color><color #282>+58</color><color #ccc>,</color><color #f00>-60</color><color #ccc>)</color>//\\
''[[https://git.lede-project.org/?p=source.git;a=commitdiff;h=083ef3fefecd024b2b9cdc496e1f7811c225041e|083ef3f]]'' **<nowiki>ramips:</nowiki>** <nowiki>add support for Mercury MAC1200R v2</nowiki> //<color #ccc>(</color><color #282>+111</color><color #ccc>)</color>//\\
''[[https://git.lede-project.org/?p=source.git;a=commitdiff;h=034c5cb820f391e2d474697ccf2d690acf4b861e|034c5cb]]'' **<nowiki>ramips:</nowiki>** <nowiki>fix wrong device title</nowiki> //<color #ccc>(</color><color #282>+1</color><color #ccc>,</color><color #f00>-1</color><color #ccc>)</color>//\\
''[[https://git.lede-project.org/?p=source.git;a=commitdiff;h=775f93e8988c9b2e468cebc2e176e9f7e984013b|775f93e]]'' **<nowiki>ramips:</nowiki>** <nowiki>fix wrong TARGET_DEVICES</nowiki> //<color #ccc>(</color><color #282>+1</color><color #ccc>,</color><color #f00>-1</color><color #ccc>)</color>//\\
''[[https://git.lede-project.org/?p=source.git;a=commitdiff;h=5369a03d528312cfdab732d9e1e1a706185f5efb|5369a03]]'' **<nowiki>ramips:</nowiki>** <nowiki>use lower case names for TEW-69xGR images</nowiki> //<color #ccc>(</color><color #282>+4</color><color #ccc>,</color><color #f00>-4</color><color #ccc>)</color>//\\
''[[https://git.lede-project.org/?p=source.git;a=commitdiff;h=85fefcdb61e9362abbb16eb2a9d3e6dda19a175b|85fefcd]]'' **<nowiki>kernel:</nowiki>** <nowiki>mtd: backport Macronix sector size fix</nowiki> //<color #ccc>(</color><color #282>+44</color><color #ccc>,</color><color #f00>-29</color><color #ccc>)</color>//\\
''[[https://git.lede-project.org/?p=source.git;a=commitdiff;h=e7ec7a08aae0afb1064d1bf26a9cd6fe1e64d516|e7ec7a0]]'' **<nowiki>image:</nowiki>** <nowiki>use k as unit suffix for blocksize</nowiki> //<color #ccc>(</color><color #282>+23</color><color #ccc>,</color><color #f00>-23</color><color #ccc>)</color>//\\
''[[https://git.lede-project.org/?p=source.git;a=commitdiff;h=a499d0a6b55715070f65b72b25436530c3909135|a499d0a]]'' **<nowiki>image:</nowiki>** <nowiki>specify max image size in Kilobyte/Megabyte</nowiki> //<color #ccc>(</color><color #282>+24</color><color #ccc>,</color><color #f00>-43</color><color #ccc>)</color>//\\
''[[https://git.lede-project.org/?p=source.git;a=commitdiff;h=05ab2323ffa4c630934e3d0b27a2516b26c1c161|05ab232]]'' **<nowiki>ramips:</nowiki>** <nowiki>don't set the same max image size twice</nowiki> //<color #ccc>(</color><color #f00>-50</color><color #ccc>)</color>//\\
''[[https://git.lede-project.org/?p=source.git;a=commitdiff;h=28110727f1d513a6c4c13aa87ecb606aa5d306eb|2811072]]'' **<nowiki>ramips:</nowiki>** <nowiki>set blocksize for 4MB devices</nowiki> //<color #ccc>(</color><color #282>+39</color><color #ccc>,</color><color #f00>-4</color><color #ccc>)</color>//\\
''[[https://git.lede-project.org/?p=source.git;a=commitdiff;h=483fd5f6ad7d87a8f24674c746c609e8b36b426f|483fd5f]]'' **<nowiki>ramips:</nowiki>** <nowiki>add build recipe for senao header</nowiki> //<color #ccc>(</color><color #282>+5</color><color #ccc>)</color>//\\
''[[https://git.lede-project.org/?p=source.git;a=commitdiff;h=74da44cfc2a6d8d21a9eca0ae5dd1ef4069c1cef|74da44c]]'' **<nowiki>ramips:</nowiki>** <nowiki>switch DIR-615 H1 to new image build code</nowiki> //<color #ccc>(</color><color #282>+8</color><color #ccc>,</color><color #f00>-11</color><color #ccc>)</color>//\\
''[[https://git.lede-project.org/?p=source.git;a=commitdiff;h=0f3600cceef2cb47fda2a87efc24ab7eac84709f|0f3600c]]'' **<nowiki>ramips:</nowiki>** <nowiki>move seama build recipe to Makefile</nowiki> //<color #ccc>(</color><color #282>+9</color><color #ccc>,</color><color #f00>-18</color><color #ccc>)</color>//\\
''[[https://git.lede-project.org/?p=source.git;a=commitdiff;h=bd39104e95fc5f0102e06e48f5ab97ed36bd56d3|bd39104]]'' **<nowiki>ramips:</nowiki>** <nowiki>switch some rt3883 devices to new build code</nowiki> //<color #ccc>(</color><color #282>+52</color><color #ccc>,</color><color #f00>-25</color><color #ccc>)</color>//\\
''[[https://git.lede-project.org/?p=source.git;a=commitdiff;h=fb39b77ccb6b64d58ee63aa53cfaa57a49e64be6|fb39b77]]'' **<nowiki>ramips:</nowiki>** <nowiki>switch DIR-610 A1 to new image build code</nowiki> //<color #ccc>(</color><color #282>+17</color><color #ccc>,</color><color #f00>-3</color><color #ccc>)</color>//\\
''[[https://git.lede-project.org/?p=source.git;a=commitdiff;h=9f531efc599d8ea3de99d9e35d02b4c9f6a13ebc|9f531ef]]'' **<nowiki>ramips:</nowiki>** <nowiki>remove old build code seama recipe</nowiki> //<color #ccc>(</color><color #f00>-32</color><color #ccc>)</color>//\\
''[[https://git.lede-project.org/?p=source.git;a=commitdiff;h=7d9ef9080cefcc7fe0dea071b3ccccef7e90039d|7d9ef90]]'' **<nowiki>ramips:</nowiki>** <nowiki>set blocksize for remaining rt3883 devices</nowiki> //<color #ccc>(</color><color #282>+4</color><color #ccc>)</color>//\\
''[[https://git.lede-project.org/?p=source.git;a=commitdiff;h=0f6d0afa1391dfe74d790a9637b9bbbbaebeb2fb|0f6d0af]]'' **<nowiki>ramips:</nowiki>** <nowiki>board.d merge redundant switch/interface configs</nowiki> //<color #ccc>(</color><color #282>+6</color><color #ccc>,</color><color #f00>-11</color><color #ccc>)</color>//\\
''[[https://git.lede-project.org/?p=source.git;a=commitdiff;h=c1578d4fc9e53c9b80d858fc924adc8a66f5fce3|c1578d4]]'' <nowiki>cleanup ucidef_set_interface* usage</nowiki> //<color #ccc>(</color><color #282>+8</color><color #ccc>,</color><color #f00>-9</color><color #ccc>)</color>//\\
''[[https://git.lede-project.org/?p=source.git;a=commitdiff;h=d27bce8d28eb129af0abd9c80a7756301b7d588a|d27bce8]]'' **<nowiki>build:</nowiki>** <nowiki>drop UBI EOF marker from images by default</nowiki> //<color #ccc>(</color><color #282>+4</color><color #ccc>,</color><color #f00>-3</color><color #ccc>)</color>//\\
''[[https://git.lede-project.org/?p=source.git;a=commitdiff;h=1cd0a4c688f02918cb96ff7f5f21cddc281d4f2c|1cd0a4c]]'' **<nowiki>image:</nowiki>** <nowiki>add KERNEL_SIZE to the default device vars</nowiki> //<color #ccc>(</color><color #282>+6</color><color #ccc>,</color><color #f00>-10</color><color #ccc>)</color>//\\
''[[https://git.lede-project.org/?p=source.git;a=commitdiff;h=925e63e71fa6691f3fa374f71c77d0a91c7e7539|925e63e]]'' **<nowiki>ramips:</nowiki>** <nowiki>enable 4K sector support in kernel config</nowiki> //<color #ccc>(</color><color #282>+4</color><color #ccc>)</color>//\\
''[[https://git.lede-project.org/?p=source.git;a=commitdiff;h=d14c28fc80d98cc712074c869cbd1659398e8829|d14c28f]]'' **<nowiki>kernel:</nowiki>** <nowiki>update kernel 4.4 to version 4.4.20</nowiki> //<color #ccc>(</color><color #282>+41</color><color #ccc>,</color><color #f00>-70</color><color #ccc>)</color>//\\
''[[https://git.lede-project.org/?p=source.git;a=commitdiff;h=eb88a9cacb41a69cdeb335298882b218361ff825|eb88a9c]]'' **<nowiki>ramips:</nowiki>** <nowiki>fix wrong blocksizes</nowiki> //<color #ccc>(</color><color #282>+2</color><color #ccc>,</color><color #f00>-3</color><color #ccc>)</color>//\\
''[[https://git.lede-project.org/?p=source.git;a=commitdiff;h=41eab9048b5c1cd58ed1397d25e691d66d8e215b|41eab90]]'' **<nowiki>kernel:</nowiki>** <nowiki>update kernel 4.4 to version 4.4.21</nowiki> //<color #ccc>(</color><color #282>+20</color><color #ccc>,</color><color #f00>-230</color><color #ccc>)</color>//\\
''[[https://git.lede-project.org/?p=source.git;a=commitdiff;h=d72e838429cbe7638b383b99bf16d97a63f80837|d72e838]]'' **<nowiki>ramips:</nowiki>** <nowiki>do not "local" variables outside of a function</nowiki> //<color #ccc>(</color><color #282>+1</color><color #ccc>,</color><color #f00>-1</color><color #ccc>)</color>//\\
''[[https://git.lede-project.org/?p=source.git;a=commitdiff;h=175fbe4d4ec4978ff1341f24ce3811d673c91a85|175fbe4]]'' **<nowiki>ramips:</nowiki>** <nowiki>move /lib/ramips.sh include in /etc/init.d/bootcount into start()</nowiki> //<color #ccc>(</color><color #282>+2</color><color #ccc>,</color><color #f00>-1</color><color #ccc>)</color>//\\
''[[https://git.lede-project.org/?p=source.git;a=commitdiff;h=43bf3e80b2bcde1930d8d794d8719bf3137ba031|43bf3e8]]'' **<nowiki>ramips:</nowiki>** <nowiki>fix DEVICE_PACKAGES of Ubiquiti EdgeRouter X</nowiki> //<color #ccc>(</color><color #282>+1</color><color #ccc>,</color><color #f00>-1</color><color #ccc>)</color>//\\
''[[https://git.lede-project.org/?p=source.git;a=commitdiff;h=66aae9a27154f837607337fc099bd72fe4a9edf9|66aae9a]]'' **<nowiki>ramips:</nowiki>** <nowiki>Add support for ZBT-CPE102</nowiki> //<color #ccc>(</color><color #282>+136</color><color #ccc>)</color>//\\
''[[https://git.lede-project.org/?p=source.git;a=commitdiff;h=9fe833e1d020748fa92e485aeb08b1ac9a6fdb09|9fe833e]]'' <nowiki>ramips : add support for PandoraBox D1</nowiki> //<color #ccc>(</color><color #282>+177</color><color #ccc>,</color><color #f00>-1</color><color #ccc>)</color>//\\
''[[https://git.lede-project.org/?p=source.git;a=commitdiff;h=142ec7ada939313cc890f94df5fc6903f2660635|142ec7a]]'' <nowiki>ramips : add support for Newifi D1</nowiki> //<color #ccc>(</color><color #282>+178</color><color #ccc>)</color>//\\
''[[https://git.lede-project.org/?p=source.git;a=commitdiff;h=e79e555c0e973da0bde56165dbf57a0b9aedc4d5|e79e555]]'' **<nowiki>ramips:</nowiki>** <nowiki>Xiaomi MiWiFi Nano: fix status led</nowiki> //<color #ccc>(</color><color #282>+2</color><color #ccc>,</color><color #f00>-2</color><color #ccc>)</color>//\\
''[[https://git.lede-project.org/?p=source.git;a=commitdiff;h=949cfbb24374be151e2c01db09dd98bc8537a989|949cfbb]]'' **<nowiki>kernel:</nowiki>** <nowiki>update kernel 4.4 to version 4.4.22</nowiki> //<color #ccc>(</color><color #282>+30</color><color #ccc>,</color><color #f00>-29</color><color #ccc>)</color>//\\
''[[https://git.lede-project.org/?p=source.git;a=commitdiff;h=7d559169c527424c4743d82cd6edc926ef2fcde9|7d55916]]'' **<nowiki>kernel:</nowiki>** <nowiki>update to v4.4.23</nowiki> //<color #ccc>(</color><color #282>+53</color><color #ccc>,</color><color #f00>-57</color><color #ccc>)</color>//\\
''[[https://git.lede-project.org/?p=source.git;a=commitdiff;h=dce5c4f5c8629af13bdb7cb5803a349cb8305d70|dce5c4f]]'' **<nowiki>ramips:</nowiki>** <nowiki>Add support for Phicomm K2 PSG1218</nowiki> //<color #ccc>(</color><color #282>+136</color><color #ccc>)</color>//\\
''[[https://git.lede-project.org/?p=source.git;a=commitdiff;h=df5416296cda4f7338a3d6eea361f8e8c8d667c6|df54162]]'' **<nowiki>ramips:</nowiki>** <nowiki>add support for Zyxel NBG-419N2 (WAP3205v2)</nowiki> //<color #ccc>(</color><color #282>+134</color><color #ccc>)</color>//\\
''[[https://git.lede-project.org/?p=source.git;a=commitdiff;h=b35dd9584e50b02d709f67200572bc49866edf03|b35dd95]]'' **<nowiki>ramips:</nowiki>** <nowiki>remove fixed lan/wan interface for switch configs</nowiki> //<color #ccc>(</color><color #f00>-1</color><color #ccc>)</color>//\\
''[[https://git.lede-project.org/?p=source.git;a=commitdiff;h=bbdf2ac305b797545ee0f663b7815c116e276b63|bbdf2ac]]'' **<nowiki>ramips:</nowiki>** <nowiki>tag the CPU switch port</nowiki> //<color #ccc>(</color><color #282>+1</color><color #ccc>,</color><color #f00>-1</color><color #ccc>)</color>//\\
''[[https://git.lede-project.org/?p=source.git;a=commitdiff;h=51bca43f39f0d53ef4b5facd5484347655255b12|51bca43]]'' **<nowiki>ramips:</nowiki>** <nowiki>fix edimax 6200nl switch config</nowiki> //<color #ccc>(</color><color #282>+1</color><color #ccc>,</color><color #f00>-2</color><color #ccc>)</color>//\\
''[[https://git.lede-project.org/?p=source.git;a=commitdiff;h=6391af2f1fd451fcd3e4169dd1d7aa7fbe53fbda|6391af2]]'' **<nowiki>ramips:</nowiki>** <nowiki>improve edimax 6200n/nl support</nowiki> //<color #ccc>(</color><color #282>+20</color><color #ccc>,</color><color #f00>-12</color><color #ccc>)</color>//\\
''[[https://git.lede-project.org/?p=source.git;a=commitdiff;h=e7ec5df33bdb3929c1b99adb68813643cc6ecd25|e7ec5df]]'' **<nowiki>ramips:</nowiki>** <nowiki>move edimax images to the new build code</nowiki> //<color #ccc>(</color><color #282>+37</color><color #ccc>,</color><color #f00>-32</color><color #ccc>)</color>//\\
''[[https://git.lede-project.org/?p=source.git;a=commitdiff;h=0a219c8dfb02ce8e0862bff118739d1158585c32|0a219c8]]'' **<nowiki>ramips:</nowiki>** <nowiki>use rootfs splitter and new image build code for BR-6475ND</nowiki> //<color #ccc>(</color><color #282>+11</color><color #ccc>,</color><color #f00>-43</color><color #ccc>)</color>//\\
''[[https://git.lede-project.org/?p=source.git;a=commitdiff;h=bcfbeae79f799cf1087d692e4869589eb20d2080|bcfbeae]]'' **<nowiki>ramips:</nowiki>** <nowiki>use rfkill for wps button on wlan only boards</nowiki> //<color #ccc>(</color><color #282>+8</color><color #ccc>,</color><color #f00>-29</color><color #ccc>)</color>//\\
''[[https://git.lede-project.org/?p=source.git;a=commitdiff;h=4050cfebdaa001d498c396f24dd67771541b710e|4050cfe]]'' **<nowiki>ramips:</nowiki>** <nowiki>add support for Planex VR500.</nowiki> //<color #ccc>(</color><color #282>+112</color><color #ccc>,</color><color #f00>-1</color><color #ccc>)</color>//\\
''[[https://git.lede-project.org/?p=source.git;a=commitdiff;h=0658527e1ebe666cabde9267b6afbe543314160c|0658527]]'' <nowiki>switch to the new usbport LED trigger</nowiki> //<color #ccc>(</color><color #282>+150</color><color #ccc>,</color><color #f00>-139</color><color #ccc>)</color>//\\
''[[https://git.lede-project.org/?p=source.git;a=commitdiff;h=8312738806df669ad61bf9225474623acbebe444|8312738]]'' **<nowiki>ramips:</nowiki>** <nowiki>fix PSG1218 LEDs</nowiki> //<color #ccc>(</color><color #282>+6</color><color #ccc>,</color><color #f00>-5</color><color #ccc>)</color>//\\
''[[https://git.lede-project.org/?p=source.git;a=commitdiff;h=369884c2a18cf082f0d13652deaf2415700dc842|369884c]]'' **<nowiki>ramips:</nowiki>** <nowiki>Add RTC driver to kernel for working hctosys</nowiki> //<color #ccc>(</color><color #282>+3</color><color #ccc>,</color><color #f00>-2</color><color #ccc>)</color>//\\
''[[https://git.lede-project.org/?p=source.git;a=commitdiff;h=a34f96d6cf80c7c3c425076714d9c4caa67e3670|a34f96d]]'' **<nowiki>ramips:</nowiki>** <nowiki>Archer C50 cleanup</nowiki> //<color #ccc>(</color><color #282>+54</color><color #ccc>,</color><color #f00>-24</color><color #ccc>)</color>//\\
''[[https://git.lede-project.org/?p=source.git;a=commitdiff;h=eefe07ef4dccfb5463be9350239a89731ba46a3c|eefe07e]]'' **<nowiki>ramips:</nowiki>** <nowiki>add usb packages into DIR-860L B1 profile</nowiki> //<color #ccc>(</color><color #282>+1</color><color #ccc>)</color>//\\
''[[https://git.lede-project.org/?p=source.git;a=commitdiff;h=2f2ea7b44c6affb24426759b93d45d0aa26a74d5|2f2ea7b]]'' **<nowiki>kernel:</nowiki>** <nowiki>update kernel 4.4 to version 4.4.30</nowiki> //<color #ccc>(</color><color #282>+72</color><color #ccc>,</color><color #f00>-73</color><color #ccc>)</color>//\\
''[[https://git.lede-project.org/?p=source.git;a=commitdiff;h=faf94d926e2810f895f2a98d4a49ee2fe8f673e8|faf94d9]]'' **<nowiki>ramips:</nowiki>** <nowiki>add support for MikroTik hEX v3 (RB750Gr3)</nowiki> //<color #ccc>(</color><color #282>+137</color><color #ccc>)</color>//\\
''[[https://git.lede-project.org/?p=source.git;a=commitdiff;h=5511c1c7c1b1e446098c807f6022b21df369cb34|5511c1c]]'' **<nowiki>ramips:</nowiki>** <nowiki>Use MT7621 I2C driver for MT7628/MT7688</nowiki> //<color #ccc>(</color><color #282>+4</color><color #ccc>,</color><color #f00>-2</color><color #ccc>)</color>//\\
''[[https://git.lede-project.org/?p=source.git;a=commitdiff;h=bc4109845db67ff424570e03ad1bc59adf76817a|bc41098]]'' **<nowiki>ramips:</nowiki>** <nowiki>fix  Newifi D1 profile</nowiki> //<color #ccc>(</color><color #282>+1</color><color #ccc>,</color><color #f00>-1</color><color #ccc>)</color>//\\
''[[https://git.lede-project.org/?p=source.git;a=commitdiff;h=5f6e94855113b0c37fba57eda4af0b0427457b98|5f6e948]]'' **<nowiki>ramips:</nowiki>** <nowiki>Add support for Wavlink WL-WN575A3</nowiki> //<color #ccc>(</color><color #282>+148</color><color #ccc>)</color>//\\
''[[https://git.lede-project.org/?p=source.git;a=commitdiff;h=d8dd207ea6f299cfcaef4899f1cade375e694dd5|d8dd207]]'' **<nowiki>ramips:</nowiki>** <nowiki>use the ralink,mtd-eeprom device tree property</nowiki> //<color #ccc>(</color><color #282>+26</color><color #ccc>,</color><color #f00>-33</color><color #ccc>)</color>//\\
''[[https://git.lede-project.org/?p=source.git;a=commitdiff;h=cc5c8f681e05f18678c8b10b9f747689e875ceaf|cc5c8f6]]'' **<nowiki>ramips:</nowiki>** <nowiki>add TEW-691GR/TEW-692GR 2.4 GHz interface mac addresses</nowiki> //<color #ccc>(</color><color #282>+6</color><color #ccc>,</color><color #f00>-2</color><color #ccc>)</color>//\\
''[[https://git.lede-project.org/?p=source.git;a=commitdiff;h=de40d4536330cce9c1b3aa36cc71c0d2dfc74ee5|de40d45]]'' **<nowiki>treewide:</nowiki>** <nowiki>dts: fix dtc compiler warnings</nowiki> //<color #ccc>(</color><color #282>+10</color><color #ccc>,</color><color #f00>-57</color><color #ccc>)</color>//\\
''[[https://git.lede-project.org/?p=source.git;a=commitdiff;h=77b807999d86498c4378a136bd366d09eb2c9bd5|77b8079]]'' **<nowiki>treewide:</nowiki>** <nowiki>dts: use C style includes</nowiki> //<color #ccc>(</color><color #282>+7</color><color #ccc>,</color><color #f00>-7</color><color #ccc>)</color>//\\
''[[https://git.lede-project.org/?p=source.git;a=commitdiff;h=2b55c83e68068887db9e49de8e81b1b4a267a4f2|2b55c83]]'' **<nowiki>treewide:</nowiki>** <nowiki>dts: use keycode defines from input dt-binding</nowiki> //<color #ccc>(</color><color #282>+757</color><color #ccc>,</color><color #f00>-349</color><color #ccc>)</color>//\\
''[[https://git.lede-project.org/?p=source.git;a=commitdiff;h=a17872ec4fd312bc34325daaf057a048f9f9e8ab|a17872e]]'' **<nowiki>ramips:</nowiki>** <nowiki>fix status LED for WHR-300HP2</nowiki> //<color #ccc>(</color><color #282>+1</color><color #ccc>,</color><color #f00>-1</color><color #ccc>)</color>//\\
''[[https://git.lede-project.org/?p=source.git;a=commitdiff;h=4cdbc90a376dd0555201c1434a2081e055e9ceb7|4cdbc90]]'' **<nowiki>ramips:</nowiki>** <nowiki>add hack to detect missing mt7621 cpu cores</nowiki> //<color #ccc>(</color><color #282>+61</color><color #ccc>)</color>//\\
''[[https://git.lede-project.org/?p=source.git;a=commitdiff;h=3d0e965c8b7346f06d840135798c37ea03277e17|3d0e965]]'' **<nowiki>ramips:</nowiki>** <nowiki>add port index in switch config for buffalo WHR-* and WSR-* devices</nowiki> //<color #ccc>(</color><color #282>+7</color><color #ccc>,</color><color #f00>-4</color><color #ccc>)</color>//\\
''[[https://git.lede-project.org/?p=source.git;a=commitdiff;h=728ab77d3d954951a180d730a2e2eccf635abbaf|728ab77]]'' **<nowiki>ramips:</nowiki>** <nowiki>fix polling switch interrupts</nowiki> //<color #ccc>(</color><color #282>+2</color><color #ccc>,</color><color #f00>-2</color><color #ccc>)</color>//\\
''[[https://git.lede-project.org/?p=source.git;a=commitdiff;h=5247ac2f805e39afe2e6e30980e439ea8b8ae7f8|5247ac2]]'' <nowiki>ar71xx, ramips: reduce CPU load and flickering on devices using rsslieds</nowiki> //<color #ccc>(</color><color #282>+9</color><color #ccc>,</color><color #f00>-9</color><color #ccc>)</color>//\\
''[[https://git.lede-project.org/?p=source.git;a=commitdiff;h=efbb654f6cd83358fcc7d5b9f0fac71630fb4d71|efbb654]]'' **<nowiki>ramips:</nowiki>** <nowiki>split ZBT-WG3526.dts into dtsi and dts files</nowiki> //<color #ccc>(</color><color #282>+120</color><color #ccc>,</color><color #f00>-112</color><color #ccc>)</color>//\\
''[[https://git.lede-project.org/?p=source.git;a=commitdiff;h=6e3d7897f75e77ccbee6fde318b88a826920f3b6|6e3d789]]'' **<nowiki>ramips:</nowiki>** <nowiki>cleanup ZBT-WG3526.dtsi</nowiki> //<color #ccc>(</color><color #282>+6</color><color #ccc>,</color><color #f00>-6</color><color #ccc>)</color>//\\
''[[https://git.lede-project.org/?p=source.git;a=commitdiff;h=8b65fef1737fc981b288d69ba4f9ec42acf46d63|8b65fef]]'' **<nowiki>ramips:</nowiki>** <nowiki>add support for Digineo AC1200 Pro</nowiki> //<color #ccc>(</color><color #282>+33</color><color #ccc>,</color><color #f00>-4</color><color #ccc>)</color>//\\
''[[https://git.lede-project.org/?p=source.git;a=commitdiff;h=3d680c57286a2f77b9cfba275756c711730c7fe2|3d680c5]]'' **<nowiki>ramips:</nowiki>** <nowiki>add support for Sitecom WLR-6000</nowiki> //<color #ccc>(</color><color #282>+211</color><color #ccc>,</color><color #f00>-1</color><color #ccc>)</color>//\\
''[[https://git.lede-project.org/?p=source.git;a=commitdiff;h=5f38d1ad85044fa14aa18254f0a2b49ae651ec16|5f38d1a]]'' **<nowiki>ramips:</nowiki>** <nowiki>add MT7620 MIB support for switch and port</nowiki> //<color #ccc>(</color><color #282>+351</color><color #ccc>,</color><color #f00>-72</color><color #ccc>)</color>//\\
''[[https://git.lede-project.org/?p=source.git;a=commitdiff;h=348344874c8aaaeabd291eef0e45660f0c6aba95|3483448]]'' **<nowiki>ramips:</nowiki>** <nowiki>add support for ZyXEL Keenetic Viva</nowiki> //<color #ccc>(</color><color #282>+184</color><color #ccc>)</color>//\\
''[[https://git.lede-project.org/?p=source.git;a=commitdiff;h=478f1f6b167c6b1c91f5915e9567814350865c4c|478f1f6]]'' **<nowiki>ramips:</nowiki>** <nowiki>append metadata to images</nowiki> //<color #ccc>(</color><color #282>+33</color><color #ccc>,</color><color #f00>-22</color><color #ccc>)</color>//\\
''[[https://git.lede-project.org/?p=source.git;a=commitdiff;h=68634426fee42803b4be956ef3ac262dee6f8384|6863442]]'' **<nowiki>ramips:</nowiki>** <nowiki>add support for WeVO W2914NS v2</nowiki> //<color #ccc>(</color><color #282>+168</color><color #ccc>)</color>//\\
''[[https://git.lede-project.org/?p=source.git;a=commitdiff;h=605cab749e04d836bc6756c1e11e895406a3eef3|605cab7]]'' **<nowiki>ramips:</nowiki>** <nowiki>Fix sdhci kernel panics on MT7621</nowiki> //<color #ccc>(</color><color #282>+2</color><color #ccc>,</color><color #f00>-2</color><color #ccc>)</color>//\\
''[[https://git.lede-project.org/?p=source.git;a=commitdiff;h=fe43d90d93c27851d60d08f250ee1770ec393f0b|fe43d90]]'' **<nowiki>ramips:</nowiki>** <nowiki>fix wrong check for MT7621AT</nowiki> //<color #ccc>(</color><color #282>+1</color><color #ccc>,</color><color #f00>-1</color><color #ccc>)</color>//\\
''[[https://git.lede-project.org/?p=source.git;a=commitdiff;h=18e7f49975deb353c1aa96bc5b5dca987a4d7e34|18e7f49]]'' **<nowiki>ramips:</nowiki>** <nowiki>order mt7621.mk alphabetical</nowiki> //<color #ccc>(</color><color #282>+94</color><color #ccc>,</color><color #f00>-94</color><color #ccc>)</color>//\\
''[[https://git.lede-project.org/?p=source.git;a=commitdiff;h=f1d0eba3eaf1e65ed4a185bb620540f6adbcc945|f1d0eba]]'' **<nowiki>ramips:</nowiki>** <nowiki>cleanup dts files of mt7621 based boards</nowiki> //<color #ccc>(</color><color #282>+130</color><color #ccc>,</color><color #f00>-184</color><color #ccc>)</color>//\\
''[[https://git.lede-project.org/?p=source.git;a=commitdiff;h=8f561c651656add4cfad6e50a621050f0393007b|8f561c6]]'' **<nowiki>ramips:</nowiki>** <nowiki>do not append metadata to CY-SWR1100 factory image</nowiki> //<color #ccc>(</color><color #282>+1</color><color #ccc>,</color><color #f00>-1</color><color #ccc>)</color>//\\
''[[https://git.lede-project.org/?p=source.git;a=commitdiff;h=ec1de9b1a6cd957bb2cb68f7eda294ab73bf9102|ec1de9b]]'' **<nowiki>ramips:</nowiki>** <nowiki>Add device DLINK DWR-512-B</nowiki> //<color #ccc>(</color><color #282>+142</color><color #ccc>)</color>//\\
''[[https://git.lede-project.org/?p=source.git;a=commitdiff;h=ee6beb2e1cc735cbcb9e985f7ab18cad6fc218b8|ee6beb2]]'' **<nowiki>ramips:</nowiki>** <nowiki>remove kmod-ledtrig-usbdev from recently added devices</nowiki> //<color #ccc>(</color><color #282>+2</color><color #ccc>,</color><color #f00>-2</color><color #ccc>)</color>//\\
''[[https://git.lede-project.org/?p=source.git;a=commitdiff;h=a7de18718d4853e5387f51651573c79bc8a81169|a7de187]]'' **<nowiki>ramips:</nowiki>** <nowiki>SamKnows SK-WB8 DTS cleanup</nowiki> //<color #ccc>(</color><color #282>+6</color><color #ccc>,</color><color #f00>-11</color><color #ccc>)</color>//\\
''[[https://git.lede-project.org/?p=source.git;a=commitdiff;h=c723646f22376e8ec3002217b047cb654a26026b|c723646]]'' **<nowiki>ramips:</nowiki>** <nowiki>Add missing chunked-io directive to W2914NSV2.dtsi</nowiki> //<color #ccc>(</color><color #282>+1</color><color #ccc>)</color>//\\
''[[https://git.lede-project.org/?p=source.git;a=commitdiff;h=6cc0ae27b90f73a547130be7b5b25ea576615dd6|6cc0ae2]]'' **<nowiki>ramips:</nowiki>** <nowiki>fix Airlink AR670W factory image</nowiki> //<color #ccc>(</color><color #282>+7</color><color #ccc>,</color><color #f00>-8</color><color #ccc>)</color>//\\
''[[https://git.lede-project.org/?p=source.git;a=commitdiff;h=4780e7e994d549a375bbfba02faef9a2bb2a6ea8|4780e7e]]'' **<nowiki>ramips:</nowiki>** <nowiki>add size checks/append metadata where missing</nowiki> //<color #ccc>(</color><color #282>+22</color><color #ccc>,</color><color #f00>-30</color><color #ccc>)</color>//\\
''[[https://git.lede-project.org/?p=source.git;a=commitdiff;h=18c64f41c7d84824a81bdcd730e1796d316355d1|18c64f4]]'' **<nowiki>treewide:</nowiki>** <nowiki>fix button keys codes used in dts</nowiki> //<color #ccc>(</color><color #282>+27</color><color #ccc>,</color><color #f00>-26</color><color #ccc>)</color>//\\
''[[https://git.lede-project.org/?p=source.git;a=commitdiff;h=07b571a4355a27502fcadf8f81144cab8e00a42a|07b571a]]'' **<nowiki>ramips:</nowiki>** <nowiki>RB750Gr3: Add pwr LED and buzzer to DTS</nowiki> //<color #ccc>(</color><color #282>+13</color><color #ccc>,</color><color #f00>-2</color><color #ccc>)</color>//\\
''[[https://git.lede-project.org/?p=source.git;a=commitdiff;h=7c809f168790efb8b52147df38bf4c6ae56bf36a|7c809f1]]'' **<nowiki>ramips:</nowiki>** <nowiki>fix sdhci support on mt7621</nowiki> //<color #ccc>(</color><color #282>+10</color><color #ccc>,</color><color #f00>-24</color><color #ccc>)</color>//\\
''[[https://git.lede-project.org/?p=source.git;a=commitdiff;h=c2ed721e89156d3b37d2bcbc9155f31bb1aa97b2|c2ed721]]'' **<nowiki>ramips:</nowiki>** <nowiki>improve F5D8235 V1 support</nowiki> //<color #ccc>(</color><color #282>+78</color><color #ccc>,</color><color #f00>-18</color><color #ccc>)</color>//\\
''[[https://git.lede-project.org/?p=source.git;a=commitdiff;h=13c0d208b23ef82f870b55d965326f313bdbc27b|13c0d20]]'' **<nowiki>ramips:</nowiki>** <nowiki>introduce CONFIG_PCI and CONFIG_OF_*PCI for rt288x</nowiki> //<color #ccc>(</color><color #282>+17</color><color #ccc>,</color><color #f00>-5</color><color #ccc>)</color>//\\
''[[https://git.lede-project.org/?p=source.git;a=commitdiff;h=2e020e2cef40cf14766b5269c83feccfc5b8200b|2e020e2]]'' **<nowiki>ramips:</nowiki>** <nowiki>add support for PCI based OHCI/EHCI support for F5D8235 V1</nowiki> //<color #ccc>(</color><color #282>+10</color><color #ccc>,</color><color #f00>-1</color><color #ccc>)</color>//\\
''[[https://git.lede-project.org/?p=source.git;a=commitdiff;h=23b58f8acb412af2b4c5d5e53500a77f6a31824a|23b58f8]]'' **<nowiki>ramips:</nowiki>** <nowiki>fix PBR-D1 button definition</nowiki> //<color #ccc>(</color><color #282>+2</color><color #ccc>,</color><color #f00>-2</color><color #ccc>)</color>//\\
''[[https://git.lede-project.org/?p=source.git;a=commitdiff;h=377eac0ceb7145be6e294cbd077b9e562776fd50|377eac0]]'' **<nowiki>ramips:</nowiki>** <nowiki>fix LAN port order of WeVO W2914NS v2</nowiki> //<color #ccc>(</color><color #282>+4</color><color #ccc>,</color><color #f00>-1</color><color #ccc>)</color>//\\
''[[https://git.lede-project.org/?p=source.git;a=commitdiff;h=566de813c318d6d30ec3645ee46d3e7357e49f5e|566de81]]'' **<nowiki>ramips:</nowiki>** <nowiki>prevent packet forwarding on mt7620 between switch ports during init ...</nowiki> //<color #ccc>(</color><color #282>+7</color><color #ccc>,</color><color #f00>-5</color><color #ccc>)</color>//\\
''[[https://git.lede-project.org/?p=source.git;a=commitdiff;h=960c477432475fb672a1c9b696a4419b9b644342|960c477]]'' **<nowiki>ramips:</nowiki>** <nowiki>Fix led init script for Lenovo Y1/Y1s</nowiki> //<color #ccc>(</color><color #282>+10</color><color #ccc>,</color><color #f00>-3</color><color #ccc>)</color>//\\
''[[https://git.lede-project.org/?p=source.git;a=commitdiff;h=132b88ea3975fb512ba9cece87ead5576d979e05|132b88e]]'' **<nowiki>ramips:</nowiki>** <nowiki>adding DWM-158 3g Modem</nowiki> //<color #ccc>(</color><color #282>+14</color><color #ccc>)</color>//\\
''[[https://git.lede-project.org/?p=source.git;a=commitdiff;h=02ca833f042ff9b8db015da77d8b5e9c00ccb850|02ca833]]'' **<nowiki>ramips:</nowiki>** <nowiki>WNDR3700v5 fix mtd partitions and radios</nowiki> //<color #ccc>(</color><color #282>+7</color><color #ccc>,</color><color #f00>-6</color><color #ccc>)</color>//\\
''[[https://git.lede-project.org/?p=source.git;a=commitdiff;h=79abb8f140c0081145acc832cbbd65afcdd0176b|79abb8f]]'' **<nowiki>kernel:</nowiki>** <nowiki>bump to 4.4.39</nowiki> //<color #ccc>(</color><color #282>+24</color><color #ccc>,</color><color #f00>-34</color><color #ccc>)</color>//\\
''[[https://git.lede-project.org/?p=source.git;a=commitdiff;h=96a7ee3c80dec5cd86a25f6c72852928370e57b4|96a7ee3]]'' **<nowiki>ramips:</nowiki>** <nowiki>adding registration for si3210</nowiki> //<color #ccc>(</color><color #282>+28</color><color #ccc>)</color>//\\
''[[https://git.lede-project.org/?p=source.git;a=commitdiff;h=190ee7d86b450083fea4236d588d0d88a50e1311|190ee7d]]'' **<nowiki>ramips:</nowiki>** <nowiki>add support for ZyXEL Keenetic Omni / Omni II</nowiki> //<color #ccc>(</color><color #282>+277</color><color #ccc>)</color>//\\
''[[https://git.lede-project.org/?p=source.git;a=commitdiff;h=c8043137bbd323b1490ae8613eab915ba9c138ee|c804313]]'' **<nowiki>ramips:</nowiki>** <nowiki>Add support to TP-Link Archer MR200</nowiki> //<color #ccc>(</color><color #282>+253</color><color #ccc>,</color><color #f00>-1</color><color #ccc>)</color>//\\
''[[https://git.lede-project.org/?p=source.git;a=commitdiff;h=3a6353d910fc1e9a9fdafbd85c96d96d8d43746a|3a6353d]]'' **<nowiki>ramips:</nowiki>** <nowiki>enablemodem: move /lib/ramips.sh to start()</nowiki> //<color #ccc>(</color><color #282>+2</color><color #ccc>,</color><color #f00>-1</color><color #ccc>)</color>//\\
''[[https://git.lede-project.org/?p=source.git;a=commitdiff;h=4f033b2da67f666a98cce267c2426fb532c90590|4f033b2]]'' **<nowiki>ramips:</nowiki>** <nowiki>fix tplink image building fix sysupgrade firmware on MR200</nowiki> //<color #ccc>(</color><color #282>+5</color><color #ccc>,</color><color #f00>-4</color><color #ccc>)</color>//\\
''[[https://git.lede-project.org/?p=source.git;a=commitdiff;h=ae3ac76e565724e188138dafe38ebeed122e2cf8|ae3ac76]]'' **<nowiki>ramips:</nowiki>** <nowiki>use destinct 11AC NAS board name</nowiki> //<color #ccc>(</color><color #282>+44</color><color #ccc>,</color><color #f00>-30</color><color #ccc>)</color>//\\
''[[https://git.lede-project.org/?p=source.git;a=commitdiff;h=d2b6bf141662429d542b23e9e8f44245a77710a5|d2b6bf1]]'' **<nowiki>ramips:</nowiki>** <nowiki>fix image validation errors</nowiki> //<color #ccc>(</color><color #282>+15</color><color #ccc>,</color><color #f00>-13</color><color #ccc>)</color>//\\
''[[https://git.lede-project.org/?p=source.git;a=commitdiff;h=d2b1148e755254e2e41417fd18de03882e13bba8|d2b1148]]'' **<nowiki>ramips:</nowiki>** <nowiki>use D-Link DIR-600 B1 image for B2 version</nowiki> //<color #ccc>(</color><color #282>+1</color><color #ccc>,</color><color #f00>-121</color><color #ccc>)</color>//\\
''[[https://git.lede-project.org/?p=source.git;a=commitdiff;h=29f5e643ad130c138507dc767187744ad710208a|29f5e64]]'' **<nowiki>ramips:</nowiki>** <nowiki>sort rt305x image file alphabetical</nowiki> //<color #ccc>(</color><color #282>+155</color><color #ccc>,</color><color #f00>-218</color><color #ccc>)</color>//\\
''[[https://git.lede-project.org/?p=source.git;a=commitdiff;h=a75ce960ac1b9d67af280e17e1e653b3b39def20|a75ce96]]'' **<nowiki>ramips:</nowiki>** <nowiki>use different board names for variants</nowiki> //<color #ccc>(</color><color #282>+49</color><color #ccc>,</color><color #f00>-30</color><color #ccc>)</color>//\\
''[[https://git.lede-project.org/?p=source.git;a=commitdiff;h=0cf581ca3a2a692938003a7038d93f2e24d9125a|0cf581c]]'' **<nowiki>ramips:</nowiki>** <nowiki>use new image build code for more devices</nowiki> //<color #ccc>(</color><color #282>+447</color><color #ccc>,</color><color #f00>-413</color><color #ccc>)</color>//\\
''[[https://git.lede-project.org/?p=source.git;a=commitdiff;h=939ef157da1bb88a99453a59d0ae5bc2c7779aa5|939ef15]]'' **<nowiki>ramips:</nowiki>** <nowiki>fix NixcoreX1 profiles</nowiki> //<color #ccc>(</color><color #282>+2</color><color #ccc>,</color><color #f00>-2</color><color #ccc>)</color>//\\
''[[https://git.lede-project.org/?p=source.git;a=commitdiff;h=b28e94d4bfa1f81219765fc395e63ca81badd8df|b28e94d]]'' **<nowiki>ramips:</nowiki>** <nowiki>MiWiFi Nano fixes</nowiki> //<color #ccc>(</color><color #282>+31</color><color #ccc>,</color><color #f00>-18</color><color #ccc>)</color>//\\
''[[https://git.lede-project.org/?p=source.git;a=commitdiff;h=d6c831e0e5a0ef97eb054dd3eb382d66b1bffc40|d6c831e]]'' **<nowiki>generic:</nowiki>** <nowiki>mtd: backport SPI_NOR_HAS_LOCK</nowiki> //<color #ccc>(</color><color #282>+178</color><color #ccc>,</color><color #f00>-183</color><color #ccc>)</color>//\\
''[[https://git.lede-project.org/?p=source.git;a=commitdiff;h=84bd74057f0d2543ddbc7de2351b0a310df329c6|84bd740]]'' **<nowiki>build:</nowiki>** <nowiki>use mkhash to replace various quirky md5sum/openssl calls</nowiki> //<color #ccc>(</color><color #282>+28</color><color #ccc>,</color><color #f00>-45</color><color #ccc>)</color>//\\
''[[https://git.lede-project.org/?p=source.git;a=commitdiff;h=88ca6390eab24efda3f6333453cd645b5e20e400|88ca639]]'' **<nowiki>kernel:</nowiki>** <nowiki>bump to 4.4.40</nowiki> //<color #ccc>(</color><color #282>+48</color><color #ccc>,</color><color #f00>-153</color><color #ccc>)</color>//\\
''[[https://git.lede-project.org/?p=source.git;a=commitdiff;h=018d80007e6d9469077d938872e605f826010767|018d800]]'' **<nowiki>kernel:</nowiki>** <nowiki>remove ubifs xz decompression support</nowiki> //<color #ccc>(</color><color #282>+5</color><color #ccc>,</color><color #f00>-1.1K</color><color #ccc>)</color>//\\
''[[https://git.lede-project.org/?p=source.git;a=commitdiff;h=f2b6412c727f38563e8d0ac976de8dcf8109634b|f2b6412]]'' **<nowiki>ramips:</nowiki>** <nowiki>Fix VLAN limits for MT7621 GSW</nowiki> //<color #ccc>(</color><color #282>+5</color><color #ccc>,</color><color #f00>-1</color><color #ccc>)</color>//\\
''[[https://git.lede-project.org/?p=source.git;a=commitdiff;h=287283e6e3fb33743e1b2325f929bdf75fd7bf80|287283e]]'' **<nowiki>ramips:</nowiki>** <nowiki>rt3883: fix typo in pinctrl lna_g_func</nowiki> //<color #ccc>(</color><color #282>+26</color><color #ccc>)</color>//\\
''[[https://git.lede-project.org/?p=source.git;a=commitdiff;h=3f31029b190417e12f4d19d9999cd52ec76d0f85|3f31029]]'' **<nowiki>ramips:</nowiki>** <nowiki>add support for VoCore2</nowiki> //<color #ccc>(</color><color #282>+146</color><color #ccc>)</color>//\\
''[[https://git.lede-project.org/?p=source.git;a=commitdiff;h=29097b95ba266743f74401cbb905186bb74a414a|29097b9]]'' **<nowiki>ramips:</nowiki>** <nowiki>fix WLI-TX4-AG300N boot and network</nowiki> //<color #ccc>(</color><color #282>+11</color><color #ccc>,</color><color #f00>-2</color><color #ccc>)</color>//\\
''[[https://git.lede-project.org/?p=source.git;a=commitdiff;h=5b089e45a649b936d5ce71930adef4fdea8a7875|5b089e4]]'' **<nowiki>kernel:</nowiki>** <nowiki>update 4.4 kernel to 4.4.42</nowiki> //<color #ccc>(</color><color #282>+108</color><color #ccc>,</color><color #f00>-98</color><color #ccc>)</color>//\\
''[[https://git.lede-project.org/?p=source.git;a=commitdiff;h=1708644f1915eb7587a904d81da0ef0b559d1567|1708644]]'' **<nowiki>kernel:</nowiki>** <nowiki>backport MIPS changes introducing a separate IRQ stack</nowiki> //<color #ccc>(</color><color #282>+312</color><color #ccc>,</color><color #f00>-15</color><color #ccc>)</color>//\\
''[[https://git.lede-project.org/?p=source.git;a=commitdiff;h=80768ddccd6275d1506badcf57ae31560ca19da2|80768dd]]'' **<nowiki>ramips:</nowiki>** <nowiki>Add I2C driver to the default kernel config</nowiki> //<color #ccc>(</color><color #282>+7</color><color #ccc>,</color><color #f00>-23</color><color #ccc>)</color>//\\
''[[https://git.lede-project.org/?p=source.git;a=commitdiff;h=ab90f15c89da6aeadf8b95554fcd8ab8e3f433d0|ab90f15]]'' **<nowiki>ramips:</nowiki>** <nowiki>Added Onion Omega2 and Omega2+</nowiki> //<color #ccc>(</color><color #282>+249</color><color #ccc>)</color>//\\
''[[https://git.lede-project.org/?p=source.git;a=commitdiff;h=c067011af899bf637215849948a962241a3ed62a|c067011]]'' **<nowiki>ramips:</nowiki>** <nowiki>add back the i2c-mt7621 module</nowiki> //<color #ccc>(</color><color #282>+16</color><color #ccc>)</color>//\\
''[[https://git.lede-project.org/?p=source.git;a=commitdiff;h=6193e3cdeec546815e492c3df53a2ace37e8c074|6193e3c]]'' **<nowiki>ramips/rt288x:</nowiki>** <nowiki>switch CPU_TYPE to 24kc</nowiki> //<color #ccc>(</color><color #282>+1</color><color #ccc>,</color><color #f00>-1</color><color #ccc>)</color>//\\
''[[https://git.lede-project.org/?p=source.git;a=commitdiff;h=392cccb7f4189cb8f2f62df467af980b593ce073|392cccb]]'' **<nowiki>build:</nowiki>** <nowiki>remove mips16 feature flag from target makefiles</nowiki> //<color #ccc>(</color><color #282>+11</color><color #ccc>,</color><color #f00>-9</color><color #ccc>)</color>//\\
''[[https://git.lede-project.org/?p=source.git;a=commitdiff;h=bda982b97fae6073ab65c05c1c47bb5f71f8dccf|bda982b]]'' **<nowiki>ramips:</nowiki>** <nowiki>add missing DTS pcie node for WSR-600</nowiki> //<color #ccc>(</color><color #282>+21</color><color #ccc>)</color>//\\
''[[https://git.lede-project.org/?p=source.git;a=commitdiff;h=3f9a194e04a7bd857bcdd06e44616abef5dab209|3f9a194]]'' **<nowiki>ramips:</nowiki>** <nowiki>fix Airlink AR725W factory image build</nowiki> //<color #ccc>(</color><color #282>+5</color><color #ccc>,</color><color #f00>-2</color><color #ccc>)</color>//\\
''[[https://git.lede-project.org/?p=source.git;a=commitdiff;h=ee3067c588139ef60a72f5fecac979580d3651e3|ee3067c]]'' **<nowiki>Kernel:</nowiki>** <nowiki>bump to 4.4.44</nowiki> //<color #ccc>(</color><color #282>+41</color><color #ccc>,</color><color #f00>-76</color><color #ccc>)</color>//\\
''[[https://git.lede-project.org/?p=source.git;a=commitdiff;h=4e2c2b51f51e3f2643d5c781dfeed99c4d1adc38|4e2c2b5]]'' **<nowiki>ramips:</nowiki>** <nowiki>fix AR670W partition alignment</nowiki> //<color #ccc>(</color><color #282>+1</color><color #ccc>,</color><color #f00>-1</color><color #ccc>)</color>//\\
''[[https://git.lede-project.org/?p=source.git;a=commitdiff;h=57dfbac6ff6934ce41cb40cda93caf93ad10053a|57dfbac]]'' **<nowiki>ramips:</nowiki>** <nowiki>Correct switch configuration for Newifi D1</nowiki> //<color #ccc>(</color><color #282>+1</color><color #ccc>,</color><color #f00>-4</color><color #ccc>)</color>//\\
''[[https://git.lede-project.org/?p=source.git;a=commitdiff;h=e5060b32e5c662899971f450ea0983005e02ec57|e5060b3]]'' **<nowiki>ramips:</nowiki>** <nowiki>added image size into dwr-512 DT</nowiki> //<color #ccc>(</color><color #282>+1</color><color #ccc>)</color>//\\
''[[https://git.lede-project.org/?p=source.git;a=commitdiff;h=71ea3b481406cd44d2d94da60e6fdec5bc8a9eb9|71ea3b4]]'' **<nowiki>ramips:</nowiki>** <nowiki>fix PWM pin mux conflict in dtsi</nowiki> //<color #ccc>(</color><color #f00>-4</color><color #ccc>)</color>//\\
''[[https://git.lede-project.org/?p=source.git;a=commitdiff;h=25b7295617cc6b2e317ef970d6d8d04ada49822c|25b7295]]'' **<nowiki>ramips:</nowiki>** <nowiki>fix the number of uarts for MT7688</nowiki> //<color #ccc>(</color><color #282>+2</color><color #ccc>,</color><color #f00>-2</color><color #ccc>)</color>//\\

==== Target / rb532 (14 changes) ====
''[[https://git.lede-project.org/?p=source.git;a=commitdiff;h=7eeb254cc49c4e9f837c980826ec112b9404f341|7eeb254]]'' **<nowiki>treewide:</nowiki>** <nowiki>replace nbd@openwrt.org with nbd@nbd.name</nowiki> //<color #ccc>(</color><color #282>+299</color><color #ccc>,</color><color #f00>-299</color><color #ccc>)</color>//\\
''[[https://git.lede-project.org/?p=source.git;a=commitdiff;h=d106c7d56b7403788441837b15a59b1815319ad0|d106c7d]]'' **<nowiki>rb532:</nowiki>** <nowiki>rename patches directory to patches-4.1</nowiki> //<color #ccc>(</color><color #282>+22</color><color #ccc>,</color><color #f00>-24</color><color #ccc>)</color>//\\
''[[https://git.lede-project.org/?p=source.git;a=commitdiff;h=8cba87c5bd3e08e419dbf4e7bb599488b738dc5a|8cba87c]]'' **<nowiki>rb532:</nowiki>** <nowiki>rename config-default to config 4.1</nowiki> //<color #ccc>(</color><color #ccc>)</color>//\\
''[[https://git.lede-project.org/?p=source.git;a=commitdiff;h=2fc3680dd066419576cb0129d0c1bd7618b90f1a|2fc3680]]'' **<nowiki>kernel:</nowiki>** <nowiki>update kernel 4.1 to version 4.1.34</nowiki> //<color #ccc>(</color><color #282>+120</color><color #ccc>,</color><color #f00>-220</color><color #ccc>)</color>//\\
''[[https://git.lede-project.org/?p=source.git;a=commitdiff;h=db553ffb34e0f3039894505e15092655d2cda87e|db553ff]]'' **<nowiki>rb532:</nowiki>** <nowiki>Fix initramfs kernel images</nowiki> //<color #ccc>(</color><color #282>+1</color><color #ccc>,</color><color #f00>-1</color><color #ccc>)</color>//\\
''[[https://git.lede-project.org/?p=source.git;a=commitdiff;h=7a340a5cd0e64c84416ce8554f7d41728211e5cb|7a340a5]]'' **<nowiki>rb532:</nowiki>** <nowiki>Add support for kernel 4.4</nowiki> //<color #ccc>(</color><color #282>+225</color><color #ccc>)</color>//\\
''[[https://git.lede-project.org/?p=source.git;a=commitdiff;h=002264d5b1ac6e6d04b1dd569060de8ce03aa272|002264d]]'' **<nowiki>rb532:</nowiki>** <nowiki>Backport fix to resolve oops during korina_restart</nowiki> //<color #ccc>(</color><color #282>+56</color><color #ccc>)</color>//\\
''[[https://git.lede-project.org/?p=source.git;a=commitdiff;h=b69314ea9998c0daf903fd58ff977af0dc4a8ed5|b69314e]]'' **<nowiki>rb532:</nowiki>** <nowiki>Switch to kernel 4.4</nowiki> //<color #ccc>(</color><color #282>+1</color><color #ccc>,</color><color #f00>-1</color><color #ccc>)</color>//\\
''[[https://git.lede-project.org/?p=source.git;a=commitdiff;h=41b63b50d1c70bb00319580a3de4eb90691cfd28|41b63b5]]'' **<nowiki>rb532:</nowiki>** <nowiki>remove linux 4.1 support</nowiki> //<color #ccc>(</color><color #f00>-224</color><color #ccc>)</color>//\\
''[[https://git.lede-project.org/?p=source.git;a=commitdiff;h=88ca6390eab24efda3f6333453cd645b5e20e400|88ca639]]'' **<nowiki>kernel:</nowiki>** <nowiki>bump to 4.4.40</nowiki> //<color #ccc>(</color><color #282>+48</color><color #ccc>,</color><color #f00>-153</color><color #ccc>)</color>//\\
''[[https://git.lede-project.org/?p=source.git;a=commitdiff;h=5b6b0aa267bac03a8fb75d2e6c7dd98f384b7fea|5b6b0aa]]'' **<nowiki>rb532:</nowiki>** <nowiki>convert to new loopback based overlay support</nowiki> //<color #ccc>(</color><color #282>+52</color><color #ccc>,</color><color #f00>-36</color><color #ccc>)</color>//\\
''[[https://git.lede-project.org/?p=source.git;a=commitdiff;h=ad76fdfc8afc6e13b371cb47f6a82af39eabd414|ad76fdf]]'' **<nowiki>rb532:</nowiki>** <nowiki>switch to UBI, drop yaffs2 support, use sysupgrade for NAND</nowiki> //<color #ccc>(</color><color #282>+105</color><color #ccc>,</color><color #f00>-162</color><color #ccc>)</color>//\\
''[[https://git.lede-project.org/?p=source.git;a=commitdiff;h=50a3bce3eb1383fbdf76edb0851f0ec147dd7011|50a3bce]]'' **<nowiki>rb532:</nowiki>** <nowiki>drop patch-cmdline from base-files</nowiki> //<color #ccc>(</color><color #f00>-90</color><color #ccc>)</color>//\\
''[[https://git.lede-project.org/?p=source.git;a=commitdiff;h=018d80007e6d9469077d938872e605f826010767|018d800]]'' **<nowiki>kernel:</nowiki>** <nowiki>remove ubifs xz decompression support</nowiki> //<color #ccc>(</color><color #282>+5</color><color #ccc>,</color><color #f00>-1.1K</color><color #ccc>)</color>//\\

==== Target / realview (6 changes) ====
''[[https://git.lede-project.org/?p=source.git;a=commitdiff;h=dc929174095a00150de6a3e48d46355d24f223b9|dc92917]]'' <nowiki>image / basefiles: make console password configurable</nowiki> //<color #ccc>(</color><color #282>+48</color><color #ccc>,</color><color #f00>-42</color><color #ccc>)</color>//\\
''[[https://git.lede-project.org/?p=source.git;a=commitdiff;h=24cd658a9d60fb988cf8eadf7442e5a3e114665e|24cd658]]'' **<nowiki>realview:</nowiki>** <nowiki>bump to v4.4</nowiki> //<color #ccc>(</color><color #282>+1</color><color #ccc>,</color><color #f00>-1</color><color #ccc>)</color>//\\
''[[https://git.lede-project.org/?p=source.git;a=commitdiff;h=9fc250a481cabdf1678d097e320fde8536917fdb|9fc250a]]'' **<nowiki>realview:</nowiki>** <nowiki>sync kernel config file</nowiki> //<color #ccc>(</color><color #282>+29</color><color #ccc>,</color><color #f00>-13</color><color #ccc>)</color>//\\
''[[https://git.lede-project.org/?p=source.git;a=commitdiff;h=212c6bd781c2df9b1edcddc7278c9a6fecae44a4|212c6bd]]'' **<nowiki>realview:</nowiki>** <nowiki>rename config-default to config-4.4</nowiki> //<color #ccc>(</color><color #ccc>)</color>//\\
''[[https://git.lede-project.org/?p=source.git;a=commitdiff;h=aa53f78038d541052de8764323f6f26578327606|aa53f78]]'' **<nowiki>build:</nowiki>** <nowiki>fix subtarget descriptions</nowiki> //<color #ccc>(</color><color #282>+58</color><color #ccc>,</color><color #f00>-60</color><color #ccc>)</color>//\\
''[[https://git.lede-project.org/?p=source.git;a=commitdiff;h=a2798cff0f67349d7c1fe26f339439431188ec15|a2798cf]]'' **<nowiki>realview:</nowiki>** <nowiki>drop the target</nowiki> //<color #ccc>(</color><color #f00>-422</color><color #ccc>)</color>//\\

==== Target / sunxi (18 changes) ====
''[[https://git.lede-project.org/?p=source.git;a=commitdiff;h=dc929174095a00150de6a3e48d46355d24f223b9|dc92917]]'' <nowiki>image / basefiles: make console password configurable</nowiki> //<color #ccc>(</color><color #282>+48</color><color #ccc>,</color><color #f00>-42</color><color #ccc>)</color>//\\
''[[https://git.lede-project.org/?p=source.git;a=commitdiff;h=be83f982a71eb76288d011d6681739059d9a6ead|be83f98]]'' **<nowiki>sunxi:</nowiki>** <nowiki>delete old kernel versions</nowiki> //<color #ccc>(</color><color #f00>-18.2K</color><color #ccc>)</color>//\\
''[[https://git.lede-project.org/?p=source.git;a=commitdiff;h=638a5682e1e66697649f89cb594b58a4ab0161b1|638a568]]'' **<nowiki>kernel:</nowiki>** <nowiki>remove bogus CONFIG_LOG_BUF_SHIFT overrides</nowiki> //<color #ccc>(</color><color #f00>-6</color><color #ccc>)</color>//\\
''[[https://git.lede-project.org/?p=source.git;a=commitdiff;h=8f6df9465eb9c99bbe98fdd8175a8e73a78c2254|8f6df94]]'' **<nowiki>sunxi:</nowiki>** <nowiki>remove XFRM_ config symbols</nowiki> //<color #ccc>(</color><color #f00>-2</color><color #ccc>)</color>//\\
''[[https://git.lede-project.org/?p=source.git;a=commitdiff;h=bf89f5404b31494630a17778e9c60cc7d7dd672f|bf89f54]]'' **<nowiki>sunxi:</nowiki>** <nowiki>remove NAMESPACES config symbols</nowiki> //<color #ccc>(</color><color #f00>-4</color><color #ccc>)</color>//\\
''[[https://git.lede-project.org/?p=source.git;a=commitdiff;h=cf6d9d97fbaa7d85b0f972bdc7ad710e96125fd2|cf6d9d9]]'' **<nowiki>kernel:</nowiki>** <nowiki>rename B53 symbols to avoid upstream kernel conflict</nowiki> //<color #ccc>(</color><color #282>+52</color><color #ccc>,</color><color #f00>-52</color><color #ccc>)</color>//\\
''[[https://git.lede-project.org/?p=source.git;a=commitdiff;h=84a1a0edf051deb78c0340390c87acd9a16a4350|84a1a0e]]'' **<nowiki>sunxi/pcduino3:</nowiki>** <nowiki>Remove selection of absent rtl8188eu</nowiki> //<color #ccc>(</color><color #282>+1</color><color #ccc>,</color><color #f00>-1</color><color #ccc>)</color>//\\
''[[https://git.lede-project.org/?p=source.git;a=commitdiff;h=a530196f8de4cc532ace01910f505d8c4cc88cc6|a530196]]'' **<nowiki>sunxi:</nowiki>** <nowiki>add rtl8xxxu into pcduino v3 profile</nowiki> //<color #ccc>(</color><color #282>+1</color><color #ccc>,</color><color #f00>-1</color><color #ccc>)</color>//\\
''[[https://git.lede-project.org/?p=source.git;a=commitdiff;h=87b2b89959e0cfed7946a3712355642395750ca9|87b2b89]]'' **<nowiki>tools:</nowiki>** <nowiki>remove old mkdosfs symlink from dosfstools</nowiki> //<color #ccc>(</color><color #282>+4</color><color #ccc>,</color><color #f00>-5</color><color #ccc>)</color>//\\
''[[https://git.lede-project.org/?p=source.git;a=commitdiff;h=468735c3a2f75f4ae6592608c789d8753f418a84|468735c]]'' **<nowiki>target:</nowiki>** <nowiki>sunxi: enable kvm support</nowiki> //<color #ccc>(</color><color #282>+48</color><color #ccc>,</color><color #f00>-16</color><color #ccc>)</color>//\\
''[[https://git.lede-project.org/?p=source.git;a=commitdiff;h=715fd8c5bc7c113960ddf077f02144f4d6fa96ff|715fd8c]]'' **<nowiki>target:</nowiki>** <nowiki>sunxi: enable builtin crypto-hw module sun4i-ss</nowiki> //<color #ccc>(</color><color #282>+5</color><color #ccc>)</color>//\\
''[[https://git.lede-project.org/?p=source.git;a=commitdiff;h=f3096e6322751d9d1edf3be0ce10371fa0783ae6|f3096e6]]'' **<nowiki>sunxi:</nowiki>** <nowiki>enable CONFIG_VHOST_NET like on x86</nowiki> //<color #ccc>(</color><color #282>+1</color><color #ccc>,</color><color #f00>-2</color><color #ccc>)</color>//\\
''[[https://git.lede-project.org/?p=source.git;a=commitdiff;h=76ee28ce9d56b5161da87766960d8d78661ce73e|76ee28c]]'' **<nowiki>sunxi:</nowiki>** <nowiki>fix dts name for Mele M9</nowiki> //<color #ccc>(</color><color #282>+1</color><color #ccc>,</color><color #f00>-1</color><color #ccc>)</color>//\\
''[[https://git.lede-project.org/?p=source.git;a=commitdiff;h=d53fcdefbf5443e0cc404cead7ba48f9978b81f3|d53fcde]]'' **<nowiki>sunxi:</nowiki>** <nowiki>enable loopback device and f2fs support</nowiki> //<color #ccc>(</color><color #282>+14</color><color #ccc>)</color>//\\
''[[https://git.lede-project.org/?p=source.git;a=commitdiff;h=4eb0fd8283940db6a92bbba47b12a236f6adee62|4eb0fd8]]'' **<nowiki>sunxi:</nowiki>** <nowiki>convert to new image generation method</nowiki> //<color #ccc>(</color><color #282>+171</color><color #ccc>,</color><color #f00>-363</color><color #ccc>)</color>//\\
''[[https://git.lede-project.org/?p=source.git;a=commitdiff;h=8a2c56ca0326f944260f55fd03cafc34572dcba8|8a2c56c]]'' **<nowiki>sunxi:</nowiki>** <nowiki>make sdcard image with squashfs as rootfs</nowiki> //<color #ccc>(</color><color #282>+2</color><color #ccc>,</color><color #f00>-1</color><color #ccc>)</color>//\\
''[[https://git.lede-project.org/?p=source.git;a=commitdiff;h=5ece16fd237688f8f8d33cd4bbc5137733365215|5ece16f]]'' **<nowiki>sunxi:</nowiki>** <nowiki>add sysupgrade support</nowiki> //<color #ccc>(</color><color #282>+91</color><color #ccc>)</color>//\\
''[[https://git.lede-project.org/?p=source.git;a=commitdiff;h=0ac00c931cc6f0c8a1b9a546f6d9aaa275e8959a|0ac00c9]]'' **<nowiki>sunxi:</nowiki>** <nowiki>use fwtool for checking sdcard images</nowiki> //<color #ccc>(</color><color #282>+19</color><color #ccc>,</color><color #f00>-153</color><color #ccc>)</color>//\\

==== Target / uml (5 changes) ====
''[[https://git.lede-project.org/?p=source.git;a=commitdiff;h=49ad0c565acd16a66d96c4b8d19333eae7855735|49ad0c5]]'' **<nowiki>tools:</nowiki>** <nowiki>fix make_ext4fs build with recent glibc</nowiki> //<color #ccc>(</color><color #282>+5</color><color #ccc>,</color><color #f00>-3</color><color #ccc>)</color>//\\
 => ''[[https://git.openwrt.org/?p=project/make_ext4fs.git;a=commitdiff;h=bf98b86a5df5fcfb658d77fd5e0897ca87a35e8e|bf98b86]]'' <nowiki>Include sys/sysmacros.h explicitely.</nowiki> //<color #ccc>(</color><color #282>+1</color><color #ccc>,</color><color #f00>-2</color><color #ccc>)</color>//\\
''[[https://git.lede-project.org/?p=source.git;a=commitdiff;h=c0a287610ac69fd2b40d8b8c87ec39f85cea751b|c0a2876]]'' **<nowiki>uml:</nowiki>** <nowiki>revert accidentally committed change</nowiki> //<color #ccc>(</color><color #f00>-1</color><color #ccc>)</color>//\\
''[[https://git.lede-project.org/?p=source.git;a=commitdiff;h=dd1b69a058a03c2dd87ccf5994ee299ced3b0f3b|dd1b69a]]'' **<nowiki>uml:</nowiki>** <nowiki>set inittab for working console</nowiki> //<color #ccc>(</color><color #282>+4</color><color #ccc>)</color>//\\
''[[https://git.lede-project.org/?p=source.git;a=commitdiff;h=426e4d93bb2a36022f505d7dddeb7571dcd0b524|426e4d9]]'' **<nowiki>uml:</nowiki>** <nowiki>clean up the kernel config and add squashfs+ext4/f2fs support</nowiki> //<color #ccc>(</color><color #282>+23</color><color #ccc>,</color><color #f00>-20</color><color #ccc>)</color>//\\
''[[https://git.lede-project.org/?p=source.git;a=commitdiff;h=c2ecf9c37ad7b3fe8232e685beebcae3054d9c12|c2ecf9c]]'' **<nowiki>uml:</nowiki>** <nowiki>mark as source-only</nowiki> //<color #ccc>(</color><color #282>+1</color><color #ccc>,</color><color #f00>-1</color><color #ccc>)</color>//\\

==== Target / x86 (65 changes) ====
''[[https://git.lede-project.org/?p=source.git;a=commitdiff;h=fa69553900516944fc43cf7b377105ea1f6d3db0|fa69553]]'' **<nowiki>branding:</nowiki>** <nowiki>add LEDE branding</nowiki> //<color #ccc>(</color><color #282>+76</color><color #ccc>,</color><color #f00>-85</color><color #ccc>)</color>//\\
''[[https://git.lede-project.org/?p=source.git;a=commitdiff;h=9f422eba7c1a297a96a03b1cce05fa3cb9d71a4a|9f422eb]]'' **<nowiki>x86:</nowiki>** <nowiki>make sysupgrade work without partx</nowiki> //<color #ccc>(</color><color #282>+28</color><color #ccc>,</color><color #f00>-6</color><color #ccc>)</color>//\\
''[[https://git.lede-project.org/?p=source.git;a=commitdiff;h=924fb794bde41eca8289c6cf10322bf6683b4a80|924fb79]]'' **<nowiki>x86:</nowiki>** <nowiki>search PARTUUID in any block device</nowiki> //<color #ccc>(</color><color #282>+2</color><color #ccc>,</color><color #f00>-1</color><color #ccc>)</color>//\\
''[[https://git.lede-project.org/?p=source.git;a=commitdiff;h=e88528683487aaf23a9b9a0b2c68009352ea029a|e885286]]'' **<nowiki>target:</nowiki>** <nowiki>globally remove ARCH_PACKAGES overrides</nowiki> //<color #ccc>(</color><color #f00>-14</color><color #ccc>)</color>//\\
''[[https://git.lede-project.org/?p=source.git;a=commitdiff;h=dc929174095a00150de6a3e48d46355d24f223b9|dc92917]]'' <nowiki>image / basefiles: make console password configurable</nowiki> //<color #ccc>(</color><color #282>+48</color><color #ccc>,</color><color #f00>-42</color><color #ccc>)</color>//\\
''[[https://git.lede-project.org/?p=source.git;a=commitdiff;h=ec5680a73d3ca861af0b386cd28b3f27c440ecc8|ec5680a]]'' **<nowiki>x86:</nowiki>** <nowiki>remove old references to kmod-acpi-button</nowiki> //<color #ccc>(</color><color #282>+2</color><color #ccc>,</color><color #f00>-2</color><color #ccc>)</color>//\\
''[[https://git.lede-project.org/?p=source.git;a=commitdiff;h=dee8986b95dcc200550faebe49c143e5d2357c60|dee8986]]'' **<nowiki>x86:</nowiki>** <nowiki>remove the ep80579 subtarget, it has been unmaintained for a long time</nowiki> //<color #ccc>(</color><color #282>+1</color><color #ccc>,</color><color #f00>-23</color><color #ccc>)</color>//\\
''[[https://git.lede-project.org/?p=source.git;a=commitdiff;h=bc0ea9c27384df7bc6cbe17a030899677c9fcfb6|bc0ea9c]]'' **<nowiki>x86:</nowiki>** <nowiki>remove maintainer override for x86_64</nowiki> //<color #ccc>(</color><color #f00>-1</color><color #ccc>)</color>//\\
''[[https://git.lede-project.org/?p=source.git;a=commitdiff;h=167404ceb5f29903f72030b7bf7bf9d868a6a4ee|167404c]]'' **<nowiki>x86/64:</nowiki>** <nowiki>enable virtualization support for spinlocks to improve kvm performance</nowiki> //<color #ccc>(</color><color #282>+1</color><color #ccc>,</color><color #f00>-6</color><color #ccc>)</color>//\\
''[[https://git.lede-project.org/?p=source.git;a=commitdiff;h=959bc143a019f23e9faac79e475b269e2a7efabc|959bc14]]'' **<nowiki>x86/64:</nowiki>** <nowiki>add more hardware RNG drivers, including for virtio</nowiki> //<color #ccc>(</color><color #282>+2</color><color #ccc>,</color><color #f00>-1</color><color #ccc>)</color>//\\
''[[https://git.lede-project.org/?p=source.git;a=commitdiff;h=7d7fb75df5735a089d183ca3d24c06d4b5178dc8|7d7fb75]]'' **<nowiki>x86:</nowiki>** <nowiki>remove the kvm_guest subtarget</nowiki> //<color #ccc>(</color><color #282>+1</color><color #ccc>,</color><color #f00>-204</color><color #ccc>)</color>//\\
''[[https://git.lede-project.org/?p=source.git;a=commitdiff;h=303a2414782461469a2be17bb86334efc3b90159|303a241]]'' **<nowiki>x86:</nowiki>** <nowiki>enable grub at_keyboard support for x86_64</nowiki> //<color #ccc>(</color><color #282>+1</color><color #ccc>,</color><color #f00>-1</color><color #ccc>)</color>//\\
''[[https://git.lede-project.org/?p=source.git;a=commitdiff;h=018807ded328ac5df3ccff74872ca2576733dced|018807d]]'' **<nowiki>x86/xen_domu:</nowiki>** <nowiki>enable xen drivers in the kernel config instead of packaging th...</nowiki> //<color #ccc>(</color><color #282>+17</color><color #ccc>,</color><color #f00>-131</color><color #ccc>)</color>//\\
''[[https://git.lede-project.org/?p=source.git;a=commitdiff;h=ca12fd431d8dc03e182e3e34a18e1efe65b0111c|ca12fd4]]'' **<nowiki>x86:</nowiki>** <nowiki>remove obsolete modules.mk</nowiki> //<color #ccc>(</color><color #f00>-22</color><color #ccc>)</color>//\\
''[[https://git.lede-project.org/?p=source.git;a=commitdiff;h=2e5f84fc10a5feeb1bb6a9805904b93ff6dc24bb|2e5f84f]]'' **<nowiki>x86:</nowiki>** <nowiki>remove legacy script/makefile code for rdc devices</nowiki> //<color #ccc>(</color><color #f00>-85</color><color #ccc>)</color>//\\
''[[https://git.lede-project.org/?p=source.git;a=commitdiff;h=cebc410d0239832450d2a57eda1ee5bff488b7f9|cebc410]]'' **<nowiki>x86:</nowiki>** <nowiki>remove rdc specific kernel patch</nowiki> //<color #ccc>(</color><color #f00>-11</color><color #ccc>)</color>//\\
''[[https://git.lede-project.org/?p=source.git;a=commitdiff;h=900b4865b83b758ff219133f7ed53c5d690cbe64|900b486]]'' **<nowiki>x86:</nowiki>** <nowiki>remove obsolete Config.in file</nowiki> //<color #ccc>(</color><color #f00>-14</color><color #ccc>)</color>//\\
''[[https://git.lede-project.org/?p=source.git;a=commitdiff;h=825ef34f15b0b66d2c77bc6dc6002268c310a356|825ef34]]'' **<nowiki>x86:</nowiki>** <nowiki>remove defunct etherboot image building code</nowiki> //<color #ccc>(</color><color #f00>-7</color><color #ccc>)</color>//\\
''[[https://git.lede-project.org/?p=source.git;a=commitdiff;h=98010ab4898685ac32e8a27bb010c0872c401610|98010ab]]'' **<nowiki>kernel:</nowiki>** <nowiki>remove ocf support, cryptodev-linux should be used instead</nowiki> //<color #ccc>(</color><color #282>+4</color><color #ccc>,</color><color #f00>-94.7K</color><color #ccc>)</color>//\\
''[[https://git.lede-project.org/?p=source.git;a=commitdiff;h=0fd183c1553473f77d9b12f0e2babe67a5ecf8ed|0fd183c]]'' **<nowiki>x86_64:</nowiki>** <nowiki>enable mmc to support booting off sd</nowiki> //<color #ccc>(</color><color #282>+8</color><color #ccc>)</color>//\\
''[[https://git.lede-project.org/?p=source.git;a=commitdiff;h=1012701014bd944197031a3c0023527861b521b4|1012701]]'' **<nowiki>x86:</nowiki>** <nowiki>generalize partition discovery for sysupgrade</nowiki> //<color #ccc>(</color><color #282>+55</color><color #ccc>,</color><color #f00>-26</color><color #ccc>)</color>//\\
''[[https://git.lede-project.org/?p=source.git;a=commitdiff;h=b8b23e0e648405a0af7443b7d9412f47dd9a44d4|b8b23e0]]'' **<nowiki>x86:</nowiki>** <nowiki>enable DMI and DMI_SYSFS</nowiki> //<color #ccc>(</color><color #282>+6</color><color #ccc>,</color><color #f00>-12</color><color #ccc>)</color>//\\
''[[https://git.lede-project.org/?p=source.git;a=commitdiff;h=699f7ecd156bd147aaee554ad648bd8689d9358c|699f7ec]]'' **<nowiki>x86:</nowiki>** <nowiki>use sysfs DMI information to populate sysinfo</nowiki> //<color #ccc>(</color><color #282>+28</color><color #ccc>)</color>//\\
''[[https://git.lede-project.org/?p=source.git;a=commitdiff;h=6c2fc113f3480214d6749bc5a57344317957f541|6c2fc11]]'' **<nowiki>x86:</nowiki>** <nowiki>reorganize x86_32 support</nowiki> //<color #ccc>(</color><color #282>+238</color><color #ccc>,</color><color #f00>-1</color><color #ccc>)</color>//\\
''[[https://git.lede-project.org/?p=source.git;a=commitdiff;h=febc6cc5bf4b9523842097e917e0ba9addf18193|febc6cc]]'' **<nowiki>x86:</nowiki>** <nowiki>lift generic x86-32 target</nowiki> //<color #ccc>(</color><color #282>+136</color><color #ccc>,</color><color #f00>-17</color><color #ccc>)</color>//\\
''[[https://git.lede-project.org/?p=source.git;a=commitdiff;h=7eeb254cc49c4e9f837c980826ec112b9404f341|7eeb254]]'' **<nowiki>treewide:</nowiki>** <nowiki>replace nbd@openwrt.org with nbd@nbd.name</nowiki> //<color #ccc>(</color><color #282>+299</color><color #ccc>,</color><color #f00>-299</color><color #ccc>)</color>//\\
''[[https://git.lede-project.org/?p=source.git;a=commitdiff;h=d5ee23ee275fcd6550b0051de59706cc928cdac8|d5ee23e]]'' **<nowiki>x86:</nowiki>** <nowiki>stop relying on hexdump for image build signature</nowiki> //<color #ccc>(</color><color #282>+1</color><color #ccc>,</color><color #f00>-1</color><color #ccc>)</color>//\\
''[[https://git.lede-project.org/?p=source.git;a=commitdiff;h=e892472b1eb1dc5529c2c1b14173446be9704508|e892472]]'' **<nowiki>x86:</nowiki>** <nowiki>enable kmod-igb on 64-bit by default</nowiki> //<color #ccc>(</color><color #282>+1</color><color #ccc>,</color><color #f00>-1</color><color #ccc>)</color>//\\
''[[https://git.lede-project.org/?p=source.git;a=commitdiff;h=2ea76bdf04af4f2efefea6ca84e055086634e4be|2ea76bd]]'' **<nowiki>x64:</nowiki>** <nowiki>add legacy IDE, fix VirtualBox bug #84 and Fujitsu Futro S550-2</nowiki> //<color #ccc>(</color><color #282>+3</color><color #ccc>,</color><color #f00>-1</color><color #ccc>)</color>//\\
''[[https://git.lede-project.org/?p=source.git;a=commitdiff;h=4221288db7ef1afb2a9041965d86e9d3056e0747|4221288]]'' **<nowiki>x86/generic:</nowiki>** <nowiki>enable CONFIG_SATA_VIA</nowiki> //<color #ccc>(</color><color #282>+1</color><color #ccc>)</color>//\\
''[[https://git.lede-project.org/?p=source.git;a=commitdiff;h=eceb6b924aea73223ea0b64c6ccf8c5d87a8138d|eceb6b9]]'' **<nowiki>x86:</nowiki>** <nowiki>remove obsolete reference to $(PROFILE)</nowiki> //<color #ccc>(</color><color #f00>-1</color><color #ccc>)</color>//\\
''[[https://git.lede-project.org/?p=source.git;a=commitdiff;h=d3b21bb2bb4caba0371ddbec19c080bc42f095c7|d3b21bb]]'' **<nowiki>x86:</nowiki>** <nowiki>enable CPU frequency scaling</nowiki> //<color #ccc>(</color><color #282>+15</color><color #ccc>,</color><color #f00>-5</color><color #ccc>)</color>//\\
''[[https://git.lede-project.org/?p=source.git;a=commitdiff;h=056ce2474db888eae029ed3e7138a89d69ffbd55|056ce24]]'' **<nowiki>x86:</nowiki>** <nowiki>enable fpu for all subtargets</nowiki> //<color #ccc>(</color><color #282>+2</color><color #ccc>,</color><color #f00>-2</color><color #ccc>)</color>//\\
''[[https://git.lede-project.org/?p=source.git;a=commitdiff;h=580f24bc967bccd0b33e2b3505566952d2f47db8|580f24b]]'' **<nowiki>x86:</nowiki>** <nowiki>enable f2fs and loopback device support in the kernel config</nowiki> //<color #ccc>(</color><color #282>+10</color><color #ccc>,</color><color #f00>-7</color><color #ccc>)</color>//\\
''[[https://git.lede-project.org/?p=source.git;a=commitdiff;h=c6eb09d5a327a43e92ee7f4df2e8002e7259bebd|c6eb09d]]'' **<nowiki>x86:</nowiki>** <nowiki>enable mkf2fs and e2fsprogs by default</nowiki> //<color #ccc>(</color><color #282>+2</color><color #ccc>,</color><color #f00>-2</color><color #ccc>)</color>//\\
''[[https://git.lede-project.org/?p=source.git;a=commitdiff;h=be59b1718debd441833542f11a8c01e848bf6fbb|be59b17]]'' **<nowiki>x86:</nowiki>** <nowiki>drop the use of block2mtd, use ext4/f2fs as overlay filesystem</nowiki> //<color #ccc>(</color><color #282>+2</color><color #ccc>,</color><color #f00>-16</color><color #ccc>)</color>//\\
''[[https://git.lede-project.org/?p=source.git;a=commitdiff;h=ca356887edbd509d15165009a2cc73991f76c399|ca35688]]'' **<nowiki>x86:</nowiki>** <nowiki>disable MTD support</nowiki> //<color #ccc>(</color><color #282>+1</color><color #ccc>,</color><color #f00>-3</color><color #ccc>)</color>//\\
''[[https://git.lede-project.org/?p=source.git;a=commitdiff;h=92eaf27c62cad5f9832dc7084e1ae14d5e7b47e6|92eaf27]]'' <nowiki>use immediate set in target Makefiles</nowiki> //<color #ccc>(</color><color #282>+7</color><color #ccc>,</color><color #f00>-7</color><color #ccc>)</color>//\\
''[[https://git.lede-project.org/?p=source.git;a=commitdiff;h=d1000f81a895bd84d9aa19998cc4a468a5f68ea4|d1000f8]]'' **<nowiki>x86:</nowiki>** <nowiki>64: enable pci hotplug and acpipnp</nowiki> //<color #ccc>(</color><color #282>+9</color><color #ccc>,</color><color #f00>-7</color><color #ccc>)</color>//\\
''[[https://git.lede-project.org/?p=source.git;a=commitdiff;h=fe6a3415e091850506a4fa5a8ef6d86148934c64|fe6a341]]'' **<nowiki>x86:</nowiki>** <nowiki>refresh generic subtarget config</nowiki> //<color #ccc>(</color><color #282>+2</color><color #ccc>,</color><color #f00>-4</color><color #ccc>)</color>//\\
''[[https://git.lede-project.org/?p=source.git;a=commitdiff;h=cf8aa18040193b5e63881e3aac1ccb32f921ec57|cf8aa18]]'' **<nowiki>x86:</nowiki>** <nowiki>add PATA support to generic and 64 subtargets</nowiki> //<color #ccc>(</color><color #282>+14</color><color #ccc>)</color>//\\
''[[https://git.lede-project.org/?p=source.git;a=commitdiff;h=40a16fec6a8ddecd022452b1c2052bf08b681687|40a16fe]]'' **<nowiki>x86-generic:</nowiki>** <nowiki>add MMC support to boot off SD cards</nowiki> //<color #ccc>(</color><color #282>+8</color><color #ccc>)</color>//\\
''[[https://git.lede-project.org/?p=source.git;a=commitdiff;h=81e3c022e017be76d4f3eaf67cfd7ddba09e85be|81e3c02]]'' **<nowiki>x86:</nowiki>** <nowiki>fix GRUB_ROOT for Xen subtarget</nowiki> //<color #ccc>(</color><color #282>+7</color><color #ccc>,</color><color #f00>-1</color><color #ccc>)</color>//\\
''[[https://git.lede-project.org/?p=source.git;a=commitdiff;h=81a2f9d6f8612e5f0f440a9690a711d1c2d3fbc5|81a2f9d]]'' **<nowiki>target/linux/x86/image:</nowiki>** <nowiki>add explicit prefix to grub-mkimage command</nowiki> //<color #ccc>(</color><color #282>+2</color><color #ccc>)</color>//\\
''[[https://git.lede-project.org/?p=source.git;a=commitdiff;h=1831e616999cc081c83219fc504f4e73eb098612|1831e61]]'' **<nowiki>x86/64:</nowiki>** <nowiki>enable Hyper-V support in the x86_64 kernel config</nowiki> //<color #ccc>(</color><color #282>+32</color><color #ccc>,</color><color #f00>-1</color><color #ccc>)</color>//\\
''[[https://git.lede-project.org/?p=source.git;a=commitdiff;h=19059d84a441994d18bb3ed3c1cb5450f75204f8|19059d8]]'' **<nowiki>linux:</nowiki>** <nowiki>correct deps for x86-xen-domu target</nowiki> //<color #ccc>(</color><color #f00>-1</color><color #ccc>)</color>//\\
''[[https://git.lede-project.org/?p=source.git;a=commitdiff;h=301301da2b2998177d4c34521f933c828972a985|301301d]]'' **<nowiki>x86/64:</nowiki>** <nowiki>enable AES-NI support in kernel</nowiki> //<color #ccc>(</color><color #282>+2</color><color #ccc>,</color><color #f00>-1</color><color #ccc>)</color>//\\
''[[https://git.lede-project.org/?p=source.git;a=commitdiff;h=fa37bdc05a3e8ebab7de293d059959b2efc99581|fa37bdc]]'' **<nowiki>x86:</nowiki>** <nowiki>move sysupgrade.tgz only if it exists</nowiki> //<color #ccc>(</color><color #282>+6</color><color #ccc>,</color><color #f00>-3</color><color #ccc>)</color>//\\
''[[https://git.lede-project.org/?p=source.git;a=commitdiff;h=6f61d8511eccf2736fd7f430aff2c98c595fa4b9|6f61d85]]'' **<nowiki>base-files:</nowiki>** <nowiki>export x86 platform upgrade functions to common.sh</nowiki> //<color #ccc>(</color><color #282>+95</color><color #ccc>,</color><color #f00>-96</color><color #ccc>)</color>//\\
''[[https://git.lede-project.org/?p=source.git;a=commitdiff;h=4235cd0d951b588892f4520e88c7bd219668cee1|4235cd0]]'' **<nowiki>x86:</nowiki>** <nowiki>add kernel module for AMD CS5535/CS5536 audio chipset</nowiki> //<color #ccc>(</color><color #282>+21</color><color #ccc>)</color>//\\
''[[https://git.lede-project.org/?p=source.git;a=commitdiff;h=83eef37400addfffe936959c10f2b2a8c1388907|83eef37]]'' **<nowiki>x86/64:</nowiki>** <nowiki>enable the fusion scsi driver</nowiki> //<color #ccc>(</color><color #282>+6</color><color #ccc>)</color>//\\
''[[https://git.lede-project.org/?p=source.git;a=commitdiff;h=e38fd1eced6d2035f9f8d65eacbb69fd7d008158|e38fd1e]]'' **<nowiki>x86:</nowiki>** <nowiki>disable a workaround for a buggy glibc version</nowiki> //<color #ccc>(</color><color #282>+1</color><color #ccc>,</color><color #f00>-1</color><color #ccc>)</color>//\\
''[[https://git.lede-project.org/?p=source.git;a=commitdiff;h=749918911d35613f8bf7852d2a91f78ff625739e|7499189]]'' **<nowiki>x86:</nowiki>** <nowiki>disable crashlog</nowiki> //<color #ccc>(</color><color #282>+2</color><color #ccc>,</color><color #f00>-1</color><color #ccc>)</color>//\\
''[[https://git.lede-project.org/?p=source.git;a=commitdiff;h=296772f9392bcb3cdc6b02011b4c311fec380cb1|296772f]]'' **<nowiki>x86/generic:</nowiki>** <nowiki>add xen DomU support</nowiki> //<color #ccc>(</color><color #282>+67</color><color #ccc>,</color><color #f00>-4</color><color #ccc>)</color>//\\
''[[https://git.lede-project.org/?p=source.git;a=commitdiff;h=b36e24f39e633f8f5061b52d496f5f17a2b210f2|b36e24f]]'' **<nowiki>x86:</nowiki>** <nowiki>remove the xen_domu subtarget</nowiki> //<color #ccc>(</color><color #282>+1</color><color #ccc>,</color><color #f00>-135</color><color #ccc>)</color>//\\
''[[https://git.lede-project.org/?p=source.git;a=commitdiff;h=b630d525c88e824d250f5c565356ed870c16330e|b630d52]]'' **<nowiki>x86:</nowiki>** <nowiki>unify CPU_TYPE for legacy and geode</nowiki> //<color #ccc>(</color><color #282>+2</color><color #ccc>,</color><color #f00>-5</color><color #ccc>)</color>//\\
''[[https://git.lede-project.org/?p=source.git;a=commitdiff;h=e9ecb228c9d80605884058d7653e2eb56ba64051|e9ecb22]]'' **<nowiki>x86:</nowiki>** <nowiki>fix sysupgrades on disks with 4k block size</nowiki> //<color #ccc>(</color><color #282>+2</color><color #ccc>,</color><color #f00>-9</color><color #ccc>)</color>//\\
''[[https://git.lede-project.org/?p=source.git;a=commitdiff;h=af3ae4b37ce1d476c7ab73e8f73ce1f1b47748b9|af3ae4b]]'' **<nowiki>x86:</nowiki>** <nowiki>Add sp5100_tco AMD patches</nowiki> //<color #ccc>(</color><color #282>+217</color><color #ccc>)</color>//\\
''[[https://git.lede-project.org/?p=source.git;a=commitdiff;h=e9b60b587b619309c30615cc6a844c00b2360490|e9b60b5]]'' **<nowiki>x86:</nowiki>** <nowiki>add kernel module for sp5100_tco watchdog</nowiki> //<color #ccc>(</color><color #282>+15</color><color #ccc>)</color>//\\
''[[https://git.lede-project.org/?p=source.git;a=commitdiff;h=ee3067c588139ef60a72f5fecac979580d3651e3|ee3067c]]'' **<nowiki>Kernel:</nowiki>** <nowiki>bump to 4.4.44</nowiki> //<color #ccc>(</color><color #282>+41</color><color #ccc>,</color><color #f00>-76</color><color #ccc>)</color>//\\
''[[https://git.lede-project.org/?p=source.git;a=commitdiff;h=06e0c30336d842c8337ca0fb24a9222b9857a1d7|06e0c30]]'' **<nowiki>x86:</nowiki>** <nowiki>Add configuration back for Traverse Geos</nowiki> //<color #ccc>(</color><color #282>+45</color><color #ccc>)</color>//\\
''[[https://git.lede-project.org/?p=source.git;a=commitdiff;h=bd5b5c749a3d5fd7ef4ec8f03330dfef445db218|bd5b5c7]]'' **<nowiki>x86:</nowiki>** <nowiki>Move Traverse Geos configs into x86 base-files</nowiki> //<color #ccc>(</color><color #ccc>)</color>//\\
''[[https://git.lede-project.org/?p=source.git;a=commitdiff;h=6d6db65d8294a12265f9ac75dee31d98767946c9|6d6db65]]'' **<nowiki>x86:</nowiki>** <nowiki>Enable DIAG LED on Geos</nowiki> //<color #ccc>(</color><color #282>+79</color><color #ccc>,</color><color #f00>-1</color><color #ccc>)</color>//\\
''[[https://git.lede-project.org/?p=source.git;a=commitdiff;h=808f6a500cbff617426105b0a40d4d0832319851|808f6a5]]'' **<nowiki>x86:</nowiki>** <nowiki>Add board configs for the PC Engines APU2</nowiki> //<color #ccc>(</color><color #282>+8</color><color #ccc>)</color>//\\
''[[https://git.lede-project.org/?p=source.git;a=commitdiff;h=63a8424702fa192c0977e0180362e19260f19677|63a8424]]'' **<nowiki>x86:</nowiki>** <nowiki>Add Geos profile for Geode subtarget</nowiki> //<color #ccc>(</color><color #282>+44</color><color #ccc>)</color>//\\

==== Target / xburst (7 changes) ====
''[[https://git.lede-project.org/?p=source.git;a=commitdiff;h=168ba1a28eab466aa03b1bf13c4197625648fd02|168ba1a]]'' **<nowiki>xburst:</nowiki>** <nowiki>add /etc/config/system overrides via board.d</nowiki> //<color #ccc>(</color><color #282>+12</color><color #ccc>)</color>//\\
''[[https://git.lede-project.org/?p=source.git;a=commitdiff;h=197c32e7bd7aba8bbc984841302c6e9704b99c1e|197c32e]]'' **<nowiki>xburst:</nowiki>** <nowiki>remove target specific /etc/config/system</nowiki> //<color #ccc>(</color><color #f00>-3</color><color #ccc>)</color>//\\
''[[https://git.lede-project.org/?p=source.git;a=commitdiff;h=aa53f78038d541052de8764323f6f26578327606|aa53f78]]'' **<nowiki>build:</nowiki>** <nowiki>fix subtarget descriptions</nowiki> //<color #ccc>(</color><color #282>+58</color><color #ccc>,</color><color #f00>-60</color><color #ccc>)</color>//\\
''[[https://git.lede-project.org/?p=source.git;a=commitdiff;h=92eaf27c62cad5f9832dc7084e1ae14d5e7b47e6|92eaf27]]'' <nowiki>use immediate set in target Makefiles</nowiki> //<color #ccc>(</color><color #282>+7</color><color #ccc>,</color><color #f00>-7</color><color #ccc>)</color>//\\
''[[https://git.lede-project.org/?p=source.git;a=commitdiff;h=018d80007e6d9469077d938872e605f826010767|018d800]]'' **<nowiki>kernel:</nowiki>** <nowiki>remove ubifs xz decompression support</nowiki> //<color #ccc>(</color><color #282>+5</color><color #ccc>,</color><color #f00>-1.1K</color><color #ccc>)</color>//\\
''[[https://git.lede-project.org/?p=source.git;a=commitdiff;h=c6a8a23ea2ed4e92f8e96d783fb672d167cfb611|c6a8a23]]'' **<nowiki>xburst:</nowiki>** <nowiki>remove hack to determine entry point</nowiki> //<color #ccc>(</color><color #282>+1</color><color #ccc>,</color><color #f00>-6</color><color #ccc>)</color>//\\
''[[https://git.lede-project.org/?p=source.git;a=commitdiff;h=982dd01ac37f64892deb4003f4e53d3bc7a114c4|982dd01]]'' <nowiki>Mark targets using kernel 3.18 as source-only</nowiki> //<color #ccc>(</color><color #282>+6</color><color #ccc>,</color><color #f00>-6</color><color #ccc>)</color>//\\

==== Target / zynq (9 changes) ====
''[[https://git.lede-project.org/?p=source.git;a=commitdiff;h=dc929174095a00150de6a3e48d46355d24f223b9|dc92917]]'' <nowiki>image / basefiles: make console password configurable</nowiki> //<color #ccc>(</color><color #282>+48</color><color #ccc>,</color><color #f00>-42</color><color #ccc>)</color>//\\
''[[https://git.lede-project.org/?p=source.git;a=commitdiff;h=638a5682e1e66697649f89cb594b58a4ab0161b1|638a568]]'' **<nowiki>kernel:</nowiki>** <nowiki>remove bogus CONFIG_LOG_BUF_SHIFT overrides</nowiki> //<color #ccc>(</color><color #f00>-6</color><color #ccc>)</color>//\\
''[[https://git.lede-project.org/?p=source.git;a=commitdiff;h=ac765cfdc880bbe2f2c8e7ae04e8630563405cb4|ac765cf]]'' **<nowiki>zynq:</nowiki>** <nowiki>remove unneeded _DIAG and _XFRM symbols</nowiki> //<color #ccc>(</color><color #f00>-7</color><color #ccc>)</color>//\\
''[[https://git.lede-project.org/?p=source.git;a=commitdiff;h=8e2764ce9bb6716acb955a0c27d8db291d68650c|8e2764c]]'' **<nowiki>image.mk:</nowiki>** <nowiki>clean up redundant code related to DEVICE_DTS</nowiki> //<color #ccc>(</color><color #282>+10</color><color #ccc>,</color><color #f00>-20</color><color #ccc>)</color>//\\
''[[https://git.lede-project.org/?p=source.git;a=commitdiff;h=9945a1dca5bb6bc522393f7583baf3a64df6ce11|9945a1d]]'' **<nowiki>build:</nowiki>** <nowiki>remove cpio.gz and tar.gz from regular filesystem types</nowiki> //<color #ccc>(</color><color #282>+16</color><color #ccc>,</color><color #f00>-15</color><color #ccc>)</color>//\\
''[[https://git.lede-project.org/?p=source.git;a=commitdiff;h=a1248daddfa89134822be2f1db02bd8548967e8a|a1248da]]'' **<nowiki>zynq:</nowiki>** <nowiki>convert to new image build code</nowiki> //<color #ccc>(</color><color #282>+39</color><color #ccc>,</color><color #f00>-97</color><color #ccc>)</color>//\\
''[[https://git.lede-project.org/?p=source.git;a=commitdiff;h=27dc93382749adfa2950a6ae21d26ad97fbc4264|27dc933]]'' **<nowiki>zynq:</nowiki>** <nowiki>fix maintainer email address</nowiki> //<color #ccc>(</color><color #282>+1</color><color #ccc>,</color><color #f00>-1</color><color #ccc>)</color>//\\
''[[https://git.lede-project.org/?p=source.git;a=commitdiff;h=c2fc52ae222166455f85ef27670d6d12a8a7e9ba|c2fc52a]]'' **<nowiki>kernel:</nowiki>** <nowiki>remove DEVMEM/DEVKMEM platform overrides</nowiki> //<color #ccc>(</color><color #f00>-7</color><color #ccc>)</color>//\\
''[[https://git.lede-project.org/?p=source.git;a=commitdiff;h=01d9527357767324158e7182d1d1484dde842ccb|01d9527]]'' **<nowiki>kernel:</nowiki>** <nowiki>remove DEVTMPFS platform overrides</nowiki> //<color #ccc>(</color><color #f00>-5</color><color #ccc>)</color>//\\

==== Target / {generic (1 changes) ====
''[[https://git.lede-project.org/?p=source.git;a=commitdiff;h=05459a004a7e96c54123f5816fc15408df9b9f53|05459a0]]'' **<nowiki>kernel:</nowiki>** <nowiki>move the old gpio watchdog driver from generic to brcm47xx</nowiki> //<color #ccc>(</color><color #f00>-2</color><color #ccc>)</color>//\\

==== Wireless / Ath10k CT (15 changes) ====
''[[https://git.lede-project.org/?p=source.git;a=commitdiff;h=1c52826010ecc4440487fac3215108a55662cf07|1c52826]]'' <nowiki>add ath10k-ct: Candela-Tech ath10k out-of-tree driver.</nowiki> //<color #ccc>(</color><color #282>+81</color><color #ccc>,</color><color #f00>-1</color><color #ccc>)</color>//\\
''[[https://git.lede-project.org/?p=source.git;a=commitdiff;h=eb8ffbebf87645268a76c97b53d89305ca364258|eb8ffbe]]'' **<nowiki>ath10k-ct:</nowiki>** <nowiki>Update to latest ath10k-ct driver.</nowiki> //<color #ccc>(</color><color #282>+2</color><color #ccc>,</color><color #f00>-2</color><color #ccc>)</color>//\\
 => ''[[https://github.com/greearb/ath10k-ct/commit/a142524abc8eef3ba30b12f9b5ac74385c8ddc39|a142524]]'' <nowiki>Add 9984 chipset support, bugfix, etc.</nowiki> //<color #ccc>(</color><color #282>+148</color><color #ccc>,</color><color #f00>-26</color><color #ccc>)</color>//\\
''[[https://git.lede-project.org/?p=source.git;a=commitdiff;h=f85c12e07dba9b84b8843b81204fee877d2bb7db|f85c12e]]'' **<nowiki>ath10k-ct:</nowiki>** <nowiki>Fix loading 9980 firmware.</nowiki> //<color #ccc>(</color><color #282>+2</color><color #ccc>,</color><color #f00>-2</color><color #ccc>)</color>//\\
 => ''[[https://github.com/greearb/ath10k-ct/commit/f9940778a889d2854d6916dd866e2e4d4b6890b9|f994077]]'' **<nowiki>ath10k:</nowiki>** <nowiki>Revert the mem-chunk change for x96.</nowiki> //<color #ccc>(</color><color #f00>-7</color><color #ccc>)</color>//\\
 => ''[[https://github.com/greearb/ath10k-ct/commit/a1a9a05e6b3d04549d9d52a38967e1dc49aa93e2|a1a9a05]]'' <nowiki>Add support for configuring station kickout threshold</nowiki> //<color #ccc>(</color><color #282>+41</color><color #ccc>,</color><color #f00>-2</color><color #ccc>)</color>//\\
 => ''[[https://github.com/greearb/ath10k-ct/commit/36545aa1267a4d871a9ebfd05c61aa2ab398a558|36545aa]]'' **<nowiki>ath10k:</nowiki>** <nowiki>Fix 10.4 full-community firmware loading.</nowiki> //<color #ccc>(</color><color #f00>-8</color><color #ccc>)</color>//\\
''[[https://git.lede-project.org/?p=source.git;a=commitdiff;h=4c451ae0a7bd9d36f9bb213b1e63892703143c33|4c451ae]]'' **<nowiki>ath10k-ct:</nowiki>** <nowiki>Update to latest ath10k-ct driver.</nowiki> //<color #ccc>(</color><color #282>+2</color><color #ccc>,</color><color #f00>-2</color><color #ccc>)</color>//\\
 => ''[[https://github.com/greearb/ath10k-ct/commit/2d176a3e195fc72999ec77ed5be9146c2df5dd7e|2d176a3]]'' <nowiki>Add GFP_DMA32 flag for firmware swap memory.</nowiki> //<color #ccc>(</color><color #282>+14</color><color #ccc>,</color><color #f00>-1</color><color #ccc>)</color>//\\
''[[https://git.lede-project.org/?p=source.git;a=commitdiff;h=d66db35a1d363cb6323bf956161ad7106195a361|d66db35]]'' **<nowiki>ath10k-ct:</nowiki>** <nowiki>Remove useless WARNING for 10.4 firmware.</nowiki> //<color #ccc>(</color><color #282>+2</color><color #ccc>,</color><color #f00>-2</color><color #ccc>)</color>//\\
''[[https://git.lede-project.org/?p=source.git;a=commitdiff;h=aeea251fad8e466a2772551216b78f481ffa6e16|aeea251]]'' **<nowiki>ath10k-ct:</nowiki>** <nowiki>fix missing symbols if ath9k is not selected</nowiki> //<color #ccc>(</color><color #282>+1</color><color #ccc>,</color><color #f00>-1</color><color #ccc>)</color>//\\
''[[https://git.lede-project.org/?p=source.git;a=commitdiff;h=536420647a124f7330cfed323c36fa17c0824550|5364206]]'' **<nowiki>ath10k-ct:</nowiki>** <nowiki>Update to latest 4.7 CT ath10k driver.</nowiki> //<color #ccc>(</color><color #282>+2</color><color #ccc>,</color><color #f00>-2</color><color #ccc>)</color>//\\
 => ''[[https://github.com/greearb/ath10k-ct/commit/eca9b02f089e240254876f5baef7e171800a583d|eca9b02]]'' **<nowiki>ath10k:</nowiki>** <nowiki>Add 160Mhz support, tweaks.</nowiki> //<color #ccc>(</color><color #282>+165</color><color #ccc>,</color><color #f00>-30</color><color #ccc>)</color>//\\
 => ''[[https://github.com/greearb/ath10k-ct/commit/f2fb96a03d6a2c0cdcd6482e2653a4468956e1f4|f2fb96a]]'' **<nowiki>ath10k:</nowiki>** <nowiki>Backport a few fixes, add 9887 support.</nowiki> //<color #ccc>(</color><color #282>+331</color><color #ccc>,</color><color #f00>-1</color><color #ccc>)</color>//\\
''[[https://git.lede-project.org/?p=source.git;a=commitdiff;h=6408ea0486cff0cb38e3fdad144c8aad320d8486|6408ea0]]'' **<nowiki>ath10k-ct:</nowiki>** <nowiki>Add QCA9888/9886 support, fix compat issue.</nowiki> //<color #ccc>(</color><color #282>+2</color><color #ccc>,</color><color #f00>-2</color><color #ccc>)</color>//\\
''[[https://git.lede-project.org/?p=source.git;a=commitdiff;h=f94bee8c027ebe15e97ef89038764f0ca3d62be7|f94bee8]]'' **<nowiki>ath10k-ct:</nowiki>** <nowiki>Update to latest.</nowiki> //<color #ccc>(</color><color #282>+2</color><color #ccc>,</color><color #f00>-2</color><color #ccc>)</color>//\\
 => ''[[https://github.com/greearb/ath10k-ct/commit/2422547eb94ac3d88f03f67f95069d7029e72c28|2422547]]'' **<nowiki>ath10k:</nowiki>** <nowiki>Fix locking, enable VHT in 2.4, etc.</nowiki> //<color #ccc>(</color><color #282>+16</color><color #ccc>,</color><color #f00>-8</color><color #ccc>)</color>//\\
''[[https://git.lede-project.org/?p=source.git;a=commitdiff;h=4921760a4531bff87c3928a622a5c9e50b9f56d3|4921760]]'' **<nowiki>ath10k-ct:</nowiki>** <nowiki>Update to latest CT ath10k driver.</nowiki> //<color #ccc>(</color><color #282>+2</color><color #ccc>,</color><color #f00>-2</color><color #ccc>)</color>//\\
 => ''[[https://github.com/greearb/ath10k-ct/commit/76533a62824bddfc829ec6ec7cc2a26e9db3d3a2|76533a6]]'' **<nowiki>ath10k:</nowiki>** <nowiki>Work around hang on FW crash, tid config, etc.</nowiki> //<color #ccc>(</color><color #282>+64</color><color #ccc>,</color><color #f00>-12</color><color #ccc>)</color>//\\
''[[https://git.lede-project.org/?p=source.git;a=commitdiff;h=720b99215da295a2e7b4acdef30b58bec6acedc2|720b992]]'' **<nowiki>treewide:</nowiki>** <nowiki>clean up download hashes</nowiki> //<color #ccc>(</color><color #282>+300</color><color #ccc>,</color><color #f00>-283</color><color #ccc>)</color>//\\
''[[https://git.lede-project.org/?p=source.git;a=commitdiff;h=84daeb2e142e407a54b3d4fba2235ff1bb516d39|84daeb2]]'' **<nowiki>ath10k-ct:</nowiki>** <nowiki>ath10k-ct specifies that it supports 802.11ac mode</nowiki> //<color #ccc>(</color><color #282>+1</color><color #ccc>,</color><color #f00>-1</color><color #ccc>)</color>//\\
''[[https://git.lede-project.org/?p=source.git;a=commitdiff;h=7acb7dc3db823687b0c05a0b0ee31e05267ff551|7acb7dc]]'' **<nowiki>ath10k-ct:</nowiki>** <nowiki>Enable DFS when "Enable DFS support" is set for kmod-ath</nowiki> //<color #ccc>(</color><color #282>+4</color><color #ccc>)</color>//\\
''[[https://git.lede-project.org/?p=source.git;a=commitdiff;h=c7c1cf5618b6ca983c20510814b762eeab4937e5|c7c1cf5]]'' **<nowiki>treewide:</nowiki>** <nowiki>clean up and unify PKG_VERSION for git based downloads</nowiki> //<color #ccc>(</color><color #282>+140</color><color #ccc>,</color><color #f00>-284</color><color #ccc>)</color>//\\
''[[https://git.lede-project.org/?p=source.git;a=commitdiff;h=5c09d7f23d82eb012861a6bf533cfdcaa9fe9a6f|5c09d7f]]'' **<nowiki>ath10k-ct:</nowiki>** <nowiki>Update to latest CT 4.7 ath10k driver.</nowiki> //<color #ccc>(</color><color #282>+2</color><color #ccc>,</color><color #f00>-2</color><color #ccc>)</color>//\\
 => ''[[https://github.com/greearb/ath10k-ct/commit/f5bacb83baf95e887c50c286606f4f565ef71d86|f5bacb8]]'' **<nowiki>ath10k:</nowiki>** <nowiki>Sync with latest 4.7 CT kernel.</nowiki> //<color #ccc>(</color><color #282>+35</color><color #ccc>,</color><color #f00>-8</color><color #ccc>)</color>//\\

==== Wireless / Common (144 changes) ====
''[[https://git.lede-project.org/?p=source.git;a=commitdiff;h=fa69553900516944fc43cf7b377105ea1f6d3db0|fa69553]]'' **<nowiki>branding:</nowiki>** <nowiki>add LEDE branding</nowiki> //<color #ccc>(</color><color #282>+76</color><color #ccc>,</color><color #f00>-85</color><color #ccc>)</color>//\\
''[[https://git.lede-project.org/?p=source.git;a=commitdiff;h=df93d53a4b7a5ce284dc0c6509057979f233cb92|df93d53]]'' **<nowiki>mac80211:</nowiki>** <nowiki>update to wireless-testing 2016-05-12</nowiki> //<color #ccc>(</color><color #282>+1.2K</color><color #ccc>,</color><color #f00>-9.9K</color><color #ccc>)</color>//\\
 => ''[[https://github.com/openwrt/mt76/commit/13c29223ef3b0b3f266c409f3f7d770dbd5c7f64|13c2922]]'' <nowiki>Use NL80211_BAND_2GHZ instead of IEEE80211_BAND_2GHZ</nowiki> //<color #ccc>(</color><color #282>+25</color><color #ccc>,</color><color #f00>-25</color><color #ccc>)</color>//\\
 => ''[[https://github.com/openwrt/mt76/commit/e4c05ba1624d440c2b7efde2971eb360e37a7b23|e4c05ba]]'' <nowiki>use nl80211_band instead of ieee80211_band</nowiki> //<color #ccc>(</color><color #282>+7</color><color #ccc>,</color><color #f00>-7</color><color #ccc>)</color>//\\
 => ''[[https://github.com/openwrt/mt76/commit/810eef8383cf2669cd4354135fc560ccfe71786c|810eef8]]'' <nowiki>sync with mac80211 ieee80211_rx_napi API change</nowiki> //<color #ccc>(</color><color #282>+1</color><color #ccc>,</color><color #f00>-1</color><color #ccc>)</color>//\\
''[[https://git.lede-project.org/?p=source.git;a=commitdiff;h=34b05087f73dce512dd6df9f1b755bc70fd5b74a|34b0508]]'' **<nowiki>mac80211:</nowiki>** <nowiki>fix a module build/dependency issue that was breaking lib80211</nowiki> //<color #ccc>(</color><color #282>+11</color><color #ccc>)</color>//\\
''[[https://git.lede-project.org/?p=source.git;a=commitdiff;h=262cec2fb83845672605c1b2c94f6b5b12715e01|262cec2]]'' **<nowiki>mac80211:</nowiki>** <nowiki>Allow selection of TX99 support in ath9k</nowiki> //<color #ccc>(</color><color #282>+5</color><color #ccc>)</color>//\\
''[[https://git.lede-project.org/?p=source.git;a=commitdiff;h=21b04c623ecf901412c15b88d84ee75ec6064a35|21b04c6]]'' **<nowiki>ath9k:</nowiki>** <nowiki>Fix TX99 support</nowiki> //<color #ccc>(</color><color #282>+8</color><color #ccc>,</color><color #f00>-4</color><color #ccc>)</color>//\\
''[[https://git.lede-project.org/?p=source.git;a=commitdiff;h=24270e9493e0832c4976c7001e527f4a2b9b761e|24270e9]]'' **<nowiki>mac80211:</nowiki>** <nowiki>fix unaligned accesses in the tx path</nowiki> //<color #ccc>(</color><color #282>+25</color><color #ccc>)</color>//\\
''[[https://git.lede-project.org/?p=source.git;a=commitdiff;h=48ff6eff8c51f316de0d8566c01bab04ff0d75a8|48ff6ef]]'' **<nowiki>mac80211:</nowiki>** <nowiki>add missing config symbols to PKG_CONFIG_DEPENDS</nowiki> //<color #ccc>(</color><color #282>+6</color><color #ccc>)</color>//\\
''[[https://git.lede-project.org/?p=source.git;a=commitdiff;h=efcaa046b78ae7c2b2bd9b3d8fd6879c099c95f2|efcaa04]]'' **<nowiki>mac80211:</nowiki>** <nowiki>change default SSID from Lede to LEDE</nowiki> //<color #ccc>(</color><color #282>+1</color><color #ccc>,</color><color #f00>-1</color><color #ccc>)</color>//\\
''[[https://git.lede-project.org/?p=source.git;a=commitdiff;h=cdff5406238c6d6f38c789a78546bc94a8ab6b41|cdff540]]'' **<nowiki>mac80211:</nowiki>** <nowiki>brcmfmac: return -ENFILE if interface exists</nowiki> //<color #ccc>(</color><color #282>+1</color><color #ccc>,</color><color #f00>-1</color><color #ccc>)</color>//\\
''[[https://git.lede-project.org/?p=source.git;a=commitdiff;h=867c0cb2379d3b78d45ed2e50068816b20f8b714|867c0cb]]'' **<nowiki>kernel/mac80211:</nowiki>** <nowiki>skip ath10k OTP check if caldata found</nowiki> //<color #ccc>(</color><color #282>+42</color><color #ccc>)</color>//\\
''[[https://git.lede-project.org/?p=source.git;a=commitdiff;h=b08dbd3acf54b153831a9052d9fe931aa2ada7b9|b08dbd3]]'' **<nowiki>mac80211:</nowiki>** <nowiki>disable iwlwifi build for linux 3.18</nowiki> //<color #ccc>(</color><color #282>+1</color><color #ccc>,</color><color #f00>-1</color><color #ccc>)</color>//\\
''[[https://git.lede-project.org/?p=source.git;a=commitdiff;h=3ec48039326f218b1edad9da74b1694f722da7f2|3ec4803]]'' **<nowiki>mac80211:</nowiki>** <nowiki>respect user-set regulatory domain by default</nowiki> //<color #ccc>(</color><color #282>+1</color><color #ccc>)</color>//\\
''[[https://git.lede-project.org/?p=source.git;a=commitdiff;h=7eeb254cc49c4e9f837c980826ec112b9404f341|7eeb254]]'' **<nowiki>treewide:</nowiki>** <nowiki>replace nbd@openwrt.org with nbd@nbd.name</nowiki> //<color #ccc>(</color><color #282>+299</color><color #ccc>,</color><color #f00>-299</color><color #ccc>)</color>//\\
''[[https://git.lede-project.org/?p=source.git;a=commitdiff;h=4b8f0a2d26e5477b2dc4542ec7438665a906b756|4b8f0a2]]'' **<nowiki>mac80211:</nowiki>** <nowiki>fix calculation of VHT capability values</nowiki> //<color #ccc>(</color><color #282>+6</color><color #ccc>,</color><color #f00>-7</color><color #ccc>)</color>//\\
''[[https://git.lede-project.org/?p=source.git;a=commitdiff;h=df7af9317b9fd9532497351288ff5697fe88e40d|df7af93]]'' **<nowiki>ath10k:</nowiki>** <nowiki>merge some pending stability fixes</nowiki> //<color #ccc>(</color><color #282>+326</color><color #ccc>,</color><color #f00>-6</color><color #ccc>)</color>//\\
''[[https://git.lede-project.org/?p=source.git;a=commitdiff;h=c354591d1b7075bf1e393bb4ccdda4a82d238dfe|c354591]]'' **<nowiki>mac80211:</nowiki>** <nowiki>ath10k fix otp check patch</nowiki> //<color #ccc>(</color><color #282>+1</color><color #ccc>,</color><color #f00>-1</color><color #ccc>)</color>//\\
''[[https://git.lede-project.org/?p=source.git;a=commitdiff;h=4bab4dee84266fd1550cfdee25ee0ed7d7a62e78|4bab4de]]'' **<nowiki>ath10k:</nowiki>** <nowiki>merge some more pending upstream fixes</nowiki> //<color #ccc>(</color><color #282>+128</color><color #ccc>,</color><color #f00>-2</color><color #ccc>)</color>//\\
''[[https://git.lede-project.org/?p=source.git;a=commitdiff;h=1e03998e2b85e0250dd55da5146199a720e214af|1e03998]]'' **<nowiki>mac80211:</nowiki>** <nowiki>fix skb size calculation in 4addr mode (FS#24)</nowiki> //<color #ccc>(</color><color #282>+11</color><color #ccc>)</color>//\\
''[[https://git.lede-project.org/?p=source.git;a=commitdiff;h=ffcae8b494df37f887ad96eaaccdb93c1a401787|ffcae8b]]'' **<nowiki>prism54-firmware:</nowiki>** <nowiki>add also other p54 firmware to own package</nowiki> //<color #ccc>(</color><color #282>+74</color><color #ccc>,</color><color #f00>-47</color><color #ccc>)</color>//\\
''[[https://git.lede-project.org/?p=source.git;a=commitdiff;h=67a7daa938671a5c7006e5d689c297a26499d75c|67a7daa]]'' **<nowiki>mac80211:</nowiki>** <nowiki>update to wireless-testing 2016-06-20</nowiki> //<color #ccc>(</color><color #282>+594</color><color #ccc>,</color><color #f00>-785</color><color #ccc>)</color>//\\
''[[https://git.lede-project.org/?p=source.git;a=commitdiff;h=d002aee42c4894b19eab811f1b7c158d0d435ba7|d002aee]]'' **<nowiki>mac80211:</nowiki>** <nowiki>enable STBC and LDPC for VHT rates</nowiki> //<color #ccc>(</color><color #282>+81</color><color #ccc>)</color>//\\
''[[https://git.lede-project.org/?p=source.git;a=commitdiff;h=76d09dcb015963e2d024e30acc2c9f0c2bca9f5f|76d09dc]]'' **<nowiki>ath10k:</nowiki>** <nowiki>fix tx performance regression on older chipsets</nowiki> //<color #ccc>(</color><color #282>+75</color><color #ccc>,</color><color #f00>-2</color><color #ccc>)</color>//\\
''[[https://git.lede-project.org/?p=source.git;a=commitdiff;h=cbfeb7796e71aabc08b1f9e9f8818ba6279e2e29|cbfeb77]]'' **<nowiki>mac80211:</nowiki>** <nowiki>refresh patches</nowiki> //<color #ccc>(</color><color #282>+57</color><color #ccc>,</color><color #f00>-51</color><color #ccc>)</color>//\\
''[[https://git.lede-project.org/?p=source.git;a=commitdiff;h=3ce71eaedd3ea25be0c8723fefc68e3f3aac7610|3ce71ea]]'' **<nowiki>kernel:</nowiki>** <nowiki>mac80211: fold the AR9280 GPIO patch into the ath9k GPIO patch</nowiki> //<color #ccc>(</color><color #282>+13</color><color #ccc>,</color><color #f00>-38</color><color #ccc>)</color>//\\
''[[https://git.lede-project.org/?p=source.git;a=commitdiff;h=7b7ea91e24618313fdb990d000655f3afd07fe0f|7b7ea91]]'' **<nowiki>kernel:</nowiki>** <nowiki>mac80211: enable the gpio controller for all ath9k devices</nowiki> //<color #ccc>(</color><color #282>+12</color><color #ccc>,</color><color #f00>-22</color><color #ccc>)</color>//\\
''[[https://git.lede-project.org/?p=source.git;a=commitdiff;h=70afc0bdd1fb0474b864998f7674316a00954715|70afc0b]]'' **<nowiki>kernel:</nowiki>** <nowiki>mac80211: set the parent of the ath9k gpio_chip</nowiki> //<color #ccc>(</color><color #282>+15</color><color #ccc>,</color><color #f00>-10</color><color #ccc>)</color>//\\
''[[https://git.lede-project.org/?p=source.git;a=commitdiff;h=b1748321597097d73b1806f096f9e4049a53b0ad|b174832]]'' **<nowiki>mac80211:</nowiki>** <nowiki>backport skb_get_hash_perturb() for 4.1 and older</nowiki> //<color #ccc>(</color><color #282>+28</color><color #ccc>)</color>//\\
''[[https://git.lede-project.org/?p=source.git;a=commitdiff;h=f226d5879e9f38bbc0aabbaeca94622e2a4b0cee|f226d58]]'' **<nowiki>mac80211:</nowiki>** <nowiki>move include statements for skb_get_hash_perturb() to prevent issue...</nowiki> //<color #ccc>(</color><color #282>+4</color><color #ccc>,</color><color #f00>-10</color><color #ccc>)</color>//\\
''[[https://git.lede-project.org/?p=source.git;a=commitdiff;h=92d856f50a71d0376e491644894507458bc26050|92d856f]]'' **<nowiki>ath9k:</nowiki>** <nowiki>add beacon related stability fixes</nowiki> //<color #ccc>(</color><color #282>+908</color><color #ccc>,</color><color #f00>-15</color><color #ccc>)</color>//\\
''[[https://git.lede-project.org/?p=source.git;a=commitdiff;h=8d95b665e885777c90521c2ccae5cbfb1412774a|8d95b66]]'' **<nowiki>mac80211:</nowiki>** <nowiki>backport brcmfmac changes from 2016-06-29</nowiki> //<color #ccc>(</color><color #282>+362</color><color #ccc>)</color>//\\
''[[https://git.lede-project.org/?p=source.git;a=commitdiff;h=c729fe02694a583d38ef6636837fce4b4b6fa8e8|c729fe0]]'' **<nowiki>mac80211:</nowiki>** <nowiki>backport brcmfmac changes from 2016-07-08</nowiki> //<color #ccc>(</color><color #282>+161</color><color #ccc>,</color><color #f00>-2</color><color #ccc>)</color>//\\
''[[https://git.lede-project.org/?p=source.git;a=commitdiff;h=78ae53ff2ff9ecbaadcf96f03ae8579ff773515e|78ae53f]]'' **<nowiki>mac80211:</nowiki>** <nowiki>make package ath9k-common hidden</nowiki> //<color #ccc>(</color><color #282>+1</color><color #ccc>)</color>//\\
''[[https://git.lede-project.org/?p=source.git;a=commitdiff;h=73dd59546be473455f4dbeaac277feabaa80f800|73dd595]]'' **<nowiki>ath10k:</nowiki>** <nowiki>fix #if vs #ifdef in led trigger patch</nowiki> //<color #ccc>(</color><color #282>+1</color><color #ccc>,</color><color #f00>-1</color><color #ccc>)</color>//\\
''[[https://git.lede-project.org/?p=source.git;a=commitdiff;h=916aebb300e9e9215723dd9a3892d91ba5695411|916aebb]]'' **<nowiki>ath10k:</nowiki>** <nowiki>fix a compiler warning</nowiki> //<color #ccc>(</color><color #282>+10</color><color #ccc>,</color><color #f00>-1</color><color #ccc>)</color>//\\
''[[https://git.lede-project.org/?p=source.git;a=commitdiff;h=5ce2341a03263daa1a09bb86e302591bb6516719|5ce2341]]'' **<nowiki>mac80211:</nowiki>** <nowiki>fix a powersave issue in the intermediate queueing code</nowiki> //<color #ccc>(</color><color #282>+21</color><color #ccc>)</color>//\\
''[[https://git.lede-project.org/?p=source.git;a=commitdiff;h=5b07e8731b9f02b602f2410ff6dd57fc9ba7b9b6|5b07e87]]'' **<nowiki>ath9k:</nowiki>** <nowiki>remove gpio chip owner field to fix module unloading</nowiki> //<color #ccc>(</color><color #282>+10</color><color #ccc>,</color><color #f00>-11</color><color #ccc>)</color>//\\
''[[https://git.lede-project.org/?p=source.git;a=commitdiff;h=cef1f4ef2b279a68234fd4f37fcc6608fa2dda3e|cef1f4e]]'' **<nowiki>ath9k:</nowiki>** <nowiki>explicitly clear gpio chip owner</nowiki> //<color #ccc>(</color><color #282>+11</color><color #ccc>,</color><color #f00>-10</color><color #ccc>)</color>//\\
''[[https://git.lede-project.org/?p=source.git;a=commitdiff;h=4952469ff9278288d766b28247a17694b1c4faaa|4952469]]'' **<nowiki>mac80211:</nowiki>** <nowiki>disable fq until performance issues have been found and fixed</nowiki> //<color #ccc>(</color><color #282>+15</color><color #ccc>)</color>//\\
''[[https://git.lede-project.org/?p=source.git;a=commitdiff;h=55761205ef8ae892e88c6201252b3f9ebf0f35fd|5576120]]'' **<nowiki>mac80211:</nowiki>** <nowiki>fix a harmless uninitialized variable warning</nowiki> //<color #ccc>(</color><color #282>+1</color><color #ccc>,</color><color #f00>-1</color><color #ccc>)</color>//\\
''[[https://git.lede-project.org/?p=source.git;a=commitdiff;h=9edb651094c3ad686ca968cc2c936f7ae6f3429b|9edb651]]'' **<nowiki>ath9k:</nowiki>** <nowiki>merge a fix for the minimum CCA threshold on 5 GHz</nowiki> //<color #ccc>(</color><color #282>+26</color><color #ccc>)</color>//\\
''[[https://git.lede-project.org/?p=source.git;a=commitdiff;h=3273267c2b2ce11e9ea9bd032f642595d6191d94|3273267]]'' **<nowiki>ath9k:</nowiki>** <nowiki>fix spectral scan on AR9285 and newer AR92xx chipsets</nowiki> //<color #ccc>(</color><color #282>+87</color><color #ccc>,</color><color #f00>-1</color><color #ccc>)</color>//\\
''[[https://git.lede-project.org/?p=source.git;a=commitdiff;h=98e4b504b45c5d6e68a48fc815e3d2a5d0d2ba13|98e4b50]]'' **<nowiki>ath9k:</nowiki>** <nowiki>use external reset on AR91xx and QCA955x to improve stability</nowiki> //<color #ccc>(</color><color #282>+157</color><color #ccc>,</color><color #f00>-7</color><color #ccc>)</color>//\\
''[[https://git.lede-project.org/?p=source.git;a=commitdiff;h=207338c78edbd4d52767f1b20b9a95bdb32c29dd|207338c]]'' **<nowiki>ath9k:</nowiki>** <nowiki>implement temperature compensation support for AR93xx and newer</nowiki> //<color #ccc>(</color><color #282>+337</color><color #ccc>,</color><color #f00>-1</color><color #ccc>)</color>//\\
''[[https://git.lede-project.org/?p=source.git;a=commitdiff;h=7cdb51e0465ed742f160e27b433a24e372d5bc53|7cdb51e]]'' **<nowiki>ath10k:</nowiki>** <nowiki>fix stack traces from a-msdu rx reporting issues</nowiki> //<color #ccc>(</color><color #282>+36</color><color #ccc>)</color>//\\
''[[https://git.lede-project.org/?p=source.git;a=commitdiff;h=6c2651566cce8f5b3a3d3b976439dee2bac5e07e|6c26515]]'' **<nowiki>ath9k:</nowiki>** <nowiki>switch to using mac80211 intermediate software queues</nowiki> //<color #ccc>(</color><color #282>+889</color><color #ccc>,</color><color #f00>-18</color><color #ccc>)</color>//\\
''[[https://git.lede-project.org/?p=source.git;a=commitdiff;h=467d15b73d5eca0a9db17017e0e34a79dfca2e07|467d15b]]'' **<nowiki>mac80211:</nowiki>** <nowiki>add a mesh related fix</nowiki> //<color #ccc>(</color><color #282>+42</color><color #ccc>)</color>//\\
''[[https://git.lede-project.org/?p=source.git;a=commitdiff;h=14eb09d5c0458fb619dc7030c149322ef0b137c3|14eb09d]]'' **<nowiki>ath10k:</nowiki>** <nowiki>add NAPI support</nowiki> //<color #ccc>(</color><color #282>+642</color><color #ccc>)</color>//\\
''[[https://git.lede-project.org/?p=source.git;a=commitdiff;h=04a69843198f2252992812e35ac05016db4a1a94|04a6984]]'' **<nowiki>ath9k:</nowiki>** <nowiki>remove intermediate queueing patch until it is fixed properly</nowiki> //<color #ccc>(</color><color #f00>-871</color><color #ccc>)</color>//\\
''[[https://git.lede-project.org/?p=source.git;a=commitdiff;h=776ca662614e559253f997462da8b96d5854faec|776ca66]]'' **<nowiki>ath9k:</nowiki>** <nowiki>fix warning in client mode (GH#195)</nowiki> //<color #ccc>(</color><color #282>+69</color><color #ccc>)</color>//\\
''[[https://git.lede-project.org/?p=source.git;a=commitdiff;h=18373e24cfa118044a23e88b4374f6a42f8002ac|18373e2]]'' **<nowiki>ath9k:</nowiki>** <nowiki>fix sta initialization bug leading to stability issues</nowiki> //<color #ccc>(</color><color #282>+33</color><color #ccc>)</color>//\\
''[[https://git.lede-project.org/?p=source.git;a=commitdiff;h=0cd13c53c149d64a721c46dfb49aff9525add12d|0cd13c5]]'' **<nowiki>mac80211:</nowiki>** <nowiki>fix minor memleak on AP restart / warning on driver unload</nowiki> //<color #ccc>(</color><color #282>+54</color><color #ccc>)</color>//\\
''[[https://git.lede-project.org/?p=source.git;a=commitdiff;h=4701fd3190c8da52b5683beb8a609d0abdd5f8e4|4701fd3]]'' **<nowiki>ath9k:</nowiki>** <nowiki>improve performance in tx status handling</nowiki> //<color #ccc>(</color><color #282>+305</color><color #ccc>)</color>//\\
''[[https://git.lede-project.org/?p=source.git;a=commitdiff;h=ac642a7514e44ec29ce6acbe73d1c152a0e5f2ae|ac642a7]]'' **<nowiki>ath9k:</nowiki>** <nowiki>improve powersave filter handling</nowiki> //<color #ccc>(</color><color #282>+70</color><color #ccc>)</color>//\\
''[[https://git.lede-project.org/?p=source.git;a=commitdiff;h=b34ccf45dff7635d2b5d4cab7b86a596f1bf4980|b34ccf4]]'' **<nowiki>mac80211:</nowiki>** <nowiki>Update the regdb to master-2016-06-10</nowiki> //<color #ccc>(</color><color #282>+66</color><color #ccc>,</color><color #f00>-21</color><color #ccc>)</color>//\\
''[[https://git.lede-project.org/?p=source.git;a=commitdiff;h=fe7fdd3bb4bc44b6603fbde14cdc2ad55ef1f612|fe7fdd3]]'' **<nowiki>ath9k:</nowiki>** <nowiki>switch to using mac80211 intermediate software queues</nowiki> //<color #ccc>(</color><color #282>+950</color><color #ccc>,</color><color #f00>-6</color><color #ccc>)</color>//\\
''[[https://git.lede-project.org/?p=source.git;a=commitdiff;h=e58c20aac319e5d9722caed2d64b6338c6b04b85|e58c20a]]'' **<nowiki>ath9k:</nowiki>** <nowiki>Set ATH9K_STATION_STATISTICS when enabling debugging</nowiki> //<color #ccc>(</color><color #282>+1</color><color #ccc>,</color><color #f00>-1</color><color #ccc>)</color>//\\
''[[https://git.lede-project.org/?p=source.git;a=commitdiff;h=3e4d0e3e77dcf9b2116e5ed53f30e2bf53b1c6b7|3e4d0e3]]'' **<nowiki>ath9k:</nowiki>** <nowiki>revert temperature compensation support patch (FS#111)</nowiki> //<color #ccc>(</color><color #282>+1</color><color #ccc>,</color><color #f00>-98</color><color #ccc>)</color>//\\
''[[https://git.lede-project.org/?p=source.git;a=commitdiff;h=1e72d1bf16e6f2e2a9579bc5c91bae61402da3aa|1e72d1b]]'' **<nowiki>mac80211:</nowiki>** <nowiki>add a powersave handling fix</nowiki> //<color #ccc>(</color><color #282>+31</color><color #ccc>)</color>//\\
''[[https://git.lede-project.org/?p=source.git;a=commitdiff;h=372d0fea29e60b02154fd7176ba32e7742f6640e|372d0fe]]'' **<nowiki>ath9k:</nowiki>** <nowiki>add a bunch of powersave handling fixes</nowiki> //<color #ccc>(</color><color #282>+241</color><color #ccc>)</color>//\\
''[[https://git.lede-project.org/?p=source.git;a=commitdiff;h=a894a535ff7e6c37bd853e951663130482bc0ff2|a894a53]]'' **<nowiki>mac80211:</nowiki>** <nowiki>add fixes for dealing with unexpected BlockAck frames</nowiki> //<color #ccc>(</color><color #282>+90</color><color #ccc>)</color>//\\
''[[https://git.lede-project.org/?p=source.git;a=commitdiff;h=dbc9ee5b722f3a8a359bdbd20b11c5a0239cb0b3|dbc9ee5]]'' **<nowiki>ath9k:</nowiki>** <nowiki>fix regression in tx queueing patch</nowiki> //<color #ccc>(</color><color #282>+22</color><color #ccc>,</color><color #f00>-15</color><color #ccc>)</color>//\\
''[[https://git.lede-project.org/?p=source.git;a=commitdiff;h=9cf044476865f17f7022d9adb19aab80f3312941|9cf0444]]'' **<nowiki>mac80211:</nowiki>** <nowiki>add a tx sequence number allocation fix</nowiki> //<color #ccc>(</color><color #282>+107</color><color #ccc>)</color>//\\
''[[https://git.lede-project.org/?p=source.git;a=commitdiff;h=49a6f67c395beebc0533153453b57dcfa45165cc|49a6f67]]'' **<nowiki>mac80211:</nowiki>** <nowiki>backport new register bitfield macros</nowiki> //<color #ccc>(</color><color #282>+145</color><color #ccc>)</color>//\\
''[[https://git.lede-project.org/?p=source.git;a=commitdiff;h=a194ffd4a89588bc75aeb9a27f59c36afd3d24bd|a194ffd]]'' **<nowiki>mac80211:</nowiki>** <nowiki>fix packet loss on fq reordering</nowiki> //<color #ccc>(</color><color #282>+481</color><color #ccc>,</color><color #f00>-110</color><color #ccc>)</color>//\\
''[[https://git.lede-project.org/?p=source.git;a=commitdiff;h=c4bfb119d85bcd5faf569f9cc83628ba19f58a1f|c4bfb11]]'' **<nowiki>mac80211:</nowiki>** <nowiki>remove the fq-disable hack, now that reordering is fixed</nowiki> //<color #ccc>(</color><color #f00>-15</color><color #ccc>)</color>//\\
''[[https://git.lede-project.org/?p=source.git;a=commitdiff;h=f3747020e202883a43729fc245986f9e36289d6c|f374702]]'' **<nowiki>mac80211:</nowiki>** <nowiki>fix tx issue with CCMP PN generated in hardware</nowiki> //<color #ccc>(</color><color #282>+1</color><color #ccc>,</color><color #f00>-1</color><color #ccc>)</color>//\\
''[[https://git.lede-project.org/?p=source.git;a=commitdiff;h=ac887f48324a40dd71e7443bddec5d6a59e256b4|ac887f4]]'' **<nowiki>linux-firmware:</nowiki>** <nowiki>separate packages for Broadcom FullMAC PCIe firmwares</nowiki> //<color #ccc>(</color><color #282>+10</color><color #ccc>,</color><color #f00>-4</color><color #ccc>)</color>//\\
''[[https://git.lede-project.org/?p=source.git;a=commitdiff;h=65c5d097a4cf355473cb2c13c0835f8ad866653a|65c5d09]]'' **<nowiki>mac80211:</nowiki>** <nowiki>stop brcmfmac from selecting all PCIe firmwares</nowiki> //<color #ccc>(</color><color #f00>-1</color><color #ccc>)</color>//\\
''[[https://git.lede-project.org/?p=source.git;a=commitdiff;h=daa5691a4daa26ea061b68d6d9a6dffb9b263421|daa5691]]'' **<nowiki>linux-firmware:</nowiki>** <nowiki>separate packages for Broadcom FullMAC SDIO firmwares</nowiki> //<color #ccc>(</color><color #282>+11</color><color #ccc>,</color><color #f00>-4</color><color #ccc>)</color>//\\
''[[https://git.lede-project.org/?p=source.git;a=commitdiff;h=f7670a2d07ec795e82d8acc0e58b86e958cc289a|f7670a2]]'' **<nowiki>mac80211:</nowiki>** <nowiki>stop brcmfmac from selecting all SDIO firmwares</nowiki> //<color #ccc>(</color><color #282>+1</color><color #ccc>,</color><color #f00>-2</color><color #ccc>)</color>//\\
''[[https://git.lede-project.org/?p=source.git;a=commitdiff;h=092e77d94847c7d8530e160106442d97404c4513|092e77d]]'' **<nowiki>rtl8xxxu:</nowiki>** <nowiki>add support for rtl8188eu</nowiki> //<color #ccc>(</color><color #282>+6.3K</color><color #ccc>)</color>//\\
''[[https://git.lede-project.org/?p=source.git;a=commitdiff;h=da4e81960d64ddfcec03961520de4197166d0799|da4e819]]'' **<nowiki>mac80211:</nowiki>** <nowiki>fix crash in mac80211_hwsim</nowiki> //<color #ccc>(</color><color #282>+11</color><color #ccc>)</color>//\\
''[[https://git.lede-project.org/?p=source.git;a=commitdiff;h=45b73af7f6020b1c3e3d7170d3b1ba86edabfc60|45b73af]]'' **<nowiki>mac80211:</nowiki>** <nowiki>backport brcmfmac changes from 2016-09-26</nowiki> //<color #ccc>(</color><color #282>+1.3K</color><color #ccc>,</color><color #f00>-2</color><color #ccc>)</color>//\\
''[[https://git.lede-project.org/?p=source.git;a=commitdiff;h=a0ce6982d883a5fd222ef8e26aa60e12f198d439|a0ce698]]'' **<nowiki>mac80211:</nowiki>** <nowiki>backport brcmfmac changes from 2016-09-27</nowiki> //<color #ccc>(</color><color #282>+97</color><color #ccc>,</color><color #f00>-1</color><color #ccc>)</color>//\\
''[[https://git.lede-project.org/?p=source.git;a=commitdiff;h=c795794eef8737f6272b2acce9025807af52da81|c795794]]'' **<nowiki>mac80211:</nowiki>** <nowiki>use upstream patches for rtl8xxxu</nowiki> //<color #ccc>(</color><color #282>+488</color><color #ccc>,</color><color #f00>-455</color><color #ccc>)</color>//\\
''[[https://git.lede-project.org/?p=source.git;a=commitdiff;h=72e9d19f6e704124a7092353a12eabf21710d782|72e9d19]]'' **<nowiki>mac80211:</nowiki>** <nowiki>fix rfkill dependency</nowiki> //<color #ccc>(</color><color #282>+3</color><color #ccc>,</color><color #f00>-1</color><color #ccc>)</color>//\\
''[[https://git.lede-project.org/?p=source.git;a=commitdiff;h=fc88eb3fdfce6d39b4c62158cf6f42605a360a1e|fc88eb3]]'' **<nowiki>ath9k:</nowiki>** <nowiki>remove patch causing stability issues with powersave devices (FS#176)</nowiki> //<color #ccc>(</color><color #282>+8</color><color #ccc>,</color><color #f00>-45</color><color #ccc>)</color>//\\
''[[https://git.lede-project.org/?p=source.git;a=commitdiff;h=757228b137263a3f9927940744255236c64a4fd7|757228b]]'' **<nowiki>mac80211:</nowiki>** <nowiki>update rtl8xxxu patches</nowiki> //<color #ccc>(</color><color #282>+616</color><color #ccc>,</color><color #f00>-98</color><color #ccc>)</color>//\\
''[[https://git.lede-project.org/?p=source.git;a=commitdiff;h=ad51e09fd1301484820a466a49447a34d7504882|ad51e09]]'' **<nowiki>mac80211:</nowiki>** <nowiki>update to wireless-testing 2016-10-08</nowiki> //<color #ccc>(</color><color #282>+977</color><color #ccc>,</color><color #f00>-8.6K</color><color #ccc>)</color>//\\
''[[https://git.lede-project.org/?p=source.git;a=commitdiff;h=5f9598a432d92c1b60f4f2c724da0912cd3369a1|5f9598a]]'' **<nowiki>mac80211:</nowiki>** <nowiki>fix build error in ath10k with hwmon enabled</nowiki> //<color #ccc>(</color><color #282>+37</color><color #ccc>)</color>//\\
''[[https://git.lede-project.org/?p=source.git;a=commitdiff;h=b7b223be41cde2a264c0a9c4bbd1e0a4473682a7|b7b223b]]'' **<nowiki>mac80211:</nowiki>** <nowiki>backport some upstream a-msdu tx fixes</nowiki> //<color #ccc>(</color><color #282>+128</color><color #ccc>)</color>//\\
''[[https://git.lede-project.org/?p=source.git;a=commitdiff;h=4dfc0be07b85d62028175c1406ca585a3c5a0834|4dfc0be]]'' **<nowiki>mac80211:</nowiki>** <nowiki>fix AP powersave issues introduced in the last wireless-testing upd...</nowiki> //<color #ccc>(</color><color #282>+27</color><color #ccc>)</color>//\\
''[[https://git.lede-project.org/?p=source.git;a=commitdiff;h=69ace0824f13b64b51b4e8e9e39e3df560c53594|69ace08]]'' **<nowiki>mac80211:</nowiki>** <nowiki>fix a minor issue in the header padding patch</nowiki> //<color #ccc>(</color><color #282>+9</color><color #ccc>)</color>//\\
''[[https://git.lede-project.org/?p=source.git;a=commitdiff;h=f78405f5009197b76804b65aefb2f45acada1787|f78405f]]'' **<nowiki>mac80211:</nowiki>** <nowiki>fix regdomain change issues with CONFIG_ATH_USER_REGD</nowiki> //<color #ccc>(</color><color #282>+38</color><color #ccc>,</color><color #f00>-21</color><color #ccc>)</color>//\\
''[[https://git.lede-project.org/?p=source.git;a=commitdiff;h=5e35b4562fb73aaa1c75a3404fed2efb6afe03f8|5e35b45]]'' <nowiki>base-files, mac80211, broadcom-wl: use uci to populate wireless config</nowiki> //<color #ccc>(</color><color #282>+37</color><color #ccc>,</color><color #f00>-42</color><color #ccc>)</color>//\\
''[[https://git.lede-project.org/?p=source.git;a=commitdiff;h=5f8f8a366136a07df661e31decce2458357c167a|5f8f8a3]]'' <nowiki>base-files, mac80211, broadcom-wl: wifi detection and configuration</nowiki> //<color #ccc>(</color><color #282>+19</color><color #ccc>,</color><color #f00>-6</color><color #ccc>)</color>//\\
''[[https://git.lede-project.org/?p=source.git;a=commitdiff;h=12bd0f282005c57b9ec144c531390e2fa8cd1590|12bd0f2]]'' **<nowiki>mac80211:</nowiki>** <nowiki>replace the previous fix with a revert of the faulty upstream commit</nowiki> //<color #ccc>(</color><color #282>+6</color><color #ccc>,</color><color #f00>-5</color><color #ccc>)</color>//\\
''[[https://git.lede-project.org/?p=source.git;a=commitdiff;h=5c11a4b3114887711cf2a27b2d7debe0c8824954|5c11a4b]]'' **<nowiki>mac80211:</nowiki>** <nowiki>fix a tx A-MPDU aggregation issue</nowiki> //<color #ccc>(</color><color #282>+30</color><color #ccc>)</color>//\\
''[[https://git.lede-project.org/?p=source.git;a=commitdiff;h=db82db32030175f0a3dbed32a7432036efc6896d|db82db3]]'' **<nowiki>mac80211:</nowiki>** <nowiki>minor cleanup</nowiki> //<color #ccc>(</color><color #282>+29</color><color #ccc>)</color>//\\
''[[https://git.lede-project.org/?p=source.git;a=commitdiff;h=cae688544d139bd035d7bfadf2034ab02f85c749|cae6885]]'' **<nowiki>mac80211:</nowiki>** <nowiki>fix A-MSDU tx aggregation (FS#174)</nowiki> //<color #ccc>(</color><color #282>+34</color><color #ccc>)</color>//\\
''[[https://git.lede-project.org/?p=source.git;a=commitdiff;h=2516c0572efe2d362f48a54af64400876a799b26|2516c05]]'' **<nowiki>mac80211:</nowiki>** <nowiki>rt2x00: improve eeprom_file property handling</nowiki> //<color #ccc>(</color><color #282>+11</color><color #ccc>,</color><color #f00>-17</color><color #ccc>)</color>//\\
''[[https://git.lede-project.org/?p=source.git;a=commitdiff;h=7f235df5713765a64c1ea87c425fb1b0841a20df|7f235df]]'' **<nowiki>mac80211:</nowiki>** <nowiki>rt2x00: remove eeprom filename dependency from mtd-eeprom</nowiki> //<color #ccc>(</color><color #282>+15</color><color #ccc>,</color><color #f00>-12</color><color #ccc>)</color>//\\
''[[https://git.lede-project.org/?p=source.git;a=commitdiff;h=4f7a0601e665b863a5e4157de33b3d78b6393d3c|4f7a060]]'' **<nowiki>mac80211:</nowiki>** <nowiki>rt2x00: add mtd-eeprom swab function</nowiki> //<color #ccc>(</color><color #282>+9</color><color #ccc>,</color><color #f00>-5</color><color #ccc>)</color>//\\
''[[https://git.lede-project.org/?p=source.git;a=commitdiff;h=e7c019c24d2c7b367b2c8e58b424d2b7c6c27724|e7c019c]]'' **<nowiki>mac80211:</nowiki>** <nowiki>rt2x00: fold patches</nowiki> //<color #ccc>(</color><color #282>+17</color><color #ccc>,</color><color #f00>-48</color><color #ccc>)</color>//\\
''[[https://git.lede-project.org/?p=source.git;a=commitdiff;h=b6832817eb39ff237f663a5f0e6245414470ed37|b683281]]'' **<nowiki>mac80211:</nowiki>** <nowiki>rt2x00: add support for mac addr from device tree</nowiki> //<color #ccc>(</color><color #282>+197</color><color #ccc>,</color><color #f00>-90</color><color #ccc>)</color>//\\
''[[https://git.lede-project.org/?p=source.git;a=commitdiff;h=a250556d27556ec94a8d800fd27be40c2de8139c|a250556]]'' **<nowiki>ath9k:</nowiki>** <nowiki>fix ath9k_hw_gpio_get() to return 0 or 1 on success</nowiki> //<color #ccc>(</color><color #282>+29</color><color #ccc>)</color>//\\
''[[https://git.lede-project.org/?p=source.git;a=commitdiff;h=fa845e9978ed49538d8c9c501792a0505c79b7d9|fa845e9]]'' **<nowiki>ath9k:</nowiki>** <nowiki>add support for the HSR tuner of the Ubiquiti UAP Outdoor+</nowiki> //<color #ccc>(</color><color #282>+426</color><color #ccc>)</color>//\\
''[[https://git.lede-project.org/?p=source.git;a=commitdiff;h=84d57fc4857a6d60c328dd63a31e39475b66db80|84d57fc]]'' **<nowiki>mac80211:</nowiki>** <nowiki>Make wlcore platform-independent</nowiki> //<color #ccc>(</color><color #282>+1</color><color #ccc>,</color><color #f00>-1</color><color #ccc>)</color>//\\
''[[https://git.lede-project.org/?p=source.git;a=commitdiff;h=1847248fc1560d10cb49c88b343598c9cb673f38|1847248]]'' **<nowiki>kernel:</nowiki>** <nowiki>mac80211: backport ath9k device tree support patches</nowiki> //<color #ccc>(</color><color #282>+194</color><color #ccc>)</color>//\\
''[[https://git.lede-project.org/?p=source.git;a=commitdiff;h=3f889418a504b9c5d5781c2248bc3b3dc515ff03|3f88941]]'' **<nowiki>kernel:</nowiki>** <nowiki>mac80211: add pending ath9k EEPROM swapping patches</nowiki> //<color #ccc>(</color><color #282>+1.7K</color><color #ccc>)</color>//\\
''[[https://git.lede-project.org/?p=source.git;a=commitdiff;h=448b9b67e15b85994562a2e585028c0595148a98|448b9b6]]'' **<nowiki>kernel:</nowiki>** <nowiki>mac80211: disable ath9k bands via device tree</nowiki> //<color #ccc>(</color><color #282>+32</color><color #ccc>)</color>//\\
''[[https://git.lede-project.org/?p=source.git;a=commitdiff;h=4872c36c55f9423ac3a5859fd4eb42a23545632b|4872c36]]'' **<nowiki>ath9k:</nowiki>** <nowiki>add a RCU related bugfix</nowiki> //<color #ccc>(</color><color #282>+65</color><color #ccc>)</color>//\\
''[[https://git.lede-project.org/?p=source.git;a=commitdiff;h=57f7f91f0c2c88a4307fdf859f31946cb03c616d|57f7f91]]'' **<nowiki>mac80211:</nowiki>** <nowiki>refresh all patches</nowiki> //<color #ccc>(</color><color #282>+39</color><color #ccc>,</color><color #f00>-42</color><color #ccc>)</color>//\\
''[[https://git.lede-project.org/?p=source.git;a=commitdiff;h=66482e179bf463d286419319b33a46ad6a507453|66482e1]]'' **<nowiki>ath10k:</nowiki>** <nowiki>fix DMA allocation issues</nowiki> //<color #ccc>(</color><color #282>+108</color><color #ccc>)</color>//\\
''[[https://git.lede-project.org/?p=source.git;a=commitdiff;h=7dcccacb98a138e2d7fe8fe70302d30cae4a82ba|7dcccac]]'' **<nowiki>ath10k:</nowiki>** <nowiki>fix a bug on sending null-func frames</nowiki> //<color #ccc>(</color><color #282>+42</color><color #ccc>)</color>//\\
''[[https://git.lede-project.org/?p=source.git;a=commitdiff;h=28f6951600d0da31363e9b17dbad3f47097f4104|28f6951]]'' **<nowiki>ath10k:</nowiki>** <nowiki>fix a soft-lockup on firmware restart</nowiki> //<color #ccc>(</color><color #282>+51</color><color #ccc>,</color><color #f00>-2</color><color #ccc>)</color>//\\
''[[https://git.lede-project.org/?p=source.git;a=commitdiff;h=720b99215da295a2e7b4acdef30b58bec6acedc2|720b992]]'' **<nowiki>treewide:</nowiki>** <nowiki>clean up download hashes</nowiki> //<color #ccc>(</color><color #282>+300</color><color #ccc>,</color><color #f00>-283</color><color #ccc>)</color>//\\
''[[https://git.lede-project.org/?p=source.git;a=commitdiff;h=00bc7f0357d082e73699fb561776088e48e53101|00bc7f0]]'' **<nowiki>mac80211:</nowiki>** <nowiki>merge a number of minstrel/minstrel_ht performance and memory usage...</nowiki> //<color #ccc>(</color><color #282>+822</color><color #ccc>)</color>//\\
''[[https://git.lede-project.org/?p=source.git;a=commitdiff;h=b3a871dd3dc1bb78225d60db2d5bcc808b79181f|b3a871d]]'' **<nowiki>mac80211:</nowiki>** <nowiki>backport "cfg80211: limit scan results cache size"</nowiki> //<color #ccc>(</color><color #282>+150</color><color #ccc>)</color>//\\
''[[https://git.lede-project.org/?p=source.git;a=commitdiff;h=8f3d8c0022ed7a659cb62f852cc648f05b265f11|8f3d8c0]]'' **<nowiki>mac80211:</nowiki>** <nowiki>ath10k specifies that it supports 802.11ac mode</nowiki> //<color #ccc>(</color><color #282>+1</color><color #ccc>,</color><color #f00>-1</color><color #ccc>)</color>//\\
''[[https://git.lede-project.org/?p=source.git;a=commitdiff;h=236bf83bb66ef39b60741945eecce9777b4c631a|236bf83]]'' **<nowiki>brcmfmac:</nowiki>** <nowiki>select 802.11ac support</nowiki> //<color #ccc>(</color><color #282>+1</color><color #ccc>,</color><color #f00>-1</color><color #ccc>)</color>//\\
''[[https://git.lede-project.org/?p=source.git;a=commitdiff;h=00ad43f047746ab16c6558306de8ab8265b4f9f1|00ad43f]]'' **<nowiki>ath9k:</nowiki>** <nowiki>remove old rx dma stop check optimization</nowiki> //<color #ccc>(</color><color #f00>-28</color><color #ccc>)</color>//\\
''[[https://git.lede-project.org/?p=source.git;a=commitdiff;h=f04b651453a011d8604fc200ccc23cc91199a518|f04b651]]'' **<nowiki>ath5k:</nowiki>** <nowiki>drop bogus warning on drv_set_key with unsupported cipher (FS#334)</nowiki> //<color #ccc>(</color><color #282>+23</color><color #ccc>)</color>//\\
''[[https://git.lede-project.org/?p=source.git;a=commitdiff;h=c9c68c717769a7560b46fd77d050b08ffb94f241|c9c68c7]]'' **<nowiki>ath9k:</nowiki>** <nowiki>fix issues with external reset on AR913x</nowiki> //<color #ccc>(</color><color #282>+10</color><color #ccc>,</color><color #f00>-9</color><color #ccc>)</color>//\\
''[[https://git.lede-project.org/?p=source.git;a=commitdiff;h=fd718c50256536ed082852d735dc7690d7604418|fd718c5]]'' **<nowiki>mac80211:</nowiki>** <nowiki>Allow HT/VHT rates when running unencrypted mesh.</nowiki> //<color #ccc>(</color><color #282>+36</color><color #ccc>,</color><color #f00>-1</color><color #ccc>)</color>//\\
''[[https://git.lede-project.org/?p=source.git;a=commitdiff;h=b13e103d71e5bf969709d34639cd599522e5e48c|b13e103]]'' **<nowiki>ath5k:</nowiki>** <nowiki>select 802.11w support</nowiki> //<color #ccc>(</color><color #282>+1</color><color #ccc>,</color><color #f00>-1</color><color #ccc>)</color>//\\
''[[https://git.lede-project.org/?p=source.git;a=commitdiff;h=e3072599f6a5722421f21c16ddf9a5c27f1b7425|e307259]]'' **<nowiki>ath9k:</nowiki>** <nowiki>don't run periodic and nf calibration at the same time</nowiki> //<color #ccc>(</color><color #282>+26</color><color #ccc>)</color>//\\
''[[https://git.lede-project.org/?p=source.git;a=commitdiff;h=188626f17c0904a0bcd2755e530e2da252d969a2|188626f]]'' **<nowiki>mac80211:</nowiki>** <nowiki>backport cfg80211 support for ieee80211-freq-limit DT property</nowiki> //<color #ccc>(</color><color #282>+312</color><color #ccc>)</color>//\\
''[[https://git.lede-project.org/?p=source.git;a=commitdiff;h=07df80a1a61504e2b79cfee5e138f1d38db8ea66|07df80a]]'' **<nowiki>mac80211:</nowiki>** <nowiki>rename b43 patches to make more space</nowiki> //<color #ccc>(</color><color #ccc>)</color>//\\
''[[https://git.lede-project.org/?p=source.git;a=commitdiff;h=f714fe46a97a8a0b1404bc6e58c45a281b97b099|f714fe4]]'' **<nowiki>mac80211:</nowiki>** <nowiki>pending brcmfmac patches cleaning channels management</nowiki> //<color #ccc>(</color><color #282>+257</color><color #ccc>,</color><color #f00>-2</color><color #ccc>)</color>//\\
''[[https://git.lede-project.org/?p=source.git;a=commitdiff;h=2b6284f5a8fa12e1b3241f0651859d4e45537eb5|2b6284f]]'' **<nowiki>mac80211:</nowiki>** <nowiki>fix broken spatial multiplexing defaults</nowiki> //<color #ccc>(</color><color #282>+43</color><color #ccc>,</color><color #f00>-2</color><color #ccc>)</color>//\\
''[[https://git.lede-project.org/?p=source.git;a=commitdiff;h=5b089e45a649b936d5ce71930adef4fdea8a7875|5b089e4]]'' **<nowiki>kernel:</nowiki>** <nowiki>update 4.4 kernel to 4.4.42</nowiki> //<color #ccc>(</color><color #282>+108</color><color #ccc>,</color><color #f00>-98</color><color #ccc>)</color>//\\
''[[https://git.lede-project.org/?p=source.git;a=commitdiff;h=adf2fef5e8665e534d4895308d9e3325df7716ba|adf2fef]]'' **<nowiki>mac80211:</nowiki>** <nowiki>backport some upstream fixes</nowiki> //<color #ccc>(</color><color #282>+200</color><color #ccc>)</color>//\\
''[[https://git.lede-project.org/?p=source.git;a=commitdiff;h=a46d1fde4b5eb24e2d744230fdb307bbf821cdd7|a46d1fd]]'' **<nowiki>mac80211:</nowiki>** <nowiki>refresh patches</nowiki> //<color #ccc>(</color><color #282>+123</color><color #ccc>,</color><color #f00>-109</color><color #ccc>)</color>//\\
''[[https://git.lede-project.org/?p=source.git;a=commitdiff;h=e7e91e62bb68d907b6d7f7d95c8e6c076fda985e|e7e91e6]]'' **<nowiki>mac80211:</nowiki>** <nowiki>backport a fix for a tx related race condition</nowiki> //<color #ccc>(</color><color #282>+107</color><color #ccc>)</color>//\\
''[[https://git.lede-project.org/?p=source.git;a=commitdiff;h=5fba00a6862720ff1701667c774c6ac6f5a2c662|5fba00a]]'' **<nowiki>mac80211:</nowiki>** <nowiki>use wiphy_read_of_freq_limits in brcmfmac</nowiki> //<color #ccc>(</color><color #282>+31</color><color #ccc>)</color>//\\
''[[https://git.lede-project.org/?p=source.git;a=commitdiff;h=25200ae7a5e0626ff28b32227a6ea84063271d73|25200ae]]'' **<nowiki>mac80211:</nowiki>** <nowiki>brcmfmac: add early (& hacky) patch for storing country codes</nowiki> //<color #ccc>(</color><color #282>+60</color><color #ccc>)</color>//\\
''[[https://git.lede-project.org/?p=source.git;a=commitdiff;h=81f2196bb1c2c861c7335b75ad3375dd364978a6|81f2196]]'' **<nowiki>mac80211:</nowiki>** <nowiki>move (& update) upstream accepted brcmfmac patches</nowiki> //<color #ccc>(</color><color #282>+3</color><color #ccc>)</color>//\\
''[[https://git.lede-project.org/?p=source.git;a=commitdiff;h=e9d21739211261903441d150bc4b74732137c580|e9d2173]]'' **<nowiki>mac80211:</nowiki>** <nowiki>brcmfmac: don't use uninitialize mem for country codes</nowiki> //<color #ccc>(</color><color #282>+2</color><color #ccc>,</color><color #f00>-2</color><color #ccc>)</color>//\\
''[[https://git.lede-project.org/?p=source.git;a=commitdiff;h=a6f3ea5e848fd6c23cf0af9fe7b6c9753a1bf2fe|a6f3ea5]]'' <nowiki>Add back the commit "ath9k: Add airtime fairness scheduler"</nowiki> //<color #ccc>(</color><color #282>+728</color><color #ccc>,</color><color #f00>-15</color><color #ccc>)</color>//\\
''[[https://git.lede-project.org/?p=source.git;a=commitdiff;h=acd1795a60ce85baae2817b78b8de683b14cb519|acd1795]]'' **<nowiki>mac80211:</nowiki>** <nowiki>refresh patch</nowiki> //<color #ccc>(</color><color #282>+17</color><color #ccc>,</color><color #f00>-17</color><color #ccc>)</color>//\\
''[[https://git.lede-project.org/?p=source.git;a=commitdiff;h=f9022964cfa0a44984d2efa2dafe3452899acfdf|f902296]]'' **<nowiki>ath9k:</nowiki>** <nowiki>add stability fixes for long standing hang issues (FS#13, #34, #373, #...</nowiki> //<color #ccc>(</color><color #282>+523</color><color #ccc>,</color><color #f00>-57</color><color #ccc>)</color>//\\
''[[https://git.lede-project.org/?p=source.git;a=commitdiff;h=36db14369016b976ce7b0d6a1928eb7a26c45f5c|36db143]]'' **<nowiki>ath9k:</nowiki>** <nowiki>fix up a refcount imbalance error in the IRQ related fix</nowiki> //<color #ccc>(</color><color #282>+39</color><color #ccc>,</color><color #f00>-7</color><color #ccc>)</color>//\\
''[[https://git.lede-project.org/?p=source.git;a=commitdiff;h=5f2a1ac59aa996cf749e27cea30aca4270a4ef9c|5f2a1ac]]'' **<nowiki>ath9k:</nowiki>** <nowiki>remove the deaf rx path state check patch</nowiki> //<color #ccc>(</color><color #282>+53</color><color #ccc>,</color><color #f00>-149</color><color #ccc>)</color>//\\
''[[https://git.lede-project.org/?p=source.git;a=commitdiff;h=36288db2fd857643cd9c4437322614d8f14e4b69|36288db]]'' **<nowiki>mac80211:</nowiki>** <nowiki>start hostapd with logging wpa_printf messages to syslog</nowiki> //<color #ccc>(</color><color #282>+1</color><color #ccc>,</color><color #f00>-1</color><color #ccc>)</color>//\\
''[[https://git.lede-project.org/?p=source.git;a=commitdiff;h=e8f42223bef01e08a04f7a1e5c1deeb0d3bf1d01|e8f4222]]'' **<nowiki>mac80211:</nowiki>** <nowiki>rename brcmfmac patches to use higher prefix</nowiki> //<color #ccc>(</color><color #ccc>)</color>//\\
''[[https://git.lede-project.org/?p=source.git;a=commitdiff;h=e48b1c2c07101a31ff416be2754df73aabb2a4cb|e48b1c2]]'' **<nowiki>mac80211:</nowiki>** <nowiki>brcmfmac: backport some old patches from 2016</nowiki> //<color #ccc>(</color><color #282>+332</color><color #ccc>,</color><color #f00>-8</color><color #ccc>)</color>//\\
''[[https://git.lede-project.org/?p=source.git;a=commitdiff;h=85d128f1454a546b3fb9a673bc782a3c77938ef4|85d128f]]'' **<nowiki>mac80211:</nowiki>** <nowiki>brcmfmac: backport scheduled scan cleanup and chip support</nowiki> //<color #ccc>(</color><color #282>+2.2K</color><color #ccc>,</color><color #f00>-11</color><color #ccc>)</color>//\\
''[[https://git.lede-project.org/?p=source.git;a=commitdiff;h=4b9bdb48d904fadb8d32510490f1b9f5c35ee6b2|4b9bdb4]]'' **<nowiki>mac80211:</nowiki>** <nowiki>brcmfmac: backport 4.10 fixes & typo fix</nowiki> //<color #ccc>(</color><color #282>+111</color><color #ccc>)</color>//\\
''[[https://git.lede-project.org/?p=source.git;a=commitdiff;h=c578da619860716b338247e92e60cda67bab0b68|c578da6]]'' **<nowiki>mac80211:</nowiki>** <nowiki>brcmfmac: backport minor code cleanups</nowiki> //<color #ccc>(</color><color #282>+363</color><color #ccc>,</color><color #f00>-1</color><color #ccc>)</color>//\\
''[[https://git.lede-project.org/?p=source.git;a=commitdiff;h=52add1988c63425637ebc8316e1387140cc029fb|52add19]]'' **<nowiki>mac80211:</nowiki>** <nowiki>brcmfmac: backport PSM watchdog improvements</nowiki> //<color #ccc>(</color><color #282>+96</color><color #ccc>)</color>//\\
''[[https://git.lede-project.org/?p=source.git;a=commitdiff;h=5c4b2eb3dd9261d9e604dcdff2c93860a6313582|5c4b2eb]]'' **<nowiki>mac80211:</nowiki>** <nowiki>brcmfmac: backport wowlan netdetect fixes</nowiki> //<color #ccc>(</color><color #282>+149</color><color #ccc>,</color><color #f00>-2</color><color #ccc>)</color>//\\
''[[https://git.lede-project.org/?p=source.git;a=commitdiff;h=86bd88669704ca02fbdb34cdcb7366bfc12b39a9|86bd886]]'' **<nowiki>brcmfmac:</nowiki>** <nowiki>improve Raspberry Pi 3 stability</nowiki> //<color #ccc>(</color><color #282>+25</color><color #ccc>,</color><color #f00>-2</color><color #ccc>)</color>//\\
''[[https://git.lede-project.org/?p=source.git;a=commitdiff;h=e967f4dd27774ed5e760cae8a9c6d8f1be08f7b1|e967f4d]]'' **<nowiki>ath9k:</nowiki>** <nowiki>fix various issues in the airtime-fairness implementation</nowiki> //<color #ccc>(</color><color #282>+108</color><color #ccc>,</color><color #f00>-1</color><color #ccc>)</color>//\\

==== Wireless / MT76 (18 changes) ====
''[[https://git.lede-project.org/?p=source.git;a=commitdiff;h=6259583ef342af00d14e8d1e186196940889bcac|6259583]]'' **<nowiki>mt76:</nowiki>** <nowiki>fix rebuild on CONFIG_PACKAGE_MAC80211_MESH changes</nowiki> //<color #ccc>(</color><color #282>+2</color><color #ccc>)</color>//\\
''[[https://git.lede-project.org/?p=source.git;a=commitdiff;h=5b64e3532a15f7da18aa039ee83765a196cf1e0f|5b64e35]]'' **<nowiki>mt76:</nowiki>** <nowiki>update to the latest version</nowiki> //<color #ccc>(</color><color #282>+2</color><color #ccc>,</color><color #f00>-13</color><color #ccc>)</color>//\\
 => ''[[https://github.com/openwrt/mt76/commit/dd828b7fc6c785f67dc6d4aebca97324afb13593|dd828b7]]'' **<nowiki>mt7603:</nowiki>** <nowiki>fix initialization of the rate fallback table</nowiki> //<color #ccc>(</color><color #282>+6</color><color #ccc>,</color><color #f00>-6</color><color #ccc>)</color>//\\
 => ''[[https://github.com/openwrt/mt76/commit/9ecf04c4d713f38b4fabda1c44bc6008316b0121|9ecf04c]]'' **<nowiki>tx:</nowiki>** <nowiki>fix locking error pointed out by dnnn88</nowiki> //<color #ccc>(</color><color #282>+1</color><color #ccc>,</color><color #f00>-1</color><color #ccc>)</color>//\\
 => ''[[https://github.com/openwrt/mt76/commit/7605d326e6f6dcc3cf0cceea9779f3fd15e1eca7|7605d32]]'' <nowiki>Add 14c3:7612 device ID</nowiki> //<color #ccc>(</color><color #282>+1</color><color #ccc>)</color>//\\
''[[https://git.lede-project.org/?p=source.git;a=commitdiff;h=df93d53a4b7a5ce284dc0c6509057979f233cb92|df93d53]]'' **<nowiki>mac80211:</nowiki>** <nowiki>update to wireless-testing 2016-05-12</nowiki> //<color #ccc>(</color><color #282>+1.2K</color><color #ccc>,</color><color #f00>-9.9K</color><color #ccc>)</color>//\\
 => ''[[https://github.com/openwrt/mt76/commit/13c29223ef3b0b3f266c409f3f7d770dbd5c7f64|13c2922]]'' <nowiki>Use NL80211_BAND_2GHZ instead of IEEE80211_BAND_2GHZ</nowiki> //<color #ccc>(</color><color #282>+25</color><color #ccc>,</color><color #f00>-25</color><color #ccc>)</color>//\\
 => ''[[https://github.com/openwrt/mt76/commit/e4c05ba1624d440c2b7efde2971eb360e37a7b23|e4c05ba]]'' <nowiki>use nl80211_band instead of ieee80211_band</nowiki> //<color #ccc>(</color><color #282>+7</color><color #ccc>,</color><color #f00>-7</color><color #ccc>)</color>//\\
 => ''[[https://github.com/openwrt/mt76/commit/810eef8383cf2669cd4354135fc560ccfe71786c|810eef8]]'' <nowiki>sync with mac80211 ieee80211_rx_napi API change</nowiki> //<color #ccc>(</color><color #282>+1</color><color #ccc>,</color><color #f00>-1</color><color #ccc>)</color>//\\
''[[https://git.lede-project.org/?p=source.git;a=commitdiff;h=5770678122e76079debd6eeeb118f32e3fc78b84|5770678]]'' **<nowiki>mt76:</nowiki>** <nowiki>disable build for linux 3.18</nowiki> //<color #ccc>(</color><color #282>+1</color><color #ccc>,</color><color #f00>-1</color><color #ccc>)</color>//\\
''[[https://git.lede-project.org/?p=source.git;a=commitdiff;h=7eeb254cc49c4e9f837c980826ec112b9404f341|7eeb254]]'' **<nowiki>treewide:</nowiki>** <nowiki>replace nbd@openwrt.org with nbd@nbd.name</nowiki> //<color #ccc>(</color><color #282>+299</color><color #ccc>,</color><color #f00>-299</color><color #ccc>)</color>//\\
''[[https://git.lede-project.org/?p=source.git;a=commitdiff;h=8e70655f35f463ced6bdca68c2604634987b4e7c|8e70655]]'' **<nowiki>mt76:</nowiki>** <nowiki>update to the latest version, fixes a monitor mode injection crash</nowiki> //<color #ccc>(</color><color #282>+2</color><color #ccc>,</color><color #f00>-2</color><color #ccc>)</color>//\\
 => ''[[https://github.com/openwrt/mt76/commit/11e0a12ce44940be55ed43f5e1638e532520255b|11e0a12]]'' **<nowiki>mt76x2:</nowiki>** <nowiki>fix crash on monitor mode injection</nowiki> //<color #ccc>(</color><color #282>+9</color><color #ccc>,</color><color #f00>-4</color><color #ccc>)</color>//\\
''[[https://git.lede-project.org/?p=source.git;a=commitdiff;h=c2ec43733a91af2d8b8eb8b578c327059d2a51cb|c2ec437]]'' **<nowiki>mt76:</nowiki>** <nowiki>update to latest version, adds survey support for mt76x2</nowiki> //<color #ccc>(</color><color #282>+1</color><color #ccc>,</color><color #f00>-1</color><color #ccc>)</color>//\\
 => ''[[https://github.com/openwrt/mt76/commit/6c4b37be98bdfb9a83c9f3900c7a0366b5c8e65c|6c4b37b]]'' <nowiki>move dev->chandef to mt76 struct</nowiki> //<color #ccc>(</color><color #282>+28</color><color #ccc>,</color><color #f00>-37</color><color #ccc>)</color>//\\
 => ''[[https://github.com/openwrt/mt76/commit/3c8a4bc30e363da2250bcd47c54cc36e41736bb9|3c8a4bc]]'' **<nowiki>mt76x2:</nowiki>** <nowiki>implement survey support</nowiki> //<color #ccc>(</color><color #282>+163</color><color #ccc>,</color><color #f00>-12</color><color #ccc>)</color>//\\
''[[https://git.lede-project.org/?p=source.git;a=commitdiff;h=240137a744f1c2375094cfc9c4e6b3f8936f3201|240137a]]'' **<nowiki>mt76:</nowiki>** <nowiki>update to the latest version, fixes a SMPS handling issue</nowiki> //<color #ccc>(</color><color #282>+2</color><color #ccc>,</color><color #f00>-2</color><color #ccc>)</color>//\\
 => ''[[https://github.com/openwrt/mt76/commit/271a9998f9956545ac92336532d6faa684d69349|271a999]]'' **<nowiki>mt7603:</nowiki>** <nowiki>skip tx chain 0 power values efuse override for MT76x8</nowiki> //<color #ccc>(</color><color #282>+8</color><color #ccc>,</color><color #f00>-3</color><color #ccc>)</color>//\\
 => ''[[https://github.com/openwrt/mt76/commit/f30fa6c56cac61147fc8916d42842e97b05ba3e0|f30fa6c]]'' **<nowiki>mt7603:</nowiki>** <nowiki>poll for rate update completion before setting sta->wcid.tx_rate_set ...</nowiki> //<color #ccc>(</color><color #282>+3</color><color #ccc>)</color>//\\
 => ''[[https://github.com/openwrt/mt76/commit/267e959c84123bf8c7d449aa31d4768df4ac9221|267e959]]'' <nowiki>move mt76 rate power struct to mt76.h</nowiki> //<color #ccc>(</color><color #282>+19</color><color #ccc>,</color><color #f00>-19</color><color #ccc>)</color>//\\
 => ''[[https://github.com/openwrt/mt76/commit/f06ed811cda67ab2ed9932c3e87ba03229e75f4e|f06ed81]]'' **<nowiki>mt76x2:</nowiki>** <nowiki>handle peer in dynamic SMPS mode</nowiki> //<color #ccc>(</color><color #282>+2</color><color #ccc>)</color>//\\
''[[https://git.lede-project.org/?p=source.git;a=commitdiff;h=d98409edbcc3ad35f7e4369b0fceac837e7abb0d|d98409e]]'' **<nowiki>mt76:</nowiki>** <nowiki>update to the latest version, fixes powersave issues</nowiki> //<color #ccc>(</color><color #282>+2</color><color #ccc>,</color><color #f00>-2</color><color #ccc>)</color>//\\
 => ''[[https://github.com/openwrt/mt76/commit/9226e96c40e9ae19996a262365ce764f7b0b9c4a|9226e96]]'' **<nowiki>tx:</nowiki>** <nowiki>remove spurious semicolon</nowiki> //<color #ccc>(</color><color #282>+1</color><color #ccc>,</color><color #f00>-1</color><color #ccc>)</color>//\\
''[[https://git.lede-project.org/?p=source.git;a=commitdiff;h=acffa62d1235d2379a304b2216f8a3d46ba5e3d9|acffa62]]'' **<nowiki>mt76:</nowiki>** <nowiki>update to the latest version</nowiki> //<color #ccc>(</color><color #282>+2</color><color #ccc>,</color><color #f00>-2</color><color #ccc>)</color>//\\
 => ''[[https://github.com/openwrt/mt76/commit/caff56f908337b2efbb2a142ca545b7292eb7f1c|caff56f]]'' **<nowiki>mt76x2:</nowiki>** <nowiki>phy: cosmetics</nowiki> //<color #ccc>(</color><color #282>+8</color><color #ccc>,</color><color #f00>-8</color><color #ccc>)</color>//\\
 => ''[[https://github.com/openwrt/mt76/commit/9a75c6caa0dc3478c72e190860c93b6efb0d5d4e|9a75c6c]]'' **<nowiki>mt76x2:</nowiki>** <nowiki>phy: fix typo in rate-power configuration</nowiki> //<color #ccc>(</color><color #282>+1</color><color #ccc>,</color><color #f00>-1</color><color #ccc>)</color>//\\
 => ''[[https://github.com/openwrt/mt76/commit/ced81a345828abd2e2e9ea57bf27eb69b7b07808|ced81a3]]'' <nowiki>relicense to ISC (except for util.h which is based on GPL'd kernel code</nowiki> //<color #ccc>(</color><color #282>+460</color><color #ccc>,</color><color #f00>-322</color><color #ccc>)</color>//\\
 => ''[[https://github.com/openwrt/mt76/commit/313e83c063740b54dac0ddaeb6b18a8ccecaae79|313e83c]]'' **<nowiki>mt7603:</nowiki>** <nowiki>main: reconfigure bssid after ibss join in ad-hoc mode</nowiki> //<color #ccc>(</color><color #282>+1</color><color #ccc>,</color><color #f00>-1</color><color #ccc>)</color>//\\
 => ''[[https://github.com/openwrt/mt76/commit/3d36d4b649bed1fb36a95089ffcce2ece83051c4|3d36d4b]]'' **<nowiki>mt7603:</nowiki>** <nowiki>fix bssid register settings on assoc/ibss-join</nowiki> //<color #ccc>(</color><color #282>+11</color><color #ccc>,</color><color #f00>-4</color><color #ccc>)</color>//\\
 => ''[[https://github.com/openwrt/mt76/commit/aa77eadf0e39ec842b50a9622af5dd7ff2480773|aa77ead]]'' **<nowiki>mt76x2:</nowiki>** <nowiki>add TPC support</nowiki> //<color #ccc>(</color><color #282>+67</color><color #ccc>)</color>//\\
 => ''[[https://github.com/openwrt/mt76/commit/2637e6b9c0fa6b2ce312ce302e9ed16dd0e40794|2637e6b]]'' **<nowiki>mt76x2:</nowiki>** <nowiki>add tx power adjustment for auto response frames</nowiki> //<color #ccc>(</color><color #282>+18</color><color #ccc>,</color><color #f00>-1</color><color #ccc>)</color>//\\
 => ''[[https://github.com/openwrt/mt76/commit/c3127d2acc354b4a27c8604716b0591093601971|c3127d2]]'' **<nowiki>mt76x2:</nowiki>** <nowiki>add debugfs entry to enable/disable per packet TPC</nowiki> //<color #ccc>(</color><color #282>+5</color><color #ccc>,</color><color #f00>-1</color><color #ccc>)</color>//\\
''[[https://git.lede-project.org/?p=source.git;a=commitdiff;h=b305b8c38692e2345a6c580baf0b1eda929ce5d3|b305b8c]]'' **<nowiki>mt76:</nowiki>** <nowiki>update to the latest version, fixes dfs issues</nowiki> //<color #ccc>(</color><color #282>+2</color><color #ccc>,</color><color #f00>-2</color><color #ccc>)</color>//\\
 => ''[[https://github.com/openwrt/mt76/commit/53c1b7f6ac6f812e609f77597c77d6b6ab9b1a2e|53c1b7f]]'' <nowiki>update my email address</nowiki> //<color #ccc>(</color><color #282>+47</color><color #ccc>,</color><color #f00>-47</color><color #ccc>)</color>//\\
 => ''[[https://github.com/openwrt/mt76/commit/b300bdc42e4d2bd65fc01c9ed0c98e3cd6db6e70|b300bdc]]'' <nowiki>use the new bitfield accessor macros</nowiki> //<color #ccc>(</color><color #282>+183</color><color #ccc>,</color><color #f00>-241</color><color #ccc>)</color>//\\
 => ''[[https://github.com/openwrt/mt76/commit/01c63035b6da7e71ad653569124aab0301a57441|01c6303]]'' <nowiki>move mt76_remove_hdr_pad to mt76x2_mac.c</nowiki> //<color #ccc>(</color><color #282>+8</color><color #ccc>,</color><color #f00>-10</color><color #ccc>)</color>//\\
 => ''[[https://github.com/openwrt/mt76/commit/05e961782d0c0872c047f61f5bcbdcfc556df1f6|05e9617]]'' <nowiki>move mt76_insert_hdr_pad to mt76x2_tx.c</nowiki> //<color #ccc>(</color><color #282>+21</color><color #ccc>,</color><color #f00>-23</color><color #ccc>)</color>//\\
 => ''[[https://github.com/openwrt/mt76/commit/d7f5112c092ce10673b9ce233e96a31f06d82c3d|d7f5112]]'' **<nowiki>mt76x2:</nowiki>** <nowiki>fix checkpatch warnings</nowiki> //<color #ccc>(</color><color #282>+166</color><color #ccc>,</color><color #f00>-118</color><color #ccc>)</color>//\\
 => ''[[https://github.com/openwrt/mt76/commit/becce8bd46de77201fdf2ef820c40ecce83ff114|becce8b]]'' **<nowiki>mt76x2:</nowiki>** <nowiki>fix more checkpatch errors</nowiki> //<color #ccc>(</color><color #282>+10</color><color #ccc>,</color><color #f00>-7</color><color #ccc>)</color>//\\
 => ''[[https://github.com/openwrt/mt76/commit/93907807caa58c371fb71c7e24fced096888449e|9390780]]'' **<nowiki>mt76x2:</nowiki>** <nowiki>fix typo in mt76x2_tx_get_max_txpwr_adj() signature</nowiki> //<color #ccc>(</color><color #282>+4</color><color #ccc>,</color><color #f00>-4</color><color #ccc>)</color>//\\
 => ''[[https://github.com/openwrt/mt76/commit/b18d66f74946fe8a6abdd4c89e211b76ffcef014|b18d66f]]'' **<nowiki>core:</nowiki>** <nowiki>fix checkpatch errors</nowiki> //<color #ccc>(</color><color #282>+47</color><color #ccc>,</color><color #f00>-36</color><color #ccc>)</color>//\\
 => ''[[https://github.com/openwrt/mt76/commit/b74180f517d4becbf86002b8f196618e4d59c492|b74180f]]'' **<nowiki>core:</nowiki>** <nowiki>rename register trace events to avoid conflict with mt7601u</nowiki> //<color #ccc>(</color><color #282>+4</color><color #ccc>,</color><color #f00>-4</color><color #ccc>)</color>//\\
 => ''[[https://github.com/openwrt/mt76/commit/29a89c4be0b7fc31c32caa6c5180941dd7d7f9c8|29a89c4]]'' <nowiki>adjust MODULE_LICENSE for license change</nowiki> //<color #ccc>(</color><color #282>+3</color><color #ccc>,</color><color #f00>-3</color><color #ccc>)</color>//\\
 => ''[[https://github.com/openwrt/mt76/commit/60a15e968d059bc0de482bef5b671acc7ee1ba57|60a15e9]]'' **<nowiki>mt76x2:</nowiki>** <nowiki>rename misnamed variable</nowiki> //<color #ccc>(</color><color #282>+3</color><color #ccc>,</color><color #f00>-3</color><color #ccc>)</color>//\\
 => ''[[https://github.com/openwrt/mt76/commit/838d439f7bcb5f700e9bd0bb43fe2c064f41df43|838d439]]'' **<nowiki>mt76x2:</nowiki>** <nowiki>fix parsing of EEPROM board type</nowiki> //<color #ccc>(</color><color #282>+1</color><color #ccc>,</color><color #f00>-1</color><color #ccc>)</color>//\\
 => ''[[https://github.com/openwrt/mt76/commit/6375fc1abef935726d39b4e27cb933c9cb28dd3e|6375fc1]]'' **<nowiki>mt76x2:</nowiki>** <nowiki>add hw radar detector</nowiki> //<color #ccc>(</color><color #282>+627</color><color #ccc>,</color><color #f00>-1</color><color #ccc>)</color>//\\
 => ''[[https://github.com/openwrt/mt76/commit/d392047be6bf27c2f21e0b78707616c4570a47ea|d392047]]'' **<nowiki>mt76x2:</nowiki>** <nowiki>debugfs: add dfs statistics to debugfs</nowiki> //<color #ccc>(</color><color #282>+42</color><color #ccc>)</color>//\\
 => ''[[https://github.com/openwrt/mt76/commit/b9f3193a2438ecc6807fe1600272536fb7ff5745|b9f3193]]'' **<nowiki>mt76x2:</nowiki>** <nowiki>init: unlock DFS channels</nowiki> //<color #ccc>(</color><color #282>+4</color><color #ccc>)</color>//\\
 => ''[[https://github.com/openwrt/mt76/commit/129010808c6c395c0e37c1d46b87bbe7a4f6249e|1290108]]'' **<nowiki>mt76x2:</nowiki>** <nowiki>dfs: code style cleanup</nowiki> //<color #ccc>(</color><color #282>+88</color><color #ccc>,</color><color #f00>-74</color><color #ccc>)</color>//\\
 => + //3 more...//\\
''[[https://git.lede-project.org/?p=source.git;a=commitdiff;h=fb237477fd1e7801e4877f9fe1ea7bc1ec16dd99|fb23747]]'' **<nowiki>mt76:</nowiki>** <nowiki>update to the latest version, fixes a build error on some platforms</nowiki> //<color #ccc>(</color><color #282>+2</color><color #ccc>,</color><color #f00>-2</color><color #ccc>)</color>//\\
 => ''[[https://github.com/openwrt/mt76/commit/a39d4b7bf9edae67aad809fad7ca8ebfabd6ec22|a39d4b7]]'' **<nowiki>eeprom:</nowiki>** <nowiki>add missing ifdef for MTD support</nowiki> //<color #ccc>(</color><color #282>+1</color><color #ccc>,</color><color #f00>-1</color><color #ccc>)</color>//\\
 => ''[[https://github.com/openwrt/mt76/commit/7ce4368c3d508b61993466fa5a13a3b5929bde4b|7ce4368]]'' **<nowiki>mt7603:</nowiki>** <nowiki>work around a compiler issue on accessing 802.11 header fields</nowiki> //<color #ccc>(</color><color #282>+3</color><color #ccc>,</color><color #f00>-4</color><color #ccc>)</color>//\\
''[[https://git.lede-project.org/?p=source.git;a=commitdiff;h=720b99215da295a2e7b4acdef30b58bec6acedc2|720b992]]'' **<nowiki>treewide:</nowiki>** <nowiki>clean up download hashes</nowiki> //<color #ccc>(</color><color #282>+300</color><color #ccc>,</color><color #f00>-283</color><color #ccc>)</color>//\\
''[[https://git.lede-project.org/?p=source.git;a=commitdiff;h=2d4c42ad49cc50d17703374cbd7ba16afd228565|2d4c42a]]'' **<nowiki>mt76:</nowiki>** <nowiki>select 802.11ac support</nowiki> //<color #ccc>(</color><color #282>+1</color><color #ccc>,</color><color #f00>-1</color><color #ccc>)</color>//\\
''[[https://git.lede-project.org/?p=source.git;a=commitdiff;h=c7c1cf5618b6ca983c20510814b762eeab4937e5|c7c1cf5]]'' **<nowiki>treewide:</nowiki>** <nowiki>clean up and unify PKG_VERSION for git based downloads</nowiki> //<color #ccc>(</color><color #282>+140</color><color #ccc>,</color><color #f00>-284</color><color #ccc>)</color>//\\
''[[https://git.lede-project.org/?p=source.git;a=commitdiff;h=a206394efa88291dbf825210ca3bab056c407802|a206394]]'' **<nowiki>mt76:</nowiki>** <nowiki>update to the latest version, adds support for 802.11w</nowiki> //<color #ccc>(</color><color #282>+3</color><color #ccc>,</color><color #f00>-3</color><color #ccc>)</color>//\\
 => ''[[https://github.com/openwrt/mt76/commit/9af67d47e02b4e70d500ec9ce1743b3acefae534|9af67d4]]'' **<nowiki>mt76x2:</nowiki>** <nowiki>return -EOPNOTSUPP on unsupported ciphers</nowiki> //<color #ccc>(</color><color #282>+2</color><color #ccc>,</color><color #f00>-2</color><color #ccc>)</color>//\\
 => ''[[https://github.com/openwrt/mt76/commit/f8f49d2428514401c62dd272f495a3bb82525521|f8f49d2]]'' **<nowiki>mt7603:</nowiki>** <nowiki>return -EOPNOTSUPP on unsupported ciphers</nowiki> //<color #ccc>(</color><color #282>+1</color><color #ccc>,</color><color #f00>-1</color><color #ccc>)</color>//\\
 => ''[[https://github.com/openwrt/mt76/commit/85d12fea1abe8654f694dc6594781f85168aa2c2|85d12fe]]'' **<nowiki>mac80211:</nowiki>** <nowiki>enable 802.11w support</nowiki> //<color #ccc>(</color><color #282>+1</color><color #ccc>)</color>//\\
''[[https://git.lede-project.org/?p=source.git;a=commitdiff;h=f4f2dd04bd0bfeae99492683ecaa8fcabb9567a0|f4f2dd0]]'' **<nowiki>mt76:</nowiki>** <nowiki>select 802.11w support</nowiki> //<color #ccc>(</color><color #282>+3</color><color #ccc>,</color><color #f00>-1</color><color #ccc>)</color>//\\
''[[https://git.lede-project.org/?p=source.git;a=commitdiff;h=f4162bf3ca713255a60ce7215b20a28c62a35c20|f4162bf]]'' **<nowiki>mt76:</nowiki>** <nowiki>update to the latest version</nowiki> //<color #ccc>(</color><color #282>+3</color><color #ccc>,</color><color #f00>-3</color><color #ccc>)</color>//\\
 => ''[[https://github.com/openwrt/mt76/commit/36ad8c3df2d61cca7bdd1428328a6c14eaaa1b1a|36ad8c3]]'' **<nowiki>mt76x2:</nowiki>** <nowiki>dfs: remove unnecessary mt76x2_dfs_chan_state() routine</nowiki> //<color #ccc>(</color><color #f00>-45</color><color #ccc>)</color>//\\
 => ''[[https://github.com/openwrt/mt76/commit/9e7bb5309f82d30a6648d6a548a73b0427a235c2|9e7bb53]]'' **<nowiki>mt76x2:</nowiki>** <nowiki>phy: update dfs AGC parameters according to AGC_8 register</nowiki> //<color #ccc>(</color><color #282>+3</color><color #ccc>,</color><color #f00>-3</color><color #ccc>)</color>//\\
 => ''[[https://github.com/openwrt/mt76/commit/3c8caafc5e150db79f714b958a51cee8f242f309|3c8caaf]]'' **<nowiki>mt76x2:</nowiki>** <nowiki>dfs: update energy thresholds to reduce false positives</nowiki> //<color #ccc>(</color><color #282>+16</color><color #ccc>,</color><color #f00>-16</color><color #ccc>)</color>//\\

==== Miscellaneous (6 changes) ====
''[[https://git.lede-project.org/?p=source.git;a=commitdiff;h=a3531f1986d33eeff12175c804ebf7f62a9a8675|a3531f1]]'' **<nowiki>README:</nowiki>** <nowiki>Remove outdated info</nowiki> //<color #ccc>(</color><color #f00>-6</color><color #ccc>)</color>//\\
''[[https://git.lede-project.org/?p=source.git;a=commitdiff;h=d0edce233daccc38f102469a3f8cd985c2c0c70d|d0edce2]]'' **<nowiki>README:</nowiki>** <nowiki>Update project README</nowiki> //<color #ccc>(</color><color #282>+1</color><color #ccc>,</color><color #f00>-1</color><color #ccc>)</color>//\\
''[[https://git.lede-project.org/?p=source.git;a=commitdiff;h=4f40f22fb31772097df95f93970aabbd63ae289e|4f40f22]]'' <nowiki>Add Issue submission template (redirect to bugs.lede-project.org)</nowiki> //<color #ccc>(</color><color #282>+13</color><color #ccc>)</color>//\\
''[[https://git.lede-project.org/?p=source.git;a=commitdiff;h=0e7869f20492a76fc1f331101fa01bfe9f02692f|0e7869f]]'' <nowiki>remove bogus dev/null that was accidentally introduced while applying a patch</nowiki> //<color #ccc>(</color><color #ccc>)</color>//\\
''[[https://git.lede-project.org/?p=source.git;a=commitdiff;h=882f4d2d63272abce8c1966983aa10178e2e971f|882f4d2]]'' **<nowiki>docs:</nowiki>** <nowiki>deleting docs because they are obsolete</nowiki> //<color #ccc>(</color><color #f00>-2.5K</color><color #ccc>)</color>//\\
''[[https://git.lede-project.org/?p=source.git;a=commitdiff;h=b02636fcb4b16d437442f817a60a30e9b7ce4ed2|b02636f]]'' **<nowiki>gitignore:</nowiki>** <nowiki>add /overlay</nowiki> //<color #ccc>(</color><color #282>+1</color><color #ccc>)</color>//\\

===== Addressed bugs =====
=== #3 ===
**Description:** <nowiki>fstab adds a warning about a deprecated file to system log at every boot</nowiki>\\
**Link:** [[https://bugs.lede-project.org/index.php?do=details&task_id=3]]\\
**Commits:**\\
''[[https://git.lede-project.org/?p=source.git;a=commitdiff;h=fd7e15d493166eeed15153caa864a9cc59e3a51a|fd7e15d]]'' **<nowiki>fstools:</nowiki>** <nowiki>remove bogus warning in the fstab script</nowiki> //<color #ccc>(</color><color #282>+6</color><color #ccc>,</color><color #f00>-4</color><color #ccc>)</color>//\\
\\
=== #10 ===
**Description:** <nowiki>/dev/snd has wrong permissions</nowiki>\\
**Link:** [[https://bugs.lede-project.org/index.php?do=details&task_id=10]]\\
**Commits:**\\
''[[https://git.lede-project.org/?p=source.git;a=commitdiff;h=aba6de38d273c68ba5c060c53e971f5fd592af76|aba6de3]]'' **<nowiki>usb:</nowiki>** <nowiki>Remove annoying warning about bogus URB</nowiki> //<color #ccc>(</color><color #282>+73</color><color #ccc>)</color>//\\
\\
=== #13 ===
**Description:** <nowiki>Ath9k AP stays up for connected clients but doesn't show in scan on new ones</nowiki>\\
**Link:** [[https://bugs.lede-project.org/index.php?do=details&task_id=13]]\\
**Commits:**\\
''[[https://git.lede-project.org/?p=source.git;a=commitdiff;h=f9022964cfa0a44984d2efa2dafe3452899acfdf|f902296]]'' **<nowiki>ath9k:</nowiki>** <nowiki>add stability fixes for long standing hang issues (FS#13, #34, #373, #...</nowiki> //<color #ccc>(</color><color #282>+523</color><color #ccc>,</color><color #f00>-57</color><color #ccc>)</color>//\\
\\
=== #24 ===
**Description:** <nowiki>[regression] STP does not flow over WDS links </nowiki>\\
**Link:** [[https://bugs.lede-project.org/index.php?do=details&task_id=24]]\\
**Commits:**\\
''[[https://git.lede-project.org/?p=source.git;a=commitdiff;h=1e03998e2b85e0250dd55da5146199a720e214af|1e03998]]'' **<nowiki>mac80211:</nowiki>** <nowiki>fix skb size calculation in 4addr mode (FS#24)</nowiki> //<color #ccc>(</color><color #282>+11</color><color #ccc>)</color>//\\
\\
=== #31 ===
**Description:** <nowiki>firewall3 fails to reload iptables policy extension</nowiki>\\
**Link:** [[https://bugs.lede-project.org/index.php?do=details&task_id=31]]\\
**Commits:**\\
''[[https://git.lede-project.org/?p=source.git;a=commitdiff;h=113544dccf113a8ed47e0a91ab2f6e02343c3e82|113544d]]'' **<nowiki>firewall:</nowiki>** <nowiki>update to fix FS#31, FS#73, FS#154, FS#248</nowiki> //<color #ccc>(</color><color #282>+3</color><color #ccc>,</color><color #f00>-3</color><color #ccc>)</color>//\\
 => ''[[https://git.lede-project.org/?p=project/firewall3.git;a=commitdiff;h=6009904eb4dfe91e3d0b5cb96c4095232a303835|6009904]]'' **<nowiki>zones:</nowiki>** <nowiki>restrict default ACCEPT rules to NEW ctstate</nowiki> //<color #ccc>(</color><color #282>+8</color><color #ccc>)</color>//\\
 => ''[[https://git.lede-project.org/?p=project/firewall3.git;a=commitdiff;h=b33f78371e7c7b6a131c2b6c01673cbd4b3c13d1|b33f783]]'' **<nowiki>defaults:</nowiki>** <nowiki>disable drop_invalid by default</nowiki> //<color #ccc>(</color><color #f00>-1</color><color #ccc>)</color>//\\
 => ''[[https://git.lede-project.org/?p=project/firewall3.git;a=commitdiff;h=6818f758fe8b0de9eae45adf4bae91a312cc8f0c|6818f75]]'' **<nowiki>zones:</nowiki>** <nowiki>allow untracked traffic as well</nowiki> //<color #ccc>(</color><color #282>+4</color><color #ccc>,</color><color #f00>-2</color><color #ccc>)</color>//\\
 => ''[[https://git.lede-project.org/?p=project/firewall3.git;a=commitdiff;h=18f4c6fda6afb912f53ded3112b1f270ddf5ff6c|18f4c6f]]'' **<nowiki>utils.h:</nowiki>** <nowiki>Avoid name clashes for setbit/delbit/hasbit</nowiki> //<color #ccc>(</color><color #282>+34</color><color #ccc>,</color><color #f00>-34</color><color #ccc>)</color>//\\
 => ''[[https://git.lede-project.org/?p=project/firewall3.git;a=commitdiff;h=c5c87e46994635c11b75d01129a57ba42570fa03|c5c87e4]]'' **<nowiki>iptables:</nowiki>** <nowiki>use different approach for managing loadable extensions</nowiki> //<color #ccc>(</color><color #282>+87</color><color #ccc>,</color><color #f00>-26</color><color #ccc>)</color>//\\
 => ''[[https://git.lede-project.org/?p=project/firewall3.git;a=commitdiff;h=097282eace13feb4a115b55d497588bf2b550f62|097282e]]'' **<nowiki>zones:</nowiki>** <nowiki>properly handle multiple masq_src / masq_dest negations (FS#248)</nowiki> //<color #ccc>(</color><color #282>+59</color><color #ccc>,</color><color #f00>-7</color><color #ccc>)</color>//\\
 => ''[[https://git.lede-project.org/?p=project/firewall3.git;a=commitdiff;h=dd013720b42d6df91176dc9e87f815dcd5d69519|dd01372]]'' **<nowiki>iptables:</nowiki>** <nowiki>add support for version 1.6.0</nowiki> //<color #ccc>(</color><color #282>+7</color><color #ccc>,</color><color #f00>-1</color><color #ccc>)</color>//\\
 => ''[[https://git.lede-project.org/?p=project/firewall3.git;a=commitdiff;h=010723ef8af18add1e592a55092d4b0e1c5e1efe|010723e]]'' **<nowiki>iptables:</nowiki>** <nowiki>fix loading standard target</nowiki> //<color #ccc>(</color><color #282>+8</color><color #ccc>,</color><color #f00>-1</color><color #ccc>)</color>//\\
 => ''[[https://git.lede-project.org/?p=project/firewall3.git;a=commitdiff;h=19acf041bfdb479e68d53699cc8940d21d76434b|19acf04]]'' **<nowiki>iptables:</nowiki>** <nowiki>optional loading of static extensions</nowiki> //<color #ccc>(</color><color #282>+15</color><color #ccc>,</color><color #f00>-3</color><color #ccc>)</color>//\\
 => ''[[https://git.lede-project.org/?p=project/firewall3.git;a=commitdiff;h=227530375704f8aa5ae3af0b88d7749f7cf7e7d0|2275303]]'' **<nowiki>iptables:</nowiki>** <nowiki>declare _GNU_SOURCE to define RTLD_NEXT</nowiki> //<color #ccc>(</color><color #282>+2</color><color #ccc>)</color>//\\
 => ''[[https://git.lede-project.org/?p=project/firewall3.git;a=commitdiff;h=37df903ae8efd88d740b1ed8cc2e0ae384226dd6|37df903]]'' **<nowiki>iptables:</nowiki>** <nowiki>rework extension loader</nowiki> //<color #ccc>(</color><color #282>+9</color><color #ccc>,</color><color #f00>-37</color><color #ccc>)</color>//\\
 => ''[[https://git.lede-project.org/?p=project/firewall3.git;a=commitdiff;h=c520966c2a92a14c931f411d502ed1a8dedf604d|c520966]]'' **<nowiki>main:</nowiki>** <nowiki>make failing ubus connection nonfatal</nowiki> //<color #ccc>(</color><color #282>+1</color><color #ccc>,</color><color #f00>-1</color><color #ccc>)</color>//\\
 => ''[[https://git.lede-project.org/?p=project/firewall3.git;a=commitdiff;h=786b15ff1460e8611eaa35ec024efe08fd3a5ebe|786b15f]]'' **<nowiki>iptables:</nowiki>** <nowiki>remove usage of xt_id</nowiki> //<color #ccc>(</color><color #282>+37</color><color #ccc>,</color><color #f00>-42</color><color #ccc>)</color>//\\
 => ''[[https://git.lede-project.org/?p=project/firewall3.git;a=commitdiff;h=6015fc07618173bc9cc44890e0f9c86081c80848|6015fc0]]'' **<nowiki>musl-compat:</nowiki>** <nowiki>avoid kernel header conflicts</nowiki> //<color #ccc>(</color><color #282>+5</color><color #ccc>)</color>//\\
 => ''[[https://git.lede-project.org/?p=project/firewall3.git;a=commitdiff;h=bd40ba4584141ce34f3d5c42841abafccad06bdd|bd40ba4]]'' **<nowiki>iptables:</nowiki>** <nowiki>move includes into iptables.c to avoid kernel header clashes</nowiki> //<color #ccc>(</color><color #282>+54</color><color #ccc>,</color><color #f00>-45</color><color #ccc>)</color>//\\
 => ''[[https://git.lede-project.org/?p=project/firewall3.git;a=commitdiff;h=0367860636aa55e9ee064709ec2814906e1f246b|0367860]]'' **<nowiki>forwards:</nowiki>** <nowiki>properly propagate conntrack flag</nowiki> //<color #ccc>(</color><color #282>+24</color><color #ccc>,</color><color #f00>-11</color><color #ccc>)</color>//\\
\\
=== #34 ===
**Description:** <nowiki>WRT160NL wireless issues</nowiki>\\
**Link:** [[https://bugs.lede-project.org/index.php?do=details&task_id=34]]\\
**Commits:**\\
''[[https://git.lede-project.org/?p=source.git;a=commitdiff;h=f9022964cfa0a44984d2efa2dafe3452899acfdf|f902296]]'' **<nowiki>ath9k:</nowiki>** <nowiki>add stability fixes for long standing hang issues (FS#13, #34, #373, #...</nowiki> //<color #ccc>(</color><color #282>+523</color><color #ccc>,</color><color #f00>-57</color><color #ccc>)</color>//\\
\\
=== #35 ===
**Description:** <nowiki>mynet-n750 factory images don't find root partition</nowiki>\\
**Link:** [[https://bugs.lede-project.org/index.php?do=details&task_id=35]]\\
**Commits:**\\
''[[https://git.lede-project.org/?p=source.git;a=commitdiff;h=559a7d1177fcbb4e276f864f465fce9297624eaf|559a7d1]]'' **<nowiki>ar71xx:</nowiki>** <nowiki>seama: fix making factory images</nowiki> //<color #ccc>(</color><color #282>+81</color><color #ccc>,</color><color #f00>-58</color><color #ccc>)</color>//\\
\\
=== #43 ===
**Description:** <nowiki>Diffconfig.sh does not like config to build multiple device profiles (TARGET_MULTI_PROFILE)</nowiki>\\
**Link:** [[https://bugs.lede-project.org/index.php?do=details&task_id=43]]\\
**Commits:**\\
''[[https://git.lede-project.org/?p=source.git;a=commitdiff;h=b80dfe4cdeee58551251cbaefe813c16c3a1040c|b80dfe4]]'' **<nowiki>scripts/diffconfig.sh:</nowiki>** <nowiki>fix handing of CONFIG_TARGET_MULTI_PROFILE</nowiki> //<color #ccc>(</color><color #282>+1</color><color #ccc>)</color>//\\
\\
=== #50 ===
**Description:** <nowiki>No image or non-verbose output created if image is too big</nowiki>\\
**Link:** [[https://bugs.lede-project.org/index.php?do=details&task_id=50]]\\
**Commits:**\\
''[[https://git.lede-project.org/?p=source.git;a=commitdiff;h=34fa03ea16e5630a4c56074103b7ce641c9ddb0c|34fa03e]]'' **<nowiki>odhcp6c:</nowiki>** <nowiki>bump to git HEAD version</nowiki> //<color #ccc>(</color><color #282>+5</color><color #ccc>,</color><color #f00>-5</color><color #ccc>)</color>//\\
 => ''[[https://git.lede-project.org/?p=project/odhcp6c.git;a=commitdiff;h=33a2ba1c14eb5447326945c120e0b64a587ed151|33a2ba1]]'' **<nowiki>odhcp6c:</nowiki>** <nowiki>reuse md5 from libubox</nowiki> //<color #ccc>(</color><color #282>+16</color><color #ccc>,</color><color #f00>-2</color><color #ccc>)</color>//\\
\\
=== #51 ===
**Description:** <nowiki>sha256sums doesn't contain sdk or imagebuilder checksums</nowiki>\\
**Link:** [[https://bugs.lede-project.org/index.php?do=details&task_id=51]]\\
**Commits:**\\
''[[https://git.lede-project.org/?p=source.git;a=commitdiff;h=27854a0a84cd2db9539b662a1f1fc95ef7409962|27854a0]]'' **<nowiki>build:</nowiki>** <nowiki>add checksum target</nowiki> //<color #ccc>(</color><color #282>+17</color><color #ccc>)</color>//\\
\\
=== #54 ===
**Description:** <nowiki>/proc/asound missing</nowiki>\\
**Link:** [[https://bugs.lede-project.org/index.php?do=details&task_id=54]]\\
**Commits:**\\
''[[https://git.lede-project.org/?p=source.git;a=commitdiff;h=d22fc1973c952133b9db96b2d99355e2eeb44c25|d22fc19]]'' **<nowiki>kernel:</nowiki>** <nowiki>enable CONFIG_SND_PROC_FS by default (FS#54)</nowiki> //<color #ccc>(</color><color #282>+2</color><color #ccc>,</color><color #f00>-2</color><color #ccc>)</color>//\\
\\
=== #55 ===
**Description:** <nowiki>Image Builder: incorrect profile names and broken multi-profile logic</nowiki>\\
**Link:** [[https://bugs.lede-project.org/index.php?do=details&task_id=55]]\\
**Commits:**\\
''[[https://git.lede-project.org/?p=source.git;a=commitdiff;h=ed90d50bc4cbbcf615f880c1799814ccf743de8c|ed90d50]]'' **<nowiki>build:</nowiki>** <nowiki>fix image builder profile override (FS#55)</nowiki> //<color #ccc>(</color><color #282>+1</color><color #ccc>,</color><color #f00>-1</color><color #ccc>)</color>//\\
''[[https://git.lede-project.org/?p=source.git;a=commitdiff;h=8265fdcc4dda2554d4f7774e53020136079639b2|8265fdc]]'' **<nowiki>imagebuilder:</nowiki>** <nowiki>strip DEVICE_ prefix from profiles (FS#55)</nowiki> //<color #ccc>(</color><color #282>+6</color><color #ccc>,</color><color #f00>-4</color><color #ccc>)</color>//\\
\\
=== #56 ===
**Description:** <nowiki>netgear wndr4300 and wndr3700v4 not being built by the buildbot</nowiki>\\
**Link:** [[https://bugs.lede-project.org/index.php?do=details&task_id=56]]\\
**Commits:**\\
''[[https://git.lede-project.org/?p=source.git;a=commitdiff;h=16209710d955c27073601308ca51da729445e88d|1620971]]'' **<nowiki>ar71xx:</nowiki>** <nowiki>fix WNDR4300v1 / WNDR3700v4 build (FS#56)</nowiki> //<color #ccc>(</color><color #282>+9</color><color #ccc>,</color><color #f00>-3</color><color #ccc>)</color>//\\
''[[https://git.lede-project.org/?p=source.git;a=commitdiff;h=c6c81351b76f6af6ccf5898175a146f49670a596|c6c8135]]'' **<nowiki>ar71xx:</nowiki>** <nowiki>add missing profile for the nand subtarget (FS#56)</nowiki> //<color #ccc>(</color><color #282>+18</color><color #ccc>)</color>//\\
\\
=== #66 ===
**Description:** <nowiki>/proc/asound (revisit FS#54) - enable CONFIG_SND_VERBOSE_PROCFS in the kernel config</nowiki>\\
**Link:** [[https://bugs.lede-project.org/index.php?do=details&task_id=66]]\\
**Commits:**\\
''[[https://git.lede-project.org/?p=source.git;a=commitdiff;h=df3a2ca1a9154361167e0e30745ca7954bf13b6f|df3a2ca]]'' **<nowiki>kernel:</nowiki>** <nowiki>re-enable CONFIG_SND_VERBOSE_PROCFS (FS#66)</nowiki> //<color #ccc>(</color><color #282>+1</color><color #ccc>,</color><color #f00>-1</color><color #ccc>)</color>//\\
\\
=== #67 ===
**Description:** <nowiki>Squash errors Wrt1900acv1 mamba</nowiki>\\
**Link:** [[https://bugs.lede-project.org/index.php?do=details&task_id=67]]\\
**Commits:**\\
''[[https://git.lede-project.org/?p=source.git;a=commitdiff;h=ba1aa4e33b7861b429b55f57bc11b83aac47d460|ba1aa4e]]'' **<nowiki>mvebu:</nowiki>** <nowiki>fix NAND flash issues (FS#67)</nowiki> //<color #ccc>(</color><color #282>+69</color><color #ccc>,</color><color #f00>-36</color><color #ccc>)</color>//\\
\\
=== #73 ===
**Description:** <nowiki>Router doesn't answer to ping to ff02::1</nowiki>\\
**Link:** [[https://bugs.lede-project.org/index.php?do=details&task_id=73]]\\
**Commits:**\\
''[[https://git.lede-project.org/?p=source.git;a=commitdiff;h=113544dccf113a8ed47e0a91ab2f6e02343c3e82|113544d]]'' **<nowiki>firewall:</nowiki>** <nowiki>update to fix FS#31, FS#73, FS#154, FS#248</nowiki> //<color #ccc>(</color><color #282>+3</color><color #ccc>,</color><color #f00>-3</color><color #ccc>)</color>//\\
 => ''[[https://git.lede-project.org/?p=project/firewall3.git;a=commitdiff;h=6009904eb4dfe91e3d0b5cb96c4095232a303835|6009904]]'' **<nowiki>zones:</nowiki>** <nowiki>restrict default ACCEPT rules to NEW ctstate</nowiki> //<color #ccc>(</color><color #282>+8</color><color #ccc>)</color>//\\
 => ''[[https://git.lede-project.org/?p=project/firewall3.git;a=commitdiff;h=b33f78371e7c7b6a131c2b6c01673cbd4b3c13d1|b33f783]]'' **<nowiki>defaults:</nowiki>** <nowiki>disable drop_invalid by default</nowiki> //<color #ccc>(</color><color #f00>-1</color><color #ccc>)</color>//\\
 => ''[[https://git.lede-project.org/?p=project/firewall3.git;a=commitdiff;h=6818f758fe8b0de9eae45adf4bae91a312cc8f0c|6818f75]]'' **<nowiki>zones:</nowiki>** <nowiki>allow untracked traffic as well</nowiki> //<color #ccc>(</color><color #282>+4</color><color #ccc>,</color><color #f00>-2</color><color #ccc>)</color>//\\
 => ''[[https://git.lede-project.org/?p=project/firewall3.git;a=commitdiff;h=18f4c6fda6afb912f53ded3112b1f270ddf5ff6c|18f4c6f]]'' **<nowiki>utils.h:</nowiki>** <nowiki>Avoid name clashes for setbit/delbit/hasbit</nowiki> //<color #ccc>(</color><color #282>+34</color><color #ccc>,</color><color #f00>-34</color><color #ccc>)</color>//\\
 => ''[[https://git.lede-project.org/?p=project/firewall3.git;a=commitdiff;h=c5c87e46994635c11b75d01129a57ba42570fa03|c5c87e4]]'' **<nowiki>iptables:</nowiki>** <nowiki>use different approach for managing loadable extensions</nowiki> //<color #ccc>(</color><color #282>+87</color><color #ccc>,</color><color #f00>-26</color><color #ccc>)</color>//\\
 => ''[[https://git.lede-project.org/?p=project/firewall3.git;a=commitdiff;h=097282eace13feb4a115b55d497588bf2b550f62|097282e]]'' **<nowiki>zones:</nowiki>** <nowiki>properly handle multiple masq_src / masq_dest negations (FS#248)</nowiki> //<color #ccc>(</color><color #282>+59</color><color #ccc>,</color><color #f00>-7</color><color #ccc>)</color>//\\
 => ''[[https://git.lede-project.org/?p=project/firewall3.git;a=commitdiff;h=dd013720b42d6df91176dc9e87f815dcd5d69519|dd01372]]'' **<nowiki>iptables:</nowiki>** <nowiki>add support for version 1.6.0</nowiki> //<color #ccc>(</color><color #282>+7</color><color #ccc>,</color><color #f00>-1</color><color #ccc>)</color>//\\
 => ''[[https://git.lede-project.org/?p=project/firewall3.git;a=commitdiff;h=010723ef8af18add1e592a55092d4b0e1c5e1efe|010723e]]'' **<nowiki>iptables:</nowiki>** <nowiki>fix loading standard target</nowiki> //<color #ccc>(</color><color #282>+8</color><color #ccc>,</color><color #f00>-1</color><color #ccc>)</color>//\\
 => ''[[https://git.lede-project.org/?p=project/firewall3.git;a=commitdiff;h=19acf041bfdb479e68d53699cc8940d21d76434b|19acf04]]'' **<nowiki>iptables:</nowiki>** <nowiki>optional loading of static extensions</nowiki> //<color #ccc>(</color><color #282>+15</color><color #ccc>,</color><color #f00>-3</color><color #ccc>)</color>//\\
 => ''[[https://git.lede-project.org/?p=project/firewall3.git;a=commitdiff;h=227530375704f8aa5ae3af0b88d7749f7cf7e7d0|2275303]]'' **<nowiki>iptables:</nowiki>** <nowiki>declare _GNU_SOURCE to define RTLD_NEXT</nowiki> //<color #ccc>(</color><color #282>+2</color><color #ccc>)</color>//\\
 => ''[[https://git.lede-project.org/?p=project/firewall3.git;a=commitdiff;h=37df903ae8efd88d740b1ed8cc2e0ae384226dd6|37df903]]'' **<nowiki>iptables:</nowiki>** <nowiki>rework extension loader</nowiki> //<color #ccc>(</color><color #282>+9</color><color #ccc>,</color><color #f00>-37</color><color #ccc>)</color>//\\
 => ''[[https://git.lede-project.org/?p=project/firewall3.git;a=commitdiff;h=c520966c2a92a14c931f411d502ed1a8dedf604d|c520966]]'' **<nowiki>main:</nowiki>** <nowiki>make failing ubus connection nonfatal</nowiki> //<color #ccc>(</color><color #282>+1</color><color #ccc>,</color><color #f00>-1</color><color #ccc>)</color>//\\
 => ''[[https://git.lede-project.org/?p=project/firewall3.git;a=commitdiff;h=786b15ff1460e8611eaa35ec024efe08fd3a5ebe|786b15f]]'' **<nowiki>iptables:</nowiki>** <nowiki>remove usage of xt_id</nowiki> //<color #ccc>(</color><color #282>+37</color><color #ccc>,</color><color #f00>-42</color><color #ccc>)</color>//\\
 => ''[[https://git.lede-project.org/?p=project/firewall3.git;a=commitdiff;h=6015fc07618173bc9cc44890e0f9c86081c80848|6015fc0]]'' **<nowiki>musl-compat:</nowiki>** <nowiki>avoid kernel header conflicts</nowiki> //<color #ccc>(</color><color #282>+5</color><color #ccc>)</color>//\\
 => ''[[https://git.lede-project.org/?p=project/firewall3.git;a=commitdiff;h=bd40ba4584141ce34f3d5c42841abafccad06bdd|bd40ba4]]'' **<nowiki>iptables:</nowiki>** <nowiki>move includes into iptables.c to avoid kernel header clashes</nowiki> //<color #ccc>(</color><color #282>+54</color><color #ccc>,</color><color #f00>-45</color><color #ccc>)</color>//\\
 => ''[[https://git.lede-project.org/?p=project/firewall3.git;a=commitdiff;h=0367860636aa55e9ee064709ec2814906e1f246b|0367860]]'' **<nowiki>forwards:</nowiki>** <nowiki>properly propagate conntrack flag</nowiki> //<color #ccc>(</color><color #282>+24</color><color #ccc>,</color><color #f00>-11</color><color #ccc>)</color>//\\
\\
=== #84 ===
**Description:** <nowiki>sysntp does not resolves IPv6 when IPv6 only stack</nowiki>\\
**Link:** [[https://bugs.lede-project.org/index.php?do=details&task_id=84]]\\
**Commits:**\\
''[[https://git.lede-project.org/?p=source.git;a=commitdiff;h=2ea76bdf04af4f2efefea6ca84e055086634e4be|2ea76bd]]'' **<nowiki>x64:</nowiki>** <nowiki>add legacy IDE, fix VirtualBox bug #84 and Fujitsu Futro S550-2</nowiki> //<color #ccc>(</color><color #282>+3</color><color #ccc>,</color><color #f00>-1</color><color #ccc>)</color>//\\
\\
=== #95 ===
**Description:** <nowiki>system looses IPv6 prefix after valid_lft reaches 0</nowiki>\\
**Link:** [[https://bugs.lede-project.org/index.php?do=details&task_id=95]]\\
**Commits:**\\
''[[https://git.lede-project.org/?p=source.git;a=commitdiff;h=402fea62c47bb44a457566e4209182a2ecb74fd7|402fea6]]'' **<nowiki>netifd:</nowiki>** <nowiki>update to the latest version</nowiki> //<color #ccc>(</color><color #282>+3</color><color #ccc>,</color><color #f00>-3</color><color #ccc>)</color>//\\
 => ''[[https://git.lede-project.org/?p=project/netifd.git;a=commitdiff;h=abf52371db75eb449f12209ca1b7ffaa9d2baa22|abf5237]]'' **<nowiki>netifd:</nowiki>** <nowiki>Add sendredirects config support</nowiki> //<color #ccc>(</color><color #282>+31</color><color #ccc>)</color>//\\
 => ''[[https://git.lede-project.org/?p=project/netifd.git;a=commitdiff;h=52541140f8138e31958cdc3d7e42a4029fa6bbc9|5254114]]'' **<nowiki>bridge:</nowiki>** <nowiki>disable IGMP snooping by default</nowiki> //<color #ccc>(</color><color #f00>-2</color><color #ccc>)</color>//\\
\\
=== #102 ===
**Description:** <nowiki>imx6: ImageBuilder fail</nowiki>\\
**Link:** [[https://bugs.lede-project.org/index.php?do=details&task_id=102]]\\
**Commits:**\\
''[[https://git.lede-project.org/?p=source.git;a=commitdiff;h=35be9284668d19a565d354a33febb508b0e28131|35be928]]'' **<nowiki>imx6:</nowiki>** <nowiki>fix generating bootfs in imagebuilder (FS#102)</nowiki> //<color #ccc>(</color><color #282>+7</color><color #ccc>,</color><color #f00>-1</color><color #ccc>)</color>//\\
\\
=== #103 ===
**Description:** <nowiki>mt7620a leaks traffic during bootloader step</nowiki>\\
**Link:** [[https://bugs.lede-project.org/index.php?do=details&task_id=103]]\\
**Commits:**\\
''[[https://git.lede-project.org/?p=source.git;a=commitdiff;h=566de813c318d6d30ec3645ee46d3e7357e49f5e|566de81]]'' **<nowiki>ramips:</nowiki>** <nowiki>prevent packet forwarding on mt7620 between switch ports during init ...</nowiki> //<color #ccc>(</color><color #282>+7</color><color #ccc>,</color><color #f00>-5</color><color #ccc>)</color>//\\
\\
=== #111 ===
**Description:** <nowiki>[ath9k] Commit 207338c causes WiFi performance regression(160MBit -> 45MBit)</nowiki>\\
**Link:** [[https://bugs.lede-project.org/index.php?do=details&task_id=111]]\\
**Commits:**\\
''[[https://git.lede-project.org/?p=source.git;a=commitdiff;h=3e4d0e3e77dcf9b2116e5ed53f30e2bf53b1c6b7|3e4d0e3]]'' **<nowiki>ath9k:</nowiki>** <nowiki>revert temperature compensation support patch (FS#111)</nowiki> //<color #ccc>(</color><color #282>+1</color><color #ccc>,</color><color #f00>-98</color><color #ccc>)</color>//\\
\\
=== #112 ===
**Description:** <nowiki>Kernel: SysRq spams on boot since kernel 4.4.19</nowiki>\\
**Link:** [[https://bugs.lede-project.org/index.php?do=details&task_id=112]]\\
**Commits:**\\
''[[https://git.lede-project.org/?p=source.git;a=commitdiff;h=e9c517772cee8af63b4ef173a28152645a4e1b05|e9c5177]]'' **<nowiki>kernel:</nowiki>** <nowiki>make serial port sysrq-disable patch more generic (FS#112)</nowiki> //<color #ccc>(</color><color #282>+26</color><color #ccc>,</color><color #f00>-25</color><color #ccc>)</color>//\\
\\
=== #120 ===
**Description:** <nowiki>opkg fails with Out of memory on a device with 32 MB of RAM</nowiki>\\
**Link:** [[https://bugs.lede-project.org/index.php?do=details&task_id=120]]\\
**Commits:**\\
''[[https://git.lede-project.org/?p=source.git;a=commitdiff;h=763f5d787316ec1b041450a644ecd9416f11e94f|763f5d7]]'' **<nowiki>opkg:</nowiki>** <nowiki>use vfork on gz_open by default (FS#120)</nowiki> //<color #ccc>(</color><color #282>+20</color><color #ccc>)</color>//\\
''[[https://git.lede-project.org/?p=source.git;a=commitdiff;h=bba8a1a9ba981d3ddacf88702d079458bd79d08f|bba8a1a]]'' <nowiki>Revert "opkg: use vfork on gz_open by default (FS#120)"</nowiki> //<color #ccc>(</color><color #f00>-20</color><color #ccc>)</color>//\\
\\
=== #154 ===
**Description:** <nowiki>fw: can not ping the router via link local on all nodes multicast 'ping6 ff02:1%eth0'</nowiki>\\
**Link:** [[https://bugs.lede-project.org/index.php?do=details&task_id=154]]\\
**Commits:**\\
''[[https://git.lede-project.org/?p=source.git;a=commitdiff;h=113544dccf113a8ed47e0a91ab2f6e02343c3e82|113544d]]'' **<nowiki>firewall:</nowiki>** <nowiki>update to fix FS#31, FS#73, FS#154, FS#248</nowiki> //<color #ccc>(</color><color #282>+3</color><color #ccc>,</color><color #f00>-3</color><color #ccc>)</color>//\\
 => ''[[https://git.lede-project.org/?p=project/firewall3.git;a=commitdiff;h=6009904eb4dfe91e3d0b5cb96c4095232a303835|6009904]]'' **<nowiki>zones:</nowiki>** <nowiki>restrict default ACCEPT rules to NEW ctstate</nowiki> //<color #ccc>(</color><color #282>+8</color><color #ccc>)</color>//\\
 => ''[[https://git.lede-project.org/?p=project/firewall3.git;a=commitdiff;h=b33f78371e7c7b6a131c2b6c01673cbd4b3c13d1|b33f783]]'' **<nowiki>defaults:</nowiki>** <nowiki>disable drop_invalid by default</nowiki> //<color #ccc>(</color><color #f00>-1</color><color #ccc>)</color>//\\
 => ''[[https://git.lede-project.org/?p=project/firewall3.git;a=commitdiff;h=6818f758fe8b0de9eae45adf4bae91a312cc8f0c|6818f75]]'' **<nowiki>zones:</nowiki>** <nowiki>allow untracked traffic as well</nowiki> //<color #ccc>(</color><color #282>+4</color><color #ccc>,</color><color #f00>-2</color><color #ccc>)</color>//\\
 => ''[[https://git.lede-project.org/?p=project/firewall3.git;a=commitdiff;h=18f4c6fda6afb912f53ded3112b1f270ddf5ff6c|18f4c6f]]'' **<nowiki>utils.h:</nowiki>** <nowiki>Avoid name clashes for setbit/delbit/hasbit</nowiki> //<color #ccc>(</color><color #282>+34</color><color #ccc>,</color><color #f00>-34</color><color #ccc>)</color>//\\
 => ''[[https://git.lede-project.org/?p=project/firewall3.git;a=commitdiff;h=c5c87e46994635c11b75d01129a57ba42570fa03|c5c87e4]]'' **<nowiki>iptables:</nowiki>** <nowiki>use different approach for managing loadable extensions</nowiki> //<color #ccc>(</color><color #282>+87</color><color #ccc>,</color><color #f00>-26</color><color #ccc>)</color>//\\
 => ''[[https://git.lede-project.org/?p=project/firewall3.git;a=commitdiff;h=097282eace13feb4a115b55d497588bf2b550f62|097282e]]'' **<nowiki>zones:</nowiki>** <nowiki>properly handle multiple masq_src / masq_dest negations (FS#248)</nowiki> //<color #ccc>(</color><color #282>+59</color><color #ccc>,</color><color #f00>-7</color><color #ccc>)</color>//\\
 => ''[[https://git.lede-project.org/?p=project/firewall3.git;a=commitdiff;h=dd013720b42d6df91176dc9e87f815dcd5d69519|dd01372]]'' **<nowiki>iptables:</nowiki>** <nowiki>add support for version 1.6.0</nowiki> //<color #ccc>(</color><color #282>+7</color><color #ccc>,</color><color #f00>-1</color><color #ccc>)</color>//\\
 => ''[[https://git.lede-project.org/?p=project/firewall3.git;a=commitdiff;h=010723ef8af18add1e592a55092d4b0e1c5e1efe|010723e]]'' **<nowiki>iptables:</nowiki>** <nowiki>fix loading standard target</nowiki> //<color #ccc>(</color><color #282>+8</color><color #ccc>,</color><color #f00>-1</color><color #ccc>)</color>//\\
 => ''[[https://git.lede-project.org/?p=project/firewall3.git;a=commitdiff;h=19acf041bfdb479e68d53699cc8940d21d76434b|19acf04]]'' **<nowiki>iptables:</nowiki>** <nowiki>optional loading of static extensions</nowiki> //<color #ccc>(</color><color #282>+15</color><color #ccc>,</color><color #f00>-3</color><color #ccc>)</color>//\\
 => ''[[https://git.lede-project.org/?p=project/firewall3.git;a=commitdiff;h=227530375704f8aa5ae3af0b88d7749f7cf7e7d0|2275303]]'' **<nowiki>iptables:</nowiki>** <nowiki>declare _GNU_SOURCE to define RTLD_NEXT</nowiki> //<color #ccc>(</color><color #282>+2</color><color #ccc>)</color>//\\
 => ''[[https://git.lede-project.org/?p=project/firewall3.git;a=commitdiff;h=37df903ae8efd88d740b1ed8cc2e0ae384226dd6|37df903]]'' **<nowiki>iptables:</nowiki>** <nowiki>rework extension loader</nowiki> //<color #ccc>(</color><color #282>+9</color><color #ccc>,</color><color #f00>-37</color><color #ccc>)</color>//\\
 => ''[[https://git.lede-project.org/?p=project/firewall3.git;a=commitdiff;h=c520966c2a92a14c931f411d502ed1a8dedf604d|c520966]]'' **<nowiki>main:</nowiki>** <nowiki>make failing ubus connection nonfatal</nowiki> //<color #ccc>(</color><color #282>+1</color><color #ccc>,</color><color #f00>-1</color><color #ccc>)</color>//\\
 => ''[[https://git.lede-project.org/?p=project/firewall3.git;a=commitdiff;h=786b15ff1460e8611eaa35ec024efe08fd3a5ebe|786b15f]]'' **<nowiki>iptables:</nowiki>** <nowiki>remove usage of xt_id</nowiki> //<color #ccc>(</color><color #282>+37</color><color #ccc>,</color><color #f00>-42</color><color #ccc>)</color>//\\
 => ''[[https://git.lede-project.org/?p=project/firewall3.git;a=commitdiff;h=6015fc07618173bc9cc44890e0f9c86081c80848|6015fc0]]'' **<nowiki>musl-compat:</nowiki>** <nowiki>avoid kernel header conflicts</nowiki> //<color #ccc>(</color><color #282>+5</color><color #ccc>)</color>//\\
 => ''[[https://git.lede-project.org/?p=project/firewall3.git;a=commitdiff;h=bd40ba4584141ce34f3d5c42841abafccad06bdd|bd40ba4]]'' **<nowiki>iptables:</nowiki>** <nowiki>move includes into iptables.c to avoid kernel header clashes</nowiki> //<color #ccc>(</color><color #282>+54</color><color #ccc>,</color><color #f00>-45</color><color #ccc>)</color>//\\
 => ''[[https://git.lede-project.org/?p=project/firewall3.git;a=commitdiff;h=0367860636aa55e9ee064709ec2814906e1f246b|0367860]]'' **<nowiki>forwards:</nowiki>** <nowiki>properly propagate conntrack flag</nowiki> //<color #ccc>(</color><color #282>+24</color><color #ccc>,</color><color #f00>-11</color><color #ccc>)</color>//\\
\\
=== #168 ===
**Description:** <nowiki>Firmware dont boot up on Zyxel NBG6616</nowiki>\\
**Link:** [[https://bugs.lede-project.org/index.php?do=details&task_id=168]]\\
**Commits:**\\
''[[https://git.lede-project.org/?p=source.git;a=commitdiff;h=ec37a565878fd79d4127cbb843c17ce3b8dc97c0|ec37a56]]'' **<nowiki>ar71xx:</nowiki>** <nowiki>fix typo in image build code</nowiki> //<color #ccc>(</color><color #282>+3</color><color #ccc>,</color><color #f00>-3</color><color #ccc>)</color>//\\
\\
=== #170 ===
**Description:** <nowiki>Adding routes with a proto field doesn't work</nowiki>\\
**Link:** [[https://bugs.lede-project.org/index.php?do=details&task_id=170]]\\
**Commits:**\\
''[[https://git.lede-project.org/?p=source.git;a=commitdiff;h=fe253bcb99e7364582e2ea344327917c1d01426d|fe253bc]]'' **<nowiki>netifd:</nowiki>** <nowiki>update to git HEAD version</nowiki> //<color #ccc>(</color><color #282>+3</color><color #ccc>,</color><color #f00>-3</color><color #ccc>)</color>//\\
 => ''[[https://git.lede-project.org/?p=project/netifd.git;a=commitdiff;h=650758b16e5185505a3fbc1307949340af70b611|650758b]]'' **<nowiki>interface-ip:</nowiki>** <nowiki>route proto config support (FS#170)</nowiki> //<color #ccc>(</color><color #282>+70</color><color #ccc>,</color><color #f00>-8</color><color #ccc>)</color>//\\
\\
=== #174 ===
**Description:** <nowiki>Significant MT76 degradation after recent fq reordering changes</nowiki>\\
**Link:** [[https://bugs.lede-project.org/index.php?do=details&task_id=174]]\\
**Commits:**\\
''[[https://git.lede-project.org/?p=source.git;a=commitdiff;h=cae688544d139bd035d7bfadf2034ab02f85c749|cae6885]]'' **<nowiki>mac80211:</nowiki>** <nowiki>fix A-MSDU tx aggregation (FS#174)</nowiki> //<color #ccc>(</color><color #282>+34</color><color #ccc>)</color>//\\
\\
=== #176 ===
**Description:** <nowiki>Disapearing radios for ath9k introduced between August 31 and September 4th</nowiki>\\
**Link:** [[https://bugs.lede-project.org/index.php?do=details&task_id=176]]\\
**Commits:**\\
''[[https://git.lede-project.org/?p=source.git;a=commitdiff;h=fc88eb3fdfce6d39b4c62158cf6f42605a360a1e|fc88eb3]]'' **<nowiki>ath9k:</nowiki>** <nowiki>remove patch causing stability issues with powersave devices (FS#176)</nowiki> //<color #ccc>(</color><color #282>+8</color><color #ccc>,</color><color #f00>-45</color><color #ccc>)</color>//\\
\\
=== #179 ===
**Description:** <nowiki>Archer C2600 kernel fails to reboot</nowiki>\\
**Link:** [[https://bugs.lede-project.org/index.php?do=details&task_id=179]]\\
**Commits:**\\
''[[https://git.lede-project.org/?p=source.git;a=commitdiff;h=07d0c1b947e6bbda527ee47458aa3964359d5644|07d0c1b]]'' **<nowiki>ipq806x:</nowiki>** <nowiki>add support for RPM clock controller</nowiki> //<color #ccc>(</color><color #282>+1.6K</color><color #ccc>)</color>//\\
\\
=== #182 ===
**Description:** <nowiki>host/u-boot-2014.10 compilation error with OpenSSL 1.1+</nowiki>\\
**Link:** [[https://bugs.lede-project.org/index.php?do=details&task_id=182]]\\
**Commits:**\\
''[[https://git.lede-project.org/?p=source.git;a=commitdiff;h=70b104f98c0657323b28fce140b73a94bf3eb756|70b104f]]'' **<nowiki>tools:</nowiki>** <nowiki>mkimage: fix build with OpenSSL 1.1.x (FS#182)</nowiki> //<color #ccc>(</color><color #282>+97</color><color #ccc>)</color>//\\
\\
=== #188 ===
**Description:** <nowiki>6in4: busybox/ local regression</nowiki>\\
**Link:** [[https://bugs.lede-project.org/index.php?do=details&task_id=188]]\\
**Commits:**\\
''[[https://git.lede-project.org/?p=source.git;a=commitdiff;h=864b2d113ad0815c2444575014e7cf51498944db|864b2d1]]'' **<nowiki>6in4:</nowiki>** <nowiki>fix invalid local variable declaration (FS#188)</nowiki> //<color #ccc>(</color><color #282>+3</color><color #ccc>,</color><color #f00>-3</color><color #ccc>)</color>//\\
\\
=== #191 ===
**Description:** <nowiki>Error install nftables when build latest LEDE</nowiki>\\
**Link:** [[https://bugs.lede-project.org/index.php?do=details&task_id=191]]\\
**Commits:**\\
''[[https://git.lede-project.org/?p=source.git;a=commitdiff;h=00e0a7d6009b615c395ee103085f4a6fec106f8e|00e0a7d]]'' **<nowiki>nettle:</nowiki>** <nowiki>enable fat build</nowiki> //<color #ccc>(</color><color #282>+1</color><color #ccc>)</color>//\\
\\
=== #193 ===
**Description:** <nowiki>UCI: /etc/config/system not generated/parsed properly</nowiki>\\
**Link:** [[https://bugs.lede-project.org/index.php?do=details&task_id=193]]\\
**Commits:**\\
''[[https://git.lede-project.org/?p=source.git;a=commitdiff;h=0f27096100a33421bff0d4539d428fe393eebe22|0f27096]]'' **<nowiki>base-files:</nowiki>** <nowiki>also generate configs when current is empty (FS#193)</nowiki> //<color #ccc>(</color><color #282>+6</color><color #ccc>,</color><color #f00>-6</color><color #ccc>)</color>//\\
\\
=== #194 ===
**Description:** <nowiki>lantiq: iproute2 fails to build on undefined constant PATH_MAX</nowiki>\\
**Link:** [[https://bugs.lede-project.org/index.php?do=details&task_id=194]]\\
**Commits:**\\
''[[https://git.lede-project.org/?p=source.git;a=commitdiff;h=34c2726ca7631202f916215c32abce663dda5e88|34c2726]]'' **<nowiki>iproute2:</nowiki>** <nowiki>fix no fortify build failure</nowiki> //<color #ccc>(</color><color #282>+10</color><color #ccc>)</color>//\\
\\
=== #195 ===
**Description:** <nowiki>Buffalo wzr-hp-ag300h compile error.</nowiki>\\
**Link:** [[https://bugs.lede-project.org/index.php?do=details&task_id=195]]\\
**Commits:**\\
''[[https://git.lede-project.org/?p=source.git;a=commitdiff;h=776ca662614e559253f997462da8b96d5854faec|776ca66]]'' **<nowiki>ath9k:</nowiki>** <nowiki>fix warning in client mode (GH#195)</nowiki> //<color #ccc>(</color><color #282>+69</color><color #ccc>)</color>//\\
\\
=== #197 ===
**Description:** <nowiki>Unable to flash new image on mvebu</nowiki>\\
**Link:** [[https://bugs.lede-project.org/index.php?do=details&task_id=197]]\\
**Commits:**\\
''[[https://git.lede-project.org/?p=source.git;a=commitdiff;h=15cb19f02a8c7fdcdb87b068cf098a2c03e39fce|15cb19f]]'' **<nowiki>mvebu:</nowiki>** <nowiki>fix sysupgrade</nowiki> //<color #ccc>(</color><color #282>+2</color><color #ccc>)</color>//\\
\\
=== #208 ===
**Description:** <nowiki>BTHOMEHUBV2B: DEVICE_PACKAGES missing in  initramfs-kernel.bin</nowiki>\\
**Link:** [[https://bugs.lede-project.org/index.php?do=details&task_id=208]]\\
**Commits:**\\
''[[https://git.lede-project.org/?p=source.git;a=commitdiff;h=993ca3b747562192e7157081f99d8694bc384099|993ca3b]]'' **<nowiki>lantiq:</nowiki>** <nowiki>fix BTHOMEHUBV2B default packages</nowiki> //<color #ccc>(</color><color #282>+1</color><color #ccc>,</color><color #f00>-1</color><color #ccc>)</color>//\\
\\
=== #210 ===
**Description:** <nowiki>ltq-RFC4638 PPPoE MTU support</nowiki>\\
**Link:** [[https://bugs.lede-project.org/index.php?do=details&task_id=210]]\\
**Commits:**\\
''[[https://git.lede-project.org/?p=source.git;a=commitdiff;h=8a2a20e71e2909f84dab47e51dfda9e292a6c1ae|8a2a20e]]'' **<nowiki>ltq-ptm:</nowiki>** <nowiki>Support 1508-byte MTU for RFC4638</nowiki> //<color #ccc>(</color><color #282>+22</color><color #ccc>,</color><color #f00>-2</color><color #ccc>)</color>//\\
\\
=== #212 ===
**Description:** <nowiki>kmod-ipt-tproxy references nf_tproxy_core which isn't included</nowiki>\\
**Link:** [[https://bugs.lede-project.org/index.php?do=details&task_id=212]]\\
**Commits:**\\
''[[https://git.lede-project.org/?p=source.git;a=commitdiff;h=c7a5bb5a7ee730e6696b36114e0ce004bf74c842|c7a5bb5]]'' **<nowiki>samba36:</nowiki>** <nowiki>avoid picking up a dependency on libunwind (fixes GH #212)</nowiki> //<color #ccc>(</color><color #282>+1</color><color #ccc>)</color>//\\
''[[https://git.lede-project.org/?p=source.git;a=commitdiff;h=e6b28802761b8e60b18baa6da7a10c94f8209c3e|e6b2880]]'' **<nowiki>netfilter:</nowiki>** <nowiki>remove nf_tproxy_core references</nowiki> //<color #ccc>(</color><color #282>+1</color><color #ccc>,</color><color #f00>-2</color><color #ccc>)</color>//\\
\\
=== #218 ===
**Description:** <nowiki>compile error cp: error: no such option: -p</nowiki>\\
**Link:** [[https://bugs.lede-project.org/index.php?do=details&task_id=218]]\\
**Commits:**\\
''[[https://git.lede-project.org/?p=source.git;a=commitdiff;h=b81fc29123f777f61d99c59c214a69e253cb2cc0|b81fc29]]'' **<nowiki>include:</nowiki>** <nowiki>prereq-build.mk: improve gcp check</nowiki> //<color #ccc>(</color><color #282>+2</color><color #ccc>,</color><color #f00>-2</color><color #ccc>)</color>//\\
\\
=== #228 ===
**Description:** <nowiki>kernel panic on IPQ8065 (netgear R7800) when routing boot</nowiki>\\
**Link:** [[https://bugs.lede-project.org/index.php?do=details&task_id=228]]\\
**Commits:**\\
''[[https://git.lede-project.org/?p=source.git;a=commitdiff;h=a92f57599cea2f1cd3db88b49031b2de1eb3859e|a92f575]]'' **<nowiki>ipq806x:</nowiki>** <nowiki>add back end-of-UBI marker for a few factory images (FS#228)</nowiki> //<color #ccc>(</color><color #282>+2</color><color #ccc>)</color>//\\
\\
=== #239 ===
**Description:** <nowiki>OLIMEX A13 SOM fails to boot</nowiki>\\
**Link:** [[https://bugs.lede-project.org/index.php?do=details&task_id=239]]\\
**Commits:**\\
''[[https://git.lede-project.org/?p=source.git;a=commitdiff;h=7a5897268008a85c3843ae522b2b274911a9eec0|7a58972]]'' **<nowiki>uboot-sunxi:</nowiki>** <nowiki>fix default config for OLIMEX A13 SOM (FS#239)</nowiki> //<color #ccc>(</color><color #282>+58</color><color #ccc>,</color><color #f00>-277</color><color #ccc>)</color>//\\
\\
=== #241 ===
**Description:** <nowiki>ath9k strange behaviour since wireless-testing 2016-10-08</nowiki>\\
**Link:** [[https://bugs.lede-project.org/index.php?do=details&task_id=241]]\\
**Commits:**\\
''[[https://git.lede-project.org/?p=source.git;a=commitdiff;h=4dfc0be07b85d62028175c1406ca585a3c5a0834|4dfc0be]]'' **<nowiki>mac80211:</nowiki>** <nowiki>fix AP powersave issues introduced in the last wireless-testing upd...</nowiki> //<color #ccc>(</color><color #282>+27</color><color #ccc>)</color>//\\
\\
=== #248 ===
**Description:** <nowiki>Firewall configuration: multiple negative masq_dest options do not work</nowiki>\\
**Link:** [[https://bugs.lede-project.org/index.php?do=details&task_id=248]]\\
**Commits:**\\
''[[https://git.lede-project.org/?p=source.git;a=commitdiff;h=113544dccf113a8ed47e0a91ab2f6e02343c3e82|113544d]]'' **<nowiki>firewall:</nowiki>** <nowiki>update to fix FS#31, FS#73, FS#154, FS#248</nowiki> //<color #ccc>(</color><color #282>+3</color><color #ccc>,</color><color #f00>-3</color><color #ccc>)</color>//\\
 => ''[[https://git.lede-project.org/?p=project/firewall3.git;a=commitdiff;h=6009904eb4dfe91e3d0b5cb96c4095232a303835|6009904]]'' **<nowiki>zones:</nowiki>** <nowiki>restrict default ACCEPT rules to NEW ctstate</nowiki> //<color #ccc>(</color><color #282>+8</color><color #ccc>)</color>//\\
 => ''[[https://git.lede-project.org/?p=project/firewall3.git;a=commitdiff;h=b33f78371e7c7b6a131c2b6c01673cbd4b3c13d1|b33f783]]'' **<nowiki>defaults:</nowiki>** <nowiki>disable drop_invalid by default</nowiki> //<color #ccc>(</color><color #f00>-1</color><color #ccc>)</color>//\\
 => ''[[https://git.lede-project.org/?p=project/firewall3.git;a=commitdiff;h=6818f758fe8b0de9eae45adf4bae91a312cc8f0c|6818f75]]'' **<nowiki>zones:</nowiki>** <nowiki>allow untracked traffic as well</nowiki> //<color #ccc>(</color><color #282>+4</color><color #ccc>,</color><color #f00>-2</color><color #ccc>)</color>//\\
 => ''[[https://git.lede-project.org/?p=project/firewall3.git;a=commitdiff;h=18f4c6fda6afb912f53ded3112b1f270ddf5ff6c|18f4c6f]]'' **<nowiki>utils.h:</nowiki>** <nowiki>Avoid name clashes for setbit/delbit/hasbit</nowiki> //<color #ccc>(</color><color #282>+34</color><color #ccc>,</color><color #f00>-34</color><color #ccc>)</color>//\\
 => ''[[https://git.lede-project.org/?p=project/firewall3.git;a=commitdiff;h=c5c87e46994635c11b75d01129a57ba42570fa03|c5c87e4]]'' **<nowiki>iptables:</nowiki>** <nowiki>use different approach for managing loadable extensions</nowiki> //<color #ccc>(</color><color #282>+87</color><color #ccc>,</color><color #f00>-26</color><color #ccc>)</color>//\\
 => ''[[https://git.lede-project.org/?p=project/firewall3.git;a=commitdiff;h=097282eace13feb4a115b55d497588bf2b550f62|097282e]]'' **<nowiki>zones:</nowiki>** <nowiki>properly handle multiple masq_src / masq_dest negations (FS#248)</nowiki> //<color #ccc>(</color><color #282>+59</color><color #ccc>,</color><color #f00>-7</color><color #ccc>)</color>//\\
 => ''[[https://git.lede-project.org/?p=project/firewall3.git;a=commitdiff;h=dd013720b42d6df91176dc9e87f815dcd5d69519|dd01372]]'' **<nowiki>iptables:</nowiki>** <nowiki>add support for version 1.6.0</nowiki> //<color #ccc>(</color><color #282>+7</color><color #ccc>,</color><color #f00>-1</color><color #ccc>)</color>//\\
 => ''[[https://git.lede-project.org/?p=project/firewall3.git;a=commitdiff;h=010723ef8af18add1e592a55092d4b0e1c5e1efe|010723e]]'' **<nowiki>iptables:</nowiki>** <nowiki>fix loading standard target</nowiki> //<color #ccc>(</color><color #282>+8</color><color #ccc>,</color><color #f00>-1</color><color #ccc>)</color>//\\
 => ''[[https://git.lede-project.org/?p=project/firewall3.git;a=commitdiff;h=19acf041bfdb479e68d53699cc8940d21d76434b|19acf04]]'' **<nowiki>iptables:</nowiki>** <nowiki>optional loading of static extensions</nowiki> //<color #ccc>(</color><color #282>+15</color><color #ccc>,</color><color #f00>-3</color><color #ccc>)</color>//\\
 => ''[[https://git.lede-project.org/?p=project/firewall3.git;a=commitdiff;h=227530375704f8aa5ae3af0b88d7749f7cf7e7d0|2275303]]'' **<nowiki>iptables:</nowiki>** <nowiki>declare _GNU_SOURCE to define RTLD_NEXT</nowiki> //<color #ccc>(</color><color #282>+2</color><color #ccc>)</color>//\\
 => ''[[https://git.lede-project.org/?p=project/firewall3.git;a=commitdiff;h=37df903ae8efd88d740b1ed8cc2e0ae384226dd6|37df903]]'' **<nowiki>iptables:</nowiki>** <nowiki>rework extension loader</nowiki> //<color #ccc>(</color><color #282>+9</color><color #ccc>,</color><color #f00>-37</color><color #ccc>)</color>//\\
 => ''[[https://git.lede-project.org/?p=project/firewall3.git;a=commitdiff;h=c520966c2a92a14c931f411d502ed1a8dedf604d|c520966]]'' **<nowiki>main:</nowiki>** <nowiki>make failing ubus connection nonfatal</nowiki> //<color #ccc>(</color><color #282>+1</color><color #ccc>,</color><color #f00>-1</color><color #ccc>)</color>//\\
 => ''[[https://git.lede-project.org/?p=project/firewall3.git;a=commitdiff;h=786b15ff1460e8611eaa35ec024efe08fd3a5ebe|786b15f]]'' **<nowiki>iptables:</nowiki>** <nowiki>remove usage of xt_id</nowiki> //<color #ccc>(</color><color #282>+37</color><color #ccc>,</color><color #f00>-42</color><color #ccc>)</color>//\\
 => ''[[https://git.lede-project.org/?p=project/firewall3.git;a=commitdiff;h=6015fc07618173bc9cc44890e0f9c86081c80848|6015fc0]]'' **<nowiki>musl-compat:</nowiki>** <nowiki>avoid kernel header conflicts</nowiki> //<color #ccc>(</color><color #282>+5</color><color #ccc>)</color>//\\
 => ''[[https://git.lede-project.org/?p=project/firewall3.git;a=commitdiff;h=bd40ba4584141ce34f3d5c42841abafccad06bdd|bd40ba4]]'' **<nowiki>iptables:</nowiki>** <nowiki>move includes into iptables.c to avoid kernel header clashes</nowiki> //<color #ccc>(</color><color #282>+54</color><color #ccc>,</color><color #f00>-45</color><color #ccc>)</color>//\\
 => ''[[https://git.lede-project.org/?p=project/firewall3.git;a=commitdiff;h=0367860636aa55e9ee064709ec2814906e1f246b|0367860]]'' **<nowiki>forwards:</nowiki>** <nowiki>properly propagate conntrack flag</nowiki> //<color #ccc>(</color><color #282>+24</color><color #ccc>,</color><color #f00>-11</color><color #ccc>)</color>//\\
\\
=== #250 ===
**Description:** <nowiki>Build failure. opkg_install_cmd: Cannot install package iptables </nowiki>\\
**Link:** [[https://bugs.lede-project.org/index.php?do=details&task_id=250]]\\
**Commits:**\\
''[[https://git.lede-project.org/?p=source.git;a=commitdiff;h=38ebd1d133e247d80106a71af64587af8dc198c2|38ebd1d]]'' **<nowiki>firmware-utils:</nowiki>** <nowiki>add E2100L support to addpattern.c</nowiki> //<color #ccc>(</color><color #282>+7</color><color #ccc>)</color>//\\
\\
=== #256 ===
**Description:** <nowiki>usb audio doesn't work - "no such device"</nowiki>\\
**Link:** [[https://bugs.lede-project.org/index.php?do=details&task_id=256]]\\
**Commits:**\\
''[[https://git.lede-project.org/?p=source.git;a=commitdiff;h=2ab6aaca4dfe1265006dae3f3cd0fd838f9bf2af|2ab6aac]]'' **<nowiki>kernel:</nowiki>** <nowiki>add SND_PCM_TIMER to kmod-sound-core</nowiki> //<color #ccc>(</color><color #282>+1</color><color #ccc>)</color>//\\
\\
=== #264 ===
**Description:** <nowiki>xen_domu images need change to grub.cfg to boot unattended</nowiki>\\
**Link:** [[https://bugs.lede-project.org/index.php?do=details&task_id=264]]\\
**Commits:**\\
''[[https://git.lede-project.org/?p=source.git;a=commitdiff;h=81e3c022e017be76d4f3eaf67cfd7ddba09e85be|81e3c02]]'' **<nowiki>x86:</nowiki>** <nowiki>fix GRUB_ROOT for Xen subtarget</nowiki> //<color #ccc>(</color><color #282>+7</color><color #ccc>,</color><color #f00>-1</color><color #ccc>)</color>//\\
\\
=== #290 ===
**Description:** <nowiki>procd strips away double quotes required in OpenVPN configuration file</nowiki>\\
**Link:** [[https://bugs.lede-project.org/index.php?do=details&task_id=290]]\\
**Commits:**\\
''[[https://git.lede-project.org/?p=source.git;a=commitdiff;h=a456dd96e7d2131cac1e7c2cca5e124d43d50f13|a456dd9]]'' **<nowiki>openvpn:</nowiki>** <nowiki>quote parameters to --push in openvpn config file</nowiki> //<color #ccc>(</color><color #282>+2</color><color #ccc>,</color><color #f00>-1</color><color #ccc>)</color>//\\
\\
=== #298 ===
**Description:** <nowiki>Build failure in mkmerakifw.c</nowiki>\\
**Link:** [[https://bugs.lede-project.org/index.php?do=details&task_id=298]]\\
**Commits:**\\
''[[https://git.lede-project.org/?p=source.git;a=commitdiff;h=97eff5cba52076da476f028b02bae34fd1f3a9f6|97eff5c]]'' **<nowiki>firmware-utils:</nowiki>** <nowiki>Fix build failure in mkmerakifw.c FS#298</nowiki> //<color #ccc>(</color><color #282>+9</color><color #ccc>,</color><color #f00>-9</color><color #ccc>)</color>//\\
\\
=== #312 ===
**Description:** <nowiki>GRE tunnel fail to up if df option set to 0</nowiki>\\
**Link:** [[https://bugs.lede-project.org/index.php?do=details&task_id=312]]\\
**Commits:**\\
''[[https://git.lede-project.org/?p=source.git;a=commitdiff;h=4c9d2c04bae3042007b1314785c0e35049e067d6|4c9d2c0]]'' **<nowiki>gre:</nowiki>** <nowiki>Remove ttl default value assignment (FS#312)</nowiki> //<color #ccc>(</color><color #282>+2</color><color #ccc>,</color><color #f00>-2</color><color #ccc>)</color>//\\
\\
=== #323 ===
**Description:** <nowiki>Add an option to include VERSION_CODE in binary filename</nowiki>\\
**Link:** [[https://bugs.lede-project.org/index.php?do=details&task_id=323]]\\
**Commits:**\\
''[[https://git.lede-project.org/?p=source.git;a=commitdiff;h=9791fb2ac25fca2fb64a2d1ccbb5e7721a9165ec|9791fb2]]'' **<nowiki>build:</nowiki>** <nowiki>support adding version code to file names (FS#323)</nowiki> //<color #ccc>(</color><color #282>+13</color><color #ccc>,</color><color #f00>-2</color><color #ccc>)</color>//\\
\\
=== #330 ===
**Description:** <nowiki>xrx200-net: kenrel panic</nowiki>\\
**Link:** [[https://bugs.lede-project.org/index.php?do=details&task_id=330]]\\
**Commits:**\\
''[[https://git.lede-project.org/?p=source.git;a=commitdiff;h=29097b95ba266743f74401cbb905186bb74a414a|29097b9]]'' **<nowiki>ramips:</nowiki>** <nowiki>fix WLI-TX4-AG300N boot and network</nowiki> //<color #ccc>(</color><color #282>+11</color><color #ccc>,</color><color #f00>-2</color><color #ccc>)</color>//\\
\\
=== #334 ===
**Description:** <nowiki>ath5k: kernel warning every 10 minutes</nowiki>\\
**Link:** [[https://bugs.lede-project.org/index.php?do=details&task_id=334]]\\
**Commits:**\\
''[[https://git.lede-project.org/?p=source.git;a=commitdiff;h=f04b651453a011d8604fc200ccc23cc91199a518|f04b651]]'' **<nowiki>ath5k:</nowiki>** <nowiki>drop bogus warning on drv_set_key with unsupported cipher (FS#334)</nowiki> //<color #ccc>(</color><color #282>+23</color><color #ccc>)</color>//\\
\\
=== #341 ===
**Description:** <nowiki>ath10k-firmware Makefile references non-existent QCA9887_BOARD_FILE_MD5 and QCA9887_FIRMWARE_FILE_MD</nowiki>\\
**Link:** [[https://bugs.lede-project.org/index.php?do=details&task_id=341]]\\
**Commits:**\\
''[[https://git.lede-project.org/?p=source.git;a=commitdiff;h=87b0747263bdfdfd58eff6c8d772ba5d959692f4|87b0747]]'' **<nowiki>ath10k-firmware:</nowiki>** <nowiki>fix missing variable renames (FS#341)</nowiki> //<color #ccc>(</color><color #282>+2</color><color #ccc>,</color><color #f00>-2</color><color #ccc>)</color>//\\
\\
=== #343 ===
**Description:** <nowiki>[lantig-xrx200] FB7360SL - Link problems on Switch ports (2,3,4)</nowiki>\\
**Link:** [[https://bugs.lede-project.org/index.php?do=details&task_id=343]]\\
**Commits:**\\
''[[https://git.lede-project.org/?p=source.git;a=commitdiff;h=7dd42d610dcd6f9271d5d44edff52caf633b8abf|7dd42d6]]'' **<nowiki>lantiq:</nowiki>** <nowiki>add FRITZ7360SL phy reset gpios</nowiki> //<color #ccc>(</color><color #282>+5</color><color #ccc>,</color><color #f00>-5</color><color #ccc>)</color>//\\
\\
=== #347 ===
**Description:** <nowiki>VLANs with number > 7 broken after changes to ar8216.c</nowiki>\\
**Link:** [[https://bugs.lede-project.org/index.php?do=details&task_id=347]]\\
**Commits:**\\
''[[https://git.lede-project.org/?p=source.git;a=commitdiff;h=29cc927ef5a6d2f1e8de0d3d9fc67877aa4b6af7|29cc927]]'' **<nowiki>generic:</nowiki>** <nowiki>ar8216: fix invalid bounds check imported from ChromeOS (FS#347)</nowiki> //<color #ccc>(</color><color #282>+1</color><color #ccc>,</color><color #f00>-1</color><color #ccc>)</color>//\\
\\
=== #351 ===
**Description:** <nowiki>Lantiq: not all usb ports functional after switch to dwc2</nowiki>\\
**Link:** [[https://bugs.lede-project.org/index.php?do=details&task_id=351]]\\
**Commits:**\\
''[[https://git.lede-project.org/?p=source.git;a=commitdiff;h=b35a41c139ec995e1d3096ce962f020053f3056e|b35a41c]]'' **<nowiki>generic:</nowiki>** <nowiki>backport dwc2 kernel panic fix</nowiki> //<color #ccc>(</color><color #282>+24</color><color #ccc>)</color>//\\
''[[https://git.lede-project.org/?p=source.git;a=commitdiff;h=f036956e1f6a38bfc4e678adf404f3a717ceaed8|f036956]]'' **<nowiki>lantiq:</nowiki>** <nowiki>update USB controller initialization</nowiki> //<color #ccc>(</color><color #282>+394</color><color #ccc>,</color><color #f00>-95</color><color #ccc>)</color>//\\
\\
=== #367 ===
**Description:** <nowiki>mkhash causes error in feed update after make dirclean (always if prereq has not yet been run)</nowiki>\\
**Link:** [[https://bugs.lede-project.org/index.php?do=details&task_id=367]]\\
**Commits:**\\
''[[https://git.lede-project.org/?p=source.git;a=commitdiff;h=d2ddda691eeac92c6854658fb7389b7f9485d6c8|d2ddda6]]'' **<nowiki>build:</nowiki>** <nowiki>ensure that prereq-build is run before metadata scan from feeds (FS#367)</nowiki> //<color #ccc>(</color><color #282>+1</color><color #ccc>,</color><color #f00>-1</color><color #ccc>)</color>//\\
\\
=== #373 ===
**Description:** <nowiki>ath9k: high load >10</nowiki>\\
**Link:** [[https://bugs.lede-project.org/index.php?do=details&task_id=373]]\\
**Commits:**\\
''[[https://git.lede-project.org/?p=source.git;a=commitdiff;h=f9022964cfa0a44984d2efa2dafe3452899acfdf|f902296]]'' **<nowiki>ath9k:</nowiki>** <nowiki>add stability fixes for long standing hang issues (FS#13, #34, #373, #...</nowiki> //<color #ccc>(</color><color #282>+523</color><color #ccc>,</color><color #f00>-57</color><color #ccc>)</color>//\\
\\
=== #377 ===
**Description:** <nowiki>Add console support for Mikrotik RB433 and RB411 series devices</nowiki>\\
**Link:** [[https://bugs.lede-project.org/index.php?do=details&task_id=377]]\\
**Commits:**\\
''[[https://git.lede-project.org/?p=source.git;a=commitdiff;h=d7fd1a0f8da37a978b138b2966c12d06bda55df5|d7fd1a0]]'' **<nowiki>ar71xx:</nowiki>** <nowiki>enable serial console on Mikrotik RB411/RB433</nowiki> //<color #ccc>(</color><color #282>+3</color><color #ccc>,</color><color #f00>-1</color><color #ccc>)</color>//\\
\\
=== #381 ===
**Description:** <nowiki>Error: undefined reference to `clock_gettime during build</nowiki>\\
**Link:** [[https://bugs.lede-project.org/index.php?do=details&task_id=381]]\\
**Commits:**\\
''[[https://git.lede-project.org/?p=source.git;a=commitdiff;h=69be65b594c4fafbc4e58dd3cd235547f02a33ca|69be65b]]'' **<nowiki>tools:</nowiki>** <nowiki>mkimage: pass crypto libraries through HOST_LOADLIBES (FS#381)</nowiki> //<color #ccc>(</color><color #282>+2</color><color #ccc>,</color><color #f00>-2</color><color #ccc>)</color>//\\
''[[https://git.lede-project.org/?p=source.git;a=commitdiff;h=43d53399406b08bdfeb78727cd122578aee4894a|43d5339]]'' **<nowiki>tools:</nowiki>** <nowiki>cmake: link librt if needed (FS#381)</nowiki> //<color #ccc>(</color><color #282>+33</color><color #ccc>,</color><color #f00>-3</color><color #ccc>)</color>//\\
\\
=== #383 ===
**Description:** <nowiki>1043nd: wifi instable after 5minutes</nowiki>\\
**Link:** [[https://bugs.lede-project.org/index.php?do=details&task_id=383]]\\
**Commits:**\\
''[[https://git.lede-project.org/?p=source.git;a=commitdiff;h=f9022964cfa0a44984d2efa2dafe3452899acfdf|f902296]]'' **<nowiki>ath9k:</nowiki>** <nowiki>add stability fixes for long standing hang issues (FS#13, #34, #373, #...</nowiki> //<color #ccc>(</color><color #282>+523</color><color #ccc>,</color><color #f00>-57</color><color #ccc>)</color>//\\
\\
=== #384 ===
**Description:** <nowiki>IPQ806X: CMD: swconfig on R7800 generate Kernel Panic!</nowiki>\\
**Link:** [[https://bugs.lede-project.org/index.php?do=details&task_id=384]]\\
**Commits:**\\
''[[https://git.lede-project.org/?p=source.git;a=commitdiff;h=ea43d60c180c0096f581e0b27c7f75ea08b0f36c|ea43d60]]'' **<nowiki>kernel:</nowiki>** <nowiki>ar8327/ar8337: disable ARL access code to avoid lockups (FS#384)</nowiki> //<color #ccc>(</color><color #282>+6</color><color #ccc>)</color>//\\
\\
=== #388 ===
**Description:** <nowiki>odhcpd: A default route is present but there is no public prefix on br-lan thus we don't an</nowiki>\\
**Link:** [[https://bugs.lede-project.org/index.php?do=details&task_id=388]]\\
**Commits:**\\
''[[https://git.lede-project.org/?p=source.git;a=commitdiff;h=03ff2d7359f5fbc43ee79ad36920745bee9688d0|03ff2d7]]'' **<nowiki>odhcpd:</nowiki>** <nowiki>update to git HEAD version (FS#388)</nowiki> //<color #ccc>(</color><color #282>+5</color><color #ccc>,</color><color #f00>-5</color><color #ccc>)</color>//\\
 => ''[[https://git.lede-project.org/?p=project/odhcpd.git;a=commitdiff;h=83d72cf224956eb08453051744649df89b217203|83d72cf]]'' **<nowiki>odhcpd:</nowiki>** <nowiki>fix coding style</nowiki> //<color #ccc>(</color><color #282>+13</color><color #ccc>,</color><color #f00>-12</color><color #ccc>)</color>//\\
 => ''[[https://git.lede-project.org/?p=project/odhcpd.git;a=commitdiff;h=df5042974622d72ce2424de8ef532941ac4f7fc9|df50429]]'' **<nowiki>odhcpd:</nowiki>** <nowiki>properly handle netlink messages (FS#388)</nowiki> //<color #ccc>(</color><color #282>+172</color><color #ccc>,</color><color #f00>-126</color><color #ccc>)</color>//\\
 => ''[[https://git.lede-project.org/?p=project/odhcpd.git;a=commitdiff;h=3317c861984ec22155c04dd77e77abb2ed8bb252|3317c86]]'' **<nowiki>dhcpv6-ia:</nowiki>** <nowiki>apply lease delete based on assignment bound state</nowiki> //<color #ccc>(</color><color #282>+17</color><color #ccc>,</color><color #f00>-7</color><color #ccc>)</color>//\\
\\
=== #391 ===
**Description:** <nowiki>dnsmasq stops working properly if the fastest upstream DNS server returns a server failure</nowiki>\\
**Link:** [[https://bugs.lede-project.org/index.php?do=details&task_id=391]]\\
**Commits:**\\
''[[https://git.lede-project.org/?p=source.git;a=commitdiff;h=59508e309e91ba152ae43ef1d6983f2f6f873632|59508e3]]'' **<nowiki>dnsmasq:</nowiki>** <nowiki>Add upstream patch fixing SERVFAIL issues with multiple servers</nowiki> //<color #ccc>(</color><color #282>+130</color><color #ccc>)</color>//\\
\\
=== #396 ===
**Description:** <nowiki>odhcpd: IPv6 relay mode is unreliable</nowiki>\\
**Link:** [[https://bugs.lede-project.org/index.php?do=details&task_id=396]]\\
**Commits:**\\
''[[https://git.lede-project.org/?p=source.git;a=commitdiff;h=b8567cb44e9e4f55b7529e16b64a85d492a162f1|b8567cb]]'' **<nowiki>odhcpd:</nowiki>** <nowiki>update to git HEAD version (FS#396)</nowiki> //<color #ccc>(</color><color #282>+3</color><color #ccc>,</color><color #f00>-3</color><color #ccc>)</color>//\\
 => ''[[https://git.lede-project.org/?p=project/odhcpd.git;a=commitdiff;h=0129f7926b9a0f993058dca9775e64021527eb32|0129f79]]'' **<nowiki>config:</nowiki>** <nowiki>restore interface defaults when cleaning interface</nowiki> //<color #ccc>(</color><color #282>+8</color><color #ccc>,</color><color #f00>-3</color><color #ccc>)</color>//\\
 => ''[[https://git.lede-project.org/?p=project/odhcpd.git;a=commitdiff;h=8a615ad3c4f2318667630e2505888df09901320d|8a615ad]]'' **<nowiki>npd:</nowiki>** <nowiki>rework IPv6 relay logic (FS#396)</nowiki> //<color #ccc>(</color><color #282>+269</color><color #ccc>,</color><color #f00>-225</color><color #ccc>)</color>//\\
 => ''[[https://git.lede-project.org/?p=project/odhcpd.git;a=commitdiff;h=b02f3e6ddfca200643b37bfaae233dc20f1348a4|b02f3e6]]'' **<nowiki>ndp:</nowiki>** <nowiki>close proc file descriptor also during error handling</nowiki> //<color #ccc>(</color><color #282>+19</color><color #ccc>,</color><color #f00>-8</color><color #ccc>)</color>//\\
 => ''[[https://git.lede-project.org/?p=project/odhcpd.git;a=commitdiff;h=8df4253ba73246d31f2e65f2004da3f9890c22c5|8df4253]]'' **<nowiki>ndp:</nowiki>** <nowiki>harden netlink event socket error handling</nowiki> //<color #ccc>(</color><color #282>+22</color><color #ccc>,</color><color #f00>-11</color><color #ccc>)</color>//\\
\\
=== #418 ===
**Description:** <nowiki>crucial package for Lantiq-ADSL-routers missing</nowiki>\\
**Link:** [[https://bugs.lede-project.org/index.php?do=details&task_id=418]]\\
**Commits:**\\
''[[https://git.lede-project.org/?p=source.git;a=commitdiff;h=806d3cc2c30f5c206e4b9c3976c0bb8761da42b4|806d3cc]]'' **<nowiki>packages:</nowiki>** <nowiki>mark packages depending on a target as nonshared</nowiki> //<color #ccc>(</color><color #282>+16</color><color #ccc>)</color>//\\
\\
=== #423 ===
**Description:** <nowiki>Linksys WRT1900ACS USB led names are wrong</nowiki>\\
**Link:** [[https://bugs.lede-project.org/index.php?do=details&task_id=423]]\\
**Commits:**\\
''[[https://git.lede-project.org/?p=source.git;a=commitdiff;h=2a14335d950c84566e1674f6674b0de5345d5e64|2a14335]]'' **<nowiki>mvebu:</nowiki>** <nowiki>fix usb port leds</nowiki> //<color #ccc>(</color><color #282>+15</color><color #ccc>,</color><color #f00>-10</color><color #ccc>)</color>//\\
\\
=== #425 ===
**Description:** <nowiki>mvebu led config (wrt1200 v1)</nowiki>\\
**Link:** [[https://bugs.lede-project.org/index.php?do=details&task_id=425]]\\
**Commits:**\\
''[[https://git.lede-project.org/?p=source.git;a=commitdiff;h=2a14335d950c84566e1674f6674b0de5345d5e64|2a14335]]'' **<nowiki>mvebu:</nowiki>** <nowiki>fix usb port leds</nowiki> //<color #ccc>(</color><color #282>+15</color><color #ccc>,</color><color #f00>-10</color><color #ccc>)</color>//\\
\\
=== #438 ===
**Description:** <nowiki>ar7xx: missing/unknown modules</nowiki>\\
**Link:** [[https://bugs.lede-project.org/index.php?do=details&task_id=438]]\\
**Commits:**\\
''[[https://git.lede-project.org/?p=source.git;a=commitdiff;h=dbb8e04472f7d02d55ac8112eb3feaf9a3bd2d95|dbb8e04]]'' **<nowiki>qos-scripts:</nowiki>** <nowiki>fix module load commands (FS#438)</nowiki> //<color #ccc>(</color><color #282>+1</color><color #ccc>,</color><color #f00>-2</color><color #ccc>)</color>//\\
\\
=== #444 ===
**Description:** <nowiki>qemu/host: multiple definition of AES_*</nowiki>\\
**Link:** [[https://bugs.lede-project.org/index.php?do=details&task_id=444]]\\
**Commits:**\\
''[[https://git.lede-project.org/?p=source.git;a=commitdiff;h=e038c600496109593449613bdf2f0580998b39bf|e038c60]]'' **<nowiki>qemu:</nowiki>** <nowiki>rename internal crypto/aes symbols</nowiki> //<color #ccc>(</color><color #282>+7</color><color #ccc>,</color><color #f00>-1</color><color #ccc>)</color>//\\
\\
=== #451 ===
**Description:** <nowiki>ipq806x: random mac is assigned to WiFi phys</nowiki>\\
**Link:** [[https://bugs.lede-project.org/index.php?do=details&task_id=451]]\\
**Commits:**\\
''[[https://git.lede-project.org/?p=source.git;a=commitdiff;h=c53bb974b291fbf21c1205e777614968f0c2d767|c53bb97]]'' **<nowiki>ipq806x:</nowiki>** <nowiki>fix wireless macs</nowiki> //<color #ccc>(</color><color #282>+1</color><color #ccc>,</color><color #f00>-1</color><color #ccc>)</color>//\\
\\
=== #454 ===
**Description:** <nowiki>ARV7519RW22 physical port order</nowiki>\\
**Link:** [[https://bugs.lede-project.org/index.php?do=details&task_id=454]]\\
**Commits:**\\
''[[https://git.lede-project.org/?p=source.git;a=commitdiff;h=c5879b067680d7b02e365ea0cfd0324edf70425c|c5879b0]]'' **<nowiki>lantiq:</nowiki>** <nowiki>fix ARV7519RW22 switch port indexing</nowiki> //<color #ccc>(</color><color #282>+1</color><color #ccc>,</color><color #f00>-1</color><color #ccc>)</color>//\\
\\
=== #495 ===
**Description:** <nowiki>lede-sdk-17.01.0-rc2  does not contain libtldl.so in staging_dir/<target>/usr/lib</nowiki>\\
**Link:** [[https://bugs.lede-project.org/index.php?do=details&task_id=495]]\\
**Commits:**\\
''[[https://git.lede-project.org/?p=source.git;a=commitdiff;h=f79926cb947f90d8fcbd9bec5804234566eee6b6|f79926c]]'' **<nowiki>sdk:</nowiki>** <nowiki>emit proper tag references for base URLs</nowiki> //<color #ccc>(</color><color #282>+5</color><color #ccc>,</color><color #f00>-3</color><color #ccc>)</color>//\\
\\
=== #501 ===
**Description:** <nowiki>Feed configuration of the SDK is incorrect</nowiki>\\
**Link:** [[https://bugs.lede-project.org/index.php?do=details&task_id=501]]\\
**Commits:**\\
''[[https://git.lede-project.org/?p=source.git;a=commitdiff;h=f79926cb947f90d8fcbd9bec5804234566eee6b6|f79926c]]'' **<nowiki>sdk:</nowiki>** <nowiki>emit proper tag references for base URLs</nowiki> //<color #ccc>(</color><color #282>+5</color><color #ccc>,</color><color #f00>-3</color><color #ccc>)</color>//\\
\\
=== #504 ===
**Description:** <nowiki>SDK broken with Ubuntu 17.04 and GCC 6.3 (solution included)</nowiki>\\
**Link:** [[https://bugs.lede-project.org/index.php?do=details&task_id=504]]\\
**Commits:**\\
''[[https://git.lede-project.org/?p=source.git;a=commitdiff;h=034a80009cbcd6251a7aed78a4603e4e27cb725b|034a800]]'' **<nowiki>sdk:</nowiki>** <nowiki>clean scripts/config before packing tarball (FS#504)</nowiki> //<color #ccc>(</color><color #282>+1</color><color #ccc>)</color>//\\
\\
=== #512 ===
**Description:** <nowiki>uhttpd.init generates certificate with sha1 signature</nowiki>\\
**Link:** [[https://bugs.lede-project.org/index.php?do=details&task_id=512]]\\
**Commits:**\\
''[[https://git.lede-project.org/?p=source.git;a=commitdiff;h=c835c9ebe59d071485ae61df021380a980f20976|c835c9e]]'' **<nowiki>uhttpd:</nowiki>** <nowiki>use sha256 when generating certificates with openssl (FS#512)</nowiki> //<color #ccc>(</color><color #282>+1</color><color #ccc>,</color><color #f00>-1</color><color #ccc>)</color>//\\
\\

===== Security fixes ====
=== CVE-2012-6702 ===
**Description:** <nowiki>Expat, when used in a parser that has not called XML_SetHashSalt or passed it a seed of 0, makes it easier for context-dependent attackers to defeat cryptographic protection mechanisms via vectors involving use of the srand function.</nowiki>

**Link:** [[https://cve.mitre.org/cgi-bin/cvename.cgi?name=CVE-2012-6702]]\\
**Commits:**\\
''[[https://git.lede-project.org/?p=source.git;a=commitdiff;h=bf567363cd98dd36ffef7312afc066b14bb9237f|bf56736]]'' **<nowiki>tools/expat:</nowiki>** <nowiki>Update to 2.2.0</nowiki> //<color #ccc>(</color><color #282>+3</color><color #ccc>,</color><color #f00>-3</color><color #ccc>)</color>//\\
\\
=== CVE-2014-9761 ===
**Description:** <nowiki>Multiple stack-based buffer overflows in the GNU C Library (aka glibc or libc6) before 2.23 allow context-dependent attackers to cause a denial of service (application crash) or possibly execute arbitrary code via a long argument to the (1) nan, (2) nanf, or (3) nanl function.</nowiki>

**Link:** [[https://cve.mitre.org/cgi-bin/cvename.cgi?name=CVE-2014-9761]]\\
**Commits:**\\
''[[https://git.lede-project.org/?p=source.git;a=commitdiff;h=4badb8a023bf187c235f1e558ab96c41729edbcb|4badb8a]]'' **<nowiki>glibc:</nowiki>** <nowiki>switch to 2.24 by default and remove old versions, fixes security issues</nowiki> //<color #ccc>(</color><color #282>+2</color><color #ccc>,</color><color #f00>-85</color><color #ccc>)</color>//\\
\\
=== CVE-2015-3202 ===
**Description:** <nowiki>fusermount in FUSE before 2.9.3-15 does not properly clear the environment before invoking (1) mount or (2) umount as root, which allows local users to write to arbitrary files via a crafted LIBMOUNT_MTAB environment variable that is used by mount's debugging feature.</nowiki>

**Link:** [[https://cve.mitre.org/cgi-bin/cvename.cgi?name=CVE-2015-3202]]\\
**Commits:**\\
''[[https://git.lede-project.org/?p=source.git;a=commitdiff;h=4081333084a4e52a125f678e905dbbcccb9e4bd0|4081333]]'' **<nowiki>package/utils/fuse:</nowiki>** <nowiki>update to 2.9.7</nowiki> //<color #ccc>(</color><color #282>+5</color><color #ccc>,</color><color #f00>-74</color><color #ccc>)</color>//\\
\\
=== CVE-2015-7547 ===
**Description:** <nowiki>Multiple stack-based buffer overflows in the (1) send_dg and (2) send_vc functions in the libresolv library in the GNU C Library (aka glibc or libc6) before 2.23 allow remote attackers to cause a denial of service (crash) or possibly execute arbitrary code via a crafted DNS response that triggers a call to the getaddrinfo function with the AF_UNSPEC or AF_INET6 address family, related to performing "dual A/AAAA DNS queries" and the libnss_dns.so.2 NSS module.</nowiki>

**Link:** [[https://cve.mitre.org/cgi-bin/cvename.cgi?name=CVE-2015-7547]]\\
**Commits:**\\
''[[https://git.lede-project.org/?p=source.git;a=commitdiff;h=4badb8a023bf187c235f1e558ab96c41729edbcb|4badb8a]]'' **<nowiki>glibc:</nowiki>** <nowiki>switch to 2.24 by default and remove old versions, fixes security issues</nowiki> //<color #ccc>(</color><color #282>+2</color><color #ccc>,</color><color #f00>-85</color><color #ccc>)</color>//\\
\\
=== CVE-2015-8776 ===
**Description:** <nowiki>The strftime function in the GNU C Library (aka glibc or libc6) before 2.23 allows context-dependent attackers to cause a denial of service (application crash) or possibly obtain sensitive information via an out-of-range time value.</nowiki>

**Link:** [[https://cve.mitre.org/cgi-bin/cvename.cgi?name=CVE-2015-8776]]\\
**Commits:**\\
''[[https://git.lede-project.org/?p=source.git;a=commitdiff;h=4badb8a023bf187c235f1e558ab96c41729edbcb|4badb8a]]'' **<nowiki>glibc:</nowiki>** <nowiki>switch to 2.24 by default and remove old versions, fixes security issues</nowiki> //<color #ccc>(</color><color #282>+2</color><color #ccc>,</color><color #f00>-85</color><color #ccc>)</color>//\\
\\
=== CVE-2015-8777 ===
**Description:** <nowiki>The process_envvars function in elf/rtld.c in the GNU C Library (aka glibc or libc6) before 2.23 allows local users to bypass a pointer-guarding protection mechanism via a zero value of the LD_POINTER_GUARD environment variable.</nowiki>

**Link:** [[https://cve.mitre.org/cgi-bin/cvename.cgi?name=CVE-2015-8777]]\\
**Commits:**\\
''[[https://git.lede-project.org/?p=source.git;a=commitdiff;h=4badb8a023bf187c235f1e558ab96c41729edbcb|4badb8a]]'' **<nowiki>glibc:</nowiki>** <nowiki>switch to 2.24 by default and remove old versions, fixes security issues</nowiki> //<color #ccc>(</color><color #282>+2</color><color #ccc>,</color><color #f00>-85</color><color #ccc>)</color>//\\
\\
=== CVE-2015-8778 ===
**Description:** <nowiki>Integer overflow in the GNU C Library (aka glibc or libc6) before 2.23 allows context-dependent attackers to cause a denial of service (application crash) or possibly execute arbitrary code via the size argument to the __hcreate_r function, which triggers out-of-bounds heap-memory access.</nowiki>

**Link:** [[https://cve.mitre.org/cgi-bin/cvename.cgi?name=CVE-2015-8778]]\\
**Commits:**\\
''[[https://git.lede-project.org/?p=source.git;a=commitdiff;h=4badb8a023bf187c235f1e558ab96c41729edbcb|4badb8a]]'' **<nowiki>glibc:</nowiki>** <nowiki>switch to 2.24 by default and remove old versions, fixes security issues</nowiki> //<color #ccc>(</color><color #282>+2</color><color #ccc>,</color><color #f00>-85</color><color #ccc>)</color>//\\
\\
=== CVE-2015-8779 ===
**Description:** <nowiki>Stack-based buffer overflow in the catopen function in the GNU C Library (aka glibc or libc6) before 2.23 allows context-dependent attackers to cause a denial of service (application crash) or possibly execute arbitrary code via a long catalog name.</nowiki>

**Link:** [[https://cve.mitre.org/cgi-bin/cvename.cgi?name=CVE-2015-8779]]\\
**Commits:**\\
''[[https://git.lede-project.org/?p=source.git;a=commitdiff;h=4badb8a023bf187c235f1e558ab96c41729edbcb|4badb8a]]'' **<nowiki>glibc:</nowiki>** <nowiki>switch to 2.24 by default and remove old versions, fixes security issues</nowiki> //<color #ccc>(</color><color #282>+2</color><color #ccc>,</color><color #f00>-85</color><color #ccc>)</color>//\\
\\
=== CVE-2016-0718 ===
**Description:** <nowiki>Expat allows context-dependent attackers to cause a denial of service (crash) or possibly execute arbitrary code via a malformed input document, which triggers a buffer overflow.</nowiki>

**Link:** [[https://cve.mitre.org/cgi-bin/cvename.cgi?name=CVE-2016-0718]]\\
**Commits:**\\
''[[https://git.lede-project.org/?p=source.git;a=commitdiff;h=bf567363cd98dd36ffef7312afc066b14bb9237f|bf56736]]'' **<nowiki>tools/expat:</nowiki>** <nowiki>Update to 2.2.0</nowiki> //<color #ccc>(</color><color #282>+3</color><color #ccc>,</color><color #f00>-3</color><color #ccc>)</color>//\\
\\
=== CVE-2016-1234 ===
**Description:** <nowiki>Stack-based buffer overflow in the glob implementation in GNU C Library (aka glibc) before 2.24, when GLOB_ALTDIRFUNC is used, allows context-dependent attackers to cause a denial of service (crash) via a long name.</nowiki>

**Link:** [[https://cve.mitre.org/cgi-bin/cvename.cgi?name=CVE-2016-1234]]\\
**Commits:**\\
''[[https://git.lede-project.org/?p=source.git;a=commitdiff;h=4badb8a023bf187c235f1e558ab96c41729edbcb|4badb8a]]'' **<nowiki>glibc:</nowiki>** <nowiki>switch to 2.24 by default and remove old versions, fixes security issues</nowiki> //<color #ccc>(</color><color #282>+2</color><color #ccc>,</color><color #f00>-85</color><color #ccc>)</color>//\\
\\
=== CVE-2016-2105 ===
**Description:** <nowiki>Integer overflow in the EVP_EncodeUpdate function in crypto/evp/encode.c in OpenSSL before 1.0.1t and 1.0.2 before 1.0.2h allows remote attackers to cause a denial of service (heap memory corruption) via a large amount of binary data.</nowiki>

**Link:** [[https://cve.mitre.org/cgi-bin/cvename.cgi?name=CVE-2016-2105]]\\
**Commits:**\\
''[[https://git.lede-project.org/?p=source.git;a=commitdiff;h=f6adbdf3cdb8ce0d5a730575cab797ced956a59e|f6adbdf]]'' **<nowiki>openssl:</nowiki>** <nowiki>Update to version 1.0.2h</nowiki> //<color #ccc>(</color><color #282>+2</color><color #ccc>,</color><color #f00>-2</color><color #ccc>)</color>//\\
\\
=== CVE-2016-2106 ===
**Description:** <nowiki>Integer overflow in the EVP_EncryptUpdate function in crypto/evp/evp_enc.c in OpenSSL before 1.0.1t and 1.0.2 before 1.0.2h allows remote attackers to cause a denial of service (heap memory corruption) via a large amount of data.</nowiki>

**Link:** [[https://cve.mitre.org/cgi-bin/cvename.cgi?name=CVE-2016-2106]]\\
**Commits:**\\
''[[https://git.lede-project.org/?p=source.git;a=commitdiff;h=f6adbdf3cdb8ce0d5a730575cab797ced956a59e|f6adbdf]]'' **<nowiki>openssl:</nowiki>** <nowiki>Update to version 1.0.2h</nowiki> //<color #ccc>(</color><color #282>+2</color><color #ccc>,</color><color #f00>-2</color><color #ccc>)</color>//\\
\\
=== CVE-2016-2107 ===
**Description:** <nowiki>The AES-NI implementation in OpenSSL before 1.0.1t and 1.0.2 before 1.0.2h does not consider memory allocation during a certain padding check, which allows remote attackers to obtain sensitive cleartext information via a padding-oracle attack against an AES CBC session, NOTE: this vulnerability exists because of an incorrect fix for CVE-2013-0169.</nowiki>

**Link:** [[https://cve.mitre.org/cgi-bin/cvename.cgi?name=CVE-2016-2107]]\\
**Commits:**\\
''[[https://git.lede-project.org/?p=source.git;a=commitdiff;h=f6adbdf3cdb8ce0d5a730575cab797ced956a59e|f6adbdf]]'' **<nowiki>openssl:</nowiki>** <nowiki>Update to version 1.0.2h</nowiki> //<color #ccc>(</color><color #282>+2</color><color #ccc>,</color><color #f00>-2</color><color #ccc>)</color>//\\
\\
=== CVE-2016-2109 ===
**Description:** <nowiki>The asn1_d2i_read_bio function in crypto/asn1/a_d2i_fp.c in the ASN.1 BIO implementation in OpenSSL before 1.0.1t and 1.0.2 before 1.0.2h allows remote attackers to cause a denial of service (memory consumption) via a short invalid encoding.</nowiki>

**Link:** [[https://cve.mitre.org/cgi-bin/cvename.cgi?name=CVE-2016-2109]]\\
**Commits:**\\
''[[https://git.lede-project.org/?p=source.git;a=commitdiff;h=f6adbdf3cdb8ce0d5a730575cab797ced956a59e|f6adbdf]]'' **<nowiki>openssl:</nowiki>** <nowiki>Update to version 1.0.2h</nowiki> //<color #ccc>(</color><color #282>+2</color><color #ccc>,</color><color #f00>-2</color><color #ccc>)</color>//\\
\\
=== CVE-2016-2176 ===
**Description:** <nowiki>The X509_NAME_oneline function in crypto/x509/x509_obj.c in OpenSSL before 1.0.1t and 1.0.2 before 1.0.2h allows remote attackers to obtain sensitive information from process stack memory or cause a denial of service (buffer over-read) via crafted EBCDIC ASN.1 data.</nowiki>

**Link:** [[https://cve.mitre.org/cgi-bin/cvename.cgi?name=CVE-2016-2176]]\\
**Commits:**\\
''[[https://git.lede-project.org/?p=source.git;a=commitdiff;h=f6adbdf3cdb8ce0d5a730575cab797ced956a59e|f6adbdf]]'' **<nowiki>openssl:</nowiki>** <nowiki>Update to version 1.0.2h</nowiki> //<color #ccc>(</color><color #282>+2</color><color #ccc>,</color><color #f00>-2</color><color #ccc>)</color>//\\
\\
=== CVE-2016-3075 ===
**Description:** <nowiki>Stack-based buffer overflow in the nss_dns implementation of the getnetbyname function in GNU C Library (aka glibc) before 2.24 allows context-dependent attackers to cause a denial of service (stack consumption and application crash) via a long name.</nowiki>

**Link:** [[https://cve.mitre.org/cgi-bin/cvename.cgi?name=CVE-2016-3075]]\\
**Commits:**\\
''[[https://git.lede-project.org/?p=source.git;a=commitdiff;h=4badb8a023bf187c235f1e558ab96c41729edbcb|4badb8a]]'' **<nowiki>glibc:</nowiki>** <nowiki>switch to 2.24 by default and remove old versions, fixes security issues</nowiki> //<color #ccc>(</color><color #282>+2</color><color #ccc>,</color><color #f00>-85</color><color #ccc>)</color>//\\
\\
=== CVE-2016-3706 ===
**Description:** <nowiki>Stack-based buffer overflow in the getaddrinfo function in sysdeps/posix/getaddrinfo.c in the GNU C Library (aka glibc or libc6) allows remote attackers to cause a denial of service (crash) via vectors involving hostent conversion. NOTE: this vulnerability exists because of an incomplete fix for CVE-2013-4458.</nowiki>

**Link:** [[https://cve.mitre.org/cgi-bin/cvename.cgi?name=CVE-2016-3706]]\\
**Commits:**\\
''[[https://git.lede-project.org/?p=source.git;a=commitdiff;h=4badb8a023bf187c235f1e558ab96c41729edbcb|4badb8a]]'' **<nowiki>glibc:</nowiki>** <nowiki>switch to 2.24 by default and remove old versions, fixes security issues</nowiki> //<color #ccc>(</color><color #282>+2</color><color #ccc>,</color><color #f00>-85</color><color #ccc>)</color>//\\
\\
=== CVE-2016-3739 ===
**Description:** <nowiki>The (1) mbed_connect_step1 function in lib/vtls/mbedtls.c and (2) polarssl_connect_step1 function in lib/vtls/polarssl.c in cURL and libcurl before 7.49.0, when using SSLv3 or making a TLS connection to a URL that uses a numerical IP address, allow remote attackers to spoof servers via an arbitrary valid certificate.</nowiki>

**Link:** [[https://cve.mitre.org/cgi-bin/cvename.cgi?name=CVE-2016-3739]]\\
**Commits:**\\
''[[https://git.lede-project.org/?p=source.git;a=commitdiff;h=6aebc6b16b3e2e7058b8b5ab1ffa7f65920541ff|6aebc6b]]'' **<nowiki>curl:</nowiki>** <nowiki>update to 7.49</nowiki> //<color #ccc>(</color><color #282>+14</color><color #ccc>,</color><color #f00>-40</color><color #ccc>)</color>//\\
\\
=== CVE-2016-4429 ===
**Description:** <nowiki>Stack-based buffer overflow in the clntudp_call function in sunrpc/clnt_udp.c in the GNU C Library (aka glibc or libc6) allows remote servers to cause a denial of service (crash) or possibly unspecified other impact via a flood of crafted ICMP and UDP packets.</nowiki>

**Link:** [[https://cve.mitre.org/cgi-bin/cvename.cgi?name=CVE-2016-4429]]\\
**Commits:**\\
''[[https://git.lede-project.org/?p=source.git;a=commitdiff;h=4badb8a023bf187c235f1e558ab96c41729edbcb|4badb8a]]'' **<nowiki>glibc:</nowiki>** <nowiki>switch to 2.24 by default and remove old versions, fixes security issues</nowiki> //<color #ccc>(</color><color #282>+2</color><color #ccc>,</color><color #f00>-85</color><color #ccc>)</color>//\\
\\
=== CVE-2016-4472 ===
**Description:** <nowiki>The overflow protection in Expat is removed by compilers with certain optimization settings, which allows remote attackers to cause a denial of service (crash) or possibly execute arbitrary code via crafted XML data.  NOTE: this vulnerability exists because of an incomplete fix for CVE-2015-1283 and CVE-2015-2716.</nowiki>

**Link:** [[https://cve.mitre.org/cgi-bin/cvename.cgi?name=CVE-2016-4472]]\\
**Commits:**\\
''[[https://git.lede-project.org/?p=source.git;a=commitdiff;h=bf567363cd98dd36ffef7312afc066b14bb9237f|bf56736]]'' **<nowiki>tools/expat:</nowiki>** <nowiki>Update to 2.2.0</nowiki> //<color #ccc>(</color><color #282>+3</color><color #ccc>,</color><color #f00>-3</color><color #ccc>)</color>//\\
\\
=== CVE-2016-4476 ===
**Description:** <nowiki>hostapd 0.6.7 through 2.5 and wpa_supplicant 0.6.7 through 2.5 do not reject \n and \r characters in passphrase parameters, which allows remote attackers to cause a denial of service (daemon outage) via a crafted WPS operation.</nowiki>

**Link:** [[https://cve.mitre.org/cgi-bin/cvename.cgi?name=CVE-2016-4476]]\\
**Commits:**\\
''[[https://git.lede-project.org/?p=source.git;a=commitdiff;h=b67af71181daac3b502fd58d04c021615a23ea39|b67af71]]'' **<nowiki>hostapd:</nowiki>** <nowiki>Update to version 2016-05-05</nowiki> //<color #ccc>(</color><color #282>+180</color><color #ccc>,</color><color #f00>-103</color><color #ccc>)</color>//\\
 => ''[[https://w1.fi/cgit/hostap/commit/?id=03a72eacda5d9a1837a74387081596a0d5466ec1|03a72ea]]'' **<nowiki>VHT:</nowiki>** <nowiki>Add an interoperability workaround for 80+80 and 160 MHz channels</nowiki> //<color #ccc>(</color><color #282>+20</color><color #ccc>)</color>//\\
 => ''[[https://w1.fi/cgit/hostap/commit/?id=504108dbdf48bd38ab3ce7d5b66f91ca41c49f42|504108d]]'' **<nowiki>tests:</nowiki>** <nowiki>Generate new certificates for Suite B test cases</nowiki> //<color #ccc>(</color><color #282>+139</color><color #ccc>,</color><color #f00>-139</color><color #ccc>)</color>//\\
 => ''[[https://w1.fi/cgit/hostap/commit/?id=d4af4d275af5506956ac77dc8ae26a8141289172|d4af4d2]]'' **<nowiki>tests:</nowiki>** <nowiki>EAP-TLS protocol tests</nowiki> //<color #ccc>(</color><color #282>+189</color><color #ccc>)</color>//\\
 => ''[[https://w1.fi/cgit/hostap/commit/?id=a89faedc2255b2e0d1eae5093cd6e859bb39e1a2|a89faed]]'' **<nowiki>tests:</nowiki>** <nowiki>EAP-TLS error cases</nowiki> //<color #ccc>(</color><color #282>+93</color><color #ccc>,</color><color #f00>-1</color><color #ccc>)</color>//\\
 => ''[[https://w1.fi/cgit/hostap/commit/?id=d4c2860b6be214eecb842ceb4830587b61c7cf4e|d4c2860]]'' **<nowiki>tests:</nowiki>** <nowiki>P2P persistent group re-invocation with peer having dropped info</nowiki> //<color #ccc>(</color><color #282>+40</color><color #ccc>)</color>//\\
 => ''[[https://w1.fi/cgit/hostap/commit/?id=0b905c8a87b53e0942506a8aeaae47869af91727|0b905c8]]'' <nowiki>Add the selector suite into wpa_parse_wpa_ie_rsn() "invalid group cipher"</nowiki> //<color #ccc>(</color><color #282>+4</color><color #ccc>,</color><color #f00>-2</color><color #ccc>)</color>//\\
 => ''[[https://w1.fi/cgit/hostap/commit/?id=2088ecb9707f33f31accadead473dc1fb1eaf834|2088ecb]]'' **<nowiki>OSU:</nowiki>** <nowiki>Add debug printing of more LogotypeExtn fields</nowiki> //<color #ccc>(</color><color #282>+14</color><color #ccc>,</color><color #f00>-2</color><color #ccc>)</color>//\\
 => ''[[https://w1.fi/cgit/hostap/commit/?id=5f17b2c60edf7963abf2cef72f3b0346e847bcb4|5f17b2c]]'' **<nowiki>BSD:</nowiki>** <nowiki>__FUNCTION__ -> __func__</nowiki> //<color #ccc>(</color><color #282>+2</color><color #ccc>,</color><color #f00>-2</color><color #ccc>)</color>//\\
 => ''[[https://w1.fi/cgit/hostap/commit/?id=dc0ad60314ad85f1983870095fa19128a0457a2e|dc0ad60]]'' **<nowiki>BSD:</nowiki>** <nowiki>Use correct ifindex from route messages</nowiki> //<color #ccc>(</color><color #282>+25</color><color #ccc>,</color><color #f00>-16</color><color #ccc>)</color>//\\
 => ''[[https://w1.fi/cgit/hostap/commit/?id=af060932deada3e0822f2a53a9ef6337b16af83b|af06093]]'' **<nowiki>BSD:</nowiki>** <nowiki>Disable interface on down</nowiki> //<color #ccc>(</color><color #282>+15</color><color #ccc>,</color><color #f00>-7</color><color #ccc>)</color>//\\
 => ''[[https://w1.fi/cgit/hostap/commit/?id=80ce804e88247bb0409d131c5882808a0ce9bba4|80ce804]]'' **<nowiki>WNM:</nowiki>** <nowiki>Workaround for broken AP operating class behavior</nowiki> //<color #ccc>(</color><color #282>+16</color><color #ccc>,</color><color #f00>-1</color><color #ccc>)</color>//\\
 => ''[[https://w1.fi/cgit/hostap/commit/?id=561536205adfb7a364177eb6bac0e46e67b62c1c|5615362]]'' **<nowiki>tests:</nowiki>** <nowiki>WNM BSS Transition Management with invalid operating class</nowiki> //<color #ccc>(</color><color #282>+11</color><color #ccc>)</color>//\\
 => ''[[https://w1.fi/cgit/hostap/commit/?id=a8ef133f1d739fdb74d8cb23b44bd3977ffbf67b|a8ef133]]'' **<nowiki>Android:</nowiki>** <nowiki>Support multiple CA certs when connecting to EAP network</nowiki> //<color #ccc>(</color><color #282>+89</color><color #ccc>,</color><color #f00>-19</color><color #ccc>)</color>//\\
 => ''[[https://w1.fi/cgit/hostap/commit/?id=cb22e3b25041d1ac605dceda53e3932565e87f47|cb22e3b]]'' **<nowiki>BSD:</nowiki>** <nowiki>Zero ifindex on interface removal</nowiki> //<color #ccc>(</color><color #282>+19</color><color #ccc>,</color><color #f00>-8</color><color #ccc>)</color>//\\
 => ''[[https://w1.fi/cgit/hostap/commit/?id=c599ddd1246f56dd5bb05cf4eb62237b74cca9a7|c599ddd]]'' **<nowiki>tests:</nowiki>** <nowiki>Allow fallback to 20 MHz in ap_ht40_5ghz_invalid_pair</nowiki> //<color #ccc>(</color><color #282>+5</color><color #ccc>,</color><color #f00>-1</color><color #ccc>)</color>//\\
 => ''[[https://w1.fi/cgit/hostap/commit/?id=236053e532d10c29947269d23830bb794951cb23|236053e]]'' <nowiki>Make fallback from HT40 to HT20 work</nowiki> //<color #ccc>(</color><color #282>+1</color><color #ccc>)</color>//\\
 => + //448 more...//\\
\\
=== CVE-2016-5195 ===
**Description:** <nowiki>Race condition in mm/gup.c in the Linux kernel 2.x through 4.x before 4.8.3 allows local users to gain privileges by leveraging incorrect handling of a copy-on-write (COW) feature to write to a read-only memory mapping, as exploited in the wild in October 2016, aka "Dirty COW."</nowiki>

**Link:** [[https://cve.mitre.org/cgi-bin/cvename.cgi?name=CVE-2016-5195]]\\
**Commits:**\\
''[[https://git.lede-project.org/?p=source.git;a=commitdiff;h=839b657a61657b8172349a303f2baee7aca66273|839b657]]'' **<nowiki>kernel:</nowiki>** <nowiki>add fix for CVE-2016-5195</nowiki> //<color #ccc>(</color><color #282>+180</color><color #ccc>)</color>//\\
\\
=== CVE-2016-5300 ===
**Description:** <nowiki>The XML parser in Expat does not use sufficient entropy for hash initialization, which allows context-dependent attackers to cause a denial of service (CPU consumption) via crafted identifiers in an XML document.  NOTE: this vulnerability exists because of an incomplete fix for CVE-2012-0876.</nowiki>

**Link:** [[https://cve.mitre.org/cgi-bin/cvename.cgi?name=CVE-2016-5300]]\\
**Commits:**\\
''[[https://git.lede-project.org/?p=source.git;a=commitdiff;h=bf567363cd98dd36ffef7312afc066b14bb9237f|bf56736]]'' **<nowiki>tools/expat:</nowiki>** <nowiki>Update to 2.2.0</nowiki> //<color #ccc>(</color><color #282>+3</color><color #ccc>,</color><color #f00>-3</color><color #ccc>)</color>//\\
\\
=== CVE-2016-5417 ===
**Description:** <nowiki>Memory leak in the __res_vinit function in the IPv6 name server management code in libresolv in GNU C Library (aka glibc or libc6) before 2.24 allows remote attackers to cause a denial of service (memory consumption) by leveraging partial initialization of internal resolver data structures.</nowiki>

**Link:** [[https://cve.mitre.org/cgi-bin/cvename.cgi?name=CVE-2016-5417]]\\
**Commits:**\\
''[[https://git.lede-project.org/?p=source.git;a=commitdiff;h=4badb8a023bf187c235f1e558ab96c41729edbcb|4badb8a]]'' **<nowiki>glibc:</nowiki>** <nowiki>switch to 2.24 by default and remove old versions, fixes security issues</nowiki> //<color #ccc>(</color><color #282>+2</color><color #ccc>,</color><color #f00>-85</color><color #ccc>)</color>//\\
\\
=== CVE-2016-5419 ===
**Description:** <nowiki>curl and libcurl before 7.50.1 do not prevent TLS session resumption when the client certificate has changed, which allows remote attackers to bypass intended restrictions by resuming a session.</nowiki>

**Link:** [[https://cve.mitre.org/cgi-bin/cvename.cgi?name=CVE-2016-5419]]\\
**Commits:**\\
''[[https://git.lede-project.org/?p=source.git;a=commitdiff;h=df9efc94970ccc1e43915839ec3f49d54729cc3d|df9efc9]]'' **<nowiki>curl:</nowiki>** <nowiki>update to version 7.50.3</nowiki> //<color #ccc>(</color><color #282>+3</color><color #ccc>,</color><color #f00>-3</color><color #ccc>)</color>//\\
\\
=== CVE-2016-5420 ===
**Description:** <nowiki>curl and libcurl before 7.50.1 do not check the client certificate when choosing the TLS connection to reuse, which might allow remote attackers to hijack the authentication of the connection by leveraging a previously created connection with a different client certificate.</nowiki>

**Link:** [[https://cve.mitre.org/cgi-bin/cvename.cgi?name=CVE-2016-5420]]\\
**Commits:**\\
''[[https://git.lede-project.org/?p=source.git;a=commitdiff;h=df9efc94970ccc1e43915839ec3f49d54729cc3d|df9efc9]]'' **<nowiki>curl:</nowiki>** <nowiki>update to version 7.50.3</nowiki> //<color #ccc>(</color><color #282>+3</color><color #ccc>,</color><color #f00>-3</color><color #ccc>)</color>//\\
\\
=== CVE-2016-5421 ===
**Description:** <nowiki>Use-after-free vulnerability in libcurl before 7.50.1 allows attackers to control which connection is used or possibly have unspecified other impact via unknown vectors.</nowiki>

**Link:** [[https://cve.mitre.org/cgi-bin/cvename.cgi?name=CVE-2016-5421]]\\
**Commits:**\\
''[[https://git.lede-project.org/?p=source.git;a=commitdiff;h=df9efc94970ccc1e43915839ec3f49d54729cc3d|df9efc9]]'' **<nowiki>curl:</nowiki>** <nowiki>update to version 7.50.3</nowiki> //<color #ccc>(</color><color #282>+3</color><color #ccc>,</color><color #f00>-3</color><color #ccc>)</color>//\\
\\
=== CVE-2016-5696 ===
**Description:** <nowiki>net/ipv4/tcp_input.c in the Linux kernel before 4.7 does not properly determine the rate of challenge ACK segments, which makes it easier for remote attackers to hijack TCP sessions via a blind in-window attack.</nowiki>

**Link:** [[https://cve.mitre.org/cgi-bin/cvename.cgi?name=CVE-2016-5696]]\\
**Commits:**\\
''[[https://git.lede-project.org/?p=source.git;a=commitdiff;h=3c2c31bb66e5b247ffbb3cafac2a21d441daef39|3c2c31b]]'' **<nowiki>kernel:</nowiki>** <nowiki>backport upstream challenge ACK fix (CVE-2016-5696)</nowiki> //<color #ccc>(</color><color #282>+218</color><color #ccc>)</color>//\\
\\
=== CVE-2016-6304 ===
**Description:** <nowiki>Multiple memory leaks in t1_lib.c in OpenSSL before 1.0.1u, 1.0.2 before 1.0.2i, and 1.1.0 before 1.1.0a allow remote attackers to cause a denial of service (memory consumption) via large OCSP Status Request extensions.</nowiki>

**Link:** [[https://cve.mitre.org/cgi-bin/cvename.cgi?name=CVE-2016-6304]]\\
**Commits:**\\
''[[https://git.lede-project.org/?p=source.git;a=commitdiff;h=6926325829a2f58059ca8e614c892062fbbae393|6926325]]'' **<nowiki>openssl:</nowiki>** <nowiki>update to 1.0.2i</nowiki> //<color #ccc>(</color><color #282>+19</color><color #ccc>,</color><color #f00>-43</color><color #ccc>)</color>//\\
\\
=== CVE-2016-6305 ===
**Description:** <nowiki>The ssl3_read_bytes function in record/rec_layer_s3.c in OpenSSL 1.1.0 before 1.1.0a allows remote attackers to cause a denial of service (infinite loop) by triggering a zero-length record in an SSL_peek call.</nowiki>

**Link:** [[https://cve.mitre.org/cgi-bin/cvename.cgi?name=CVE-2016-6305]]\\
**Commits:**\\
''[[https://git.lede-project.org/?p=source.git;a=commitdiff;h=6926325829a2f58059ca8e614c892062fbbae393|6926325]]'' **<nowiki>openssl:</nowiki>** <nowiki>update to 1.0.2i</nowiki> //<color #ccc>(</color><color #282>+19</color><color #ccc>,</color><color #f00>-43</color><color #ccc>)</color>//\\
\\
=== CVE-2016-7055 ===
**Description:** <nowiki>** RESERVED ** This candidate has been reserved by an organization or individual that will use it when announcing a new security problem.  When the candidate has been publicized, the details for this candidate will be provided.</nowiki>

**Link:** [[https://cve.mitre.org/cgi-bin/cvename.cgi?name=CVE-2016-7055]]\\
**Commits:**\\
''[[https://git.lede-project.org/?p=source.git;a=commitdiff;h=f5ab082243f9822544204fc713c6bd4dab14a3a8|f5ab082]]'' **<nowiki>openssl:</nowiki>** <nowiki>update to version 1.0.2k</nowiki> //<color #ccc>(</color><color #282>+13</color><color #ccc>,</color><color #f00>-13</color><color #ccc>)</color>//\\
\\
=== CVE-2016-7141 ===
**Description:** <nowiki>curl and libcurl before 7.50.2, when built with NSS and the libnsspem.so library is available at runtime, allow remote attackers to hijack the authentication of a TLS connection by leveraging reuse of a previously loaded client certificate from file for a connection for which no certificate has been set, a different vulnerability than CVE-2016-5420.</nowiki>

**Link:** [[https://cve.mitre.org/cgi-bin/cvename.cgi?name=CVE-2016-7141]]\\
**Commits:**\\
''[[https://git.lede-project.org/?p=source.git;a=commitdiff;h=df9efc94970ccc1e43915839ec3f49d54729cc3d|df9efc9]]'' **<nowiki>curl:</nowiki>** <nowiki>update to version 7.50.3</nowiki> //<color #ccc>(</color><color #282>+3</color><color #ccc>,</color><color #f00>-3</color><color #ccc>)</color>//\\
\\
=== CVE-2016-7167 ===
**Description:** <nowiki>Multiple integer overflows in the (1) curl_escape, (2) curl_easy_escape, (3) curl_unescape, and (4) curl_easy_unescape functions in libcurl before 7.50.3 allow attackers to have unspecified impact via a string of length 0xffffffff, which triggers a heap-based buffer overflow.</nowiki>

**Link:** [[https://cve.mitre.org/cgi-bin/cvename.cgi?name=CVE-2016-7167]]\\
**Commits:**\\
''[[https://git.lede-project.org/?p=source.git;a=commitdiff;h=df9efc94970ccc1e43915839ec3f49d54729cc3d|df9efc9]]'' **<nowiki>curl:</nowiki>** <nowiki>update to version 7.50.3</nowiki> //<color #ccc>(</color><color #282>+3</color><color #ccc>,</color><color #f00>-3</color><color #ccc>)</color>//\\
\\
=== CVE-2016-7438 ===
**Description:** <nowiki>The C software implementation of ECC in wolfSSL (formerly CyaSSL) before 3.9.10 makes it easier for local users to discover RSA keys by leveraging cache-bank hit differences.</nowiki>

**Link:** [[https://cve.mitre.org/cgi-bin/cvename.cgi?name=CVE-2016-7438]]\\
**Commits:**\\
''[[https://git.lede-project.org/?p=source.git;a=commitdiff;h=abedd718aa99193d17f37b281ca3f2452c1bcc23|abedd71]]'' **<nowiki>cyassl:</nowiki>** <nowiki>update to wolfssl version 3.9.10</nowiki> //<color #ccc>(</color><color #282>+2</color><color #ccc>,</color><color #f00>-2</color><color #ccc>)</color>//\\
\\
=== CVE-2016-7439 ===
**Description:** <nowiki>The C software implementation of RSA in wolfSSL (formerly CyaSSL) before 3.9.10 makes it easier for local users to discover RSA keys by leveraging cache-bank hit differences.</nowiki>

**Link:** [[https://cve.mitre.org/cgi-bin/cvename.cgi?name=CVE-2016-7439]]\\
**Commits:**\\
''[[https://git.lede-project.org/?p=source.git;a=commitdiff;h=abedd718aa99193d17f37b281ca3f2452c1bcc23|abedd71]]'' **<nowiki>cyassl:</nowiki>** <nowiki>update to wolfssl version 3.9.10</nowiki> //<color #ccc>(</color><color #282>+2</color><color #ccc>,</color><color #f00>-2</color><color #ccc>)</color>//\\
\\
=== CVE-2016-7440 ===
**Description:** <nowiki>The C software implementation of AES Encryption and Decryption in wolfSSL (formerly CyaSSL) before 3.9.10 makes it easier for local users to discover AES keys by leveraging cache-bank timing differences.</nowiki>

**Link:** [[https://cve.mitre.org/cgi-bin/cvename.cgi?name=CVE-2016-7440]]\\
**Commits:**\\
''[[https://git.lede-project.org/?p=source.git;a=commitdiff;h=abedd718aa99193d17f37b281ca3f2452c1bcc23|abedd71]]'' **<nowiki>cyassl:</nowiki>** <nowiki>update to wolfssl version 3.9.10</nowiki> //<color #ccc>(</color><color #282>+2</color><color #ccc>,</color><color #f00>-2</color><color #ccc>)</color>//\\
\\
=== CVE-2016-7922 ===
**Description:** <nowiki>The AH parser in tcpdump before 4.9.0 has a buffer overflow in print-ah.c:ah_print().</nowiki>

**Link:** [[https://cve.mitre.org/cgi-bin/cvename.cgi?name=CVE-2016-7922]]\\
**Commits:**\\
''[[https://git.lede-project.org/?p=source.git;a=commitdiff;h=2ad4383b74d8d842b42a8312aafabfb9bad3d63c|2ad4383]]'' **<nowiki>tcpdump:</nowiki>** <nowiki>update to version 4.9.0</nowiki> //<color #ccc>(</color><color #282>+81</color><color #ccc>,</color><color #f00>-81</color><color #ccc>)</color>//\\
\\
=== CVE-2016-7923 ===
**Description:** <nowiki>The ARP parser in tcpdump before 4.9.0 has a buffer overflow in print-arp.c:arp_print().</nowiki>

**Link:** [[https://cve.mitre.org/cgi-bin/cvename.cgi?name=CVE-2016-7923]]\\
**Commits:**\\
''[[https://git.lede-project.org/?p=source.git;a=commitdiff;h=2ad4383b74d8d842b42a8312aafabfb9bad3d63c|2ad4383]]'' **<nowiki>tcpdump:</nowiki>** <nowiki>update to version 4.9.0</nowiki> //<color #ccc>(</color><color #282>+81</color><color #ccc>,</color><color #f00>-81</color><color #ccc>)</color>//\\
\\
=== CVE-2016-7924 ===
**Description:** <nowiki>The ATM parser in tcpdump before 4.9.0 has a buffer overflow in print-atm.c:oam_print().</nowiki>

**Link:** [[https://cve.mitre.org/cgi-bin/cvename.cgi?name=CVE-2016-7924]]\\
**Commits:**\\
''[[https://git.lede-project.org/?p=source.git;a=commitdiff;h=2ad4383b74d8d842b42a8312aafabfb9bad3d63c|2ad4383]]'' **<nowiki>tcpdump:</nowiki>** <nowiki>update to version 4.9.0</nowiki> //<color #ccc>(</color><color #282>+81</color><color #ccc>,</color><color #f00>-81</color><color #ccc>)</color>//\\
\\
=== CVE-2016-7925 ===
**Description:** <nowiki>The compressed SLIP parser in tcpdump before 4.9.0 has a buffer overflow in print-sl.c:sl_if_print().</nowiki>

**Link:** [[https://cve.mitre.org/cgi-bin/cvename.cgi?name=CVE-2016-7925]]\\
**Commits:**\\
''[[https://git.lede-project.org/?p=source.git;a=commitdiff;h=2ad4383b74d8d842b42a8312aafabfb9bad3d63c|2ad4383]]'' **<nowiki>tcpdump:</nowiki>** <nowiki>update to version 4.9.0</nowiki> //<color #ccc>(</color><color #282>+81</color><color #ccc>,</color><color #f00>-81</color><color #ccc>)</color>//\\
\\
=== CVE-2016-7926 ===
**Description:** <nowiki>The Ethernet parser in tcpdump before 4.9.0 has a buffer overflow in print-ether.c:ethertype_print().</nowiki>

**Link:** [[https://cve.mitre.org/cgi-bin/cvename.cgi?name=CVE-2016-7926]]\\
**Commits:**\\
''[[https://git.lede-project.org/?p=source.git;a=commitdiff;h=2ad4383b74d8d842b42a8312aafabfb9bad3d63c|2ad4383]]'' **<nowiki>tcpdump:</nowiki>** <nowiki>update to version 4.9.0</nowiki> //<color #ccc>(</color><color #282>+81</color><color #ccc>,</color><color #f00>-81</color><color #ccc>)</color>//\\
\\
=== CVE-2016-7927 ===
**Description:** <nowiki>The IEEE 802.11 parser in tcpdump before 4.9.0 has a buffer overflow in print-802_11.c:ieee802_11_radio_print().</nowiki>

**Link:** [[https://cve.mitre.org/cgi-bin/cvename.cgi?name=CVE-2016-7927]]\\
**Commits:**\\
''[[https://git.lede-project.org/?p=source.git;a=commitdiff;h=2ad4383b74d8d842b42a8312aafabfb9bad3d63c|2ad4383]]'' **<nowiki>tcpdump:</nowiki>** <nowiki>update to version 4.9.0</nowiki> //<color #ccc>(</color><color #282>+81</color><color #ccc>,</color><color #f00>-81</color><color #ccc>)</color>//\\
\\
=== CVE-2016-7928 ===
**Description:** <nowiki>The IPComp parser in tcpdump before 4.9.0 has a buffer overflow in print-ipcomp.c:ipcomp_print().</nowiki>

**Link:** [[https://cve.mitre.org/cgi-bin/cvename.cgi?name=CVE-2016-7928]]\\
**Commits:**\\
''[[https://git.lede-project.org/?p=source.git;a=commitdiff;h=2ad4383b74d8d842b42a8312aafabfb9bad3d63c|2ad4383]]'' **<nowiki>tcpdump:</nowiki>** <nowiki>update to version 4.9.0</nowiki> //<color #ccc>(</color><color #282>+81</color><color #ccc>,</color><color #f00>-81</color><color #ccc>)</color>//\\
\\
=== CVE-2016-7929 ===
**Description:** <nowiki>The Juniper PPPoE ATM parser in tcpdump before 4.9.0 has a buffer overflow in print-juniper.c:juniper_parse_header().</nowiki>

**Link:** [[https://cve.mitre.org/cgi-bin/cvename.cgi?name=CVE-2016-7929]]\\
**Commits:**\\
''[[https://git.lede-project.org/?p=source.git;a=commitdiff;h=2ad4383b74d8d842b42a8312aafabfb9bad3d63c|2ad4383]]'' **<nowiki>tcpdump:</nowiki>** <nowiki>update to version 4.9.0</nowiki> //<color #ccc>(</color><color #282>+81</color><color #ccc>,</color><color #f00>-81</color><color #ccc>)</color>//\\
\\
=== CVE-2016-7930 ===
**Description:** <nowiki>The LLC/SNAP parser in tcpdump before 4.9.0 has a buffer overflow in print-llc.c:llc_print().</nowiki>

**Link:** [[https://cve.mitre.org/cgi-bin/cvename.cgi?name=CVE-2016-7930]]\\
**Commits:**\\
''[[https://git.lede-project.org/?p=source.git;a=commitdiff;h=2ad4383b74d8d842b42a8312aafabfb9bad3d63c|2ad4383]]'' **<nowiki>tcpdump:</nowiki>** <nowiki>update to version 4.9.0</nowiki> //<color #ccc>(</color><color #282>+81</color><color #ccc>,</color><color #f00>-81</color><color #ccc>)</color>//\\
\\
=== CVE-2016-7931 ===
**Description:** <nowiki>The MPLS parser in tcpdump before 4.9.0 has a buffer overflow in print-mpls.c:mpls_print().</nowiki>

**Link:** [[https://cve.mitre.org/cgi-bin/cvename.cgi?name=CVE-2016-7931]]\\
**Commits:**\\
''[[https://git.lede-project.org/?p=source.git;a=commitdiff;h=2ad4383b74d8d842b42a8312aafabfb9bad3d63c|2ad4383]]'' **<nowiki>tcpdump:</nowiki>** <nowiki>update to version 4.9.0</nowiki> //<color #ccc>(</color><color #282>+81</color><color #ccc>,</color><color #f00>-81</color><color #ccc>)</color>//\\
\\
=== CVE-2016-7932 ===
**Description:** <nowiki>The PIM parser in tcpdump before 4.9.0 has a buffer overflow in print-pim.c:pimv2_check_checksum().</nowiki>

**Link:** [[https://cve.mitre.org/cgi-bin/cvename.cgi?name=CVE-2016-7932]]\\
**Commits:**\\
''[[https://git.lede-project.org/?p=source.git;a=commitdiff;h=2ad4383b74d8d842b42a8312aafabfb9bad3d63c|2ad4383]]'' **<nowiki>tcpdump:</nowiki>** <nowiki>update to version 4.9.0</nowiki> //<color #ccc>(</color><color #282>+81</color><color #ccc>,</color><color #f00>-81</color><color #ccc>)</color>//\\
\\
=== CVE-2016-7933 ===
**Description:** <nowiki>The PPP parser in tcpdump before 4.9.0 has a buffer overflow in print-ppp.c:ppp_hdlc_if_print().</nowiki>

**Link:** [[https://cve.mitre.org/cgi-bin/cvename.cgi?name=CVE-2016-7933]]\\
**Commits:**\\
''[[https://git.lede-project.org/?p=source.git;a=commitdiff;h=2ad4383b74d8d842b42a8312aafabfb9bad3d63c|2ad4383]]'' **<nowiki>tcpdump:</nowiki>** <nowiki>update to version 4.9.0</nowiki> //<color #ccc>(</color><color #282>+81</color><color #ccc>,</color><color #f00>-81</color><color #ccc>)</color>//\\
\\
=== CVE-2016-7934 ===
**Description:** <nowiki>The RTCP parser in tcpdump before 4.9.0 has a buffer overflow in print-udp.c:rtcp_print().</nowiki>

**Link:** [[https://cve.mitre.org/cgi-bin/cvename.cgi?name=CVE-2016-7934]]\\
**Commits:**\\
''[[https://git.lede-project.org/?p=source.git;a=commitdiff;h=2ad4383b74d8d842b42a8312aafabfb9bad3d63c|2ad4383]]'' **<nowiki>tcpdump:</nowiki>** <nowiki>update to version 4.9.0</nowiki> //<color #ccc>(</color><color #282>+81</color><color #ccc>,</color><color #f00>-81</color><color #ccc>)</color>//\\
\\
=== CVE-2016-7935 ===
**Description:** <nowiki>The RTP parser in tcpdump before 4.9.0 has a buffer overflow in print-udp.c:rtp_print().</nowiki>

**Link:** [[https://cve.mitre.org/cgi-bin/cvename.cgi?name=CVE-2016-7935]]\\
**Commits:**\\
''[[https://git.lede-project.org/?p=source.git;a=commitdiff;h=2ad4383b74d8d842b42a8312aafabfb9bad3d63c|2ad4383]]'' **<nowiki>tcpdump:</nowiki>** <nowiki>update to version 4.9.0</nowiki> //<color #ccc>(</color><color #282>+81</color><color #ccc>,</color><color #f00>-81</color><color #ccc>)</color>//\\
\\
=== CVE-2016-7936 ===
**Description:** <nowiki>The UDP parser in tcpdump before 4.9.0 has a buffer overflow in print-udp.c:udp_print().</nowiki>

**Link:** [[https://cve.mitre.org/cgi-bin/cvename.cgi?name=CVE-2016-7936]]\\
**Commits:**\\
''[[https://git.lede-project.org/?p=source.git;a=commitdiff;h=2ad4383b74d8d842b42a8312aafabfb9bad3d63c|2ad4383]]'' **<nowiki>tcpdump:</nowiki>** <nowiki>update to version 4.9.0</nowiki> //<color #ccc>(</color><color #282>+81</color><color #ccc>,</color><color #f00>-81</color><color #ccc>)</color>//\\
\\
=== CVE-2016-7937 ===
**Description:** <nowiki>The VAT parser in tcpdump before 4.9.0 has a buffer overflow in print-udp.c:vat_print().</nowiki>

**Link:** [[https://cve.mitre.org/cgi-bin/cvename.cgi?name=CVE-2016-7937]]\\
**Commits:**\\
''[[https://git.lede-project.org/?p=source.git;a=commitdiff;h=2ad4383b74d8d842b42a8312aafabfb9bad3d63c|2ad4383]]'' **<nowiki>tcpdump:</nowiki>** <nowiki>update to version 4.9.0</nowiki> //<color #ccc>(</color><color #282>+81</color><color #ccc>,</color><color #f00>-81</color><color #ccc>)</color>//\\
\\
=== CVE-2016-7938 ===
**Description:** <nowiki>The ZeroMQ parser in tcpdump before 4.9.0 has an integer overflow in print-zeromq.c:zmtp1_print_frame().</nowiki>

**Link:** [[https://cve.mitre.org/cgi-bin/cvename.cgi?name=CVE-2016-7938]]\\
**Commits:**\\
''[[https://git.lede-project.org/?p=source.git;a=commitdiff;h=2ad4383b74d8d842b42a8312aafabfb9bad3d63c|2ad4383]]'' **<nowiki>tcpdump:</nowiki>** <nowiki>update to version 4.9.0</nowiki> //<color #ccc>(</color><color #282>+81</color><color #ccc>,</color><color #f00>-81</color><color #ccc>)</color>//\\
\\
=== CVE-2016-7939 ===
**Description:** <nowiki>The GRE parser in tcpdump before 4.9.0 has a buffer overflow in print-gre.c, multiple functions.</nowiki>

**Link:** [[https://cve.mitre.org/cgi-bin/cvename.cgi?name=CVE-2016-7939]]\\
**Commits:**\\
''[[https://git.lede-project.org/?p=source.git;a=commitdiff;h=2ad4383b74d8d842b42a8312aafabfb9bad3d63c|2ad4383]]'' **<nowiki>tcpdump:</nowiki>** <nowiki>update to version 4.9.0</nowiki> //<color #ccc>(</color><color #282>+81</color><color #ccc>,</color><color #f00>-81</color><color #ccc>)</color>//\\
\\
=== CVE-2016-7940 ===
**Description:** <nowiki>The STP parser in tcpdump before 4.9.0 has a buffer overflow in print-stp.c, multiple functions.</nowiki>

**Link:** [[https://cve.mitre.org/cgi-bin/cvename.cgi?name=CVE-2016-7940]]\\
**Commits:**\\
''[[https://git.lede-project.org/?p=source.git;a=commitdiff;h=2ad4383b74d8d842b42a8312aafabfb9bad3d63c|2ad4383]]'' **<nowiki>tcpdump:</nowiki>** <nowiki>update to version 4.9.0</nowiki> //<color #ccc>(</color><color #282>+81</color><color #ccc>,</color><color #f00>-81</color><color #ccc>)</color>//\\
\\
=== CVE-2016-7973 ===
**Description:** <nowiki>The AppleTalk parser in tcpdump before 4.9.0 has a buffer overflow in print-atalk.c, multiple functions.</nowiki>

**Link:** [[https://cve.mitre.org/cgi-bin/cvename.cgi?name=CVE-2016-7973]]\\
**Commits:**\\
''[[https://git.lede-project.org/?p=source.git;a=commitdiff;h=2ad4383b74d8d842b42a8312aafabfb9bad3d63c|2ad4383]]'' **<nowiki>tcpdump:</nowiki>** <nowiki>update to version 4.9.0</nowiki> //<color #ccc>(</color><color #282>+81</color><color #ccc>,</color><color #f00>-81</color><color #ccc>)</color>//\\
\\
=== CVE-2016-7974 ===
**Description:** <nowiki>The IP parser in tcpdump before 4.9.0 has a buffer overflow in print-ip.c, multiple functions.</nowiki>

**Link:** [[https://cve.mitre.org/cgi-bin/cvename.cgi?name=CVE-2016-7974]]\\
**Commits:**\\
''[[https://git.lede-project.org/?p=source.git;a=commitdiff;h=2ad4383b74d8d842b42a8312aafabfb9bad3d63c|2ad4383]]'' **<nowiki>tcpdump:</nowiki>** <nowiki>update to version 4.9.0</nowiki> //<color #ccc>(</color><color #282>+81</color><color #ccc>,</color><color #f00>-81</color><color #ccc>)</color>//\\
\\
=== CVE-2016-7975 ===
**Description:** <nowiki>The TCP parser in tcpdump before 4.9.0 has a buffer overflow in print-tcp.c:tcp_print().</nowiki>

**Link:** [[https://cve.mitre.org/cgi-bin/cvename.cgi?name=CVE-2016-7975]]\\
**Commits:**\\
''[[https://git.lede-project.org/?p=source.git;a=commitdiff;h=2ad4383b74d8d842b42a8312aafabfb9bad3d63c|2ad4383]]'' **<nowiki>tcpdump:</nowiki>** <nowiki>update to version 4.9.0</nowiki> //<color #ccc>(</color><color #282>+81</color><color #ccc>,</color><color #f00>-81</color><color #ccc>)</color>//\\
\\
=== CVE-2016-7983 ===
**Description:** <nowiki>The BOOTP parser in tcpdump before 4.9.0 has a buffer overflow in print-bootp.c:bootp_print().</nowiki>

**Link:** [[https://cve.mitre.org/cgi-bin/cvename.cgi?name=CVE-2016-7983]]\\
**Commits:**\\
''[[https://git.lede-project.org/?p=source.git;a=commitdiff;h=2ad4383b74d8d842b42a8312aafabfb9bad3d63c|2ad4383]]'' **<nowiki>tcpdump:</nowiki>** <nowiki>update to version 4.9.0</nowiki> //<color #ccc>(</color><color #282>+81</color><color #ccc>,</color><color #f00>-81</color><color #ccc>)</color>//\\
\\
=== CVE-2016-7984 ===
**Description:** <nowiki>The TFTP parser in tcpdump before 4.9.0 has a buffer overflow in print-tftp.c:tftp_print().</nowiki>

**Link:** [[https://cve.mitre.org/cgi-bin/cvename.cgi?name=CVE-2016-7984]]\\
**Commits:**\\
''[[https://git.lede-project.org/?p=source.git;a=commitdiff;h=2ad4383b74d8d842b42a8312aafabfb9bad3d63c|2ad4383]]'' **<nowiki>tcpdump:</nowiki>** <nowiki>update to version 4.9.0</nowiki> //<color #ccc>(</color><color #282>+81</color><color #ccc>,</color><color #f00>-81</color><color #ccc>)</color>//\\
\\
=== CVE-2016-7985 ===
**Description:** <nowiki>The CALM FAST parser in tcpdump before 4.9.0 has a buffer overflow in print-calm-fast.c:calm_fast_print().</nowiki>

**Link:** [[https://cve.mitre.org/cgi-bin/cvename.cgi?name=CVE-2016-7985]]\\
**Commits:**\\
''[[https://git.lede-project.org/?p=source.git;a=commitdiff;h=2ad4383b74d8d842b42a8312aafabfb9bad3d63c|2ad4383]]'' **<nowiki>tcpdump:</nowiki>** <nowiki>update to version 4.9.0</nowiki> //<color #ccc>(</color><color #282>+81</color><color #ccc>,</color><color #f00>-81</color><color #ccc>)</color>//\\
\\
=== CVE-2016-7986 ===
**Description:** <nowiki>The GeoNetworking parser in tcpdump before 4.9.0 has a buffer overflow in print-geonet.c, multiple functions.</nowiki>

**Link:** [[https://cve.mitre.org/cgi-bin/cvename.cgi?name=CVE-2016-7986]]\\
**Commits:**\\
''[[https://git.lede-project.org/?p=source.git;a=commitdiff;h=2ad4383b74d8d842b42a8312aafabfb9bad3d63c|2ad4383]]'' **<nowiki>tcpdump:</nowiki>** <nowiki>update to version 4.9.0</nowiki> //<color #ccc>(</color><color #282>+81</color><color #ccc>,</color><color #f00>-81</color><color #ccc>)</color>//\\
\\
=== CVE-2016-7992 ===
**Description:** <nowiki>The Classical IP over ATM parser in tcpdump before 4.9.0 has a buffer overflow in print-cip.c:cip_if_print().</nowiki>

**Link:** [[https://cve.mitre.org/cgi-bin/cvename.cgi?name=CVE-2016-7992]]\\
**Commits:**\\
''[[https://git.lede-project.org/?p=source.git;a=commitdiff;h=2ad4383b74d8d842b42a8312aafabfb9bad3d63c|2ad4383]]'' **<nowiki>tcpdump:</nowiki>** <nowiki>update to version 4.9.0</nowiki> //<color #ccc>(</color><color #282>+81</color><color #ccc>,</color><color #f00>-81</color><color #ccc>)</color>//\\
\\
=== CVE-2016-7993 ===
**Description:** <nowiki>A bug in util-print.c:relts_print() in tcpdump before 4.9.0 could cause a buffer overflow in multiple protocol parsers (DNS, DVMRP, HSRP, IGMP, lightweight resolver protocol, PIM).</nowiki>

**Link:** [[https://cve.mitre.org/cgi-bin/cvename.cgi?name=CVE-2016-7993]]\\
**Commits:**\\
''[[https://git.lede-project.org/?p=source.git;a=commitdiff;h=2ad4383b74d8d842b42a8312aafabfb9bad3d63c|2ad4383]]'' **<nowiki>tcpdump:</nowiki>** <nowiki>update to version 4.9.0</nowiki> //<color #ccc>(</color><color #282>+81</color><color #ccc>,</color><color #f00>-81</color><color #ccc>)</color>//\\
\\
=== CVE-2016-8574 ===
**Description:** <nowiki>The FRF.15 parser in tcpdump before 4.9.0 has a buffer overflow in print-fr.c:frf15_print().</nowiki>

**Link:** [[https://cve.mitre.org/cgi-bin/cvename.cgi?name=CVE-2016-8574]]\\
**Commits:**\\
''[[https://git.lede-project.org/?p=source.git;a=commitdiff;h=2ad4383b74d8d842b42a8312aafabfb9bad3d63c|2ad4383]]'' **<nowiki>tcpdump:</nowiki>** <nowiki>update to version 4.9.0</nowiki> //<color #ccc>(</color><color #282>+81</color><color #ccc>,</color><color #f00>-81</color><color #ccc>)</color>//\\
\\
=== CVE-2016-8575 ===
**Description:** <nowiki>The Q.933 parser in tcpdump before 4.9.0 has a buffer overflow in print-fr.c:q933_print(), a different vulnerability than CVE-2017-5482.</nowiki>

**Link:** [[https://cve.mitre.org/cgi-bin/cvename.cgi?name=CVE-2016-8575]]\\
**Commits:**\\
''[[https://git.lede-project.org/?p=source.git;a=commitdiff;h=2ad4383b74d8d842b42a8312aafabfb9bad3d63c|2ad4383]]'' **<nowiki>tcpdump:</nowiki>** <nowiki>update to version 4.9.0</nowiki> //<color #ccc>(</color><color #282>+81</color><color #ccc>,</color><color #f00>-81</color><color #ccc>)</color>//\\
\\
=== CVE-2016-8615 ===
**Description:** <nowiki>** RESERVED ** This candidate has been reserved by an organization or individual that will use it when announcing a new security problem.  When the candidate has been publicized, the details for this candidate will be provided.</nowiki>

**Link:** [[https://cve.mitre.org/cgi-bin/cvename.cgi?name=CVE-2016-8615]]\\
**Commits:**\\
''[[https://git.lede-project.org/?p=source.git;a=commitdiff;h=4e07167eff3992150c6c2f414a0f3a88d5c42013|4e07167]]'' **<nowiki>curl:</nowiki>** <nowiki>update to version 7.51.0</nowiki> //<color #ccc>(</color><color #282>+6</color><color #ccc>,</color><color #f00>-6</color><color #ccc>)</color>//\\
\\
=== CVE-2016-8616 ===
**Description:** <nowiki>** RESERVED ** This candidate has been reserved by an organization or individual that will use it when announcing a new security problem.  When the candidate has been publicized, the details for this candidate will be provided.</nowiki>

**Link:** [[https://cve.mitre.org/cgi-bin/cvename.cgi?name=CVE-2016-8616]]\\
**Commits:**\\
''[[https://git.lede-project.org/?p=source.git;a=commitdiff;h=4e07167eff3992150c6c2f414a0f3a88d5c42013|4e07167]]'' **<nowiki>curl:</nowiki>** <nowiki>update to version 7.51.0</nowiki> //<color #ccc>(</color><color #282>+6</color><color #ccc>,</color><color #f00>-6</color><color #ccc>)</color>//\\
\\
=== CVE-2016-8617 ===
**Description:** <nowiki>** RESERVED ** This candidate has been reserved by an organization or individual that will use it when announcing a new security problem.  When the candidate has been publicized, the details for this candidate will be provided.</nowiki>

**Link:** [[https://cve.mitre.org/cgi-bin/cvename.cgi?name=CVE-2016-8617]]\\
**Commits:**\\
''[[https://git.lede-project.org/?p=source.git;a=commitdiff;h=4e07167eff3992150c6c2f414a0f3a88d5c42013|4e07167]]'' **<nowiki>curl:</nowiki>** <nowiki>update to version 7.51.0</nowiki> //<color #ccc>(</color><color #282>+6</color><color #ccc>,</color><color #f00>-6</color><color #ccc>)</color>//\\
\\
=== CVE-2016-8618 ===
**Description:** <nowiki>** RESERVED ** This candidate has been reserved by an organization or individual that will use it when announcing a new security problem.  When the candidate has been publicized, the details for this candidate will be provided.</nowiki>

**Link:** [[https://cve.mitre.org/cgi-bin/cvename.cgi?name=CVE-2016-8618]]\\
**Commits:**\\
''[[https://git.lede-project.org/?p=source.git;a=commitdiff;h=4e07167eff3992150c6c2f414a0f3a88d5c42013|4e07167]]'' **<nowiki>curl:</nowiki>** <nowiki>update to version 7.51.0</nowiki> //<color #ccc>(</color><color #282>+6</color><color #ccc>,</color><color #f00>-6</color><color #ccc>)</color>//\\
\\
=== CVE-2016-8619 ===
**Description:** <nowiki>** RESERVED ** This candidate has been reserved by an organization or individual that will use it when announcing a new security problem.  When the candidate has been publicized, the details for this candidate will be provided.</nowiki>

**Link:** [[https://cve.mitre.org/cgi-bin/cvename.cgi?name=CVE-2016-8619]]\\
**Commits:**\\
''[[https://git.lede-project.org/?p=source.git;a=commitdiff;h=4e07167eff3992150c6c2f414a0f3a88d5c42013|4e07167]]'' **<nowiki>curl:</nowiki>** <nowiki>update to version 7.51.0</nowiki> //<color #ccc>(</color><color #282>+6</color><color #ccc>,</color><color #f00>-6</color><color #ccc>)</color>//\\
\\
=== CVE-2016-8620 ===
**Description:** <nowiki>** RESERVED ** This candidate has been reserved by an organization or individual that will use it when announcing a new security problem.  When the candidate has been publicized, the details for this candidate will be provided.</nowiki>

**Link:** [[https://cve.mitre.org/cgi-bin/cvename.cgi?name=CVE-2016-8620]]\\
**Commits:**\\
''[[https://git.lede-project.org/?p=source.git;a=commitdiff;h=4e07167eff3992150c6c2f414a0f3a88d5c42013|4e07167]]'' **<nowiki>curl:</nowiki>** <nowiki>update to version 7.51.0</nowiki> //<color #ccc>(</color><color #282>+6</color><color #ccc>,</color><color #f00>-6</color><color #ccc>)</color>//\\
\\
=== CVE-2016-8621 ===
**Description:** <nowiki>** RESERVED ** This candidate has been reserved by an organization or individual that will use it when announcing a new security problem.  When the candidate has been publicized, the details for this candidate will be provided.</nowiki>

**Link:** [[https://cve.mitre.org/cgi-bin/cvename.cgi?name=CVE-2016-8621]]\\
**Commits:**\\
''[[https://git.lede-project.org/?p=source.git;a=commitdiff;h=4e07167eff3992150c6c2f414a0f3a88d5c42013|4e07167]]'' **<nowiki>curl:</nowiki>** <nowiki>update to version 7.51.0</nowiki> //<color #ccc>(</color><color #282>+6</color><color #ccc>,</color><color #f00>-6</color><color #ccc>)</color>//\\
\\
=== CVE-2016-8622 ===
**Description:** <nowiki>** RESERVED ** This candidate has been reserved by an organization or individual that will use it when announcing a new security problem.  When the candidate has been publicized, the details for this candidate will be provided.</nowiki>

**Link:** [[https://cve.mitre.org/cgi-bin/cvename.cgi?name=CVE-2016-8622]]\\
**Commits:**\\
''[[https://git.lede-project.org/?p=source.git;a=commitdiff;h=4e07167eff3992150c6c2f414a0f3a88d5c42013|4e07167]]'' **<nowiki>curl:</nowiki>** <nowiki>update to version 7.51.0</nowiki> //<color #ccc>(</color><color #282>+6</color><color #ccc>,</color><color #f00>-6</color><color #ccc>)</color>//\\
\\
=== CVE-2016-8623 ===
**Description:** <nowiki>** RESERVED ** This candidate has been reserved by an organization or individual that will use it when announcing a new security problem.  When the candidate has been publicized, the details for this candidate will be provided.</nowiki>

**Link:** [[https://cve.mitre.org/cgi-bin/cvename.cgi?name=CVE-2016-8623]]\\
**Commits:**\\
''[[https://git.lede-project.org/?p=source.git;a=commitdiff;h=4e07167eff3992150c6c2f414a0f3a88d5c42013|4e07167]]'' **<nowiki>curl:</nowiki>** <nowiki>update to version 7.51.0</nowiki> //<color #ccc>(</color><color #282>+6</color><color #ccc>,</color><color #f00>-6</color><color #ccc>)</color>//\\
\\
=== CVE-2016-8624 ===
**Description:** <nowiki>** RESERVED ** This candidate has been reserved by an organization or individual that will use it when announcing a new security problem.  When the candidate has been publicized, the details for this candidate will be provided.</nowiki>

**Link:** [[https://cve.mitre.org/cgi-bin/cvename.cgi?name=CVE-2016-8624]]\\
**Commits:**\\
''[[https://git.lede-project.org/?p=source.git;a=commitdiff;h=4e07167eff3992150c6c2f414a0f3a88d5c42013|4e07167]]'' **<nowiki>curl:</nowiki>** <nowiki>update to version 7.51.0</nowiki> //<color #ccc>(</color><color #282>+6</color><color #ccc>,</color><color #f00>-6</color><color #ccc>)</color>//\\
\\
=== CVE-2016-8625 ===
**Description:** <nowiki>** RESERVED ** This candidate has been reserved by an organization or individual that will use it when announcing a new security problem.  When the candidate has been publicized, the details for this candidate will be provided.</nowiki>

**Link:** [[https://cve.mitre.org/cgi-bin/cvename.cgi?name=CVE-2016-8625]]\\
**Commits:**\\
''[[https://git.lede-project.org/?p=source.git;a=commitdiff;h=4e07167eff3992150c6c2f414a0f3a88d5c42013|4e07167]]'' **<nowiki>curl:</nowiki>** <nowiki>update to version 7.51.0</nowiki> //<color #ccc>(</color><color #282>+6</color><color #ccc>,</color><color #f00>-6</color><color #ccc>)</color>//\\
\\
=== CVE-2016-9586 ===
**Description:** <nowiki>** RESERVED ** This candidate has been reserved by an organization or individual that will use it when announcing a new security problem.  When the candidate has been publicized, the details for this candidate will be provided.</nowiki>

**Link:** [[https://cve.mitre.org/cgi-bin/cvename.cgi?name=CVE-2016-9586]]\\
**Commits:**\\
''[[https://git.lede-project.org/?p=source.git;a=commitdiff;h=1436e1548881a8e196eeb25c7c807e2c3d65caf1|1436e15]]'' **<nowiki>curl:</nowiki>** <nowiki>update to version 7.52.1</nowiki> //<color #ccc>(</color><color #282>+4</color><color #ccc>,</color><color #f00>-4</color><color #ccc>)</color>//\\
\\
=== CVE-2016-9594 ===
**Description:** <nowiki>** RESERVED ** This candidate has been reserved by an organization or individual that will use it when announcing a new security problem.  When the candidate has been publicized, the details for this candidate will be provided.</nowiki>

**Link:** [[https://cve.mitre.org/cgi-bin/cvename.cgi?name=CVE-2016-9594]]\\
**Commits:**\\
''[[https://git.lede-project.org/?p=source.git;a=commitdiff;h=1436e1548881a8e196eeb25c7c807e2c3d65caf1|1436e15]]'' **<nowiki>curl:</nowiki>** <nowiki>update to version 7.52.1</nowiki> //<color #ccc>(</color><color #282>+4</color><color #ccc>,</color><color #f00>-4</color><color #ccc>)</color>//\\
\\
=== CVE-2016-9952 ===
**Description:** <nowiki>** RESERVED ** This candidate has been reserved by an organization or individual that will use it when announcing a new security problem.  When the candidate has been publicized, the details for this candidate will be provided.</nowiki>

**Link:** [[https://cve.mitre.org/cgi-bin/cvename.cgi?name=CVE-2016-9952]]\\
**Commits:**\\
''[[https://git.lede-project.org/?p=source.git;a=commitdiff;h=1436e1548881a8e196eeb25c7c807e2c3d65caf1|1436e15]]'' **<nowiki>curl:</nowiki>** <nowiki>update to version 7.52.1</nowiki> //<color #ccc>(</color><color #282>+4</color><color #ccc>,</color><color #f00>-4</color><color #ccc>)</color>//\\
\\
=== CVE-2016-9953 ===
**Description:** <nowiki>** RESERVED ** This candidate has been reserved by an organization or individual that will use it when announcing a new security problem.  When the candidate has been publicized, the details for this candidate will be provided.</nowiki>

**Link:** [[https://cve.mitre.org/cgi-bin/cvename.cgi?name=CVE-2016-9953]]\\
**Commits:**\\
''[[https://git.lede-project.org/?p=source.git;a=commitdiff;h=1436e1548881a8e196eeb25c7c807e2c3d65caf1|1436e15]]'' **<nowiki>curl:</nowiki>** <nowiki>update to version 7.52.1</nowiki> //<color #ccc>(</color><color #282>+4</color><color #ccc>,</color><color #f00>-4</color><color #ccc>)</color>//\\
\\
=== CVE-2017-3731 ===
**Description:** <nowiki>** RESERVED ** This candidate has been reserved by an organization or individual that will use it when announcing a new security problem.  When the candidate has been publicized, the details for this candidate will be provided.</nowiki>

**Link:** [[https://cve.mitre.org/cgi-bin/cvename.cgi?name=CVE-2017-3731]]\\
**Commits:**\\
''[[https://git.lede-project.org/?p=source.git;a=commitdiff;h=f5ab082243f9822544204fc713c6bd4dab14a3a8|f5ab082]]'' **<nowiki>openssl:</nowiki>** <nowiki>update to version 1.0.2k</nowiki> //<color #ccc>(</color><color #282>+13</color><color #ccc>,</color><color #f00>-13</color><color #ccc>)</color>//\\
\\
=== CVE-2017-3732 ===
**Description:** <nowiki>** RESERVED ** This candidate has been reserved by an organization or individual that will use it when announcing a new security problem.  When the candidate has been publicized, the details for this candidate will be provided.</nowiki>

**Link:** [[https://cve.mitre.org/cgi-bin/cvename.cgi?name=CVE-2017-3732]]\\
**Commits:**\\
''[[https://git.lede-project.org/?p=source.git;a=commitdiff;h=f5ab082243f9822544204fc713c6bd4dab14a3a8|f5ab082]]'' **<nowiki>openssl:</nowiki>** <nowiki>update to version 1.0.2k</nowiki> //<color #ccc>(</color><color #282>+13</color><color #ccc>,</color><color #f00>-13</color><color #ccc>)</color>//\\
\\
=== CVE-2017-5202 ===
**Description:** <nowiki>The ISO CLNS parser in tcpdump before 4.9.0 has a buffer overflow in print-isoclns.c:clnp_print().</nowiki>

**Link:** [[https://cve.mitre.org/cgi-bin/cvename.cgi?name=CVE-2017-5202]]\\
**Commits:**\\
''[[https://git.lede-project.org/?p=source.git;a=commitdiff;h=2ad4383b74d8d842b42a8312aafabfb9bad3d63c|2ad4383]]'' **<nowiki>tcpdump:</nowiki>** <nowiki>update to version 4.9.0</nowiki> //<color #ccc>(</color><color #282>+81</color><color #ccc>,</color><color #f00>-81</color><color #ccc>)</color>//\\
\\
=== CVE-2017-5203 ===
**Description:** <nowiki>The BOOTP parser in tcpdump before 4.9.0 has a buffer overflow in print-bootp.c:bootp_print().</nowiki>

**Link:** [[https://cve.mitre.org/cgi-bin/cvename.cgi?name=CVE-2017-5203]]\\
**Commits:**\\
''[[https://git.lede-project.org/?p=source.git;a=commitdiff;h=2ad4383b74d8d842b42a8312aafabfb9bad3d63c|2ad4383]]'' **<nowiki>tcpdump:</nowiki>** <nowiki>update to version 4.9.0</nowiki> //<color #ccc>(</color><color #282>+81</color><color #ccc>,</color><color #f00>-81</color><color #ccc>)</color>//\\
\\
=== CVE-2017-5204 ===
**Description:** <nowiki>The IPv6 parser in tcpdump before 4.9.0 has a buffer overflow in print-ip6.c:ip6_print().</nowiki>

**Link:** [[https://cve.mitre.org/cgi-bin/cvename.cgi?name=CVE-2017-5204]]\\
**Commits:**\\
''[[https://git.lede-project.org/?p=source.git;a=commitdiff;h=2ad4383b74d8d842b42a8312aafabfb9bad3d63c|2ad4383]]'' **<nowiki>tcpdump:</nowiki>** <nowiki>update to version 4.9.0</nowiki> //<color #ccc>(</color><color #282>+81</color><color #ccc>,</color><color #f00>-81</color><color #ccc>)</color>//\\
\\
=== CVE-2017-5205 ===
**Description:** <nowiki>The ISAKMP parser in tcpdump before 4.9.0 has a buffer overflow in print-isakmp.c:ikev2_e_print().</nowiki>

**Link:** [[https://cve.mitre.org/cgi-bin/cvename.cgi?name=CVE-2017-5205]]\\
**Commits:**\\
''[[https://git.lede-project.org/?p=source.git;a=commitdiff;h=2ad4383b74d8d842b42a8312aafabfb9bad3d63c|2ad4383]]'' **<nowiki>tcpdump:</nowiki>** <nowiki>update to version 4.9.0</nowiki> //<color #ccc>(</color><color #282>+81</color><color #ccc>,</color><color #f00>-81</color><color #ccc>)</color>//\\
\\
=== CVE-2017-5341 ===
**Description:** <nowiki>The OTV parser in tcpdump before 4.9.0 has a buffer overflow in print-otv.c:otv_print().</nowiki>

**Link:** [[https://cve.mitre.org/cgi-bin/cvename.cgi?name=CVE-2017-5341]]\\
**Commits:**\\
''[[https://git.lede-project.org/?p=source.git;a=commitdiff;h=2ad4383b74d8d842b42a8312aafabfb9bad3d63c|2ad4383]]'' **<nowiki>tcpdump:</nowiki>** <nowiki>update to version 4.9.0</nowiki> //<color #ccc>(</color><color #282>+81</color><color #ccc>,</color><color #f00>-81</color><color #ccc>)</color>//\\
\\
=== CVE-2017-5342 ===
**Description:** <nowiki>In tcpdump before 4.9.0, a bug in multiple protocol parsers (Geneve, GRE, NSH, OTV, VXLAN and VXLAN GPE) could cause a buffer overflow in print-ether.c:ether_print().</nowiki>

**Link:** [[https://cve.mitre.org/cgi-bin/cvename.cgi?name=CVE-2017-5342]]\\
**Commits:**\\
''[[https://git.lede-project.org/?p=source.git;a=commitdiff;h=2ad4383b74d8d842b42a8312aafabfb9bad3d63c|2ad4383]]'' **<nowiki>tcpdump:</nowiki>** <nowiki>update to version 4.9.0</nowiki> //<color #ccc>(</color><color #282>+81</color><color #ccc>,</color><color #f00>-81</color><color #ccc>)</color>//\\
\\
=== CVE-2017-5482 ===
**Description:** <nowiki>The Q.933 parser in tcpdump before 4.9.0 has a buffer overflow in print-fr.c:q933_print(), a different vulnerability than CVE-2016-8575.</nowiki>

**Link:** [[https://cve.mitre.org/cgi-bin/cvename.cgi?name=CVE-2017-5482]]\\
**Commits:**\\
''[[https://git.lede-project.org/?p=source.git;a=commitdiff;h=2ad4383b74d8d842b42a8312aafabfb9bad3d63c|2ad4383]]'' **<nowiki>tcpdump:</nowiki>** <nowiki>update to version 4.9.0</nowiki> //<color #ccc>(</color><color #282>+81</color><color #ccc>,</color><color #f00>-81</color><color #ccc>)</color>//\\
\\
=== CVE-2017-5483 ===
**Description:** <nowiki>The SNMP parser in tcpdump before 4.9.0 has a buffer overflow in print-snmp.c:asn1_parse().</nowiki>

**Link:** [[https://cve.mitre.org/cgi-bin/cvename.cgi?name=CVE-2017-5483]]\\
**Commits:**\\
''[[https://git.lede-project.org/?p=source.git;a=commitdiff;h=2ad4383b74d8d842b42a8312aafabfb9bad3d63c|2ad4383]]'' **<nowiki>tcpdump:</nowiki>** <nowiki>update to version 4.9.0</nowiki> //<color #ccc>(</color><color #282>+81</color><color #ccc>,</color><color #f00>-81</color><color #ccc>)</color>//\\
\\
=== CVE-2017-5484 ===
**Description:** <nowiki>The ATM parser in tcpdump before 4.9.0 has a buffer overflow in print-atm.c:sig_print().</nowiki>

**Link:** [[https://cve.mitre.org/cgi-bin/cvename.cgi?name=CVE-2017-5484]]\\
**Commits:**\\
''[[https://git.lede-project.org/?p=source.git;a=commitdiff;h=2ad4383b74d8d842b42a8312aafabfb9bad3d63c|2ad4383]]'' **<nowiki>tcpdump:</nowiki>** <nowiki>update to version 4.9.0</nowiki> //<color #ccc>(</color><color #282>+81</color><color #ccc>,</color><color #f00>-81</color><color #ccc>)</color>//\\
\\
=== CVE-2017-5485 ===
**Description:** <nowiki>The ISO CLNS parser in tcpdump before 4.9.0 has a buffer overflow in addrtoname.c:lookup_nsap().</nowiki>

**Link:** [[https://cve.mitre.org/cgi-bin/cvename.cgi?name=CVE-2017-5485]]\\
**Commits:**\\
''[[https://git.lede-project.org/?p=source.git;a=commitdiff;h=2ad4383b74d8d842b42a8312aafabfb9bad3d63c|2ad4383]]'' **<nowiki>tcpdump:</nowiki>** <nowiki>update to version 4.9.0</nowiki> //<color #ccc>(</color><color #282>+81</color><color #ccc>,</color><color #f00>-81</color><color #ccc>)</color>//\\
\\
=== CVE-2017-5486 ===
**Description:** <nowiki>The ISO CLNS parser in tcpdump before 4.9.0 has a buffer overflow in print-isoclns.c:clnp_print().</nowiki>

**Link:** [[https://cve.mitre.org/cgi-bin/cvename.cgi?name=CVE-2017-5486]]\\
**Commits:**\\
''[[https://git.lede-project.org/?p=source.git;a=commitdiff;h=2ad4383b74d8d842b42a8312aafabfb9bad3d63c|2ad4383]]'' **<nowiki>tcpdump:</nowiki>** <nowiki>update to version 4.9.0</nowiki> //<color #ccc>(</color><color #282>+81</color><color #ccc>,</color><color #f00>-81</color><color #ccc>)</color>//\\
\\